Add events selection: Overweighted Events Removal
 Analyzing entries 0 - 24987, now 0 , sum entries = 62467908 . . . Used time: 0s Expected left time: 0s          
jetpt: 1457.85 jeteta: -0.282349 bhadron pt: 12.1097
jetpt: 1457.85 jeteta: -0.282349 bhadron pt: 53.475
#--------------------------------------------------------------------------
#                         FastJet release 3.4.2
#                 M. Cacciari, G.P. Salam and G. Soyez                  
#     A software package for jet finding and analysis at colliders      
#                           http://fastjet.fr                           
#	                                                                      
# Please cite EPJC72(2012)1896 [arXiv:1111.6097] if you use this package
# for scientific work and optionally PLB641(2006)57 [hep-ph/0512210].   
#                                                                       
# FastJet is provided without warranty under the GNU GPL v2 or higher.  
# It uses T. Chan's closest pair algorithm, S. Fortune's Voronoi code
# and 3rd party plugin jet algorithms. See COPYING file for details.
#--------------------------------------------------------------------------
jetpt: 764.229 jeteta: -0.72644 bhadron pt: 84.6854
jetpt: 764.229 jeteta: -0.72644 bhadron pt: 57.0235
jetpt: 947.768 jeteta: 0.648918 bhadron pt: 465.63
jetpt: 947.768 jeteta: 0.648918 bhadron pt: 245.133
jetpt: 882.792 jeteta: 0.149075 bhadron pt: 713.556
jetpt: 1075.67 jeteta: 0.0083947 bhadron pt: 199.566
jetpt: 1075.67 jeteta: 0.0083947 bhadron pt: 127.52
jetpt: 729.776 jeteta: 0.694628 bhadron pt: 56.9104
jetpt: 806.28 jeteta: -0.552181 bhadron pt: 642.567
jetpt: 1716.23 jeteta: 1.04791 bhadron pt: 37.2801
jetpt: 1716.23 jeteta: 1.04791 bhadron pt: 16.9343
jetpt: 1040.2 jeteta: 0.795743 bhadron pt: 259.784
jetpt: 1040.2 jeteta: 0.795743 bhadron pt: 169.798
jetpt: 700.772 jeteta: -0.8889 bhadron pt: 584.3
jetpt: 730.154 jeteta: -1.67524 bhadron pt: 664.148
jetpt: 725.311 jeteta: -1.18878 bhadron pt: 241.223
jetpt: 725.311 jeteta: -1.18878 bhadron pt: 192.378
jetpt: 769.2 jeteta: -0.550643 bhadron pt: 505.437
jetpt: 913.605 jeteta: -0.12659 bhadron pt: 462.41
jetpt: 927.222 jeteta: 0.3404 bhadron pt: 318.33
jetpt: 758.661 jeteta: -1.05803 bhadron pt: 2.66618
jetpt: 916.311 jeteta: -0.799108 bhadron pt: 4.24798
jetpt: 907.534 jeteta: 1.38141 bhadron pt: 468.046
jetpt: 907.534 jeteta: 1.38141 bhadron pt: 330.088
jetpt: 952.449 jeteta: 0.0324729 bhadron pt: 157.19
jetpt: 916.342 jeteta: -1.51873 bhadron pt: 447.016
jetpt: 916.342 jeteta: -1.51873 bhadron pt: 108.44
jetpt: 2124.11 jeteta: 0.342481 bhadron pt: 23.2933
jetpt: 786.078 jeteta: -1.37741 bhadron pt: 55.743
jetpt: 876.301 jeteta: 0.623714 bhadron pt: 487.757
jetpt: 876.301 jeteta: 0.623714 bhadron pt: 342.641
jetpt: 778.015 jeteta: -0.609356 bhadron pt: 875.226
jetpt: 846.512 jeteta: 1.9479 bhadron pt: 180.665
jetpt: 846.512 jeteta: 1.9479 bhadron pt: 131.028
jetpt: 888.18 jeteta: 0.0384476 bhadron pt: 226.671
jetpt: 1304.19 jeteta: -0.579797 bhadron pt: 822.896
jetpt: 1304.19 jeteta: -0.579797 bhadron pt: 55.6024
jetpt: 1036.41 jeteta: -1.32202 bhadron pt: 100.561
jetpt: 1036.41 jeteta: -1.32202 bhadron pt: 8.20034
 Analyzing entries 0 - 24987, now 2498 , sum entries = 62467908 . . . Used time: 1s Expected left time: 13s          
jetpt: 950.518 jeteta: 0.296198 bhadron pt: 805.194
jetpt: 1285.21 jeteta: 0.77973 bhadron pt: 686.983
jetpt: 793.103 jeteta: 1.16472 bhadron pt: 63.2716
jetpt: 793.103 jeteta: 1.16472 bhadron pt: 36.9675
jetpt: 1014.7 jeteta: -0.710832 bhadron pt: 33.2464
jetpt: 1014.7 jeteta: -0.710832 bhadron pt: 23.891
jetpt: 829.544 jeteta: 0.938239 bhadron pt: 84.2607
jetpt: 829.544 jeteta: 0.938239 bhadron pt: 78.2384
jetpt: 1160.82 jeteta: 0.0216179 bhadron pt: 230.587
jetpt: 1160.82 jeteta: 0.0216179 bhadron pt: 190.04
jetpt: 978.463 jeteta: 0.288413 bhadron pt: 549.469
jetpt: 988.142 jeteta: -1.3554 bhadron pt: 838.892
jetpt: 981.433 jeteta: 0.308336 bhadron pt: 616.539
jetpt: 796.457 jeteta: -0.746695 bhadron pt: 173.217
jetpt: 796.457 jeteta: -0.746695 bhadron pt: 145.191
jetpt: 761.573 jeteta: 0.0622116 bhadron pt: 409.177
jetpt: 1022.35 jeteta: -0.128434 bhadron pt: 611.161
jetpt: 1022.35 jeteta: -0.128434 bhadron pt: 263.105
jetpt: 775.922 jeteta: -0.20904 bhadron pt: 34.6629
jetpt: 775.922 jeteta: -0.20904 bhadron pt: 29.071
jetpt: 836.125 jeteta: 0.30293 bhadron pt: 298.679
jetpt: 808.264 jeteta: 0.53715 bhadron pt: 147.081
jetpt: 808.264 jeteta: 0.53715 bhadron pt: 115.715
 Analyzing entries 0 - 24987, now 4996 , sum entries = 62467908 . . . Used time: 2s Expected left time: 11s          
jetpt: 811.73 jeteta: -0.917085 bhadron pt: 412.298
jetpt: 811.73 jeteta: -0.917085 bhadron pt: 317.375
jetpt: 1052.45 jeteta: 1.21856 bhadron pt: 649.425
jetpt: 1087.07 jeteta: 1.07619 bhadron pt: 250.444
jetpt: 1087.07 jeteta: 1.07619 bhadron pt: 235.821
jetpt: 730.016 jeteta: 0.959787 bhadron pt: 577.204
jetpt: 793.799 jeteta: 0.519435 bhadron pt: 144.343
jetpt: 793.799 jeteta: 0.519435 bhadron pt: 61.1444
jetpt: 744.656 jeteta: -1.16591 bhadron pt: 4.55173
jetpt: 729.65 jeteta: -0.317641 bhadron pt: 378.188
jetpt: 729.65 jeteta: -0.317641 bhadron pt: 139.31
jetpt: 931.651 jeteta: -0.882383 bhadron pt: 405.914
jetpt: 931.651 jeteta: -0.882383 bhadron pt: 282.873
jetpt: 782.556 jeteta: -0.0572656 bhadron pt: 448.391
jetpt: 967.221 jeteta: 1.07698 bhadron pt: 641.625
jetpt: 786.919 jeteta: -1.24541 bhadron pt: 174.417
jetpt: 786.919 jeteta: -1.24541 bhadron pt: 27.8285
jetpt: 899.792 jeteta: 0.0712747 bhadron pt: 592.132
jetpt: 728.826 jeteta: -1.03066 bhadron pt: 173.051
jetpt: 728.826 jeteta: -1.03066 bhadron pt: 108.485
jetpt: 970.691 jeteta: -0.626644 bhadron pt: 209.14
jetpt: 957.944 jeteta: -0.145811 bhadron pt: 140.656
jetpt: 957.944 jeteta: -0.145811 bhadron pt: 98.5241
jetpt: 835.936 jeteta: -0.783645 bhadron pt: 378.024
jetpt: 1926.5 jeteta: -0.74306 bhadron pt: 55.3601
jetpt: 1926.5 jeteta: -0.74306 bhadron pt: 29.7512
jetpt: 867.07 jeteta: 0.438698 bhadron pt: 615.604
jetpt: 867.07 jeteta: 0.438698 bhadron pt: 154.825
jetpt: 1200.98 jeteta: 1.86769 bhadron pt: 159.255
jetpt: 1200.98 jeteta: 1.86769 bhadron pt: 53.5168
 Analyzing entries 0 - 24987, now 7494 , sum entries = 62467908 . . . Used time: 4s Expected left time: 9s          
jetpt: 1125.92 jeteta: 0.342056 bhadron pt: 449.622
jetpt: 1267.58 jeteta: 0.440911 bhadron pt: 1143.77
jetpt: 1224.02 jeteta: 0.831566 bhadron pt: 707.986
jetpt: 1224.02 jeteta: 0.831566 bhadron pt: 517.596
jetpt: 754.376 jeteta: -0.662819 bhadron pt: 114.479
jetpt: 754.376 jeteta: -0.662819 bhadron pt: 19.3091
jetpt: 1247.68 jeteta: -1.11386 bhadron pt: 394.074
jetpt: 1247.68 jeteta: -1.11386 bhadron pt: 337.508
jetpt: 1431.71 jeteta: -0.670783 bhadron pt: 232.011
jetpt: 1431.71 jeteta: -0.670783 bhadron pt: 63.0209
jetpt: 1686.92 jeteta: -0.728435 bhadron pt: 808.874
jetpt: 1686.92 jeteta: -0.728435 bhadron pt: 322.875
jetpt: 1027.43 jeteta: 0.346142 bhadron pt: 90.3448
jetpt: 1027.43 jeteta: 0.346142 bhadron pt: 181.93
jetpt: 1222.83 jeteta: 0.422311 bhadron pt: 29.9448
jetpt: 752.334 jeteta: 0.0250858 bhadron pt: 77.6979
jetpt: 752.334 jeteta: 0.0250858 bhadron pt: 16.8713
jetpt: 1287.8 jeteta: -0.0846694 bhadron pt: 373.183
jetpt: 1287.8 jeteta: -0.0846694 bhadron pt: 236.434
jetpt: 739.351 jeteta: -0.498492 bhadron pt: 395.353
jetpt: 739.351 jeteta: -0.498492 bhadron pt: 44.7517
jetpt: 1455.7 jeteta: 0.646019 bhadron pt: 155.041
jetpt: 1455.7 jeteta: 0.646019 bhadron pt: 55.6522
jetpt: 904.391 jeteta: -0.427814 bhadron pt: 359.995
jetpt: 932.459 jeteta: -0.635006 bhadron pt: 327.7
jetpt: 932.459 jeteta: -0.635006 bhadron pt: 72.8934
jetpt: 1790.22 jeteta: -0.932466 bhadron pt: 110.661
jetpt: 1790.22 jeteta: -0.932466 bhadron pt: 26.8555
jetpt: 829.525 jeteta: -0.470313 bhadron pt: 61.0203
jetpt: 788.671 jeteta: 0.0794629 bhadron pt: 417.945
 Analyzing entries 0 - 24987, now 9992 , sum entries = 62467908 . . . Used time: 5s Expected left time: 8s          
jetpt: 705.733 jeteta: -0.376266 bhadron pt: 409.369
jetpt: 713.491 jeteta: 0.552191 bhadron pt: 356.158
jetpt: 713.491 jeteta: 0.552191 bhadron pt: 155.507
jetpt: 876.775 jeteta: -0.426875 bhadron pt: 700.561
jetpt: 1455.94 jeteta: -0.629549 bhadron pt: 19.5508
jetpt: 1544.44 jeteta: -0.442731 bhadron pt: 610.176
jetpt: 1544.44 jeteta: -0.442731 bhadron pt: 566.834
jetpt: 813.623 jeteta: -0.508929 bhadron pt: 426.077
jetpt: 813.623 jeteta: -0.508929 bhadron pt: 11.0431
jetpt: 1133.5 jeteta: -0.116559 bhadron pt: 590.439
jetpt: 1133.5 jeteta: -0.116559 bhadron pt: 62.7307
jetpt: 802.762 jeteta: 0.413541 bhadron pt: 125.31
jetpt: 802.762 jeteta: 0.413541 bhadron pt: 75.1533
jetpt: 961.02 jeteta: 1.16603 bhadron pt: 385.633
jetpt: 847.836 jeteta: -1.51762 bhadron pt: 624.467
jetpt: 723.031 jeteta: -0.127068 bhadron pt: 477.484
jetpt: 829.756 jeteta: 0.438156 bhadron pt: 196.037
jetpt: 1133.95 jeteta: 0.956324 bhadron pt: 398.609
jetpt: 1133.95 jeteta: 0.956324 bhadron pt: 78.0815
jetpt: 975.565 jeteta: 0.84349 bhadron pt: 685.035
jetpt: 860.319 jeteta: 0.441849 bhadron pt: 565.12
jetpt: 1125.57 jeteta: -0.0219049 bhadron pt: 231.335
jetpt: 1737.16 jeteta: -0.366137 bhadron pt: 14.0031
jetpt: 723.519 jeteta: -0.285246 bhadron pt: 71.1114
jetpt: 800.87 jeteta: -0.248701 bhadron pt: 112.442
jetpt: 800.87 jeteta: -0.248701 bhadron pt: 18.2688
jetpt: 1479.24 jeteta: -0.0611405 bhadron pt: 405.354
jetpt: 1479.24 jeteta: -0.0611405 bhadron pt: 19.7571
jetpt: 885.253 jeteta: 0.368672 bhadron pt: 47.4286
jetpt: 885.253 jeteta: 0.368672 bhadron pt: 8.09916
jetpt: 917.991 jeteta: 0.0351589 bhadron pt: 263.027
jetpt: 917.991 jeteta: 0.0351589 bhadron pt: 68.2803
jetpt: 750.429 jeteta: 0.545166 bhadron pt: 570.072
 Analyzing entries 0 - 24987, now 12490 , sum entries = 62467908 . . . Used time: 7s Expected left time: 7s          
jetpt: 898.388 jeteta: 0.364399 bhadron pt: 94.4137
jetpt: 898.388 jeteta: 0.364399 bhadron pt: 38.0781
jetpt: 1013.3 jeteta: 0.273261 bhadron pt: 317.471
jetpt: 1013.3 jeteta: 0.273261 bhadron pt: 102.174
jetpt: 1014.51 jeteta: -0.392628 bhadron pt: 261.315
jetpt: 1014.51 jeteta: -0.392628 bhadron pt: 33.0861
jetpt: 822.521 jeteta: -0.221567 bhadron pt: 431.851
jetpt: 822.521 jeteta: -0.221567 bhadron pt: 121.245
jetpt: 792.171 jeteta: 1.29107 bhadron pt: 86.9461
jetpt: 792.171 jeteta: 1.29107 bhadron pt: 35.5894
jetpt: 1243.05 jeteta: 0.0955898 bhadron pt: 273.674
jetpt: 1243.05 jeteta: 0.0955898 bhadron pt: 268.295
jetpt: 795.889 jeteta: -0.495598 bhadron pt: 186.301
jetpt: 795.889 jeteta: -0.495598 bhadron pt: 138.555
jetpt: 1082.64 jeteta: -0.417107 bhadron pt: 241.256
jetpt: 1082.64 jeteta: -0.417107 bhadron pt: 52.6781
jetpt: 740.091 jeteta: -0.434053 bhadron pt: 347.45
jetpt: 740.091 jeteta: -0.434053 bhadron pt: 35.1606
jetpt: 794.416 jeteta: -0.283493 bhadron pt: 382.085
jetpt: 894.909 jeteta: 0.546383 bhadron pt: 1.39563
jetpt: 788.731 jeteta: -0.646477 bhadron pt: 378.727
jetpt: 788.731 jeteta: -0.646477 bhadron pt: 165.583
jetpt: 1652.16 jeteta: 0.08961 bhadron pt: 10.297
jetpt: 945.495 jeteta: -1.05378 bhadron pt: 926.664
jetpt: 945.495 jeteta: -1.05378 bhadron pt: 56.1483
jetpt: 871.329 jeteta: 0.276198 bhadron pt: 3.98672
 Analyzing entries 0 - 24987, now 14988 , sum entries = 62467908 . . . Used time: 8s Expected left time: 5s          
jetpt: 746.716 jeteta: -0.618541 bhadron pt: 460.09
jetpt: 746.716 jeteta: -0.618541 bhadron pt: 68.7905
jetpt: 820.617 jeteta: 1.47441 bhadron pt: 612.28
jetpt: 820.617 jeteta: 1.47441 bhadron pt: 156.081
jetpt: 773.547 jeteta: -1.18703 bhadron pt: 58.2323
jetpt: 707.118 jeteta: 0.822901 bhadron pt: 445.569
jetpt: 707.118 jeteta: 0.822901 bhadron pt: 28.8076
jetpt: 997.459 jeteta: -0.791885 bhadron pt: 855.09
jetpt: 754.361 jeteta: 0.803172 bhadron pt: 730.012
jetpt: 1439.23 jeteta: -0.00147838 bhadron pt: 163.709
jetpt: 1439.23 jeteta: -0.00147838 bhadron pt: 159.915
jetpt: 1328.54 jeteta: -0.11679 bhadron pt: 250.328
jetpt: 1328.54 jeteta: -0.11679 bhadron pt: 79.1011
jetpt: 1190.99 jeteta: -0.466065 bhadron pt: 577.8
jetpt: 1190.99 jeteta: -0.466065 bhadron pt: 182.709
jetpt: 1468.32 jeteta: 0.30922 bhadron pt: 265.249
jetpt: 1468.32 jeteta: 0.30922 bhadron pt: 143.419
jetpt: 830.286 jeteta: 0.4065 bhadron pt: 624.128
jetpt: 834.337 jeteta: -0.510652 bhadron pt: 701.53
jetpt: 798.075 jeteta: -0.4748 bhadron pt: 232.301
jetpt: 798.075 jeteta: -0.4748 bhadron pt: 71.9913
jetpt: 950.384 jeteta: 1.25415 bhadron pt: 170.178
jetpt: 950.384 jeteta: 1.25415 bhadron pt: 37.8497
 Analyzing entries 0 - 24987, now 17486 , sum entries = 62467908 . . . Used time: 9s Expected left time: 4s          
jetpt: 811.773 jeteta: 0.488209 bhadron pt: 1230.06
jetpt: 757.524 jeteta: 0.724663 bhadron pt: 439.274
jetpt: 757.524 jeteta: 0.724663 bhadron pt: 63.0518
jetpt: 703.175 jeteta: 1.7573 bhadron pt: 417.517
jetpt: 703.175 jeteta: 1.7573 bhadron pt: 176.391
jetpt: 1036.82 jeteta: 0.337834 bhadron pt: 723.885
jetpt: 1026.41 jeteta: -0.467458 bhadron pt: 468.94
jetpt: 998.301 jeteta: 0.524298 bhadron pt: 164.872
jetpt: 1010.17 jeteta: 1.23325 bhadron pt: 311.144
jetpt: 870.038 jeteta: -0.107116 bhadron pt: 400.202
jetpt: 910.942 jeteta: -0.695342 bhadron pt: 45.8458
jetpt: 916.593 jeteta: 0.982109 bhadron pt: 712.961
jetpt: 1225.35 jeteta: -0.276151 bhadron pt: 715.816
jetpt: 1225.35 jeteta: -0.276151 bhadron pt: 151.66
 Analyzing entries 0 - 24987, now 19984 , sum entries = 62467908 . . . Used time: 11s Expected left time: 2s          
jetpt: 753.406 jeteta: -0.426964 bhadron pt: 505.938
jetpt: 992.635 jeteta: 0.249809 bhadron pt: 571.617
jetpt: 992.635 jeteta: 0.249809 bhadron pt: 130.614
jetpt: 1089.71 jeteta: 0.23988 bhadron pt: 761.294
jetpt: 1089.71 jeteta: 0.23988 bhadron pt: 300.92
jetpt: 1175.11 jeteta: -0.228253 bhadron pt: 461.112
jetpt: 1175.11 jeteta: -0.228253 bhadron pt: 105.136
jetpt: 1125 jeteta: 0.759292 bhadron pt: 939.684
jetpt: 712.789 jeteta: 1.12626 bhadron pt: 146.071
jetpt: 712.789 jeteta: 1.12626 bhadron pt: 106.389
jetpt: 752.063 jeteta: -1.22107 bhadron pt: 611.36
jetpt: 818.182 jeteta: -0.316306 bhadron pt: 311.662
jetpt: 818.182 jeteta: -0.316306 bhadron pt: 156.274
jetpt: 1242.59 jeteta: 0.41751 bhadron pt: 657.398
jetpt: 1242.59 jeteta: 0.41751 bhadron pt: 179.416
jetpt: 930.874 jeteta: 1.06921 bhadron pt: 358.177
jetpt: 930.874 jeteta: 1.06921 bhadron pt: 82.8903
jetpt: 811.303 jeteta: 0.141935 bhadron pt: 545.762
jetpt: 1212.84 jeteta: 0.466001 bhadron pt: 71.6119
jetpt: 831.008 jeteta: 0.11859 bhadron pt: 23.6698
jetpt: 746.605 jeteta: -0.741183 bhadron pt: 252.511
jetpt: 746.605 jeteta: -0.741183 bhadron pt: 325.234
jetpt: 763.185 jeteta: 0.688902 bhadron pt: 517.166
jetpt: 745.786 jeteta: -1.33605 bhadron pt: 323.825
jetpt: 745.786 jeteta: -1.33605 bhadron pt: 260.414
jetpt: 1055.65 jeteta: 0.180985 bhadron pt: 606.072
jetpt: 782.542 jeteta: -1.65959 bhadron pt: 99.592
jetpt: 965.769 jeteta: -0.0731998 bhadron pt: 36.1083
jetpt: 965.769 jeteta: -0.0731998 bhadron pt: 122.879
jetpt: 1002.35 jeteta: 0.565727 bhadron pt: 345.53
jetpt: 1002.35 jeteta: 0.565727 bhadron pt: 15.0472
 Analyzing entries 0 - 24987, now 22482 , sum entries = 62467908 . . . Used time: 12s Expected left time: 1s          
jetpt: 721.911 jeteta: 0.524304 bhadron pt: 378.43
jetpt: 721.911 jeteta: 0.524304 bhadron pt: 57.0368
jetpt: 800.511 jeteta: -0.279727 bhadron pt: 339.433
jetpt: 739.376 jeteta: -0.206248 bhadron pt: 290.997
jetpt: 739.376 jeteta: -0.206248 bhadron pt: 179.856
jetpt: 874.629 jeteta: 0.196049 bhadron pt: 422.617
jetpt: 874.629 jeteta: 0.196049 bhadron pt: 130.348
jetpt: 743.066 jeteta: 0.864272 bhadron pt: 58.5432
jetpt: 743.066 jeteta: 0.864272 bhadron pt: 43.2209
jetpt: 1104.42 jeteta: 0.546699 bhadron pt: 172.766
jetpt: 1104.42 jeteta: 0.546699 bhadron pt: 86.4528
jetpt: 1992.65 jeteta: 0.469219 bhadron pt: 891.325
jetpt: 1992.65 jeteta: 0.469219 bhadron pt: 211.273
jetpt: 1206.5 jeteta: 0.40185 bhadron pt: 542.339
jetpt: 1206.5 jeteta: 0.40185 bhadron pt: 454.448
jetpt: 894.227 jeteta: 0.576271 bhadron pt: 437.77
jetpt: 894.227 jeteta: 0.576271 bhadron pt: 23.7147
jetpt: 753.033 jeteta: 0.430084 bhadron pt: 358.077
jetpt: 786.371 jeteta: -0.0478095 bhadron pt: 396.038
jetpt: 1031.23 jeteta: 0.0828418 bhadron pt: 40.3411
jetpt: 779.841 jeteta: -1.1633 bhadron pt: 555.613
jetpt: 779.841 jeteta: -1.1633 bhadron pt: 55.6023
jetpt: 977.288 jeteta: 1.24306 bhadron pt: 28.6712
jetpt: 834.117 jeteta: 0.0835552 bhadron pt: 75.9737
jetpt: 834.117 jeteta: 0.0835552 bhadron pt: 63.4861
jetpt: 777.74 jeteta: -0.100549 bhadron pt: 389.16
jetpt: 920.968 jeteta: 0.846268 bhadron pt: 28.6479
 Analyzing entries 0 - 24987, now 24980 , sum entries = 62467908 . . . Used time: 13s Expected left time: 0s          
 Save to RootFile /storage/shuangyuan/code/analysis_spin/Machine_learning/features_ak8_flavour/QCD_Pt-15to7000_Flat_herwig7-Run3Summer22_SpinOFF_CMSData_jinitpt_700_7000_j2pt_130_7000_test/Chunk0_Part0.root . . . Used time: 0s Expected left time: 0s          
 Save to RootFile /storage/shuangyuan/code/analysis_spin/Machine_learning/features_ak8_flavour/QCD_Pt-15to7000_Flat_herwig7-Run3Summer22_SpinOFF_CMSData_jinitpt_700_7000_j2pt_130_7000_test/Chunk0_Part0.root . . . Used time: 0s Expected left time: 0s          
 Save to RootFile /storage/shuangyuan/code/analysis_spin/Machine_learning/features_ak8_flavour/QCD_Pt-15to7000_Flat_herwig7-Run3Summer22_SpinOFF_CMSData_jinitpt_700_7000_j2pt_130_7000_test/Chunk0_Part0.root . . . Used time: 0s Expected left time: 0s          
 Save to RootFile /storage/shuangyuan/code/analysis_spin/Machine_learning/features_ak8_flavour/QCD_Pt-15to7000_Flat_herwig7-Run3Summer22_SpinOFF_CMSData_jinitpt_700_7000_j2pt_130_7000_test/Chunk0_Part0.root . . . Used time: 0s Expected left time: 0s          
 Save to RootFile /storage/shuangyuan/code/analysis_spin/Machine_learning/features_ak8_flavour/QCD_Pt-15to7000_Flat_herwig7-Run3Summer22_SpinOFF_CMSData_jinitpt_700_7000_j2pt_130_7000_test/Chunk0_Part0.root . . . Used time: 0s Expected left time: 0s          
 Save to RootFile /storage/shuangyuan/code/analysis_spin/Machine_learning/features_ak8_flavour/QCD_Pt-15to7000_Flat_herwig7-Run3Summer22_SpinOFF_CMSData_jinitpt_700_7000_j2pt_130_7000_test/Chunk0_Part0.root . . . Used time: 0s Expected left time: 0s          
 Save to RootFile /storage/shuangyuan/code/analysis_spin/Machine_learning/features_ak8_flavour/QCD_Pt-15to7000_Flat_herwig7-Run3Summer22_SpinOFF_CMSData_jinitpt_700_7000_j2pt_130_7000_test/Chunk0_Part0.root . . . Used time: 0s Expected left time: 0s          
 Save to RootFile /storage/shuangyuan/code/analysis_spin/Machine_learning/features_ak8_flavour/QCD_Pt-15to7000_Flat_herwig7-Run3Summer22_SpinOFF_CMSData_jinitpt_700_7000_j2pt_130_7000_test/Chunk0_Part0.root . . . Used time: 0s Expected left time: 0s          
 Save to RootFile /storage/shuangyuan/code/analysis_spin/Machine_learning/features_ak8_flavour/QCD_Pt-15to7000_Flat_herwig7-Run3Summer22_SpinOFF_CMSData_jinitpt_700_7000_j2pt_130_7000_test/Chunk0_Part0.root . . . Used time: 0s Expected left time: 0s          
 Save to RootFile /storage/shuangyuan/code/analysis_spin/Machine_learning/features_ak8_flavour/QCD_Pt-15to7000_Flat_herwig7-Run3Summer22_SpinOFF_CMSData_jinitpt_700_7000_j2pt_130_7000_test/Chunk0_Part0.root . . . Used time: 0s Expected left time: 0s          
 Analyzing entries 24987 - 49974, now 24987 , sum entries = 62467908 . . . Used time: 0s Expected left time: 18m 22s          
jetpt: 756.394 jeteta: -0.954097 bhadron pt: 718.915
jetpt: 720.113 jeteta: 0.456315 bhadron pt: 16.3152
jetpt: 720.113 jeteta: 0.456315 bhadron pt: 126.405
jetpt: 1028.19 jeteta: -1.11202 bhadron pt: 33.6213
jetpt: 1028.19 jeteta: -1.11202 bhadron pt: 20.92
jetpt: 1001.49 jeteta: -0.177902 bhadron pt: 286.382
jetpt: 1001.49 jeteta: -0.177902 bhadron pt: 164.343
jetpt: 887.814 jeteta: -1.42282 bhadron pt: 318.51
jetpt: 764.715 jeteta: -0.231467 bhadron pt: 296.002
jetpt: 764.715 jeteta: -0.231467 bhadron pt: 133.858
jetpt: 859.6 jeteta: 0.00120177 bhadron pt: 437.696
jetpt: 859.6 jeteta: 0.00120177 bhadron pt: 125.792
jetpt: 707.14 jeteta: -0.336836 bhadron pt: 360.486
jetpt: 707.14 jeteta: -0.336836 bhadron pt: 300.697
jetpt: 793.806 jeteta: -0.710098 bhadron pt: 478.738
jetpt: 722.487 jeteta: 0.947458 bhadron pt: 58.9919
jetpt: 722.487 jeteta: 0.947458 bhadron pt: 36.6006
jetpt: 773.62 jeteta: 1.19275 bhadron pt: 512.581
jetpt: 773.62 jeteta: 1.19275 bhadron pt: 104.664
jetpt: 721.775 jeteta: 0.0408937 bhadron pt: 474.275
jetpt: 752.038 jeteta: -0.0854539 bhadron pt: 393.467
jetpt: 1100.05 jeteta: 0.626086 bhadron pt: 330.77
jetpt: 1100.05 jeteta: 0.626086 bhadron pt: 93.422
jetpt: 1004.01 jeteta: -0.377421 bhadron pt: 583.958
jetpt: 902.695 jeteta: 0.313174 bhadron pt: 634.104
jetpt: 711.078 jeteta: 0.482428 bhadron pt: 424.257
jetpt: 711.078 jeteta: 0.482428 bhadron pt: 78.0959
jetpt: 709.653 jeteta: 0.322661 bhadron pt: 283.528
jetpt: 709.653 jeteta: 0.322661 bhadron pt: 265.25
jetpt: 806.012 jeteta: 1.29687 bhadron pt: 398.032
jetpt: 806.012 jeteta: 1.29687 bhadron pt: 73.9513
 Analyzing entries 24987 - 49974, now 27485 , sum entries = 62467908 . . . Used time: 1s Expected left time: 13s          
jetpt: 727.429 jeteta: -0.232087 bhadron pt: 583.263
jetpt: 986.609 jeteta: 0.898802 bhadron pt: 488.374
jetpt: 986.609 jeteta: 0.898802 bhadron pt: 249.845
jetpt: 1428.92 jeteta: -0.127261 bhadron pt: 132.352
jetpt: 1428.92 jeteta: -0.127261 bhadron pt: 33.9484
jetpt: 713.373 jeteta: 1.21469 bhadron pt: 308.414
jetpt: 1071.33 jeteta: 0.480697 bhadron pt: 157.537
jetpt: 1071.33 jeteta: 0.480697 bhadron pt: 67.8779
jetpt: 969.493 jeteta: 0.306855 bhadron pt: 94.7459
jetpt: 738.69 jeteta: 1.92865 bhadron pt: 151.81
jetpt: 738.69 jeteta: 1.92865 bhadron pt: 75.8685
