Warning in <TFile::Init>: file /extdisk/zlin/Machine_learning/RecoPlanes/CMS_herwig_HT1000to1500-preVFP/Chunk25_Part0.root probably not closed, trying to recover
Warning in <TFile::Init>: no keys recovered, file has been made a Zombie
Warning in <TFile::Init>: file /extdisk/zlin/Machine_learning/RecoPlanes/CMS_herwig_HT1000to1500-preVFP/Chunk39_Part0.root probably not closed, trying to recover
Warning in <TFile::Init>: no keys recovered, file has been made a Zombie
 Analyzing entries 24708 - 24738, now 24708 , sum entries = 30885 . . . Used time: 0s Expected left time: 0s          
 Analyzing entries 24708 - 24738, now 24709 , sum entries = 30885 . . . Used time: 0s Expected left time: 0s          
 Analyzing entries 24708 - 24738, now 24710 , sum entries = 30885 . . . Used time: 0s Expected left time: 0s          
 Analyzing entries 24708 - 24738, now 24711 , sum entries = 30885 . . . Used time: 0s Expected left time: 0s          
 Analyzing entries 24708 - 24738, now 24712 , sum entries = 30885 . . . Used time: 0s Expected left time: 0s          
 Analyzing entries 24708 - 24738, now 24713 , sum entries = 30885 . . . Used time: 0s Expected left time: 0s          
 Analyzing entries 24708 - 24738, now 24714 , sum entries = 30885 . . . Used time: 0s Expected left time: 0s          
 Analyzing entries 24708 - 24738, now 24715 , sum entries = 30885 . . . Used time: 0s Expected left time: 0s          
 Analyzing entries 24708 - 24738, now 24716 , sum entries = 30885 . . . Used time: 0s Expected left time: 0s          
 Analyzing entries 24708 - 24738, now 24717 , sum entries = 30885 . . . Used time: 0s Expected left time: 0s          
 Analyzing entries 24708 - 24738, now 24718 , sum entries = 30885 . . . Used time: 0s Expected left time: 0s          
 Analyzing entries 24708 - 24738, now 24719 , sum entries = 30885 . . . Used time: 0s Expected left time: 0s          
 Analyzing entries 24708 - 24738, now 24720 , sum entries = 30885 . . . Used time: 0s Expected left time: 0s          
 Analyzing entries 24708 - 24738, now 24721 , sum entries = 30885 . . . Used time: 0s Expected left time: 0s          
 Analyzing entries 24708 - 24738, now 24722 , sum entries = 30885 . . . Used time: 0s Expected left time: 0s          
 Analyzing entries 24708 - 24738, now 24723 , sum entries = 30885 . . . Used time: 0s Expected left time: 0s          
 Analyzing entries 24708 - 24738, now 24724 , sum entries = 30885 . . . Used time: 0s Expected left time: 0s          
 Analyzing entries 24708 - 24738, now 24725 , sum entries = 30885 . . . Used time: 0s Expected left time: 0s          
 Analyzing entries 24708 - 24738, now 24726 , sum entries = 30885 . . . Used time: 0s Expected left time: 0s          
 Analyzing entries 24708 - 24738, now 24727 , sum entries = 30885 . . . Used time: 0s Expected left time: 0s          
 Analyzing entries 24708 - 24738, now 24728 , sum entries = 30885 . . . Used time: 0s Expected left time: 0s          
 Analyzing entries 24708 - 24738, now 24729 , sum entries = 30885 . . . Used time: 0s Expected left time: 0s          
 Analyzing entries 24708 - 24738, now 24730 , sum entries = 30885 . . . Used time: 0s Expected left time: 0s          
 Analyzing entries 24708 - 24738, now 24731 , sum entries = 30885 . . . Used time: 0s Expected left time: 0s          
 Analyzing entries 24708 - 24738, now 24732 , sum entries = 30885 . . . Used time: 0s Expected left time: 0s          
 Analyzing entries 24708 - 24738, now 24733 , sum entries = 30885 . . . Used time: 0s Expected left time: 0s          
 Analyzing entries 24708 - 24738, now 24734 , sum entries = 30885 . . . Used time: 0s Expected left time: 0s          
 Analyzing entries 24708 - 24738, now 24735 , sum entries = 30885 . . . Used time: 0s Expected left time: 0s          
 Analyzing entries 24708 - 24738, now 24736 , sum entries = 30885 . . . Used time: 0s Expected left time: 0s          
 Analyzing entries 24708 - 24738, now 24737 , sum entries = 30885 . . . Used time: 0s Expected left time: 0s          
 Save to RootFile /extdisk/zlin/Machine_learning/RecoPlanesFeatures/CMS_herwig_HT1000to1500-preVFP_jinitpt450_600_j2pt80_120Reco/Chunk80_Part0.root . . . Used time: 0s Expected left time: 0s          
 Save to RootFile /extdisk/zlin/Machine_learning/RecoPlanesFeatures/CMS_herwig_HT1000to1500-preVFP_jinitpt450_600_j2pt80_120Reco/Chunk80_Part0.root . . . Used time: 0s Expected left time: 0s          
 Analyzing entries 24738 - 24768, now 24738 , sum entries = 30885 . . . Used time: 0s Expected left time: 0s          
 Analyzing entries 24738 - 24768, now 24739 , sum entries = 30885 . . . Used time: 0s Expected left time: 0s          
 Analyzing entries 24738 - 24768, now 24740 , sum entries = 30885 . . . Used time: 0s Expected left time: 0s          
 Analyzing entries 24738 - 24768, now 24741 , sum entries = 30885 . . . Used time: 0s Expected left time: 0s          
 Analyzing entries 24738 - 24768, now 24742 , sum entries = 30885 . . . Used time: 0s Expected left time: 0s          
 Analyzing entries 24738 - 24768, now 24743 , sum entries = 30885 . . . Used time: 0s Expected left time: 0s          
 Analyzing entries 24738 - 24768, now 24744 , sum entries = 30885 . . . Used time: 0s Expected left time: 0s          
 Analyzing entries 24738 - 24768, now 24745 , sum entries = 30885 . . . Used time: 0s Expected left time: 0s          
 Analyzing entries 24738 - 24768, now 24746 , sum entries = 30885 . . . Used time: 0s Expected left time: 0s          
 Analyzing entries 24738 - 24768, now 24747 , sum entries = 30885 . . . Used time: 0s Expected left time: 0s          
 Analyzing entries 24738 - 24768, now 24748 , sum entries = 30885 . . . Used time: 0s Expected left time: 0s          
 Analyzing entries 24738 - 24768, now 24749 , sum entries = 30885 . . . Used time: 0s Expected left time: 0s          
 Analyzing entries 24738 - 24768, now 24750 , sum entries = 30885 . . . Used time: 0s Expected left time: 0s          
 Analyzing entries 24738 - 24768, now 24751 , sum entries = 30885 . . . Used time: 0s Expected left time: 0s          
 Analyzing entries 24738 - 24768, now 24752 , sum entries = 30885 . . . Used time: 0s Expected left time: 0s          
 Analyzing entries 24738 - 24768, now 24753 , sum entries = 30885 . . . Used time: 0s Expected left time: 0s          
 Analyzing entries 24738 - 24768, now 24754 , sum entries = 30885 . . . Used time: 0s Expected left time: 0s          
 Analyzing entries 24738 - 24768, now 24755 , sum entries = 30885 . . . Used time: 0s Expected left time: 0s          
 Analyzing entries 24738 - 24768, now 24756 , sum entries = 30885 . . . Used time: 0s Expected left time: 0s          
 Analyzing entries 24738 - 24768, now 24757 , sum entries = 30885 . . . Used time: 0s Expected left time: 0s          
 Analyzing entries 24738 - 24768, now 24758 , sum entries = 30885 . . . Used time: 0s Expected left time: 0s          
 Analyzing entries 24738 - 24768, now 24759 , sum entries = 30885 . . . Used time: 0s Expected left time: 0s          
 Analyzing entries 24738 - 24768, now 24760 , sum entries = 30885 . . . Used time: 0s Expected left time: 0s          
 Analyzing entries 24738 - 24768, now 24761 , sum entries = 30885 . . . Used time: 0s Expected left time: 0s          
 Analyzing entries 24738 - 24768, now 24762 , sum entries = 30885 . . . Used time: 0s Expected left time: 0s          
 Analyzing entries 24738 - 24768, now 24763 , sum entries = 30885 . . . Used time: 0s Expected left time: 0s          
 Analyzing entries 24738 - 24768, now 24764 , sum entries = 30885 . . . Used time: 0s Expected left time: 0s          
 Analyzing entries 24738 - 24768, now 24765 , sum entries = 30885 . . . Used time: 0s Expected left time: 0s          
 Analyzing entries 24738 - 24768, now 24766 , sum entries = 30885 . . . Used time: 0s Expected left time: 0s          
 Analyzing entries 24738 - 24768, now 24767 , sum entries = 30885 . . . Used time: 0s Expected left time: 0s          
 Save to RootFile /extdisk/zlin/Machine_learning/RecoPlanesFeatures/CMS_herwig_HT1000to1500-preVFP_jinitpt450_600_j2pt80_120Reco/Chunk80_Part1.root . . . Used time: 0s Expected left time: 0s          
 Save to RootFile /extdisk/zlin/Machine_learning/RecoPlanesFeatures/CMS_herwig_HT1000to1500-preVFP_jinitpt450_600_j2pt80_120Reco/Chunk80_Part1.root . . . Used time: 0s Expected left time: 0s          
 Save to RootFile /extdisk/zlin/Machine_learning/RecoPlanesFeatures/CMS_herwig_HT1000to1500-preVFP_jinitpt450_600_j2pt80_120Reco/Chunk80_Part1.root . . . Used time: 0s Expected left time: 0s          
 Save to RootFile /extdisk/zlin/Machine_learning/RecoPlanesFeatures/CMS_herwig_HT1000to1500-preVFP_jinitpt450_600_j2pt80_120Reco/Chunk80_Part1.root . . . Used time: 0s Expected left time: 0s          
 Save to RootFile /extdisk/zlin/Machine_learning/RecoPlanesFeatures/CMS_herwig_HT1000to1500-preVFP_jinitpt450_600_j2pt80_120Reco/Chunk80_Part1.root . . . Used time: 0s Expected left time: 0s          
 Save to RootFile /extdisk/zlin/Machine_learning/RecoPlanesFeatures/CMS_herwig_HT1000to1500-preVFP_jinitpt450_600_j2pt80_120Reco/Chunk80_Part1.root . . . Used time: 0s Expected left time: 0s          
 Analyzing entries 24769 - 24799, now 24769 , sum entries = 30885 . . . Used time: 0s Expected left time: 0s          
 Analyzing entries 24769 - 24799, now 24770 , sum entries = 30885 . . . Used time: 0s Expected left time: 0s          
 Analyzing entries 24769 - 24799, now 24771 , sum entries = 30885 . . . Used time: 0s Expected left time: 0s          
 Analyzing entries 24769 - 24799, now 24772 , sum entries = 30885 . . . Used time: 0s Expected left time: 0s          
 Analyzing entries 24769 - 24799, now 24773 , sum entries = 30885 . . . Used time: 0s Expected left time: 0s          
 Analyzing entries 24769 - 24799, now 24774 , sum entries = 30885 . . . Used time: 0s Expected left time: 0s          
 Analyzing entries 24769 - 24799, now 24775 , sum entries = 30885 . . . Used time: 0s Expected left time: 0s          
 Analyzing entries 24769 - 24799, now 24776 , sum entries = 30885 . . . Used time: 0s Expected left time: 0s          
 Analyzing entries 24769 - 24799, now 24777 , sum entries = 30885 . . . Used time: 0s Expected left time: 0s          
 Analyzing entries 24769 - 24799, now 24778 , sum entries = 30885 . . . Used time: 0s Expected left time: 0s          
 Analyzing entries 24769 - 24799, now 24779 , sum entries = 30885 . . . Used time: 0s Expected left time: 0s          
 Analyzing entries 24769 - 24799, now 24780 , sum entries = 30885 . . . Used time: 0s Expected left time: 0s          
 Analyzing entries 24769 - 24799, now 24781 , sum entries = 30885 . . . Used time: 0s Expected left time: 0s          
 Analyzing entries 24769 - 24799, now 24782 , sum entries = 30885 . . . Used time: 0s Expected left time: 0s          
 Analyzing entries 24769 - 24799, now 24783 , sum entries = 30885 . . . Used time: 0s Expected left time: 0s          
 Analyzing entries 24769 - 24799, now 24784 , sum entries = 30885 . . . Used time: 0s Expected left time: 0s          
 Analyzing entries 24769 - 24799, now 24785 , sum entries = 30885 . . . Used time: 0s Expected left time: 0s          
 Analyzing entries 24769 - 24799, now 24786 , sum entries = 30885 . . . Used time: 0s Expected left time: 0s          
 Analyzing entries 24769 - 24799, now 24787 , sum entries = 30885 . . . Used time: 0s Expected left time: 0s          
 Analyzing entries 24769 - 24799, now 24788 , sum entries = 30885 . . . Used time: 0s Expected left time: 0s          
 Analyzing entries 24769 - 24799, now 24789 , sum entries = 30885 . . . Used time: 0s Expected left time: 0s          
 Analyzing entries 24769 - 24799, now 24790 , sum entries = 30885 . . . Used time: 0s Expected left time: 0s          
 Analyzing entries 24769 - 24799, now 24791 , sum entries = 30885 . . . Used time: 0s Expected left time: 0s          
 Analyzing entries 24769 - 24799, now 24792 , sum entries = 30885 . . . Used time: 0s Expected left time: 0s          
 Analyzing entries 24769 - 24799, now 24793 , sum entries = 30885 . . . Used time: 0s Expected left time: 0s          
 Analyzing entries 24769 - 24799, now 24794 , sum entries = 30885 . . . Used time: 0s Expected left time: 0s          
 Analyzing entries 24769 - 24799, now 24795 , sum entries = 30885 . . . Used time: 0s Expected left time: 0s          
 Analyzing entries 24769 - 24799, now 24796 , sum entries = 30885 . . . Used time: 0s Expected left time: 0s          
 Analyzing entries 24769 - 24799, now 24797 , sum entries = 30885 . . . Used time: 0s Expected left time: 0s          
 Analyzing entries 24769 - 24799, now 24798 , sum entries = 30885 . . . Used time: 0s Expected left time: 0s          
 Save to RootFile /extdisk/zlin/Machine_learning/RecoPlanesFeatures/CMS_herwig_HT1000to1500-preVFP_jinitpt450_600_j2pt80_120Reco/Chunk80_Part2.root . . . Used time: 0s Expected left time: 0s          
 Save to RootFile /extdisk/zlin/Machine_learning/RecoPlanesFeatures/CMS_herwig_HT1000to1500-preVFP_jinitpt450_600_j2pt80_120Reco/Chunk80_Part2.root . . . Used time: 0s Expected left time: 0s          
 Save to RootFile /extdisk/zlin/Machine_learning/RecoPlanesFeatures/CMS_herwig_HT1000to1500-preVFP_jinitpt450_600_j2pt80_120Reco/Chunk80_Part2.root . . . Used time: 0s Expected left time: 0s          
 Save to RootFile /extdisk/zlin/Machine_learning/RecoPlanesFeatures/CMS_herwig_HT1000to1500-preVFP_jinitpt450_600_j2pt80_120Reco/Chunk80_Part2.root . . . Used time: 0s Expected left time: 0s          
 Save to RootFile /extdisk/zlin/Machine_learning/RecoPlanesFeatures/CMS_herwig_HT1000to1500-preVFP_jinitpt450_600_j2pt80_120Reco/Chunk80_Part2.root . . . Used time: 0s Expected left time: 0s          
 Analyzing entries 24800 - 24830, now 24800 , sum entries = 30885 . . . Used time: 0s Expected left time: 0s          
 Analyzing entries 24800 - 24830, now 24801 , sum entries = 30885 . . . Used time: 0s Expected left time: 0s          
 Analyzing entries 24800 - 24830, now 24802 , sum entries = 30885 . . . Used time: 0s Expected left time: 0s          
 Analyzing entries 24800 - 24830, now 24803 , sum entries = 30885 . . . Used time: 0s Expected left time: 0s          
 Analyzing entries 24800 - 24830, now 24804 , sum entries = 30885 . . . Used time: 0s Expected left time: 0s          
 Analyzing entries 24800 - 24830, now 24805 , sum entries = 30885 . . . Used time: 0s Expected left time: 0s          
 Analyzing entries 24800 - 24830, now 24806 , sum entries = 30885 . . . Used time: 0s Expected left time: 0s          
 Analyzing entries 24800 - 24830, now 24807 , sum entries = 30885 . . . Used time: 0s Expected left time: 0s          
 Analyzing entries 24800 - 24830, now 24808 , sum entries = 30885 . . . Used time: 0s Expected left time: 0s          
 Analyzing entries 24800 - 24830, now 24809 , sum entries = 30885 . . . Used time: 0s Expected left time: 0s          
 Analyzing entries 24800 - 24830, now 24810 , sum entries = 30885 . . . Used time: 0s Expected left time: 0s          
 Analyzing entries 24800 - 24830, now 24811 , sum entries = 30885 . . . Used time: 0s Expected left time: 0s          
 Analyzing entries 24800 - 24830, now 24812 , sum entries = 30885 . . . Used time: 0s Expected left time: 0s          
 Analyzing entries 24800 - 24830, now 24813 , sum entries = 30885 . . . Used time: 0s Expected left time: 0s          
 Analyzing entries 24800 - 24830, now 24814 , sum entries = 30885 . . . Used time: 0s Expected left time: 0s          
 Analyzing entries 24800 - 24830, now 24815 , sum entries = 30885 . . . Used time: 0s Expected left time: 0s          
 Analyzing entries 24800 - 24830, now 24816 , sum entries = 30885 . . . Used time: 0s Expected left time: 0s          
 Analyzing entries 24800 - 24830, now 24817 , sum entries = 30885 . . . Used time: 0s Expected left time: 0s          
 Analyzing entries 24800 - 24830, now 24818 , sum entries = 30885 . . . Used time: 0s Expected left time: 0s          
 Analyzing entries 24800 - 24830, now 24819 , sum entries = 30885 . . . Used time: 0s Expected left time: 0s          
 Analyzing entries 24800 - 24830, now 24820 , sum entries = 30885 . . . Used time: 0s Expected left time: 0s          
 Analyzing entries 24800 - 24830, now 24821 , sum entries = 30885 . . . Used time: 0s Expected left time: 0s          
 Analyzing entries 24800 - 24830, now 24822 , sum entries = 30885 . . . Used time: 0s Expected left time: 0s          
 Analyzing entries 24800 - 24830, now 24823 , sum entries = 30885 . . . Used time: 0s Expected left time: 0s          
 Analyzing entries 24800 - 24830, now 24824 , sum entries = 30885 . . . Used time: 0s Expected left time: 0s          
 Analyzing entries 24800 - 24830, now 24825 , sum entries = 30885 . . . Used time: 0s Expected left time: 0s          
 Analyzing entries 24800 - 24830, now 24826 , sum entries = 30885 . . . Used time: 0s Expected left time: 0s          
 Analyzing entries 24800 - 24830, now 24827 , sum entries = 30885 . . . Used time: 0s Expected left time: 0s          
 Analyzing entries 24800 - 24830, now 24828 , sum entries = 30885 . . . Used time: 0s Expected left time: 0s          
 Analyzing entries 24800 - 24830, now 24829 , sum entries = 30885 . . . Used time: 0s Expected left time: 0s          
 Save to RootFile /extdisk/zlin/Machine_learning/RecoPlanesFeatures/CMS_herwig_HT1000to1500-preVFP_jinitpt450_600_j2pt80_120Reco/Chunk80_Part3.root . . . Used time: 0s Expected left time: 0s          
 Save to RootFile /extdisk/zlin/Machine_learning/RecoPlanesFeatures/CMS_herwig_HT1000to1500-preVFP_jinitpt450_600_j2pt80_120Reco/Chunk80_Part3.root . . . Used time: 0s Expected left time: 0s          
 Save to RootFile /extdisk/zlin/Machine_learning/RecoPlanesFeatures/CMS_herwig_HT1000to1500-preVFP_jinitpt450_600_j2pt80_120Reco/Chunk80_Part3.root . . . Used time: 0s Expected left time: 0s          
 Save to RootFile /extdisk/zlin/Machine_learning/RecoPlanesFeatures/CMS_herwig_HT1000to1500-preVFP_jinitpt450_600_j2pt80_120Reco/Chunk80_Part3.root . . . Used time: 0s Expected left time: 0s          
 Save to RootFile /extdisk/zlin/Machine_learning/RecoPlanesFeatures/CMS_herwig_HT1000to1500-preVFP_jinitpt450_600_j2pt80_120Reco/Chunk80_Part3.root . . . Used time: 0s Expected left time: 0s          
 Analyzing entries 24831 - 24861, now 24831 , sum entries = 30885 . . . Used time: 0s Expected left time: 0s          
 Analyzing entries 24831 - 24861, now 24832 , sum entries = 30885 . . . Used time: 0s Expected left time: 0s          
 Analyzing entries 24831 - 24861, now 24833 , sum entries = 30885 . . . Used time: 0s Expected left time: 0s          
 Analyzing entries 24831 - 24861, now 24834 , sum entries = 30885 . . . Used time: 0s Expected left time: 0s          
 Analyzing entries 24831 - 24861, now 24835 , sum entries = 30885 . . . Used time: 0s Expected left time: 0s          
 Analyzing entries 24831 - 24861, now 24836 , sum entries = 30885 . . . Used time: 0s Expected left time: 0s          
 Analyzing entries 24831 - 24861, now 24837 , sum entries = 30885 . . . Used time: 0s Expected left time: 0s          
 Analyzing entries 24831 - 24861, now 24838 , sum entries = 30885 . . . Used time: 0s Expected left time: 0s          
 Analyzing entries 24831 - 24861, now 24839 , sum entries = 30885 . . . Used time: 0s Expected left time: 0s          
 Analyzing entries 24831 - 24861, now 24840 , sum entries = 30885 . . . Used time: 0s Expected left time: 0s          
 Analyzing entries 24831 - 24861, now 24841 , sum entries = 30885 . . . Used time: 0s Expected left time: 0s          
 Analyzing entries 24831 - 24861, now 24842 , sum entries = 30885 . . . Used time: 0s Expected left time: 0s          
 Analyzing entries 24831 - 24861, now 24843 , sum entries = 30885 . . . Used time: 0s Expected left time: 0s          
 Analyzing entries 24831 - 24861, now 24844 , sum entries = 30885 . . . Used time: 0s Expected left time: 0s          
 Analyzing entries 24831 - 24861, now 24845 , sum entries = 30885 . . . Used time: 0s Expected left time: 0s          
 Analyzing entries 24831 - 24861, now 24846 , sum entries = 30885 . . . Used time: 0s Expected left time: 0s          
 Analyzing entries 24831 - 24861, now 24847 , sum entries = 30885 . . . Used time: 0s Expected left time: 0s          
 Analyzing entries 24831 - 24861, now 24848 , sum entries = 30885 . . . Used time: 0s Expected left time: 0s          
 Analyzing entries 24831 - 24861, now 24849 , sum entries = 30885 . . . Used time: 0s Expected left time: 0s          
 Analyzing entries 24831 - 24861, now 24850 , sum entries = 30885 . . . Used time: 0s Expected left time: 0s          
 Analyzing entries 24831 - 24861, now 24851 , sum entries = 30885 . . . Used time: 0s Expected left time: 0s          
 Analyzing entries 24831 - 24861, now 24852 , sum entries = 30885 . . . Used time: 0s Expected left time: 0s          
 Analyzing entries 24831 - 24861, now 24853 , sum entries = 30885 . . . Used time: 0s Expected left time: 0s          
 Analyzing entries 24831 - 24861, now 24854 , sum entries = 30885 . . . Used time: 0s Expected left time: 0s          
 Analyzing entries 24831 - 24861, now 24855 , sum entries = 30885 . . . Used time: 0s Expected left time: 0s          
 Analyzing entries 24831 - 24861, now 24856 , sum entries = 30885 . . . Used time: 0s Expected left time: 0s          
 Analyzing entries 24831 - 24861, now 24857 , sum entries = 30885 . . . Used time: 0s Expected left time: 0s          
 Analyzing entries 24831 - 24861, now 24858 , sum entries = 30885 . . . Used time: 0s Expected left time: 0s          
 Analyzing entries 24831 - 24861, now 24859 , sum entries = 30885 . . . Used time: 0s Expected left time: 0s          
 Analyzing entries 24831 - 24861, now 24860 , sum entries = 30885 . . . Used time: 0s Expected left time: 0s          
 Save to RootFile /extdisk/zlin/Machine_learning/RecoPlanesFeatures/CMS_herwig_HT1000to1500-preVFP_jinitpt450_600_j2pt80_120Reco/Chunk80_Part4.root . . . Used time: 0s Expected left time: 0s          
 Save to RootFile /extdisk/zlin/Machine_learning/RecoPlanesFeatures/CMS_herwig_HT1000to1500-preVFP_jinitpt450_600_j2pt80_120Reco/Chunk80_Part4.root . . . Used time: 0s Expected left time: 0s          
 Save to RootFile /extdisk/zlin/Machine_learning/RecoPlanesFeatures/CMS_herwig_HT1000to1500-preVFP_jinitpt450_600_j2pt80_120Reco/Chunk80_Part4.root . . . Used time: 0s Expected left time: 0s          
 Save to RootFile /extdisk/zlin/Machine_learning/RecoPlanesFeatures/CMS_herwig_HT1000to1500-preVFP_jinitpt450_600_j2pt80_120Reco/Chunk80_Part4.root . . . Used time: 0s Expected left time: 0s          
 Save to RootFile /extdisk/zlin/Machine_learning/RecoPlanesFeatures/CMS_herwig_HT1000to1500-preVFP_jinitpt450_600_j2pt80_120Reco/Chunk80_Part4.root . . . Used time: 0s Expected left time: 0s          
 Save to RootFile /extdisk/zlin/Machine_learning/RecoPlanesFeatures/CMS_herwig_HT1000to1500-preVFP_jinitpt450_600_j2pt80_120Reco/Chunk80_Part4.root . . . Used time: 0s Expected left time: 0s          
 Analyzing entries 24862 - 24892, now 24862 , sum entries = 30885 . . . Used time: 0s Expected left time: 0s          
 Analyzing entries 24862 - 24892, now 24863 , sum entries = 30885 . . . Used time: 0s Expected left time: 0s          
 Analyzing entries 24862 - 24892, now 24864 , sum entries = 30885 . . . Used time: 0s Expected left time: 0s          
 Analyzing entries 24862 - 24892, now 24865 , sum entries = 30885 . . . Used time: 0s Expected left time: 0s          
 Analyzing entries 24862 - 24892, now 24866 , sum entries = 30885 . . . Used time: 0s Expected left time: 0s          
 Analyzing entries 24862 - 24892, now 24867 , sum entries = 30885 . . . Used time: 0s Expected left time: 0s          
 Analyzing entries 24862 - 24892, now 24868 , sum entries = 30885 . . . Used time: 0s Expected left time: 0s          
 Analyzing entries 24862 - 24892, now 24869 , sum entries = 30885 . . . Used time: 0s Expected left time: 0s          
 Analyzing entries 24862 - 24892, now 24870 , sum entries = 30885 . . . Used time: 0s Expected left time: 0s          
 Analyzing entries 24862 - 24892, now 24871 , sum entries = 30885 . . . Used time: 0s Expected left time: 0s          
 Analyzing entries 24862 - 24892, now 24872 , sum entries = 30885 . . . Used time: 0s Expected left time: 0s          
 Analyzing entries 24862 - 24892, now 24873 , sum entries = 30885 . . . Used time: 0s Expected left time: 0s          
 Analyzing entries 24862 - 24892, now 24874 , sum entries = 30885 . . . Used time: 0s Expected left time: 0s          
 Analyzing entries 24862 - 24892, now 24875 , sum entries = 30885 . . . Used time: 0s Expected left time: 0s          
 Analyzing entries 24862 - 24892, now 24876 , sum entries = 30885 . . . Used time: 0s Expected left time: 0s          
 Analyzing entries 24862 - 24892, now 24877 , sum entries = 30885 . . . Used time: 0s Expected left time: 0s          
 Analyzing entries 24862 - 24892, now 24878 , sum entries = 30885 . . . Used time: 0s Expected left time: 0s          
 Analyzing entries 24862 - 24892, now 24879 , sum entries = 30885 . . . Used time: 0s Expected left time: 0s          
 Analyzing entries 24862 - 24892, now 24880 , sum entries = 30885 . . . Used time: 0s Expected left time: 0s          
 Analyzing entries 24862 - 24892, now 24881 , sum entries = 30885 . . . Used time: 0s Expected left time: 0s          
 Analyzing entries 24862 - 24892, now 24882 , sum entries = 30885 . . . Used time: 0s Expected left time: 0s          
 Analyzing entries 24862 - 24892, now 24883 , sum entries = 30885 . . . Used time: 0s Expected left time: 0s          
 Analyzing entries 24862 - 24892, now 24884 , sum entries = 30885 . . . Used time: 0s Expected left time: 0s          
 Analyzing entries 24862 - 24892, now 24885 , sum entries = 30885 . . . Used time: 0s Expected left time: 0s          
 Analyzing entries 24862 - 24892, now 24886 , sum entries = 30885 . . . Used time: 0s Expected left time: 0s          
 Analyzing entries 24862 - 24892, now 24887 , sum entries = 30885 . . . Used time: 0s Expected left time: 0s          
 Analyzing entries 24862 - 24892, now 24888 , sum entries = 30885 . . . Used time: 0s Expected left time: 0s          
 Analyzing entries 24862 - 24892, now 24889 , sum entries = 30885 . . . Used time: 0s Expected left time: 0s          
 Analyzing entries 24862 - 24892, now 24890 , sum entries = 30885 . . . Used time: 0s Expected left time: 0s          
 Analyzing entries 24862 - 24892, now 24891 , sum entries = 30885 . . . Used time: 0s Expected left time: 0s          
 Save to RootFile /extdisk/zlin/Machine_learning/RecoPlanesFeatures/CMS_herwig_HT1000to1500-preVFP_jinitpt450_600_j2pt80_120Reco/Chunk80_Part5.root . . . Used time: 0s Expected left time: 0s          
 Save to RootFile /extdisk/zlin/Machine_learning/RecoPlanesFeatures/CMS_herwig_HT1000to1500-preVFP_jinitpt450_600_j2pt80_120Reco/Chunk80_Part5.root . . . Used time: 0s Expected left time: 0s          
 Save to RootFile /extdisk/zlin/Machine_learning/RecoPlanesFeatures/CMS_herwig_HT1000to1500-preVFP_jinitpt450_600_j2pt80_120Reco/Chunk80_Part5.root . . . Used time: 0s Expected left time: 0s          
 Analyzing entries 24893 - 24923, now 24893 , sum entries = 30885 . . . Used time: 0s Expected left time: 0s          
 Analyzing entries 24893 - 24923, now 24894 , sum entries = 30885 . . . Used time: 0s Expected left time: 0s          
 Analyzing entries 24893 - 24923, now 24895 , sum entries = 30885 . . . Used time: 0s Expected left time: 0s          
 Analyzing entries 24893 - 24923, now 24896 , sum entries = 30885 . . . Used time: 0s Expected left time: 0s          
 Analyzing entries 24893 - 24923, now 24897 , sum entries = 30885 . . . Used time: 0s Expected left time: 0s          
 Analyzing entries 24893 - 24923, now 24898 , sum entries = 30885 . . . Used time: 0s Expected left time: 0s          
 Analyzing entries 24893 - 24923, now 24899 , sum entries = 30885 . . . Used time: 0s Expected left time: 0s          
 Analyzing entries 24893 - 24923, now 24900 , sum entries = 30885 . . . Used time: 0s Expected left time: 0s          
 Analyzing entries 24893 - 24923, now 24901 , sum entries = 30885 . . . Used time: 0s Expected left time: 0s          
 Analyzing entries 24893 - 24923, now 24902 , sum entries = 30885 . . . Used time: 0s Expected left time: 0s          
 Analyzing entries 24893 - 24923, now 24903 , sum entries = 30885 . . . Used time: 0s Expected left time: 0s          
 Analyzing entries 24893 - 24923, now 24904 , sum entries = 30885 . . . Used time: 0s Expected left time: 0s          
 Analyzing entries 24893 - 24923, now 24905 , sum entries = 30885 . . . Used time: 0s Expected left time: 0s          
 Analyzing entries 24893 - 24923, now 24906 , sum entries = 30885 . . . Used time: 0s Expected left time: 0s          
 Analyzing entries 24893 - 24923, now 24907 , sum entries = 30885 . . . Used time: 0s Expected left time: 0s          
 Analyzing entries 24893 - 24923, now 24908 , sum entries = 30885 . . . Used time: 0s Expected left time: 0s          
 Analyzing entries 24893 - 24923, now 24909 , sum entries = 30885 . . . Used time: 0s Expected left time: 0s          
 Analyzing entries 24893 - 24923, now 24910 , sum entries = 30885 . . . Used time: 0s Expected left time: 0s          
 Analyzing entries 24893 - 24923, now 24911 , sum entries = 30885 . . . Used time: 0s Expected left time: 0s          
 Analyzing entries 24893 - 24923, now 24912 , sum entries = 30885 . . . Used time: 0s Expected left time: 0s          
 Analyzing entries 24893 - 24923, now 24913 , sum entries = 30885 . . . Used time: 0s Expected left time: 0s          
 Analyzing entries 24893 - 24923, now 24914 , sum entries = 30885 . . . Used time: 0s Expected left time: 0s          
 Analyzing entries 24893 - 24923, now 24915 , sum entries = 30885 . . . Used time: 0s Expected left time: 0s          
 Analyzing entries 24893 - 24923, now 24916 , sum entries = 30885 . . . Used time: 0s Expected left time: 0s          
 Analyzing entries 24893 - 24923, now 24917 , sum entries = 30885 . . . Used time: 0s Expected left time: 0s          
 Analyzing entries 24893 - 24923, now 24918 , sum entries = 30885 . . . Used time: 0s Expected left time: 0s          
 Analyzing entries 24893 - 24923, now 24919 , sum entries = 30885 . . . Used time: 0s Expected left time: 0s          
 Analyzing entries 24893 - 24923, now 24920 , sum entries = 30885 . . . Used time: 0s Expected left time: 0s          
 Analyzing entries 24893 - 24923, now 24921 , sum entries = 30885 . . . Used time: 0s Expected left time: 0s          
 Analyzing entries 24893 - 24923, now 24922 , sum entries = 30885 . . . Used time: 0s Expected left time: 0s          
 Save to RootFile /extdisk/zlin/Machine_learning/RecoPlanesFeatures/CMS_herwig_HT1000to1500-preVFP_jinitpt450_600_j2pt80_120Reco/Chunk80_Part6.root . . . Used time: 0s Expected left time: 0s          
 Save to RootFile /extdisk/zlin/Machine_learning/RecoPlanesFeatures/CMS_herwig_HT1000to1500-preVFP_jinitpt450_600_j2pt80_120Reco/Chunk80_Part6.root . . . Used time: 0s Expected left time: 0s          
 Save to RootFile /extdisk/zlin/Machine_learning/RecoPlanesFeatures/CMS_herwig_HT1000to1500-preVFP_jinitpt450_600_j2pt80_120Reco/Chunk80_Part6.root . . . Used time: 0s Expected left time: 0s          
 Save to RootFile /extdisk/zlin/Machine_learning/RecoPlanesFeatures/CMS_herwig_HT1000to1500-preVFP_jinitpt450_600_j2pt80_120Reco/Chunk80_Part6.root . . . Used time: 0s Expected left time: 0s          
 Save to RootFile /extdisk/zlin/Machine_learning/RecoPlanesFeatures/CMS_herwig_HT1000to1500-preVFP_jinitpt450_600_j2pt80_120Reco/Chunk80_Part6.root . . . Used time: 0s Expected left time: 0s          
 Analyzing entries 24924 - 24954, now 24924 , sum entries = 30885 . . . Used time: 0s Expected left time: 0s          
 Analyzing entries 24924 - 24954, now 24925 , sum entries = 30885 . . . Used time: 0s Expected left time: 0s          
 Analyzing entries 24924 - 24954, now 24926 , sum entries = 30885 . . . Used time: 0s Expected left time: 0s          
 Analyzing entries 24924 - 24954, now 24927 , sum entries = 30885 . . . Used time: 0s Expected left time: 0s          
 Analyzing entries 24924 - 24954, now 24928 , sum entries = 30885 . . . Used time: 0s Expected left time: 0s          
 Analyzing entries 24924 - 24954, now 24929 , sum entries = 30885 . . . Used time: 0s Expected left time: 0s          
 Analyzing entries 24924 - 24954, now 24930 , sum entries = 30885 . . . Used time: 0s Expected left time: 0s          
 Analyzing entries 24924 - 24954, now 24931 , sum entries = 30885 . . . Used time: 0s Expected left time: 0s          
 Analyzing entries 24924 - 24954, now 24932 , sum entries = 30885 . . . Used time: 0s Expected left time: 0s          
 Analyzing entries 24924 - 24954, now 24933 , sum entries = 30885 . . . Used time: 0s Expected left time: 0s          
 Analyzing entries 24924 - 24954, now 24934 , sum entries = 30885 . . . Used time: 0s Expected left time: 0s          
 Analyzing entries 24924 - 24954, now 24935 , sum entries = 30885 . . . Used time: 0s Expected left time: 0s          
 Analyzing entries 24924 - 24954, now 24936 , sum entries = 30885 . . . Used time: 0s Expected left time: 0s          
 Analyzing entries 24924 - 24954, now 24937 , sum entries = 30885 . . . Used time: 0s Expected left time: 0s          
 Analyzing entries 24924 - 24954, now 24938 , sum entries = 30885 . . . Used time: 0s Expected left time: 0s          
 Analyzing entries 24924 - 24954, now 24939 , sum entries = 30885 . . . Used time: 0s Expected left time: 0s          
 Analyzing entries 24924 - 24954, now 24940 , sum entries = 30885 . . . Used time: 0s Expected left time: 0s          
 Analyzing entries 24924 - 24954, now 24941 , sum entries = 30885 . . . Used time: 0s Expected left time: 0s          
 Analyzing entries 24924 - 24954, now 24942 , sum entries = 30885 . . . Used time: 0s Expected left time: 0s          
 Analyzing entries 24924 - 24954, now 24943 , sum entries = 30885 . . . Used time: 0s Expected left time: 0s          
 Analyzing entries 24924 - 24954, now 24944 , sum entries = 30885 . . . Used time: 0s Expected left time: 0s          
 Analyzing entries 24924 - 24954, now 24945 , sum entries = 30885 . . . Used time: 0s Expected left time: 0s          
 Analyzing entries 24924 - 24954, now 24946 , sum entries = 30885 . . . Used time: 0s Expected left time: 0s          
 Analyzing entries 24924 - 24954, now 24947 , sum entries = 30885 . . . Used time: 0s Expected left time: 0s          
 Analyzing entries 24924 - 24954, now 24948 , sum entries = 30885 . . . Used time: 0s Expected left time: 0s          
 Analyzing entries 24924 - 24954, now 24949 , sum entries = 30885 . . . Used time: 0s Expected left time: 0s          
 Analyzing entries 24924 - 24954, now 24950 , sum entries = 30885 . . . Used time: 0s Expected left time: 0s          
 Analyzing entries 24924 - 24954, now 24951 , sum entries = 30885 . . . Used time: 0s Expected left time: 0s          
 Analyzing entries 24924 - 24954, now 24952 , sum entries = 30885 . . . Used time: 0s Expected left time: 0s          
 Analyzing entries 24924 - 24954, now 24953 , sum entries = 30885 . . . Used time: 0s Expected left time: 0s          
 Save to RootFile /extdisk/zlin/Machine_learning/RecoPlanesFeatures/CMS_herwig_HT1000to1500-preVFP_jinitpt450_600_j2pt80_120Reco/Chunk80_Part7.root . . . Used time: 0s Expected left time: 0s          
 Save to RootFile /extdisk/zlin/Machine_learning/RecoPlanesFeatures/CMS_herwig_HT1000to1500-preVFP_jinitpt450_600_j2pt80_120Reco/Chunk80_Part7.root . . . Used time: 0s Expected left time: 0s          
 Save to RootFile /extdisk/zlin/Machine_learning/RecoPlanesFeatures/CMS_herwig_HT1000to1500-preVFP_jinitpt450_600_j2pt80_120Reco/Chunk80_Part7.root . . . Used time: 0s Expected left time: 0s          
 Save to RootFile /extdisk/zlin/Machine_learning/RecoPlanesFeatures/CMS_herwig_HT1000to1500-preVFP_jinitpt450_600_j2pt80_120Reco/Chunk80_Part7.root . . . Used time: 0s Expected left time: 0s          
 Analyzing entries 24955 - 24985, now 24955 , sum entries = 30885 . . . Used time: 0s Expected left time: 0s          
 Analyzing entries 24955 - 24985, now 24956 , sum entries = 30885 . . . Used time: 0s Expected left time: 0s          
 Analyzing entries 24955 - 24985, now 24957 , sum entries = 30885 . . . Used time: 0s Expected left time: 0s          
 Analyzing entries 24955 - 24985, now 24958 , sum entries = 30885 . . . Used time: 0s Expected left time: 0s          
 Analyzing entries 24955 - 24985, now 24959 , sum entries = 30885 . . . Used time: 0s Expected left time: 0s          
 Analyzing entries 24955 - 24985, now 24960 , sum entries = 30885 . . . Used time: 0s Expected left time: 0s          
 Analyzing entries 24955 - 24985, now 24961 , sum entries = 30885 . . . Used time: 0s Expected left time: 0s          
 Analyzing entries 24955 - 24985, now 24962 , sum entries = 30885 . . . Used time: 0s Expected left time: 0s          
 Analyzing entries 24955 - 24985, now 24963 , sum entries = 30885 . . . Used time: 0s Expected left time: 0s          
 Analyzing entries 24955 - 24985, now 24964 , sum entries = 30885 . . . Used time: 0s Expected left time: 0s          
 Analyzing entries 24955 - 24985, now 24965 , sum entries = 30885 . . . Used time: 0s Expected left time: 0s          
 Analyzing entries 24955 - 24985, now 24966 , sum entries = 30885 . . . Used time: 0s Expected left time: 0s          
 Analyzing entries 24955 - 24985, now 24967 , sum entries = 30885 . . . Used time: 0s Expected left time: 0s          
 Analyzing entries 24955 - 24985, now 24968 , sum entries = 30885 . . . Used time: 0s Expected left time: 0s          
 Analyzing entries 24955 - 24985, now 24969 , sum entries = 30885 . . . Used time: 0s Expected left time: 0s          
 Analyzing entries 24955 - 24985, now 24970 , sum entries = 30885 . . . Used time: 0s Expected left time: 0s          
 Analyzing entries 24955 - 24985, now 24971 , sum entries = 30885 . . . Used time: 0s Expected left time: 0s          
 Analyzing entries 24955 - 24985, now 24972 , sum entries = 30885 . . . Used time: 0s Expected left time: 0s          
 Analyzing entries 24955 - 24985, now 24973 , sum entries = 30885 . . . Used time: 0s Expected left time: 0s          
 Analyzing entries 24955 - 24985, now 24974 , sum entries = 30885 . . . Used time: 0s Expected left time: 0s          
 Analyzing entries 24955 - 24985, now 24975 , sum entries = 30885 . . . Used time: 0s Expected left time: 0s          
 Analyzing entries 24955 - 24985, now 24976 , sum entries = 30885 . . . Used time: 0s Expected left time: 0s          
 Analyzing entries 24955 - 24985, now 24977 , sum entries = 30885 . . . Used time: 0s Expected left time: 0s          
 Analyzing entries 24955 - 24985, now 24978 , sum entries = 30885 . . . Used time: 0s Expected left time: 0s          
 Analyzing entries 24955 - 24985, now 24979 , sum entries = 30885 . . . Used time: 0s Expected left time: 0s          
 Analyzing entries 24955 - 24985, now 24980 , sum entries = 30885 . . . Used time: 0s Expected left time: 0s          
 Analyzing entries 24955 - 24985, now 24981 , sum entries = 30885 . . . Used time: 0s Expected left time: 0s          
 Analyzing entries 24955 - 24985, now 24982 , sum entries = 30885 . . . Used time: 0s Expected left time: 0s          
 Analyzing entries 24955 - 24985, now 24983 , sum entries = 30885 . . . Used time: 0s Expected left time: 0s          
 Analyzing entries 24955 - 24985, now 24984 , sum entries = 30885 . . . Used time: 0s Expected left time: 0s          
 Save to RootFile /extdisk/zlin/Machine_learning/RecoPlanesFeatures/CMS_herwig_HT1000to1500-preVFP_jinitpt450_600_j2pt80_120Reco/Chunk80_Part8.root . . . Used time: 0s Expected left time: 0s          
 Save to RootFile /extdisk/zlin/Machine_learning/RecoPlanesFeatures/CMS_herwig_HT1000to1500-preVFP_jinitpt450_600_j2pt80_120Reco/Chunk80_Part8.root . . . Used time: 0s Expected left time: 0s          
 Save to RootFile /extdisk/zlin/Machine_learning/RecoPlanesFeatures/CMS_herwig_HT1000to1500-preVFP_jinitpt450_600_j2pt80_120Reco/Chunk80_Part8.root . . . Used time: 0s Expected left time: 0s          
 Save to RootFile /extdisk/zlin/Machine_learning/RecoPlanesFeatures/CMS_herwig_HT1000to1500-preVFP_jinitpt450_600_j2pt80_120Reco/Chunk80_Part8.root . . . Used time: 0s Expected left time: 0s          
 Analyzing entries 24985 - 25015, now 24985 , sum entries = 30885 . . . Used time: 0s Expected left time: 0s          
 Analyzing entries 24985 - 25015, now 24986 , sum entries = 30885 . . . Used time: 0s Expected left time: 0s          
 Analyzing entries 24985 - 25015, now 24987 , sum entries = 30885 . . . Used time: 0s Expected left time: 0s          
 Analyzing entries 24985 - 25015, now 24988 , sum entries = 30885 . . . Used time: 0s Expected left time: 0s          
 Analyzing entries 24985 - 25015, now 24989 , sum entries = 30885 . . . Used time: 0s Expected left time: 0s          
 Analyzing entries 24985 - 25015, now 24990 , sum entries = 30885 . . . Used time: 0s Expected left time: 0s          
 Analyzing entries 24985 - 25015, now 24991 , sum entries = 30885 . . . Used time: 0s Expected left time: 0s          
 Analyzing entries 24985 - 25015, now 24992 , sum entries = 30885 . . . Used time: 0s Expected left time: 0s          
 Analyzing entries 24985 - 25015, now 24993 , sum entries = 30885 . . . Used time: 0s Expected left time: 0s          
 Analyzing entries 24985 - 25015, now 24994 , sum entries = 30885 . . . Used time: 0s Expected left time: 0s          
 Analyzing entries 24985 - 25015, now 24995 , sum entries = 30885 . . . Used time: 0s Expected left time: 0s          
 Analyzing entries 24985 - 25015, now 24996 , sum entries = 30885 . . . Used time: 0s Expected left time: 0s          
 Analyzing entries 24985 - 25015, now 24997 , sum entries = 30885 . . . Used time: 0s Expected left time: 0s          
 Analyzing entries 24985 - 25015, now 24998 , sum entries = 30885 . . . Used time: 0s Expected left time: 0s          
 Analyzing entries 24985 - 25015, now 24999 , sum entries = 30885 . . . Used time: 0s Expected left time: 0s          
 Analyzing entries 24985 - 25015, now 25000 , sum entries = 30885 . . . Used time: 0s Expected left time: 0s          
 Analyzing entries 24985 - 25015, now 25001 , sum entries = 30885 . . . Used time: 0s Expected left time: 0s          
 Analyzing entries 24985 - 25015, now 25002 , sum entries = 30885 . . . Used time: 0s Expected left time: 0s          
 Analyzing entries 24985 - 25015, now 25003 , sum entries = 30885 . . . Used time: 0s Expected left time: 0s          
 Analyzing entries 24985 - 25015, now 25004 , sum entries = 30885 . . . Used time: 0s Expected left time: 0s          
 Analyzing entries 24985 - 25015, now 25005 , sum entries = 30885 . . . Used time: 0s Expected left time: 0s          
 Analyzing entries 24985 - 25015, now 25006 , sum entries = 30885 . . . Used time: 0s Expected left time: 0s          
 Analyzing entries 24985 - 25015, now 25007 , sum entries = 30885 . . . Used time: 0s Expected left time: 0s          
 Analyzing entries 24985 - 25015, now 25008 , sum entries = 30885 . . . Used time: 0s Expected left time: 0s          
 Analyzing entries 24985 - 25015, now 25009 , sum entries = 30885 . . . Used time: 0s Expected left time: 0s          
 Analyzing entries 24985 - 25015, now 25010 , sum entries = 30885 . . . Used time: 0s Expected left time: 0s          
 Analyzing entries 24985 - 25015, now 25011 , sum entries = 30885 . . . Used time: 0s Expected left time: 0s          
 Analyzing entries 24985 - 25015, now 25012 , sum entries = 30885 . . . Used time: 0s Expected left time: 0s          
 Analyzing entries 24985 - 25015, now 25013 , sum entries = 30885 . . . Used time: 0s Expected left time: 0s          
 Analyzing entries 24985 - 25015, now 25014 , sum entries = 30885 . . . Used time: 0s Expected left time: 0s          
 Save to RootFile /extdisk/zlin/Machine_learning/RecoPlanesFeatures/CMS_herwig_HT1000to1500-preVFP_jinitpt450_600_j2pt80_120Reco/Chunk80_Part9.root . . . Used time: 0s Expected left time: 0s          
 Save to RootFile /extdisk/zlin/Machine_learning/RecoPlanesFeatures/CMS_herwig_HT1000to1500-preVFP_jinitpt450_600_j2pt80_120Reco/Chunk80_Part9.root . . . Used time: 0s Expected left time: 0s          
