Warning in <TFile::Init>: file /extdisk/zlin/Machine_learning/RecoPlanes/CMS_herwig_HT1000to1500-preVFP/Chunk24_Part0.root probably not closed, trying to recover
Warning in <TFile::Init>: no keys recovered, file has been made a Zombie
 Analyzing entries 7634 - 7653, now 7634 , sum entries = 19575 . . . Used time: 0s Expected left time: 0s          
 Analyzing entries 7634 - 7653, now 7635 , sum entries = 19575 . . . Used time: 0s Expected left time: 0s          
 Analyzing entries 7634 - 7653, now 7636 , sum entries = 19575 . . . Used time: 0s Expected left time: 0s          
 Analyzing entries 7634 - 7653, now 7637 , sum entries = 19575 . . . Used time: 0s Expected left time: 0s          
 Analyzing entries 7634 - 7653, now 7638 , sum entries = 19575 . . . Used time: 0s Expected left time: 0s          
 Analyzing entries 7634 - 7653, now 7639 , sum entries = 19575 . . . Used time: 0s Expected left time: 0s          
 Analyzing entries 7634 - 7653, now 7640 , sum entries = 19575 . . . Used time: 0s Expected left time: 0s          
 Analyzing entries 7634 - 7653, now 7641 , sum entries = 19575 . . . Used time: 0s Expected left time: 0s          
 Analyzing entries 7634 - 7653, now 7642 , sum entries = 19575 . . . Used time: 0s Expected left time: 0s          
 Analyzing entries 7634 - 7653, now 7643 , sum entries = 19575 . . . Used time: 0s Expected left time: 0s          
 Analyzing entries 7634 - 7653, now 7644 , sum entries = 19575 . . . Used time: 0s Expected left time: 0s          
 Analyzing entries 7634 - 7653, now 7645 , sum entries = 19575 . . . Used time: 0s Expected left time: 0s          
 Analyzing entries 7634 - 7653, now 7646 , sum entries = 19575 . . . Used time: 0s Expected left time: 0s          
 Analyzing entries 7634 - 7653, now 7647 , sum entries = 19575 . . . Used time: 0s Expected left time: 0s          
 Analyzing entries 7634 - 7653, now 7648 , sum entries = 19575 . . . Used time: 0s Expected left time: 0s          
 Analyzing entries 7634 - 7653, now 7649 , sum entries = 19575 . . . Used time: 0s Expected left time: 0s          
 Analyzing entries 7634 - 7653, now 7650 , sum entries = 19575 . . . Used time: 0s Expected left time: 0s          
 Analyzing entries 7634 - 7653, now 7651 , sum entries = 19575 . . . Used time: 0s Expected left time: 0s          
 Analyzing entries 7634 - 7653, now 7652 , sum entries = 19575 . . . Used time: 0s Expected left time: 0s          
 Save to RootFile /extdisk/zlin/Machine_learning/RecoPlanesFeatures/CMS_herwig_HT1000to1500-preVFP_jinitpt450_600_j2pt80_120Reco/Chunk39_Part0.root . . . Used time: 0s Expected left time: 0s          
 Analyzing entries 7653 - 7672, now 7653 , sum entries = 19575 . . . Used time: 0s Expected left time: 0s          
 Analyzing entries 7653 - 7672, now 7654 , sum entries = 19575 . . . Used time: 0s Expected left time: 0s          
 Analyzing entries 7653 - 7672, now 7655 , sum entries = 19575 . . . Used time: 0s Expected left time: 0s          
 Analyzing entries 7653 - 7672, now 7656 , sum entries = 19575 . . . Used time: 0s Expected left time: 0s          
 Analyzing entries 7653 - 7672, now 7657 , sum entries = 19575 . . . Used time: 0s Expected left time: 0s          
 Analyzing entries 7653 - 7672, now 7658 , sum entries = 19575 . . . Used time: 0s Expected left time: 0s          
 Analyzing entries 7653 - 7672, now 7659 , sum entries = 19575 . . . Used time: 0s Expected left time: 0s          
 Analyzing entries 7653 - 7672, now 7660 , sum entries = 19575 . . . Used time: 0s Expected left time: 0s          
 Analyzing entries 7653 - 7672, now 7661 , sum entries = 19575 . . . Used time: 0s Expected left time: 0s          
 Analyzing entries 7653 - 7672, now 7662 , sum entries = 19575 . . . Used time: 0s Expected left time: 0s          
 Analyzing entries 7653 - 7672, now 7663 , sum entries = 19575 . . . Used time: 0s Expected left time: 0s          
 Analyzing entries 7653 - 7672, now 7664 , sum entries = 19575 . . . Used time: 0s Expected left time: 0s          
 Analyzing entries 7653 - 7672, now 7665 , sum entries = 19575 . . . Used time: 0s Expected left time: 0s          
 Analyzing entries 7653 - 7672, now 7666 , sum entries = 19575 . . . Used time: 0s Expected left time: 0s          
 Analyzing entries 7653 - 7672, now 7667 , sum entries = 19575 . . . Used time: 0s Expected left time: 0s          
 Analyzing entries 7653 - 7672, now 7668 , sum entries = 19575 . . . Used time: 0s Expected left time: 0s          
 Analyzing entries 7653 - 7672, now 7669 , sum entries = 19575 . . . Used time: 0s Expected left time: 0s          
 Analyzing entries 7653 - 7672, now 7670 , sum entries = 19575 . . . Used time: 0s Expected left time: 0s          
 Analyzing entries 7653 - 7672, now 7671 , sum entries = 19575 . . . Used time: 0s Expected left time: 0s          
 Save to RootFile /extdisk/zlin/Machine_learning/RecoPlanesFeatures/CMS_herwig_HT1000to1500-preVFP_jinitpt450_600_j2pt80_120Reco/Chunk39_Part1.root . . . Used time: 0s Expected left time: 0s          
 Save to RootFile /extdisk/zlin/Machine_learning/RecoPlanesFeatures/CMS_herwig_HT1000to1500-preVFP_jinitpt450_600_j2pt80_120Reco/Chunk39_Part1.root . . . Used time: 0s Expected left time: 0s          
 Analyzing entries 7673 - 7692, now 7673 , sum entries = 19575 . . . Used time: 0s Expected left time: 0s          
 Analyzing entries 7673 - 7692, now 7674 , sum entries = 19575 . . . Used time: 0s Expected left time: 0s          
 Analyzing entries 7673 - 7692, now 7675 , sum entries = 19575 . . . Used time: 0s Expected left time: 0s          
 Analyzing entries 7673 - 7692, now 7676 , sum entries = 19575 . . . Used time: 0s Expected left time: 0s          
 Analyzing entries 7673 - 7692, now 7677 , sum entries = 19575 . . . Used time: 0s Expected left time: 0s          
 Analyzing entries 7673 - 7692, now 7678 , sum entries = 19575 . . . Used time: 0s Expected left time: 0s          
 Analyzing entries 7673 - 7692, now 7679 , sum entries = 19575 . . . Used time: 0s Expected left time: 0s          
 Analyzing entries 7673 - 7692, now 7680 , sum entries = 19575 . . . Used time: 0s Expected left time: 0s          
 Analyzing entries 7673 - 7692, now 7681 , sum entries = 19575 . . . Used time: 0s Expected left time: 0s          
 Analyzing entries 7673 - 7692, now 7682 , sum entries = 19575 . . . Used time: 0s Expected left time: 0s          
 Analyzing entries 7673 - 7692, now 7683 , sum entries = 19575 . . . Used time: 0s Expected left time: 0s          
 Analyzing entries 7673 - 7692, now 7684 , sum entries = 19575 . . . Used time: 0s Expected left time: 0s          
 Analyzing entries 7673 - 7692, now 7685 , sum entries = 19575 . . . Used time: 0s Expected left time: 0s          
 Analyzing entries 7673 - 7692, now 7686 , sum entries = 19575 . . . Used time: 0s Expected left time: 0s          
 Analyzing entries 7673 - 7692, now 7687 , sum entries = 19575 . . . Used time: 0s Expected left time: 0s          
 Analyzing entries 7673 - 7692, now 7688 , sum entries = 19575 . . . Used time: 0s Expected left time: 0s          
 Analyzing entries 7673 - 7692, now 7689 , sum entries = 19575 . . . Used time: 0s Expected left time: 0s          
 Analyzing entries 7673 - 7692, now 7690 , sum entries = 19575 . . . Used time: 0s Expected left time: 0s          
 Analyzing entries 7673 - 7692, now 7691 , sum entries = 19575 . . . Used time: 0s Expected left time: 0s          
 Save to RootFile /extdisk/zlin/Machine_learning/RecoPlanesFeatures/CMS_herwig_HT1000to1500-preVFP_jinitpt450_600_j2pt80_120Reco/Chunk39_Part2.root . . . Used time: 0s Expected left time: 0s          
 Analyzing entries 7692 - 7711, now 7692 , sum entries = 19575 . . . Used time: 0s Expected left time: 0s          
 Analyzing entries 7692 - 7711, now 7693 , sum entries = 19575 . . . Used time: 0s Expected left time: 0s          
 Analyzing entries 7692 - 7711, now 7694 , sum entries = 19575 . . . Used time: 0s Expected left time: 0s          
 Analyzing entries 7692 - 7711, now 7695 , sum entries = 19575 . . . Used time: 0s Expected left time: 0s          
 Analyzing entries 7692 - 7711, now 7696 , sum entries = 19575 . . . Used time: 0s Expected left time: 0s          
 Analyzing entries 7692 - 7711, now 7697 , sum entries = 19575 . . . Used time: 0s Expected left time: 0s          
 Analyzing entries 7692 - 7711, now 7698 , sum entries = 19575 . . . Used time: 0s Expected left time: 0s          
 Analyzing entries 7692 - 7711, now 7699 , sum entries = 19575 . . . Used time: 0s Expected left time: 0s          
 Analyzing entries 7692 - 7711, now 7700 , sum entries = 19575 . . . Used time: 0s Expected left time: 0s          
 Analyzing entries 7692 - 7711, now 7701 , sum entries = 19575 . . . Used time: 0s Expected left time: 0s          
 Analyzing entries 7692 - 7711, now 7702 , sum entries = 19575 . . . Used time: 0s Expected left time: 0s          
 Analyzing entries 7692 - 7711, now 7703 , sum entries = 19575 . . . Used time: 0s Expected left time: 0s          
 Analyzing entries 7692 - 7711, now 7704 , sum entries = 19575 . . . Used time: 0s Expected left time: 0s          
 Analyzing entries 7692 - 7711, now 7705 , sum entries = 19575 . . . Used time: 0s Expected left time: 0s          
 Analyzing entries 7692 - 7711, now 7706 , sum entries = 19575 . . . Used time: 0s Expected left time: 0s          
 Analyzing entries 7692 - 7711, now 7707 , sum entries = 19575 . . . Used time: 0s Expected left time: 0s          
 Analyzing entries 7692 - 7711, now 7708 , sum entries = 19575 . . . Used time: 0s Expected left time: 0s          
 Analyzing entries 7692 - 7711, now 7709 , sum entries = 19575 . . . Used time: 0s Expected left time: 0s          
 Analyzing entries 7692 - 7711, now 7710 , sum entries = 19575 . . . Used time: 0s Expected left time: 0s          
 Save to RootFile /extdisk/zlin/Machine_learning/RecoPlanesFeatures/CMS_herwig_HT1000to1500-preVFP_jinitpt450_600_j2pt80_120Reco/Chunk39_Part3.root . . . Used time: 0s Expected left time: 0s          
 Save to RootFile /extdisk/zlin/Machine_learning/RecoPlanesFeatures/CMS_herwig_HT1000to1500-preVFP_jinitpt450_600_j2pt80_120Reco/Chunk39_Part3.root . . . Used time: 0s Expected left time: 0s          
 Save to RootFile /extdisk/zlin/Machine_learning/RecoPlanesFeatures/CMS_herwig_HT1000to1500-preVFP_jinitpt450_600_j2pt80_120Reco/Chunk39_Part3.root . . . Used time: 0s Expected left time: 0s          
 Save to RootFile /extdisk/zlin/Machine_learning/RecoPlanesFeatures/CMS_herwig_HT1000to1500-preVFP_jinitpt450_600_j2pt80_120Reco/Chunk39_Part3.root . . . Used time: 0s Expected left time: 0s          
 Analyzing entries 7712 - 7731, now 7712 , sum entries = 19575 . . . Used time: 0s Expected left time: 0s          
 Analyzing entries 7712 - 7731, now 7713 , sum entries = 19575 . . . Used time: 0s Expected left time: 0s          
 Analyzing entries 7712 - 7731, now 7714 , sum entries = 19575 . . . Used time: 0s Expected left time: 0s          
 Analyzing entries 7712 - 7731, now 7715 , sum entries = 19575 . . . Used time: 0s Expected left time: 0s          
 Analyzing entries 7712 - 7731, now 7716 , sum entries = 19575 . . . Used time: 0s Expected left time: 0s          
 Analyzing entries 7712 - 7731, now 7717 , sum entries = 19575 . . . Used time: 0s Expected left time: 0s          
 Analyzing entries 7712 - 7731, now 7718 , sum entries = 19575 . . . Used time: 0s Expected left time: 0s          
 Analyzing entries 7712 - 7731, now 7719 , sum entries = 19575 . . . Used time: 0s Expected left time: 0s          
 Analyzing entries 7712 - 7731, now 7720 , sum entries = 19575 . . . Used time: 0s Expected left time: 0s          
 Analyzing entries 7712 - 7731, now 7721 , sum entries = 19575 . . . Used time: 0s Expected left time: 0s          
 Analyzing entries 7712 - 7731, now 7722 , sum entries = 19575 . . . Used time: 0s Expected left time: 0s          
 Analyzing entries 7712 - 7731, now 7723 , sum entries = 19575 . . . Used time: 0s Expected left time: 0s          
 Analyzing entries 7712 - 7731, now 7724 , sum entries = 19575 . . . Used time: 0s Expected left time: 0s          
 Analyzing entries 7712 - 7731, now 7725 , sum entries = 19575 . . . Used time: 0s Expected left time: 0s          
 Analyzing entries 7712 - 7731, now 7726 , sum entries = 19575 . . . Used time: 0s Expected left time: 0s          
 Analyzing entries 7712 - 7731, now 7727 , sum entries = 19575 . . . Used time: 0s Expected left time: 0s          
 Analyzing entries 7712 - 7731, now 7728 , sum entries = 19575 . . . Used time: 0s Expected left time: 0s          
 Analyzing entries 7712 - 7731, now 7729 , sum entries = 19575 . . . Used time: 0s Expected left time: 0s          
 Analyzing entries 7712 - 7731, now 7730 , sum entries = 19575 . . . Used time: 0s Expected left time: 0s          
terminate called after throwing an instance of 'std::out_of_range'
  what():  vector::_M_range_check: __n (which is 0) >= this->size() (which is 0)
