Warning in <TFile::Init>: file /extdisk/zlin/Machine_learning/RecoPlanes/CMS_herwig_HT1000to1500-preVFP/Chunk19_Part0.root probably not closed, trying to recover
Warning in <TFile::Init>: no keys recovered, file has been made a Zombie
Warning in <TFile::Init>: file /extdisk/zlin/Machine_learning/RecoPlanes/CMS_herwig_HT1000to1500-preVFP/Chunk20_Part0.root probably not closed, trying to recover
Warning in <TFile::Init>: no keys recovered, file has been made a Zombie
Warning in <TFile::Init>: file /extdisk/zlin/Machine_learning/RecoPlanes/CMS_herwig_HT1000to1500-preVFP/Chunk39_Part0.root probably not closed, trying to recover
Warning in <TFile::Init>: no keys recovered, file has been made a Zombie
Warning in <TFile::Init>: file /extdisk/zlin/Machine_learning/RecoPlanes/CMS_herwig_HT1000to1500-preVFP/Chunk41_Part0.root probably not closed, trying to recover
Warning in <TFile::Init>: no keys recovered, file has been made a Zombie
Warning in <TFile::Init>: file /extdisk/zlin/Machine_learning/RecoPlanes/CMS_herwig_HT1000to1500-preVFP/Chunk51_Part0.root probably not closed, trying to recover
Warning in <TFile::Init>: no keys recovered, file has been made a Zombie
Warning in <TFile::Init>: file /extdisk/zlin/Machine_learning/RecoPlanes/CMS_herwig_HT1000to1500-preVFP/Chunk89_Part0.root probably not closed, trying to recover
Warning in <TFile::Init>: no keys recovered, file has been made a Zombie
Warning in <TFile::Init>: file /extdisk/zlin/Machine_learning/RecoPlanes/CMS_herwig_HT1000to1500-preVFP/Chunk97_Part0.root probably not closed, trying to recover
Warning in <TFile::Init>: no keys recovered, file has been made a Zombie
Warning in <TFile::Init>: file /extdisk/zlin/Machine_learning/RecoPlanes/CMS_herwig_HT1000to1500-preVFP/Chunk99_Part0.root probably not closed, trying to recover
Warning in <TFile::Init>: no keys recovered, file has been made a Zombie
 Analyzing entries 29423 - 29461, now 29423 , sum entries = 38715 . . . Used time: 0s Expected left time: 0s          
 Analyzing entries 29423 - 29461, now 29424 , sum entries = 38715 . . . Used time: 0s Expected left time: 0s          
 Analyzing entries 29423 - 29461, now 29425 , sum entries = 38715 . . . Used time: 0s Expected left time: 0s          
 Analyzing entries 29423 - 29461, now 29426 , sum entries = 38715 . . . Used time: 0s Expected left time: 0s          
 Analyzing entries 29423 - 29461, now 29427 , sum entries = 38715 . . . Used time: 0s Expected left time: 0s          
 Analyzing entries 29423 - 29461, now 29428 , sum entries = 38715 . . . Used time: 0s Expected left time: 0s          
 Analyzing entries 29423 - 29461, now 29429 , sum entries = 38715 . . . Used time: 0s Expected left time: 0s          
 Analyzing entries 29423 - 29461, now 29430 , sum entries = 38715 . . . Used time: 0s Expected left time: 0s          
 Analyzing entries 29423 - 29461, now 29431 , sum entries = 38715 . . . Used time: 0s Expected left time: 0s          
 Analyzing entries 29423 - 29461, now 29432 , sum entries = 38715 . . . Used time: 0s Expected left time: 0s          
 Analyzing entries 29423 - 29461, now 29433 , sum entries = 38715 . . . Used time: 0s Expected left time: 0s          
 Analyzing entries 29423 - 29461, now 29434 , sum entries = 38715 . . . Used time: 0s Expected left time: 0s          
 Analyzing entries 29423 - 29461, now 29435 , sum entries = 38715 . . . Used time: 0s Expected left time: 0s          
 Analyzing entries 29423 - 29461, now 29436 , sum entries = 38715 . . . Used time: 0s Expected left time: 0s          
 Analyzing entries 29423 - 29461, now 29437 , sum entries = 38715 . . . Used time: 0s Expected left time: 0s          
 Analyzing entries 29423 - 29461, now 29438 , sum entries = 38715 . . . Used time: 0s Expected left time: 0s          
 Analyzing entries 29423 - 29461, now 29439 , sum entries = 38715 . . . Used time: 0s Expected left time: 0s          
 Analyzing entries 29423 - 29461, now 29440 , sum entries = 38715 . . . Used time: 0s Expected left time: 0s          
 Analyzing entries 29423 - 29461, now 29441 , sum entries = 38715 . . . Used time: 0s Expected left time: 0s          
 Analyzing entries 29423 - 29461, now 29442 , sum entries = 38715 . . . Used time: 0s Expected left time: 0s          
 Analyzing entries 29423 - 29461, now 29443 , sum entries = 38715 . . . Used time: 0s Expected left time: 0s          
 Analyzing entries 29423 - 29461, now 29444 , sum entries = 38715 . . . Used time: 0s Expected left time: 0s          
 Analyzing entries 29423 - 29461, now 29445 , sum entries = 38715 . . . Used time: 0s Expected left time: 0s          
 Analyzing entries 29423 - 29461, now 29446 , sum entries = 38715 . . . Used time: 0s Expected left time: 0s          
 Analyzing entries 29423 - 29461, now 29447 , sum entries = 38715 . . . Used time: 0s Expected left time: 0s          
 Analyzing entries 29423 - 29461, now 29448 , sum entries = 38715 . . . Used time: 0s Expected left time: 0s          
 Analyzing entries 29423 - 29461, now 29449 , sum entries = 38715 . . . Used time: 0s Expected left time: 0s          
 Analyzing entries 29423 - 29461, now 29450 , sum entries = 38715 . . . Used time: 0s Expected left time: 0s          
 Analyzing entries 29423 - 29461, now 29451 , sum entries = 38715 . . . Used time: 0s Expected left time: 0s          
 Analyzing entries 29423 - 29461, now 29452 , sum entries = 38715 . . . Used time: 0s Expected left time: 0s          
 Analyzing entries 29423 - 29461, now 29453 , sum entries = 38715 . . . Used time: 0s Expected left time: 0s          
 Analyzing entries 29423 - 29461, now 29454 , sum entries = 38715 . . . Used time: 0s Expected left time: 0s          
 Analyzing entries 29423 - 29461, now 29455 , sum entries = 38715 . . . Used time: 0s Expected left time: 0s          
 Analyzing entries 29423 - 29461, now 29456 , sum entries = 38715 . . . Used time: 0s Expected left time: 0s          
 Analyzing entries 29423 - 29461, now 29457 , sum entries = 38715 . . . Used time: 0s Expected left time: 0s          
 Analyzing entries 29423 - 29461, now 29458 , sum entries = 38715 . . . Used time: 0s Expected left time: 0s          
 Analyzing entries 29423 - 29461, now 29459 , sum entries = 38715 . . . Used time: 0s Expected left time: 0s          
 Analyzing entries 29423 - 29461, now 29460 , sum entries = 38715 . . . Used time: 0s Expected left time: 0s          
 Save to RootFile /extdisk/zlin/Machine_learning/RecoPlanesFeatures/CMS_herwig_HT1000to1500-preVFP_jinitpt450_600_j2pt80_120Reco/Chunk76_Part0.root . . . Used time: 0s Expected left time: 0s          
 Save to RootFile /extdisk/zlin/Machine_learning/RecoPlanesFeatures/CMS_herwig_HT1000to1500-preVFP_jinitpt450_600_j2pt80_120Reco/Chunk76_Part0.root . . . Used time: 0s Expected left time: 0s          
 Save to RootFile /extdisk/zlin/Machine_learning/RecoPlanesFeatures/CMS_herwig_HT1000to1500-preVFP_jinitpt450_600_j2pt80_120Reco/Chunk76_Part0.root . . . Used time: 0s Expected left time: 0s          
 Analyzing entries 29462 - 29500, now 29462 , sum entries = 38715 . . . Used time: 0s Expected left time: 0s          
 Analyzing entries 29462 - 29500, now 29463 , sum entries = 38715 . . . Used time: 0s Expected left time: 0s          
 Analyzing entries 29462 - 29500, now 29464 , sum entries = 38715 . . . Used time: 0s Expected left time: 0s          
 Analyzing entries 29462 - 29500, now 29465 , sum entries = 38715 . . . Used time: 0s Expected left time: 0s          
 Analyzing entries 29462 - 29500, now 29466 , sum entries = 38715 . . . Used time: 0s Expected left time: 0s          
 Analyzing entries 29462 - 29500, now 29467 , sum entries = 38715 . . . Used time: 0s Expected left time: 0s          
 Analyzing entries 29462 - 29500, now 29468 , sum entries = 38715 . . . Used time: 0s Expected left time: 0s          
 Analyzing entries 29462 - 29500, now 29469 , sum entries = 38715 . . . Used time: 0s Expected left time: 0s          
 Analyzing entries 29462 - 29500, now 29470 , sum entries = 38715 . . . Used time: 0s Expected left time: 0s          
 Analyzing entries 29462 - 29500, now 29471 , sum entries = 38715 . . . Used time: 0s Expected left time: 0s          
 Analyzing entries 29462 - 29500, now 29472 , sum entries = 38715 . . . Used time: 0s Expected left time: 0s          
 Analyzing entries 29462 - 29500, now 29473 , sum entries = 38715 . . . Used time: 0s Expected left time: 0s          
 Analyzing entries 29462 - 29500, now 29474 , sum entries = 38715 . . . Used time: 0s Expected left time: 0s          
 Analyzing entries 29462 - 29500, now 29475 , sum entries = 38715 . . . Used time: 0s Expected left time: 0s          
 Analyzing entries 29462 - 29500, now 29476 , sum entries = 38715 . . . Used time: 0s Expected left time: 0s          
 Analyzing entries 29462 - 29500, now 29477 , sum entries = 38715 . . . Used time: 0s Expected left time: 0s          
 Analyzing entries 29462 - 29500, now 29478 , sum entries = 38715 . . . Used time: 0s Expected left time: 0s          
 Analyzing entries 29462 - 29500, now 29479 , sum entries = 38715 . . . Used time: 0s Expected left time: 0s          
 Analyzing entries 29462 - 29500, now 29480 , sum entries = 38715 . . . Used time: 0s Expected left time: 0s          
 Analyzing entries 29462 - 29500, now 29481 , sum entries = 38715 . . . Used time: 0s Expected left time: 0s          
 Analyzing entries 29462 - 29500, now 29482 , sum entries = 38715 . . . Used time: 0s Expected left time: 0s          
 Analyzing entries 29462 - 29500, now 29483 , sum entries = 38715 . . . Used time: 0s Expected left time: 0s          
 Analyzing entries 29462 - 29500, now 29484 , sum entries = 38715 . . . Used time: 0s Expected left time: 0s          
 Analyzing entries 29462 - 29500, now 29485 , sum entries = 38715 . . . Used time: 0s Expected left time: 0s          
 Analyzing entries 29462 - 29500, now 29486 , sum entries = 38715 . . . Used time: 0s Expected left time: 0s          
 Analyzing entries 29462 - 29500, now 29487 , sum entries = 38715 . . . Used time: 0s Expected left time: 0s          
 Analyzing entries 29462 - 29500, now 29488 , sum entries = 38715 . . . Used time: 0s Expected left time: 0s          
 Analyzing entries 29462 - 29500, now 29489 , sum entries = 38715 . . . Used time: 0s Expected left time: 0s          
 Analyzing entries 29462 - 29500, now 29490 , sum entries = 38715 . . . Used time: 0s Expected left time: 0s          
 Analyzing entries 29462 - 29500, now 29491 , sum entries = 38715 . . . Used time: 0s Expected left time: 0s          
 Analyzing entries 29462 - 29500, now 29492 , sum entries = 38715 . . . Used time: 0s Expected left time: 0s          
 Analyzing entries 29462 - 29500, now 29493 , sum entries = 38715 . . . Used time: 0s Expected left time: 0s          
 Analyzing entries 29462 - 29500, now 29494 , sum entries = 38715 . . . Used time: 0s Expected left time: 0s          
 Analyzing entries 29462 - 29500, now 29495 , sum entries = 38715 . . . Used time: 0s Expected left time: 0s          
 Analyzing entries 29462 - 29500, now 29496 , sum entries = 38715 . . . Used time: 0s Expected left time: 0s          
 Analyzing entries 29462 - 29500, now 29497 , sum entries = 38715 . . . Used time: 0s Expected left time: 0s          
 Analyzing entries 29462 - 29500, now 29498 , sum entries = 38715 . . . Used time: 0s Expected left time: 0s          
 Analyzing entries 29462 - 29500, now 29499 , sum entries = 38715 . . . Used time: 0s Expected left time: 0s          
 Save to RootFile /extdisk/zlin/Machine_learning/RecoPlanesFeatures/CMS_herwig_HT1000to1500-preVFP_jinitpt450_600_j2pt80_120Reco/Chunk76_Part1.root . . . Used time: 0s Expected left time: 0s          
 Save to RootFile /extdisk/zlin/Machine_learning/RecoPlanesFeatures/CMS_herwig_HT1000to1500-preVFP_jinitpt450_600_j2pt80_120Reco/Chunk76_Part1.root . . . Used time: 0s Expected left time: 0s          
 Save to RootFile /extdisk/zlin/Machine_learning/RecoPlanesFeatures/CMS_herwig_HT1000to1500-preVFP_jinitpt450_600_j2pt80_120Reco/Chunk76_Part1.root . . . Used time: 0s Expected left time: 0s          
 Save to RootFile /extdisk/zlin/Machine_learning/RecoPlanesFeatures/CMS_herwig_HT1000to1500-preVFP_jinitpt450_600_j2pt80_120Reco/Chunk76_Part1.root . . . Used time: 0s Expected left time: 0s          
 Save to RootFile /extdisk/zlin/Machine_learning/RecoPlanesFeatures/CMS_herwig_HT1000to1500-preVFP_jinitpt450_600_j2pt80_120Reco/Chunk76_Part1.root . . . Used time: 0s Expected left time: 0s          
 Save to RootFile /extdisk/zlin/Machine_learning/RecoPlanesFeatures/CMS_herwig_HT1000to1500-preVFP_jinitpt450_600_j2pt80_120Reco/Chunk76_Part1.root . . . Used time: 0s Expected left time: 0s          
 Analyzing entries 29500 - 29538, now 29500 , sum entries = 38715 . . . Used time: 0s Expected left time: 0s          
 Analyzing entries 29500 - 29538, now 29501 , sum entries = 38715 . . . Used time: 0s Expected left time: 0s          
 Analyzing entries 29500 - 29538, now 29502 , sum entries = 38715 . . . Used time: 0s Expected left time: 0s          
 Analyzing entries 29500 - 29538, now 29503 , sum entries = 38715 . . . Used time: 0s Expected left time: 0s          
 Analyzing entries 29500 - 29538, now 29504 , sum entries = 38715 . . . Used time: 0s Expected left time: 0s          
 Analyzing entries 29500 - 29538, now 29505 , sum entries = 38715 . . . Used time: 0s Expected left time: 0s          
 Analyzing entries 29500 - 29538, now 29506 , sum entries = 38715 . . . Used time: 0s Expected left time: 0s          
 Analyzing entries 29500 - 29538, now 29507 , sum entries = 38715 . . . Used time: 0s Expected left time: 0s          
 Analyzing entries 29500 - 29538, now 29508 , sum entries = 38715 . . . Used time: 0s Expected left time: 0s          
 Analyzing entries 29500 - 29538, now 29509 , sum entries = 38715 . . . Used time: 0s Expected left time: 0s          
 Analyzing entries 29500 - 29538, now 29510 , sum entries = 38715 . . . Used time: 0s Expected left time: 0s          
 Analyzing entries 29500 - 29538, now 29511 , sum entries = 38715 . . . Used time: 0s Expected left time: 0s          
 Analyzing entries 29500 - 29538, now 29512 , sum entries = 38715 . . . Used time: 0s Expected left time: 0s          
 Analyzing entries 29500 - 29538, now 29513 , sum entries = 38715 . . . Used time: 0s Expected left time: 0s          
 Analyzing entries 29500 - 29538, now 29514 , sum entries = 38715 . . . Used time: 0s Expected left time: 0s          
 Analyzing entries 29500 - 29538, now 29515 , sum entries = 38715 . . . Used time: 0s Expected left time: 0s          
 Analyzing entries 29500 - 29538, now 29516 , sum entries = 38715 . . . Used time: 0s Expected left time: 0s          
 Analyzing entries 29500 - 29538, now 29517 , sum entries = 38715 . . . Used time: 0s Expected left time: 0s          
 Analyzing entries 29500 - 29538, now 29518 , sum entries = 38715 . . . Used time: 0s Expected left time: 0s          
 Analyzing entries 29500 - 29538, now 29519 , sum entries = 38715 . . . Used time: 0s Expected left time: 0s          
 Analyzing entries 29500 - 29538, now 29520 , sum entries = 38715 . . . Used time: 0s Expected left time: 0s          
 Analyzing entries 29500 - 29538, now 29521 , sum entries = 38715 . . . Used time: 0s Expected left time: 0s          
 Analyzing entries 29500 - 29538, now 29522 , sum entries = 38715 . . . Used time: 0s Expected left time: 0s          
 Analyzing entries 29500 - 29538, now 29523 , sum entries = 38715 . . . Used time: 0s Expected left time: 0s          
 Analyzing entries 29500 - 29538, now 29524 , sum entries = 38715 . . . Used time: 0s Expected left time: 0s          
 Analyzing entries 29500 - 29538, now 29525 , sum entries = 38715 . . . Used time: 0s Expected left time: 0s          
 Analyzing entries 29500 - 29538, now 29526 , sum entries = 38715 . . . Used time: 0s Expected left time: 0s          
 Analyzing entries 29500 - 29538, now 29527 , sum entries = 38715 . . . Used time: 0s Expected left time: 0s          
 Analyzing entries 29500 - 29538, now 29528 , sum entries = 38715 . . . Used time: 0s Expected left time: 0s          
 Analyzing entries 29500 - 29538, now 29529 , sum entries = 38715 . . . Used time: 0s Expected left time: 0s          
 Analyzing entries 29500 - 29538, now 29530 , sum entries = 38715 . . . Used time: 0s Expected left time: 0s          
 Analyzing entries 29500 - 29538, now 29531 , sum entries = 38715 . . . Used time: 0s Expected left time: 0s          
 Analyzing entries 29500 - 29538, now 29532 , sum entries = 38715 . . . Used time: 0s Expected left time: 0s          
 Analyzing entries 29500 - 29538, now 29533 , sum entries = 38715 . . . Used time: 0s Expected left time: 0s          
 Analyzing entries 29500 - 29538, now 29534 , sum entries = 38715 . . . Used time: 0s Expected left time: 0s          
 Analyzing entries 29500 - 29538, now 29535 , sum entries = 38715 . . . Used time: 0s Expected left time: 0s          
 Analyzing entries 29500 - 29538, now 29536 , sum entries = 38715 . . . Used time: 0s Expected left time: 0s          
 Analyzing entries 29500 - 29538, now 29537 , sum entries = 38715 . . . Used time: 0s Expected left time: 0s          
 Save to RootFile /extdisk/zlin/Machine_learning/RecoPlanesFeatures/CMS_herwig_HT1000to1500-preVFP_jinitpt450_600_j2pt80_120Reco/Chunk76_Part2.root . . . Used time: 0s Expected left time: 0s          
 Save to RootFile /extdisk/zlin/Machine_learning/RecoPlanesFeatures/CMS_herwig_HT1000to1500-preVFP_jinitpt450_600_j2pt80_120Reco/Chunk76_Part2.root . . . Used time: 0s Expected left time: 0s          
 Save to RootFile /extdisk/zlin/Machine_learning/RecoPlanesFeatures/CMS_herwig_HT1000to1500-preVFP_jinitpt450_600_j2pt80_120Reco/Chunk76_Part2.root . . . Used time: 0s Expected left time: 0s          
 Save to RootFile /extdisk/zlin/Machine_learning/RecoPlanesFeatures/CMS_herwig_HT1000to1500-preVFP_jinitpt450_600_j2pt80_120Reco/Chunk76_Part2.root . . . Used time: 0s Expected left time: 0s          
 Save to RootFile /extdisk/zlin/Machine_learning/RecoPlanesFeatures/CMS_herwig_HT1000to1500-preVFP_jinitpt450_600_j2pt80_120Reco/Chunk76_Part2.root . . . Used time: 0s Expected left time: 0s          
 Save to RootFile /extdisk/zlin/Machine_learning/RecoPlanesFeatures/CMS_herwig_HT1000to1500-preVFP_jinitpt450_600_j2pt80_120Reco/Chunk76_Part2.root . . . Used time: 0s Expected left time: 0s          
 Analyzing entries 29539 - 29577, now 29539 , sum entries = 38715 . . . Used time: 0s Expected left time: 0s          
 Analyzing entries 29539 - 29577, now 29540 , sum entries = 38715 . . . Used time: 0s Expected left time: 0s          
 Analyzing entries 29539 - 29577, now 29541 , sum entries = 38715 . . . Used time: 0s Expected left time: 0s          
 Analyzing entries 29539 - 29577, now 29542 , sum entries = 38715 . . . Used time: 0s Expected left time: 0s          
 Analyzing entries 29539 - 29577, now 29543 , sum entries = 38715 . . . Used time: 0s Expected left time: 0s          
 Analyzing entries 29539 - 29577, now 29544 , sum entries = 38715 . . . Used time: 0s Expected left time: 0s          
 Analyzing entries 29539 - 29577, now 29545 , sum entries = 38715 . . . Used time: 0s Expected left time: 0s          
 Analyzing entries 29539 - 29577, now 29546 , sum entries = 38715 . . . Used time: 0s Expected left time: 0s          
 Analyzing entries 29539 - 29577, now 29547 , sum entries = 38715 . . . Used time: 0s Expected left time: 0s          
 Analyzing entries 29539 - 29577, now 29548 , sum entries = 38715 . . . Used time: 0s Expected left time: 0s          
 Analyzing entries 29539 - 29577, now 29549 , sum entries = 38715 . . . Used time: 0s Expected left time: 0s          
 Analyzing entries 29539 - 29577, now 29550 , sum entries = 38715 . . . Used time: 0s Expected left time: 0s          
 Analyzing entries 29539 - 29577, now 29551 , sum entries = 38715 . . . Used time: 0s Expected left time: 0s          
 Analyzing entries 29539 - 29577, now 29552 , sum entries = 38715 . . . Used time: 0s Expected left time: 0s          
 Analyzing entries 29539 - 29577, now 29553 , sum entries = 38715 . . . Used time: 0s Expected left time: 0s          
 Analyzing entries 29539 - 29577, now 29554 , sum entries = 38715 . . . Used time: 0s Expected left time: 0s          
 Analyzing entries 29539 - 29577, now 29555 , sum entries = 38715 . . . Used time: 0s Expected left time: 0s          
 Analyzing entries 29539 - 29577, now 29556 , sum entries = 38715 . . . Used time: 0s Expected left time: 0s          
 Analyzing entries 29539 - 29577, now 29557 , sum entries = 38715 . . . Used time: 0s Expected left time: 0s          
 Analyzing entries 29539 - 29577, now 29558 , sum entries = 38715 . . . Used time: 0s Expected left time: 0s          
 Analyzing entries 29539 - 29577, now 29559 , sum entries = 38715 . . . Used time: 0s Expected left time: 0s          
 Analyzing entries 29539 - 29577, now 29560 , sum entries = 38715 . . . Used time: 0s Expected left time: 0s          
 Analyzing entries 29539 - 29577, now 29561 , sum entries = 38715 . . . Used time: 0s Expected left time: 0s          
 Analyzing entries 29539 - 29577, now 29562 , sum entries = 38715 . . . Used time: 0s Expected left time: 0s          
 Analyzing entries 29539 - 29577, now 29563 , sum entries = 38715 . . . Used time: 0s Expected left time: 0s          
 Analyzing entries 29539 - 29577, now 29564 , sum entries = 38715 . . . Used time: 0s Expected left time: 0s          
 Analyzing entries 29539 - 29577, now 29565 , sum entries = 38715 . . . Used time: 0s Expected left time: 0s          
 Analyzing entries 29539 - 29577, now 29566 , sum entries = 38715 . . . Used time: 0s Expected left time: 0s          
 Analyzing entries 29539 - 29577, now 29567 , sum entries = 38715 . . . Used time: 0s Expected left time: 0s          
 Analyzing entries 29539 - 29577, now 29568 , sum entries = 38715 . . . Used time: 0s Expected left time: 0s          
 Analyzing entries 29539 - 29577, now 29569 , sum entries = 38715 . . . Used time: 0s Expected left time: 0s          
 Analyzing entries 29539 - 29577, now 29570 , sum entries = 38715 . . . Used time: 0s Expected left time: 0s          
 Analyzing entries 29539 - 29577, now 29571 , sum entries = 38715 . . . Used time: 0s Expected left time: 0s          
 Analyzing entries 29539 - 29577, now 29572 , sum entries = 38715 . . . Used time: 0s Expected left time: 0s          
 Analyzing entries 29539 - 29577, now 29573 , sum entries = 38715 . . . Used time: 0s Expected left time: 0s          
 Analyzing entries 29539 - 29577, now 29574 , sum entries = 38715 . . . Used time: 0s Expected left time: 0s          
 Analyzing entries 29539 - 29577, now 29575 , sum entries = 38715 . . . Used time: 0s Expected left time: 0s          
 Analyzing entries 29539 - 29577, now 29576 , sum entries = 38715 . . . Used time: 0s Expected left time: 0s          
 Save to RootFile /extdisk/zlin/Machine_learning/RecoPlanesFeatures/CMS_herwig_HT1000to1500-preVFP_jinitpt450_600_j2pt80_120Reco/Chunk76_Part3.root . . . Used time: 0s Expected left time: 0s          
 Save to RootFile /extdisk/zlin/Machine_learning/RecoPlanesFeatures/CMS_herwig_HT1000to1500-preVFP_jinitpt450_600_j2pt80_120Reco/Chunk76_Part3.root . . . Used time: 0s Expected left time: 0s          
 Save to RootFile /extdisk/zlin/Machine_learning/RecoPlanesFeatures/CMS_herwig_HT1000to1500-preVFP_jinitpt450_600_j2pt80_120Reco/Chunk76_Part3.root . . . Used time: 0s Expected left time: 0s          
 Save to RootFile /extdisk/zlin/Machine_learning/RecoPlanesFeatures/CMS_herwig_HT1000to1500-preVFP_jinitpt450_600_j2pt80_120Reco/Chunk76_Part3.root . . . Used time: 0s Expected left time: 0s          
 Save to RootFile /extdisk/zlin/Machine_learning/RecoPlanesFeatures/CMS_herwig_HT1000to1500-preVFP_jinitpt450_600_j2pt80_120Reco/Chunk76_Part3.root . . . Used time: 0s Expected left time: 0s          
 Save to RootFile /extdisk/zlin/Machine_learning/RecoPlanesFeatures/CMS_herwig_HT1000to1500-preVFP_jinitpt450_600_j2pt80_120Reco/Chunk76_Part3.root . . . Used time: 0s Expected left time: 0s          
 Analyzing entries 29578 - 29616, now 29578 , sum entries = 38715 . . . Used time: 0s Expected left time: 0s          
 Analyzing entries 29578 - 29616, now 29579 , sum entries = 38715 . . . Used time: 0s Expected left time: 0s          
 Analyzing entries 29578 - 29616, now 29580 , sum entries = 38715 . . . Used time: 0s Expected left time: 0s          
 Analyzing entries 29578 - 29616, now 29581 , sum entries = 38715 . . . Used time: 0s Expected left time: 0s          
 Analyzing entries 29578 - 29616, now 29582 , sum entries = 38715 . . . Used time: 0s Expected left time: 0s          
 Analyzing entries 29578 - 29616, now 29583 , sum entries = 38715 . . . Used time: 0s Expected left time: 0s          
 Analyzing entries 29578 - 29616, now 29584 , sum entries = 38715 . . . Used time: 0s Expected left time: 0s          
 Analyzing entries 29578 - 29616, now 29585 , sum entries = 38715 . . . Used time: 0s Expected left time: 0s          
 Analyzing entries 29578 - 29616, now 29586 , sum entries = 38715 . . . Used time: 0s Expected left time: 0s          
 Analyzing entries 29578 - 29616, now 29587 , sum entries = 38715 . . . Used time: 0s Expected left time: 0s          
 Analyzing entries 29578 - 29616, now 29588 , sum entries = 38715 . . . Used time: 0s Expected left time: 0s          
 Analyzing entries 29578 - 29616, now 29589 , sum entries = 38715 . . . Used time: 0s Expected left time: 0s          
 Analyzing entries 29578 - 29616, now 29590 , sum entries = 38715 . . . Used time: 0s Expected left time: 0s          
 Analyzing entries 29578 - 29616, now 29591 , sum entries = 38715 . . . Used time: 0s Expected left time: 0s          
 Analyzing entries 29578 - 29616, now 29592 , sum entries = 38715 . . . Used time: 0s Expected left time: 0s          
 Analyzing entries 29578 - 29616, now 29593 , sum entries = 38715 . . . Used time: 0s Expected left time: 0s          
 Analyzing entries 29578 - 29616, now 29594 , sum entries = 38715 . . . Used time: 0s Expected left time: 0s          
 Analyzing entries 29578 - 29616, now 29595 , sum entries = 38715 . . . Used time: 0s Expected left time: 0s          
 Analyzing entries 29578 - 29616, now 29596 , sum entries = 38715 . . . Used time: 0s Expected left time: 0s          
 Analyzing entries 29578 - 29616, now 29597 , sum entries = 38715 . . . Used time: 0s Expected left time: 0s          
 Analyzing entries 29578 - 29616, now 29598 , sum entries = 38715 . . . Used time: 0s Expected left time: 0s          
 Analyzing entries 29578 - 29616, now 29599 , sum entries = 38715 . . . Used time: 0s Expected left time: 0s          
 Analyzing entries 29578 - 29616, now 29600 , sum entries = 38715 . . . Used time: 0s Expected left time: 0s          
 Analyzing entries 29578 - 29616, now 29601 , sum entries = 38715 . . . Used time: 0s Expected left time: 0s          
 Analyzing entries 29578 - 29616, now 29602 , sum entries = 38715 . . . Used time: 0s Expected left time: 0s          
 Analyzing entries 29578 - 29616, now 29603 , sum entries = 38715 . . . Used time: 0s Expected left time: 0s          
 Analyzing entries 29578 - 29616, now 29604 , sum entries = 38715 . . . Used time: 0s Expected left time: 0s          
 Analyzing entries 29578 - 29616, now 29605 , sum entries = 38715 . . . Used time: 0s Expected left time: 0s          
 Analyzing entries 29578 - 29616, now 29606 , sum entries = 38715 . . . Used time: 0s Expected left time: 0s          
 Analyzing entries 29578 - 29616, now 29607 , sum entries = 38715 . . . Used time: 0s Expected left time: 0s          
 Analyzing entries 29578 - 29616, now 29608 , sum entries = 38715 . . . Used time: 0s Expected left time: 0s          
 Analyzing entries 29578 - 29616, now 29609 , sum entries = 38715 . . . Used time: 0s Expected left time: 0s          
 Analyzing entries 29578 - 29616, now 29610 , sum entries = 38715 . . . Used time: 0s Expected left time: 0s          
 Analyzing entries 29578 - 29616, now 29611 , sum entries = 38715 . . . Used time: 0s Expected left time: 0s          
 Analyzing entries 29578 - 29616, now 29612 , sum entries = 38715 . . . Used time: 0s Expected left time: 0s          
 Analyzing entries 29578 - 29616, now 29613 , sum entries = 38715 . . . Used time: 0s Expected left time: 0s          
 Analyzing entries 29578 - 29616, now 29614 , sum entries = 38715 . . . Used time: 0s Expected left time: 0s          
 Analyzing entries 29578 - 29616, now 29615 , sum entries = 38715 . . . Used time: 0s Expected left time: 0s          
 Save to RootFile /extdisk/zlin/Machine_learning/RecoPlanesFeatures/CMS_herwig_HT1000to1500-preVFP_jinitpt450_600_j2pt80_120Reco/Chunk76_Part4.root . . . Used time: 0s Expected left time: 0s          
 Save to RootFile /extdisk/zlin/Machine_learning/RecoPlanesFeatures/CMS_herwig_HT1000to1500-preVFP_jinitpt450_600_j2pt80_120Reco/Chunk76_Part4.root . . . Used time: 0s Expected left time: 0s          
 Save to RootFile /extdisk/zlin/Machine_learning/RecoPlanesFeatures/CMS_herwig_HT1000to1500-preVFP_jinitpt450_600_j2pt80_120Reco/Chunk76_Part4.root . . . Used time: 0s Expected left time: 0s          
 Save to RootFile /extdisk/zlin/Machine_learning/RecoPlanesFeatures/CMS_herwig_HT1000to1500-preVFP_jinitpt450_600_j2pt80_120Reco/Chunk76_Part4.root . . . Used time: 0s Expected left time: 0s          
 Save to RootFile /extdisk/zlin/Machine_learning/RecoPlanesFeatures/CMS_herwig_HT1000to1500-preVFP_jinitpt450_600_j2pt80_120Reco/Chunk76_Part4.root . . . Used time: 0s Expected left time: 0s          
 Save to RootFile /extdisk/zlin/Machine_learning/RecoPlanesFeatures/CMS_herwig_HT1000to1500-preVFP_jinitpt450_600_j2pt80_120Reco/Chunk76_Part4.root . . . Used time: 0s Expected left time: 0s          
 Save to RootFile /extdisk/zlin/Machine_learning/RecoPlanesFeatures/CMS_herwig_HT1000to1500-preVFP_jinitpt450_600_j2pt80_120Reco/Chunk76_Part4.root . . . Used time: 0s Expected left time: 0s          
 Analyzing entries 29616 - 29654, now 29616 , sum entries = 38715 . . . Used time: 0s Expected left time: 0s          
 Analyzing entries 29616 - 29654, now 29617 , sum entries = 38715 . . . Used time: 0s Expected left time: 0s          
 Analyzing entries 29616 - 29654, now 29618 , sum entries = 38715 . . . Used time: 0s Expected left time: 0s          
 Analyzing entries 29616 - 29654, now 29619 , sum entries = 38715 . . . Used time: 0s Expected left time: 0s          
 Analyzing entries 29616 - 29654, now 29620 , sum entries = 38715 . . . Used time: 0s Expected left time: 0s          
 Analyzing entries 29616 - 29654, now 29621 , sum entries = 38715 . . . Used time: 0s Expected left time: 0s          
 Analyzing entries 29616 - 29654, now 29622 , sum entries = 38715 . . . Used time: 0s Expected left time: 0s          
 Analyzing entries 29616 - 29654, now 29623 , sum entries = 38715 . . . Used time: 0s Expected left time: 0s          
 Analyzing entries 29616 - 29654, now 29624 , sum entries = 38715 . . . Used time: 0s Expected left time: 0s          
 Analyzing entries 29616 - 29654, now 29625 , sum entries = 38715 . . . Used time: 0s Expected left time: 0s          
 Analyzing entries 29616 - 29654, now 29626 , sum entries = 38715 . . . Used time: 0s Expected left time: 0s          
 Analyzing entries 29616 - 29654, now 29627 , sum entries = 38715 . . . Used time: 0s Expected left time: 0s          
 Analyzing entries 29616 - 29654, now 29628 , sum entries = 38715 . . . Used time: 0s Expected left time: 0s          
 Analyzing entries 29616 - 29654, now 29629 , sum entries = 38715 . . . Used time: 0s Expected left time: 0s          
 Analyzing entries 29616 - 29654, now 29630 , sum entries = 38715 . . . Used time: 0s Expected left time: 0s          
 Analyzing entries 29616 - 29654, now 29631 , sum entries = 38715 . . . Used time: 0s Expected left time: 0s          
 Analyzing entries 29616 - 29654, now 29632 , sum entries = 38715 . . . Used time: 0s Expected left time: 0s          
 Analyzing entries 29616 - 29654, now 29633 , sum entries = 38715 . . . Used time: 0s Expected left time: 0s          
 Analyzing entries 29616 - 29654, now 29634 , sum entries = 38715 . . . Used time: 0s Expected left time: 0s          
 Analyzing entries 29616 - 29654, now 29635 , sum entries = 38715 . . . Used time: 0s Expected left time: 0s          
 Analyzing entries 29616 - 29654, now 29636 , sum entries = 38715 . . . Used time: 0s Expected left time: 0s          
 Analyzing entries 29616 - 29654, now 29637 , sum entries = 38715 . . . Used time: 0s Expected left time: 0s          
 Analyzing entries 29616 - 29654, now 29638 , sum entries = 38715 . . . Used time: 0s Expected left time: 0s          
 Analyzing entries 29616 - 29654, now 29639 , sum entries = 38715 . . . Used time: 0s Expected left time: 0s          
 Analyzing entries 29616 - 29654, now 29640 , sum entries = 38715 . . . Used time: 0s Expected left time: 0s          
 Analyzing entries 29616 - 29654, now 29641 , sum entries = 38715 . . . Used time: 0s Expected left time: 0s          
 Analyzing entries 29616 - 29654, now 29642 , sum entries = 38715 . . . Used time: 0s Expected left time: 0s          
 Analyzing entries 29616 - 29654, now 29643 , sum entries = 38715 . . . Used time: 0s Expected left time: 0s          
 Analyzing entries 29616 - 29654, now 29644 , sum entries = 38715 . . . Used time: 0s Expected left time: 0s          
 Analyzing entries 29616 - 29654, now 29645 , sum entries = 38715 . . . Used time: 0s Expected left time: 0s          
 Analyzing entries 29616 - 29654, now 29646 , sum entries = 38715 . . . Used time: 0s Expected left time: 0s          
 Analyzing entries 29616 - 29654, now 29647 , sum entries = 38715 . . . Used time: 0s Expected left time: 0s          
 Analyzing entries 29616 - 29654, now 29648 , sum entries = 38715 . . . Used time: 0s Expected left time: 0s          
 Analyzing entries 29616 - 29654, now 29649 , sum entries = 38715 . . . Used time: 0s Expected left time: 0s          
 Analyzing entries 29616 - 29654, now 29650 , sum entries = 38715 . . . Used time: 0s Expected left time: 0s          
 Analyzing entries 29616 - 29654, now 29651 , sum entries = 38715 . . . Used time: 0s Expected left time: 0s          
 Analyzing entries 29616 - 29654, now 29652 , sum entries = 38715 . . . Used time: 0s Expected left time: 0s          
 Analyzing entries 29616 - 29654, now 29653 , sum entries = 38715 . . . Used time: 0s Expected left time: 0s          
 Save to RootFile /extdisk/zlin/Machine_learning/RecoPlanesFeatures/CMS_herwig_HT1000to1500-preVFP_jinitpt450_600_j2pt80_120Reco/Chunk76_Part5.root . . . Used time: 0s Expected left time: 0s          
 Save to RootFile /extdisk/zlin/Machine_learning/RecoPlanesFeatures/CMS_herwig_HT1000to1500-preVFP_jinitpt450_600_j2pt80_120Reco/Chunk76_Part5.root . . . Used time: 0s Expected left time: 0s          
 Save to RootFile /extdisk/zlin/Machine_learning/RecoPlanesFeatures/CMS_herwig_HT1000to1500-preVFP_jinitpt450_600_j2pt80_120Reco/Chunk76_Part5.root . . . Used time: 0s Expected left time: 0s          
 Save to RootFile /extdisk/zlin/Machine_learning/RecoPlanesFeatures/CMS_herwig_HT1000to1500-preVFP_jinitpt450_600_j2pt80_120Reco/Chunk76_Part5.root . . . Used time: 0s Expected left time: 0s          
 Save to RootFile /extdisk/zlin/Machine_learning/RecoPlanesFeatures/CMS_herwig_HT1000to1500-preVFP_jinitpt450_600_j2pt80_120Reco/Chunk76_Part5.root . . . Used time: 0s Expected left time: 0s          
 Save to RootFile /extdisk/zlin/Machine_learning/RecoPlanesFeatures/CMS_herwig_HT1000to1500-preVFP_jinitpt450_600_j2pt80_120Reco/Chunk76_Part5.root . . . Used time: 0s Expected left time: 0s          
 Analyzing entries 29655 - 29693, now 29655 , sum entries = 38715 . . . Used time: 0s Expected left time: 0s          
 Analyzing entries 29655 - 29693, now 29656 , sum entries = 38715 . . . Used time: 0s Expected left time: 0s          
 Analyzing entries 29655 - 29693, now 29657 , sum entries = 38715 . . . Used time: 0s Expected left time: 0s          
 Analyzing entries 29655 - 29693, now 29658 , sum entries = 38715 . . . Used time: 0s Expected left time: 0s          
 Analyzing entries 29655 - 29693, now 29659 , sum entries = 38715 . . . Used time: 0s Expected left time: 0s          
 Analyzing entries 29655 - 29693, now 29660 , sum entries = 38715 . . . Used time: 0s Expected left time: 0s          
 Analyzing entries 29655 - 29693, now 29661 , sum entries = 38715 . . . Used time: 0s Expected left time: 0s          
 Analyzing entries 29655 - 29693, now 29662 , sum entries = 38715 . . . Used time: 0s Expected left time: 0s          
 Analyzing entries 29655 - 29693, now 29663 , sum entries = 38715 . . . Used time: 0s Expected left time: 0s          
 Analyzing entries 29655 - 29693, now 29664 , sum entries = 38715 . . . Used time: 0s Expected left time: 0s          
 Analyzing entries 29655 - 29693, now 29665 , sum entries = 38715 . . . Used time: 0s Expected left time: 0s          
 Analyzing entries 29655 - 29693, now 29666 , sum entries = 38715 . . . Used time: 0s Expected left time: 0s          
 Analyzing entries 29655 - 29693, now 29667 , sum entries = 38715 . . . Used time: 0s Expected left time: 0s          
 Analyzing entries 29655 - 29693, now 29668 , sum entries = 38715 . . . Used time: 0s Expected left time: 0s          
 Analyzing entries 29655 - 29693, now 29669 , sum entries = 38715 . . . Used time: 0s Expected left time: 0s          
 Analyzing entries 29655 - 29693, now 29670 , sum entries = 38715 . . . Used time: 0s Expected left time: 0s          
 Analyzing entries 29655 - 29693, now 29671 , sum entries = 38715 . . . Used time: 0s Expected left time: 0s          
 Analyzing entries 29655 - 29693, now 29672 , sum entries = 38715 . . . Used time: 0s Expected left time: 0s          
 Analyzing entries 29655 - 29693, now 29673 , sum entries = 38715 . . . Used time: 0s Expected left time: 0s          
 Analyzing entries 29655 - 29693, now 29674 , sum entries = 38715 . . . Used time: 0s Expected left time: 0s          
 Analyzing entries 29655 - 29693, now 29675 , sum entries = 38715 . . . Used time: 0s Expected left time: 0s          
 Analyzing entries 29655 - 29693, now 29676 , sum entries = 38715 . . . Used time: 0s Expected left time: 0s          
 Analyzing entries 29655 - 29693, now 29677 , sum entries = 38715 . . . Used time: 0s Expected left time: 0s          
 Analyzing entries 29655 - 29693, now 29678 , sum entries = 38715 . . . Used time: 0s Expected left time: 0s          
 Analyzing entries 29655 - 29693, now 29679 , sum entries = 38715 . . . Used time: 0s Expected left time: 0s          
 Analyzing entries 29655 - 29693, now 29680 , sum entries = 38715 . . . Used time: 0s Expected left time: 0s          
 Analyzing entries 29655 - 29693, now 29681 , sum entries = 38715 . . . Used time: 0s Expected left time: 0s          
 Analyzing entries 29655 - 29693, now 29682 , sum entries = 38715 . . . Used time: 0s Expected left time: 0s          
 Analyzing entries 29655 - 29693, now 29683 , sum entries = 38715 . . . Used time: 0s Expected left time: 0s          
 Analyzing entries 29655 - 29693, now 29684 , sum entries = 38715 . . . Used time: 0s Expected left time: 0s          
 Analyzing entries 29655 - 29693, now 29685 , sum entries = 38715 . . . Used time: 0s Expected left time: 0s          
 Analyzing entries 29655 - 29693, now 29686 , sum entries = 38715 . . . Used time: 0s Expected left time: 0s          
 Analyzing entries 29655 - 29693, now 29687 , sum entries = 38715 . . . Used time: 0s Expected left time: 0s          
 Analyzing entries 29655 - 29693, now 29688 , sum entries = 38715 . . . Used time: 0s Expected left time: 0s          
 Analyzing entries 29655 - 29693, now 29689 , sum entries = 38715 . . . Used time: 0s Expected left time: 0s          
 Analyzing entries 29655 - 29693, now 29690 , sum entries = 38715 . . . Used time: 0s Expected left time: 0s          
 Analyzing entries 29655 - 29693, now 29691 , sum entries = 38715 . . . Used time: 0s Expected left time: 0s          
 Analyzing entries 29655 - 29693, now 29692 , sum entries = 38715 . . . Used time: 0s Expected left time: 0s          
 Save to RootFile /extdisk/zlin/Machine_learning/RecoPlanesFeatures/CMS_herwig_HT1000to1500-preVFP_jinitpt450_600_j2pt80_120Reco/Chunk76_Part6.root . . . Used time: 0s Expected left time: 0s          
 Save to RootFile /extdisk/zlin/Machine_learning/RecoPlanesFeatures/CMS_herwig_HT1000to1500-preVFP_jinitpt450_600_j2pt80_120Reco/Chunk76_Part6.root . . . Used time: 0s Expected left time: 0s          
 Save to RootFile /extdisk/zlin/Machine_learning/RecoPlanesFeatures/CMS_herwig_HT1000to1500-preVFP_jinitpt450_600_j2pt80_120Reco/Chunk76_Part6.root . . . Used time: 0s Expected left time: 0s          
 Analyzing entries 29694 - 29732, now 29694 , sum entries = 38715 . . . Used time: 0s Expected left time: 0s          
 Analyzing entries 29694 - 29732, now 29695 , sum entries = 38715 . . . Used time: 0s Expected left time: 0s          
 Analyzing entries 29694 - 29732, now 29696 , sum entries = 38715 . . . Used time: 0s Expected left time: 0s          
 Analyzing entries 29694 - 29732, now 29697 , sum entries = 38715 . . . Used time: 0s Expected left time: 0s          
 Analyzing entries 29694 - 29732, now 29698 , sum entries = 38715 . . . Used time: 0s Expected left time: 0s          
 Analyzing entries 29694 - 29732, now 29699 , sum entries = 38715 . . . Used time: 0s Expected left time: 0s          
 Analyzing entries 29694 - 29732, now 29700 , sum entries = 38715 . . . Used time: 0s Expected left time: 0s          
 Analyzing entries 29694 - 29732, now 29701 , sum entries = 38715 . . . Used time: 0s Expected left time: 0s          
 Analyzing entries 29694 - 29732, now 29702 , sum entries = 38715 . . . Used time: 0s Expected left time: 0s          
 Analyzing entries 29694 - 29732, now 29703 , sum entries = 38715 . . . Used time: 0s Expected left time: 0s          
 Analyzing entries 29694 - 29732, now 29704 , sum entries = 38715 . . . Used time: 0s Expected left time: 0s          
 Analyzing entries 29694 - 29732, now 29705 , sum entries = 38715 . . . Used time: 0s Expected left time: 0s          
 Analyzing entries 29694 - 29732, now 29706 , sum entries = 38715 . . . Used time: 0s Expected left time: 0s          
 Analyzing entries 29694 - 29732, now 29707 , sum entries = 38715 . . . Used time: 0s Expected left time: 0s          
 Analyzing entries 29694 - 29732, now 29708 , sum entries = 38715 . . . Used time: 0s Expected left time: 0s          
 Analyzing entries 29694 - 29732, now 29709 , sum entries = 38715 . . . Used time: 0s Expected left time: 0s          
 Analyzing entries 29694 - 29732, now 29710 , sum entries = 38715 . . . Used time: 0s Expected left time: 0s          
 Analyzing entries 29694 - 29732, now 29711 , sum entries = 38715 . . . Used time: 0s Expected left time: 0s          
 Analyzing entries 29694 - 29732, now 29712 , sum entries = 38715 . . . Used time: 0s Expected left time: 0s          
 Analyzing entries 29694 - 29732, now 29713 , sum entries = 38715 . . . Used time: 0s Expected left time: 0s          
 Analyzing entries 29694 - 29732, now 29714 , sum entries = 38715 . . . Used time: 0s Expected left time: 0s          
 Analyzing entries 29694 - 29732, now 29715 , sum entries = 38715 . . . Used time: 0s Expected left time: 0s          
 Analyzing entries 29694 - 29732, now 29716 , sum entries = 38715 . . . Used time: 0s Expected left time: 0s          
 Analyzing entries 29694 - 29732, now 29717 , sum entries = 38715 . . . Used time: 0s Expected left time: 0s          
 Analyzing entries 29694 - 29732, now 29718 , sum entries = 38715 . . . Used time: 0s Expected left time: 0s          
 Analyzing entries 29694 - 29732, now 29719 , sum entries = 38715 . . . Used time: 0s Expected left time: 0s          
 Analyzing entries 29694 - 29732, now 29720 , sum entries = 38715 . . . Used time: 0s Expected left time: 0s          
 Analyzing entries 29694 - 29732, now 29721 , sum entries = 38715 . . . Used time: 0s Expected left time: 0s          
 Analyzing entries 29694 - 29732, now 29722 , sum entries = 38715 . . . Used time: 0s Expected left time: 0s          
 Analyzing entries 29694 - 29732, now 29723 , sum entries = 38715 . . . Used time: 0s Expected left time: 0s          
 Analyzing entries 29694 - 29732, now 29724 , sum entries = 38715 . . . Used time: 0s Expected left time: 0s          
 Analyzing entries 29694 - 29732, now 29725 , sum entries = 38715 . . . Used time: 0s Expected left time: 0s          
 Analyzing entries 29694 - 29732, now 29726 , sum entries = 38715 . . . Used time: 0s Expected left time: 0s          
 Analyzing entries 29694 - 29732, now 29727 , sum entries = 38715 . . . Used time: 0s Expected left time: 0s          
 Analyzing entries 29694 - 29732, now 29728 , sum entries = 38715 . . . Used time: 0s Expected left time: 0s          
 Analyzing entries 29694 - 29732, now 29729 , sum entries = 38715 . . . Used time: 0s Expected left time: 0s          
 Analyzing entries 29694 - 29732, now 29730 , sum entries = 38715 . . . Used time: 0s Expected left time: 0s          
 Analyzing entries 29694 - 29732, now 29731 , sum entries = 38715 . . . Used time: 0s Expected left time: 0s          
 Save to RootFile /extdisk/zlin/Machine_learning/RecoPlanesFeatures/CMS_herwig_HT1000to1500-preVFP_jinitpt450_600_j2pt80_120Reco/Chunk76_Part7.root . . . Used time: 0s Expected left time: 0s          
 Save to RootFile /extdisk/zlin/Machine_learning/RecoPlanesFeatures/CMS_herwig_HT1000to1500-preVFP_jinitpt450_600_j2pt80_120Reco/Chunk76_Part7.root . . . Used time: 0s Expected left time: 0s          
 Save to RootFile /extdisk/zlin/Machine_learning/RecoPlanesFeatures/CMS_herwig_HT1000to1500-preVFP_jinitpt450_600_j2pt80_120Reco/Chunk76_Part7.root . . . Used time: 0s Expected left time: 0s          
 Save to RootFile /extdisk/zlin/Machine_learning/RecoPlanesFeatures/CMS_herwig_HT1000to1500-preVFP_jinitpt450_600_j2pt80_120Reco/Chunk76_Part7.root . . . Used time: 0s Expected left time: 0s          
 Save to RootFile /extdisk/zlin/Machine_learning/RecoPlanesFeatures/CMS_herwig_HT1000to1500-preVFP_jinitpt450_600_j2pt80_120Reco/Chunk76_Part7.root . . . Used time: 0s Expected left time: 0s          
 Save to RootFile /extdisk/zlin/Machine_learning/RecoPlanesFeatures/CMS_herwig_HT1000to1500-preVFP_jinitpt450_600_j2pt80_120Reco/Chunk76_Part7.root . . . Used time: 0s Expected left time: 0s          
 Save to RootFile /extdisk/zlin/Machine_learning/RecoPlanesFeatures/CMS_herwig_HT1000to1500-preVFP_jinitpt450_600_j2pt80_120Reco/Chunk76_Part7.root . . . Used time: 0s Expected left time: 0s          
 Save to RootFile /extdisk/zlin/Machine_learning/RecoPlanesFeatures/CMS_herwig_HT1000to1500-preVFP_jinitpt450_600_j2pt80_120Reco/Chunk76_Part7.root . . . Used time: 0s Expected left time: 0s          
 Analyzing entries 29733 - 29771, now 29733 , sum entries = 38715 . . . Used time: 0s Expected left time: 0s          
 Analyzing entries 29733 - 29771, now 29734 , sum entries = 38715 . . . Used time: 0s Expected left time: 0s          
 Analyzing entries 29733 - 29771, now 29735 , sum entries = 38715 . . . Used time: 0s Expected left time: 0s          
 Analyzing entries 29733 - 29771, now 29736 , sum entries = 38715 . . . Used time: 0s Expected left time: 0s          
 Analyzing entries 29733 - 29771, now 29737 , sum entries = 38715 . . . Used time: 0s Expected left time: 0s          
 Analyzing entries 29733 - 29771, now 29738 , sum entries = 38715 . . . Used time: 0s Expected left time: 0s          
 Analyzing entries 29733 - 29771, now 29739 , sum entries = 38715 . . . Used time: 0s Expected left time: 0s          
 Analyzing entries 29733 - 29771, now 29740 , sum entries = 38715 . . . Used time: 0s Expected left time: 0s          
 Analyzing entries 29733 - 29771, now 29741 , sum entries = 38715 . . . Used time: 0s Expected left time: 0s          
 Analyzing entries 29733 - 29771, now 29742 , sum entries = 38715 . . . Used time: 0s Expected left time: 0s          
 Analyzing entries 29733 - 29771, now 29743 , sum entries = 38715 . . . Used time: 0s Expected left time: 0s          
 Analyzing entries 29733 - 29771, now 29744 , sum entries = 38715 . . . Used time: 0s Expected left time: 0s          
 Analyzing entries 29733 - 29771, now 29745 , sum entries = 38715 . . . Used time: 0s Expected left time: 0s          
 Analyzing entries 29733 - 29771, now 29746 , sum entries = 38715 . . . Used time: 0s Expected left time: 0s          
 Analyzing entries 29733 - 29771, now 29747 , sum entries = 38715 . . . Used time: 0s Expected left time: 0s          
 Analyzing entries 29733 - 29771, now 29748 , sum entries = 38715 . . . Used time: 0s Expected left time: 0s          
 Analyzing entries 29733 - 29771, now 29749 , sum entries = 38715 . . . Used time: 0s Expected left time: 0s          
 Analyzing entries 29733 - 29771, now 29750 , sum entries = 38715 . . . Used time: 0s Expected left time: 0s          
 Analyzing entries 29733 - 29771, now 29751 , sum entries = 38715 . . . Used time: 0s Expected left time: 0s          
 Analyzing entries 29733 - 29771, now 29752 , sum entries = 38715 . . . Used time: 0s Expected left time: 0s          
 Analyzing entries 29733 - 29771, now 29753 , sum entries = 38715 . . . Used time: 0s Expected left time: 0s          
 Analyzing entries 29733 - 29771, now 29754 , sum entries = 38715 . . . Used time: 0s Expected left time: 0s          
 Analyzing entries 29733 - 29771, now 29755 , sum entries = 38715 . . . Used time: 0s Expected left time: 0s          
 Analyzing entries 29733 - 29771, now 29756 , sum entries = 38715 . . . Used time: 0s Expected left time: 0s          
 Analyzing entries 29733 - 29771, now 29757 , sum entries = 38715 . . . Used time: 0s Expected left time: 0s          
 Analyzing entries 29733 - 29771, now 29758 , sum entries = 38715 . . . Used time: 0s Expected left time: 0s          
 Analyzing entries 29733 - 29771, now 29759 , sum entries = 38715 . . . Used time: 0s Expected left time: 0s          
 Analyzing entries 29733 - 29771, now 29760 , sum entries = 38715 . . . Used time: 0s Expected left time: 0s          
 Analyzing entries 29733 - 29771, now 29761 , sum entries = 38715 . . . Used time: 0s Expected left time: 0s          
 Analyzing entries 29733 - 29771, now 29762 , sum entries = 38715 . . . Used time: 0s Expected left time: 0s          
 Analyzing entries 29733 - 29771, now 29763 , sum entries = 38715 . . . Used time: 0s Expected left time: 0s          
 Analyzing entries 29733 - 29771, now 29764 , sum entries = 38715 . . . Used time: 0s Expected left time: 0s          
 Analyzing entries 29733 - 29771, now 29765 , sum entries = 38715 . . . Used time: 0s Expected left time: 0s          
 Analyzing entries 29733 - 29771, now 29766 , sum entries = 38715 . . . Used time: 0s Expected left time: 0s          
 Analyzing entries 29733 - 29771, now 29767 , sum entries = 38715 . . . Used time: 0s Expected left time: 0s          
 Analyzing entries 29733 - 29771, now 29768 , sum entries = 38715 . . . Used time: 0s Expected left time: 0s          
 Analyzing entries 29733 - 29771, now 29769 , sum entries = 38715 . . . Used time: 0s Expected left time: 0s          
 Analyzing entries 29733 - 29771, now 29770 , sum entries = 38715 . . . Used time: 0s Expected left time: 0s          
 Save to RootFile /extdisk/zlin/Machine_learning/RecoPlanesFeatures/CMS_herwig_HT1000to1500-preVFP_jinitpt450_600_j2pt80_120Reco/Chunk76_Part8.root . . . Used time: 0s Expected left time: 0s          
 Save to RootFile /extdisk/zlin/Machine_learning/RecoPlanesFeatures/CMS_herwig_HT1000to1500-preVFP_jinitpt450_600_j2pt80_120Reco/Chunk76_Part8.root . . . Used time: 0s Expected left time: 0s          
 Save to RootFile /extdisk/zlin/Machine_learning/RecoPlanesFeatures/CMS_herwig_HT1000to1500-preVFP_jinitpt450_600_j2pt80_120Reco/Chunk76_Part8.root . . . Used time: 0s Expected left time: 0s          
 Analyzing entries 29771 - 29809, now 29771 , sum entries = 38715 . . . Used time: 0s Expected left time: 0s          
 Analyzing entries 29771 - 29809, now 29772 , sum entries = 38715 . . . Used time: 0s Expected left time: 0s          
 Analyzing entries 29771 - 29809, now 29773 , sum entries = 38715 . . . Used time: 0s Expected left time: 0s          
 Analyzing entries 29771 - 29809, now 29774 , sum entries = 38715 . . . Used time: 0s Expected left time: 0s          
 Analyzing entries 29771 - 29809, now 29775 , sum entries = 38715 . . . Used time: 0s Expected left time: 0s          
 Analyzing entries 29771 - 29809, now 29776 , sum entries = 38715 . . . Used time: 0s Expected left time: 0s          
 Analyzing entries 29771 - 29809, now 29777 , sum entries = 38715 . . . Used time: 0s Expected left time: 0s          
 Analyzing entries 29771 - 29809, now 29778 , sum entries = 38715 . . . Used time: 0s Expected left time: 0s          
 Analyzing entries 29771 - 29809, now 29779 , sum entries = 38715 . . . Used time: 0s Expected left time: 0s          
 Analyzing entries 29771 - 29809, now 29780 , sum entries = 38715 . . . Used time: 0s Expected left time: 0s          
 Analyzing entries 29771 - 29809, now 29781 , sum entries = 38715 . . . Used time: 0s Expected left time: 0s          
 Analyzing entries 29771 - 29809, now 29782 , sum entries = 38715 . . . Used time: 0s Expected left time: 0s          
 Analyzing entries 29771 - 29809, now 29783 , sum entries = 38715 . . . Used time: 0s Expected left time: 0s          
 Analyzing entries 29771 - 29809, now 29784 , sum entries = 38715 . . . Used time: 0s Expected left time: 0s          
 Analyzing entries 29771 - 29809, now 29785 , sum entries = 38715 . . . Used time: 0s Expected left time: 0s          
 Analyzing entries 29771 - 29809, now 29786 , sum entries = 38715 . . . Used time: 0s Expected left time: 0s          
 Analyzing entries 29771 - 29809, now 29787 , sum entries = 38715 . . . Used time: 0s Expected left time: 0s          
 Analyzing entries 29771 - 29809, now 29788 , sum entries = 38715 . . . Used time: 0s Expected left time: 0s          
 Analyzing entries 29771 - 29809, now 29789 , sum entries = 38715 . . . Used time: 0s Expected left time: 0s          
 Analyzing entries 29771 - 29809, now 29790 , sum entries = 38715 . . . Used time: 0s Expected left time: 0s          
 Analyzing entries 29771 - 29809, now 29791 , sum entries = 38715 . . . Used time: 0s Expected left time: 0s          
 Analyzing entries 29771 - 29809, now 29792 , sum entries = 38715 . . . Used time: 0s Expected left time: 0s          
 Analyzing entries 29771 - 29809, now 29793 , sum entries = 38715 . . . Used time: 0s Expected left time: 0s          
 Analyzing entries 29771 - 29809, now 29794 , sum entries = 38715 . . . Used time: 0s Expected left time: 0s          
 Analyzing entries 29771 - 29809, now 29795 , sum entries = 38715 . . . Used time: 0s Expected left time: 0s          
 Analyzing entries 29771 - 29809, now 29796 , sum entries = 38715 . . . Used time: 0s Expected left time: 0s          
 Analyzing entries 29771 - 29809, now 29797 , sum entries = 38715 . . . Used time: 0s Expected left time: 0s          
 Analyzing entries 29771 - 29809, now 29798 , sum entries = 38715 . . . Used time: 0s Expected left time: 0s          
 Analyzing entries 29771 - 29809, now 29799 , sum entries = 38715 . . . Used time: 0s Expected left time: 0s          
 Analyzing entries 29771 - 29809, now 29800 , sum entries = 38715 . . . Used time: 0s Expected left time: 0s          
 Analyzing entries 29771 - 29809, now 29801 , sum entries = 38715 . . . Used time: 0s Expected left time: 0s          
 Analyzing entries 29771 - 29809, now 29802 , sum entries = 38715 . . . Used time: 0s Expected left time: 0s          
 Analyzing entries 29771 - 29809, now 29803 , sum entries = 38715 . . . Used time: 0s Expected left time: 0s          
 Analyzing entries 29771 - 29809, now 29804 , sum entries = 38715 . . . Used time: 0s Expected left time: 0s          
 Analyzing entries 29771 - 29809, now 29805 , sum entries = 38715 . . . Used time: 0s Expected left time: 0s          
 Analyzing entries 29771 - 29809, now 29806 , sum entries = 38715 . . . Used time: 0s Expected left time: 0s          
 Analyzing entries 29771 - 29809, now 29807 , sum entries = 38715 . . . Used time: 0s Expected left time: 0s          
 Analyzing entries 29771 - 29809, now 29808 , sum entries = 38715 . . . Used time: 0s Expected left time: 0s          
 Save to RootFile /extdisk/zlin/Machine_learning/RecoPlanesFeatures/CMS_herwig_HT1000to1500-preVFP_jinitpt450_600_j2pt80_120Reco/Chunk76_Part9.root . . . Used time: 0s Expected left time: 0s          
 Save to RootFile /extdisk/zlin/Machine_learning/RecoPlanesFeatures/CMS_herwig_HT1000to1500-preVFP_jinitpt450_600_j2pt80_120Reco/Chunk76_Part9.root . . . Used time: 0s Expected left time: 0s          
 Save to RootFile /extdisk/zlin/Machine_learning/RecoPlanesFeatures/CMS_herwig_HT1000to1500-preVFP_jinitpt450_600_j2pt80_120Reco/Chunk76_Part9.root . . . Used time: 0s Expected left time: 0s          
 Save to RootFile /extdisk/zlin/Machine_learning/RecoPlanesFeatures/CMS_herwig_HT1000to1500-preVFP_jinitpt450_600_j2pt80_120Reco/Chunk76_Part9.root . . . Used time: 0s Expected left time: 0s          
