Warning in <TFile::Init>: file /extdisk/zlin/Machine_learning/RecoPlanes/CMS_herwig_HT1000to1500-preVFP/Chunk25_Part0.root probably not closed, trying to recover
Warning in <TFile::Init>: no keys recovered, file has been made a Zombie
Warning in <TFile::Init>: file /extdisk/zlin/Machine_learning/RecoPlanes/CMS_herwig_HT1000to1500-preVFP/Chunk26_Part0.root probably not closed, trying to recover
Warning in <TFile::Init>: no keys recovered, file has been made a Zombie
Warning in <TFile::Init>: file /extdisk/zlin/Machine_learning/RecoPlanes/CMS_herwig_HT1000to1500-preVFP/Chunk36_Part0.root probably not closed, trying to recover
Warning in <TFile::Init>: no keys recovered, file has been made a Zombie
Warning in <TFile::Init>: file /extdisk/zlin/Machine_learning/RecoPlanes/CMS_herwig_HT1000to1500-preVFP/Chunk38_Part0.root probably not closed, trying to recover
Warning in <TFile::Init>: no keys recovered, file has been made a Zombie
Warning in <TFile::Init>: file /extdisk/zlin/Machine_learning/RecoPlanes/CMS_herwig_HT1000to1500-preVFP/Chunk39_Part0.root probably not closed, trying to recover
Warning in <TFile::Init>: no keys recovered, file has been made a Zombie
Warning in <TFile::Init>: file /extdisk/zlin/Machine_learning/RecoPlanes/CMS_herwig_HT1000to1500-preVFP/Chunk76_Part0.root probably not closed, trying to recover
Warning in <TFile::Init>: no keys recovered, file has been made a Zombie
Warning in <TFile::Init>: file /extdisk/zlin/Machine_learning/RecoPlanes/CMS_herwig_HT1000to1500-preVFP/Chunk89_Part0.root probably not closed, trying to recover
Warning in <TFile::Init>: no keys recovered, file has been made a Zombie
 Analyzing entries 21489 - 21522, now 21489 , sum entries = 33060 . . . Used time: 0s Expected left time: 0s          
 Analyzing entries 21489 - 21522, now 21490 , sum entries = 33060 . . . Used time: 0s Expected left time: 0s          
 Analyzing entries 21489 - 21522, now 21491 , sum entries = 33060 . . . Used time: 0s Expected left time: 0s          
 Analyzing entries 21489 - 21522, now 21492 , sum entries = 33060 . . . Used time: 0s Expected left time: 0s          
 Analyzing entries 21489 - 21522, now 21493 , sum entries = 33060 . . . Used time: 0s Expected left time: 0s          
 Analyzing entries 21489 - 21522, now 21494 , sum entries = 33060 . . . Used time: 0s Expected left time: 0s          
 Analyzing entries 21489 - 21522, now 21495 , sum entries = 33060 . . . Used time: 0s Expected left time: 0s          
 Analyzing entries 21489 - 21522, now 21496 , sum entries = 33060 . . . Used time: 0s Expected left time: 0s          
 Analyzing entries 21489 - 21522, now 21497 , sum entries = 33060 . . . Used time: 0s Expected left time: 0s          
 Analyzing entries 21489 - 21522, now 21498 , sum entries = 33060 . . . Used time: 0s Expected left time: 0s          
 Analyzing entries 21489 - 21522, now 21499 , sum entries = 33060 . . . Used time: 0s Expected left time: 0s          
 Analyzing entries 21489 - 21522, now 21500 , sum entries = 33060 . . . Used time: 0s Expected left time: 0s          
 Analyzing entries 21489 - 21522, now 21501 , sum entries = 33060 . . . Used time: 0s Expected left time: 0s          
 Analyzing entries 21489 - 21522, now 21502 , sum entries = 33060 . . . Used time: 0s Expected left time: 0s          
 Analyzing entries 21489 - 21522, now 21503 , sum entries = 33060 . . . Used time: 0s Expected left time: 0s          
 Analyzing entries 21489 - 21522, now 21504 , sum entries = 33060 . . . Used time: 0s Expected left time: 0s          
 Analyzing entries 21489 - 21522, now 21505 , sum entries = 33060 . . . Used time: 0s Expected left time: 0s          
 Analyzing entries 21489 - 21522, now 21506 , sum entries = 33060 . . . Used time: 0s Expected left time: 0s          
 Analyzing entries 21489 - 21522, now 21507 , sum entries = 33060 . . . Used time: 0s Expected left time: 0s          
 Analyzing entries 21489 - 21522, now 21508 , sum entries = 33060 . . . Used time: 0s Expected left time: 0s          
 Analyzing entries 21489 - 21522, now 21509 , sum entries = 33060 . . . Used time: 0s Expected left time: 0s          
 Analyzing entries 21489 - 21522, now 21510 , sum entries = 33060 . . . Used time: 0s Expected left time: 0s          
 Analyzing entries 21489 - 21522, now 21511 , sum entries = 33060 . . . Used time: 0s Expected left time: 0s          
 Analyzing entries 21489 - 21522, now 21512 , sum entries = 33060 . . . Used time: 0s Expected left time: 0s          
 Analyzing entries 21489 - 21522, now 21513 , sum entries = 33060 . . . Used time: 0s Expected left time: 0s          
 Analyzing entries 21489 - 21522, now 21514 , sum entries = 33060 . . . Used time: 0s Expected left time: 0s          
 Analyzing entries 21489 - 21522, now 21515 , sum entries = 33060 . . . Used time: 0s Expected left time: 0s          
 Analyzing entries 21489 - 21522, now 21516 , sum entries = 33060 . . . Used time: 0s Expected left time: 0s          
 Analyzing entries 21489 - 21522, now 21517 , sum entries = 33060 . . . Used time: 0s Expected left time: 0s          
 Analyzing entries 21489 - 21522, now 21518 , sum entries = 33060 . . . Used time: 0s Expected left time: 0s          
 Analyzing entries 21489 - 21522, now 21519 , sum entries = 33060 . . . Used time: 0s Expected left time: 0s          
 Analyzing entries 21489 - 21522, now 21520 , sum entries = 33060 . . . Used time: 0s Expected left time: 0s          
 Analyzing entries 21489 - 21522, now 21521 , sum entries = 33060 . . . Used time: 0s Expected left time: 0s          
 Save to RootFile /extdisk/zlin/Machine_learning/RecoPlanesFeatures/CMS_herwig_HT1000to1500-preVFP_jinitpt450_600_j2pt80_120Reco/Chunk65_Part0.root . . . Used time: 0s Expected left time: 0s          
 Save to RootFile /extdisk/zlin/Machine_learning/RecoPlanesFeatures/CMS_herwig_HT1000to1500-preVFP_jinitpt450_600_j2pt80_120Reco/Chunk65_Part0.root . . . Used time: 0s Expected left time: 0s          
 Analyzing entries 21522 - 21555, now 21522 , sum entries = 33060 . . . Used time: 0s Expected left time: 0s          
 Analyzing entries 21522 - 21555, now 21523 , sum entries = 33060 . . . Used time: 0s Expected left time: 0s          
 Analyzing entries 21522 - 21555, now 21524 , sum entries = 33060 . . . Used time: 0s Expected left time: 0s          
 Analyzing entries 21522 - 21555, now 21525 , sum entries = 33060 . . . Used time: 0s Expected left time: 0s          
 Analyzing entries 21522 - 21555, now 21526 , sum entries = 33060 . . . Used time: 0s Expected left time: 0s          
 Analyzing entries 21522 - 21555, now 21527 , sum entries = 33060 . . . Used time: 0s Expected left time: 0s          
 Analyzing entries 21522 - 21555, now 21528 , sum entries = 33060 . . . Used time: 0s Expected left time: 0s          
 Analyzing entries 21522 - 21555, now 21529 , sum entries = 33060 . . . Used time: 0s Expected left time: 0s          
 Analyzing entries 21522 - 21555, now 21530 , sum entries = 33060 . . . Used time: 0s Expected left time: 0s          
 Analyzing entries 21522 - 21555, now 21531 , sum entries = 33060 . . . Used time: 0s Expected left time: 0s          
 Analyzing entries 21522 - 21555, now 21532 , sum entries = 33060 . . . Used time: 0s Expected left time: 0s          
 Analyzing entries 21522 - 21555, now 21533 , sum entries = 33060 . . . Used time: 0s Expected left time: 0s          
 Analyzing entries 21522 - 21555, now 21534 , sum entries = 33060 . . . Used time: 0s Expected left time: 0s          
 Analyzing entries 21522 - 21555, now 21535 , sum entries = 33060 . . . Used time: 0s Expected left time: 0s          
 Analyzing entries 21522 - 21555, now 21536 , sum entries = 33060 . . . Used time: 0s Expected left time: 0s          
 Analyzing entries 21522 - 21555, now 21537 , sum entries = 33060 . . . Used time: 0s Expected left time: 0s          
 Analyzing entries 21522 - 21555, now 21538 , sum entries = 33060 . . . Used time: 0s Expected left time: 0s          
 Analyzing entries 21522 - 21555, now 21539 , sum entries = 33060 . . . Used time: 0s Expected left time: 0s          
 Analyzing entries 21522 - 21555, now 21540 , sum entries = 33060 . . . Used time: 0s Expected left time: 0s          
 Analyzing entries 21522 - 21555, now 21541 , sum entries = 33060 . . . Used time: 0s Expected left time: 0s          
 Analyzing entries 21522 - 21555, now 21542 , sum entries = 33060 . . . Used time: 0s Expected left time: 0s          
 Analyzing entries 21522 - 21555, now 21543 , sum entries = 33060 . . . Used time: 0s Expected left time: 0s          
 Analyzing entries 21522 - 21555, now 21544 , sum entries = 33060 . . . Used time: 0s Expected left time: 0s          
 Analyzing entries 21522 - 21555, now 21545 , sum entries = 33060 . . . Used time: 0s Expected left time: 0s          
 Analyzing entries 21522 - 21555, now 21546 , sum entries = 33060 . . . Used time: 0s Expected left time: 0s          
 Analyzing entries 21522 - 21555, now 21547 , sum entries = 33060 . . . Used time: 0s Expected left time: 0s          
 Analyzing entries 21522 - 21555, now 21548 , sum entries = 33060 . . . Used time: 0s Expected left time: 0s          
 Analyzing entries 21522 - 21555, now 21549 , sum entries = 33060 . . . Used time: 0s Expected left time: 0s          
 Analyzing entries 21522 - 21555, now 21550 , sum entries = 33060 . . . Used time: 0s Expected left time: 0s          
 Analyzing entries 21522 - 21555, now 21551 , sum entries = 33060 . . . Used time: 0s Expected left time: 0s          
 Analyzing entries 21522 - 21555, now 21552 , sum entries = 33060 . . . Used time: 0s Expected left time: 0s          
 Analyzing entries 21522 - 21555, now 21553 , sum entries = 33060 . . . Used time: 0s Expected left time: 0s          
 Analyzing entries 21522 - 21555, now 21554 , sum entries = 33060 . . . Used time: 0s Expected left time: 0s          
 Save to RootFile /extdisk/zlin/Machine_learning/RecoPlanesFeatures/CMS_herwig_HT1000to1500-preVFP_jinitpt450_600_j2pt80_120Reco/Chunk65_Part1.root . . . Used time: 0s Expected left time: 0s          
 Save to RootFile /extdisk/zlin/Machine_learning/RecoPlanesFeatures/CMS_herwig_HT1000to1500-preVFP_jinitpt450_600_j2pt80_120Reco/Chunk65_Part1.root . . . Used time: 0s Expected left time: 0s          
 Save to RootFile /extdisk/zlin/Machine_learning/RecoPlanesFeatures/CMS_herwig_HT1000to1500-preVFP_jinitpt450_600_j2pt80_120Reco/Chunk65_Part1.root . . . Used time: 0s Expected left time: 0s          
 Analyzing entries 21555 - 21588, now 21555 , sum entries = 33060 . . . Used time: 0s Expected left time: 0s          
 Analyzing entries 21555 - 21588, now 21556 , sum entries = 33060 . . . Used time: 0s Expected left time: 0s          
 Analyzing entries 21555 - 21588, now 21557 , sum entries = 33060 . . . Used time: 0s Expected left time: 0s          
 Analyzing entries 21555 - 21588, now 21558 , sum entries = 33060 . . . Used time: 0s Expected left time: 0s          
 Analyzing entries 21555 - 21588, now 21559 , sum entries = 33060 . . . Used time: 0s Expected left time: 0s          
 Analyzing entries 21555 - 21588, now 21560 , sum entries = 33060 . . . Used time: 0s Expected left time: 0s          
 Analyzing entries 21555 - 21588, now 21561 , sum entries = 33060 . . . Used time: 0s Expected left time: 0s          
 Analyzing entries 21555 - 21588, now 21562 , sum entries = 33060 . . . Used time: 0s Expected left time: 0s          
 Analyzing entries 21555 - 21588, now 21563 , sum entries = 33060 . . . Used time: 0s Expected left time: 0s          
 Analyzing entries 21555 - 21588, now 21564 , sum entries = 33060 . . . Used time: 0s Expected left time: 0s          
 Analyzing entries 21555 - 21588, now 21565 , sum entries = 33060 . . . Used time: 0s Expected left time: 0s          
 Analyzing entries 21555 - 21588, now 21566 , sum entries = 33060 . . . Used time: 0s Expected left time: 0s          
 Analyzing entries 21555 - 21588, now 21567 , sum entries = 33060 . . . Used time: 0s Expected left time: 0s          
 Analyzing entries 21555 - 21588, now 21568 , sum entries = 33060 . . . Used time: 0s Expected left time: 0s          
 Analyzing entries 21555 - 21588, now 21569 , sum entries = 33060 . . . Used time: 0s Expected left time: 0s          
 Analyzing entries 21555 - 21588, now 21570 , sum entries = 33060 . . . Used time: 0s Expected left time: 0s          
 Analyzing entries 21555 - 21588, now 21571 , sum entries = 33060 . . . Used time: 0s Expected left time: 0s          
 Analyzing entries 21555 - 21588, now 21572 , sum entries = 33060 . . . Used time: 0s Expected left time: 0s          
 Analyzing entries 21555 - 21588, now 21573 , sum entries = 33060 . . . Used time: 0s Expected left time: 0s          
 Analyzing entries 21555 - 21588, now 21574 , sum entries = 33060 . . . Used time: 0s Expected left time: 0s          
 Analyzing entries 21555 - 21588, now 21575 , sum entries = 33060 . . . Used time: 0s Expected left time: 0s          
 Analyzing entries 21555 - 21588, now 21576 , sum entries = 33060 . . . Used time: 0s Expected left time: 0s          
 Analyzing entries 21555 - 21588, now 21577 , sum entries = 33060 . . . Used time: 0s Expected left time: 0s          
 Analyzing entries 21555 - 21588, now 21578 , sum entries = 33060 . . . Used time: 0s Expected left time: 0s          
 Analyzing entries 21555 - 21588, now 21579 , sum entries = 33060 . . . Used time: 0s Expected left time: 0s          
 Analyzing entries 21555 - 21588, now 21580 , sum entries = 33060 . . . Used time: 0s Expected left time: 0s          
 Analyzing entries 21555 - 21588, now 21581 , sum entries = 33060 . . . Used time: 0s Expected left time: 0s          
 Analyzing entries 21555 - 21588, now 21582 , sum entries = 33060 . . . Used time: 0s Expected left time: 0s          
 Analyzing entries 21555 - 21588, now 21583 , sum entries = 33060 . . . Used time: 0s Expected left time: 0s          
 Analyzing entries 21555 - 21588, now 21584 , sum entries = 33060 . . . Used time: 0s Expected left time: 0s          
 Analyzing entries 21555 - 21588, now 21585 , sum entries = 33060 . . . Used time: 0s Expected left time: 0s          
 Analyzing entries 21555 - 21588, now 21586 , sum entries = 33060 . . . Used time: 0s Expected left time: 0s          
 Analyzing entries 21555 - 21588, now 21587 , sum entries = 33060 . . . Used time: 0s Expected left time: 0s          
 Save to RootFile /extdisk/zlin/Machine_learning/RecoPlanesFeatures/CMS_herwig_HT1000to1500-preVFP_jinitpt450_600_j2pt80_120Reco/Chunk65_Part2.root . . . Used time: 0s Expected left time: 0s          
 Analyzing entries 21588 - 21621, now 21588 , sum entries = 33060 . . . Used time: 0s Expected left time: 0s          
 Analyzing entries 21588 - 21621, now 21589 , sum entries = 33060 . . . Used time: 0s Expected left time: 0s          
 Analyzing entries 21588 - 21621, now 21590 , sum entries = 33060 . . . Used time: 0s Expected left time: 0s          
 Analyzing entries 21588 - 21621, now 21591 , sum entries = 33060 . . . Used time: 0s Expected left time: 0s          
 Analyzing entries 21588 - 21621, now 21592 , sum entries = 33060 . . . Used time: 0s Expected left time: 0s          
 Analyzing entries 21588 - 21621, now 21593 , sum entries = 33060 . . . Used time: 0s Expected left time: 0s          
 Analyzing entries 21588 - 21621, now 21594 , sum entries = 33060 . . . Used time: 0s Expected left time: 0s          
 Analyzing entries 21588 - 21621, now 21595 , sum entries = 33060 . . . Used time: 0s Expected left time: 0s          
 Analyzing entries 21588 - 21621, now 21596 , sum entries = 33060 . . . Used time: 0s Expected left time: 0s          
 Analyzing entries 21588 - 21621, now 21597 , sum entries = 33060 . . . Used time: 0s Expected left time: 0s          
 Analyzing entries 21588 - 21621, now 21598 , sum entries = 33060 . . . Used time: 0s Expected left time: 0s          
 Analyzing entries 21588 - 21621, now 21599 , sum entries = 33060 . . . Used time: 0s Expected left time: 0s          
 Analyzing entries 21588 - 21621, now 21600 , sum entries = 33060 . . . Used time: 0s Expected left time: 0s          
 Analyzing entries 21588 - 21621, now 21601 , sum entries = 33060 . . . Used time: 0s Expected left time: 0s          
 Analyzing entries 21588 - 21621, now 21602 , sum entries = 33060 . . . Used time: 0s Expected left time: 0s          
 Analyzing entries 21588 - 21621, now 21603 , sum entries = 33060 . . . Used time: 0s Expected left time: 0s          
 Analyzing entries 21588 - 21621, now 21604 , sum entries = 33060 . . . Used time: 0s Expected left time: 0s          
 Analyzing entries 21588 - 21621, now 21605 , sum entries = 33060 . . . Used time: 0s Expected left time: 0s          
 Analyzing entries 21588 - 21621, now 21606 , sum entries = 33060 . . . Used time: 0s Expected left time: 0s          
 Analyzing entries 21588 - 21621, now 21607 , sum entries = 33060 . . . Used time: 0s Expected left time: 0s          
 Analyzing entries 21588 - 21621, now 21608 , sum entries = 33060 . . . Used time: 0s Expected left time: 0s          
 Analyzing entries 21588 - 21621, now 21609 , sum entries = 33060 . . . Used time: 0s Expected left time: 0s          
 Analyzing entries 21588 - 21621, now 21610 , sum entries = 33060 . . . Used time: 0s Expected left time: 0s          
 Analyzing entries 21588 - 21621, now 21611 , sum entries = 33060 . . . Used time: 0s Expected left time: 0s          
 Analyzing entries 21588 - 21621, now 21612 , sum entries = 33060 . . . Used time: 0s Expected left time: 0s          
 Analyzing entries 21588 - 21621, now 21613 , sum entries = 33060 . . . Used time: 0s Expected left time: 0s          
 Analyzing entries 21588 - 21621, now 21614 , sum entries = 33060 . . . Used time: 0s Expected left time: 0s          
 Analyzing entries 21588 - 21621, now 21615 , sum entries = 33060 . . . Used time: 0s Expected left time: 0s          
 Analyzing entries 21588 - 21621, now 21616 , sum entries = 33060 . . . Used time: 0s Expected left time: 0s          
 Analyzing entries 21588 - 21621, now 21617 , sum entries = 33060 . . . Used time: 0s Expected left time: 0s          
 Analyzing entries 21588 - 21621, now 21618 , sum entries = 33060 . . . Used time: 0s Expected left time: 0s          
 Analyzing entries 21588 - 21621, now 21619 , sum entries = 33060 . . . Used time: 0s Expected left time: 0s          
 Analyzing entries 21588 - 21621, now 21620 , sum entries = 33060 . . . Used time: 0s Expected left time: 0s          
 Save to RootFile /extdisk/zlin/Machine_learning/RecoPlanesFeatures/CMS_herwig_HT1000to1500-preVFP_jinitpt450_600_j2pt80_120Reco/Chunk65_Part3.root . . . Used time: 0s Expected left time: 0s          
 Save to RootFile /extdisk/zlin/Machine_learning/RecoPlanesFeatures/CMS_herwig_HT1000to1500-preVFP_jinitpt450_600_j2pt80_120Reco/Chunk65_Part3.root . . . Used time: 0s Expected left time: 0s          
 Save to RootFile /extdisk/zlin/Machine_learning/RecoPlanesFeatures/CMS_herwig_HT1000to1500-preVFP_jinitpt450_600_j2pt80_120Reco/Chunk65_Part3.root . . . Used time: 0s Expected left time: 0s          
 Analyzing entries 21621 - 21654, now 21621 , sum entries = 33060 . . . Used time: 0s Expected left time: 0s          
 Analyzing entries 21621 - 21654, now 21622 , sum entries = 33060 . . . Used time: 0s Expected left time: 0s          
 Analyzing entries 21621 - 21654, now 21623 , sum entries = 33060 . . . Used time: 0s Expected left time: 0s          
 Analyzing entries 21621 - 21654, now 21624 , sum entries = 33060 . . . Used time: 0s Expected left time: 0s          
 Analyzing entries 21621 - 21654, now 21625 , sum entries = 33060 . . . Used time: 0s Expected left time: 0s          
 Analyzing entries 21621 - 21654, now 21626 , sum entries = 33060 . . . Used time: 0s Expected left time: 0s          
 Analyzing entries 21621 - 21654, now 21627 , sum entries = 33060 . . . Used time: 0s Expected left time: 0s          
 Analyzing entries 21621 - 21654, now 21628 , sum entries = 33060 . . . Used time: 0s Expected left time: 0s          
 Analyzing entries 21621 - 21654, now 21629 , sum entries = 33060 . . . Used time: 0s Expected left time: 0s          
 Analyzing entries 21621 - 21654, now 21630 , sum entries = 33060 . . . Used time: 0s Expected left time: 0s          
 Analyzing entries 21621 - 21654, now 21631 , sum entries = 33060 . . . Used time: 0s Expected left time: 0s          
 Analyzing entries 21621 - 21654, now 21632 , sum entries = 33060 . . . Used time: 0s Expected left time: 0s          
 Analyzing entries 21621 - 21654, now 21633 , sum entries = 33060 . . . Used time: 0s Expected left time: 0s          
 Analyzing entries 21621 - 21654, now 21634 , sum entries = 33060 . . . Used time: 0s Expected left time: 0s          
 Analyzing entries 21621 - 21654, now 21635 , sum entries = 33060 . . . Used time: 0s Expected left time: 0s          
 Analyzing entries 21621 - 21654, now 21636 , sum entries = 33060 . . . Used time: 0s Expected left time: 0s          
 Analyzing entries 21621 - 21654, now 21637 , sum entries = 33060 . . . Used time: 0s Expected left time: 0s          
 Analyzing entries 21621 - 21654, now 21638 , sum entries = 33060 . . . Used time: 0s Expected left time: 0s          
 Analyzing entries 21621 - 21654, now 21639 , sum entries = 33060 . . . Used time: 0s Expected left time: 0s          
 Analyzing entries 21621 - 21654, now 21640 , sum entries = 33060 . . . Used time: 0s Expected left time: 0s          
 Analyzing entries 21621 - 21654, now 21641 , sum entries = 33060 . . . Used time: 0s Expected left time: 0s          
 Analyzing entries 21621 - 21654, now 21642 , sum entries = 33060 . . . Used time: 0s Expected left time: 0s          
 Analyzing entries 21621 - 21654, now 21643 , sum entries = 33060 . . . Used time: 0s Expected left time: 0s          
 Analyzing entries 21621 - 21654, now 21644 , sum entries = 33060 . . . Used time: 0s Expected left time: 0s          
 Analyzing entries 21621 - 21654, now 21645 , sum entries = 33060 . . . Used time: 0s Expected left time: 0s          
 Analyzing entries 21621 - 21654, now 21646 , sum entries = 33060 . . . Used time: 0s Expected left time: 0s          
 Analyzing entries 21621 - 21654, now 21647 , sum entries = 33060 . . . Used time: 0s Expected left time: 0s          
 Analyzing entries 21621 - 21654, now 21648 , sum entries = 33060 . . . Used time: 0s Expected left time: 0s          
 Analyzing entries 21621 - 21654, now 21649 , sum entries = 33060 . . . Used time: 0s Expected left time: 0s          
 Analyzing entries 21621 - 21654, now 21650 , sum entries = 33060 . . . Used time: 0s Expected left time: 0s          
 Analyzing entries 21621 - 21654, now 21651 , sum entries = 33060 . . . Used time: 0s Expected left time: 0s          
 Analyzing entries 21621 - 21654, now 21652 , sum entries = 33060 . . . Used time: 0s Expected left time: 0s          
 Analyzing entries 21621 - 21654, now 21653 , sum entries = 33060 . . . Used time: 0s Expected left time: 0s          
 Save to RootFile /extdisk/zlin/Machine_learning/RecoPlanesFeatures/CMS_herwig_HT1000to1500-preVFP_jinitpt450_600_j2pt80_120Reco/Chunk65_Part4.root . . . Used time: 0s Expected left time: 0s          
 Save to RootFile /extdisk/zlin/Machine_learning/RecoPlanesFeatures/CMS_herwig_HT1000to1500-preVFP_jinitpt450_600_j2pt80_120Reco/Chunk65_Part4.root . . . Used time: 0s Expected left time: 0s          
 Save to RootFile /extdisk/zlin/Machine_learning/RecoPlanesFeatures/CMS_herwig_HT1000to1500-preVFP_jinitpt450_600_j2pt80_120Reco/Chunk65_Part4.root . . . Used time: 0s Expected left time: 0s          
 Save to RootFile /extdisk/zlin/Machine_learning/RecoPlanesFeatures/CMS_herwig_HT1000to1500-preVFP_jinitpt450_600_j2pt80_120Reco/Chunk65_Part4.root . . . Used time: 0s Expected left time: 0s          
 Save to RootFile /extdisk/zlin/Machine_learning/RecoPlanesFeatures/CMS_herwig_HT1000to1500-preVFP_jinitpt450_600_j2pt80_120Reco/Chunk65_Part4.root . . . Used time: 0s Expected left time: 0s          
 Save to RootFile /extdisk/zlin/Machine_learning/RecoPlanesFeatures/CMS_herwig_HT1000to1500-preVFP_jinitpt450_600_j2pt80_120Reco/Chunk65_Part4.root . . . Used time: 0s Expected left time: 0s          
 Analyzing entries 21654 - 21687, now 21654 , sum entries = 33060 . . . Used time: 0s Expected left time: 0s          
 Analyzing entries 21654 - 21687, now 21655 , sum entries = 33060 . . . Used time: 0s Expected left time: 0s          
 Analyzing entries 21654 - 21687, now 21656 , sum entries = 33060 . . . Used time: 0s Expected left time: 0s          
 Analyzing entries 21654 - 21687, now 21657 , sum entries = 33060 . . . Used time: 0s Expected left time: 0s          
 Analyzing entries 21654 - 21687, now 21658 , sum entries = 33060 . . . Used time: 0s Expected left time: 0s          
 Analyzing entries 21654 - 21687, now 21659 , sum entries = 33060 . . . Used time: 0s Expected left time: 0s          
 Analyzing entries 21654 - 21687, now 21660 , sum entries = 33060 . . . Used time: 0s Expected left time: 0s          
 Analyzing entries 21654 - 21687, now 21661 , sum entries = 33060 . . . Used time: 0s Expected left time: 0s          
 Analyzing entries 21654 - 21687, now 21662 , sum entries = 33060 . . . Used time: 0s Expected left time: 0s          
 Analyzing entries 21654 - 21687, now 21663 , sum entries = 33060 . . . Used time: 0s Expected left time: 0s          
 Analyzing entries 21654 - 21687, now 21664 , sum entries = 33060 . . . Used time: 0s Expected left time: 0s          
 Analyzing entries 21654 - 21687, now 21665 , sum entries = 33060 . . . Used time: 0s Expected left time: 0s          
 Analyzing entries 21654 - 21687, now 21666 , sum entries = 33060 . . . Used time: 0s Expected left time: 0s          
 Analyzing entries 21654 - 21687, now 21667 , sum entries = 33060 . . . Used time: 0s Expected left time: 0s          
 Analyzing entries 21654 - 21687, now 21668 , sum entries = 33060 . . . Used time: 0s Expected left time: 0s          
 Analyzing entries 21654 - 21687, now 21669 , sum entries = 33060 . . . Used time: 0s Expected left time: 0s          
 Analyzing entries 21654 - 21687, now 21670 , sum entries = 33060 . . . Used time: 0s Expected left time: 0s          
 Analyzing entries 21654 - 21687, now 21671 , sum entries = 33060 . . . Used time: 0s Expected left time: 0s          
 Analyzing entries 21654 - 21687, now 21672 , sum entries = 33060 . . . Used time: 0s Expected left time: 0s          
 Analyzing entries 21654 - 21687, now 21673 , sum entries = 33060 . . . Used time: 0s Expected left time: 0s          
 Analyzing entries 21654 - 21687, now 21674 , sum entries = 33060 . . . Used time: 0s Expected left time: 0s          
 Analyzing entries 21654 - 21687, now 21675 , sum entries = 33060 . . . Used time: 0s Expected left time: 0s          
 Analyzing entries 21654 - 21687, now 21676 , sum entries = 33060 . . . Used time: 0s Expected left time: 0s          
 Analyzing entries 21654 - 21687, now 21677 , sum entries = 33060 . . . Used time: 0s Expected left time: 0s          
 Analyzing entries 21654 - 21687, now 21678 , sum entries = 33060 . . . Used time: 0s Expected left time: 0s          
 Analyzing entries 21654 - 21687, now 21679 , sum entries = 33060 . . . Used time: 0s Expected left time: 0s          
 Analyzing entries 21654 - 21687, now 21680 , sum entries = 33060 . . . Used time: 0s Expected left time: 0s          
 Analyzing entries 21654 - 21687, now 21681 , sum entries = 33060 . . . Used time: 0s Expected left time: 0s          
 Analyzing entries 21654 - 21687, now 21682 , sum entries = 33060 . . . Used time: 0s Expected left time: 0s          
 Analyzing entries 21654 - 21687, now 21683 , sum entries = 33060 . . . Used time: 0s Expected left time: 0s          
 Analyzing entries 21654 - 21687, now 21684 , sum entries = 33060 . . . Used time: 0s Expected left time: 0s          
 Analyzing entries 21654 - 21687, now 21685 , sum entries = 33060 . . . Used time: 0s Expected left time: 0s          
 Analyzing entries 21654 - 21687, now 21686 , sum entries = 33060 . . . Used time: 0s Expected left time: 0s          
 Save to RootFile /extdisk/zlin/Machine_learning/RecoPlanesFeatures/CMS_herwig_HT1000to1500-preVFP_jinitpt450_600_j2pt80_120Reco/Chunk65_Part5.root . . . Used time: 0s Expected left time: 0s          
 Save to RootFile /extdisk/zlin/Machine_learning/RecoPlanesFeatures/CMS_herwig_HT1000to1500-preVFP_jinitpt450_600_j2pt80_120Reco/Chunk65_Part5.root . . . Used time: 0s Expected left time: 0s          
 Save to RootFile /extdisk/zlin/Machine_learning/RecoPlanesFeatures/CMS_herwig_HT1000to1500-preVFP_jinitpt450_600_j2pt80_120Reco/Chunk65_Part5.root . . . Used time: 0s Expected left time: 0s          
 Save to RootFile /extdisk/zlin/Machine_learning/RecoPlanesFeatures/CMS_herwig_HT1000to1500-preVFP_jinitpt450_600_j2pt80_120Reco/Chunk65_Part5.root . . . Used time: 0s Expected left time: 0s          
 Save to RootFile /extdisk/zlin/Machine_learning/RecoPlanesFeatures/CMS_herwig_HT1000to1500-preVFP_jinitpt450_600_j2pt80_120Reco/Chunk65_Part5.root . . . Used time: 0s Expected left time: 0s          
 Save to RootFile /extdisk/zlin/Machine_learning/RecoPlanesFeatures/CMS_herwig_HT1000to1500-preVFP_jinitpt450_600_j2pt80_120Reco/Chunk65_Part5.root . . . Used time: 0s Expected left time: 0s          
 Save to RootFile /extdisk/zlin/Machine_learning/RecoPlanesFeatures/CMS_herwig_HT1000to1500-preVFP_jinitpt450_600_j2pt80_120Reco/Chunk65_Part5.root . . . Used time: 0s Expected left time: 0s          
 Save to RootFile /extdisk/zlin/Machine_learning/RecoPlanesFeatures/CMS_herwig_HT1000to1500-preVFP_jinitpt450_600_j2pt80_120Reco/Chunk65_Part5.root . . . Used time: 0s Expected left time: 0s          
 Analyzing entries 21687 - 21720, now 21687 , sum entries = 33060 . . . Used time: 0s Expected left time: 0s          
 Analyzing entries 21687 - 21720, now 21688 , sum entries = 33060 . . . Used time: 0s Expected left time: 0s          
 Analyzing entries 21687 - 21720, now 21689 , sum entries = 33060 . . . Used time: 0s Expected left time: 0s          
 Analyzing entries 21687 - 21720, now 21690 , sum entries = 33060 . . . Used time: 0s Expected left time: 0s          
 Analyzing entries 21687 - 21720, now 21691 , sum entries = 33060 . . . Used time: 0s Expected left time: 0s          
 Analyzing entries 21687 - 21720, now 21692 , sum entries = 33060 . . . Used time: 0s Expected left time: 0s          
 Analyzing entries 21687 - 21720, now 21693 , sum entries = 33060 . . . Used time: 0s Expected left time: 0s          
 Analyzing entries 21687 - 21720, now 21694 , sum entries = 33060 . . . Used time: 0s Expected left time: 0s          
 Analyzing entries 21687 - 21720, now 21695 , sum entries = 33060 . . . Used time: 0s Expected left time: 0s          
 Analyzing entries 21687 - 21720, now 21696 , sum entries = 33060 . . . Used time: 0s Expected left time: 0s          
 Analyzing entries 21687 - 21720, now 21697 , sum entries = 33060 . . . Used time: 0s Expected left time: 0s          
 Analyzing entries 21687 - 21720, now 21698 , sum entries = 33060 . . . Used time: 0s Expected left time: 0s          
 Analyzing entries 21687 - 21720, now 21699 , sum entries = 33060 . . . Used time: 0s Expected left time: 0s          
 Analyzing entries 21687 - 21720, now 21700 , sum entries = 33060 . . . Used time: 0s Expected left time: 0s          
 Analyzing entries 21687 - 21720, now 21701 , sum entries = 33060 . . . Used time: 0s Expected left time: 0s          
 Analyzing entries 21687 - 21720, now 21702 , sum entries = 33060 . . . Used time: 0s Expected left time: 0s          
 Analyzing entries 21687 - 21720, now 21703 , sum entries = 33060 . . . Used time: 0s Expected left time: 0s          
 Analyzing entries 21687 - 21720, now 21704 , sum entries = 33060 . . . Used time: 0s Expected left time: 0s          
 Analyzing entries 21687 - 21720, now 21705 , sum entries = 33060 . . . Used time: 0s Expected left time: 0s          
 Analyzing entries 21687 - 21720, now 21706 , sum entries = 33060 . . . Used time: 0s Expected left time: 0s          
 Analyzing entries 21687 - 21720, now 21707 , sum entries = 33060 . . . Used time: 0s Expected left time: 0s          
 Analyzing entries 21687 - 21720, now 21708 , sum entries = 33060 . . . Used time: 0s Expected left time: 0s          
 Analyzing entries 21687 - 21720, now 21709 , sum entries = 33060 . . . Used time: 0s Expected left time: 0s          
 Analyzing entries 21687 - 21720, now 21710 , sum entries = 33060 . . . Used time: 0s Expected left time: 0s          
 Analyzing entries 21687 - 21720, now 21711 , sum entries = 33060 . . . Used time: 0s Expected left time: 0s          
 Analyzing entries 21687 - 21720, now 21712 , sum entries = 33060 . . . Used time: 0s Expected left time: 0s          
 Analyzing entries 21687 - 21720, now 21713 , sum entries = 33060 . . . Used time: 0s Expected left time: 0s          
 Analyzing entries 21687 - 21720, now 21714 , sum entries = 33060 . . . Used time: 0s Expected left time: 0s          
 Analyzing entries 21687 - 21720, now 21715 , sum entries = 33060 . . . Used time: 0s Expected left time: 0s          
 Analyzing entries 21687 - 21720, now 21716 , sum entries = 33060 . . . Used time: 0s Expected left time: 0s          
 Analyzing entries 21687 - 21720, now 21717 , sum entries = 33060 . . . Used time: 0s Expected left time: 0s          
 Analyzing entries 21687 - 21720, now 21718 , sum entries = 33060 . . . Used time: 0s Expected left time: 0s          
 Analyzing entries 21687 - 21720, now 21719 , sum entries = 33060 . . . Used time: 0s Expected left time: 0s          
 Save to RootFile /extdisk/zlin/Machine_learning/RecoPlanesFeatures/CMS_herwig_HT1000to1500-preVFP_jinitpt450_600_j2pt80_120Reco/Chunk65_Part6.root . . . Used time: 0s Expected left time: 0s          
 Save to RootFile /extdisk/zlin/Machine_learning/RecoPlanesFeatures/CMS_herwig_HT1000to1500-preVFP_jinitpt450_600_j2pt80_120Reco/Chunk65_Part6.root . . . Used time: 0s Expected left time: 0s          
 Save to RootFile /extdisk/zlin/Machine_learning/RecoPlanesFeatures/CMS_herwig_HT1000to1500-preVFP_jinitpt450_600_j2pt80_120Reco/Chunk65_Part6.root . . . Used time: 0s Expected left time: 0s          
 Save to RootFile /extdisk/zlin/Machine_learning/RecoPlanesFeatures/CMS_herwig_HT1000to1500-preVFP_jinitpt450_600_j2pt80_120Reco/Chunk65_Part6.root . . . Used time: 0s Expected left time: 0s          
 Analyzing entries 21720 - 21753, now 21720 , sum entries = 33060 . . . Used time: 0s Expected left time: 0s          
 Analyzing entries 21720 - 21753, now 21721 , sum entries = 33060 . . . Used time: 0s Expected left time: 0s          
 Analyzing entries 21720 - 21753, now 21722 , sum entries = 33060 . . . Used time: 0s Expected left time: 0s          
 Analyzing entries 21720 - 21753, now 21723 , sum entries = 33060 . . . Used time: 0s Expected left time: 0s          
 Analyzing entries 21720 - 21753, now 21724 , sum entries = 33060 . . . Used time: 0s Expected left time: 0s          
 Analyzing entries 21720 - 21753, now 21725 , sum entries = 33060 . . . Used time: 0s Expected left time: 0s          
 Analyzing entries 21720 - 21753, now 21726 , sum entries = 33060 . . . Used time: 0s Expected left time: 0s          
 Analyzing entries 21720 - 21753, now 21727 , sum entries = 33060 . . . Used time: 0s Expected left time: 0s          
 Analyzing entries 21720 - 21753, now 21728 , sum entries = 33060 . . . Used time: 0s Expected left time: 0s          
 Analyzing entries 21720 - 21753, now 21729 , sum entries = 33060 . . . Used time: 0s Expected left time: 0s          
 Analyzing entries 21720 - 21753, now 21730 , sum entries = 33060 . . . Used time: 0s Expected left time: 0s          
 Analyzing entries 21720 - 21753, now 21731 , sum entries = 33060 . . . Used time: 0s Expected left time: 0s          
 Analyzing entries 21720 - 21753, now 21732 , sum entries = 33060 . . . Used time: 0s Expected left time: 0s          
 Analyzing entries 21720 - 21753, now 21733 , sum entries = 33060 . . . Used time: 0s Expected left time: 0s          
 Analyzing entries 21720 - 21753, now 21734 , sum entries = 33060 . . . Used time: 0s Expected left time: 0s          
 Analyzing entries 21720 - 21753, now 21735 , sum entries = 33060 . . . Used time: 0s Expected left time: 0s          
 Analyzing entries 21720 - 21753, now 21736 , sum entries = 33060 . . . Used time: 0s Expected left time: 0s          
 Analyzing entries 21720 - 21753, now 21737 , sum entries = 33060 . . . Used time: 0s Expected left time: 0s          
 Analyzing entries 21720 - 21753, now 21738 , sum entries = 33060 . . . Used time: 0s Expected left time: 0s          
 Analyzing entries 21720 - 21753, now 21739 , sum entries = 33060 . . . Used time: 0s Expected left time: 0s          
 Analyzing entries 21720 - 21753, now 21740 , sum entries = 33060 . . . Used time: 0s Expected left time: 0s          
 Analyzing entries 21720 - 21753, now 21741 , sum entries = 33060 . . . Used time: 0s Expected left time: 0s          
 Analyzing entries 21720 - 21753, now 21742 , sum entries = 33060 . . . Used time: 0s Expected left time: 0s          
 Analyzing entries 21720 - 21753, now 21743 , sum entries = 33060 . . . Used time: 0s Expected left time: 0s          
 Analyzing entries 21720 - 21753, now 21744 , sum entries = 33060 . . . Used time: 0s Expected left time: 0s          
 Analyzing entries 21720 - 21753, now 21745 , sum entries = 33060 . . . Used time: 0s Expected left time: 0s          
 Analyzing entries 21720 - 21753, now 21746 , sum entries = 33060 . . . Used time: 0s Expected left time: 0s          
 Analyzing entries 21720 - 21753, now 21747 , sum entries = 33060 . . . Used time: 0s Expected left time: 0s          
 Analyzing entries 21720 - 21753, now 21748 , sum entries = 33060 . . . Used time: 0s Expected left time: 0s          
 Analyzing entries 21720 - 21753, now 21749 , sum entries = 33060 . . . Used time: 0s Expected left time: 0s          
 Analyzing entries 21720 - 21753, now 21750 , sum entries = 33060 . . . Used time: 0s Expected left time: 0s          
 Analyzing entries 21720 - 21753, now 21751 , sum entries = 33060 . . . Used time: 0s Expected left time: 0s          
 Analyzing entries 21720 - 21753, now 21752 , sum entries = 33060 . . . Used time: 0s Expected left time: 0s          
 Save to RootFile /extdisk/zlin/Machine_learning/RecoPlanesFeatures/CMS_herwig_HT1000to1500-preVFP_jinitpt450_600_j2pt80_120Reco/Chunk65_Part7.root . . . Used time: 0s Expected left time: 0s          
 Save to RootFile /extdisk/zlin/Machine_learning/RecoPlanesFeatures/CMS_herwig_HT1000to1500-preVFP_jinitpt450_600_j2pt80_120Reco/Chunk65_Part7.root . . . Used time: 0s Expected left time: 0s          
 Save to RootFile /extdisk/zlin/Machine_learning/RecoPlanesFeatures/CMS_herwig_HT1000to1500-preVFP_jinitpt450_600_j2pt80_120Reco/Chunk65_Part7.root . . . Used time: 0s Expected left time: 0s          
 Save to RootFile /extdisk/zlin/Machine_learning/RecoPlanesFeatures/CMS_herwig_HT1000to1500-preVFP_jinitpt450_600_j2pt80_120Reco/Chunk65_Part7.root . . . Used time: 0s Expected left time: 0s          
 Save to RootFile /extdisk/zlin/Machine_learning/RecoPlanesFeatures/CMS_herwig_HT1000to1500-preVFP_jinitpt450_600_j2pt80_120Reco/Chunk65_Part7.root . . . Used time: 0s Expected left time: 0s          
 Save to RootFile /extdisk/zlin/Machine_learning/RecoPlanesFeatures/CMS_herwig_HT1000to1500-preVFP_jinitpt450_600_j2pt80_120Reco/Chunk65_Part7.root . . . Used time: 0s Expected left time: 0s          
 Save to RootFile /extdisk/zlin/Machine_learning/RecoPlanesFeatures/CMS_herwig_HT1000to1500-preVFP_jinitpt450_600_j2pt80_120Reco/Chunk65_Part7.root . . . Used time: 0s Expected left time: 0s          
 Analyzing entries 21753 - 21786, now 21753 , sum entries = 33060 . . . Used time: 0s Expected left time: 0s          
 Analyzing entries 21753 - 21786, now 21754 , sum entries = 33060 . . . Used time: 0s Expected left time: 0s          
 Analyzing entries 21753 - 21786, now 21755 , sum entries = 33060 . . . Used time: 0s Expected left time: 0s          
 Analyzing entries 21753 - 21786, now 21756 , sum entries = 33060 . . . Used time: 0s Expected left time: 0s          
 Analyzing entries 21753 - 21786, now 21757 , sum entries = 33060 . . . Used time: 0s Expected left time: 0s          
 Analyzing entries 21753 - 21786, now 21758 , sum entries = 33060 . . . Used time: 0s Expected left time: 0s          
 Analyzing entries 21753 - 21786, now 21759 , sum entries = 33060 . . . Used time: 0s Expected left time: 0s          
 Analyzing entries 21753 - 21786, now 21760 , sum entries = 33060 . . . Used time: 0s Expected left time: 0s          
 Analyzing entries 21753 - 21786, now 21761 , sum entries = 33060 . . . Used time: 0s Expected left time: 0s          
 Analyzing entries 21753 - 21786, now 21762 , sum entries = 33060 . . . Used time: 0s Expected left time: 0s          
 Analyzing entries 21753 - 21786, now 21763 , sum entries = 33060 . . . Used time: 0s Expected left time: 0s          
 Analyzing entries 21753 - 21786, now 21764 , sum entries = 33060 . . . Used time: 0s Expected left time: 0s          
 Analyzing entries 21753 - 21786, now 21765 , sum entries = 33060 . . . Used time: 0s Expected left time: 0s          
 Analyzing entries 21753 - 21786, now 21766 , sum entries = 33060 . . . Used time: 0s Expected left time: 0s          
 Analyzing entries 21753 - 21786, now 21767 , sum entries = 33060 . . . Used time: 0s Expected left time: 0s          
 Analyzing entries 21753 - 21786, now 21768 , sum entries = 33060 . . . Used time: 0s Expected left time: 0s          
 Analyzing entries 21753 - 21786, now 21769 , sum entries = 33060 . . . Used time: 0s Expected left time: 0s          
 Analyzing entries 21753 - 21786, now 21770 , sum entries = 33060 . . . Used time: 0s Expected left time: 0s          
 Analyzing entries 21753 - 21786, now 21771 , sum entries = 33060 . . . Used time: 0s Expected left time: 0s          
 Analyzing entries 21753 - 21786, now 21772 , sum entries = 33060 . . . Used time: 0s Expected left time: 0s          
 Analyzing entries 21753 - 21786, now 21773 , sum entries = 33060 . . . Used time: 0s Expected left time: 0s          
 Analyzing entries 21753 - 21786, now 21774 , sum entries = 33060 . . . Used time: 0s Expected left time: 0s          
 Analyzing entries 21753 - 21786, now 21775 , sum entries = 33060 . . . Used time: 0s Expected left time: 0s          
 Analyzing entries 21753 - 21786, now 21776 , sum entries = 33060 . . . Used time: 0s Expected left time: 0s          
 Analyzing entries 21753 - 21786, now 21777 , sum entries = 33060 . . . Used time: 0s Expected left time: 0s          
 Analyzing entries 21753 - 21786, now 21778 , sum entries = 33060 . . . Used time: 0s Expected left time: 0s          
 Analyzing entries 21753 - 21786, now 21779 , sum entries = 33060 . . . Used time: 0s Expected left time: 0s          
 Analyzing entries 21753 - 21786, now 21780 , sum entries = 33060 . . . Used time: 0s Expected left time: 0s          
 Analyzing entries 21753 - 21786, now 21781 , sum entries = 33060 . . . Used time: 0s Expected left time: 0s          
 Analyzing entries 21753 - 21786, now 21782 , sum entries = 33060 . . . Used time: 0s Expected left time: 0s          
 Analyzing entries 21753 - 21786, now 21783 , sum entries = 33060 . . . Used time: 0s Expected left time: 0s          
 Analyzing entries 21753 - 21786, now 21784 , sum entries = 33060 . . . Used time: 0s Expected left time: 0s          
 Analyzing entries 21753 - 21786, now 21785 , sum entries = 33060 . . . Used time: 0s Expected left time: 0s          
 Save to RootFile /extdisk/zlin/Machine_learning/RecoPlanesFeatures/CMS_herwig_HT1000to1500-preVFP_jinitpt450_600_j2pt80_120Reco/Chunk65_Part8.root . . . Used time: 0s Expected left time: 0s          
 Save to RootFile /extdisk/zlin/Machine_learning/RecoPlanesFeatures/CMS_herwig_HT1000to1500-preVFP_jinitpt450_600_j2pt80_120Reco/Chunk65_Part8.root . . . Used time: 0s Expected left time: 0s          
 Save to RootFile /extdisk/zlin/Machine_learning/RecoPlanesFeatures/CMS_herwig_HT1000to1500-preVFP_jinitpt450_600_j2pt80_120Reco/Chunk65_Part8.root . . . Used time: 0s Expected left time: 0s          
 Save to RootFile /extdisk/zlin/Machine_learning/RecoPlanesFeatures/CMS_herwig_HT1000to1500-preVFP_jinitpt450_600_j2pt80_120Reco/Chunk65_Part8.root . . . Used time: 0s Expected left time: 0s          
 Analyzing entries 21786 - 21819, now 21786 , sum entries = 33060 . . . Used time: 0s Expected left time: 0s          
 Analyzing entries 21786 - 21819, now 21787 , sum entries = 33060 . . . Used time: 0s Expected left time: 0s          
 Analyzing entries 21786 - 21819, now 21788 , sum entries = 33060 . . . Used time: 0s Expected left time: 0s          
 Analyzing entries 21786 - 21819, now 21789 , sum entries = 33060 . . . Used time: 0s Expected left time: 0s          
 Analyzing entries 21786 - 21819, now 21790 , sum entries = 33060 . . . Used time: 0s Expected left time: 0s          
 Analyzing entries 21786 - 21819, now 21791 , sum entries = 33060 . . . Used time: 0s Expected left time: 0s          
 Analyzing entries 21786 - 21819, now 21792 , sum entries = 33060 . . . Used time: 0s Expected left time: 0s          
 Analyzing entries 21786 - 21819, now 21793 , sum entries = 33060 . . . Used time: 0s Expected left time: 0s          
 Analyzing entries 21786 - 21819, now 21794 , sum entries = 33060 . . . Used time: 0s Expected left time: 0s          
 Analyzing entries 21786 - 21819, now 21795 , sum entries = 33060 . . . Used time: 0s Expected left time: 0s          
 Analyzing entries 21786 - 21819, now 21796 , sum entries = 33060 . . . Used time: 0s Expected left time: 0s          
 Analyzing entries 21786 - 21819, now 21797 , sum entries = 33060 . . . Used time: 0s Expected left time: 0s          
 Analyzing entries 21786 - 21819, now 21798 , sum entries = 33060 . . . Used time: 0s Expected left time: 0s          
 Analyzing entries 21786 - 21819, now 21799 , sum entries = 33060 . . . Used time: 0s Expected left time: 0s          
 Analyzing entries 21786 - 21819, now 21800 , sum entries = 33060 . . . Used time: 0s Expected left time: 0s          
 Analyzing entries 21786 - 21819, now 21801 , sum entries = 33060 . . . Used time: 0s Expected left time: 0s          
 Analyzing entries 21786 - 21819, now 21802 , sum entries = 33060 . . . Used time: 0s Expected left time: 0s          
 Analyzing entries 21786 - 21819, now 21803 , sum entries = 33060 . . . Used time: 0s Expected left time: 0s          
 Analyzing entries 21786 - 21819, now 21804 , sum entries = 33060 . . . Used time: 0s Expected left time: 0s          
 Analyzing entries 21786 - 21819, now 21805 , sum entries = 33060 . . . Used time: 0s Expected left time: 0s          
 Analyzing entries 21786 - 21819, now 21806 , sum entries = 33060 . . . Used time: 0s Expected left time: 0s          
 Analyzing entries 21786 - 21819, now 21807 , sum entries = 33060 . . . Used time: 0s Expected left time: 0s          
 Analyzing entries 21786 - 21819, now 21808 , sum entries = 33060 . . . Used time: 0s Expected left time: 0s          
 Analyzing entries 21786 - 21819, now 21809 , sum entries = 33060 . . . Used time: 0s Expected left time: 0s          
 Analyzing entries 21786 - 21819, now 21810 , sum entries = 33060 . . . Used time: 0s Expected left time: 0s          
 Analyzing entries 21786 - 21819, now 21811 , sum entries = 33060 . . . Used time: 0s Expected left time: 0s          
 Analyzing entries 21786 - 21819, now 21812 , sum entries = 33060 . . . Used time: 0s Expected left time: 0s          
 Analyzing entries 21786 - 21819, now 21813 , sum entries = 33060 . . . Used time: 0s Expected left time: 0s          
 Analyzing entries 21786 - 21819, now 21814 , sum entries = 33060 . . . Used time: 0s Expected left time: 0s          
 Analyzing entries 21786 - 21819, now 21815 , sum entries = 33060 . . . Used time: 0s Expected left time: 0s          
 Analyzing entries 21786 - 21819, now 21816 , sum entries = 33060 . . . Used time: 0s Expected left time: 0s          
 Analyzing entries 21786 - 21819, now 21817 , sum entries = 33060 . . . Used time: 0s Expected left time: 0s          
 Analyzing entries 21786 - 21819, now 21818 , sum entries = 33060 . . . Used time: 0s Expected left time: 0s          
 Save to RootFile /extdisk/zlin/Machine_learning/RecoPlanesFeatures/CMS_herwig_HT1000to1500-preVFP_jinitpt450_600_j2pt80_120Reco/Chunk65_Part9.root . . . Used time: 0s Expected left time: 0s          
 Save to RootFile /extdisk/zlin/Machine_learning/RecoPlanesFeatures/CMS_herwig_HT1000to1500-preVFP_jinitpt450_600_j2pt80_120Reco/Chunk65_Part9.root . . . Used time: 0s Expected left time: 0s          
