Warning in <TFile::Init>: file /extdisk/zlin/Machine_learning/RecoPlanes/CMS_herwig_HT1000to1500-preVFP/Chunk19_Part0.root probably not closed, trying to recover
Warning in <TFile::Init>: no keys recovered, file has been made a Zombie
Warning in <TFile::Init>: file /extdisk/zlin/Machine_learning/RecoPlanes/CMS_herwig_HT1000to1500-preVFP/Chunk20_Part0.root probably not closed, trying to recover
Warning in <TFile::Init>: no keys recovered, file has been made a Zombie
Warning in <TFile::Init>: file /extdisk/zlin/Machine_learning/RecoPlanes/CMS_herwig_HT1000to1500-preVFP/Chunk39_Part0.root probably not closed, trying to recover
Warning in <TFile::Init>: no keys recovered, file has been made a Zombie
Warning in <TFile::Init>: file /extdisk/zlin/Machine_learning/RecoPlanes/CMS_herwig_HT1000to1500-preVFP/Chunk89_Part0.root probably not closed, trying to recover
Warning in <TFile::Init>: no keys recovered, file has been made a Zombie
Warning in <TFile::Init>: file /extdisk/zlin/Machine_learning/RecoPlanes/CMS_herwig_HT1000to1500-preVFP/Chunk97_Part0.root probably not closed, trying to recover
Warning in <TFile::Init>: no keys recovered, file has been made a Zombie
 Analyzing entries 36018 - 36057, now 36018 , sum entries = 39150 . . . Used time: 0s Expected left time: 0s          
 Analyzing entries 36018 - 36057, now 36019 , sum entries = 39150 . . . Used time: 0s Expected left time: 0s          
 Analyzing entries 36018 - 36057, now 36020 , sum entries = 39150 . . . Used time: 0s Expected left time: 0s          
 Analyzing entries 36018 - 36057, now 36021 , sum entries = 39150 . . . Used time: 0s Expected left time: 0s          
 Analyzing entries 36018 - 36057, now 36022 , sum entries = 39150 . . . Used time: 0s Expected left time: 0s          
 Analyzing entries 36018 - 36057, now 36023 , sum entries = 39150 . . . Used time: 0s Expected left time: 0s          
 Analyzing entries 36018 - 36057, now 36024 , sum entries = 39150 . . . Used time: 0s Expected left time: 0s          
 Analyzing entries 36018 - 36057, now 36025 , sum entries = 39150 . . . Used time: 0s Expected left time: 0s          
 Analyzing entries 36018 - 36057, now 36026 , sum entries = 39150 . . . Used time: 0s Expected left time: 0s          
 Analyzing entries 36018 - 36057, now 36027 , sum entries = 39150 . . . Used time: 0s Expected left time: 0s          
 Analyzing entries 36018 - 36057, now 36028 , sum entries = 39150 . . . Used time: 0s Expected left time: 0s          
 Analyzing entries 36018 - 36057, now 36029 , sum entries = 39150 . . . Used time: 0s Expected left time: 0s          
 Analyzing entries 36018 - 36057, now 36030 , sum entries = 39150 . . . Used time: 0s Expected left time: 0s          
 Analyzing entries 36018 - 36057, now 36031 , sum entries = 39150 . . . Used time: 0s Expected left time: 0s          
 Analyzing entries 36018 - 36057, now 36032 , sum entries = 39150 . . . Used time: 0s Expected left time: 0s          
 Analyzing entries 36018 - 36057, now 36033 , sum entries = 39150 . . . Used time: 0s Expected left time: 0s          
 Analyzing entries 36018 - 36057, now 36034 , sum entries = 39150 . . . Used time: 0s Expected left time: 0s          
 Analyzing entries 36018 - 36057, now 36035 , sum entries = 39150 . . . Used time: 0s Expected left time: 0s          
 Analyzing entries 36018 - 36057, now 36036 , sum entries = 39150 . . . Used time: 0s Expected left time: 0s          
 Analyzing entries 36018 - 36057, now 36037 , sum entries = 39150 . . . Used time: 0s Expected left time: 0s          
 Analyzing entries 36018 - 36057, now 36038 , sum entries = 39150 . . . Used time: 0s Expected left time: 0s          
 Analyzing entries 36018 - 36057, now 36039 , sum entries = 39150 . . . Used time: 0s Expected left time: 0s          
 Analyzing entries 36018 - 36057, now 36040 , sum entries = 39150 . . . Used time: 0s Expected left time: 0s          
 Analyzing entries 36018 - 36057, now 36041 , sum entries = 39150 . . . Used time: 0s Expected left time: 0s          
 Analyzing entries 36018 - 36057, now 36042 , sum entries = 39150 . . . Used time: 0s Expected left time: 0s          
 Analyzing entries 36018 - 36057, now 36043 , sum entries = 39150 . . . Used time: 0s Expected left time: 0s          
 Analyzing entries 36018 - 36057, now 36044 , sum entries = 39150 . . . Used time: 0s Expected left time: 0s          
 Analyzing entries 36018 - 36057, now 36045 , sum entries = 39150 . . . Used time: 0s Expected left time: 0s          
 Analyzing entries 36018 - 36057, now 36046 , sum entries = 39150 . . . Used time: 0s Expected left time: 0s          
 Analyzing entries 36018 - 36057, now 36047 , sum entries = 39150 . . . Used time: 0s Expected left time: 0s          
 Analyzing entries 36018 - 36057, now 36048 , sum entries = 39150 . . . Used time: 0s Expected left time: 0s          
 Analyzing entries 36018 - 36057, now 36049 , sum entries = 39150 . . . Used time: 0s Expected left time: 0s          
 Analyzing entries 36018 - 36057, now 36050 , sum entries = 39150 . . . Used time: 0s Expected left time: 0s          
 Analyzing entries 36018 - 36057, now 36051 , sum entries = 39150 . . . Used time: 0s Expected left time: 0s          
 Analyzing entries 36018 - 36057, now 36052 , sum entries = 39150 . . . Used time: 0s Expected left time: 0s          
 Analyzing entries 36018 - 36057, now 36053 , sum entries = 39150 . . . Used time: 0s Expected left time: 0s          
 Analyzing entries 36018 - 36057, now 36054 , sum entries = 39150 . . . Used time: 0s Expected left time: 0s          
 Analyzing entries 36018 - 36057, now 36055 , sum entries = 39150 . . . Used time: 0s Expected left time: 0s          
 Analyzing entries 36018 - 36057, now 36056 , sum entries = 39150 . . . Used time: 0s Expected left time: 0s          
 Save to RootFile /extdisk/zlin/Machine_learning/RecoPlanesFeatures/CMS_herwig_HT1000to1500-preVFP_jinitpt450_600_j2pt80_120Reco/Chunk92_Part0.root . . . Used time: 0s Expected left time: 0s          
 Save to RootFile /extdisk/zlin/Machine_learning/RecoPlanesFeatures/CMS_herwig_HT1000to1500-preVFP_jinitpt450_600_j2pt80_120Reco/Chunk92_Part0.root . . . Used time: 0s Expected left time: 0s          
 Save to RootFile /extdisk/zlin/Machine_learning/RecoPlanesFeatures/CMS_herwig_HT1000to1500-preVFP_jinitpt450_600_j2pt80_120Reco/Chunk92_Part0.root . . . Used time: 0s Expected left time: 0s          
 Analyzing entries 36057 - 36096, now 36057 , sum entries = 39150 . . . Used time: 0s Expected left time: 0s          
 Analyzing entries 36057 - 36096, now 36058 , sum entries = 39150 . . . Used time: 0s Expected left time: 0s          
 Analyzing entries 36057 - 36096, now 36059 , sum entries = 39150 . . . Used time: 0s Expected left time: 0s          
 Analyzing entries 36057 - 36096, now 36060 , sum entries = 39150 . . . Used time: 0s Expected left time: 0s          
 Analyzing entries 36057 - 36096, now 36061 , sum entries = 39150 . . . Used time: 0s Expected left time: 0s          
 Analyzing entries 36057 - 36096, now 36062 , sum entries = 39150 . . . Used time: 0s Expected left time: 0s          
 Analyzing entries 36057 - 36096, now 36063 , sum entries = 39150 . . . Used time: 0s Expected left time: 0s          
 Analyzing entries 36057 - 36096, now 36064 , sum entries = 39150 . . . Used time: 0s Expected left time: 0s          
 Analyzing entries 36057 - 36096, now 36065 , sum entries = 39150 . . . Used time: 0s Expected left time: 0s          
 Analyzing entries 36057 - 36096, now 36066 , sum entries = 39150 . . . Used time: 0s Expected left time: 0s          
 Analyzing entries 36057 - 36096, now 36067 , sum entries = 39150 . . . Used time: 0s Expected left time: 0s          
 Analyzing entries 36057 - 36096, now 36068 , sum entries = 39150 . . . Used time: 0s Expected left time: 0s          
 Analyzing entries 36057 - 36096, now 36069 , sum entries = 39150 . . . Used time: 0s Expected left time: 0s          
 Analyzing entries 36057 - 36096, now 36070 , sum entries = 39150 . . . Used time: 0s Expected left time: 0s          
 Analyzing entries 36057 - 36096, now 36071 , sum entries = 39150 . . . Used time: 0s Expected left time: 0s          
 Analyzing entries 36057 - 36096, now 36072 , sum entries = 39150 . . . Used time: 0s Expected left time: 0s          
 Analyzing entries 36057 - 36096, now 36073 , sum entries = 39150 . . . Used time: 0s Expected left time: 0s          
 Analyzing entries 36057 - 36096, now 36074 , sum entries = 39150 . . . Used time: 0s Expected left time: 0s          
 Analyzing entries 36057 - 36096, now 36075 , sum entries = 39150 . . . Used time: 0s Expected left time: 0s          
 Analyzing entries 36057 - 36096, now 36076 , sum entries = 39150 . . . Used time: 0s Expected left time: 0s          
 Analyzing entries 36057 - 36096, now 36077 , sum entries = 39150 . . . Used time: 0s Expected left time: 0s          
 Analyzing entries 36057 - 36096, now 36078 , sum entries = 39150 . . . Used time: 0s Expected left time: 0s          
 Analyzing entries 36057 - 36096, now 36079 , sum entries = 39150 . . . Used time: 0s Expected left time: 0s          
 Analyzing entries 36057 - 36096, now 36080 , sum entries = 39150 . . . Used time: 0s Expected left time: 0s          
 Analyzing entries 36057 - 36096, now 36081 , sum entries = 39150 . . . Used time: 0s Expected left time: 0s          
 Analyzing entries 36057 - 36096, now 36082 , sum entries = 39150 . . . Used time: 0s Expected left time: 0s          
 Analyzing entries 36057 - 36096, now 36083 , sum entries = 39150 . . . Used time: 0s Expected left time: 0s          
 Analyzing entries 36057 - 36096, now 36084 , sum entries = 39150 . . . Used time: 0s Expected left time: 0s          
 Analyzing entries 36057 - 36096, now 36085 , sum entries = 39150 . . . Used time: 0s Expected left time: 0s          
 Analyzing entries 36057 - 36096, now 36086 , sum entries = 39150 . . . Used time: 0s Expected left time: 0s          
 Analyzing entries 36057 - 36096, now 36087 , sum entries = 39150 . . . Used time: 0s Expected left time: 0s          
 Analyzing entries 36057 - 36096, now 36088 , sum entries = 39150 . . . Used time: 0s Expected left time: 0s          
 Analyzing entries 36057 - 36096, now 36089 , sum entries = 39150 . . . Used time: 0s Expected left time: 0s          
 Analyzing entries 36057 - 36096, now 36090 , sum entries = 39150 . . . Used time: 0s Expected left time: 0s          
 Analyzing entries 36057 - 36096, now 36091 , sum entries = 39150 . . . Used time: 0s Expected left time: 0s          
 Analyzing entries 36057 - 36096, now 36092 , sum entries = 39150 . . . Used time: 0s Expected left time: 0s          
 Analyzing entries 36057 - 36096, now 36093 , sum entries = 39150 . . . Used time: 0s Expected left time: 0s          
 Analyzing entries 36057 - 36096, now 36094 , sum entries = 39150 . . . Used time: 0s Expected left time: 0s          
 Analyzing entries 36057 - 36096, now 36095 , sum entries = 39150 . . . Used time: 0s Expected left time: 0s          
 Save to RootFile /extdisk/zlin/Machine_learning/RecoPlanesFeatures/CMS_herwig_HT1000to1500-preVFP_jinitpt450_600_j2pt80_120Reco/Chunk92_Part1.root . . . Used time: 0s Expected left time: 0s          
 Save to RootFile /extdisk/zlin/Machine_learning/RecoPlanesFeatures/CMS_herwig_HT1000to1500-preVFP_jinitpt450_600_j2pt80_120Reco/Chunk92_Part1.root . . . Used time: 0s Expected left time: 0s          
 Save to RootFile /extdisk/zlin/Machine_learning/RecoPlanesFeatures/CMS_herwig_HT1000to1500-preVFP_jinitpt450_600_j2pt80_120Reco/Chunk92_Part1.root . . . Used time: 0s Expected left time: 0s          
 Save to RootFile /extdisk/zlin/Machine_learning/RecoPlanesFeatures/CMS_herwig_HT1000to1500-preVFP_jinitpt450_600_j2pt80_120Reco/Chunk92_Part1.root . . . Used time: 0s Expected left time: 0s          
 Save to RootFile /extdisk/zlin/Machine_learning/RecoPlanesFeatures/CMS_herwig_HT1000to1500-preVFP_jinitpt450_600_j2pt80_120Reco/Chunk92_Part1.root . . . Used time: 0s Expected left time: 0s          
 Save to RootFile /extdisk/zlin/Machine_learning/RecoPlanesFeatures/CMS_herwig_HT1000to1500-preVFP_jinitpt450_600_j2pt80_120Reco/Chunk92_Part1.root . . . Used time: 0s Expected left time: 0s          
 Analyzing entries 36096 - 36135, now 36096 , sum entries = 39150 . . . Used time: 0s Expected left time: 0s          
 Analyzing entries 36096 - 36135, now 36097 , sum entries = 39150 . . . Used time: 0s Expected left time: 0s          
 Analyzing entries 36096 - 36135, now 36098 , sum entries = 39150 . . . Used time: 0s Expected left time: 0s          
 Analyzing entries 36096 - 36135, now 36099 , sum entries = 39150 . . . Used time: 0s Expected left time: 0s          
 Analyzing entries 36096 - 36135, now 36100 , sum entries = 39150 . . . Used time: 0s Expected left time: 0s          
 Analyzing entries 36096 - 36135, now 36101 , sum entries = 39150 . . . Used time: 0s Expected left time: 0s          
 Analyzing entries 36096 - 36135, now 36102 , sum entries = 39150 . . . Used time: 0s Expected left time: 0s          
 Analyzing entries 36096 - 36135, now 36103 , sum entries = 39150 . . . Used time: 0s Expected left time: 0s          
 Analyzing entries 36096 - 36135, now 36104 , sum entries = 39150 . . . Used time: 0s Expected left time: 0s          
 Analyzing entries 36096 - 36135, now 36105 , sum entries = 39150 . . . Used time: 0s Expected left time: 0s          
 Analyzing entries 36096 - 36135, now 36106 , sum entries = 39150 . . . Used time: 0s Expected left time: 0s          
 Analyzing entries 36096 - 36135, now 36107 , sum entries = 39150 . . . Used time: 0s Expected left time: 0s          
 Analyzing entries 36096 - 36135, now 36108 , sum entries = 39150 . . . Used time: 0s Expected left time: 0s          
 Analyzing entries 36096 - 36135, now 36109 , sum entries = 39150 . . . Used time: 0s Expected left time: 0s          
 Analyzing entries 36096 - 36135, now 36110 , sum entries = 39150 . . . Used time: 0s Expected left time: 0s          
 Analyzing entries 36096 - 36135, now 36111 , sum entries = 39150 . . . Used time: 0s Expected left time: 0s          
 Analyzing entries 36096 - 36135, now 36112 , sum entries = 39150 . . . Used time: 0s Expected left time: 0s          
 Analyzing entries 36096 - 36135, now 36113 , sum entries = 39150 . . . Used time: 0s Expected left time: 0s          
 Analyzing entries 36096 - 36135, now 36114 , sum entries = 39150 . . . Used time: 0s Expected left time: 0s          
 Analyzing entries 36096 - 36135, now 36115 , sum entries = 39150 . . . Used time: 0s Expected left time: 0s          
 Analyzing entries 36096 - 36135, now 36116 , sum entries = 39150 . . . Used time: 0s Expected left time: 0s          
 Analyzing entries 36096 - 36135, now 36117 , sum entries = 39150 . . . Used time: 0s Expected left time: 0s          
 Analyzing entries 36096 - 36135, now 36118 , sum entries = 39150 . . . Used time: 0s Expected left time: 0s          
 Analyzing entries 36096 - 36135, now 36119 , sum entries = 39150 . . . Used time: 0s Expected left time: 0s          
 Analyzing entries 36096 - 36135, now 36120 , sum entries = 39150 . . . Used time: 0s Expected left time: 0s          
 Analyzing entries 36096 - 36135, now 36121 , sum entries = 39150 . . . Used time: 0s Expected left time: 0s          
 Analyzing entries 36096 - 36135, now 36122 , sum entries = 39150 . . . Used time: 0s Expected left time: 0s          
 Analyzing entries 36096 - 36135, now 36123 , sum entries = 39150 . . . Used time: 0s Expected left time: 0s          
 Analyzing entries 36096 - 36135, now 36124 , sum entries = 39150 . . . Used time: 0s Expected left time: 0s          
 Analyzing entries 36096 - 36135, now 36125 , sum entries = 39150 . . . Used time: 0s Expected left time: 0s          
 Analyzing entries 36096 - 36135, now 36126 , sum entries = 39150 . . . Used time: 0s Expected left time: 0s          
 Analyzing entries 36096 - 36135, now 36127 , sum entries = 39150 . . . Used time: 0s Expected left time: 0s          
 Analyzing entries 36096 - 36135, now 36128 , sum entries = 39150 . . . Used time: 0s Expected left time: 0s          
 Analyzing entries 36096 - 36135, now 36129 , sum entries = 39150 . . . Used time: 0s Expected left time: 0s          
 Analyzing entries 36096 - 36135, now 36130 , sum entries = 39150 . . . Used time: 0s Expected left time: 0s          
 Analyzing entries 36096 - 36135, now 36131 , sum entries = 39150 . . . Used time: 0s Expected left time: 0s          
 Analyzing entries 36096 - 36135, now 36132 , sum entries = 39150 . . . Used time: 0s Expected left time: 0s          
 Analyzing entries 36096 - 36135, now 36133 , sum entries = 39150 . . . Used time: 0s Expected left time: 0s          
 Analyzing entries 36096 - 36135, now 36134 , sum entries = 39150 . . . Used time: 0s Expected left time: 0s          
 Save to RootFile /extdisk/zlin/Machine_learning/RecoPlanesFeatures/CMS_herwig_HT1000to1500-preVFP_jinitpt450_600_j2pt80_120Reco/Chunk92_Part2.root . . . Used time: 0s Expected left time: 0s          
 Save to RootFile /extdisk/zlin/Machine_learning/RecoPlanesFeatures/CMS_herwig_HT1000to1500-preVFP_jinitpt450_600_j2pt80_120Reco/Chunk92_Part2.root . . . Used time: 0s Expected left time: 0s          
 Save to RootFile /extdisk/zlin/Machine_learning/RecoPlanesFeatures/CMS_herwig_HT1000to1500-preVFP_jinitpt450_600_j2pt80_120Reco/Chunk92_Part2.root . . . Used time: 0s Expected left time: 0s          
 Analyzing entries 36135 - 36174, now 36135 , sum entries = 39150 . . . Used time: 0s Expected left time: 0s          
 Analyzing entries 36135 - 36174, now 36136 , sum entries = 39150 . . . Used time: 0s Expected left time: 0s          
 Analyzing entries 36135 - 36174, now 36137 , sum entries = 39150 . . . Used time: 0s Expected left time: 0s          
 Analyzing entries 36135 - 36174, now 36138 , sum entries = 39150 . . . Used time: 0s Expected left time: 0s          
 Analyzing entries 36135 - 36174, now 36139 , sum entries = 39150 . . . Used time: 0s Expected left time: 0s          
 Analyzing entries 36135 - 36174, now 36140 , sum entries = 39150 . . . Used time: 0s Expected left time: 0s          
 Analyzing entries 36135 - 36174, now 36141 , sum entries = 39150 . . . Used time: 0s Expected left time: 0s          
 Analyzing entries 36135 - 36174, now 36142 , sum entries = 39150 . . . Used time: 0s Expected left time: 0s          
 Analyzing entries 36135 - 36174, now 36143 , sum entries = 39150 . . . Used time: 0s Expected left time: 0s          
 Analyzing entries 36135 - 36174, now 36144 , sum entries = 39150 . . . Used time: 0s Expected left time: 0s          
 Analyzing entries 36135 - 36174, now 36145 , sum entries = 39150 . . . Used time: 0s Expected left time: 0s          
 Analyzing entries 36135 - 36174, now 36146 , sum entries = 39150 . . . Used time: 0s Expected left time: 0s          
 Analyzing entries 36135 - 36174, now 36147 , sum entries = 39150 . . . Used time: 0s Expected left time: 0s          
 Analyzing entries 36135 - 36174, now 36148 , sum entries = 39150 . . . Used time: 0s Expected left time: 0s          
 Analyzing entries 36135 - 36174, now 36149 , sum entries = 39150 . . . Used time: 0s Expected left time: 0s          
 Analyzing entries 36135 - 36174, now 36150 , sum entries = 39150 . . . Used time: 0s Expected left time: 0s          
 Analyzing entries 36135 - 36174, now 36151 , sum entries = 39150 . . . Used time: 0s Expected left time: 0s          
 Analyzing entries 36135 - 36174, now 36152 , sum entries = 39150 . . . Used time: 0s Expected left time: 0s          
 Analyzing entries 36135 - 36174, now 36153 , sum entries = 39150 . . . Used time: 0s Expected left time: 0s          
 Analyzing entries 36135 - 36174, now 36154 , sum entries = 39150 . . . Used time: 0s Expected left time: 0s          
 Analyzing entries 36135 - 36174, now 36155 , sum entries = 39150 . . . Used time: 0s Expected left time: 0s          
 Analyzing entries 36135 - 36174, now 36156 , sum entries = 39150 . . . Used time: 0s Expected left time: 0s          
 Analyzing entries 36135 - 36174, now 36157 , sum entries = 39150 . . . Used time: 0s Expected left time: 0s          
 Analyzing entries 36135 - 36174, now 36158 , sum entries = 39150 . . . Used time: 0s Expected left time: 0s          
 Analyzing entries 36135 - 36174, now 36159 , sum entries = 39150 . . . Used time: 0s Expected left time: 0s          
 Analyzing entries 36135 - 36174, now 36160 , sum entries = 39150 . . . Used time: 0s Expected left time: 0s          
 Analyzing entries 36135 - 36174, now 36161 , sum entries = 39150 . . . Used time: 0s Expected left time: 0s          
 Analyzing entries 36135 - 36174, now 36162 , sum entries = 39150 . . . Used time: 0s Expected left time: 0s          
 Analyzing entries 36135 - 36174, now 36163 , sum entries = 39150 . . . Used time: 0s Expected left time: 0s          
 Analyzing entries 36135 - 36174, now 36164 , sum entries = 39150 . . . Used time: 0s Expected left time: 0s          
 Analyzing entries 36135 - 36174, now 36165 , sum entries = 39150 . . . Used time: 0s Expected left time: 0s          
 Analyzing entries 36135 - 36174, now 36166 , sum entries = 39150 . . . Used time: 0s Expected left time: 0s          
 Analyzing entries 36135 - 36174, now 36167 , sum entries = 39150 . . . Used time: 0s Expected left time: 0s          
 Analyzing entries 36135 - 36174, now 36168 , sum entries = 39150 . . . Used time: 0s Expected left time: 0s          
 Analyzing entries 36135 - 36174, now 36169 , sum entries = 39150 . . . Used time: 0s Expected left time: 0s          
 Analyzing entries 36135 - 36174, now 36170 , sum entries = 39150 . . . Used time: 0s Expected left time: 0s          
 Analyzing entries 36135 - 36174, now 36171 , sum entries = 39150 . . . Used time: 0s Expected left time: 0s          
 Analyzing entries 36135 - 36174, now 36172 , sum entries = 39150 . . . Used time: 0s Expected left time: 0s          
 Analyzing entries 36135 - 36174, now 36173 , sum entries = 39150 . . . Used time: 0s Expected left time: 0s          
 Save to RootFile /extdisk/zlin/Machine_learning/RecoPlanesFeatures/CMS_herwig_HT1000to1500-preVFP_jinitpt450_600_j2pt80_120Reco/Chunk92_Part3.root . . . Used time: 0s Expected left time: 0s          
 Save to RootFile /extdisk/zlin/Machine_learning/RecoPlanesFeatures/CMS_herwig_HT1000to1500-preVFP_jinitpt450_600_j2pt80_120Reco/Chunk92_Part3.root . . . Used time: 0s Expected left time: 0s          
 Save to RootFile /extdisk/zlin/Machine_learning/RecoPlanesFeatures/CMS_herwig_HT1000to1500-preVFP_jinitpt450_600_j2pt80_120Reco/Chunk92_Part3.root . . . Used time: 0s Expected left time: 0s          
 Save to RootFile /extdisk/zlin/Machine_learning/RecoPlanesFeatures/CMS_herwig_HT1000to1500-preVFP_jinitpt450_600_j2pt80_120Reco/Chunk92_Part3.root . . . Used time: 0s Expected left time: 0s          
 Save to RootFile /extdisk/zlin/Machine_learning/RecoPlanesFeatures/CMS_herwig_HT1000to1500-preVFP_jinitpt450_600_j2pt80_120Reco/Chunk92_Part3.root . . . Used time: 0s Expected left time: 0s          
 Save to RootFile /extdisk/zlin/Machine_learning/RecoPlanesFeatures/CMS_herwig_HT1000to1500-preVFP_jinitpt450_600_j2pt80_120Reco/Chunk92_Part3.root . . . Used time: 0s Expected left time: 0s          
 Analyzing entries 36174 - 36213, now 36174 , sum entries = 39150 . . . Used time: 0s Expected left time: 0s          
 Analyzing entries 36174 - 36213, now 36175 , sum entries = 39150 . . . Used time: 0s Expected left time: 0s          
 Analyzing entries 36174 - 36213, now 36176 , sum entries = 39150 . . . Used time: 0s Expected left time: 0s          
 Analyzing entries 36174 - 36213, now 36177 , sum entries = 39150 . . . Used time: 0s Expected left time: 0s          
 Analyzing entries 36174 - 36213, now 36178 , sum entries = 39150 . . . Used time: 0s Expected left time: 0s          
 Analyzing entries 36174 - 36213, now 36179 , sum entries = 39150 . . . Used time: 0s Expected left time: 0s          
 Analyzing entries 36174 - 36213, now 36180 , sum entries = 39150 . . . Used time: 0s Expected left time: 0s          
 Analyzing entries 36174 - 36213, now 36181 , sum entries = 39150 . . . Used time: 0s Expected left time: 0s          
 Analyzing entries 36174 - 36213, now 36182 , sum entries = 39150 . . . Used time: 0s Expected left time: 0s          
 Analyzing entries 36174 - 36213, now 36183 , sum entries = 39150 . . . Used time: 0s Expected left time: 0s          
 Analyzing entries 36174 - 36213, now 36184 , sum entries = 39150 . . . Used time: 0s Expected left time: 0s          
 Analyzing entries 36174 - 36213, now 36185 , sum entries = 39150 . . . Used time: 0s Expected left time: 0s          
 Analyzing entries 36174 - 36213, now 36186 , sum entries = 39150 . . . Used time: 0s Expected left time: 0s          
 Analyzing entries 36174 - 36213, now 36187 , sum entries = 39150 . . . Used time: 0s Expected left time: 0s          
 Analyzing entries 36174 - 36213, now 36188 , sum entries = 39150 . . . Used time: 0s Expected left time: 0s          
 Analyzing entries 36174 - 36213, now 36189 , sum entries = 39150 . . . Used time: 0s Expected left time: 0s          
 Analyzing entries 36174 - 36213, now 36190 , sum entries = 39150 . . . Used time: 0s Expected left time: 0s          
 Analyzing entries 36174 - 36213, now 36191 , sum entries = 39150 . . . Used time: 0s Expected left time: 0s          
 Analyzing entries 36174 - 36213, now 36192 , sum entries = 39150 . . . Used time: 0s Expected left time: 0s          
 Analyzing entries 36174 - 36213, now 36193 , sum entries = 39150 . . . Used time: 0s Expected left time: 0s          
 Analyzing entries 36174 - 36213, now 36194 , sum entries = 39150 . . . Used time: 0s Expected left time: 0s          
 Analyzing entries 36174 - 36213, now 36195 , sum entries = 39150 . . . Used time: 0s Expected left time: 0s          
 Analyzing entries 36174 - 36213, now 36196 , sum entries = 39150 . . . Used time: 0s Expected left time: 0s          
 Analyzing entries 36174 - 36213, now 36197 , sum entries = 39150 . . . Used time: 0s Expected left time: 0s          
 Analyzing entries 36174 - 36213, now 36198 , sum entries = 39150 . . . Used time: 0s Expected left time: 0s          
 Analyzing entries 36174 - 36213, now 36199 , sum entries = 39150 . . . Used time: 0s Expected left time: 0s          
 Analyzing entries 36174 - 36213, now 36200 , sum entries = 39150 . . . Used time: 0s Expected left time: 0s          
 Analyzing entries 36174 - 36213, now 36201 , sum entries = 39150 . . . Used time: 0s Expected left time: 0s          
 Analyzing entries 36174 - 36213, now 36202 , sum entries = 39150 . . . Used time: 0s Expected left time: 0s          
 Analyzing entries 36174 - 36213, now 36203 , sum entries = 39150 . . . Used time: 0s Expected left time: 0s          
 Analyzing entries 36174 - 36213, now 36204 , sum entries = 39150 . . . Used time: 0s Expected left time: 0s          
 Analyzing entries 36174 - 36213, now 36205 , sum entries = 39150 . . . Used time: 0s Expected left time: 0s          
 Analyzing entries 36174 - 36213, now 36206 , sum entries = 39150 . . . Used time: 0s Expected left time: 0s          
 Analyzing entries 36174 - 36213, now 36207 , sum entries = 39150 . . . Used time: 0s Expected left time: 0s          
 Analyzing entries 36174 - 36213, now 36208 , sum entries = 39150 . . . Used time: 0s Expected left time: 0s          
 Analyzing entries 36174 - 36213, now 36209 , sum entries = 39150 . . . Used time: 0s Expected left time: 0s          
 Analyzing entries 36174 - 36213, now 36210 , sum entries = 39150 . . . Used time: 0s Expected left time: 0s          
 Analyzing entries 36174 - 36213, now 36211 , sum entries = 39150 . . . Used time: 0s Expected left time: 0s          
 Analyzing entries 36174 - 36213, now 36212 , sum entries = 39150 . . . Used time: 0s Expected left time: 0s          
 Save to RootFile /extdisk/zlin/Machine_learning/RecoPlanesFeatures/CMS_herwig_HT1000to1500-preVFP_jinitpt450_600_j2pt80_120Reco/Chunk92_Part4.root . . . Used time: 0s Expected left time: 0s          
 Save to RootFile /extdisk/zlin/Machine_learning/RecoPlanesFeatures/CMS_herwig_HT1000to1500-preVFP_jinitpt450_600_j2pt80_120Reco/Chunk92_Part4.root . . . Used time: 0s Expected left time: 0s          
 Save to RootFile /extdisk/zlin/Machine_learning/RecoPlanesFeatures/CMS_herwig_HT1000to1500-preVFP_jinitpt450_600_j2pt80_120Reco/Chunk92_Part4.root . . . Used time: 0s Expected left time: 0s          
 Save to RootFile /extdisk/zlin/Machine_learning/RecoPlanesFeatures/CMS_herwig_HT1000to1500-preVFP_jinitpt450_600_j2pt80_120Reco/Chunk92_Part4.root . . . Used time: 0s Expected left time: 0s          
 Save to RootFile /extdisk/zlin/Machine_learning/RecoPlanesFeatures/CMS_herwig_HT1000to1500-preVFP_jinitpt450_600_j2pt80_120Reco/Chunk92_Part4.root . . . Used time: 0s Expected left time: 0s          
 Save to RootFile /extdisk/zlin/Machine_learning/RecoPlanesFeatures/CMS_herwig_HT1000to1500-preVFP_jinitpt450_600_j2pt80_120Reco/Chunk92_Part4.root . . . Used time: 0s Expected left time: 0s          
 Save to RootFile /extdisk/zlin/Machine_learning/RecoPlanesFeatures/CMS_herwig_HT1000to1500-preVFP_jinitpt450_600_j2pt80_120Reco/Chunk92_Part4.root . . . Used time: 0s Expected left time: 0s          
 Save to RootFile /extdisk/zlin/Machine_learning/RecoPlanesFeatures/CMS_herwig_HT1000to1500-preVFP_jinitpt450_600_j2pt80_120Reco/Chunk92_Part4.root . . . Used time: 0s Expected left time: 0s          
 Save to RootFile /extdisk/zlin/Machine_learning/RecoPlanesFeatures/CMS_herwig_HT1000to1500-preVFP_jinitpt450_600_j2pt80_120Reco/Chunk92_Part4.root . . . Used time: 0s Expected left time: 0s          
 Analyzing entries 36213 - 36252, now 36213 , sum entries = 39150 . . . Used time: 0s Expected left time: 0s          
 Analyzing entries 36213 - 36252, now 36214 , sum entries = 39150 . . . Used time: 0s Expected left time: 0s          
 Analyzing entries 36213 - 36252, now 36215 , sum entries = 39150 . . . Used time: 0s Expected left time: 0s          
 Analyzing entries 36213 - 36252, now 36216 , sum entries = 39150 . . . Used time: 0s Expected left time: 0s          
 Analyzing entries 36213 - 36252, now 36217 , sum entries = 39150 . . . Used time: 0s Expected left time: 0s          
 Analyzing entries 36213 - 36252, now 36218 , sum entries = 39150 . . . Used time: 0s Expected left time: 0s          
 Analyzing entries 36213 - 36252, now 36219 , sum entries = 39150 . . . Used time: 0s Expected left time: 0s          
 Analyzing entries 36213 - 36252, now 36220 , sum entries = 39150 . . . Used time: 0s Expected left time: 0s          
 Analyzing entries 36213 - 36252, now 36221 , sum entries = 39150 . . . Used time: 0s Expected left time: 0s          
 Analyzing entries 36213 - 36252, now 36222 , sum entries = 39150 . . . Used time: 0s Expected left time: 0s          
 Analyzing entries 36213 - 36252, now 36223 , sum entries = 39150 . . . Used time: 0s Expected left time: 0s          
 Analyzing entries 36213 - 36252, now 36224 , sum entries = 39150 . . . Used time: 0s Expected left time: 0s          
 Analyzing entries 36213 - 36252, now 36225 , sum entries = 39150 . . . Used time: 0s Expected left time: 0s          
 Analyzing entries 36213 - 36252, now 36226 , sum entries = 39150 . . . Used time: 0s Expected left time: 0s          
 Analyzing entries 36213 - 36252, now 36227 , sum entries = 39150 . . . Used time: 0s Expected left time: 0s          
 Analyzing entries 36213 - 36252, now 36228 , sum entries = 39150 . . . Used time: 0s Expected left time: 0s          
 Analyzing entries 36213 - 36252, now 36229 , sum entries = 39150 . . . Used time: 0s Expected left time: 0s          
 Analyzing entries 36213 - 36252, now 36230 , sum entries = 39150 . . . Used time: 0s Expected left time: 0s          
 Analyzing entries 36213 - 36252, now 36231 , sum entries = 39150 . . . Used time: 0s Expected left time: 0s          
 Analyzing entries 36213 - 36252, now 36232 , sum entries = 39150 . . . Used time: 0s Expected left time: 0s          
 Analyzing entries 36213 - 36252, now 36233 , sum entries = 39150 . . . Used time: 0s Expected left time: 0s          
 Analyzing entries 36213 - 36252, now 36234 , sum entries = 39150 . . . Used time: 0s Expected left time: 0s          
 Analyzing entries 36213 - 36252, now 36235 , sum entries = 39150 . . . Used time: 0s Expected left time: 0s          
 Analyzing entries 36213 - 36252, now 36236 , sum entries = 39150 . . . Used time: 0s Expected left time: 0s          
 Analyzing entries 36213 - 36252, now 36237 , sum entries = 39150 . . . Used time: 0s Expected left time: 0s          
 Analyzing entries 36213 - 36252, now 36238 , sum entries = 39150 . . . Used time: 0s Expected left time: 0s          
 Analyzing entries 36213 - 36252, now 36239 , sum entries = 39150 . . . Used time: 0s Expected left time: 0s          
 Analyzing entries 36213 - 36252, now 36240 , sum entries = 39150 . . . Used time: 0s Expected left time: 0s          
 Analyzing entries 36213 - 36252, now 36241 , sum entries = 39150 . . . Used time: 0s Expected left time: 0s          
 Analyzing entries 36213 - 36252, now 36242 , sum entries = 39150 . . . Used time: 0s Expected left time: 0s          
 Analyzing entries 36213 - 36252, now 36243 , sum entries = 39150 . . . Used time: 0s Expected left time: 0s          
 Analyzing entries 36213 - 36252, now 36244 , sum entries = 39150 . . . Used time: 0s Expected left time: 0s          
 Analyzing entries 36213 - 36252, now 36245 , sum entries = 39150 . . . Used time: 0s Expected left time: 0s          
 Analyzing entries 36213 - 36252, now 36246 , sum entries = 39150 . . . Used time: 0s Expected left time: 0s          
 Analyzing entries 36213 - 36252, now 36247 , sum entries = 39150 . . . Used time: 0s Expected left time: 0s          
 Analyzing entries 36213 - 36252, now 36248 , sum entries = 39150 . . . Used time: 0s Expected left time: 0s          
 Analyzing entries 36213 - 36252, now 36249 , sum entries = 39150 . . . Used time: 0s Expected left time: 0s          
 Analyzing entries 36213 - 36252, now 36250 , sum entries = 39150 . . . Used time: 0s Expected left time: 0s          
 Analyzing entries 36213 - 36252, now 36251 , sum entries = 39150 . . . Used time: 0s Expected left time: 0s          
 Save to RootFile /extdisk/zlin/Machine_learning/RecoPlanesFeatures/CMS_herwig_HT1000to1500-preVFP_jinitpt450_600_j2pt80_120Reco/Chunk92_Part5.root . . . Used time: 0s Expected left time: 0s          
 Save to RootFile /extdisk/zlin/Machine_learning/RecoPlanesFeatures/CMS_herwig_HT1000to1500-preVFP_jinitpt450_600_j2pt80_120Reco/Chunk92_Part5.root . . . Used time: 0s Expected left time: 0s          
 Save to RootFile /extdisk/zlin/Machine_learning/RecoPlanesFeatures/CMS_herwig_HT1000to1500-preVFP_jinitpt450_600_j2pt80_120Reco/Chunk92_Part5.root . . . Used time: 0s Expected left time: 0s          
 Save to RootFile /extdisk/zlin/Machine_learning/RecoPlanesFeatures/CMS_herwig_HT1000to1500-preVFP_jinitpt450_600_j2pt80_120Reco/Chunk92_Part5.root . . . Used time: 0s Expected left time: 0s          
 Analyzing entries 36252 - 36291, now 36252 , sum entries = 39150 . . . Used time: 0s Expected left time: 0s          
 Analyzing entries 36252 - 36291, now 36253 , sum entries = 39150 . . . Used time: 0s Expected left time: 0s          
 Analyzing entries 36252 - 36291, now 36254 , sum entries = 39150 . . . Used time: 0s Expected left time: 0s          
 Analyzing entries 36252 - 36291, now 36255 , sum entries = 39150 . . . Used time: 0s Expected left time: 0s          
 Analyzing entries 36252 - 36291, now 36256 , sum entries = 39150 . . . Used time: 0s Expected left time: 0s          
 Analyzing entries 36252 - 36291, now 36257 , sum entries = 39150 . . . Used time: 0s Expected left time: 0s          
 Analyzing entries 36252 - 36291, now 36258 , sum entries = 39150 . . . Used time: 0s Expected left time: 0s          
 Analyzing entries 36252 - 36291, now 36259 , sum entries = 39150 . . . Used time: 0s Expected left time: 0s          
 Analyzing entries 36252 - 36291, now 36260 , sum entries = 39150 . . . Used time: 0s Expected left time: 0s          
 Analyzing entries 36252 - 36291, now 36261 , sum entries = 39150 . . . Used time: 0s Expected left time: 0s          
 Analyzing entries 36252 - 36291, now 36262 , sum entries = 39150 . . . Used time: 0s Expected left time: 0s          
 Analyzing entries 36252 - 36291, now 36263 , sum entries = 39150 . . . Used time: 0s Expected left time: 0s          
 Analyzing entries 36252 - 36291, now 36264 , sum entries = 39150 . . . Used time: 0s Expected left time: 0s          
 Analyzing entries 36252 - 36291, now 36265 , sum entries = 39150 . . . Used time: 0s Expected left time: 0s          
 Analyzing entries 36252 - 36291, now 36266 , sum entries = 39150 . . . Used time: 0s Expected left time: 0s          
 Analyzing entries 36252 - 36291, now 36267 , sum entries = 39150 . . . Used time: 0s Expected left time: 0s          
 Analyzing entries 36252 - 36291, now 36268 , sum entries = 39150 . . . Used time: 0s Expected left time: 0s          
 Analyzing entries 36252 - 36291, now 36269 , sum entries = 39150 . . . Used time: 0s Expected left time: 0s          
 Analyzing entries 36252 - 36291, now 36270 , sum entries = 39150 . . . Used time: 0s Expected left time: 0s          
 Analyzing entries 36252 - 36291, now 36271 , sum entries = 39150 . . . Used time: 0s Expected left time: 0s          
 Analyzing entries 36252 - 36291, now 36272 , sum entries = 39150 . . . Used time: 0s Expected left time: 0s          
 Analyzing entries 36252 - 36291, now 36273 , sum entries = 39150 . . . Used time: 0s Expected left time: 0s          
 Analyzing entries 36252 - 36291, now 36274 , sum entries = 39150 . . . Used time: 0s Expected left time: 0s          
 Analyzing entries 36252 - 36291, now 36275 , sum entries = 39150 . . . Used time: 0s Expected left time: 0s          
 Analyzing entries 36252 - 36291, now 36276 , sum entries = 39150 . . . Used time: 0s Expected left time: 0s          
 Analyzing entries 36252 - 36291, now 36277 , sum entries = 39150 . . . Used time: 0s Expected left time: 0s          
 Analyzing entries 36252 - 36291, now 36278 , sum entries = 39150 . . . Used time: 0s Expected left time: 0s          
 Analyzing entries 36252 - 36291, now 36279 , sum entries = 39150 . . . Used time: 0s Expected left time: 0s          
 Analyzing entries 36252 - 36291, now 36280 , sum entries = 39150 . . . Used time: 0s Expected left time: 0s          
 Analyzing entries 36252 - 36291, now 36281 , sum entries = 39150 . . . Used time: 0s Expected left time: 0s          
 Analyzing entries 36252 - 36291, now 36282 , sum entries = 39150 . . . Used time: 0s Expected left time: 0s          
 Analyzing entries 36252 - 36291, now 36283 , sum entries = 39150 . . . Used time: 0s Expected left time: 0s          
 Analyzing entries 36252 - 36291, now 36284 , sum entries = 39150 . . . Used time: 0s Expected left time: 0s          
 Analyzing entries 36252 - 36291, now 36285 , sum entries = 39150 . . . Used time: 0s Expected left time: 0s          
 Analyzing entries 36252 - 36291, now 36286 , sum entries = 39150 . . . Used time: 0s Expected left time: 0s          
 Analyzing entries 36252 - 36291, now 36287 , sum entries = 39150 . . . Used time: 0s Expected left time: 0s          
 Analyzing entries 36252 - 36291, now 36288 , sum entries = 39150 . . . Used time: 0s Expected left time: 0s          
 Analyzing entries 36252 - 36291, now 36289 , sum entries = 39150 . . . Used time: 0s Expected left time: 0s          
 Analyzing entries 36252 - 36291, now 36290 , sum entries = 39150 . . . Used time: 0s Expected left time: 0s          
 Save to RootFile /extdisk/zlin/Machine_learning/RecoPlanesFeatures/CMS_herwig_HT1000to1500-preVFP_jinitpt450_600_j2pt80_120Reco/Chunk92_Part6.root . . . Used time: 0s Expected left time: 0s          
 Analyzing entries 36292 - 36331, now 36292 , sum entries = 39150 . . . Used time: 0s Expected left time: 0s          
 Analyzing entries 36292 - 36331, now 36293 , sum entries = 39150 . . . Used time: 0s Expected left time: 0s          
 Analyzing entries 36292 - 36331, now 36294 , sum entries = 39150 . . . Used time: 0s Expected left time: 0s          
 Analyzing entries 36292 - 36331, now 36295 , sum entries = 39150 . . . Used time: 0s Expected left time: 0s          
 Analyzing entries 36292 - 36331, now 36296 , sum entries = 39150 . . . Used time: 0s Expected left time: 0s          
 Analyzing entries 36292 - 36331, now 36297 , sum entries = 39150 . . . Used time: 0s Expected left time: 0s          
 Analyzing entries 36292 - 36331, now 36298 , sum entries = 39150 . . . Used time: 0s Expected left time: 0s          
 Analyzing entries 36292 - 36331, now 36299 , sum entries = 39150 . . . Used time: 0s Expected left time: 0s          
 Analyzing entries 36292 - 36331, now 36300 , sum entries = 39150 . . . Used time: 0s Expected left time: 0s          
 Analyzing entries 36292 - 36331, now 36301 , sum entries = 39150 . . . Used time: 0s Expected left time: 0s          
 Analyzing entries 36292 - 36331, now 36302 , sum entries = 39150 . . . Used time: 0s Expected left time: 0s          
 Analyzing entries 36292 - 36331, now 36303 , sum entries = 39150 . . . Used time: 0s Expected left time: 0s          
 Analyzing entries 36292 - 36331, now 36304 , sum entries = 39150 . . . Used time: 0s Expected left time: 0s          
 Analyzing entries 36292 - 36331, now 36305 , sum entries = 39150 . . . Used time: 0s Expected left time: 0s          
 Analyzing entries 36292 - 36331, now 36306 , sum entries = 39150 . . . Used time: 0s Expected left time: 0s          
 Analyzing entries 36292 - 36331, now 36307 , sum entries = 39150 . . . Used time: 0s Expected left time: 0s          
 Analyzing entries 36292 - 36331, now 36308 , sum entries = 39150 . . . Used time: 0s Expected left time: 0s          
 Analyzing entries 36292 - 36331, now 36309 , sum entries = 39150 . . . Used time: 0s Expected left time: 0s          
 Analyzing entries 36292 - 36331, now 36310 , sum entries = 39150 . . . Used time: 0s Expected left time: 0s          
 Analyzing entries 36292 - 36331, now 36311 , sum entries = 39150 . . . Used time: 0s Expected left time: 0s          
 Analyzing entries 36292 - 36331, now 36312 , sum entries = 39150 . . . Used time: 0s Expected left time: 0s          
 Analyzing entries 36292 - 36331, now 36313 , sum entries = 39150 . . . Used time: 0s Expected left time: 0s          
 Analyzing entries 36292 - 36331, now 36314 , sum entries = 39150 . . . Used time: 0s Expected left time: 0s          
 Analyzing entries 36292 - 36331, now 36315 , sum entries = 39150 . . . Used time: 0s Expected left time: 0s          
 Analyzing entries 36292 - 36331, now 36316 , sum entries = 39150 . . . Used time: 0s Expected left time: 0s          
 Analyzing entries 36292 - 36331, now 36317 , sum entries = 39150 . . . Used time: 0s Expected left time: 0s          
 Analyzing entries 36292 - 36331, now 36318 , sum entries = 39150 . . . Used time: 0s Expected left time: 0s          
 Analyzing entries 36292 - 36331, now 36319 , sum entries = 39150 . . . Used time: 0s Expected left time: 0s          
 Analyzing entries 36292 - 36331, now 36320 , sum entries = 39150 . . . Used time: 0s Expected left time: 0s          
 Analyzing entries 36292 - 36331, now 36321 , sum entries = 39150 . . . Used time: 0s Expected left time: 0s          
 Analyzing entries 36292 - 36331, now 36322 , sum entries = 39150 . . . Used time: 0s Expected left time: 0s          
 Analyzing entries 36292 - 36331, now 36323 , sum entries = 39150 . . . Used time: 0s Expected left time: 0s          
 Analyzing entries 36292 - 36331, now 36324 , sum entries = 39150 . . . Used time: 0s Expected left time: 0s          
 Analyzing entries 36292 - 36331, now 36325 , sum entries = 39150 . . . Used time: 0s Expected left time: 0s          
 Analyzing entries 36292 - 36331, now 36326 , sum entries = 39150 . . . Used time: 0s Expected left time: 0s          
 Analyzing entries 36292 - 36331, now 36327 , sum entries = 39150 . . . Used time: 0s Expected left time: 0s          
 Analyzing entries 36292 - 36331, now 36328 , sum entries = 39150 . . . Used time: 0s Expected left time: 0s          
 Analyzing entries 36292 - 36331, now 36329 , sum entries = 39150 . . . Used time: 0s Expected left time: 0s          
 Analyzing entries 36292 - 36331, now 36330 , sum entries = 39150 . . . Used time: 0s Expected left time: 0s          
 Save to RootFile /extdisk/zlin/Machine_learning/RecoPlanesFeatures/CMS_herwig_HT1000to1500-preVFP_jinitpt450_600_j2pt80_120Reco/Chunk92_Part7.root . . . Used time: 0s Expected left time: 0s          
 Save to RootFile /extdisk/zlin/Machine_learning/RecoPlanesFeatures/CMS_herwig_HT1000to1500-preVFP_jinitpt450_600_j2pt80_120Reco/Chunk92_Part7.root . . . Used time: 0s Expected left time: 0s          
 Save to RootFile /extdisk/zlin/Machine_learning/RecoPlanesFeatures/CMS_herwig_HT1000to1500-preVFP_jinitpt450_600_j2pt80_120Reco/Chunk92_Part7.root . . . Used time: 0s Expected left time: 0s          
 Save to RootFile /extdisk/zlin/Machine_learning/RecoPlanesFeatures/CMS_herwig_HT1000to1500-preVFP_jinitpt450_600_j2pt80_120Reco/Chunk92_Part7.root . . . Used time: 0s Expected left time: 0s          
 Save to RootFile /extdisk/zlin/Machine_learning/RecoPlanesFeatures/CMS_herwig_HT1000to1500-preVFP_jinitpt450_600_j2pt80_120Reco/Chunk92_Part7.root . . . Used time: 0s Expected left time: 0s          
 Save to RootFile /extdisk/zlin/Machine_learning/RecoPlanesFeatures/CMS_herwig_HT1000to1500-preVFP_jinitpt450_600_j2pt80_120Reco/Chunk92_Part7.root . . . Used time: 0s Expected left time: 0s          
 Analyzing entries 36331 - 36370, now 36331 , sum entries = 39150 . . . Used time: 0s Expected left time: 0s          
 Analyzing entries 36331 - 36370, now 36332 , sum entries = 39150 . . . Used time: 0s Expected left time: 0s          
 Analyzing entries 36331 - 36370, now 36333 , sum entries = 39150 . . . Used time: 0s Expected left time: 0s          
 Analyzing entries 36331 - 36370, now 36334 , sum entries = 39150 . . . Used time: 0s Expected left time: 0s          
 Analyzing entries 36331 - 36370, now 36335 , sum entries = 39150 . . . Used time: 0s Expected left time: 0s          
 Analyzing entries 36331 - 36370, now 36336 , sum entries = 39150 . . . Used time: 0s Expected left time: 0s          
 Analyzing entries 36331 - 36370, now 36337 , sum entries = 39150 . . . Used time: 0s Expected left time: 0s          
 Analyzing entries 36331 - 36370, now 36338 , sum entries = 39150 . . . Used time: 0s Expected left time: 0s          
 Analyzing entries 36331 - 36370, now 36339 , sum entries = 39150 . . . Used time: 0s Expected left time: 0s          
 Analyzing entries 36331 - 36370, now 36340 , sum entries = 39150 . . . Used time: 0s Expected left time: 0s          
 Analyzing entries 36331 - 36370, now 36341 , sum entries = 39150 . . . Used time: 0s Expected left time: 0s          
 Analyzing entries 36331 - 36370, now 36342 , sum entries = 39150 . . . Used time: 0s Expected left time: 0s          
 Analyzing entries 36331 - 36370, now 36343 , sum entries = 39150 . . . Used time: 0s Expected left time: 0s          
 Analyzing entries 36331 - 36370, now 36344 , sum entries = 39150 . . . Used time: 0s Expected left time: 0s          
 Analyzing entries 36331 - 36370, now 36345 , sum entries = 39150 . . . Used time: 0s Expected left time: 0s          
 Analyzing entries 36331 - 36370, now 36346 , sum entries = 39150 . . . Used time: 0s Expected left time: 0s          
 Analyzing entries 36331 - 36370, now 36347 , sum entries = 39150 . . . Used time: 0s Expected left time: 0s          
 Analyzing entries 36331 - 36370, now 36348 , sum entries = 39150 . . . Used time: 0s Expected left time: 0s          
 Analyzing entries 36331 - 36370, now 36349 , sum entries = 39150 . . . Used time: 0s Expected left time: 0s          
 Analyzing entries 36331 - 36370, now 36350 , sum entries = 39150 . . . Used time: 0s Expected left time: 0s          
 Analyzing entries 36331 - 36370, now 36351 , sum entries = 39150 . . . Used time: 0s Expected left time: 0s          
 Analyzing entries 36331 - 36370, now 36352 , sum entries = 39150 . . . Used time: 0s Expected left time: 0s          
 Analyzing entries 36331 - 36370, now 36353 , sum entries = 39150 . . . Used time: 0s Expected left time: 0s          
 Analyzing entries 36331 - 36370, now 36354 , sum entries = 39150 . . . Used time: 0s Expected left time: 0s          
 Analyzing entries 36331 - 36370, now 36355 , sum entries = 39150 . . . Used time: 0s Expected left time: 0s          
 Analyzing entries 36331 - 36370, now 36356 , sum entries = 39150 . . . Used time: 0s Expected left time: 0s          
 Analyzing entries 36331 - 36370, now 36357 , sum entries = 39150 . . . Used time: 0s Expected left time: 0s          
 Analyzing entries 36331 - 36370, now 36358 , sum entries = 39150 . . . Used time: 0s Expected left time: 0s          
 Analyzing entries 36331 - 36370, now 36359 , sum entries = 39150 . . . Used time: 0s Expected left time: 0s          
 Analyzing entries 36331 - 36370, now 36360 , sum entries = 39150 . . . Used time: 0s Expected left time: 0s          
 Analyzing entries 36331 - 36370, now 36361 , sum entries = 39150 . . . Used time: 0s Expected left time: 0s          
 Analyzing entries 36331 - 36370, now 36362 , sum entries = 39150 . . . Used time: 0s Expected left time: 0s          
 Analyzing entries 36331 - 36370, now 36363 , sum entries = 39150 . . . Used time: 0s Expected left time: 0s          
 Analyzing entries 36331 - 36370, now 36364 , sum entries = 39150 . . . Used time: 0s Expected left time: 0s          
 Analyzing entries 36331 - 36370, now 36365 , sum entries = 39150 . . . Used time: 0s Expected left time: 0s          
 Analyzing entries 36331 - 36370, now 36366 , sum entries = 39150 . . . Used time: 0s Expected left time: 0s          
 Analyzing entries 36331 - 36370, now 36367 , sum entries = 39150 . . . Used time: 0s Expected left time: 0s          
 Analyzing entries 36331 - 36370, now 36368 , sum entries = 39150 . . . Used time: 0s Expected left time: 0s          
 Analyzing entries 36331 - 36370, now 36369 , sum entries = 39150 . . . Used time: 0s Expected left time: 0s          
 Save to RootFile /extdisk/zlin/Machine_learning/RecoPlanesFeatures/CMS_herwig_HT1000to1500-preVFP_jinitpt450_600_j2pt80_120Reco/Chunk92_Part8.root . . . Used time: 0s Expected left time: 0s          
 Save to RootFile /extdisk/zlin/Machine_learning/RecoPlanesFeatures/CMS_herwig_HT1000to1500-preVFP_jinitpt450_600_j2pt80_120Reco/Chunk92_Part8.root . . . Used time: 0s Expected left time: 0s          
 Save to RootFile /extdisk/zlin/Machine_learning/RecoPlanesFeatures/CMS_herwig_HT1000to1500-preVFP_jinitpt450_600_j2pt80_120Reco/Chunk92_Part8.root . . . Used time: 0s Expected left time: 0s          
 Save to RootFile /extdisk/zlin/Machine_learning/RecoPlanesFeatures/CMS_herwig_HT1000to1500-preVFP_jinitpt450_600_j2pt80_120Reco/Chunk92_Part8.root . . . Used time: 0s Expected left time: 0s          
 Analyzing entries 36370 - 36409, now 36370 , sum entries = 39150 . . . Used time: 0s Expected left time: 0s          
 Analyzing entries 36370 - 36409, now 36371 , sum entries = 39150 . . . Used time: 0s Expected left time: 0s          
 Analyzing entries 36370 - 36409, now 36372 , sum entries = 39150 . . . Used time: 0s Expected left time: 0s          
 Analyzing entries 36370 - 36409, now 36373 , sum entries = 39150 . . . Used time: 0s Expected left time: 0s          
 Analyzing entries 36370 - 36409, now 36374 , sum entries = 39150 . . . Used time: 0s Expected left time: 0s          
 Analyzing entries 36370 - 36409, now 36375 , sum entries = 39150 . . . Used time: 0s Expected left time: 0s          
 Analyzing entries 36370 - 36409, now 36376 , sum entries = 39150 . . . Used time: 0s Expected left time: 0s          
 Analyzing entries 36370 - 36409, now 36377 , sum entries = 39150 . . . Used time: 0s Expected left time: 0s          
 Analyzing entries 36370 - 36409, now 36378 , sum entries = 39150 . . . Used time: 0s Expected left time: 0s          
 Analyzing entries 36370 - 36409, now 36379 , sum entries = 39150 . . . Used time: 0s Expected left time: 0s          
 Analyzing entries 36370 - 36409, now 36380 , sum entries = 39150 . . . Used time: 0s Expected left time: 0s          
 Analyzing entries 36370 - 36409, now 36381 , sum entries = 39150 . . . Used time: 0s Expected left time: 0s          
 Analyzing entries 36370 - 36409, now 36382 , sum entries = 39150 . . . Used time: 0s Expected left time: 0s          
 Analyzing entries 36370 - 36409, now 36383 , sum entries = 39150 . . . Used time: 0s Expected left time: 0s          
 Analyzing entries 36370 - 36409, now 36384 , sum entries = 39150 . . . Used time: 0s Expected left time: 0s          
 Analyzing entries 36370 - 36409, now 36385 , sum entries = 39150 . . . Used time: 0s Expected left time: 0s          
 Analyzing entries 36370 - 36409, now 36386 , sum entries = 39150 . . . Used time: 0s Expected left time: 0s          
 Analyzing entries 36370 - 36409, now 36387 , sum entries = 39150 . . . Used time: 0s Expected left time: 0s          
 Analyzing entries 36370 - 36409, now 36388 , sum entries = 39150 . . . Used time: 0s Expected left time: 0s          
 Analyzing entries 36370 - 36409, now 36389 , sum entries = 39150 . . . Used time: 0s Expected left time: 0s          
 Analyzing entries 36370 - 36409, now 36390 , sum entries = 39150 . . . Used time: 0s Expected left time: 0s          
 Analyzing entries 36370 - 36409, now 36391 , sum entries = 39150 . . . Used time: 0s Expected left time: 0s          
 Analyzing entries 36370 - 36409, now 36392 , sum entries = 39150 . . . Used time: 0s Expected left time: 0s          
 Analyzing entries 36370 - 36409, now 36393 , sum entries = 39150 . . . Used time: 0s Expected left time: 0s          
 Analyzing entries 36370 - 36409, now 36394 , sum entries = 39150 . . . Used time: 0s Expected left time: 0s          
 Analyzing entries 36370 - 36409, now 36395 , sum entries = 39150 . . . Used time: 0s Expected left time: 0s          
 Analyzing entries 36370 - 36409, now 36396 , sum entries = 39150 . . . Used time: 0s Expected left time: 0s          
 Analyzing entries 36370 - 36409, now 36397 , sum entries = 39150 . . . Used time: 0s Expected left time: 0s          
 Analyzing entries 36370 - 36409, now 36398 , sum entries = 39150 . . . Used time: 0s Expected left time: 0s          
 Analyzing entries 36370 - 36409, now 36399 , sum entries = 39150 . . . Used time: 0s Expected left time: 0s          
 Analyzing entries 36370 - 36409, now 36400 , sum entries = 39150 . . . Used time: 0s Expected left time: 0s          
 Analyzing entries 36370 - 36409, now 36401 , sum entries = 39150 . . . Used time: 0s Expected left time: 0s          
 Analyzing entries 36370 - 36409, now 36402 , sum entries = 39150 . . . Used time: 0s Expected left time: 0s          
 Analyzing entries 36370 - 36409, now 36403 , sum entries = 39150 . . . Used time: 0s Expected left time: 0s          
 Analyzing entries 36370 - 36409, now 36404 , sum entries = 39150 . . . Used time: 0s Expected left time: 0s          
 Analyzing entries 36370 - 36409, now 36405 , sum entries = 39150 . . . Used time: 0s Expected left time: 0s          
 Analyzing entries 36370 - 36409, now 36406 , sum entries = 39150 . . . Used time: 0s Expected left time: 0s          
 Analyzing entries 36370 - 36409, now 36407 , sum entries = 39150 . . . Used time: 0s Expected left time: 0s          
 Analyzing entries 36370 - 36409, now 36408 , sum entries = 39150 . . . Used time: 0s Expected left time: 0s          
 Save to RootFile /extdisk/zlin/Machine_learning/RecoPlanesFeatures/CMS_herwig_HT1000to1500-preVFP_jinitpt450_600_j2pt80_120Reco/Chunk92_Part9.root . . . Used time: 0s Expected left time: 0s          
 Save to RootFile /extdisk/zlin/Machine_learning/RecoPlanesFeatures/CMS_herwig_HT1000to1500-preVFP_jinitpt450_600_j2pt80_120Reco/Chunk92_Part9.root . . . Used time: 0s Expected left time: 0s          
 Save to RootFile /extdisk/zlin/Machine_learning/RecoPlanesFeatures/CMS_herwig_HT1000to1500-preVFP_jinitpt450_600_j2pt80_120Reco/Chunk92_Part9.root . . . Used time: 0s Expected left time: 0s          
 Save to RootFile /extdisk/zlin/Machine_learning/RecoPlanesFeatures/CMS_herwig_HT1000to1500-preVFP_jinitpt450_600_j2pt80_120Reco/Chunk92_Part9.root . . . Used time: 0s Expected left time: 0s          
