Warning in <TFile::Init>: file /extdisk/zlin/Machine_learning/RecoPlanes/CMS_herwig_HT1000to1500-preVFP/Chunk19_Part0.root probably not closed, trying to recover
Warning in <TFile::Init>: no keys recovered, file has been made a Zombie
Warning in <TFile::Init>: file /extdisk/zlin/Machine_learning/RecoPlanes/CMS_herwig_HT1000to1500-preVFP/Chunk41_Part0.root probably not closed, trying to recover
Warning in <TFile::Init>: no keys recovered, file has been made a Zombie
Warning in <TFile::Init>: file /extdisk/zlin/Machine_learning/RecoPlanes/CMS_herwig_HT1000to1500-preVFP/Chunk52_Part0.root probably not closed, trying to recover
Warning in <TFile::Init>: no keys recovered, file has been made a Zombie
Warning in <TFile::Init>: file /extdisk/zlin/Machine_learning/RecoPlanes/CMS_herwig_HT1000to1500-preVFP/Chunk58_Part0.root probably not closed, trying to recover
Warning in <TFile::Init>: no keys recovered, file has been made a Zombie
Warning in <TFile::Init>: file /extdisk/zlin/Machine_learning/RecoPlanes/CMS_herwig_HT1000to1500-preVFP/Chunk59_Part0.root probably not closed, trying to recover
Warning in <TFile::Init>: no keys recovered, file has been made a Zombie
 Analyzing entries 39645 - 39687, now 39645 , sum entries = 42630 . . . Used time: 0s Expected left time: 0s          
 Analyzing entries 39645 - 39687, now 39646 , sum entries = 42630 . . . Used time: 0s Expected left time: 0s          
 Analyzing entries 39645 - 39687, now 39647 , sum entries = 42630 . . . Used time: 0s Expected left time: 0s          
 Analyzing entries 39645 - 39687, now 39648 , sum entries = 42630 . . . Used time: 0s Expected left time: 0s          
 Analyzing entries 39645 - 39687, now 39649 , sum entries = 42630 . . . Used time: 0s Expected left time: 0s          
 Analyzing entries 39645 - 39687, now 39650 , sum entries = 42630 . . . Used time: 0s Expected left time: 0s          
 Analyzing entries 39645 - 39687, now 39651 , sum entries = 42630 . . . Used time: 0s Expected left time: 0s          
 Analyzing entries 39645 - 39687, now 39652 , sum entries = 42630 . . . Used time: 0s Expected left time: 0s          
 Analyzing entries 39645 - 39687, now 39653 , sum entries = 42630 . . . Used time: 0s Expected left time: 0s          
 Analyzing entries 39645 - 39687, now 39654 , sum entries = 42630 . . . Used time: 0s Expected left time: 0s          
 Analyzing entries 39645 - 39687, now 39655 , sum entries = 42630 . . . Used time: 0s Expected left time: 0s          
 Analyzing entries 39645 - 39687, now 39656 , sum entries = 42630 . . . Used time: 0s Expected left time: 0s          
 Analyzing entries 39645 - 39687, now 39657 , sum entries = 42630 . . . Used time: 0s Expected left time: 0s          
 Analyzing entries 39645 - 39687, now 39658 , sum entries = 42630 . . . Used time: 0s Expected left time: 0s          
 Analyzing entries 39645 - 39687, now 39659 , sum entries = 42630 . . . Used time: 0s Expected left time: 0s          
 Analyzing entries 39645 - 39687, now 39660 , sum entries = 42630 . . . Used time: 0s Expected left time: 0s          
 Analyzing entries 39645 - 39687, now 39661 , sum entries = 42630 . . . Used time: 0s Expected left time: 0s          
 Analyzing entries 39645 - 39687, now 39662 , sum entries = 42630 . . . Used time: 0s Expected left time: 0s          
 Analyzing entries 39645 - 39687, now 39663 , sum entries = 42630 . . . Used time: 0s Expected left time: 0s          
 Analyzing entries 39645 - 39687, now 39664 , sum entries = 42630 . . . Used time: 0s Expected left time: 0s          
 Analyzing entries 39645 - 39687, now 39665 , sum entries = 42630 . . . Used time: 0s Expected left time: 0s          
 Analyzing entries 39645 - 39687, now 39666 , sum entries = 42630 . . . Used time: 0s Expected left time: 0s          
 Analyzing entries 39645 - 39687, now 39667 , sum entries = 42630 . . . Used time: 0s Expected left time: 0s          
 Analyzing entries 39645 - 39687, now 39668 , sum entries = 42630 . . . Used time: 0s Expected left time: 0s          
 Analyzing entries 39645 - 39687, now 39669 , sum entries = 42630 . . . Used time: 0s Expected left time: 0s          
 Analyzing entries 39645 - 39687, now 39670 , sum entries = 42630 . . . Used time: 0s Expected left time: 0s          
 Analyzing entries 39645 - 39687, now 39671 , sum entries = 42630 . . . Used time: 0s Expected left time: 0s          
 Analyzing entries 39645 - 39687, now 39672 , sum entries = 42630 . . . Used time: 0s Expected left time: 0s          
 Analyzing entries 39645 - 39687, now 39673 , sum entries = 42630 . . . Used time: 0s Expected left time: 0s          
 Analyzing entries 39645 - 39687, now 39674 , sum entries = 42630 . . . Used time: 0s Expected left time: 0s          
 Analyzing entries 39645 - 39687, now 39675 , sum entries = 42630 . . . Used time: 0s Expected left time: 0s          
 Analyzing entries 39645 - 39687, now 39676 , sum entries = 42630 . . . Used time: 0s Expected left time: 0s          
 Analyzing entries 39645 - 39687, now 39677 , sum entries = 42630 . . . Used time: 0s Expected left time: 0s          
 Analyzing entries 39645 - 39687, now 39678 , sum entries = 42630 . . . Used time: 0s Expected left time: 0s          
 Analyzing entries 39645 - 39687, now 39679 , sum entries = 42630 . . . Used time: 0s Expected left time: 0s          
 Analyzing entries 39645 - 39687, now 39680 , sum entries = 42630 . . . Used time: 0s Expected left time: 0s          
 Analyzing entries 39645 - 39687, now 39681 , sum entries = 42630 . . . Used time: 0s Expected left time: 0s          
 Analyzing entries 39645 - 39687, now 39682 , sum entries = 42630 . . . Used time: 0s Expected left time: 0s          
 Analyzing entries 39645 - 39687, now 39683 , sum entries = 42630 . . . Used time: 0s Expected left time: 0s          
 Analyzing entries 39645 - 39687, now 39684 , sum entries = 42630 . . . Used time: 0s Expected left time: 0s          
 Analyzing entries 39645 - 39687, now 39685 , sum entries = 42630 . . . Used time: 0s Expected left time: 0s          
 Analyzing entries 39645 - 39687, now 39686 , sum entries = 42630 . . . Used time: 0s Expected left time: 0s          
 Save to RootFile /extdisk/zlin/Machine_learning/RecoPlanesFeatures/CMS_herwig_HT1000to1500-preVFP_jinitpt450_600_j2pt80_120Reco/Chunk93_Part0.root . . . Used time: 0s Expected left time: 0s          
 Save to RootFile /extdisk/zlin/Machine_learning/RecoPlanesFeatures/CMS_herwig_HT1000to1500-preVFP_jinitpt450_600_j2pt80_120Reco/Chunk93_Part0.root . . . Used time: 0s Expected left time: 0s          
 Save to RootFile /extdisk/zlin/Machine_learning/RecoPlanesFeatures/CMS_herwig_HT1000to1500-preVFP_jinitpt450_600_j2pt80_120Reco/Chunk93_Part0.root . . . Used time: 0s Expected left time: 0s          
 Save to RootFile /extdisk/zlin/Machine_learning/RecoPlanesFeatures/CMS_herwig_HT1000to1500-preVFP_jinitpt450_600_j2pt80_120Reco/Chunk93_Part0.root . . . Used time: 0s Expected left time: 0s          
 Save to RootFile /extdisk/zlin/Machine_learning/RecoPlanesFeatures/CMS_herwig_HT1000to1500-preVFP_jinitpt450_600_j2pt80_120Reco/Chunk93_Part0.root . . . Used time: 0s Expected left time: 0s          
 Save to RootFile /extdisk/zlin/Machine_learning/RecoPlanesFeatures/CMS_herwig_HT1000to1500-preVFP_jinitpt450_600_j2pt80_120Reco/Chunk93_Part0.root . . . Used time: 0s Expected left time: 0s          
 Save to RootFile /extdisk/zlin/Machine_learning/RecoPlanesFeatures/CMS_herwig_HT1000to1500-preVFP_jinitpt450_600_j2pt80_120Reco/Chunk93_Part0.root . . . Used time: 0s Expected left time: 0s          
 Save to RootFile /extdisk/zlin/Machine_learning/RecoPlanesFeatures/CMS_herwig_HT1000to1500-preVFP_jinitpt450_600_j2pt80_120Reco/Chunk93_Part0.root . . . Used time: 0s Expected left time: 0s          
 Analyzing entries 39688 - 39730, now 39688 , sum entries = 42630 . . . Used time: 0s Expected left time: 0s          
 Analyzing entries 39688 - 39730, now 39689 , sum entries = 42630 . . . Used time: 0s Expected left time: 0s          
 Analyzing entries 39688 - 39730, now 39690 , sum entries = 42630 . . . Used time: 0s Expected left time: 0s          
 Analyzing entries 39688 - 39730, now 39691 , sum entries = 42630 . . . Used time: 0s Expected left time: 0s          
 Analyzing entries 39688 - 39730, now 39692 , sum entries = 42630 . . . Used time: 0s Expected left time: 0s          
 Analyzing entries 39688 - 39730, now 39693 , sum entries = 42630 . . . Used time: 0s Expected left time: 0s          
 Analyzing entries 39688 - 39730, now 39694 , sum entries = 42630 . . . Used time: 0s Expected left time: 0s          
 Analyzing entries 39688 - 39730, now 39695 , sum entries = 42630 . . . Used time: 0s Expected left time: 0s          
 Analyzing entries 39688 - 39730, now 39696 , sum entries = 42630 . . . Used time: 0s Expected left time: 0s          
 Analyzing entries 39688 - 39730, now 39697 , sum entries = 42630 . . . Used time: 0s Expected left time: 0s          
 Analyzing entries 39688 - 39730, now 39698 , sum entries = 42630 . . . Used time: 0s Expected left time: 0s          
 Analyzing entries 39688 - 39730, now 39699 , sum entries = 42630 . . . Used time: 0s Expected left time: 0s          
 Analyzing entries 39688 - 39730, now 39700 , sum entries = 42630 . . . Used time: 0s Expected left time: 0s          
 Analyzing entries 39688 - 39730, now 39701 , sum entries = 42630 . . . Used time: 0s Expected left time: 0s          
 Analyzing entries 39688 - 39730, now 39702 , sum entries = 42630 . . . Used time: 0s Expected left time: 0s          
 Analyzing entries 39688 - 39730, now 39703 , sum entries = 42630 . . . Used time: 0s Expected left time: 0s          
 Analyzing entries 39688 - 39730, now 39704 , sum entries = 42630 . . . Used time: 0s Expected left time: 0s          
 Analyzing entries 39688 - 39730, now 39705 , sum entries = 42630 . . . Used time: 0s Expected left time: 0s          
 Analyzing entries 39688 - 39730, now 39706 , sum entries = 42630 . . . Used time: 0s Expected left time: 0s          
 Analyzing entries 39688 - 39730, now 39707 , sum entries = 42630 . . . Used time: 0s Expected left time: 0s          
 Analyzing entries 39688 - 39730, now 39708 , sum entries = 42630 . . . Used time: 0s Expected left time: 0s          
 Analyzing entries 39688 - 39730, now 39709 , sum entries = 42630 . . . Used time: 0s Expected left time: 0s          
 Analyzing entries 39688 - 39730, now 39710 , sum entries = 42630 . . . Used time: 0s Expected left time: 0s          
 Analyzing entries 39688 - 39730, now 39711 , sum entries = 42630 . . . Used time: 0s Expected left time: 0s          
 Analyzing entries 39688 - 39730, now 39712 , sum entries = 42630 . . . Used time: 0s Expected left time: 0s          
 Analyzing entries 39688 - 39730, now 39713 , sum entries = 42630 . . . Used time: 0s Expected left time: 0s          
 Analyzing entries 39688 - 39730, now 39714 , sum entries = 42630 . . . Used time: 0s Expected left time: 0s          
 Analyzing entries 39688 - 39730, now 39715 , sum entries = 42630 . . . Used time: 0s Expected left time: 0s          
 Analyzing entries 39688 - 39730, now 39716 , sum entries = 42630 . . . Used time: 0s Expected left time: 0s          
 Analyzing entries 39688 - 39730, now 39717 , sum entries = 42630 . . . Used time: 0s Expected left time: 0s          
 Analyzing entries 39688 - 39730, now 39718 , sum entries = 42630 . . . Used time: 0s Expected left time: 0s          
 Analyzing entries 39688 - 39730, now 39719 , sum entries = 42630 . . . Used time: 0s Expected left time: 0s          
 Analyzing entries 39688 - 39730, now 39720 , sum entries = 42630 . . . Used time: 0s Expected left time: 0s          
 Analyzing entries 39688 - 39730, now 39721 , sum entries = 42630 . . . Used time: 0s Expected left time: 0s          
 Analyzing entries 39688 - 39730, now 39722 , sum entries = 42630 . . . Used time: 0s Expected left time: 0s          
 Analyzing entries 39688 - 39730, now 39723 , sum entries = 42630 . . . Used time: 0s Expected left time: 0s          
 Analyzing entries 39688 - 39730, now 39724 , sum entries = 42630 . . . Used time: 0s Expected left time: 0s          
 Analyzing entries 39688 - 39730, now 39725 , sum entries = 42630 . . . Used time: 0s Expected left time: 0s          
 Analyzing entries 39688 - 39730, now 39726 , sum entries = 42630 . . . Used time: 0s Expected left time: 0s          
 Analyzing entries 39688 - 39730, now 39727 , sum entries = 42630 . . . Used time: 0s Expected left time: 0s          
 Analyzing entries 39688 - 39730, now 39728 , sum entries = 42630 . . . Used time: 0s Expected left time: 0s          
 Analyzing entries 39688 - 39730, now 39729 , sum entries = 42630 . . . Used time: 0s Expected left time: 0s          
 Save to RootFile /extdisk/zlin/Machine_learning/RecoPlanesFeatures/CMS_herwig_HT1000to1500-preVFP_jinitpt450_600_j2pt80_120Reco/Chunk93_Part1.root . . . Used time: 0s Expected left time: 0s          
 Save to RootFile /extdisk/zlin/Machine_learning/RecoPlanesFeatures/CMS_herwig_HT1000to1500-preVFP_jinitpt450_600_j2pt80_120Reco/Chunk93_Part1.root . . . Used time: 0s Expected left time: 0s          
 Save to RootFile /extdisk/zlin/Machine_learning/RecoPlanesFeatures/CMS_herwig_HT1000to1500-preVFP_jinitpt450_600_j2pt80_120Reco/Chunk93_Part1.root . . . Used time: 0s Expected left time: 0s          
 Save to RootFile /extdisk/zlin/Machine_learning/RecoPlanesFeatures/CMS_herwig_HT1000to1500-preVFP_jinitpt450_600_j2pt80_120Reco/Chunk93_Part1.root . . . Used time: 0s Expected left time: 0s          
 Save to RootFile /extdisk/zlin/Machine_learning/RecoPlanesFeatures/CMS_herwig_HT1000to1500-preVFP_jinitpt450_600_j2pt80_120Reco/Chunk93_Part1.root . . . Used time: 0s Expected left time: 0s          
 Save to RootFile /extdisk/zlin/Machine_learning/RecoPlanesFeatures/CMS_herwig_HT1000to1500-preVFP_jinitpt450_600_j2pt80_120Reco/Chunk93_Part1.root . . . Used time: 0s Expected left time: 0s          
 Save to RootFile /extdisk/zlin/Machine_learning/RecoPlanesFeatures/CMS_herwig_HT1000to1500-preVFP_jinitpt450_600_j2pt80_120Reco/Chunk93_Part1.root . . . Used time: 0s Expected left time: 0s          
 Save to RootFile /extdisk/zlin/Machine_learning/RecoPlanesFeatures/CMS_herwig_HT1000to1500-preVFP_jinitpt450_600_j2pt80_120Reco/Chunk93_Part1.root . . . Used time: 0s Expected left time: 0s          
 Analyzing entries 39731 - 39773, now 39731 , sum entries = 42630 . . . Used time: 0s Expected left time: 0s          
 Analyzing entries 39731 - 39773, now 39732 , sum entries = 42630 . . . Used time: 0s Expected left time: 0s          
 Analyzing entries 39731 - 39773, now 39733 , sum entries = 42630 . . . Used time: 0s Expected left time: 0s          
 Analyzing entries 39731 - 39773, now 39734 , sum entries = 42630 . . . Used time: 0s Expected left time: 0s          
 Analyzing entries 39731 - 39773, now 39735 , sum entries = 42630 . . . Used time: 0s Expected left time: 0s          
 Analyzing entries 39731 - 39773, now 39736 , sum entries = 42630 . . . Used time: 0s Expected left time: 0s          
 Analyzing entries 39731 - 39773, now 39737 , sum entries = 42630 . . . Used time: 0s Expected left time: 0s          
 Analyzing entries 39731 - 39773, now 39738 , sum entries = 42630 . . . Used time: 0s Expected left time: 0s          
 Analyzing entries 39731 - 39773, now 39739 , sum entries = 42630 . . . Used time: 0s Expected left time: 0s          
 Analyzing entries 39731 - 39773, now 39740 , sum entries = 42630 . . . Used time: 0s Expected left time: 0s          
 Analyzing entries 39731 - 39773, now 39741 , sum entries = 42630 . . . Used time: 0s Expected left time: 0s          
 Analyzing entries 39731 - 39773, now 39742 , sum entries = 42630 . . . Used time: 0s Expected left time: 0s          
 Analyzing entries 39731 - 39773, now 39743 , sum entries = 42630 . . . Used time: 0s Expected left time: 0s          
 Analyzing entries 39731 - 39773, now 39744 , sum entries = 42630 . . . Used time: 0s Expected left time: 0s          
 Analyzing entries 39731 - 39773, now 39745 , sum entries = 42630 . . . Used time: 0s Expected left time: 0s          
 Analyzing entries 39731 - 39773, now 39746 , sum entries = 42630 . . . Used time: 0s Expected left time: 0s          
 Analyzing entries 39731 - 39773, now 39747 , sum entries = 42630 . . . Used time: 0s Expected left time: 0s          
 Analyzing entries 39731 - 39773, now 39748 , sum entries = 42630 . . . Used time: 0s Expected left time: 0s          
 Analyzing entries 39731 - 39773, now 39749 , sum entries = 42630 . . . Used time: 0s Expected left time: 0s          
 Analyzing entries 39731 - 39773, now 39750 , sum entries = 42630 . . . Used time: 0s Expected left time: 0s          
 Analyzing entries 39731 - 39773, now 39751 , sum entries = 42630 . . . Used time: 0s Expected left time: 0s          
 Analyzing entries 39731 - 39773, now 39752 , sum entries = 42630 . . . Used time: 0s Expected left time: 0s          
 Analyzing entries 39731 - 39773, now 39753 , sum entries = 42630 . . . Used time: 0s Expected left time: 0s          
 Analyzing entries 39731 - 39773, now 39754 , sum entries = 42630 . . . Used time: 0s Expected left time: 0s          
 Analyzing entries 39731 - 39773, now 39755 , sum entries = 42630 . . . Used time: 0s Expected left time: 0s          
 Analyzing entries 39731 - 39773, now 39756 , sum entries = 42630 . . . Used time: 0s Expected left time: 0s          
 Analyzing entries 39731 - 39773, now 39757 , sum entries = 42630 . . . Used time: 0s Expected left time: 0s          
 Analyzing entries 39731 - 39773, now 39758 , sum entries = 42630 . . . Used time: 0s Expected left time: 0s          
 Analyzing entries 39731 - 39773, now 39759 , sum entries = 42630 . . . Used time: 0s Expected left time: 0s          
 Analyzing entries 39731 - 39773, now 39760 , sum entries = 42630 . . . Used time: 0s Expected left time: 0s          
 Analyzing entries 39731 - 39773, now 39761 , sum entries = 42630 . . . Used time: 0s Expected left time: 0s          
 Analyzing entries 39731 - 39773, now 39762 , sum entries = 42630 . . . Used time: 0s Expected left time: 0s          
 Analyzing entries 39731 - 39773, now 39763 , sum entries = 42630 . . . Used time: 0s Expected left time: 0s          
 Analyzing entries 39731 - 39773, now 39764 , sum entries = 42630 . . . Used time: 0s Expected left time: 0s          
 Analyzing entries 39731 - 39773, now 39765 , sum entries = 42630 . . . Used time: 0s Expected left time: 0s          
 Analyzing entries 39731 - 39773, now 39766 , sum entries = 42630 . . . Used time: 0s Expected left time: 0s          
 Analyzing entries 39731 - 39773, now 39767 , sum entries = 42630 . . . Used time: 0s Expected left time: 0s          
 Analyzing entries 39731 - 39773, now 39768 , sum entries = 42630 . . . Used time: 0s Expected left time: 0s          
 Analyzing entries 39731 - 39773, now 39769 , sum entries = 42630 . . . Used time: 0s Expected left time: 0s          
 Analyzing entries 39731 - 39773, now 39770 , sum entries = 42630 . . . Used time: 0s Expected left time: 0s          
 Analyzing entries 39731 - 39773, now 39771 , sum entries = 42630 . . . Used time: 0s Expected left time: 0s          
 Analyzing entries 39731 - 39773, now 39772 , sum entries = 42630 . . . Used time: 0s Expected left time: 0s          
 Save to RootFile /extdisk/zlin/Machine_learning/RecoPlanesFeatures/CMS_herwig_HT1000to1500-preVFP_jinitpt450_600_j2pt80_120Reco/Chunk93_Part2.root . . . Used time: 0s Expected left time: 0s          
 Save to RootFile /extdisk/zlin/Machine_learning/RecoPlanesFeatures/CMS_herwig_HT1000to1500-preVFP_jinitpt450_600_j2pt80_120Reco/Chunk93_Part2.root . . . Used time: 0s Expected left time: 0s          
 Save to RootFile /extdisk/zlin/Machine_learning/RecoPlanesFeatures/CMS_herwig_HT1000to1500-preVFP_jinitpt450_600_j2pt80_120Reco/Chunk93_Part2.root . . . Used time: 0s Expected left time: 0s          
 Save to RootFile /extdisk/zlin/Machine_learning/RecoPlanesFeatures/CMS_herwig_HT1000to1500-preVFP_jinitpt450_600_j2pt80_120Reco/Chunk93_Part2.root . . . Used time: 0s Expected left time: 0s          
 Analyzing entries 39773 - 39815, now 39773 , sum entries = 42630 . . . Used time: 0s Expected left time: 0s          
 Analyzing entries 39773 - 39815, now 39774 , sum entries = 42630 . . . Used time: 0s Expected left time: 0s          
 Analyzing entries 39773 - 39815, now 39775 , sum entries = 42630 . . . Used time: 0s Expected left time: 0s          
 Analyzing entries 39773 - 39815, now 39776 , sum entries = 42630 . . . Used time: 0s Expected left time: 0s          
 Analyzing entries 39773 - 39815, now 39777 , sum entries = 42630 . . . Used time: 0s Expected left time: 0s          
 Analyzing entries 39773 - 39815, now 39778 , sum entries = 42630 . . . Used time: 0s Expected left time: 0s          
 Analyzing entries 39773 - 39815, now 39779 , sum entries = 42630 . . . Used time: 0s Expected left time: 0s          
 Analyzing entries 39773 - 39815, now 39780 , sum entries = 42630 . . . Used time: 0s Expected left time: 0s          
 Analyzing entries 39773 - 39815, now 39781 , sum entries = 42630 . . . Used time: 0s Expected left time: 0s          
 Analyzing entries 39773 - 39815, now 39782 , sum entries = 42630 . . . Used time: 0s Expected left time: 0s          
 Analyzing entries 39773 - 39815, now 39783 , sum entries = 42630 . . . Used time: 0s Expected left time: 0s          
 Analyzing entries 39773 - 39815, now 39784 , sum entries = 42630 . . . Used time: 0s Expected left time: 0s          
 Analyzing entries 39773 - 39815, now 39785 , sum entries = 42630 . . . Used time: 0s Expected left time: 0s          
 Analyzing entries 39773 - 39815, now 39786 , sum entries = 42630 . . . Used time: 0s Expected left time: 0s          
 Analyzing entries 39773 - 39815, now 39787 , sum entries = 42630 . . . Used time: 0s Expected left time: 0s          
 Analyzing entries 39773 - 39815, now 39788 , sum entries = 42630 . . . Used time: 0s Expected left time: 0s          
 Analyzing entries 39773 - 39815, now 39789 , sum entries = 42630 . . . Used time: 0s Expected left time: 0s          
 Analyzing entries 39773 - 39815, now 39790 , sum entries = 42630 . . . Used time: 0s Expected left time: 0s          
 Analyzing entries 39773 - 39815, now 39791 , sum entries = 42630 . . . Used time: 0s Expected left time: 0s          
 Analyzing entries 39773 - 39815, now 39792 , sum entries = 42630 . . . Used time: 0s Expected left time: 0s          
 Analyzing entries 39773 - 39815, now 39793 , sum entries = 42630 . . . Used time: 0s Expected left time: 0s          
 Analyzing entries 39773 - 39815, now 39794 , sum entries = 42630 . . . Used time: 0s Expected left time: 0s          
 Analyzing entries 39773 - 39815, now 39795 , sum entries = 42630 . . . Used time: 0s Expected left time: 0s          
 Analyzing entries 39773 - 39815, now 39796 , sum entries = 42630 . . . Used time: 0s Expected left time: 0s          
 Analyzing entries 39773 - 39815, now 39797 , sum entries = 42630 . . . Used time: 0s Expected left time: 0s          
 Analyzing entries 39773 - 39815, now 39798 , sum entries = 42630 . . . Used time: 0s Expected left time: 0s          
 Analyzing entries 39773 - 39815, now 39799 , sum entries = 42630 . . . Used time: 0s Expected left time: 0s          
 Analyzing entries 39773 - 39815, now 39800 , sum entries = 42630 . . . Used time: 0s Expected left time: 0s          
 Analyzing entries 39773 - 39815, now 39801 , sum entries = 42630 . . . Used time: 0s Expected left time: 0s          
 Analyzing entries 39773 - 39815, now 39802 , sum entries = 42630 . . . Used time: 0s Expected left time: 0s          
 Analyzing entries 39773 - 39815, now 39803 , sum entries = 42630 . . . Used time: 0s Expected left time: 0s          
 Analyzing entries 39773 - 39815, now 39804 , sum entries = 42630 . . . Used time: 0s Expected left time: 0s          
 Analyzing entries 39773 - 39815, now 39805 , sum entries = 42630 . . . Used time: 0s Expected left time: 0s          
 Analyzing entries 39773 - 39815, now 39806 , sum entries = 42630 . . . Used time: 0s Expected left time: 0s          
 Analyzing entries 39773 - 39815, now 39807 , sum entries = 42630 . . . Used time: 0s Expected left time: 0s          
 Analyzing entries 39773 - 39815, now 39808 , sum entries = 42630 . . . Used time: 0s Expected left time: 0s          
 Analyzing entries 39773 - 39815, now 39809 , sum entries = 42630 . . . Used time: 0s Expected left time: 0s          
 Analyzing entries 39773 - 39815, now 39810 , sum entries = 42630 . . . Used time: 0s Expected left time: 0s          
 Analyzing entries 39773 - 39815, now 39811 , sum entries = 42630 . . . Used time: 0s Expected left time: 0s          
 Analyzing entries 39773 - 39815, now 39812 , sum entries = 42630 . . . Used time: 0s Expected left time: 0s          
 Analyzing entries 39773 - 39815, now 39813 , sum entries = 42630 . . . Used time: 0s Expected left time: 0s          
 Analyzing entries 39773 - 39815, now 39814 , sum entries = 42630 . . . Used time: 0s Expected left time: 0s          
 Save to RootFile /extdisk/zlin/Machine_learning/RecoPlanesFeatures/CMS_herwig_HT1000to1500-preVFP_jinitpt450_600_j2pt80_120Reco/Chunk93_Part3.root . . . Used time: 0s Expected left time: 0s          
 Save to RootFile /extdisk/zlin/Machine_learning/RecoPlanesFeatures/CMS_herwig_HT1000to1500-preVFP_jinitpt450_600_j2pt80_120Reco/Chunk93_Part3.root . . . Used time: 0s Expected left time: 0s          
 Save to RootFile /extdisk/zlin/Machine_learning/RecoPlanesFeatures/CMS_herwig_HT1000to1500-preVFP_jinitpt450_600_j2pt80_120Reco/Chunk93_Part3.root . . . Used time: 0s Expected left time: 0s          
 Save to RootFile /extdisk/zlin/Machine_learning/RecoPlanesFeatures/CMS_herwig_HT1000to1500-preVFP_jinitpt450_600_j2pt80_120Reco/Chunk93_Part3.root . . . Used time: 0s Expected left time: 0s          
 Save to RootFile /extdisk/zlin/Machine_learning/RecoPlanesFeatures/CMS_herwig_HT1000to1500-preVFP_jinitpt450_600_j2pt80_120Reco/Chunk93_Part3.root . . . Used time: 0s Expected left time: 0s          
 Save to RootFile /extdisk/zlin/Machine_learning/RecoPlanesFeatures/CMS_herwig_HT1000to1500-preVFP_jinitpt450_600_j2pt80_120Reco/Chunk93_Part3.root . . . Used time: 0s Expected left time: 0s          
 Save to RootFile /extdisk/zlin/Machine_learning/RecoPlanesFeatures/CMS_herwig_HT1000to1500-preVFP_jinitpt450_600_j2pt80_120Reco/Chunk93_Part3.root . . . Used time: 0s Expected left time: 0s          
 Analyzing entries 39816 - 39858, now 39816 , sum entries = 42630 . . . Used time: 0s Expected left time: 0s          
 Analyzing entries 39816 - 39858, now 39817 , sum entries = 42630 . . . Used time: 0s Expected left time: 0s          
 Analyzing entries 39816 - 39858, now 39818 , sum entries = 42630 . . . Used time: 0s Expected left time: 0s          
 Analyzing entries 39816 - 39858, now 39819 , sum entries = 42630 . . . Used time: 0s Expected left time: 0s          
 Analyzing entries 39816 - 39858, now 39820 , sum entries = 42630 . . . Used time: 0s Expected left time: 0s          
 Analyzing entries 39816 - 39858, now 39821 , sum entries = 42630 . . . Used time: 0s Expected left time: 0s          
 Analyzing entries 39816 - 39858, now 39822 , sum entries = 42630 . . . Used time: 0s Expected left time: 0s          
 Analyzing entries 39816 - 39858, now 39823 , sum entries = 42630 . . . Used time: 0s Expected left time: 0s          
 Analyzing entries 39816 - 39858, now 39824 , sum entries = 42630 . . . Used time: 0s Expected left time: 0s          
 Analyzing entries 39816 - 39858, now 39825 , sum entries = 42630 . . . Used time: 0s Expected left time: 0s          
 Analyzing entries 39816 - 39858, now 39826 , sum entries = 42630 . . . Used time: 0s Expected left time: 0s          
 Analyzing entries 39816 - 39858, now 39827 , sum entries = 42630 . . . Used time: 0s Expected left time: 0s          
 Analyzing entries 39816 - 39858, now 39828 , sum entries = 42630 . . . Used time: 0s Expected left time: 0s          
 Analyzing entries 39816 - 39858, now 39829 , sum entries = 42630 . . . Used time: 0s Expected left time: 0s          
 Analyzing entries 39816 - 39858, now 39830 , sum entries = 42630 . . . Used time: 0s Expected left time: 0s          
 Analyzing entries 39816 - 39858, now 39831 , sum entries = 42630 . . . Used time: 0s Expected left time: 0s          
 Analyzing entries 39816 - 39858, now 39832 , sum entries = 42630 . . . Used time: 0s Expected left time: 0s          
 Analyzing entries 39816 - 39858, now 39833 , sum entries = 42630 . . . Used time: 0s Expected left time: 0s          
 Analyzing entries 39816 - 39858, now 39834 , sum entries = 42630 . . . Used time: 0s Expected left time: 0s          
 Analyzing entries 39816 - 39858, now 39835 , sum entries = 42630 . . . Used time: 0s Expected left time: 0s          
 Analyzing entries 39816 - 39858, now 39836 , sum entries = 42630 . . . Used time: 0s Expected left time: 0s          
 Analyzing entries 39816 - 39858, now 39837 , sum entries = 42630 . . . Used time: 0s Expected left time: 0s          
 Analyzing entries 39816 - 39858, now 39838 , sum entries = 42630 . . . Used time: 0s Expected left time: 0s          
 Analyzing entries 39816 - 39858, now 39839 , sum entries = 42630 . . . Used time: 0s Expected left time: 0s          
 Analyzing entries 39816 - 39858, now 39840 , sum entries = 42630 . . . Used time: 0s Expected left time: 0s          
 Analyzing entries 39816 - 39858, now 39841 , sum entries = 42630 . . . Used time: 0s Expected left time: 0s          
 Analyzing entries 39816 - 39858, now 39842 , sum entries = 42630 . . . Used time: 0s Expected left time: 0s          
 Analyzing entries 39816 - 39858, now 39843 , sum entries = 42630 . . . Used time: 0s Expected left time: 0s          
 Analyzing entries 39816 - 39858, now 39844 , sum entries = 42630 . . . Used time: 0s Expected left time: 0s          
 Analyzing entries 39816 - 39858, now 39845 , sum entries = 42630 . . . Used time: 0s Expected left time: 0s          
 Analyzing entries 39816 - 39858, now 39846 , sum entries = 42630 . . . Used time: 0s Expected left time: 0s          
 Analyzing entries 39816 - 39858, now 39847 , sum entries = 42630 . . . Used time: 0s Expected left time: 0s          
 Analyzing entries 39816 - 39858, now 39848 , sum entries = 42630 . . . Used time: 0s Expected left time: 0s          
 Analyzing entries 39816 - 39858, now 39849 , sum entries = 42630 . . . Used time: 0s Expected left time: 0s          
 Analyzing entries 39816 - 39858, now 39850 , sum entries = 42630 . . . Used time: 0s Expected left time: 0s          
 Analyzing entries 39816 - 39858, now 39851 , sum entries = 42630 . . . Used time: 0s Expected left time: 0s          
 Analyzing entries 39816 - 39858, now 39852 , sum entries = 42630 . . . Used time: 0s Expected left time: 0s          
 Analyzing entries 39816 - 39858, now 39853 , sum entries = 42630 . . . Used time: 0s Expected left time: 0s          
 Analyzing entries 39816 - 39858, now 39854 , sum entries = 42630 . . . Used time: 0s Expected left time: 0s          
 Analyzing entries 39816 - 39858, now 39855 , sum entries = 42630 . . . Used time: 0s Expected left time: 0s          
 Analyzing entries 39816 - 39858, now 39856 , sum entries = 42630 . . . Used time: 0s Expected left time: 0s          
 Analyzing entries 39816 - 39858, now 39857 , sum entries = 42630 . . . Used time: 0s Expected left time: 0s          
 Save to RootFile /extdisk/zlin/Machine_learning/RecoPlanesFeatures/CMS_herwig_HT1000to1500-preVFP_jinitpt450_600_j2pt80_120Reco/Chunk93_Part4.root . . . Used time: 0s Expected left time: 0s          
 Analyzing entries 39859 - 39901, now 39859 , sum entries = 42630 . . . Used time: 0s Expected left time: 0s          
 Analyzing entries 39859 - 39901, now 39860 , sum entries = 42630 . . . Used time: 0s Expected left time: 0s          
 Analyzing entries 39859 - 39901, now 39861 , sum entries = 42630 . . . Used time: 0s Expected left time: 0s          
 Analyzing entries 39859 - 39901, now 39862 , sum entries = 42630 . . . Used time: 0s Expected left time: 0s          
 Analyzing entries 39859 - 39901, now 39863 , sum entries = 42630 . . . Used time: 0s Expected left time: 0s          
 Analyzing entries 39859 - 39901, now 39864 , sum entries = 42630 . . . Used time: 0s Expected left time: 0s          
 Analyzing entries 39859 - 39901, now 39865 , sum entries = 42630 . . . Used time: 0s Expected left time: 0s          
 Analyzing entries 39859 - 39901, now 39866 , sum entries = 42630 . . . Used time: 0s Expected left time: 0s          
 Analyzing entries 39859 - 39901, now 39867 , sum entries = 42630 . . . Used time: 0s Expected left time: 0s          
 Analyzing entries 39859 - 39901, now 39868 , sum entries = 42630 . . . Used time: 0s Expected left time: 0s          
 Analyzing entries 39859 - 39901, now 39869 , sum entries = 42630 . . . Used time: 0s Expected left time: 0s          
 Analyzing entries 39859 - 39901, now 39870 , sum entries = 42630 . . . Used time: 0s Expected left time: 0s          
 Analyzing entries 39859 - 39901, now 39871 , sum entries = 42630 . . . Used time: 0s Expected left time: 0s          
 Analyzing entries 39859 - 39901, now 39872 , sum entries = 42630 . . . Used time: 0s Expected left time: 0s          
 Analyzing entries 39859 - 39901, now 39873 , sum entries = 42630 . . . Used time: 0s Expected left time: 0s          
 Analyzing entries 39859 - 39901, now 39874 , sum entries = 42630 . . . Used time: 0s Expected left time: 0s          
 Analyzing entries 39859 - 39901, now 39875 , sum entries = 42630 . . . Used time: 0s Expected left time: 0s          
 Analyzing entries 39859 - 39901, now 39876 , sum entries = 42630 . . . Used time: 0s Expected left time: 0s          
 Analyzing entries 39859 - 39901, now 39877 , sum entries = 42630 . . . Used time: 0s Expected left time: 0s          
 Analyzing entries 39859 - 39901, now 39878 , sum entries = 42630 . . . Used time: 0s Expected left time: 0s          
 Analyzing entries 39859 - 39901, now 39879 , sum entries = 42630 . . . Used time: 0s Expected left time: 0s          
 Analyzing entries 39859 - 39901, now 39880 , sum entries = 42630 . . . Used time: 0s Expected left time: 0s          
 Analyzing entries 39859 - 39901, now 39881 , sum entries = 42630 . . . Used time: 0s Expected left time: 0s          
 Analyzing entries 39859 - 39901, now 39882 , sum entries = 42630 . . . Used time: 0s Expected left time: 0s          
 Analyzing entries 39859 - 39901, now 39883 , sum entries = 42630 . . . Used time: 0s Expected left time: 0s          
 Analyzing entries 39859 - 39901, now 39884 , sum entries = 42630 . . . Used time: 0s Expected left time: 0s          
 Analyzing entries 39859 - 39901, now 39885 , sum entries = 42630 . . . Used time: 0s Expected left time: 0s          
 Analyzing entries 39859 - 39901, now 39886 , sum entries = 42630 . . . Used time: 0s Expected left time: 0s          
 Analyzing entries 39859 - 39901, now 39887 , sum entries = 42630 . . . Used time: 0s Expected left time: 0s          
 Analyzing entries 39859 - 39901, now 39888 , sum entries = 42630 . . . Used time: 0s Expected left time: 0s          
 Analyzing entries 39859 - 39901, now 39889 , sum entries = 42630 . . . Used time: 0s Expected left time: 0s          
 Analyzing entries 39859 - 39901, now 39890 , sum entries = 42630 . . . Used time: 0s Expected left time: 0s          
 Analyzing entries 39859 - 39901, now 39891 , sum entries = 42630 . . . Used time: 0s Expected left time: 0s          
 Analyzing entries 39859 - 39901, now 39892 , sum entries = 42630 . . . Used time: 0s Expected left time: 0s          
 Analyzing entries 39859 - 39901, now 39893 , sum entries = 42630 . . . Used time: 0s Expected left time: 0s          
 Analyzing entries 39859 - 39901, now 39894 , sum entries = 42630 . . . Used time: 0s Expected left time: 0s          
 Analyzing entries 39859 - 39901, now 39895 , sum entries = 42630 . . . Used time: 0s Expected left time: 0s          
 Analyzing entries 39859 - 39901, now 39896 , sum entries = 42630 . . . Used time: 0s Expected left time: 0s          
 Analyzing entries 39859 - 39901, now 39897 , sum entries = 42630 . . . Used time: 0s Expected left time: 0s          
 Analyzing entries 39859 - 39901, now 39898 , sum entries = 42630 . . . Used time: 0s Expected left time: 0s          
 Analyzing entries 39859 - 39901, now 39899 , sum entries = 42630 . . . Used time: 0s Expected left time: 0s          
 Analyzing entries 39859 - 39901, now 39900 , sum entries = 42630 . . . Used time: 0s Expected left time: 0s          
 Save to RootFile /extdisk/zlin/Machine_learning/RecoPlanesFeatures/CMS_herwig_HT1000to1500-preVFP_jinitpt450_600_j2pt80_120Reco/Chunk93_Part5.root . . . Used time: 0s Expected left time: 0s          
 Save to RootFile /extdisk/zlin/Machine_learning/RecoPlanesFeatures/CMS_herwig_HT1000to1500-preVFP_jinitpt450_600_j2pt80_120Reco/Chunk93_Part5.root . . . Used time: 0s Expected left time: 0s          
 Save to RootFile /extdisk/zlin/Machine_learning/RecoPlanesFeatures/CMS_herwig_HT1000to1500-preVFP_jinitpt450_600_j2pt80_120Reco/Chunk93_Part5.root . . . Used time: 0s Expected left time: 0s          
 Save to RootFile /extdisk/zlin/Machine_learning/RecoPlanesFeatures/CMS_herwig_HT1000to1500-preVFP_jinitpt450_600_j2pt80_120Reco/Chunk93_Part5.root . . . Used time: 0s Expected left time: 0s          
 Save to RootFile /extdisk/zlin/Machine_learning/RecoPlanesFeatures/CMS_herwig_HT1000to1500-preVFP_jinitpt450_600_j2pt80_120Reco/Chunk93_Part5.root . . . Used time: 0s Expected left time: 0s          
 Analyzing entries 39901 - 39943, now 39901 , sum entries = 42630 . . . Used time: 0s Expected left time: 0s          
 Analyzing entries 39901 - 39943, now 39902 , sum entries = 42630 . . . Used time: 0s Expected left time: 0s          
 Analyzing entries 39901 - 39943, now 39903 , sum entries = 42630 . . . Used time: 0s Expected left time: 0s          
 Analyzing entries 39901 - 39943, now 39904 , sum entries = 42630 . . . Used time: 0s Expected left time: 0s          
 Analyzing entries 39901 - 39943, now 39905 , sum entries = 42630 . . . Used time: 0s Expected left time: 0s          
 Analyzing entries 39901 - 39943, now 39906 , sum entries = 42630 . . . Used time: 0s Expected left time: 0s          
 Analyzing entries 39901 - 39943, now 39907 , sum entries = 42630 . . . Used time: 0s Expected left time: 0s          
 Analyzing entries 39901 - 39943, now 39908 , sum entries = 42630 . . . Used time: 0s Expected left time: 0s          
 Analyzing entries 39901 - 39943, now 39909 , sum entries = 42630 . . . Used time: 0s Expected left time: 0s          
 Analyzing entries 39901 - 39943, now 39910 , sum entries = 42630 . . . Used time: 0s Expected left time: 0s          
 Analyzing entries 39901 - 39943, now 39911 , sum entries = 42630 . . . Used time: 0s Expected left time: 0s          
 Analyzing entries 39901 - 39943, now 39912 , sum entries = 42630 . . . Used time: 0s Expected left time: 0s          
 Analyzing entries 39901 - 39943, now 39913 , sum entries = 42630 . . . Used time: 0s Expected left time: 0s          
 Analyzing entries 39901 - 39943, now 39914 , sum entries = 42630 . . . Used time: 0s Expected left time: 0s          
 Analyzing entries 39901 - 39943, now 39915 , sum entries = 42630 . . . Used time: 0s Expected left time: 0s          
 Analyzing entries 39901 - 39943, now 39916 , sum entries = 42630 . . . Used time: 0s Expected left time: 0s          
 Analyzing entries 39901 - 39943, now 39917 , sum entries = 42630 . . . Used time: 0s Expected left time: 0s          
 Analyzing entries 39901 - 39943, now 39918 , sum entries = 42630 . . . Used time: 0s Expected left time: 0s          
 Analyzing entries 39901 - 39943, now 39919 , sum entries = 42630 . . . Used time: 0s Expected left time: 0s          
 Analyzing entries 39901 - 39943, now 39920 , sum entries = 42630 . . . Used time: 0s Expected left time: 0s          
 Analyzing entries 39901 - 39943, now 39921 , sum entries = 42630 . . . Used time: 0s Expected left time: 0s          
 Analyzing entries 39901 - 39943, now 39922 , sum entries = 42630 . . . Used time: 0s Expected left time: 0s          
 Analyzing entries 39901 - 39943, now 39923 , sum entries = 42630 . . . Used time: 0s Expected left time: 0s          
 Analyzing entries 39901 - 39943, now 39924 , sum entries = 42630 . . . Used time: 0s Expected left time: 0s          
 Analyzing entries 39901 - 39943, now 39925 , sum entries = 42630 . . . Used time: 0s Expected left time: 0s          
 Analyzing entries 39901 - 39943, now 39926 , sum entries = 42630 . . . Used time: 0s Expected left time: 0s          
 Analyzing entries 39901 - 39943, now 39927 , sum entries = 42630 . . . Used time: 0s Expected left time: 0s          
 Analyzing entries 39901 - 39943, now 39928 , sum entries = 42630 . . . Used time: 0s Expected left time: 0s          
 Analyzing entries 39901 - 39943, now 39929 , sum entries = 42630 . . . Used time: 0s Expected left time: 0s          
 Analyzing entries 39901 - 39943, now 39930 , sum entries = 42630 . . . Used time: 0s Expected left time: 0s          
 Analyzing entries 39901 - 39943, now 39931 , sum entries = 42630 . . . Used time: 0s Expected left time: 0s          
 Analyzing entries 39901 - 39943, now 39932 , sum entries = 42630 . . . Used time: 0s Expected left time: 0s          
 Analyzing entries 39901 - 39943, now 39933 , sum entries = 42630 . . . Used time: 0s Expected left time: 0s          
 Analyzing entries 39901 - 39943, now 39934 , sum entries = 42630 . . . Used time: 0s Expected left time: 0s          
 Analyzing entries 39901 - 39943, now 39935 , sum entries = 42630 . . . Used time: 0s Expected left time: 0s          
 Analyzing entries 39901 - 39943, now 39936 , sum entries = 42630 . . . Used time: 0s Expected left time: 0s          
 Analyzing entries 39901 - 39943, now 39937 , sum entries = 42630 . . . Used time: 0s Expected left time: 0s          
 Analyzing entries 39901 - 39943, now 39938 , sum entries = 42630 . . . Used time: 0s Expected left time: 0s          
 Analyzing entries 39901 - 39943, now 39939 , sum entries = 42630 . . . Used time: 0s Expected left time: 0s          
 Analyzing entries 39901 - 39943, now 39940 , sum entries = 42630 . . . Used time: 0s Expected left time: 0s          
 Analyzing entries 39901 - 39943, now 39941 , sum entries = 42630 . . . Used time: 0s Expected left time: 0s          
 Analyzing entries 39901 - 39943, now 39942 , sum entries = 42630 . . . Used time: 0s Expected left time: 0s          
 Save to RootFile /extdisk/zlin/Machine_learning/RecoPlanesFeatures/CMS_herwig_HT1000to1500-preVFP_jinitpt450_600_j2pt80_120Reco/Chunk93_Part6.root . . . Used time: 0s Expected left time: 0s          
 Save to RootFile /extdisk/zlin/Machine_learning/RecoPlanesFeatures/CMS_herwig_HT1000to1500-preVFP_jinitpt450_600_j2pt80_120Reco/Chunk93_Part6.root . . . Used time: 0s Expected left time: 0s          
 Save to RootFile /extdisk/zlin/Machine_learning/RecoPlanesFeatures/CMS_herwig_HT1000to1500-preVFP_jinitpt450_600_j2pt80_120Reco/Chunk93_Part6.root . . . Used time: 0s Expected left time: 0s          
 Save to RootFile /extdisk/zlin/Machine_learning/RecoPlanesFeatures/CMS_herwig_HT1000to1500-preVFP_jinitpt450_600_j2pt80_120Reco/Chunk93_Part6.root . . . Used time: 0s Expected left time: 0s          
 Save to RootFile /extdisk/zlin/Machine_learning/RecoPlanesFeatures/CMS_herwig_HT1000to1500-preVFP_jinitpt450_600_j2pt80_120Reco/Chunk93_Part6.root . . . Used time: 0s Expected left time: 0s          
 Analyzing entries 39944 - 39986, now 39944 , sum entries = 42630 . . . Used time: 0s Expected left time: 0s          
 Analyzing entries 39944 - 39986, now 39945 , sum entries = 42630 . . . Used time: 0s Expected left time: 0s          
 Analyzing entries 39944 - 39986, now 39946 , sum entries = 42630 . . . Used time: 0s Expected left time: 0s          
 Analyzing entries 39944 - 39986, now 39947 , sum entries = 42630 . . . Used time: 0s Expected left time: 0s          
 Analyzing entries 39944 - 39986, now 39948 , sum entries = 42630 . . . Used time: 0s Expected left time: 0s          
 Analyzing entries 39944 - 39986, now 39949 , sum entries = 42630 . . . Used time: 0s Expected left time: 0s          
 Analyzing entries 39944 - 39986, now 39950 , sum entries = 42630 . . . Used time: 0s Expected left time: 0s          
 Analyzing entries 39944 - 39986, now 39951 , sum entries = 42630 . . . Used time: 0s Expected left time: 0s          
 Analyzing entries 39944 - 39986, now 39952 , sum entries = 42630 . . . Used time: 0s Expected left time: 0s          
 Analyzing entries 39944 - 39986, now 39953 , sum entries = 42630 . . . Used time: 0s Expected left time: 0s          
 Analyzing entries 39944 - 39986, now 39954 , sum entries = 42630 . . . Used time: 0s Expected left time: 0s          
 Analyzing entries 39944 - 39986, now 39955 , sum entries = 42630 . . . Used time: 0s Expected left time: 0s          
 Analyzing entries 39944 - 39986, now 39956 , sum entries = 42630 . . . Used time: 0s Expected left time: 0s          
 Analyzing entries 39944 - 39986, now 39957 , sum entries = 42630 . . . Used time: 0s Expected left time: 0s          
 Analyzing entries 39944 - 39986, now 39958 , sum entries = 42630 . . . Used time: 0s Expected left time: 0s          
 Analyzing entries 39944 - 39986, now 39959 , sum entries = 42630 . . . Used time: 0s Expected left time: 0s          
 Analyzing entries 39944 - 39986, now 39960 , sum entries = 42630 . . . Used time: 0s Expected left time: 0s          
 Analyzing entries 39944 - 39986, now 39961 , sum entries = 42630 . . . Used time: 0s Expected left time: 0s          
 Analyzing entries 39944 - 39986, now 39962 , sum entries = 42630 . . . Used time: 0s Expected left time: 0s          
 Analyzing entries 39944 - 39986, now 39963 , sum entries = 42630 . . . Used time: 0s Expected left time: 0s          
 Analyzing entries 39944 - 39986, now 39964 , sum entries = 42630 . . . Used time: 0s Expected left time: 0s          
 Analyzing entries 39944 - 39986, now 39965 , sum entries = 42630 . . . Used time: 0s Expected left time: 0s          
 Analyzing entries 39944 - 39986, now 39966 , sum entries = 42630 . . . Used time: 0s Expected left time: 0s          
 Analyzing entries 39944 - 39986, now 39967 , sum entries = 42630 . . . Used time: 0s Expected left time: 0s          
 Analyzing entries 39944 - 39986, now 39968 , sum entries = 42630 . . . Used time: 0s Expected left time: 0s          
 Analyzing entries 39944 - 39986, now 39969 , sum entries = 42630 . . . Used time: 0s Expected left time: 0s          
 Analyzing entries 39944 - 39986, now 39970 , sum entries = 42630 . . . Used time: 0s Expected left time: 0s          
 Analyzing entries 39944 - 39986, now 39971 , sum entries = 42630 . . . Used time: 0s Expected left time: 0s          
 Analyzing entries 39944 - 39986, now 39972 , sum entries = 42630 . . . Used time: 0s Expected left time: 0s          
 Analyzing entries 39944 - 39986, now 39973 , sum entries = 42630 . . . Used time: 0s Expected left time: 0s          
 Analyzing entries 39944 - 39986, now 39974 , sum entries = 42630 . . . Used time: 0s Expected left time: 0s          
 Analyzing entries 39944 - 39986, now 39975 , sum entries = 42630 . . . Used time: 0s Expected left time: 0s          
 Analyzing entries 39944 - 39986, now 39976 , sum entries = 42630 . . . Used time: 0s Expected left time: 0s          
 Analyzing entries 39944 - 39986, now 39977 , sum entries = 42630 . . . Used time: 0s Expected left time: 0s          
 Analyzing entries 39944 - 39986, now 39978 , sum entries = 42630 . . . Used time: 0s Expected left time: 0s          
 Analyzing entries 39944 - 39986, now 39979 , sum entries = 42630 . . . Used time: 0s Expected left time: 0s          
 Analyzing entries 39944 - 39986, now 39980 , sum entries = 42630 . . . Used time: 0s Expected left time: 0s          
 Analyzing entries 39944 - 39986, now 39981 , sum entries = 42630 . . . Used time: 0s Expected left time: 0s          
 Analyzing entries 39944 - 39986, now 39982 , sum entries = 42630 . . . Used time: 0s Expected left time: 0s          
 Analyzing entries 39944 - 39986, now 39983 , sum entries = 42630 . . . Used time: 0s Expected left time: 0s          
 Analyzing entries 39944 - 39986, now 39984 , sum entries = 42630 . . . Used time: 0s Expected left time: 0s          
 Analyzing entries 39944 - 39986, now 39985 , sum entries = 42630 . . . Used time: 0s Expected left time: 0s          
 Save to RootFile /extdisk/zlin/Machine_learning/RecoPlanesFeatures/CMS_herwig_HT1000to1500-preVFP_jinitpt450_600_j2pt80_120Reco/Chunk93_Part7.root . . . Used time: 0s Expected left time: 0s          
 Save to RootFile /extdisk/zlin/Machine_learning/RecoPlanesFeatures/CMS_herwig_HT1000to1500-preVFP_jinitpt450_600_j2pt80_120Reco/Chunk93_Part7.root . . . Used time: 0s Expected left time: 0s          
 Save to RootFile /extdisk/zlin/Machine_learning/RecoPlanesFeatures/CMS_herwig_HT1000to1500-preVFP_jinitpt450_600_j2pt80_120Reco/Chunk93_Part7.root . . . Used time: 0s Expected left time: 0s          
 Save to RootFile /extdisk/zlin/Machine_learning/RecoPlanesFeatures/CMS_herwig_HT1000to1500-preVFP_jinitpt450_600_j2pt80_120Reco/Chunk93_Part7.root . . . Used time: 0s Expected left time: 0s          
 Save to RootFile /extdisk/zlin/Machine_learning/RecoPlanesFeatures/CMS_herwig_HT1000to1500-preVFP_jinitpt450_600_j2pt80_120Reco/Chunk93_Part7.root . . . Used time: 0s Expected left time: 0s          
 Save to RootFile /extdisk/zlin/Machine_learning/RecoPlanesFeatures/CMS_herwig_HT1000to1500-preVFP_jinitpt450_600_j2pt80_120Reco/Chunk93_Part7.root . . . Used time: 0s Expected left time: 0s          
 Save to RootFile /extdisk/zlin/Machine_learning/RecoPlanesFeatures/CMS_herwig_HT1000to1500-preVFP_jinitpt450_600_j2pt80_120Reco/Chunk93_Part7.root . . . Used time: 0s Expected left time: 0s          
 Analyzing entries 39986 - 40028, now 39986 , sum entries = 42630 . . . Used time: 0s Expected left time: 0s          
 Analyzing entries 39986 - 40028, now 39987 , sum entries = 42630 . . . Used time: 0s Expected left time: 0s          
 Analyzing entries 39986 - 40028, now 39988 , sum entries = 42630 . . . Used time: 0s Expected left time: 0s          
 Analyzing entries 39986 - 40028, now 39989 , sum entries = 42630 . . . Used time: 0s Expected left time: 0s          
 Analyzing entries 39986 - 40028, now 39990 , sum entries = 42630 . . . Used time: 0s Expected left time: 0s          
 Analyzing entries 39986 - 40028, now 39991 , sum entries = 42630 . . . Used time: 0s Expected left time: 0s          
 Analyzing entries 39986 - 40028, now 39992 , sum entries = 42630 . . . Used time: 0s Expected left time: 0s          
 Analyzing entries 39986 - 40028, now 39993 , sum entries = 42630 . . . Used time: 0s Expected left time: 0s          
 Analyzing entries 39986 - 40028, now 39994 , sum entries = 42630 . . . Used time: 0s Expected left time: 0s          
 Analyzing entries 39986 - 40028, now 39995 , sum entries = 42630 . . . Used time: 0s Expected left time: 0s          
 Analyzing entries 39986 - 40028, now 39996 , sum entries = 42630 . . . Used time: 0s Expected left time: 0s          
 Analyzing entries 39986 - 40028, now 39997 , sum entries = 42630 . . . Used time: 0s Expected left time: 0s          
 Analyzing entries 39986 - 40028, now 39998 , sum entries = 42630 . . . Used time: 0s Expected left time: 0s          
 Analyzing entries 39986 - 40028, now 39999 , sum entries = 42630 . . . Used time: 0s Expected left time: 0s          
 Analyzing entries 39986 - 40028, now 40000 , sum entries = 42630 . . . Used time: 0s Expected left time: 0s          
 Analyzing entries 39986 - 40028, now 40001 , sum entries = 42630 . . . Used time: 0s Expected left time: 0s          
 Analyzing entries 39986 - 40028, now 40002 , sum entries = 42630 . . . Used time: 0s Expected left time: 0s          
 Analyzing entries 39986 - 40028, now 40003 , sum entries = 42630 . . . Used time: 0s Expected left time: 0s          
 Analyzing entries 39986 - 40028, now 40004 , sum entries = 42630 . . . Used time: 0s Expected left time: 0s          
 Analyzing entries 39986 - 40028, now 40005 , sum entries = 42630 . . . Used time: 0s Expected left time: 0s          
 Analyzing entries 39986 - 40028, now 40006 , sum entries = 42630 . . . Used time: 0s Expected left time: 0s          
 Analyzing entries 39986 - 40028, now 40007 , sum entries = 42630 . . . Used time: 0s Expected left time: 0s          
 Analyzing entries 39986 - 40028, now 40008 , sum entries = 42630 . . . Used time: 0s Expected left time: 0s          
 Analyzing entries 39986 - 40028, now 40009 , sum entries = 42630 . . . Used time: 0s Expected left time: 0s          
 Analyzing entries 39986 - 40028, now 40010 , sum entries = 42630 . . . Used time: 0s Expected left time: 0s          
 Analyzing entries 39986 - 40028, now 40011 , sum entries = 42630 . . . Used time: 0s Expected left time: 0s          
 Analyzing entries 39986 - 40028, now 40012 , sum entries = 42630 . . . Used time: 0s Expected left time: 0s          
 Analyzing entries 39986 - 40028, now 40013 , sum entries = 42630 . . . Used time: 0s Expected left time: 0s          
 Analyzing entries 39986 - 40028, now 40014 , sum entries = 42630 . . . Used time: 0s Expected left time: 0s          
 Analyzing entries 39986 - 40028, now 40015 , sum entries = 42630 . . . Used time: 0s Expected left time: 0s          
 Analyzing entries 39986 - 40028, now 40016 , sum entries = 42630 . . . Used time: 0s Expected left time: 0s          
 Analyzing entries 39986 - 40028, now 40017 , sum entries = 42630 . . . Used time: 0s Expected left time: 0s          
 Analyzing entries 39986 - 40028, now 40018 , sum entries = 42630 . . . Used time: 0s Expected left time: 0s          
 Analyzing entries 39986 - 40028, now 40019 , sum entries = 42630 . . . Used time: 0s Expected left time: 0s          
 Analyzing entries 39986 - 40028, now 40020 , sum entries = 42630 . . . Used time: 0s Expected left time: 0s          
 Analyzing entries 39986 - 40028, now 40021 , sum entries = 42630 . . . Used time: 0s Expected left time: 0s          
 Analyzing entries 39986 - 40028, now 40022 , sum entries = 42630 . . . Used time: 0s Expected left time: 0s          
 Analyzing entries 39986 - 40028, now 40023 , sum entries = 42630 . . . Used time: 0s Expected left time: 0s          
 Analyzing entries 39986 - 40028, now 40024 , sum entries = 42630 . . . Used time: 0s Expected left time: 0s          
 Analyzing entries 39986 - 40028, now 40025 , sum entries = 42630 . . . Used time: 0s Expected left time: 0s          
 Analyzing entries 39986 - 40028, now 40026 , sum entries = 42630 . . . Used time: 0s Expected left time: 0s          
 Analyzing entries 39986 - 40028, now 40027 , sum entries = 42630 . . . Used time: 0s Expected left time: 0s          
 Save to RootFile /extdisk/zlin/Machine_learning/RecoPlanesFeatures/CMS_herwig_HT1000to1500-preVFP_jinitpt450_600_j2pt80_120Reco/Chunk93_Part8.root . . . Used time: 0s Expected left time: 0s          
 Save to RootFile /extdisk/zlin/Machine_learning/RecoPlanesFeatures/CMS_herwig_HT1000to1500-preVFP_jinitpt450_600_j2pt80_120Reco/Chunk93_Part8.root . . . Used time: 0s Expected left time: 0s          
 Save to RootFile /extdisk/zlin/Machine_learning/RecoPlanesFeatures/CMS_herwig_HT1000to1500-preVFP_jinitpt450_600_j2pt80_120Reco/Chunk93_Part8.root . . . Used time: 0s Expected left time: 0s          
 Analyzing entries 40029 - 40071, now 40029 , sum entries = 42630 . . . Used time: 0s Expected left time: 0s          
 Analyzing entries 40029 - 40071, now 40030 , sum entries = 42630 . . . Used time: 0s Expected left time: 0s          
 Analyzing entries 40029 - 40071, now 40031 , sum entries = 42630 . . . Used time: 0s Expected left time: 0s          
 Analyzing entries 40029 - 40071, now 40032 , sum entries = 42630 . . . Used time: 0s Expected left time: 0s          
 Analyzing entries 40029 - 40071, now 40033 , sum entries = 42630 . . . Used time: 0s Expected left time: 0s          
 Analyzing entries 40029 - 40071, now 40034 , sum entries = 42630 . . . Used time: 0s Expected left time: 0s          
 Analyzing entries 40029 - 40071, now 40035 , sum entries = 42630 . . . Used time: 0s Expected left time: 0s          
 Analyzing entries 40029 - 40071, now 40036 , sum entries = 42630 . . . Used time: 0s Expected left time: 0s          
 Analyzing entries 40029 - 40071, now 40037 , sum entries = 42630 . . . Used time: 0s Expected left time: 0s          
 Analyzing entries 40029 - 40071, now 40038 , sum entries = 42630 . . . Used time: 0s Expected left time: 0s          
 Analyzing entries 40029 - 40071, now 40039 , sum entries = 42630 . . . Used time: 0s Expected left time: 0s          
 Analyzing entries 40029 - 40071, now 40040 , sum entries = 42630 . . . Used time: 0s Expected left time: 0s          
 Analyzing entries 40029 - 40071, now 40041 , sum entries = 42630 . . . Used time: 0s Expected left time: 0s          
 Analyzing entries 40029 - 40071, now 40042 , sum entries = 42630 . . . Used time: 0s Expected left time: 0s          
 Analyzing entries 40029 - 40071, now 40043 , sum entries = 42630 . . . Used time: 0s Expected left time: 0s          
 Analyzing entries 40029 - 40071, now 40044 , sum entries = 42630 . . . Used time: 0s Expected left time: 0s          
 Analyzing entries 40029 - 40071, now 40045 , sum entries = 42630 . . . Used time: 0s Expected left time: 0s          
 Analyzing entries 40029 - 40071, now 40046 , sum entries = 42630 . . . Used time: 0s Expected left time: 0s          
 Analyzing entries 40029 - 40071, now 40047 , sum entries = 42630 . . . Used time: 0s Expected left time: 0s          
 Analyzing entries 40029 - 40071, now 40048 , sum entries = 42630 . . . Used time: 0s Expected left time: 0s          
 Analyzing entries 40029 - 40071, now 40049 , sum entries = 42630 . . . Used time: 0s Expected left time: 0s          
 Analyzing entries 40029 - 40071, now 40050 , sum entries = 42630 . . . Used time: 0s Expected left time: 0s          
 Analyzing entries 40029 - 40071, now 40051 , sum entries = 42630 . . . Used time: 0s Expected left time: 0s          
 Analyzing entries 40029 - 40071, now 40052 , sum entries = 42630 . . . Used time: 0s Expected left time: 0s          
 Analyzing entries 40029 - 40071, now 40053 , sum entries = 42630 . . . Used time: 0s Expected left time: 0s          
 Analyzing entries 40029 - 40071, now 40054 , sum entries = 42630 . . . Used time: 0s Expected left time: 0s          
 Analyzing entries 40029 - 40071, now 40055 , sum entries = 42630 . . . Used time: 0s Expected left time: 0s          
 Analyzing entries 40029 - 40071, now 40056 , sum entries = 42630 . . . Used time: 0s Expected left time: 0s          
 Analyzing entries 40029 - 40071, now 40057 , sum entries = 42630 . . . Used time: 0s Expected left time: 0s          
 Analyzing entries 40029 - 40071, now 40058 , sum entries = 42630 . . . Used time: 0s Expected left time: 0s          
 Analyzing entries 40029 - 40071, now 40059 , sum entries = 42630 . . . Used time: 0s Expected left time: 0s          
 Analyzing entries 40029 - 40071, now 40060 , sum entries = 42630 . . . Used time: 0s Expected left time: 0s          
 Analyzing entries 40029 - 40071, now 40061 , sum entries = 42630 . . . Used time: 0s Expected left time: 0s          
 Analyzing entries 40029 - 40071, now 40062 , sum entries = 42630 . . . Used time: 0s Expected left time: 0s          
 Analyzing entries 40029 - 40071, now 40063 , sum entries = 42630 . . . Used time: 0s Expected left time: 0s          
 Analyzing entries 40029 - 40071, now 40064 , sum entries = 42630 . . . Used time: 0s Expected left time: 0s          
 Analyzing entries 40029 - 40071, now 40065 , sum entries = 42630 . . . Used time: 0s Expected left time: 0s          
 Analyzing entries 40029 - 40071, now 40066 , sum entries = 42630 . . . Used time: 0s Expected left time: 0s          
 Analyzing entries 40029 - 40071, now 40067 , sum entries = 42630 . . . Used time: 0s Expected left time: 0s          
 Analyzing entries 40029 - 40071, now 40068 , sum entries = 42630 . . . Used time: 0s Expected left time: 0s          
 Analyzing entries 40029 - 40071, now 40069 , sum entries = 42630 . . . Used time: 0s Expected left time: 0s          
 Analyzing entries 40029 - 40071, now 40070 , sum entries = 42630 . . . Used time: 0s Expected left time: 0s          
 Save to RootFile /extdisk/zlin/Machine_learning/RecoPlanesFeatures/CMS_herwig_HT1000to1500-preVFP_jinitpt450_600_j2pt80_120Reco/Chunk93_Part9.root . . . Used time: 0s Expected left time: 0s          
 Save to RootFile /extdisk/zlin/Machine_learning/RecoPlanesFeatures/CMS_herwig_HT1000to1500-preVFP_jinitpt450_600_j2pt80_120Reco/Chunk93_Part9.root . . . Used time: 0s Expected left time: 0s          
 Save to RootFile /extdisk/zlin/Machine_learning/RecoPlanesFeatures/CMS_herwig_HT1000to1500-preVFP_jinitpt450_600_j2pt80_120Reco/Chunk93_Part9.root . . . Used time: 0s Expected left time: 0s          
 Save to RootFile /extdisk/zlin/Machine_learning/RecoPlanesFeatures/CMS_herwig_HT1000to1500-preVFP_jinitpt450_600_j2pt80_120Reco/Chunk93_Part9.root . . . Used time: 0s Expected left time: 0s          
 Save to RootFile /extdisk/zlin/Machine_learning/RecoPlanesFeatures/CMS_herwig_HT1000to1500-preVFP_jinitpt450_600_j2pt80_120Reco/Chunk93_Part9.root . . . Used time: 0s Expected left time: 0s          
