Warning in <TFile::Init>: file /extdisk/zlin/Machine_learning/RecoPlanes/CMS_herwig_HT1000to1500-preVFP/Chunk25_Part0.root probably not closed, trying to recover
Warning in <TFile::Init>: no keys recovered, file has been made a Zombie
Warning in <TFile::Init>: file /extdisk/zlin/Machine_learning/RecoPlanes/CMS_herwig_HT1000to1500-preVFP/Chunk39_Part0.root probably not closed, trying to recover
Warning in <TFile::Init>: no keys recovered, file has been made a Zombie
Warning in <TFile::Init>: file /extdisk/zlin/Machine_learning/RecoPlanes/CMS_herwig_HT1000to1500-preVFP/Chunk92_Part0.root probably not closed, trying to recover
Warning in <TFile::Init>: no keys recovered, file has been made a Zombie
 Analyzing entries 19457 - 19487, now 19457 , sum entries = 30885 . . . Used time: 0s Expected left time: 0s          
 Analyzing entries 19457 - 19487, now 19458 , sum entries = 30885 . . . Used time: 0s Expected left time: 0s          
 Analyzing entries 19457 - 19487, now 19459 , sum entries = 30885 . . . Used time: 0s Expected left time: 0s          
 Analyzing entries 19457 - 19487, now 19460 , sum entries = 30885 . . . Used time: 0s Expected left time: 0s          
 Analyzing entries 19457 - 19487, now 19461 , sum entries = 30885 . . . Used time: 0s Expected left time: 0s          
 Analyzing entries 19457 - 19487, now 19462 , sum entries = 30885 . . . Used time: 0s Expected left time: 0s          
 Analyzing entries 19457 - 19487, now 19463 , sum entries = 30885 . . . Used time: 0s Expected left time: 0s          
 Analyzing entries 19457 - 19487, now 19464 , sum entries = 30885 . . . Used time: 0s Expected left time: 0s          
 Analyzing entries 19457 - 19487, now 19465 , sum entries = 30885 . . . Used time: 0s Expected left time: 0s          
 Analyzing entries 19457 - 19487, now 19466 , sum entries = 30885 . . . Used time: 0s Expected left time: 0s          
 Analyzing entries 19457 - 19487, now 19467 , sum entries = 30885 . . . Used time: 0s Expected left time: 0s          
 Analyzing entries 19457 - 19487, now 19468 , sum entries = 30885 . . . Used time: 0s Expected left time: 0s          
 Analyzing entries 19457 - 19487, now 19469 , sum entries = 30885 . . . Used time: 0s Expected left time: 0s          
 Analyzing entries 19457 - 19487, now 19470 , sum entries = 30885 . . . Used time: 0s Expected left time: 0s          
 Analyzing entries 19457 - 19487, now 19471 , sum entries = 30885 . . . Used time: 0s Expected left time: 0s          
 Analyzing entries 19457 - 19487, now 19472 , sum entries = 30885 . . . Used time: 0s Expected left time: 0s          
 Analyzing entries 19457 - 19487, now 19473 , sum entries = 30885 . . . Used time: 0s Expected left time: 0s          
 Analyzing entries 19457 - 19487, now 19474 , sum entries = 30885 . . . Used time: 0s Expected left time: 0s          
 Analyzing entries 19457 - 19487, now 19475 , sum entries = 30885 . . . Used time: 0s Expected left time: 0s          
 Analyzing entries 19457 - 19487, now 19476 , sum entries = 30885 . . . Used time: 0s Expected left time: 0s          
 Analyzing entries 19457 - 19487, now 19477 , sum entries = 30885 . . . Used time: 0s Expected left time: 0s          
 Analyzing entries 19457 - 19487, now 19478 , sum entries = 30885 . . . Used time: 0s Expected left time: 0s          
 Analyzing entries 19457 - 19487, now 19479 , sum entries = 30885 . . . Used time: 0s Expected left time: 0s          
 Analyzing entries 19457 - 19487, now 19480 , sum entries = 30885 . . . Used time: 0s Expected left time: 0s          
 Analyzing entries 19457 - 19487, now 19481 , sum entries = 30885 . . . Used time: 0s Expected left time: 0s          
 Analyzing entries 19457 - 19487, now 19482 , sum entries = 30885 . . . Used time: 0s Expected left time: 0s          
 Analyzing entries 19457 - 19487, now 19483 , sum entries = 30885 . . . Used time: 0s Expected left time: 0s          
 Analyzing entries 19457 - 19487, now 19484 , sum entries = 30885 . . . Used time: 0s Expected left time: 0s          
 Analyzing entries 19457 - 19487, now 19485 , sum entries = 30885 . . . Used time: 0s Expected left time: 0s          
 Analyzing entries 19457 - 19487, now 19486 , sum entries = 30885 . . . Used time: 0s Expected left time: 0s          
 Save to RootFile /extdisk/zlin/Machine_learning/RecoPlanesFeatures/CMS_herwig_HT1000to1500-preVFP_jinitpt450_600_j2pt80_120Reco/Chunk63_Part0.root . . . Used time: 0s Expected left time: 0s          
 Save to RootFile /extdisk/zlin/Machine_learning/RecoPlanesFeatures/CMS_herwig_HT1000to1500-preVFP_jinitpt450_600_j2pt80_120Reco/Chunk63_Part0.root . . . Used time: 0s Expected left time: 0s          
 Save to RootFile /extdisk/zlin/Machine_learning/RecoPlanesFeatures/CMS_herwig_HT1000to1500-preVFP_jinitpt450_600_j2pt80_120Reco/Chunk63_Part0.root . . . Used time: 0s Expected left time: 0s          
 Save to RootFile /extdisk/zlin/Machine_learning/RecoPlanesFeatures/CMS_herwig_HT1000to1500-preVFP_jinitpt450_600_j2pt80_120Reco/Chunk63_Part0.root . . . Used time: 0s Expected left time: 0s          
 Save to RootFile /extdisk/zlin/Machine_learning/RecoPlanesFeatures/CMS_herwig_HT1000to1500-preVFP_jinitpt450_600_j2pt80_120Reco/Chunk63_Part0.root . . . Used time: 0s Expected left time: 0s          
 Save to RootFile /extdisk/zlin/Machine_learning/RecoPlanesFeatures/CMS_herwig_HT1000to1500-preVFP_jinitpt450_600_j2pt80_120Reco/Chunk63_Part0.root . . . Used time: 0s Expected left time: 0s          
 Analyzing entries 19488 - 19518, now 19488 , sum entries = 30885 . . . Used time: 0s Expected left time: 0s          
 Analyzing entries 19488 - 19518, now 19489 , sum entries = 30885 . . . Used time: 0s Expected left time: 0s          
 Analyzing entries 19488 - 19518, now 19490 , sum entries = 30885 . . . Used time: 0s Expected left time: 0s          
 Analyzing entries 19488 - 19518, now 19491 , sum entries = 30885 . . . Used time: 0s Expected left time: 0s          
 Analyzing entries 19488 - 19518, now 19492 , sum entries = 30885 . . . Used time: 0s Expected left time: 0s          
 Analyzing entries 19488 - 19518, now 19493 , sum entries = 30885 . . . Used time: 0s Expected left time: 0s          
 Analyzing entries 19488 - 19518, now 19494 , sum entries = 30885 . . . Used time: 0s Expected left time: 0s          
 Analyzing entries 19488 - 19518, now 19495 , sum entries = 30885 . . . Used time: 0s Expected left time: 0s          
 Analyzing entries 19488 - 19518, now 19496 , sum entries = 30885 . . . Used time: 0s Expected left time: 0s          
 Analyzing entries 19488 - 19518, now 19497 , sum entries = 30885 . . . Used time: 0s Expected left time: 0s          
 Analyzing entries 19488 - 19518, now 19498 , sum entries = 30885 . . . Used time: 0s Expected left time: 0s          
 Analyzing entries 19488 - 19518, now 19499 , sum entries = 30885 . . . Used time: 0s Expected left time: 0s          
 Analyzing entries 19488 - 19518, now 19500 , sum entries = 30885 . . . Used time: 0s Expected left time: 0s          
 Analyzing entries 19488 - 19518, now 19501 , sum entries = 30885 . . . Used time: 0s Expected left time: 0s          
 Analyzing entries 19488 - 19518, now 19502 , sum entries = 30885 . . . Used time: 0s Expected left time: 0s          
 Analyzing entries 19488 - 19518, now 19503 , sum entries = 30885 . . . Used time: 0s Expected left time: 0s          
 Analyzing entries 19488 - 19518, now 19504 , sum entries = 30885 . . . Used time: 0s Expected left time: 0s          
 Analyzing entries 19488 - 19518, now 19505 , sum entries = 30885 . . . Used time: 0s Expected left time: 0s          
 Analyzing entries 19488 - 19518, now 19506 , sum entries = 30885 . . . Used time: 0s Expected left time: 0s          
 Analyzing entries 19488 - 19518, now 19507 , sum entries = 30885 . . . Used time: 0s Expected left time: 0s          
 Analyzing entries 19488 - 19518, now 19508 , sum entries = 30885 . . . Used time: 0s Expected left time: 0s          
 Analyzing entries 19488 - 19518, now 19509 , sum entries = 30885 . . . Used time: 0s Expected left time: 0s          
 Analyzing entries 19488 - 19518, now 19510 , sum entries = 30885 . . . Used time: 0s Expected left time: 0s          
 Analyzing entries 19488 - 19518, now 19511 , sum entries = 30885 . . . Used time: 0s Expected left time: 0s          
 Analyzing entries 19488 - 19518, now 19512 , sum entries = 30885 . . . Used time: 0s Expected left time: 0s          
 Analyzing entries 19488 - 19518, now 19513 , sum entries = 30885 . . . Used time: 0s Expected left time: 0s          
 Analyzing entries 19488 - 19518, now 19514 , sum entries = 30885 . . . Used time: 0s Expected left time: 0s          
 Analyzing entries 19488 - 19518, now 19515 , sum entries = 30885 . . . Used time: 0s Expected left time: 0s          
 Analyzing entries 19488 - 19518, now 19516 , sum entries = 30885 . . . Used time: 0s Expected left time: 0s          
 Analyzing entries 19488 - 19518, now 19517 , sum entries = 30885 . . . Used time: 0s Expected left time: 0s          
 Save to RootFile /extdisk/zlin/Machine_learning/RecoPlanesFeatures/CMS_herwig_HT1000to1500-preVFP_jinitpt450_600_j2pt80_120Reco/Chunk63_Part1.root . . . Used time: 0s Expected left time: 0s          
 Save to RootFile /extdisk/zlin/Machine_learning/RecoPlanesFeatures/CMS_herwig_HT1000to1500-preVFP_jinitpt450_600_j2pt80_120Reco/Chunk63_Part1.root . . . Used time: 0s Expected left time: 0s          
 Save to RootFile /extdisk/zlin/Machine_learning/RecoPlanesFeatures/CMS_herwig_HT1000to1500-preVFP_jinitpt450_600_j2pt80_120Reco/Chunk63_Part1.root . . . Used time: 0s Expected left time: 0s          
 Save to RootFile /extdisk/zlin/Machine_learning/RecoPlanesFeatures/CMS_herwig_HT1000to1500-preVFP_jinitpt450_600_j2pt80_120Reco/Chunk63_Part1.root . . . Used time: 0s Expected left time: 0s          
 Analyzing entries 19519 - 19549, now 19519 , sum entries = 30885 . . . Used time: 0s Expected left time: 0s          
 Analyzing entries 19519 - 19549, now 19520 , sum entries = 30885 . . . Used time: 0s Expected left time: 0s          
 Analyzing entries 19519 - 19549, now 19521 , sum entries = 30885 . . . Used time: 0s Expected left time: 0s          
 Analyzing entries 19519 - 19549, now 19522 , sum entries = 30885 . . . Used time: 0s Expected left time: 0s          
 Analyzing entries 19519 - 19549, now 19523 , sum entries = 30885 . . . Used time: 0s Expected left time: 0s          
 Analyzing entries 19519 - 19549, now 19524 , sum entries = 30885 . . . Used time: 0s Expected left time: 0s          
 Analyzing entries 19519 - 19549, now 19525 , sum entries = 30885 . . . Used time: 0s Expected left time: 0s          
 Analyzing entries 19519 - 19549, now 19526 , sum entries = 30885 . . . Used time: 0s Expected left time: 0s          
 Analyzing entries 19519 - 19549, now 19527 , sum entries = 30885 . . . Used time: 0s Expected left time: 0s          
 Analyzing entries 19519 - 19549, now 19528 , sum entries = 30885 . . . Used time: 0s Expected left time: 0s          
 Analyzing entries 19519 - 19549, now 19529 , sum entries = 30885 . . . Used time: 0s Expected left time: 0s          
 Analyzing entries 19519 - 19549, now 19530 , sum entries = 30885 . . . Used time: 0s Expected left time: 0s          
 Analyzing entries 19519 - 19549, now 19531 , sum entries = 30885 . . . Used time: 0s Expected left time: 0s          
 Analyzing entries 19519 - 19549, now 19532 , sum entries = 30885 . . . Used time: 0s Expected left time: 0s          
 Analyzing entries 19519 - 19549, now 19533 , sum entries = 30885 . . . Used time: 0s Expected left time: 0s          
 Analyzing entries 19519 - 19549, now 19534 , sum entries = 30885 . . . Used time: 0s Expected left time: 0s          
 Analyzing entries 19519 - 19549, now 19535 , sum entries = 30885 . . . Used time: 0s Expected left time: 0s          
 Analyzing entries 19519 - 19549, now 19536 , sum entries = 30885 . . . Used time: 0s Expected left time: 0s          
 Analyzing entries 19519 - 19549, now 19537 , sum entries = 30885 . . . Used time: 0s Expected left time: 0s          
 Analyzing entries 19519 - 19549, now 19538 , sum entries = 30885 . . . Used time: 0s Expected left time: 0s          
 Analyzing entries 19519 - 19549, now 19539 , sum entries = 30885 . . . Used time: 0s Expected left time: 0s          
 Analyzing entries 19519 - 19549, now 19540 , sum entries = 30885 . . . Used time: 0s Expected left time: 0s          
 Analyzing entries 19519 - 19549, now 19541 , sum entries = 30885 . . . Used time: 0s Expected left time: 0s          
 Analyzing entries 19519 - 19549, now 19542 , sum entries = 30885 . . . Used time: 0s Expected left time: 0s          
 Analyzing entries 19519 - 19549, now 19543 , sum entries = 30885 . . . Used time: 0s Expected left time: 0s          
 Analyzing entries 19519 - 19549, now 19544 , sum entries = 30885 . . . Used time: 0s Expected left time: 0s          
 Analyzing entries 19519 - 19549, now 19545 , sum entries = 30885 . . . Used time: 0s Expected left time: 0s          
 Analyzing entries 19519 - 19549, now 19546 , sum entries = 30885 . . . Used time: 0s Expected left time: 0s          
 Analyzing entries 19519 - 19549, now 19547 , sum entries = 30885 . . . Used time: 0s Expected left time: 0s          
 Analyzing entries 19519 - 19549, now 19548 , sum entries = 30885 . . . Used time: 0s Expected left time: 0s          
 Save to RootFile /extdisk/zlin/Machine_learning/RecoPlanesFeatures/CMS_herwig_HT1000to1500-preVFP_jinitpt450_600_j2pt80_120Reco/Chunk63_Part2.root . . . Used time: 0s Expected left time: 0s          
 Save to RootFile /extdisk/zlin/Machine_learning/RecoPlanesFeatures/CMS_herwig_HT1000to1500-preVFP_jinitpt450_600_j2pt80_120Reco/Chunk63_Part2.root . . . Used time: 0s Expected left time: 0s          
 Save to RootFile /extdisk/zlin/Machine_learning/RecoPlanesFeatures/CMS_herwig_HT1000to1500-preVFP_jinitpt450_600_j2pt80_120Reco/Chunk63_Part2.root . . . Used time: 0s Expected left time: 0s          
 Save to RootFile /extdisk/zlin/Machine_learning/RecoPlanesFeatures/CMS_herwig_HT1000to1500-preVFP_jinitpt450_600_j2pt80_120Reco/Chunk63_Part2.root . . . Used time: 0s Expected left time: 0s          
 Analyzing entries 19550 - 19580, now 19550 , sum entries = 30885 . . . Used time: 0s Expected left time: 0s          
 Analyzing entries 19550 - 19580, now 19551 , sum entries = 30885 . . . Used time: 0s Expected left time: 0s          
 Analyzing entries 19550 - 19580, now 19552 , sum entries = 30885 . . . Used time: 0s Expected left time: 0s          
 Analyzing entries 19550 - 19580, now 19553 , sum entries = 30885 . . . Used time: 0s Expected left time: 0s          
 Analyzing entries 19550 - 19580, now 19554 , sum entries = 30885 . . . Used time: 0s Expected left time: 0s          
 Analyzing entries 19550 - 19580, now 19555 , sum entries = 30885 . . . Used time: 0s Expected left time: 0s          
 Analyzing entries 19550 - 19580, now 19556 , sum entries = 30885 . . . Used time: 0s Expected left time: 0s          
 Analyzing entries 19550 - 19580, now 19557 , sum entries = 30885 . . . Used time: 0s Expected left time: 0s          
 Analyzing entries 19550 - 19580, now 19558 , sum entries = 30885 . . . Used time: 0s Expected left time: 0s          
 Analyzing entries 19550 - 19580, now 19559 , sum entries = 30885 . . . Used time: 0s Expected left time: 0s          
 Analyzing entries 19550 - 19580, now 19560 , sum entries = 30885 . . . Used time: 0s Expected left time: 0s          
 Analyzing entries 19550 - 19580, now 19561 , sum entries = 30885 . . . Used time: 0s Expected left time: 0s          
 Analyzing entries 19550 - 19580, now 19562 , sum entries = 30885 . . . Used time: 0s Expected left time: 0s          
 Analyzing entries 19550 - 19580, now 19563 , sum entries = 30885 . . . Used time: 0s Expected left time: 0s          
 Analyzing entries 19550 - 19580, now 19564 , sum entries = 30885 . . . Used time: 0s Expected left time: 0s          
 Analyzing entries 19550 - 19580, now 19565 , sum entries = 30885 . . . Used time: 0s Expected left time: 0s          
 Analyzing entries 19550 - 19580, now 19566 , sum entries = 30885 . . . Used time: 0s Expected left time: 0s          
 Analyzing entries 19550 - 19580, now 19567 , sum entries = 30885 . . . Used time: 0s Expected left time: 0s          
 Analyzing entries 19550 - 19580, now 19568 , sum entries = 30885 . . . Used time: 0s Expected left time: 0s          
 Analyzing entries 19550 - 19580, now 19569 , sum entries = 30885 . . . Used time: 0s Expected left time: 0s          
 Analyzing entries 19550 - 19580, now 19570 , sum entries = 30885 . . . Used time: 0s Expected left time: 0s          
 Analyzing entries 19550 - 19580, now 19571 , sum entries = 30885 . . . Used time: 0s Expected left time: 0s          
 Analyzing entries 19550 - 19580, now 19572 , sum entries = 30885 . . . Used time: 0s Expected left time: 0s          
 Analyzing entries 19550 - 19580, now 19573 , sum entries = 30885 . . . Used time: 0s Expected left time: 0s          
 Analyzing entries 19550 - 19580, now 19574 , sum entries = 30885 . . . Used time: 0s Expected left time: 0s          
 Analyzing entries 19550 - 19580, now 19575 , sum entries = 30885 . . . Used time: 0s Expected left time: 0s          
 Analyzing entries 19550 - 19580, now 19576 , sum entries = 30885 . . . Used time: 0s Expected left time: 0s          
 Analyzing entries 19550 - 19580, now 19577 , sum entries = 30885 . . . Used time: 0s Expected left time: 0s          
 Analyzing entries 19550 - 19580, now 19578 , sum entries = 30885 . . . Used time: 0s Expected left time: 0s          
 Analyzing entries 19550 - 19580, now 19579 , sum entries = 30885 . . . Used time: 0s Expected left time: 0s          
 Save to RootFile /extdisk/zlin/Machine_learning/RecoPlanesFeatures/CMS_herwig_HT1000to1500-preVFP_jinitpt450_600_j2pt80_120Reco/Chunk63_Part3.root . . . Used time: 0s Expected left time: 0s          
 Save to RootFile /extdisk/zlin/Machine_learning/RecoPlanesFeatures/CMS_herwig_HT1000to1500-preVFP_jinitpt450_600_j2pt80_120Reco/Chunk63_Part3.root . . . Used time: 0s Expected left time: 0s          
 Save to RootFile /extdisk/zlin/Machine_learning/RecoPlanesFeatures/CMS_herwig_HT1000to1500-preVFP_jinitpt450_600_j2pt80_120Reco/Chunk63_Part3.root . . . Used time: 0s Expected left time: 0s          
 Save to RootFile /extdisk/zlin/Machine_learning/RecoPlanesFeatures/CMS_herwig_HT1000to1500-preVFP_jinitpt450_600_j2pt80_120Reco/Chunk63_Part3.root . . . Used time: 0s Expected left time: 0s          
 Save to RootFile /extdisk/zlin/Machine_learning/RecoPlanesFeatures/CMS_herwig_HT1000to1500-preVFP_jinitpt450_600_j2pt80_120Reco/Chunk63_Part3.root . . . Used time: 0s Expected left time: 0s          
 Analyzing entries 19581 - 19611, now 19581 , sum entries = 30885 . . . Used time: 0s Expected left time: 0s          
 Analyzing entries 19581 - 19611, now 19582 , sum entries = 30885 . . . Used time: 0s Expected left time: 0s          
 Analyzing entries 19581 - 19611, now 19583 , sum entries = 30885 . . . Used time: 0s Expected left time: 0s          
 Analyzing entries 19581 - 19611, now 19584 , sum entries = 30885 . . . Used time: 0s Expected left time: 0s          
 Analyzing entries 19581 - 19611, now 19585 , sum entries = 30885 . . . Used time: 0s Expected left time: 0s          
 Analyzing entries 19581 - 19611, now 19586 , sum entries = 30885 . . . Used time: 0s Expected left time: 0s          
 Analyzing entries 19581 - 19611, now 19587 , sum entries = 30885 . . . Used time: 0s Expected left time: 0s          
 Analyzing entries 19581 - 19611, now 19588 , sum entries = 30885 . . . Used time: 0s Expected left time: 0s          
 Analyzing entries 19581 - 19611, now 19589 , sum entries = 30885 . . . Used time: 0s Expected left time: 0s          
 Analyzing entries 19581 - 19611, now 19590 , sum entries = 30885 . . . Used time: 0s Expected left time: 0s          
 Analyzing entries 19581 - 19611, now 19591 , sum entries = 30885 . . . Used time: 0s Expected left time: 0s          
 Analyzing entries 19581 - 19611, now 19592 , sum entries = 30885 . . . Used time: 0s Expected left time: 0s          
 Analyzing entries 19581 - 19611, now 19593 , sum entries = 30885 . . . Used time: 0s Expected left time: 0s          
 Analyzing entries 19581 - 19611, now 19594 , sum entries = 30885 . . . Used time: 0s Expected left time: 0s          
 Analyzing entries 19581 - 19611, now 19595 , sum entries = 30885 . . . Used time: 0s Expected left time: 0s          
 Analyzing entries 19581 - 19611, now 19596 , sum entries = 30885 . . . Used time: 0s Expected left time: 0s          
 Analyzing entries 19581 - 19611, now 19597 , sum entries = 30885 . . . Used time: 0s Expected left time: 0s          
 Analyzing entries 19581 - 19611, now 19598 , sum entries = 30885 . . . Used time: 0s Expected left time: 0s          
 Analyzing entries 19581 - 19611, now 19599 , sum entries = 30885 . . . Used time: 0s Expected left time: 0s          
 Analyzing entries 19581 - 19611, now 19600 , sum entries = 30885 . . . Used time: 0s Expected left time: 0s          
 Analyzing entries 19581 - 19611, now 19601 , sum entries = 30885 . . . Used time: 0s Expected left time: 0s          
 Analyzing entries 19581 - 19611, now 19602 , sum entries = 30885 . . . Used time: 0s Expected left time: 0s          
 Analyzing entries 19581 - 19611, now 19603 , sum entries = 30885 . . . Used time: 0s Expected left time: 0s          
 Analyzing entries 19581 - 19611, now 19604 , sum entries = 30885 . . . Used time: 0s Expected left time: 0s          
 Analyzing entries 19581 - 19611, now 19605 , sum entries = 30885 . . . Used time: 0s Expected left time: 0s          
 Analyzing entries 19581 - 19611, now 19606 , sum entries = 30885 . . . Used time: 0s Expected left time: 0s          
 Analyzing entries 19581 - 19611, now 19607 , sum entries = 30885 . . . Used time: 0s Expected left time: 0s          
 Analyzing entries 19581 - 19611, now 19608 , sum entries = 30885 . . . Used time: 0s Expected left time: 0s          
 Analyzing entries 19581 - 19611, now 19609 , sum entries = 30885 . . . Used time: 0s Expected left time: 0s          
 Analyzing entries 19581 - 19611, now 19610 , sum entries = 30885 . . . Used time: 0s Expected left time: 0s          
 Save to RootFile /extdisk/zlin/Machine_learning/RecoPlanesFeatures/CMS_herwig_HT1000to1500-preVFP_jinitpt450_600_j2pt80_120Reco/Chunk63_Part4.root . . . Used time: 0s Expected left time: 0s          
 Save to RootFile /extdisk/zlin/Machine_learning/RecoPlanesFeatures/CMS_herwig_HT1000to1500-preVFP_jinitpt450_600_j2pt80_120Reco/Chunk63_Part4.root . . . Used time: 0s Expected left time: 0s          
 Save to RootFile /extdisk/zlin/Machine_learning/RecoPlanesFeatures/CMS_herwig_HT1000to1500-preVFP_jinitpt450_600_j2pt80_120Reco/Chunk63_Part4.root . . . Used time: 0s Expected left time: 0s          
 Save to RootFile /extdisk/zlin/Machine_learning/RecoPlanesFeatures/CMS_herwig_HT1000to1500-preVFP_jinitpt450_600_j2pt80_120Reco/Chunk63_Part4.root . . . Used time: 0s Expected left time: 0s          
 Analyzing entries 19611 - 19641, now 19611 , sum entries = 30885 . . . Used time: 0s Expected left time: 0s          
 Analyzing entries 19611 - 19641, now 19612 , sum entries = 30885 . . . Used time: 0s Expected left time: 0s          
 Analyzing entries 19611 - 19641, now 19613 , sum entries = 30885 . . . Used time: 0s Expected left time: 0s          
 Analyzing entries 19611 - 19641, now 19614 , sum entries = 30885 . . . Used time: 0s Expected left time: 0s          
 Analyzing entries 19611 - 19641, now 19615 , sum entries = 30885 . . . Used time: 0s Expected left time: 0s          
 Analyzing entries 19611 - 19641, now 19616 , sum entries = 30885 . . . Used time: 0s Expected left time: 0s          
 Analyzing entries 19611 - 19641, now 19617 , sum entries = 30885 . . . Used time: 0s Expected left time: 0s          
 Analyzing entries 19611 - 19641, now 19618 , sum entries = 30885 . . . Used time: 0s Expected left time: 0s          
 Analyzing entries 19611 - 19641, now 19619 , sum entries = 30885 . . . Used time: 0s Expected left time: 0s          
 Analyzing entries 19611 - 19641, now 19620 , sum entries = 30885 . . . Used time: 0s Expected left time: 0s          
 Analyzing entries 19611 - 19641, now 19621 , sum entries = 30885 . . . Used time: 0s Expected left time: 0s          
 Analyzing entries 19611 - 19641, now 19622 , sum entries = 30885 . . . Used time: 0s Expected left time: 0s          
 Analyzing entries 19611 - 19641, now 19623 , sum entries = 30885 . . . Used time: 0s Expected left time: 0s          
 Analyzing entries 19611 - 19641, now 19624 , sum entries = 30885 . . . Used time: 0s Expected left time: 0s          
 Analyzing entries 19611 - 19641, now 19625 , sum entries = 30885 . . . Used time: 0s Expected left time: 0s          
 Analyzing entries 19611 - 19641, now 19626 , sum entries = 30885 . . . Used time: 0s Expected left time: 0s          
 Analyzing entries 19611 - 19641, now 19627 , sum entries = 30885 . . . Used time: 0s Expected left time: 0s          
 Analyzing entries 19611 - 19641, now 19628 , sum entries = 30885 . . . Used time: 0s Expected left time: 0s          
 Analyzing entries 19611 - 19641, now 19629 , sum entries = 30885 . . . Used time: 0s Expected left time: 0s          
 Analyzing entries 19611 - 19641, now 19630 , sum entries = 30885 . . . Used time: 0s Expected left time: 0s          
 Analyzing entries 19611 - 19641, now 19631 , sum entries = 30885 . . . Used time: 0s Expected left time: 0s          
 Analyzing entries 19611 - 19641, now 19632 , sum entries = 30885 . . . Used time: 0s Expected left time: 0s          
 Analyzing entries 19611 - 19641, now 19633 , sum entries = 30885 . . . Used time: 0s Expected left time: 0s          
 Analyzing entries 19611 - 19641, now 19634 , sum entries = 30885 . . . Used time: 0s Expected left time: 0s          
 Analyzing entries 19611 - 19641, now 19635 , sum entries = 30885 . . . Used time: 0s Expected left time: 0s          
 Analyzing entries 19611 - 19641, now 19636 , sum entries = 30885 . . . Used time: 0s Expected left time: 0s          
 Analyzing entries 19611 - 19641, now 19637 , sum entries = 30885 . . . Used time: 0s Expected left time: 0s          
 Analyzing entries 19611 - 19641, now 19638 , sum entries = 30885 . . . Used time: 0s Expected left time: 0s          
 Analyzing entries 19611 - 19641, now 19639 , sum entries = 30885 . . . Used time: 0s Expected left time: 0s          
 Analyzing entries 19611 - 19641, now 19640 , sum entries = 30885 . . . Used time: 0s Expected left time: 0s          
 Save to RootFile /extdisk/zlin/Machine_learning/RecoPlanesFeatures/CMS_herwig_HT1000to1500-preVFP_jinitpt450_600_j2pt80_120Reco/Chunk63_Part5.root . . . Used time: 0s Expected left time: 0s          
 Save to RootFile /extdisk/zlin/Machine_learning/RecoPlanesFeatures/CMS_herwig_HT1000to1500-preVFP_jinitpt450_600_j2pt80_120Reco/Chunk63_Part5.root . . . Used time: 0s Expected left time: 0s          
 Save to RootFile /extdisk/zlin/Machine_learning/RecoPlanesFeatures/CMS_herwig_HT1000to1500-preVFP_jinitpt450_600_j2pt80_120Reco/Chunk63_Part5.root . . . Used time: 0s Expected left time: 0s          
 Save to RootFile /extdisk/zlin/Machine_learning/RecoPlanesFeatures/CMS_herwig_HT1000to1500-preVFP_jinitpt450_600_j2pt80_120Reco/Chunk63_Part5.root . . . Used time: 0s Expected left time: 0s          
 Analyzing entries 19642 - 19672, now 19642 , sum entries = 30885 . . . Used time: 0s Expected left time: 0s          
 Analyzing entries 19642 - 19672, now 19643 , sum entries = 30885 . . . Used time: 0s Expected left time: 0s          
 Analyzing entries 19642 - 19672, now 19644 , sum entries = 30885 . . . Used time: 0s Expected left time: 0s          
 Analyzing entries 19642 - 19672, now 19645 , sum entries = 30885 . . . Used time: 0s Expected left time: 0s          
 Analyzing entries 19642 - 19672, now 19646 , sum entries = 30885 . . . Used time: 0s Expected left time: 0s          
 Analyzing entries 19642 - 19672, now 19647 , sum entries = 30885 . . . Used time: 0s Expected left time: 0s          
 Analyzing entries 19642 - 19672, now 19648 , sum entries = 30885 . . . Used time: 0s Expected left time: 0s          
 Analyzing entries 19642 - 19672, now 19649 , sum entries = 30885 . . . Used time: 0s Expected left time: 0s          
 Analyzing entries 19642 - 19672, now 19650 , sum entries = 30885 . . . Used time: 0s Expected left time: 0s          
 Analyzing entries 19642 - 19672, now 19651 , sum entries = 30885 . . . Used time: 0s Expected left time: 0s          
 Analyzing entries 19642 - 19672, now 19652 , sum entries = 30885 . . . Used time: 0s Expected left time: 0s          
 Analyzing entries 19642 - 19672, now 19653 , sum entries = 30885 . . . Used time: 0s Expected left time: 0s          
 Analyzing entries 19642 - 19672, now 19654 , sum entries = 30885 . . . Used time: 0s Expected left time: 0s          
 Analyzing entries 19642 - 19672, now 19655 , sum entries = 30885 . . . Used time: 0s Expected left time: 0s          
 Analyzing entries 19642 - 19672, now 19656 , sum entries = 30885 . . . Used time: 0s Expected left time: 0s          
 Analyzing entries 19642 - 19672, now 19657 , sum entries = 30885 . . . Used time: 0s Expected left time: 0s          
 Analyzing entries 19642 - 19672, now 19658 , sum entries = 30885 . . . Used time: 0s Expected left time: 0s          
 Analyzing entries 19642 - 19672, now 19659 , sum entries = 30885 . . . Used time: 0s Expected left time: 0s          
 Analyzing entries 19642 - 19672, now 19660 , sum entries = 30885 . . . Used time: 0s Expected left time: 0s          
 Analyzing entries 19642 - 19672, now 19661 , sum entries = 30885 . . . Used time: 0s Expected left time: 0s          
 Analyzing entries 19642 - 19672, now 19662 , sum entries = 30885 . . . Used time: 0s Expected left time: 0s          
 Analyzing entries 19642 - 19672, now 19663 , sum entries = 30885 . . . Used time: 0s Expected left time: 0s          
 Analyzing entries 19642 - 19672, now 19664 , sum entries = 30885 . . . Used time: 0s Expected left time: 0s          
 Analyzing entries 19642 - 19672, now 19665 , sum entries = 30885 . . . Used time: 0s Expected left time: 0s          
 Analyzing entries 19642 - 19672, now 19666 , sum entries = 30885 . . . Used time: 0s Expected left time: 0s          
 Analyzing entries 19642 - 19672, now 19667 , sum entries = 30885 . . . Used time: 0s Expected left time: 0s          
 Analyzing entries 19642 - 19672, now 19668 , sum entries = 30885 . . . Used time: 0s Expected left time: 0s          
 Analyzing entries 19642 - 19672, now 19669 , sum entries = 30885 . . . Used time: 0s Expected left time: 0s          
 Analyzing entries 19642 - 19672, now 19670 , sum entries = 30885 . . . Used time: 0s Expected left time: 0s          
 Analyzing entries 19642 - 19672, now 19671 , sum entries = 30885 . . . Used time: 0s Expected left time: 0s          
 Save to RootFile /extdisk/zlin/Machine_learning/RecoPlanesFeatures/CMS_herwig_HT1000to1500-preVFP_jinitpt450_600_j2pt80_120Reco/Chunk63_Part6.root . . . Used time: 0s Expected left time: 0s          
 Save to RootFile /extdisk/zlin/Machine_learning/RecoPlanesFeatures/CMS_herwig_HT1000to1500-preVFP_jinitpt450_600_j2pt80_120Reco/Chunk63_Part6.root . . . Used time: 0s Expected left time: 0s          
 Save to RootFile /extdisk/zlin/Machine_learning/RecoPlanesFeatures/CMS_herwig_HT1000to1500-preVFP_jinitpt450_600_j2pt80_120Reco/Chunk63_Part6.root . . . Used time: 0s Expected left time: 0s          
 Analyzing entries 19673 - 19703, now 19673 , sum entries = 30885 . . . Used time: 0s Expected left time: 0s          
 Analyzing entries 19673 - 19703, now 19674 , sum entries = 30885 . . . Used time: 0s Expected left time: 0s          
 Analyzing entries 19673 - 19703, now 19675 , sum entries = 30885 . . . Used time: 0s Expected left time: 0s          
 Analyzing entries 19673 - 19703, now 19676 , sum entries = 30885 . . . Used time: 0s Expected left time: 0s          
 Analyzing entries 19673 - 19703, now 19677 , sum entries = 30885 . . . Used time: 0s Expected left time: 0s          
 Analyzing entries 19673 - 19703, now 19678 , sum entries = 30885 . . . Used time: 0s Expected left time: 0s          
 Analyzing entries 19673 - 19703, now 19679 , sum entries = 30885 . . . Used time: 0s Expected left time: 0s          
 Analyzing entries 19673 - 19703, now 19680 , sum entries = 30885 . . . Used time: 0s Expected left time: 0s          
 Analyzing entries 19673 - 19703, now 19681 , sum entries = 30885 . . . Used time: 0s Expected left time: 0s          
 Analyzing entries 19673 - 19703, now 19682 , sum entries = 30885 . . . Used time: 0s Expected left time: 0s          
 Analyzing entries 19673 - 19703, now 19683 , sum entries = 30885 . . . Used time: 0s Expected left time: 0s          
 Analyzing entries 19673 - 19703, now 19684 , sum entries = 30885 . . . Used time: 0s Expected left time: 0s          
 Analyzing entries 19673 - 19703, now 19685 , sum entries = 30885 . . . Used time: 0s Expected left time: 0s          
 Analyzing entries 19673 - 19703, now 19686 , sum entries = 30885 . . . Used time: 0s Expected left time: 0s          
 Analyzing entries 19673 - 19703, now 19687 , sum entries = 30885 . . . Used time: 0s Expected left time: 0s          
 Analyzing entries 19673 - 19703, now 19688 , sum entries = 30885 . . . Used time: 0s Expected left time: 0s          
 Analyzing entries 19673 - 19703, now 19689 , sum entries = 30885 . . . Used time: 0s Expected left time: 0s          
 Analyzing entries 19673 - 19703, now 19690 , sum entries = 30885 . . . Used time: 0s Expected left time: 0s          
 Analyzing entries 19673 - 19703, now 19691 , sum entries = 30885 . . . Used time: 0s Expected left time: 0s          
 Analyzing entries 19673 - 19703, now 19692 , sum entries = 30885 . . . Used time: 0s Expected left time: 0s          
 Analyzing entries 19673 - 19703, now 19693 , sum entries = 30885 . . . Used time: 0s Expected left time: 0s          
 Analyzing entries 19673 - 19703, now 19694 , sum entries = 30885 . . . Used time: 0s Expected left time: 0s          
 Analyzing entries 19673 - 19703, now 19695 , sum entries = 30885 . . . Used time: 0s Expected left time: 0s          
 Analyzing entries 19673 - 19703, now 19696 , sum entries = 30885 . . . Used time: 0s Expected left time: 0s          
 Analyzing entries 19673 - 19703, now 19697 , sum entries = 30885 . . . Used time: 0s Expected left time: 0s          
 Analyzing entries 19673 - 19703, now 19698 , sum entries = 30885 . . . Used time: 0s Expected left time: 0s          
 Analyzing entries 19673 - 19703, now 19699 , sum entries = 30885 . . . Used time: 0s Expected left time: 0s          
 Analyzing entries 19673 - 19703, now 19700 , sum entries = 30885 . . . Used time: 0s Expected left time: 0s          
 Analyzing entries 19673 - 19703, now 19701 , sum entries = 30885 . . . Used time: 0s Expected left time: 0s          
 Analyzing entries 19673 - 19703, now 19702 , sum entries = 30885 . . . Used time: 0s Expected left time: 0s          
 Save to RootFile /extdisk/zlin/Machine_learning/RecoPlanesFeatures/CMS_herwig_HT1000to1500-preVFP_jinitpt450_600_j2pt80_120Reco/Chunk63_Part7.root . . . Used time: 0s Expected left time: 0s          
 Save to RootFile /extdisk/zlin/Machine_learning/RecoPlanesFeatures/CMS_herwig_HT1000to1500-preVFP_jinitpt450_600_j2pt80_120Reco/Chunk63_Part7.root . . . Used time: 0s Expected left time: 0s          
 Save to RootFile /extdisk/zlin/Machine_learning/RecoPlanesFeatures/CMS_herwig_HT1000to1500-preVFP_jinitpt450_600_j2pt80_120Reco/Chunk63_Part7.root . . . Used time: 0s Expected left time: 0s          
 Save to RootFile /extdisk/zlin/Machine_learning/RecoPlanesFeatures/CMS_herwig_HT1000to1500-preVFP_jinitpt450_600_j2pt80_120Reco/Chunk63_Part7.root . . . Used time: 0s Expected left time: 0s          
 Analyzing entries 19704 - 19734, now 19704 , sum entries = 30885 . . . Used time: 0s Expected left time: 0s          
 Analyzing entries 19704 - 19734, now 19705 , sum entries = 30885 . . . Used time: 0s Expected left time: 0s          
 Analyzing entries 19704 - 19734, now 19706 , sum entries = 30885 . . . Used time: 0s Expected left time: 0s          
 Analyzing entries 19704 - 19734, now 19707 , sum entries = 30885 . . . Used time: 0s Expected left time: 0s          
 Analyzing entries 19704 - 19734, now 19708 , sum entries = 30885 . . . Used time: 0s Expected left time: 0s          
 Analyzing entries 19704 - 19734, now 19709 , sum entries = 30885 . . . Used time: 0s Expected left time: 0s          
 Analyzing entries 19704 - 19734, now 19710 , sum entries = 30885 . . . Used time: 0s Expected left time: 0s          
 Analyzing entries 19704 - 19734, now 19711 , sum entries = 30885 . . . Used time: 0s Expected left time: 0s          
 Analyzing entries 19704 - 19734, now 19712 , sum entries = 30885 . . . Used time: 0s Expected left time: 0s          
 Analyzing entries 19704 - 19734, now 19713 , sum entries = 30885 . . . Used time: 0s Expected left time: 0s          
 Analyzing entries 19704 - 19734, now 19714 , sum entries = 30885 . . . Used time: 0s Expected left time: 0s          
 Analyzing entries 19704 - 19734, now 19715 , sum entries = 30885 . . . Used time: 0s Expected left time: 0s          
 Analyzing entries 19704 - 19734, now 19716 , sum entries = 30885 . . . Used time: 0s Expected left time: 0s          
 Analyzing entries 19704 - 19734, now 19717 , sum entries = 30885 . . . Used time: 0s Expected left time: 0s          
 Analyzing entries 19704 - 19734, now 19718 , sum entries = 30885 . . . Used time: 0s Expected left time: 0s          
 Analyzing entries 19704 - 19734, now 19719 , sum entries = 30885 . . . Used time: 0s Expected left time: 0s          
 Analyzing entries 19704 - 19734, now 19720 , sum entries = 30885 . . . Used time: 0s Expected left time: 0s          
 Analyzing entries 19704 - 19734, now 19721 , sum entries = 30885 . . . Used time: 0s Expected left time: 0s          
 Analyzing entries 19704 - 19734, now 19722 , sum entries = 30885 . . . Used time: 0s Expected left time: 0s          
 Analyzing entries 19704 - 19734, now 19723 , sum entries = 30885 . . . Used time: 0s Expected left time: 0s          
 Analyzing entries 19704 - 19734, now 19724 , sum entries = 30885 . . . Used time: 0s Expected left time: 0s          
 Analyzing entries 19704 - 19734, now 19725 , sum entries = 30885 . . . Used time: 0s Expected left time: 0s          
 Analyzing entries 19704 - 19734, now 19726 , sum entries = 30885 . . . Used time: 0s Expected left time: 0s          
 Analyzing entries 19704 - 19734, now 19727 , sum entries = 30885 . . . Used time: 0s Expected left time: 0s          
 Analyzing entries 19704 - 19734, now 19728 , sum entries = 30885 . . . Used time: 0s Expected left time: 0s          
 Analyzing entries 19704 - 19734, now 19729 , sum entries = 30885 . . . Used time: 0s Expected left time: 0s          
 Analyzing entries 19704 - 19734, now 19730 , sum entries = 30885 . . . Used time: 0s Expected left time: 0s          
 Analyzing entries 19704 - 19734, now 19731 , sum entries = 30885 . . . Used time: 0s Expected left time: 0s          
 Analyzing entries 19704 - 19734, now 19732 , sum entries = 30885 . . . Used time: 0s Expected left time: 0s          
 Analyzing entries 19704 - 19734, now 19733 , sum entries = 30885 . . . Used time: 0s Expected left time: 0s          
 Save to RootFile /extdisk/zlin/Machine_learning/RecoPlanesFeatures/CMS_herwig_HT1000to1500-preVFP_jinitpt450_600_j2pt80_120Reco/Chunk63_Part8.root . . . Used time: 0s Expected left time: 0s          
 Save to RootFile /extdisk/zlin/Machine_learning/RecoPlanesFeatures/CMS_herwig_HT1000to1500-preVFP_jinitpt450_600_j2pt80_120Reco/Chunk63_Part8.root . . . Used time: 0s Expected left time: 0s          
 Save to RootFile /extdisk/zlin/Machine_learning/RecoPlanesFeatures/CMS_herwig_HT1000to1500-preVFP_jinitpt450_600_j2pt80_120Reco/Chunk63_Part8.root . . . Used time: 0s Expected left time: 0s          
 Save to RootFile /extdisk/zlin/Machine_learning/RecoPlanesFeatures/CMS_herwig_HT1000to1500-preVFP_jinitpt450_600_j2pt80_120Reco/Chunk63_Part8.root . . . Used time: 0s Expected left time: 0s          
 Save to RootFile /extdisk/zlin/Machine_learning/RecoPlanesFeatures/CMS_herwig_HT1000to1500-preVFP_jinitpt450_600_j2pt80_120Reco/Chunk63_Part8.root . . . Used time: 0s Expected left time: 0s          
 Analyzing entries 19735 - 19765, now 19735 , sum entries = 30885 . . . Used time: 0s Expected left time: 0s          
 Analyzing entries 19735 - 19765, now 19736 , sum entries = 30885 . . . Used time: 0s Expected left time: 0s          
 Analyzing entries 19735 - 19765, now 19737 , sum entries = 30885 . . . Used time: 0s Expected left time: 0s          
 Analyzing entries 19735 - 19765, now 19738 , sum entries = 30885 . . . Used time: 0s Expected left time: 0s          
 Analyzing entries 19735 - 19765, now 19739 , sum entries = 30885 . . . Used time: 0s Expected left time: 0s          
 Analyzing entries 19735 - 19765, now 19740 , sum entries = 30885 . . . Used time: 0s Expected left time: 0s          
 Analyzing entries 19735 - 19765, now 19741 , sum entries = 30885 . . . Used time: 0s Expected left time: 0s          
 Analyzing entries 19735 - 19765, now 19742 , sum entries = 30885 . . . Used time: 0s Expected left time: 0s          
 Analyzing entries 19735 - 19765, now 19743 , sum entries = 30885 . . . Used time: 0s Expected left time: 0s          
 Analyzing entries 19735 - 19765, now 19744 , sum entries = 30885 . . . Used time: 0s Expected left time: 0s          
 Analyzing entries 19735 - 19765, now 19745 , sum entries = 30885 . . . Used time: 0s Expected left time: 0s          
 Analyzing entries 19735 - 19765, now 19746 , sum entries = 30885 . . . Used time: 0s Expected left time: 0s          
 Analyzing entries 19735 - 19765, now 19747 , sum entries = 30885 . . . Used time: 0s Expected left time: 0s          
 Analyzing entries 19735 - 19765, now 19748 , sum entries = 30885 . . . Used time: 0s Expected left time: 0s          
 Analyzing entries 19735 - 19765, now 19749 , sum entries = 30885 . . . Used time: 0s Expected left time: 0s          
 Analyzing entries 19735 - 19765, now 19750 , sum entries = 30885 . . . Used time: 0s Expected left time: 0s          
 Analyzing entries 19735 - 19765, now 19751 , sum entries = 30885 . . . Used time: 0s Expected left time: 0s          
 Analyzing entries 19735 - 19765, now 19752 , sum entries = 30885 . . . Used time: 0s Expected left time: 0s          
 Analyzing entries 19735 - 19765, now 19753 , sum entries = 30885 . . . Used time: 0s Expected left time: 0s          
 Analyzing entries 19735 - 19765, now 19754 , sum entries = 30885 . . . Used time: 0s Expected left time: 0s          
 Analyzing entries 19735 - 19765, now 19755 , sum entries = 30885 . . . Used time: 0s Expected left time: 0s          
 Analyzing entries 19735 - 19765, now 19756 , sum entries = 30885 . . . Used time: 0s Expected left time: 0s          
 Analyzing entries 19735 - 19765, now 19757 , sum entries = 30885 . . . Used time: 0s Expected left time: 0s          
 Analyzing entries 19735 - 19765, now 19758 , sum entries = 30885 . . . Used time: 0s Expected left time: 0s          
 Analyzing entries 19735 - 19765, now 19759 , sum entries = 30885 . . . Used time: 0s Expected left time: 0s          
 Analyzing entries 19735 - 19765, now 19760 , sum entries = 30885 . . . Used time: 0s Expected left time: 0s          
 Analyzing entries 19735 - 19765, now 19761 , sum entries = 30885 . . . Used time: 0s Expected left time: 0s          
 Analyzing entries 19735 - 19765, now 19762 , sum entries = 30885 . . . Used time: 0s Expected left time: 0s          
 Analyzing entries 19735 - 19765, now 19763 , sum entries = 30885 . . . Used time: 0s Expected left time: 0s          
 Analyzing entries 19735 - 19765, now 19764 , sum entries = 30885 . . . Used time: 0s Expected left time: 0s          
 Save to RootFile /extdisk/zlin/Machine_learning/RecoPlanesFeatures/CMS_herwig_HT1000to1500-preVFP_jinitpt450_600_j2pt80_120Reco/Chunk63_Part9.root . . . Used time: 0s Expected left time: 0s          
 Save to RootFile /extdisk/zlin/Machine_learning/RecoPlanesFeatures/CMS_herwig_HT1000to1500-preVFP_jinitpt450_600_j2pt80_120Reco/Chunk63_Part9.root . . . Used time: 0s Expected left time: 0s          
 Save to RootFile /extdisk/zlin/Machine_learning/RecoPlanesFeatures/CMS_herwig_HT1000to1500-preVFP_jinitpt450_600_j2pt80_120Reco/Chunk63_Part9.root . . . Used time: 0s Expected left time: 0s          
 Save to RootFile /extdisk/zlin/Machine_learning/RecoPlanesFeatures/CMS_herwig_HT1000to1500-preVFP_jinitpt450_600_j2pt80_120Reco/Chunk63_Part9.root . . . Used time: 0s Expected left time: 0s          
 Save to RootFile /extdisk/zlin/Machine_learning/RecoPlanesFeatures/CMS_herwig_HT1000to1500-preVFP_jinitpt450_600_j2pt80_120Reco/Chunk63_Part9.root . . . Used time: 0s Expected left time: 0s          
 Save to RootFile /extdisk/zlin/Machine_learning/RecoPlanesFeatures/CMS_herwig_HT1000to1500-preVFP_jinitpt450_600_j2pt80_120Reco/Chunk63_Part9.root . . . Used time: 0s Expected left time: 0s          
 Save to RootFile /extdisk/zlin/Machine_learning/RecoPlanesFeatures/CMS_herwig_HT1000to1500-preVFP_jinitpt450_600_j2pt80_120Reco/Chunk63_Part9.root . . . Used time: 0s Expected left time: 0s          
