Warning in <TFile::Init>: file /extdisk/zlin/Machine_learning/RecoPlanes/CMS_herwig_HT1000to1500-preVFP/Chunk23_Part0.root probably not closed, trying to recover
Warning in <TFile::Init>: no keys recovered, file has been made a Zombie
Warning in <TFile::Init>: file /extdisk/zlin/Machine_learning/RecoPlanes/CMS_herwig_HT1000to1500-preVFP/Chunk25_Part0.root probably not closed, trying to recover
Warning in <TFile::Init>: no keys recovered, file has been made a Zombie
Warning in <TFile::Init>: file /extdisk/zlin/Machine_learning/RecoPlanes/CMS_herwig_HT1000to1500-preVFP/Chunk35_Part0.root probably not closed, trying to recover
Warning in <TFile::Init>: no keys recovered, file has been made a Zombie
Warning in <TFile::Init>: file /extdisk/zlin/Machine_learning/RecoPlanes/CMS_herwig_HT1000to1500-preVFP/Chunk39_Part0.root probably not closed, trying to recover
Warning in <TFile::Init>: no keys recovered, file has been made a Zombie
 Analyzing entries 22211 - 22241, now 22211 , sum entries = 30015 . . . Used time: 0s Expected left time: 0s          
 Analyzing entries 22211 - 22241, now 22212 , sum entries = 30015 . . . Used time: 0s Expected left time: 0s          
 Analyzing entries 22211 - 22241, now 22213 , sum entries = 30015 . . . Used time: 0s Expected left time: 0s          
 Analyzing entries 22211 - 22241, now 22214 , sum entries = 30015 . . . Used time: 0s Expected left time: 0s          
 Analyzing entries 22211 - 22241, now 22215 , sum entries = 30015 . . . Used time: 0s Expected left time: 0s          
 Analyzing entries 22211 - 22241, now 22216 , sum entries = 30015 . . . Used time: 0s Expected left time: 0s          
 Analyzing entries 22211 - 22241, now 22217 , sum entries = 30015 . . . Used time: 0s Expected left time: 0s          
 Analyzing entries 22211 - 22241, now 22218 , sum entries = 30015 . . . Used time: 0s Expected left time: 0s          
 Analyzing entries 22211 - 22241, now 22219 , sum entries = 30015 . . . Used time: 0s Expected left time: 0s          
 Analyzing entries 22211 - 22241, now 22220 , sum entries = 30015 . . . Used time: 0s Expected left time: 0s          
 Analyzing entries 22211 - 22241, now 22221 , sum entries = 30015 . . . Used time: 0s Expected left time: 0s          
 Analyzing entries 22211 - 22241, now 22222 , sum entries = 30015 . . . Used time: 0s Expected left time: 0s          
 Analyzing entries 22211 - 22241, now 22223 , sum entries = 30015 . . . Used time: 0s Expected left time: 0s          
 Analyzing entries 22211 - 22241, now 22224 , sum entries = 30015 . . . Used time: 0s Expected left time: 0s          
 Analyzing entries 22211 - 22241, now 22225 , sum entries = 30015 . . . Used time: 0s Expected left time: 0s          
 Analyzing entries 22211 - 22241, now 22226 , sum entries = 30015 . . . Used time: 0s Expected left time: 0s          
 Analyzing entries 22211 - 22241, now 22227 , sum entries = 30015 . . . Used time: 0s Expected left time: 0s          
 Analyzing entries 22211 - 22241, now 22228 , sum entries = 30015 . . . Used time: 0s Expected left time: 0s          
 Analyzing entries 22211 - 22241, now 22229 , sum entries = 30015 . . . Used time: 0s Expected left time: 0s          
 Analyzing entries 22211 - 22241, now 22230 , sum entries = 30015 . . . Used time: 0s Expected left time: 0s          
 Analyzing entries 22211 - 22241, now 22231 , sum entries = 30015 . . . Used time: 0s Expected left time: 0s          
 Analyzing entries 22211 - 22241, now 22232 , sum entries = 30015 . . . Used time: 0s Expected left time: 0s          
 Analyzing entries 22211 - 22241, now 22233 , sum entries = 30015 . . . Used time: 0s Expected left time: 0s          
 Analyzing entries 22211 - 22241, now 22234 , sum entries = 30015 . . . Used time: 0s Expected left time: 0s          
 Analyzing entries 22211 - 22241, now 22235 , sum entries = 30015 . . . Used time: 0s Expected left time: 0s          
 Analyzing entries 22211 - 22241, now 22236 , sum entries = 30015 . . . Used time: 0s Expected left time: 0s          
 Analyzing entries 22211 - 22241, now 22237 , sum entries = 30015 . . . Used time: 0s Expected left time: 0s          
 Analyzing entries 22211 - 22241, now 22238 , sum entries = 30015 . . . Used time: 0s Expected left time: 0s          
 Analyzing entries 22211 - 22241, now 22239 , sum entries = 30015 . . . Used time: 0s Expected left time: 0s          
 Analyzing entries 22211 - 22241, now 22240 , sum entries = 30015 . . . Used time: 0s Expected left time: 0s          
 Save to RootFile /extdisk/zlin/Machine_learning/RecoPlanesFeatures/CMS_herwig_HT1000to1500-preVFP_jinitpt450_600_j2pt80_120Reco/Chunk74_Part0.root . . . Used time: 0s Expected left time: 0s          
 Save to RootFile /extdisk/zlin/Machine_learning/RecoPlanesFeatures/CMS_herwig_HT1000to1500-preVFP_jinitpt450_600_j2pt80_120Reco/Chunk74_Part0.root . . . Used time: 0s Expected left time: 0s          
 Analyzing entries 22241 - 22271, now 22241 , sum entries = 30015 . . . Used time: 0s Expected left time: 0s          
 Analyzing entries 22241 - 22271, now 22242 , sum entries = 30015 . . . Used time: 0s Expected left time: 0s          
 Analyzing entries 22241 - 22271, now 22243 , sum entries = 30015 . . . Used time: 0s Expected left time: 0s          
 Analyzing entries 22241 - 22271, now 22244 , sum entries = 30015 . . . Used time: 0s Expected left time: 0s          
 Analyzing entries 22241 - 22271, now 22245 , sum entries = 30015 . . . Used time: 0s Expected left time: 0s          
 Analyzing entries 22241 - 22271, now 22246 , sum entries = 30015 . . . Used time: 0s Expected left time: 0s          
 Analyzing entries 22241 - 22271, now 22247 , sum entries = 30015 . . . Used time: 0s Expected left time: 0s          
 Analyzing entries 22241 - 22271, now 22248 , sum entries = 30015 . . . Used time: 0s Expected left time: 0s          
 Analyzing entries 22241 - 22271, now 22249 , sum entries = 30015 . . . Used time: 0s Expected left time: 0s          
 Analyzing entries 22241 - 22271, now 22250 , sum entries = 30015 . . . Used time: 0s Expected left time: 0s          
 Analyzing entries 22241 - 22271, now 22251 , sum entries = 30015 . . . Used time: 0s Expected left time: 0s          
 Analyzing entries 22241 - 22271, now 22252 , sum entries = 30015 . . . Used time: 0s Expected left time: 0s          
 Analyzing entries 22241 - 22271, now 22253 , sum entries = 30015 . . . Used time: 0s Expected left time: 0s          
 Analyzing entries 22241 - 22271, now 22254 , sum entries = 30015 . . . Used time: 0s Expected left time: 0s          
 Analyzing entries 22241 - 22271, now 22255 , sum entries = 30015 . . . Used time: 0s Expected left time: 0s          
 Analyzing entries 22241 - 22271, now 22256 , sum entries = 30015 . . . Used time: 0s Expected left time: 0s          
 Analyzing entries 22241 - 22271, now 22257 , sum entries = 30015 . . . Used time: 0s Expected left time: 0s          
 Analyzing entries 22241 - 22271, now 22258 , sum entries = 30015 . . . Used time: 0s Expected left time: 0s          
 Analyzing entries 22241 - 22271, now 22259 , sum entries = 30015 . . . Used time: 0s Expected left time: 0s          
 Analyzing entries 22241 - 22271, now 22260 , sum entries = 30015 . . . Used time: 0s Expected left time: 0s          
 Analyzing entries 22241 - 22271, now 22261 , sum entries = 30015 . . . Used time: 0s Expected left time: 0s          
 Analyzing entries 22241 - 22271, now 22262 , sum entries = 30015 . . . Used time: 0s Expected left time: 0s          
 Analyzing entries 22241 - 22271, now 22263 , sum entries = 30015 . . . Used time: 0s Expected left time: 0s          
 Analyzing entries 22241 - 22271, now 22264 , sum entries = 30015 . . . Used time: 0s Expected left time: 0s          
 Analyzing entries 22241 - 22271, now 22265 , sum entries = 30015 . . . Used time: 0s Expected left time: 0s          
 Analyzing entries 22241 - 22271, now 22266 , sum entries = 30015 . . . Used time: 0s Expected left time: 0s          
 Analyzing entries 22241 - 22271, now 22267 , sum entries = 30015 . . . Used time: 0s Expected left time: 0s          
 Analyzing entries 22241 - 22271, now 22268 , sum entries = 30015 . . . Used time: 0s Expected left time: 0s          
 Analyzing entries 22241 - 22271, now 22269 , sum entries = 30015 . . . Used time: 0s Expected left time: 0s          
 Analyzing entries 22241 - 22271, now 22270 , sum entries = 30015 . . . Used time: 0s Expected left time: 0s          
 Save to RootFile /extdisk/zlin/Machine_learning/RecoPlanesFeatures/CMS_herwig_HT1000to1500-preVFP_jinitpt450_600_j2pt80_120Reco/Chunk74_Part1.root . . . Used time: 0s Expected left time: 0s          
 Save to RootFile /extdisk/zlin/Machine_learning/RecoPlanesFeatures/CMS_herwig_HT1000to1500-preVFP_jinitpt450_600_j2pt80_120Reco/Chunk74_Part1.root . . . Used time: 0s Expected left time: 0s          
 Save to RootFile /extdisk/zlin/Machine_learning/RecoPlanesFeatures/CMS_herwig_HT1000to1500-preVFP_jinitpt450_600_j2pt80_120Reco/Chunk74_Part1.root . . . Used time: 0s Expected left time: 0s          
 Save to RootFile /extdisk/zlin/Machine_learning/RecoPlanesFeatures/CMS_herwig_HT1000to1500-preVFP_jinitpt450_600_j2pt80_120Reco/Chunk74_Part1.root . . . Used time: 0s Expected left time: 0s          
 Analyzing entries 22271 - 22301, now 22271 , sum entries = 30015 . . . Used time: 0s Expected left time: 0s          
 Analyzing entries 22271 - 22301, now 22272 , sum entries = 30015 . . . Used time: 0s Expected left time: 0s          
 Analyzing entries 22271 - 22301, now 22273 , sum entries = 30015 . . . Used time: 0s Expected left time: 0s          
 Analyzing entries 22271 - 22301, now 22274 , sum entries = 30015 . . . Used time: 0s Expected left time: 0s          
 Analyzing entries 22271 - 22301, now 22275 , sum entries = 30015 . . . Used time: 0s Expected left time: 0s          
 Analyzing entries 22271 - 22301, now 22276 , sum entries = 30015 . . . Used time: 0s Expected left time: 0s          
 Analyzing entries 22271 - 22301, now 22277 , sum entries = 30015 . . . Used time: 0s Expected left time: 0s          
 Analyzing entries 22271 - 22301, now 22278 , sum entries = 30015 . . . Used time: 0s Expected left time: 0s          
 Analyzing entries 22271 - 22301, now 22279 , sum entries = 30015 . . . Used time: 0s Expected left time: 0s          
 Analyzing entries 22271 - 22301, now 22280 , sum entries = 30015 . . . Used time: 0s Expected left time: 0s          
 Analyzing entries 22271 - 22301, now 22281 , sum entries = 30015 . . . Used time: 0s Expected left time: 0s          
 Analyzing entries 22271 - 22301, now 22282 , sum entries = 30015 . . . Used time: 0s Expected left time: 0s          
 Analyzing entries 22271 - 22301, now 22283 , sum entries = 30015 . . . Used time: 0s Expected left time: 0s          
 Analyzing entries 22271 - 22301, now 22284 , sum entries = 30015 . . . Used time: 0s Expected left time: 0s          
 Analyzing entries 22271 - 22301, now 22285 , sum entries = 30015 . . . Used time: 0s Expected left time: 0s          
 Analyzing entries 22271 - 22301, now 22286 , sum entries = 30015 . . . Used time: 0s Expected left time: 0s          
 Analyzing entries 22271 - 22301, now 22287 , sum entries = 30015 . . . Used time: 0s Expected left time: 0s          
 Analyzing entries 22271 - 22301, now 22288 , sum entries = 30015 . . . Used time: 0s Expected left time: 0s          
 Analyzing entries 22271 - 22301, now 22289 , sum entries = 30015 . . . Used time: 0s Expected left time: 0s          
 Analyzing entries 22271 - 22301, now 22290 , sum entries = 30015 . . . Used time: 0s Expected left time: 0s          
 Analyzing entries 22271 - 22301, now 22291 , sum entries = 30015 . . . Used time: 0s Expected left time: 0s          
 Analyzing entries 22271 - 22301, now 22292 , sum entries = 30015 . . . Used time: 0s Expected left time: 0s          
 Analyzing entries 22271 - 22301, now 22293 , sum entries = 30015 . . . Used time: 0s Expected left time: 0s          
 Analyzing entries 22271 - 22301, now 22294 , sum entries = 30015 . . . Used time: 0s Expected left time: 0s          
 Analyzing entries 22271 - 22301, now 22295 , sum entries = 30015 . . . Used time: 0s Expected left time: 0s          
 Analyzing entries 22271 - 22301, now 22296 , sum entries = 30015 . . . Used time: 0s Expected left time: 0s          
 Analyzing entries 22271 - 22301, now 22297 , sum entries = 30015 . . . Used time: 0s Expected left time: 0s          
 Analyzing entries 22271 - 22301, now 22298 , sum entries = 30015 . . . Used time: 0s Expected left time: 0s          
 Analyzing entries 22271 - 22301, now 22299 , sum entries = 30015 . . . Used time: 0s Expected left time: 0s          
 Analyzing entries 22271 - 22301, now 22300 , sum entries = 30015 . . . Used time: 0s Expected left time: 0s          
 Save to RootFile /extdisk/zlin/Machine_learning/RecoPlanesFeatures/CMS_herwig_HT1000to1500-preVFP_jinitpt450_600_j2pt80_120Reco/Chunk74_Part2.root . . . Used time: 0s Expected left time: 0s          
 Save to RootFile /extdisk/zlin/Machine_learning/RecoPlanesFeatures/CMS_herwig_HT1000to1500-preVFP_jinitpt450_600_j2pt80_120Reco/Chunk74_Part2.root . . . Used time: 0s Expected left time: 0s          
 Analyzing entries 22301 - 22331, now 22301 , sum entries = 30015 . . . Used time: 0s Expected left time: 0s          
 Analyzing entries 22301 - 22331, now 22302 , sum entries = 30015 . . . Used time: 0s Expected left time: 0s          
 Analyzing entries 22301 - 22331, now 22303 , sum entries = 30015 . . . Used time: 0s Expected left time: 0s          
 Analyzing entries 22301 - 22331, now 22304 , sum entries = 30015 . . . Used time: 0s Expected left time: 0s          
 Analyzing entries 22301 - 22331, now 22305 , sum entries = 30015 . . . Used time: 0s Expected left time: 0s          
 Analyzing entries 22301 - 22331, now 22306 , sum entries = 30015 . . . Used time: 0s Expected left time: 0s          
 Analyzing entries 22301 - 22331, now 22307 , sum entries = 30015 . . . Used time: 0s Expected left time: 0s          
 Analyzing entries 22301 - 22331, now 22308 , sum entries = 30015 . . . Used time: 0s Expected left time: 0s          
 Analyzing entries 22301 - 22331, now 22309 , sum entries = 30015 . . . Used time: 0s Expected left time: 0s          
 Analyzing entries 22301 - 22331, now 22310 , sum entries = 30015 . . . Used time: 0s Expected left time: 0s          
 Analyzing entries 22301 - 22331, now 22311 , sum entries = 30015 . . . Used time: 0s Expected left time: 0s          
 Analyzing entries 22301 - 22331, now 22312 , sum entries = 30015 . . . Used time: 0s Expected left time: 0s          
 Analyzing entries 22301 - 22331, now 22313 , sum entries = 30015 . . . Used time: 0s Expected left time: 0s          
 Analyzing entries 22301 - 22331, now 22314 , sum entries = 30015 . . . Used time: 0s Expected left time: 0s          
 Analyzing entries 22301 - 22331, now 22315 , sum entries = 30015 . . . Used time: 0s Expected left time: 0s          
 Analyzing entries 22301 - 22331, now 22316 , sum entries = 30015 . . . Used time: 0s Expected left time: 0s          
 Analyzing entries 22301 - 22331, now 22317 , sum entries = 30015 . . . Used time: 0s Expected left time: 0s          
 Analyzing entries 22301 - 22331, now 22318 , sum entries = 30015 . . . Used time: 0s Expected left time: 0s          
 Analyzing entries 22301 - 22331, now 22319 , sum entries = 30015 . . . Used time: 0s Expected left time: 0s          
 Analyzing entries 22301 - 22331, now 22320 , sum entries = 30015 . . . Used time: 0s Expected left time: 0s          
 Analyzing entries 22301 - 22331, now 22321 , sum entries = 30015 . . . Used time: 0s Expected left time: 0s          
 Analyzing entries 22301 - 22331, now 22322 , sum entries = 30015 . . . Used time: 0s Expected left time: 0s          
 Analyzing entries 22301 - 22331, now 22323 , sum entries = 30015 . . . Used time: 0s Expected left time: 0s          
 Analyzing entries 22301 - 22331, now 22324 , sum entries = 30015 . . . Used time: 0s Expected left time: 0s          
 Analyzing entries 22301 - 22331, now 22325 , sum entries = 30015 . . . Used time: 0s Expected left time: 0s          
 Analyzing entries 22301 - 22331, now 22326 , sum entries = 30015 . . . Used time: 0s Expected left time: 0s          
 Analyzing entries 22301 - 22331, now 22327 , sum entries = 30015 . . . Used time: 0s Expected left time: 0s          
 Analyzing entries 22301 - 22331, now 22328 , sum entries = 30015 . . . Used time: 0s Expected left time: 0s          
 Analyzing entries 22301 - 22331, now 22329 , sum entries = 30015 . . . Used time: 0s Expected left time: 0s          
 Analyzing entries 22301 - 22331, now 22330 , sum entries = 30015 . . . Used time: 0s Expected left time: 0s          
 Save to RootFile /extdisk/zlin/Machine_learning/RecoPlanesFeatures/CMS_herwig_HT1000to1500-preVFP_jinitpt450_600_j2pt80_120Reco/Chunk74_Part3.root . . . Used time: 0s Expected left time: 0s          
 Save to RootFile /extdisk/zlin/Machine_learning/RecoPlanesFeatures/CMS_herwig_HT1000to1500-preVFP_jinitpt450_600_j2pt80_120Reco/Chunk74_Part3.root . . . Used time: 0s Expected left time: 0s          
 Analyzing entries 22331 - 22361, now 22331 , sum entries = 30015 . . . Used time: 0s Expected left time: 0s          
 Analyzing entries 22331 - 22361, now 22332 , sum entries = 30015 . . . Used time: 0s Expected left time: 0s          
 Analyzing entries 22331 - 22361, now 22333 , sum entries = 30015 . . . Used time: 0s Expected left time: 0s          
 Analyzing entries 22331 - 22361, now 22334 , sum entries = 30015 . . . Used time: 0s Expected left time: 0s          
 Analyzing entries 22331 - 22361, now 22335 , sum entries = 30015 . . . Used time: 0s Expected left time: 0s          
 Analyzing entries 22331 - 22361, now 22336 , sum entries = 30015 . . . Used time: 0s Expected left time: 0s          
 Analyzing entries 22331 - 22361, now 22337 , sum entries = 30015 . . . Used time: 0s Expected left time: 0s          
 Analyzing entries 22331 - 22361, now 22338 , sum entries = 30015 . . . Used time: 0s Expected left time: 0s          
 Analyzing entries 22331 - 22361, now 22339 , sum entries = 30015 . . . Used time: 0s Expected left time: 0s          
 Analyzing entries 22331 - 22361, now 22340 , sum entries = 30015 . . . Used time: 0s Expected left time: 0s          
 Analyzing entries 22331 - 22361, now 22341 , sum entries = 30015 . . . Used time: 0s Expected left time: 0s          
 Analyzing entries 22331 - 22361, now 22342 , sum entries = 30015 . . . Used time: 0s Expected left time: 0s          
 Analyzing entries 22331 - 22361, now 22343 , sum entries = 30015 . . . Used time: 0s Expected left time: 0s          
 Analyzing entries 22331 - 22361, now 22344 , sum entries = 30015 . . . Used time: 0s Expected left time: 0s          
 Analyzing entries 22331 - 22361, now 22345 , sum entries = 30015 . . . Used time: 0s Expected left time: 0s          
 Analyzing entries 22331 - 22361, now 22346 , sum entries = 30015 . . . Used time: 0s Expected left time: 0s          
 Analyzing entries 22331 - 22361, now 22347 , sum entries = 30015 . . . Used time: 0s Expected left time: 0s          
 Analyzing entries 22331 - 22361, now 22348 , sum entries = 30015 . . . Used time: 0s Expected left time: 0s          
 Analyzing entries 22331 - 22361, now 22349 , sum entries = 30015 . . . Used time: 0s Expected left time: 0s          
 Analyzing entries 22331 - 22361, now 22350 , sum entries = 30015 . . . Used time: 0s Expected left time: 0s          
 Analyzing entries 22331 - 22361, now 22351 , sum entries = 30015 . . . Used time: 0s Expected left time: 0s          
 Analyzing entries 22331 - 22361, now 22352 , sum entries = 30015 . . . Used time: 0s Expected left time: 0s          
 Analyzing entries 22331 - 22361, now 22353 , sum entries = 30015 . . . Used time: 0s Expected left time: 0s          
 Analyzing entries 22331 - 22361, now 22354 , sum entries = 30015 . . . Used time: 0s Expected left time: 0s          
 Analyzing entries 22331 - 22361, now 22355 , sum entries = 30015 . . . Used time: 0s Expected left time: 0s          
 Analyzing entries 22331 - 22361, now 22356 , sum entries = 30015 . . . Used time: 0s Expected left time: 0s          
 Analyzing entries 22331 - 22361, now 22357 , sum entries = 30015 . . . Used time: 0s Expected left time: 0s          
 Analyzing entries 22331 - 22361, now 22358 , sum entries = 30015 . . . Used time: 0s Expected left time: 0s          
 Analyzing entries 22331 - 22361, now 22359 , sum entries = 30015 . . . Used time: 0s Expected left time: 0s          
 Analyzing entries 22331 - 22361, now 22360 , sum entries = 30015 . . . Used time: 0s Expected left time: 0s          
 Save to RootFile /extdisk/zlin/Machine_learning/RecoPlanesFeatures/CMS_herwig_HT1000to1500-preVFP_jinitpt450_600_j2pt80_120Reco/Chunk74_Part4.root . . . Used time: 0s Expected left time: 0s          
 Save to RootFile /extdisk/zlin/Machine_learning/RecoPlanesFeatures/CMS_herwig_HT1000to1500-preVFP_jinitpt450_600_j2pt80_120Reco/Chunk74_Part4.root . . . Used time: 0s Expected left time: 0s          
 Save to RootFile /extdisk/zlin/Machine_learning/RecoPlanesFeatures/CMS_herwig_HT1000to1500-preVFP_jinitpt450_600_j2pt80_120Reco/Chunk74_Part4.root . . . Used time: 0s Expected left time: 0s          
 Save to RootFile /extdisk/zlin/Machine_learning/RecoPlanesFeatures/CMS_herwig_HT1000to1500-preVFP_jinitpt450_600_j2pt80_120Reco/Chunk74_Part4.root . . . Used time: 0s Expected left time: 0s          
 Analyzing entries 22361 - 22391, now 22361 , sum entries = 30015 . . . Used time: 0s Expected left time: 0s          
 Analyzing entries 22361 - 22391, now 22362 , sum entries = 30015 . . . Used time: 0s Expected left time: 0s          
 Analyzing entries 22361 - 22391, now 22363 , sum entries = 30015 . . . Used time: 0s Expected left time: 0s          
 Analyzing entries 22361 - 22391, now 22364 , sum entries = 30015 . . . Used time: 0s Expected left time: 0s          
 Analyzing entries 22361 - 22391, now 22365 , sum entries = 30015 . . . Used time: 0s Expected left time: 0s          
 Analyzing entries 22361 - 22391, now 22366 , sum entries = 30015 . . . Used time: 0s Expected left time: 0s          
 Analyzing entries 22361 - 22391, now 22367 , sum entries = 30015 . . . Used time: 0s Expected left time: 0s          
 Analyzing entries 22361 - 22391, now 22368 , sum entries = 30015 . . . Used time: 0s Expected left time: 0s          
 Analyzing entries 22361 - 22391, now 22369 , sum entries = 30015 . . . Used time: 0s Expected left time: 0s          
 Analyzing entries 22361 - 22391, now 22370 , sum entries = 30015 . . . Used time: 0s Expected left time: 0s          
 Analyzing entries 22361 - 22391, now 22371 , sum entries = 30015 . . . Used time: 0s Expected left time: 0s          
 Analyzing entries 22361 - 22391, now 22372 , sum entries = 30015 . . . Used time: 0s Expected left time: 0s          
 Analyzing entries 22361 - 22391, now 22373 , sum entries = 30015 . . . Used time: 0s Expected left time: 0s          
 Analyzing entries 22361 - 22391, now 22374 , sum entries = 30015 . . . Used time: 0s Expected left time: 0s          
 Analyzing entries 22361 - 22391, now 22375 , sum entries = 30015 . . . Used time: 0s Expected left time: 0s          
 Analyzing entries 22361 - 22391, now 22376 , sum entries = 30015 . . . Used time: 0s Expected left time: 0s          
 Analyzing entries 22361 - 22391, now 22377 , sum entries = 30015 . . . Used time: 0s Expected left time: 0s          
 Analyzing entries 22361 - 22391, now 22378 , sum entries = 30015 . . . Used time: 0s Expected left time: 0s          
 Analyzing entries 22361 - 22391, now 22379 , sum entries = 30015 . . . Used time: 0s Expected left time: 0s          
 Analyzing entries 22361 - 22391, now 22380 , sum entries = 30015 . . . Used time: 0s Expected left time: 0s          
 Analyzing entries 22361 - 22391, now 22381 , sum entries = 30015 . . . Used time: 0s Expected left time: 0s          
 Analyzing entries 22361 - 22391, now 22382 , sum entries = 30015 . . . Used time: 0s Expected left time: 0s          
 Analyzing entries 22361 - 22391, now 22383 , sum entries = 30015 . . . Used time: 0s Expected left time: 0s          
 Analyzing entries 22361 - 22391, now 22384 , sum entries = 30015 . . . Used time: 0s Expected left time: 0s          
 Analyzing entries 22361 - 22391, now 22385 , sum entries = 30015 . . . Used time: 0s Expected left time: 0s          
 Analyzing entries 22361 - 22391, now 22386 , sum entries = 30015 . . . Used time: 0s Expected left time: 0s          
 Analyzing entries 22361 - 22391, now 22387 , sum entries = 30015 . . . Used time: 0s Expected left time: 0s          
 Analyzing entries 22361 - 22391, now 22388 , sum entries = 30015 . . . Used time: 0s Expected left time: 0s          
 Analyzing entries 22361 - 22391, now 22389 , sum entries = 30015 . . . Used time: 0s Expected left time: 0s          
 Analyzing entries 22361 - 22391, now 22390 , sum entries = 30015 . . . Used time: 0s Expected left time: 0s          
 Save to RootFile /extdisk/zlin/Machine_learning/RecoPlanesFeatures/CMS_herwig_HT1000to1500-preVFP_jinitpt450_600_j2pt80_120Reco/Chunk74_Part5.root . . . Used time: 0s Expected left time: 0s          
 Save to RootFile /extdisk/zlin/Machine_learning/RecoPlanesFeatures/CMS_herwig_HT1000to1500-preVFP_jinitpt450_600_j2pt80_120Reco/Chunk74_Part5.root . . . Used time: 0s Expected left time: 0s          
 Save to RootFile /extdisk/zlin/Machine_learning/RecoPlanesFeatures/CMS_herwig_HT1000to1500-preVFP_jinitpt450_600_j2pt80_120Reco/Chunk74_Part5.root . . . Used time: 0s Expected left time: 0s          
 Save to RootFile /extdisk/zlin/Machine_learning/RecoPlanesFeatures/CMS_herwig_HT1000to1500-preVFP_jinitpt450_600_j2pt80_120Reco/Chunk74_Part5.root . . . Used time: 0s Expected left time: 0s          
 Save to RootFile /extdisk/zlin/Machine_learning/RecoPlanesFeatures/CMS_herwig_HT1000to1500-preVFP_jinitpt450_600_j2pt80_120Reco/Chunk74_Part5.root . . . Used time: 0s Expected left time: 0s          
 Save to RootFile /extdisk/zlin/Machine_learning/RecoPlanesFeatures/CMS_herwig_HT1000to1500-preVFP_jinitpt450_600_j2pt80_120Reco/Chunk74_Part5.root . . . Used time: 0s Expected left time: 0s          
 Save to RootFile /extdisk/zlin/Machine_learning/RecoPlanesFeatures/CMS_herwig_HT1000to1500-preVFP_jinitpt450_600_j2pt80_120Reco/Chunk74_Part5.root . . . Used time: 0s Expected left time: 0s          
 Save to RootFile /extdisk/zlin/Machine_learning/RecoPlanesFeatures/CMS_herwig_HT1000to1500-preVFP_jinitpt450_600_j2pt80_120Reco/Chunk74_Part5.root . . . Used time: 0s Expected left time: 0s          
 Analyzing entries 22391 - 22421, now 22391 , sum entries = 30015 . . . Used time: 0s Expected left time: 0s          
 Analyzing entries 22391 - 22421, now 22392 , sum entries = 30015 . . . Used time: 0s Expected left time: 0s          
 Analyzing entries 22391 - 22421, now 22393 , sum entries = 30015 . . . Used time: 0s Expected left time: 0s          
 Analyzing entries 22391 - 22421, now 22394 , sum entries = 30015 . . . Used time: 0s Expected left time: 0s          
 Analyzing entries 22391 - 22421, now 22395 , sum entries = 30015 . . . Used time: 0s Expected left time: 0s          
 Analyzing entries 22391 - 22421, now 22396 , sum entries = 30015 . . . Used time: 0s Expected left time: 0s          
 Analyzing entries 22391 - 22421, now 22397 , sum entries = 30015 . . . Used time: 0s Expected left time: 0s          
 Analyzing entries 22391 - 22421, now 22398 , sum entries = 30015 . . . Used time: 0s Expected left time: 0s          
 Analyzing entries 22391 - 22421, now 22399 , sum entries = 30015 . . . Used time: 0s Expected left time: 0s          
 Analyzing entries 22391 - 22421, now 22400 , sum entries = 30015 . . . Used time: 0s Expected left time: 0s          
 Analyzing entries 22391 - 22421, now 22401 , sum entries = 30015 . . . Used time: 0s Expected left time: 0s          
 Analyzing entries 22391 - 22421, now 22402 , sum entries = 30015 . . . Used time: 0s Expected left time: 0s          
 Analyzing entries 22391 - 22421, now 22403 , sum entries = 30015 . . . Used time: 0s Expected left time: 0s          
 Analyzing entries 22391 - 22421, now 22404 , sum entries = 30015 . . . Used time: 0s Expected left time: 0s          
 Analyzing entries 22391 - 22421, now 22405 , sum entries = 30015 . . . Used time: 0s Expected left time: 0s          
 Analyzing entries 22391 - 22421, now 22406 , sum entries = 30015 . . . Used time: 0s Expected left time: 0s          
 Analyzing entries 22391 - 22421, now 22407 , sum entries = 30015 . . . Used time: 0s Expected left time: 0s          
 Analyzing entries 22391 - 22421, now 22408 , sum entries = 30015 . . . Used time: 0s Expected left time: 0s          
 Analyzing entries 22391 - 22421, now 22409 , sum entries = 30015 . . . Used time: 0s Expected left time: 0s          
 Analyzing entries 22391 - 22421, now 22410 , sum entries = 30015 . . . Used time: 0s Expected left time: 0s          
 Analyzing entries 22391 - 22421, now 22411 , sum entries = 30015 . . . Used time: 0s Expected left time: 0s          
 Analyzing entries 22391 - 22421, now 22412 , sum entries = 30015 . . . Used time: 0s Expected left time: 0s          
 Analyzing entries 22391 - 22421, now 22413 , sum entries = 30015 . . . Used time: 0s Expected left time: 0s          
 Analyzing entries 22391 - 22421, now 22414 , sum entries = 30015 . . . Used time: 0s Expected left time: 0s          
 Analyzing entries 22391 - 22421, now 22415 , sum entries = 30015 . . . Used time: 0s Expected left time: 0s          
 Analyzing entries 22391 - 22421, now 22416 , sum entries = 30015 . . . Used time: 0s Expected left time: 0s          
 Analyzing entries 22391 - 22421, now 22417 , sum entries = 30015 . . . Used time: 0s Expected left time: 0s          
 Analyzing entries 22391 - 22421, now 22418 , sum entries = 30015 . . . Used time: 0s Expected left time: 0s          
 Analyzing entries 22391 - 22421, now 22419 , sum entries = 30015 . . . Used time: 0s Expected left time: 0s          
 Analyzing entries 22391 - 22421, now 22420 , sum entries = 30015 . . . Used time: 0s Expected left time: 0s          
 Save to RootFile /extdisk/zlin/Machine_learning/RecoPlanesFeatures/CMS_herwig_HT1000to1500-preVFP_jinitpt450_600_j2pt80_120Reco/Chunk74_Part6.root . . . Used time: 0s Expected left time: 0s          
 Save to RootFile /extdisk/zlin/Machine_learning/RecoPlanesFeatures/CMS_herwig_HT1000to1500-preVFP_jinitpt450_600_j2pt80_120Reco/Chunk74_Part6.root . . . Used time: 0s Expected left time: 0s          
 Save to RootFile /extdisk/zlin/Machine_learning/RecoPlanesFeatures/CMS_herwig_HT1000to1500-preVFP_jinitpt450_600_j2pt80_120Reco/Chunk74_Part6.root . . . Used time: 0s Expected left time: 0s          
 Save to RootFile /extdisk/zlin/Machine_learning/RecoPlanesFeatures/CMS_herwig_HT1000to1500-preVFP_jinitpt450_600_j2pt80_120Reco/Chunk74_Part6.root . . . Used time: 0s Expected left time: 0s          
 Analyzing entries 22421 - 22451, now 22421 , sum entries = 30015 . . . Used time: 0s Expected left time: 0s          
 Analyzing entries 22421 - 22451, now 22422 , sum entries = 30015 . . . Used time: 0s Expected left time: 0s          
 Analyzing entries 22421 - 22451, now 22423 , sum entries = 30015 . . . Used time: 0s Expected left time: 0s          
 Analyzing entries 22421 - 22451, now 22424 , sum entries = 30015 . . . Used time: 0s Expected left time: 0s          
 Analyzing entries 22421 - 22451, now 22425 , sum entries = 30015 . . . Used time: 0s Expected left time: 0s          
 Analyzing entries 22421 - 22451, now 22426 , sum entries = 30015 . . . Used time: 0s Expected left time: 0s          
 Analyzing entries 22421 - 22451, now 22427 , sum entries = 30015 . . . Used time: 0s Expected left time: 0s          
 Analyzing entries 22421 - 22451, now 22428 , sum entries = 30015 . . . Used time: 0s Expected left time: 0s          
 Analyzing entries 22421 - 22451, now 22429 , sum entries = 30015 . . . Used time: 0s Expected left time: 0s          
 Analyzing entries 22421 - 22451, now 22430 , sum entries = 30015 . . . Used time: 0s Expected left time: 0s          
 Analyzing entries 22421 - 22451, now 22431 , sum entries = 30015 . . . Used time: 0s Expected left time: 0s          
 Analyzing entries 22421 - 22451, now 22432 , sum entries = 30015 . . . Used time: 0s Expected left time: 0s          
 Analyzing entries 22421 - 22451, now 22433 , sum entries = 30015 . . . Used time: 0s Expected left time: 0s          
 Analyzing entries 22421 - 22451, now 22434 , sum entries = 30015 . . . Used time: 0s Expected left time: 0s          
 Analyzing entries 22421 - 22451, now 22435 , sum entries = 30015 . . . Used time: 0s Expected left time: 0s          
 Analyzing entries 22421 - 22451, now 22436 , sum entries = 30015 . . . Used time: 0s Expected left time: 0s          
 Analyzing entries 22421 - 22451, now 22437 , sum entries = 30015 . . . Used time: 0s Expected left time: 0s          
 Analyzing entries 22421 - 22451, now 22438 , sum entries = 30015 . . . Used time: 0s Expected left time: 0s          
 Analyzing entries 22421 - 22451, now 22439 , sum entries = 30015 . . . Used time: 0s Expected left time: 0s          
 Analyzing entries 22421 - 22451, now 22440 , sum entries = 30015 . . . Used time: 0s Expected left time: 0s          
 Analyzing entries 22421 - 22451, now 22441 , sum entries = 30015 . . . Used time: 0s Expected left time: 0s          
 Analyzing entries 22421 - 22451, now 22442 , sum entries = 30015 . . . Used time: 0s Expected left time: 0s          
 Analyzing entries 22421 - 22451, now 22443 , sum entries = 30015 . . . Used time: 0s Expected left time: 0s          
 Analyzing entries 22421 - 22451, now 22444 , sum entries = 30015 . . . Used time: 0s Expected left time: 0s          
 Analyzing entries 22421 - 22451, now 22445 , sum entries = 30015 . . . Used time: 0s Expected left time: 0s          
 Analyzing entries 22421 - 22451, now 22446 , sum entries = 30015 . . . Used time: 0s Expected left time: 0s          
 Analyzing entries 22421 - 22451, now 22447 , sum entries = 30015 . . . Used time: 0s Expected left time: 0s          
 Analyzing entries 22421 - 22451, now 22448 , sum entries = 30015 . . . Used time: 0s Expected left time: 0s          
 Analyzing entries 22421 - 22451, now 22449 , sum entries = 30015 . . . Used time: 0s Expected left time: 0s          
 Analyzing entries 22421 - 22451, now 22450 , sum entries = 30015 . . . Used time: 0s Expected left time: 0s          
 Save to RootFile /extdisk/zlin/Machine_learning/RecoPlanesFeatures/CMS_herwig_HT1000to1500-preVFP_jinitpt450_600_j2pt80_120Reco/Chunk74_Part7.root . . . Used time: 0s Expected left time: 0s          
 Save to RootFile /extdisk/zlin/Machine_learning/RecoPlanesFeatures/CMS_herwig_HT1000to1500-preVFP_jinitpt450_600_j2pt80_120Reco/Chunk74_Part7.root . . . Used time: 0s Expected left time: 0s          
 Save to RootFile /extdisk/zlin/Machine_learning/RecoPlanesFeatures/CMS_herwig_HT1000to1500-preVFP_jinitpt450_600_j2pt80_120Reco/Chunk74_Part7.root . . . Used time: 0s Expected left time: 0s          
 Save to RootFile /extdisk/zlin/Machine_learning/RecoPlanesFeatures/CMS_herwig_HT1000to1500-preVFP_jinitpt450_600_j2pt80_120Reco/Chunk74_Part7.root . . . Used time: 0s Expected left time: 0s          
 Save to RootFile /extdisk/zlin/Machine_learning/RecoPlanesFeatures/CMS_herwig_HT1000to1500-preVFP_jinitpt450_600_j2pt80_120Reco/Chunk74_Part7.root . . . Used time: 0s Expected left time: 0s          
 Analyzing entries 22451 - 22481, now 22451 , sum entries = 30015 . . . Used time: 0s Expected left time: 0s          
 Analyzing entries 22451 - 22481, now 22452 , sum entries = 30015 . . . Used time: 0s Expected left time: 0s          
 Analyzing entries 22451 - 22481, now 22453 , sum entries = 30015 . . . Used time: 0s Expected left time: 0s          
 Analyzing entries 22451 - 22481, now 22454 , sum entries = 30015 . . . Used time: 0s Expected left time: 0s          
 Analyzing entries 22451 - 22481, now 22455 , sum entries = 30015 . . . Used time: 0s Expected left time: 0s          
 Analyzing entries 22451 - 22481, now 22456 , sum entries = 30015 . . . Used time: 0s Expected left time: 0s          
 Analyzing entries 22451 - 22481, now 22457 , sum entries = 30015 . . . Used time: 0s Expected left time: 0s          
 Analyzing entries 22451 - 22481, now 22458 , sum entries = 30015 . . . Used time: 0s Expected left time: 0s          
 Analyzing entries 22451 - 22481, now 22459 , sum entries = 30015 . . . Used time: 0s Expected left time: 0s          
 Analyzing entries 22451 - 22481, now 22460 , sum entries = 30015 . . . Used time: 0s Expected left time: 0s          
 Analyzing entries 22451 - 22481, now 22461 , sum entries = 30015 . . . Used time: 0s Expected left time: 0s          
 Analyzing entries 22451 - 22481, now 22462 , sum entries = 30015 . . . Used time: 0s Expected left time: 0s          
 Analyzing entries 22451 - 22481, now 22463 , sum entries = 30015 . . . Used time: 0s Expected left time: 0s          
 Analyzing entries 22451 - 22481, now 22464 , sum entries = 30015 . . . Used time: 0s Expected left time: 0s          
 Analyzing entries 22451 - 22481, now 22465 , sum entries = 30015 . . . Used time: 0s Expected left time: 0s          
 Analyzing entries 22451 - 22481, now 22466 , sum entries = 30015 . . . Used time: 0s Expected left time: 0s          
 Analyzing entries 22451 - 22481, now 22467 , sum entries = 30015 . . . Used time: 0s Expected left time: 0s          
 Analyzing entries 22451 - 22481, now 22468 , sum entries = 30015 . . . Used time: 0s Expected left time: 0s          
 Analyzing entries 22451 - 22481, now 22469 , sum entries = 30015 . . . Used time: 0s Expected left time: 0s          
 Analyzing entries 22451 - 22481, now 22470 , sum entries = 30015 . . . Used time: 0s Expected left time: 0s          
 Analyzing entries 22451 - 22481, now 22471 , sum entries = 30015 . . . Used time: 0s Expected left time: 0s          
 Analyzing entries 22451 - 22481, now 22472 , sum entries = 30015 . . . Used time: 0s Expected left time: 0s          
 Analyzing entries 22451 - 22481, now 22473 , sum entries = 30015 . . . Used time: 0s Expected left time: 0s          
 Analyzing entries 22451 - 22481, now 22474 , sum entries = 30015 . . . Used time: 0s Expected left time: 0s          
 Analyzing entries 22451 - 22481, now 22475 , sum entries = 30015 . . . Used time: 0s Expected left time: 0s          
 Analyzing entries 22451 - 22481, now 22476 , sum entries = 30015 . . . Used time: 0s Expected left time: 0s          
 Analyzing entries 22451 - 22481, now 22477 , sum entries = 30015 . . . Used time: 0s Expected left time: 0s          
 Analyzing entries 22451 - 22481, now 22478 , sum entries = 30015 . . . Used time: 0s Expected left time: 0s          
 Analyzing entries 22451 - 22481, now 22479 , sum entries = 30015 . . . Used time: 0s Expected left time: 0s          
 Analyzing entries 22451 - 22481, now 22480 , sum entries = 30015 . . . Used time: 0s Expected left time: 0s          
 Save to RootFile /extdisk/zlin/Machine_learning/RecoPlanesFeatures/CMS_herwig_HT1000to1500-preVFP_jinitpt450_600_j2pt80_120Reco/Chunk74_Part8.root . . . Used time: 0s Expected left time: 0s          
 Save to RootFile /extdisk/zlin/Machine_learning/RecoPlanesFeatures/CMS_herwig_HT1000to1500-preVFP_jinitpt450_600_j2pt80_120Reco/Chunk74_Part8.root . . . Used time: 0s Expected left time: 0s          
 Save to RootFile /extdisk/zlin/Machine_learning/RecoPlanesFeatures/CMS_herwig_HT1000to1500-preVFP_jinitpt450_600_j2pt80_120Reco/Chunk74_Part8.root . . . Used time: 0s Expected left time: 0s          
 Save to RootFile /extdisk/zlin/Machine_learning/RecoPlanesFeatures/CMS_herwig_HT1000to1500-preVFP_jinitpt450_600_j2pt80_120Reco/Chunk74_Part8.root . . . Used time: 0s Expected left time: 0s          
 Analyzing entries 22481 - 22511, now 22481 , sum entries = 30015 . . . Used time: 0s Expected left time: 0s          
 Analyzing entries 22481 - 22511, now 22482 , sum entries = 30015 . . . Used time: 0s Expected left time: 0s          
 Analyzing entries 22481 - 22511, now 22483 , sum entries = 30015 . . . Used time: 0s Expected left time: 0s          
 Analyzing entries 22481 - 22511, now 22484 , sum entries = 30015 . . . Used time: 0s Expected left time: 0s          
 Analyzing entries 22481 - 22511, now 22485 , sum entries = 30015 . . . Used time: 0s Expected left time: 0s          
 Analyzing entries 22481 - 22511, now 22486 , sum entries = 30015 . . . Used time: 0s Expected left time: 0s          
 Analyzing entries 22481 - 22511, now 22487 , sum entries = 30015 . . . Used time: 0s Expected left time: 0s          
 Analyzing entries 22481 - 22511, now 22488 , sum entries = 30015 . . . Used time: 0s Expected left time: 0s          
 Analyzing entries 22481 - 22511, now 22489 , sum entries = 30015 . . . Used time: 0s Expected left time: 0s          
 Analyzing entries 22481 - 22511, now 22490 , sum entries = 30015 . . . Used time: 0s Expected left time: 0s          
 Analyzing entries 22481 - 22511, now 22491 , sum entries = 30015 . . . Used time: 0s Expected left time: 0s          
 Analyzing entries 22481 - 22511, now 22492 , sum entries = 30015 . . . Used time: 0s Expected left time: 0s          
 Analyzing entries 22481 - 22511, now 22493 , sum entries = 30015 . . . Used time: 0s Expected left time: 0s          
 Analyzing entries 22481 - 22511, now 22494 , sum entries = 30015 . . . Used time: 0s Expected left time: 0s          
 Analyzing entries 22481 - 22511, now 22495 , sum entries = 30015 . . . Used time: 0s Expected left time: 0s          
 Analyzing entries 22481 - 22511, now 22496 , sum entries = 30015 . . . Used time: 0s Expected left time: 0s          
 Analyzing entries 22481 - 22511, now 22497 , sum entries = 30015 . . . Used time: 0s Expected left time: 0s          
 Analyzing entries 22481 - 22511, now 22498 , sum entries = 30015 . . . Used time: 0s Expected left time: 0s          
 Analyzing entries 22481 - 22511, now 22499 , sum entries = 30015 . . . Used time: 0s Expected left time: 0s          
 Analyzing entries 22481 - 22511, now 22500 , sum entries = 30015 . . . Used time: 0s Expected left time: 0s          
 Analyzing entries 22481 - 22511, now 22501 , sum entries = 30015 . . . Used time: 0s Expected left time: 0s          
 Analyzing entries 22481 - 22511, now 22502 , sum entries = 30015 . . . Used time: 0s Expected left time: 0s          
 Analyzing entries 22481 - 22511, now 22503 , sum entries = 30015 . . . Used time: 0s Expected left time: 0s          
 Analyzing entries 22481 - 22511, now 22504 , sum entries = 30015 . . . Used time: 0s Expected left time: 0s          
 Analyzing entries 22481 - 22511, now 22505 , sum entries = 30015 . . . Used time: 0s Expected left time: 0s          
 Analyzing entries 22481 - 22511, now 22506 , sum entries = 30015 . . . Used time: 0s Expected left time: 0s          
 Analyzing entries 22481 - 22511, now 22507 , sum entries = 30015 . . . Used time: 0s Expected left time: 0s          
 Analyzing entries 22481 - 22511, now 22508 , sum entries = 30015 . . . Used time: 0s Expected left time: 0s          
 Analyzing entries 22481 - 22511, now 22509 , sum entries = 30015 . . . Used time: 0s Expected left time: 0s          
 Analyzing entries 22481 - 22511, now 22510 , sum entries = 30015 . . . Used time: 0s Expected left time: 0s          
 Save to RootFile /extdisk/zlin/Machine_learning/RecoPlanesFeatures/CMS_herwig_HT1000to1500-preVFP_jinitpt450_600_j2pt80_120Reco/Chunk74_Part9.root . . . Used time: 0s Expected left time: 0s          
