Warning in <TFile::Init>: file /extdisk/zlin/Machine_learning/RecoPlanes/CMS_herwig_HT1000to1500-preVFP/Chunk23_Part0.root probably not closed, trying to recover
Warning in <TFile::Init>: no keys recovered, file has been made a Zombie
Warning in <TFile::Init>: file /extdisk/zlin/Machine_learning/RecoPlanes/CMS_herwig_HT1000to1500-preVFP/Chunk25_Part0.root probably not closed, trying to recover
Warning in <TFile::Init>: no keys recovered, file has been made a Zombie
Warning in <TFile::Init>: file /extdisk/zlin/Machine_learning/RecoPlanes/CMS_herwig_HT1000to1500-preVFP/Chunk35_Part0.root probably not closed, trying to recover
Warning in <TFile::Init>: no keys recovered, file has been made a Zombie
Warning in <TFile::Init>: file /extdisk/zlin/Machine_learning/RecoPlanes/CMS_herwig_HT1000to1500-preVFP/Chunk39_Part0.root probably not closed, trying to recover
Warning in <TFile::Init>: no keys recovered, file has been made a Zombie
 Analyzing entries 14107 - 14137, now 14107 , sum entries = 30015 . . . Used time: 0s Expected left time: 0s          
 Analyzing entries 14107 - 14137, now 14108 , sum entries = 30015 . . . Used time: 0s Expected left time: 0s          
 Analyzing entries 14107 - 14137, now 14109 , sum entries = 30015 . . . Used time: 0s Expected left time: 0s          
 Analyzing entries 14107 - 14137, now 14110 , sum entries = 30015 . . . Used time: 0s Expected left time: 0s          
 Analyzing entries 14107 - 14137, now 14111 , sum entries = 30015 . . . Used time: 0s Expected left time: 0s          
 Analyzing entries 14107 - 14137, now 14112 , sum entries = 30015 . . . Used time: 0s Expected left time: 0s          
 Analyzing entries 14107 - 14137, now 14113 , sum entries = 30015 . . . Used time: 0s Expected left time: 0s          
 Analyzing entries 14107 - 14137, now 14114 , sum entries = 30015 . . . Used time: 0s Expected left time: 0s          
 Analyzing entries 14107 - 14137, now 14115 , sum entries = 30015 . . . Used time: 0s Expected left time: 0s          
 Analyzing entries 14107 - 14137, now 14116 , sum entries = 30015 . . . Used time: 0s Expected left time: 0s          
 Analyzing entries 14107 - 14137, now 14117 , sum entries = 30015 . . . Used time: 0s Expected left time: 0s          
 Analyzing entries 14107 - 14137, now 14118 , sum entries = 30015 . . . Used time: 0s Expected left time: 0s          
 Analyzing entries 14107 - 14137, now 14119 , sum entries = 30015 . . . Used time: 0s Expected left time: 0s          
 Analyzing entries 14107 - 14137, now 14120 , sum entries = 30015 . . . Used time: 0s Expected left time: 0s          
 Analyzing entries 14107 - 14137, now 14121 , sum entries = 30015 . . . Used time: 0s Expected left time: 0s          
 Analyzing entries 14107 - 14137, now 14122 , sum entries = 30015 . . . Used time: 0s Expected left time: 0s          
 Analyzing entries 14107 - 14137, now 14123 , sum entries = 30015 . . . Used time: 0s Expected left time: 0s          
 Analyzing entries 14107 - 14137, now 14124 , sum entries = 30015 . . . Used time: 0s Expected left time: 0s          
 Analyzing entries 14107 - 14137, now 14125 , sum entries = 30015 . . . Used time: 0s Expected left time: 0s          
 Analyzing entries 14107 - 14137, now 14126 , sum entries = 30015 . . . Used time: 0s Expected left time: 0s          
 Analyzing entries 14107 - 14137, now 14127 , sum entries = 30015 . . . Used time: 0s Expected left time: 0s          
 Analyzing entries 14107 - 14137, now 14128 , sum entries = 30015 . . . Used time: 0s Expected left time: 0s          
 Analyzing entries 14107 - 14137, now 14129 , sum entries = 30015 . . . Used time: 0s Expected left time: 0s          
 Analyzing entries 14107 - 14137, now 14130 , sum entries = 30015 . . . Used time: 0s Expected left time: 0s          
 Analyzing entries 14107 - 14137, now 14131 , sum entries = 30015 . . . Used time: 0s Expected left time: 0s          
 Analyzing entries 14107 - 14137, now 14132 , sum entries = 30015 . . . Used time: 0s Expected left time: 0s          
 Analyzing entries 14107 - 14137, now 14133 , sum entries = 30015 . . . Used time: 0s Expected left time: 0s          
 Analyzing entries 14107 - 14137, now 14134 , sum entries = 30015 . . . Used time: 0s Expected left time: 0s          
 Analyzing entries 14107 - 14137, now 14135 , sum entries = 30015 . . . Used time: 0s Expected left time: 0s          
 Analyzing entries 14107 - 14137, now 14136 , sum entries = 30015 . . . Used time: 0s Expected left time: 0s          
 Save to RootFile /extdisk/zlin/Machine_learning/RecoPlanesFeatures/CMS_herwig_HT1000to1500-preVFP_jinitpt450_600_j2pt80_120Reco/Chunk47_Part0.root . . . Used time: 0s Expected left time: 0s          
 Save to RootFile /extdisk/zlin/Machine_learning/RecoPlanesFeatures/CMS_herwig_HT1000to1500-preVFP_jinitpt450_600_j2pt80_120Reco/Chunk47_Part0.root . . . Used time: 0s Expected left time: 0s          
 Save to RootFile /extdisk/zlin/Machine_learning/RecoPlanesFeatures/CMS_herwig_HT1000to1500-preVFP_jinitpt450_600_j2pt80_120Reco/Chunk47_Part0.root . . . Used time: 0s Expected left time: 0s          
 Analyzing entries 14137 - 14167, now 14137 , sum entries = 30015 . . . Used time: 0s Expected left time: 0s          
 Analyzing entries 14137 - 14167, now 14138 , sum entries = 30015 . . . Used time: 0s Expected left time: 0s          
 Analyzing entries 14137 - 14167, now 14139 , sum entries = 30015 . . . Used time: 0s Expected left time: 0s          
 Analyzing entries 14137 - 14167, now 14140 , sum entries = 30015 . . . Used time: 0s Expected left time: 0s          
 Analyzing entries 14137 - 14167, now 14141 , sum entries = 30015 . . . Used time: 0s Expected left time: 0s          
 Analyzing entries 14137 - 14167, now 14142 , sum entries = 30015 . . . Used time: 0s Expected left time: 0s          
 Analyzing entries 14137 - 14167, now 14143 , sum entries = 30015 . . . Used time: 0s Expected left time: 0s          
 Analyzing entries 14137 - 14167, now 14144 , sum entries = 30015 . . . Used time: 0s Expected left time: 0s          
 Analyzing entries 14137 - 14167, now 14145 , sum entries = 30015 . . . Used time: 0s Expected left time: 0s          
 Analyzing entries 14137 - 14167, now 14146 , sum entries = 30015 . . . Used time: 0s Expected left time: 0s          
 Analyzing entries 14137 - 14167, now 14147 , sum entries = 30015 . . . Used time: 0s Expected left time: 0s          
 Analyzing entries 14137 - 14167, now 14148 , sum entries = 30015 . . . Used time: 0s Expected left time: 0s          
 Analyzing entries 14137 - 14167, now 14149 , sum entries = 30015 . . . Used time: 0s Expected left time: 0s          
 Analyzing entries 14137 - 14167, now 14150 , sum entries = 30015 . . . Used time: 0s Expected left time: 0s          
 Analyzing entries 14137 - 14167, now 14151 , sum entries = 30015 . . . Used time: 0s Expected left time: 0s          
 Analyzing entries 14137 - 14167, now 14152 , sum entries = 30015 . . . Used time: 0s Expected left time: 0s          
 Analyzing entries 14137 - 14167, now 14153 , sum entries = 30015 . . . Used time: 0s Expected left time: 0s          
 Analyzing entries 14137 - 14167, now 14154 , sum entries = 30015 . . . Used time: 0s Expected left time: 0s          
 Analyzing entries 14137 - 14167, now 14155 , sum entries = 30015 . . . Used time: 0s Expected left time: 0s          
 Analyzing entries 14137 - 14167, now 14156 , sum entries = 30015 . . . Used time: 0s Expected left time: 0s          
 Analyzing entries 14137 - 14167, now 14157 , sum entries = 30015 . . . Used time: 0s Expected left time: 0s          
 Analyzing entries 14137 - 14167, now 14158 , sum entries = 30015 . . . Used time: 0s Expected left time: 0s          
 Analyzing entries 14137 - 14167, now 14159 , sum entries = 30015 . . . Used time: 0s Expected left time: 0s          
 Analyzing entries 14137 - 14167, now 14160 , sum entries = 30015 . . . Used time: 0s Expected left time: 0s          
 Analyzing entries 14137 - 14167, now 14161 , sum entries = 30015 . . . Used time: 0s Expected left time: 0s          
 Analyzing entries 14137 - 14167, now 14162 , sum entries = 30015 . . . Used time: 0s Expected left time: 0s          
 Analyzing entries 14137 - 14167, now 14163 , sum entries = 30015 . . . Used time: 0s Expected left time: 0s          
 Analyzing entries 14137 - 14167, now 14164 , sum entries = 30015 . . . Used time: 0s Expected left time: 0s          
 Analyzing entries 14137 - 14167, now 14165 , sum entries = 30015 . . . Used time: 0s Expected left time: 0s          
 Analyzing entries 14137 - 14167, now 14166 , sum entries = 30015 . . . Used time: 0s Expected left time: 0s          
 Save to RootFile /extdisk/zlin/Machine_learning/RecoPlanesFeatures/CMS_herwig_HT1000to1500-preVFP_jinitpt450_600_j2pt80_120Reco/Chunk47_Part1.root . . . Used time: 0s Expected left time: 0s          
 Save to RootFile /extdisk/zlin/Machine_learning/RecoPlanesFeatures/CMS_herwig_HT1000to1500-preVFP_jinitpt450_600_j2pt80_120Reco/Chunk47_Part1.root . . . Used time: 0s Expected left time: 0s          
 Save to RootFile /extdisk/zlin/Machine_learning/RecoPlanesFeatures/CMS_herwig_HT1000to1500-preVFP_jinitpt450_600_j2pt80_120Reco/Chunk47_Part1.root . . . Used time: 0s Expected left time: 0s          
 Save to RootFile /extdisk/zlin/Machine_learning/RecoPlanesFeatures/CMS_herwig_HT1000to1500-preVFP_jinitpt450_600_j2pt80_120Reco/Chunk47_Part1.root . . . Used time: 0s Expected left time: 0s          
 Save to RootFile /extdisk/zlin/Machine_learning/RecoPlanesFeatures/CMS_herwig_HT1000to1500-preVFP_jinitpt450_600_j2pt80_120Reco/Chunk47_Part1.root . . . Used time: 0s Expected left time: 0s          
 Save to RootFile /extdisk/zlin/Machine_learning/RecoPlanesFeatures/CMS_herwig_HT1000to1500-preVFP_jinitpt450_600_j2pt80_120Reco/Chunk47_Part1.root . . . Used time: 0s Expected left time: 0s          
 Save to RootFile /extdisk/zlin/Machine_learning/RecoPlanesFeatures/CMS_herwig_HT1000to1500-preVFP_jinitpt450_600_j2pt80_120Reco/Chunk47_Part1.root . . . Used time: 0s Expected left time: 0s          
 Analyzing entries 14167 - 14197, now 14167 , sum entries = 30015 . . . Used time: 0s Expected left time: 0s          
 Analyzing entries 14167 - 14197, now 14168 , sum entries = 30015 . . . Used time: 0s Expected left time: 0s          
 Analyzing entries 14167 - 14197, now 14169 , sum entries = 30015 . . . Used time: 0s Expected left time: 0s          
 Analyzing entries 14167 - 14197, now 14170 , sum entries = 30015 . . . Used time: 0s Expected left time: 0s          
 Analyzing entries 14167 - 14197, now 14171 , sum entries = 30015 . . . Used time: 0s Expected left time: 0s          
 Analyzing entries 14167 - 14197, now 14172 , sum entries = 30015 . . . Used time: 0s Expected left time: 0s          
 Analyzing entries 14167 - 14197, now 14173 , sum entries = 30015 . . . Used time: 0s Expected left time: 0s          
 Analyzing entries 14167 - 14197, now 14174 , sum entries = 30015 . . . Used time: 0s Expected left time: 0s          
 Analyzing entries 14167 - 14197, now 14175 , sum entries = 30015 . . . Used time: 0s Expected left time: 0s          
 Analyzing entries 14167 - 14197, now 14176 , sum entries = 30015 . . . Used time: 0s Expected left time: 0s          
 Analyzing entries 14167 - 14197, now 14177 , sum entries = 30015 . . . Used time: 0s Expected left time: 0s          
 Analyzing entries 14167 - 14197, now 14178 , sum entries = 30015 . . . Used time: 0s Expected left time: 0s          
 Analyzing entries 14167 - 14197, now 14179 , sum entries = 30015 . . . Used time: 0s Expected left time: 0s          
 Analyzing entries 14167 - 14197, now 14180 , sum entries = 30015 . . . Used time: 0s Expected left time: 0s          
 Analyzing entries 14167 - 14197, now 14181 , sum entries = 30015 . . . Used time: 0s Expected left time: 0s          
 Analyzing entries 14167 - 14197, now 14182 , sum entries = 30015 . . . Used time: 0s Expected left time: 0s          
 Analyzing entries 14167 - 14197, now 14183 , sum entries = 30015 . . . Used time: 0s Expected left time: 0s          
 Analyzing entries 14167 - 14197, now 14184 , sum entries = 30015 . . . Used time: 0s Expected left time: 0s          
 Analyzing entries 14167 - 14197, now 14185 , sum entries = 30015 . . . Used time: 0s Expected left time: 0s          
 Analyzing entries 14167 - 14197, now 14186 , sum entries = 30015 . . . Used time: 0s Expected left time: 0s          
 Analyzing entries 14167 - 14197, now 14187 , sum entries = 30015 . . . Used time: 0s Expected left time: 0s          
 Analyzing entries 14167 - 14197, now 14188 , sum entries = 30015 . . . Used time: 0s Expected left time: 0s          
 Analyzing entries 14167 - 14197, now 14189 , sum entries = 30015 . . . Used time: 0s Expected left time: 0s          
 Analyzing entries 14167 - 14197, now 14190 , sum entries = 30015 . . . Used time: 0s Expected left time: 0s          
 Analyzing entries 14167 - 14197, now 14191 , sum entries = 30015 . . . Used time: 0s Expected left time: 0s          
 Analyzing entries 14167 - 14197, now 14192 , sum entries = 30015 . . . Used time: 0s Expected left time: 0s          
 Analyzing entries 14167 - 14197, now 14193 , sum entries = 30015 . . . Used time: 0s Expected left time: 0s          
 Analyzing entries 14167 - 14197, now 14194 , sum entries = 30015 . . . Used time: 0s Expected left time: 0s          
 Analyzing entries 14167 - 14197, now 14195 , sum entries = 30015 . . . Used time: 0s Expected left time: 0s          
 Analyzing entries 14167 - 14197, now 14196 , sum entries = 30015 . . . Used time: 0s Expected left time: 0s          
 Save to RootFile /extdisk/zlin/Machine_learning/RecoPlanesFeatures/CMS_herwig_HT1000to1500-preVFP_jinitpt450_600_j2pt80_120Reco/Chunk47_Part2.root . . . Used time: 0s Expected left time: 0s          
 Save to RootFile /extdisk/zlin/Machine_learning/RecoPlanesFeatures/CMS_herwig_HT1000to1500-preVFP_jinitpt450_600_j2pt80_120Reco/Chunk47_Part2.root . . . Used time: 0s Expected left time: 0s          
 Analyzing entries 14197 - 14227, now 14197 , sum entries = 30015 . . . Used time: 0s Expected left time: 0s          
 Analyzing entries 14197 - 14227, now 14198 , sum entries = 30015 . . . Used time: 0s Expected left time: 0s          
 Analyzing entries 14197 - 14227, now 14199 , sum entries = 30015 . . . Used time: 0s Expected left time: 0s          
 Analyzing entries 14197 - 14227, now 14200 , sum entries = 30015 . . . Used time: 0s Expected left time: 0s          
 Analyzing entries 14197 - 14227, now 14201 , sum entries = 30015 . . . Used time: 0s Expected left time: 0s          
 Analyzing entries 14197 - 14227, now 14202 , sum entries = 30015 . . . Used time: 0s Expected left time: 0s          
 Analyzing entries 14197 - 14227, now 14203 , sum entries = 30015 . . . Used time: 0s Expected left time: 0s          
 Analyzing entries 14197 - 14227, now 14204 , sum entries = 30015 . . . Used time: 0s Expected left time: 0s          
 Analyzing entries 14197 - 14227, now 14205 , sum entries = 30015 . . . Used time: 0s Expected left time: 0s          
 Analyzing entries 14197 - 14227, now 14206 , sum entries = 30015 . . . Used time: 0s Expected left time: 0s          
 Analyzing entries 14197 - 14227, now 14207 , sum entries = 30015 . . . Used time: 0s Expected left time: 0s          
 Analyzing entries 14197 - 14227, now 14208 , sum entries = 30015 . . . Used time: 0s Expected left time: 0s          
 Analyzing entries 14197 - 14227, now 14209 , sum entries = 30015 . . . Used time: 0s Expected left time: 0s          
 Analyzing entries 14197 - 14227, now 14210 , sum entries = 30015 . . . Used time: 0s Expected left time: 0s          
 Analyzing entries 14197 - 14227, now 14211 , sum entries = 30015 . . . Used time: 0s Expected left time: 0s          
 Analyzing entries 14197 - 14227, now 14212 , sum entries = 30015 . . . Used time: 0s Expected left time: 0s          
 Analyzing entries 14197 - 14227, now 14213 , sum entries = 30015 . . . Used time: 0s Expected left time: 0s          
 Analyzing entries 14197 - 14227, now 14214 , sum entries = 30015 . . . Used time: 0s Expected left time: 0s          
 Analyzing entries 14197 - 14227, now 14215 , sum entries = 30015 . . . Used time: 0s Expected left time: 0s          
 Analyzing entries 14197 - 14227, now 14216 , sum entries = 30015 . . . Used time: 0s Expected left time: 0s          
 Analyzing entries 14197 - 14227, now 14217 , sum entries = 30015 . . . Used time: 0s Expected left time: 0s          
 Analyzing entries 14197 - 14227, now 14218 , sum entries = 30015 . . . Used time: 0s Expected left time: 0s          
 Analyzing entries 14197 - 14227, now 14219 , sum entries = 30015 . . . Used time: 0s Expected left time: 0s          
 Analyzing entries 14197 - 14227, now 14220 , sum entries = 30015 . . . Used time: 0s Expected left time: 0s          
 Analyzing entries 14197 - 14227, now 14221 , sum entries = 30015 . . . Used time: 0s Expected left time: 0s          
 Analyzing entries 14197 - 14227, now 14222 , sum entries = 30015 . . . Used time: 0s Expected left time: 0s          
 Analyzing entries 14197 - 14227, now 14223 , sum entries = 30015 . . . Used time: 0s Expected left time: 0s          
 Analyzing entries 14197 - 14227, now 14224 , sum entries = 30015 . . . Used time: 0s Expected left time: 0s          
 Analyzing entries 14197 - 14227, now 14225 , sum entries = 30015 . . . Used time: 0s Expected left time: 0s          
 Analyzing entries 14197 - 14227, now 14226 , sum entries = 30015 . . . Used time: 0s Expected left time: 0s          
 Save to RootFile /extdisk/zlin/Machine_learning/RecoPlanesFeatures/CMS_herwig_HT1000to1500-preVFP_jinitpt450_600_j2pt80_120Reco/Chunk47_Part3.root . . . Used time: 0s Expected left time: 0s          
 Save to RootFile /extdisk/zlin/Machine_learning/RecoPlanesFeatures/CMS_herwig_HT1000to1500-preVFP_jinitpt450_600_j2pt80_120Reco/Chunk47_Part3.root . . . Used time: 0s Expected left time: 0s          
 Save to RootFile /extdisk/zlin/Machine_learning/RecoPlanesFeatures/CMS_herwig_HT1000to1500-preVFP_jinitpt450_600_j2pt80_120Reco/Chunk47_Part3.root . . . Used time: 0s Expected left time: 0s          
 Save to RootFile /extdisk/zlin/Machine_learning/RecoPlanesFeatures/CMS_herwig_HT1000to1500-preVFP_jinitpt450_600_j2pt80_120Reco/Chunk47_Part3.root . . . Used time: 0s Expected left time: 0s          
 Save to RootFile /extdisk/zlin/Machine_learning/RecoPlanesFeatures/CMS_herwig_HT1000to1500-preVFP_jinitpt450_600_j2pt80_120Reco/Chunk47_Part3.root . . . Used time: 0s Expected left time: 0s          
 Save to RootFile /extdisk/zlin/Machine_learning/RecoPlanesFeatures/CMS_herwig_HT1000to1500-preVFP_jinitpt450_600_j2pt80_120Reco/Chunk47_Part3.root . . . Used time: 0s Expected left time: 0s          
 Analyzing entries 14227 - 14257, now 14227 , sum entries = 30015 . . . Used time: 0s Expected left time: 0s          
 Analyzing entries 14227 - 14257, now 14228 , sum entries = 30015 . . . Used time: 0s Expected left time: 0s          
 Analyzing entries 14227 - 14257, now 14229 , sum entries = 30015 . . . Used time: 0s Expected left time: 0s          
 Analyzing entries 14227 - 14257, now 14230 , sum entries = 30015 . . . Used time: 0s Expected left time: 0s          
 Analyzing entries 14227 - 14257, now 14231 , sum entries = 30015 . . . Used time: 0s Expected left time: 0s          
 Analyzing entries 14227 - 14257, now 14232 , sum entries = 30015 . . . Used time: 0s Expected left time: 0s          
 Analyzing entries 14227 - 14257, now 14233 , sum entries = 30015 . . . Used time: 0s Expected left time: 0s          
 Analyzing entries 14227 - 14257, now 14234 , sum entries = 30015 . . . Used time: 0s Expected left time: 0s          
 Analyzing entries 14227 - 14257, now 14235 , sum entries = 30015 . . . Used time: 0s Expected left time: 0s          
 Analyzing entries 14227 - 14257, now 14236 , sum entries = 30015 . . . Used time: 0s Expected left time: 0s          
 Analyzing entries 14227 - 14257, now 14237 , sum entries = 30015 . . . Used time: 0s Expected left time: 0s          
 Analyzing entries 14227 - 14257, now 14238 , sum entries = 30015 . . . Used time: 0s Expected left time: 0s          
 Analyzing entries 14227 - 14257, now 14239 , sum entries = 30015 . . . Used time: 0s Expected left time: 0s          
 Analyzing entries 14227 - 14257, now 14240 , sum entries = 30015 . . . Used time: 0s Expected left time: 0s          
 Analyzing entries 14227 - 14257, now 14241 , sum entries = 30015 . . . Used time: 0s Expected left time: 0s          
 Analyzing entries 14227 - 14257, now 14242 , sum entries = 30015 . . . Used time: 0s Expected left time: 0s          
 Analyzing entries 14227 - 14257, now 14243 , sum entries = 30015 . . . Used time: 0s Expected left time: 0s          
 Analyzing entries 14227 - 14257, now 14244 , sum entries = 30015 . . . Used time: 0s Expected left time: 0s          
 Analyzing entries 14227 - 14257, now 14245 , sum entries = 30015 . . . Used time: 0s Expected left time: 0s          
 Analyzing entries 14227 - 14257, now 14246 , sum entries = 30015 . . . Used time: 0s Expected left time: 0s          
 Analyzing entries 14227 - 14257, now 14247 , sum entries = 30015 . . . Used time: 0s Expected left time: 0s          
 Analyzing entries 14227 - 14257, now 14248 , sum entries = 30015 . . . Used time: 0s Expected left time: 0s          
 Analyzing entries 14227 - 14257, now 14249 , sum entries = 30015 . . . Used time: 0s Expected left time: 0s          
 Analyzing entries 14227 - 14257, now 14250 , sum entries = 30015 . . . Used time: 0s Expected left time: 0s          
 Analyzing entries 14227 - 14257, now 14251 , sum entries = 30015 . . . Used time: 0s Expected left time: 0s          
 Analyzing entries 14227 - 14257, now 14252 , sum entries = 30015 . . . Used time: 0s Expected left time: 0s          
 Analyzing entries 14227 - 14257, now 14253 , sum entries = 30015 . . . Used time: 0s Expected left time: 0s          
 Analyzing entries 14227 - 14257, now 14254 , sum entries = 30015 . . . Used time: 0s Expected left time: 0s          
 Analyzing entries 14227 - 14257, now 14255 , sum entries = 30015 . . . Used time: 0s Expected left time: 0s          
 Analyzing entries 14227 - 14257, now 14256 , sum entries = 30015 . . . Used time: 0s Expected left time: 0s          
 Save to RootFile /extdisk/zlin/Machine_learning/RecoPlanesFeatures/CMS_herwig_HT1000to1500-preVFP_jinitpt450_600_j2pt80_120Reco/Chunk47_Part4.root . . . Used time: 0s Expected left time: 0s          
 Save to RootFile /extdisk/zlin/Machine_learning/RecoPlanesFeatures/CMS_herwig_HT1000to1500-preVFP_jinitpt450_600_j2pt80_120Reco/Chunk47_Part4.root . . . Used time: 0s Expected left time: 0s          
 Save to RootFile /extdisk/zlin/Machine_learning/RecoPlanesFeatures/CMS_herwig_HT1000to1500-preVFP_jinitpt450_600_j2pt80_120Reco/Chunk47_Part4.root . . . Used time: 0s Expected left time: 0s          
 Save to RootFile /extdisk/zlin/Machine_learning/RecoPlanesFeatures/CMS_herwig_HT1000to1500-preVFP_jinitpt450_600_j2pt80_120Reco/Chunk47_Part4.root . . . Used time: 0s Expected left time: 0s          
 Analyzing entries 14257 - 14287, now 14257 , sum entries = 30015 . . . Used time: 0s Expected left time: 0s          
 Analyzing entries 14257 - 14287, now 14258 , sum entries = 30015 . . . Used time: 0s Expected left time: 0s          
 Analyzing entries 14257 - 14287, now 14259 , sum entries = 30015 . . . Used time: 0s Expected left time: 0s          
 Analyzing entries 14257 - 14287, now 14260 , sum entries = 30015 . . . Used time: 0s Expected left time: 0s          
 Analyzing entries 14257 - 14287, now 14261 , sum entries = 30015 . . . Used time: 0s Expected left time: 0s          
 Analyzing entries 14257 - 14287, now 14262 , sum entries = 30015 . . . Used time: 0s Expected left time: 0s          
 Analyzing entries 14257 - 14287, now 14263 , sum entries = 30015 . . . Used time: 0s Expected left time: 0s          
 Analyzing entries 14257 - 14287, now 14264 , sum entries = 30015 . . . Used time: 0s Expected left time: 0s          
 Analyzing entries 14257 - 14287, now 14265 , sum entries = 30015 . . . Used time: 0s Expected left time: 0s          
 Analyzing entries 14257 - 14287, now 14266 , sum entries = 30015 . . . Used time: 0s Expected left time: 0s          
 Analyzing entries 14257 - 14287, now 14267 , sum entries = 30015 . . . Used time: 0s Expected left time: 0s          
 Analyzing entries 14257 - 14287, now 14268 , sum entries = 30015 . . . Used time: 0s Expected left time: 0s          
 Analyzing entries 14257 - 14287, now 14269 , sum entries = 30015 . . . Used time: 0s Expected left time: 0s          
 Analyzing entries 14257 - 14287, now 14270 , sum entries = 30015 . . . Used time: 0s Expected left time: 0s          
 Analyzing entries 14257 - 14287, now 14271 , sum entries = 30015 . . . Used time: 0s Expected left time: 0s          
 Analyzing entries 14257 - 14287, now 14272 , sum entries = 30015 . . . Used time: 0s Expected left time: 0s          
 Analyzing entries 14257 - 14287, now 14273 , sum entries = 30015 . . . Used time: 0s Expected left time: 0s          
 Analyzing entries 14257 - 14287, now 14274 , sum entries = 30015 . . . Used time: 0s Expected left time: 0s          
 Analyzing entries 14257 - 14287, now 14275 , sum entries = 30015 . . . Used time: 0s Expected left time: 0s          
 Analyzing entries 14257 - 14287, now 14276 , sum entries = 30015 . . . Used time: 0s Expected left time: 0s          
 Analyzing entries 14257 - 14287, now 14277 , sum entries = 30015 . . . Used time: 0s Expected left time: 0s          
 Analyzing entries 14257 - 14287, now 14278 , sum entries = 30015 . . . Used time: 0s Expected left time: 0s          
 Analyzing entries 14257 - 14287, now 14279 , sum entries = 30015 . . . Used time: 0s Expected left time: 0s          
 Analyzing entries 14257 - 14287, now 14280 , sum entries = 30015 . . . Used time: 0s Expected left time: 0s          
 Analyzing entries 14257 - 14287, now 14281 , sum entries = 30015 . . . Used time: 0s Expected left time: 0s          
 Analyzing entries 14257 - 14287, now 14282 , sum entries = 30015 . . . Used time: 0s Expected left time: 0s          
 Analyzing entries 14257 - 14287, now 14283 , sum entries = 30015 . . . Used time: 0s Expected left time: 0s          
 Analyzing entries 14257 - 14287, now 14284 , sum entries = 30015 . . . Used time: 0s Expected left time: 0s          
 Analyzing entries 14257 - 14287, now 14285 , sum entries = 30015 . . . Used time: 0s Expected left time: 0s          
 Analyzing entries 14257 - 14287, now 14286 , sum entries = 30015 . . . Used time: 0s Expected left time: 0s          
 Save to RootFile /extdisk/zlin/Machine_learning/RecoPlanesFeatures/CMS_herwig_HT1000to1500-preVFP_jinitpt450_600_j2pt80_120Reco/Chunk47_Part5.root . . . Used time: 0s Expected left time: 0s          
 Save to RootFile /extdisk/zlin/Machine_learning/RecoPlanesFeatures/CMS_herwig_HT1000to1500-preVFP_jinitpt450_600_j2pt80_120Reco/Chunk47_Part5.root . . . Used time: 0s Expected left time: 0s          
 Analyzing entries 14287 - 14317, now 14287 , sum entries = 30015 . . . Used time: 0s Expected left time: 0s          
 Analyzing entries 14287 - 14317, now 14288 , sum entries = 30015 . . . Used time: 0s Expected left time: 0s          
 Analyzing entries 14287 - 14317, now 14289 , sum entries = 30015 . . . Used time: 0s Expected left time: 0s          
 Analyzing entries 14287 - 14317, now 14290 , sum entries = 30015 . . . Used time: 0s Expected left time: 0s          
 Analyzing entries 14287 - 14317, now 14291 , sum entries = 30015 . . . Used time: 0s Expected left time: 0s          
 Analyzing entries 14287 - 14317, now 14292 , sum entries = 30015 . . . Used time: 0s Expected left time: 0s          
 Analyzing entries 14287 - 14317, now 14293 , sum entries = 30015 . . . Used time: 0s Expected left time: 0s          
 Analyzing entries 14287 - 14317, now 14294 , sum entries = 30015 . . . Used time: 0s Expected left time: 0s          
 Analyzing entries 14287 - 14317, now 14295 , sum entries = 30015 . . . Used time: 0s Expected left time: 0s          
 Analyzing entries 14287 - 14317, now 14296 , sum entries = 30015 . . . Used time: 0s Expected left time: 0s          
 Analyzing entries 14287 - 14317, now 14297 , sum entries = 30015 . . . Used time: 0s Expected left time: 0s          
 Analyzing entries 14287 - 14317, now 14298 , sum entries = 30015 . . . Used time: 0s Expected left time: 0s          
 Analyzing entries 14287 - 14317, now 14299 , sum entries = 30015 . . . Used time: 0s Expected left time: 0s          
 Analyzing entries 14287 - 14317, now 14300 , sum entries = 30015 . . . Used time: 0s Expected left time: 0s          
 Analyzing entries 14287 - 14317, now 14301 , sum entries = 30015 . . . Used time: 0s Expected left time: 0s          
 Analyzing entries 14287 - 14317, now 14302 , sum entries = 30015 . . . Used time: 0s Expected left time: 0s          
 Analyzing entries 14287 - 14317, now 14303 , sum entries = 30015 . . . Used time: 0s Expected left time: 0s          
 Analyzing entries 14287 - 14317, now 14304 , sum entries = 30015 . . . Used time: 0s Expected left time: 0s          
 Analyzing entries 14287 - 14317, now 14305 , sum entries = 30015 . . . Used time: 0s Expected left time: 0s          
 Analyzing entries 14287 - 14317, now 14306 , sum entries = 30015 . . . Used time: 0s Expected left time: 0s          
 Analyzing entries 14287 - 14317, now 14307 , sum entries = 30015 . . . Used time: 0s Expected left time: 0s          
 Analyzing entries 14287 - 14317, now 14308 , sum entries = 30015 . . . Used time: 0s Expected left time: 0s          
 Analyzing entries 14287 - 14317, now 14309 , sum entries = 30015 . . . Used time: 0s Expected left time: 0s          
 Analyzing entries 14287 - 14317, now 14310 , sum entries = 30015 . . . Used time: 0s Expected left time: 0s          
 Analyzing entries 14287 - 14317, now 14311 , sum entries = 30015 . . . Used time: 0s Expected left time: 0s          
 Analyzing entries 14287 - 14317, now 14312 , sum entries = 30015 . . . Used time: 0s Expected left time: 0s          
 Analyzing entries 14287 - 14317, now 14313 , sum entries = 30015 . . . Used time: 0s Expected left time: 0s          
 Analyzing entries 14287 - 14317, now 14314 , sum entries = 30015 . . . Used time: 0s Expected left time: 0s          
 Analyzing entries 14287 - 14317, now 14315 , sum entries = 30015 . . . Used time: 0s Expected left time: 0s          
 Analyzing entries 14287 - 14317, now 14316 , sum entries = 30015 . . . Used time: 0s Expected left time: 0s          
 Save to RootFile /extdisk/zlin/Machine_learning/RecoPlanesFeatures/CMS_herwig_HT1000to1500-preVFP_jinitpt450_600_j2pt80_120Reco/Chunk47_Part6.root . . . Used time: 0s Expected left time: 0s          
 Save to RootFile /extdisk/zlin/Machine_learning/RecoPlanesFeatures/CMS_herwig_HT1000to1500-preVFP_jinitpt450_600_j2pt80_120Reco/Chunk47_Part6.root . . . Used time: 0s Expected left time: 0s          
 Save to RootFile /extdisk/zlin/Machine_learning/RecoPlanesFeatures/CMS_herwig_HT1000to1500-preVFP_jinitpt450_600_j2pt80_120Reco/Chunk47_Part6.root . . . Used time: 0s Expected left time: 0s          
 Save to RootFile /extdisk/zlin/Machine_learning/RecoPlanesFeatures/CMS_herwig_HT1000to1500-preVFP_jinitpt450_600_j2pt80_120Reco/Chunk47_Part6.root . . . Used time: 0s Expected left time: 0s          
 Save to RootFile /extdisk/zlin/Machine_learning/RecoPlanesFeatures/CMS_herwig_HT1000to1500-preVFP_jinitpt450_600_j2pt80_120Reco/Chunk47_Part6.root . . . Used time: 0s Expected left time: 0s          
 Analyzing entries 14317 - 14347, now 14317 , sum entries = 30015 . . . Used time: 0s Expected left time: 0s          
 Analyzing entries 14317 - 14347, now 14318 , sum entries = 30015 . . . Used time: 0s Expected left time: 0s          
 Analyzing entries 14317 - 14347, now 14319 , sum entries = 30015 . . . Used time: 0s Expected left time: 0s          
 Analyzing entries 14317 - 14347, now 14320 , sum entries = 30015 . . . Used time: 0s Expected left time: 0s          
 Analyzing entries 14317 - 14347, now 14321 , sum entries = 30015 . . . Used time: 0s Expected left time: 0s          
 Analyzing entries 14317 - 14347, now 14322 , sum entries = 30015 . . . Used time: 0s Expected left time: 0s          
 Analyzing entries 14317 - 14347, now 14323 , sum entries = 30015 . . . Used time: 0s Expected left time: 0s          
 Analyzing entries 14317 - 14347, now 14324 , sum entries = 30015 . . . Used time: 0s Expected left time: 0s          
 Analyzing entries 14317 - 14347, now 14325 , sum entries = 30015 . . . Used time: 0s Expected left time: 0s          
 Analyzing entries 14317 - 14347, now 14326 , sum entries = 30015 . . . Used time: 0s Expected left time: 0s          
 Analyzing entries 14317 - 14347, now 14327 , sum entries = 30015 . . . Used time: 0s Expected left time: 0s          
 Analyzing entries 14317 - 14347, now 14328 , sum entries = 30015 . . . Used time: 0s Expected left time: 0s          
 Analyzing entries 14317 - 14347, now 14329 , sum entries = 30015 . . . Used time: 0s Expected left time: 0s          
 Analyzing entries 14317 - 14347, now 14330 , sum entries = 30015 . . . Used time: 0s Expected left time: 0s          
 Analyzing entries 14317 - 14347, now 14331 , sum entries = 30015 . . . Used time: 0s Expected left time: 0s          
 Analyzing entries 14317 - 14347, now 14332 , sum entries = 30015 . . . Used time: 0s Expected left time: 0s          
 Analyzing entries 14317 - 14347, now 14333 , sum entries = 30015 . . . Used time: 0s Expected left time: 0s          
 Analyzing entries 14317 - 14347, now 14334 , sum entries = 30015 . . . Used time: 0s Expected left time: 0s          
 Analyzing entries 14317 - 14347, now 14335 , sum entries = 30015 . . . Used time: 0s Expected left time: 0s          
 Analyzing entries 14317 - 14347, now 14336 , sum entries = 30015 . . . Used time: 0s Expected left time: 0s          
 Analyzing entries 14317 - 14347, now 14337 , sum entries = 30015 . . . Used time: 0s Expected left time: 0s          
 Analyzing entries 14317 - 14347, now 14338 , sum entries = 30015 . . . Used time: 0s Expected left time: 0s          
 Analyzing entries 14317 - 14347, now 14339 , sum entries = 30015 . . . Used time: 0s Expected left time: 0s          
 Analyzing entries 14317 - 14347, now 14340 , sum entries = 30015 . . . Used time: 0s Expected left time: 0s          
 Analyzing entries 14317 - 14347, now 14341 , sum entries = 30015 . . . Used time: 0s Expected left time: 0s          
 Analyzing entries 14317 - 14347, now 14342 , sum entries = 30015 . . . Used time: 0s Expected left time: 0s          
 Analyzing entries 14317 - 14347, now 14343 , sum entries = 30015 . . . Used time: 0s Expected left time: 0s          
 Analyzing entries 14317 - 14347, now 14344 , sum entries = 30015 . . . Used time: 0s Expected left time: 0s          
 Analyzing entries 14317 - 14347, now 14345 , sum entries = 30015 . . . Used time: 0s Expected left time: 0s          
 Analyzing entries 14317 - 14347, now 14346 , sum entries = 30015 . . . Used time: 0s Expected left time: 0s          
 Save to RootFile /extdisk/zlin/Machine_learning/RecoPlanesFeatures/CMS_herwig_HT1000to1500-preVFP_jinitpt450_600_j2pt80_120Reco/Chunk47_Part7.root . . . Used time: 0s Expected left time: 0s          
 Analyzing entries 14347 - 14377, now 14347 , sum entries = 30015 . . . Used time: 0s Expected left time: 0s          
 Analyzing entries 14347 - 14377, now 14348 , sum entries = 30015 . . . Used time: 0s Expected left time: 0s          
 Analyzing entries 14347 - 14377, now 14349 , sum entries = 30015 . . . Used time: 0s Expected left time: 0s          
 Analyzing entries 14347 - 14377, now 14350 , sum entries = 30015 . . . Used time: 0s Expected left time: 0s          
 Analyzing entries 14347 - 14377, now 14351 , sum entries = 30015 . . . Used time: 0s Expected left time: 0s          
 Analyzing entries 14347 - 14377, now 14352 , sum entries = 30015 . . . Used time: 0s Expected left time: 0s          
 Analyzing entries 14347 - 14377, now 14353 , sum entries = 30015 . . . Used time: 0s Expected left time: 0s          
 Analyzing entries 14347 - 14377, now 14354 , sum entries = 30015 . . . Used time: 0s Expected left time: 0s          
 Analyzing entries 14347 - 14377, now 14355 , sum entries = 30015 . . . Used time: 0s Expected left time: 0s          
 Analyzing entries 14347 - 14377, now 14356 , sum entries = 30015 . . . Used time: 0s Expected left time: 0s          
 Analyzing entries 14347 - 14377, now 14357 , sum entries = 30015 . . . Used time: 0s Expected left time: 0s          
 Analyzing entries 14347 - 14377, now 14358 , sum entries = 30015 . . . Used time: 0s Expected left time: 0s          
 Analyzing entries 14347 - 14377, now 14359 , sum entries = 30015 . . . Used time: 0s Expected left time: 0s          
 Analyzing entries 14347 - 14377, now 14360 , sum entries = 30015 . . . Used time: 0s Expected left time: 0s          
 Analyzing entries 14347 - 14377, now 14361 , sum entries = 30015 . . . Used time: 0s Expected left time: 0s          
 Analyzing entries 14347 - 14377, now 14362 , sum entries = 30015 . . . Used time: 0s Expected left time: 0s          
 Analyzing entries 14347 - 14377, now 14363 , sum entries = 30015 . . . Used time: 0s Expected left time: 0s          
 Analyzing entries 14347 - 14377, now 14364 , sum entries = 30015 . . . Used time: 0s Expected left time: 0s          
 Analyzing entries 14347 - 14377, now 14365 , sum entries = 30015 . . . Used time: 0s Expected left time: 0s          
 Analyzing entries 14347 - 14377, now 14366 , sum entries = 30015 . . . Used time: 0s Expected left time: 0s          
 Analyzing entries 14347 - 14377, now 14367 , sum entries = 30015 . . . Used time: 0s Expected left time: 0s          
 Analyzing entries 14347 - 14377, now 14368 , sum entries = 30015 . . . Used time: 0s Expected left time: 0s          
 Analyzing entries 14347 - 14377, now 14369 , sum entries = 30015 . . . Used time: 0s Expected left time: 0s          
 Analyzing entries 14347 - 14377, now 14370 , sum entries = 30015 . . . Used time: 0s Expected left time: 0s          
 Analyzing entries 14347 - 14377, now 14371 , sum entries = 30015 . . . Used time: 0s Expected left time: 0s          
 Analyzing entries 14347 - 14377, now 14372 , sum entries = 30015 . . . Used time: 0s Expected left time: 0s          
 Analyzing entries 14347 - 14377, now 14373 , sum entries = 30015 . . . Used time: 0s Expected left time: 0s          
 Analyzing entries 14347 - 14377, now 14374 , sum entries = 30015 . . . Used time: 0s Expected left time: 0s          
 Analyzing entries 14347 - 14377, now 14375 , sum entries = 30015 . . . Used time: 0s Expected left time: 0s          
 Analyzing entries 14347 - 14377, now 14376 , sum entries = 30015 . . . Used time: 0s Expected left time: 0s          
 Save to RootFile /extdisk/zlin/Machine_learning/RecoPlanesFeatures/CMS_herwig_HT1000to1500-preVFP_jinitpt450_600_j2pt80_120Reco/Chunk47_Part8.root . . . Used time: 0s Expected left time: 0s          
 Save to RootFile /extdisk/zlin/Machine_learning/RecoPlanesFeatures/CMS_herwig_HT1000to1500-preVFP_jinitpt450_600_j2pt80_120Reco/Chunk47_Part8.root . . . Used time: 0s Expected left time: 0s          
 Save to RootFile /extdisk/zlin/Machine_learning/RecoPlanesFeatures/CMS_herwig_HT1000to1500-preVFP_jinitpt450_600_j2pt80_120Reco/Chunk47_Part8.root . . . Used time: 0s Expected left time: 0s          
 Analyzing entries 14377 - 14407, now 14377 , sum entries = 30015 . . . Used time: 0s Expected left time: 0s          
 Analyzing entries 14377 - 14407, now 14378 , sum entries = 30015 . . . Used time: 0s Expected left time: 0s          
 Analyzing entries 14377 - 14407, now 14379 , sum entries = 30015 . . . Used time: 0s Expected left time: 0s          
 Analyzing entries 14377 - 14407, now 14380 , sum entries = 30015 . . . Used time: 0s Expected left time: 0s          
 Analyzing entries 14377 - 14407, now 14381 , sum entries = 30015 . . . Used time: 0s Expected left time: 0s          
 Analyzing entries 14377 - 14407, now 14382 , sum entries = 30015 . . . Used time: 0s Expected left time: 0s          
 Analyzing entries 14377 - 14407, now 14383 , sum entries = 30015 . . . Used time: 0s Expected left time: 0s          
 Analyzing entries 14377 - 14407, now 14384 , sum entries = 30015 . . . Used time: 0s Expected left time: 0s          
 Analyzing entries 14377 - 14407, now 14385 , sum entries = 30015 . . . Used time: 0s Expected left time: 0s          
 Analyzing entries 14377 - 14407, now 14386 , sum entries = 30015 . . . Used time: 0s Expected left time: 0s          
 Analyzing entries 14377 - 14407, now 14387 , sum entries = 30015 . . . Used time: 0s Expected left time: 0s          
 Analyzing entries 14377 - 14407, now 14388 , sum entries = 30015 . . . Used time: 0s Expected left time: 0s          
 Analyzing entries 14377 - 14407, now 14389 , sum entries = 30015 . . . Used time: 0s Expected left time: 0s          
 Analyzing entries 14377 - 14407, now 14390 , sum entries = 30015 . . . Used time: 0s Expected left time: 0s          
 Analyzing entries 14377 - 14407, now 14391 , sum entries = 30015 . . . Used time: 0s Expected left time: 0s          
 Analyzing entries 14377 - 14407, now 14392 , sum entries = 30015 . . . Used time: 0s Expected left time: 0s          
 Analyzing entries 14377 - 14407, now 14393 , sum entries = 30015 . . . Used time: 0s Expected left time: 0s          
 Analyzing entries 14377 - 14407, now 14394 , sum entries = 30015 . . . Used time: 0s Expected left time: 0s          
 Analyzing entries 14377 - 14407, now 14395 , sum entries = 30015 . . . Used time: 0s Expected left time: 0s          
 Analyzing entries 14377 - 14407, now 14396 , sum entries = 30015 . . . Used time: 0s Expected left time: 0s          
 Analyzing entries 14377 - 14407, now 14397 , sum entries = 30015 . . . Used time: 0s Expected left time: 0s          
 Analyzing entries 14377 - 14407, now 14398 , sum entries = 30015 . . . Used time: 0s Expected left time: 0s          
 Analyzing entries 14377 - 14407, now 14399 , sum entries = 30015 . . . Used time: 0s Expected left time: 0s          
 Analyzing entries 14377 - 14407, now 14400 , sum entries = 30015 . . . Used time: 0s Expected left time: 0s          
 Analyzing entries 14377 - 14407, now 14401 , sum entries = 30015 . . . Used time: 0s Expected left time: 0s          
 Analyzing entries 14377 - 14407, now 14402 , sum entries = 30015 . . . Used time: 0s Expected left time: 0s          
 Analyzing entries 14377 - 14407, now 14403 , sum entries = 30015 . . . Used time: 0s Expected left time: 0s          
 Analyzing entries 14377 - 14407, now 14404 , sum entries = 30015 . . . Used time: 0s Expected left time: 0s          
 Analyzing entries 14377 - 14407, now 14405 , sum entries = 30015 . . . Used time: 0s Expected left time: 0s          
 Analyzing entries 14377 - 14407, now 14406 , sum entries = 30015 . . . Used time: 0s Expected left time: 0s          
 Save to RootFile /extdisk/zlin/Machine_learning/RecoPlanesFeatures/CMS_herwig_HT1000to1500-preVFP_jinitpt450_600_j2pt80_120Reco/Chunk47_Part9.root . . . Used time: 0s Expected left time: 0s          
 Save to RootFile /extdisk/zlin/Machine_learning/RecoPlanesFeatures/CMS_herwig_HT1000to1500-preVFP_jinitpt450_600_j2pt80_120Reco/Chunk47_Part9.root . . . Used time: 0s Expected left time: 0s          
