Warning in <TFile::Init>: file /extdisk/zlin/Machine_learning/RecoPlanes/CMS_herwig_HT1000to1500-preVFP/Chunk25_Part0.root probably not closed, trying to recover
Warning in <TFile::Init>: no keys recovered, file has been made a Zombie
 Analyzing entries 18043 - 18072, now 18043 , sum entries = 29580 . . . Used time: 0s Expected left time: 0s          
 Analyzing entries 18043 - 18072, now 18044 , sum entries = 29580 . . . Used time: 0s Expected left time: 0s          
 Analyzing entries 18043 - 18072, now 18045 , sum entries = 29580 . . . Used time: 0s Expected left time: 0s          
 Analyzing entries 18043 - 18072, now 18046 , sum entries = 29580 . . . Used time: 0s Expected left time: 0s          
 Analyzing entries 18043 - 18072, now 18047 , sum entries = 29580 . . . Used time: 0s Expected left time: 0s          
 Analyzing entries 18043 - 18072, now 18048 , sum entries = 29580 . . . Used time: 0s Expected left time: 0s          
 Analyzing entries 18043 - 18072, now 18049 , sum entries = 29580 . . . Used time: 0s Expected left time: 0s          
 Analyzing entries 18043 - 18072, now 18050 , sum entries = 29580 . . . Used time: 0s Expected left time: 0s          
 Analyzing entries 18043 - 18072, now 18051 , sum entries = 29580 . . . Used time: 0s Expected left time: 0s          
 Analyzing entries 18043 - 18072, now 18052 , sum entries = 29580 . . . Used time: 0s Expected left time: 0s          
 Analyzing entries 18043 - 18072, now 18053 , sum entries = 29580 . . . Used time: 0s Expected left time: 0s          
 Analyzing entries 18043 - 18072, now 18054 , sum entries = 29580 . . . Used time: 0s Expected left time: 0s          
 Analyzing entries 18043 - 18072, now 18055 , sum entries = 29580 . . . Used time: 0s Expected left time: 0s          
 Analyzing entries 18043 - 18072, now 18056 , sum entries = 29580 . . . Used time: 0s Expected left time: 0s          
 Analyzing entries 18043 - 18072, now 18057 , sum entries = 29580 . . . Used time: 0s Expected left time: 0s          
 Analyzing entries 18043 - 18072, now 18058 , sum entries = 29580 . . . Used time: 0s Expected left time: 0s          
 Analyzing entries 18043 - 18072, now 18059 , sum entries = 29580 . . . Used time: 0s Expected left time: 0s          
 Analyzing entries 18043 - 18072, now 18060 , sum entries = 29580 . . . Used time: 0s Expected left time: 0s          
 Analyzing entries 18043 - 18072, now 18061 , sum entries = 29580 . . . Used time: 0s Expected left time: 0s          
 Analyzing entries 18043 - 18072, now 18062 , sum entries = 29580 . . . Used time: 0s Expected left time: 0s          
 Analyzing entries 18043 - 18072, now 18063 , sum entries = 29580 . . . Used time: 0s Expected left time: 0s          
 Analyzing entries 18043 - 18072, now 18064 , sum entries = 29580 . . . Used time: 0s Expected left time: 0s          
 Analyzing entries 18043 - 18072, now 18065 , sum entries = 29580 . . . Used time: 0s Expected left time: 0s          
 Analyzing entries 18043 - 18072, now 18066 , sum entries = 29580 . . . Used time: 0s Expected left time: 0s          
 Analyzing entries 18043 - 18072, now 18067 , sum entries = 29580 . . . Used time: 0s Expected left time: 0s          
 Analyzing entries 18043 - 18072, now 18068 , sum entries = 29580 . . . Used time: 0s Expected left time: 0s          
 Analyzing entries 18043 - 18072, now 18069 , sum entries = 29580 . . . Used time: 0s Expected left time: 0s          
 Analyzing entries 18043 - 18072, now 18070 , sum entries = 29580 . . . Used time: 0s Expected left time: 0s          
 Analyzing entries 18043 - 18072, now 18071 , sum entries = 29580 . . . Used time: 0s Expected left time: 0s          
 Save to RootFile /extdisk/zlin/Machine_learning/RecoPlanesFeatures/CMS_herwig_HT1000to1500-preVFP_jinitpt450_600_j2pt80_120Reco/Chunk61_Part0.root . . . Used time: 0s Expected left time: 0s          
 Save to RootFile /extdisk/zlin/Machine_learning/RecoPlanesFeatures/CMS_herwig_HT1000to1500-preVFP_jinitpt450_600_j2pt80_120Reco/Chunk61_Part0.root . . . Used time: 0s Expected left time: 0s          
 Save to RootFile /extdisk/zlin/Machine_learning/RecoPlanesFeatures/CMS_herwig_HT1000to1500-preVFP_jinitpt450_600_j2pt80_120Reco/Chunk61_Part0.root . . . Used time: 0s Expected left time: 0s          
 Analyzing entries 18073 - 18102, now 18073 , sum entries = 29580 . . . Used time: 0s Expected left time: 0s          
 Analyzing entries 18073 - 18102, now 18074 , sum entries = 29580 . . . Used time: 0s Expected left time: 0s          
 Analyzing entries 18073 - 18102, now 18075 , sum entries = 29580 . . . Used time: 0s Expected left time: 0s          
 Analyzing entries 18073 - 18102, now 18076 , sum entries = 29580 . . . Used time: 0s Expected left time: 0s          
 Analyzing entries 18073 - 18102, now 18077 , sum entries = 29580 . . . Used time: 0s Expected left time: 0s          
 Analyzing entries 18073 - 18102, now 18078 , sum entries = 29580 . . . Used time: 0s Expected left time: 0s          
 Analyzing entries 18073 - 18102, now 18079 , sum entries = 29580 . . . Used time: 0s Expected left time: 0s          
 Analyzing entries 18073 - 18102, now 18080 , sum entries = 29580 . . . Used time: 0s Expected left time: 0s          
 Analyzing entries 18073 - 18102, now 18081 , sum entries = 29580 . . . Used time: 0s Expected left time: 0s          
 Analyzing entries 18073 - 18102, now 18082 , sum entries = 29580 . . . Used time: 0s Expected left time: 0s          
 Analyzing entries 18073 - 18102, now 18083 , sum entries = 29580 . . . Used time: 0s Expected left time: 0s          
 Analyzing entries 18073 - 18102, now 18084 , sum entries = 29580 . . . Used time: 0s Expected left time: 0s          
 Analyzing entries 18073 - 18102, now 18085 , sum entries = 29580 . . . Used time: 0s Expected left time: 0s          
 Analyzing entries 18073 - 18102, now 18086 , sum entries = 29580 . . . Used time: 0s Expected left time: 0s          
 Analyzing entries 18073 - 18102, now 18087 , sum entries = 29580 . . . Used time: 0s Expected left time: 0s          
 Analyzing entries 18073 - 18102, now 18088 , sum entries = 29580 . . . Used time: 0s Expected left time: 0s          
 Analyzing entries 18073 - 18102, now 18089 , sum entries = 29580 . . . Used time: 0s Expected left time: 0s          
 Analyzing entries 18073 - 18102, now 18090 , sum entries = 29580 . . . Used time: 0s Expected left time: 0s          
 Analyzing entries 18073 - 18102, now 18091 , sum entries = 29580 . . . Used time: 0s Expected left time: 0s          
 Analyzing entries 18073 - 18102, now 18092 , sum entries = 29580 . . . Used time: 0s Expected left time: 0s          
 Analyzing entries 18073 - 18102, now 18093 , sum entries = 29580 . . . Used time: 0s Expected left time: 0s          
 Analyzing entries 18073 - 18102, now 18094 , sum entries = 29580 . . . Used time: 0s Expected left time: 0s          
 Analyzing entries 18073 - 18102, now 18095 , sum entries = 29580 . . . Used time: 0s Expected left time: 0s          
 Analyzing entries 18073 - 18102, now 18096 , sum entries = 29580 . . . Used time: 0s Expected left time: 0s          
 Analyzing entries 18073 - 18102, now 18097 , sum entries = 29580 . . . Used time: 0s Expected left time: 0s          
 Analyzing entries 18073 - 18102, now 18098 , sum entries = 29580 . . . Used time: 0s Expected left time: 0s          
 Analyzing entries 18073 - 18102, now 18099 , sum entries = 29580 . . . Used time: 0s Expected left time: 0s          
 Analyzing entries 18073 - 18102, now 18100 , sum entries = 29580 . . . Used time: 0s Expected left time: 0s          
 Analyzing entries 18073 - 18102, now 18101 , sum entries = 29580 . . . Used time: 0s Expected left time: 0s          
 Save to RootFile /extdisk/zlin/Machine_learning/RecoPlanesFeatures/CMS_herwig_HT1000to1500-preVFP_jinitpt450_600_j2pt80_120Reco/Chunk61_Part1.root . . . Used time: 0s Expected left time: 0s          
 Save to RootFile /extdisk/zlin/Machine_learning/RecoPlanesFeatures/CMS_herwig_HT1000to1500-preVFP_jinitpt450_600_j2pt80_120Reco/Chunk61_Part1.root . . . Used time: 0s Expected left time: 0s          
 Save to RootFile /extdisk/zlin/Machine_learning/RecoPlanesFeatures/CMS_herwig_HT1000to1500-preVFP_jinitpt450_600_j2pt80_120Reco/Chunk61_Part1.root . . . Used time: 0s Expected left time: 0s          
 Save to RootFile /extdisk/zlin/Machine_learning/RecoPlanesFeatures/CMS_herwig_HT1000to1500-preVFP_jinitpt450_600_j2pt80_120Reco/Chunk61_Part1.root . . . Used time: 0s Expected left time: 0s          
 Analyzing entries 18102 - 18131, now 18102 , sum entries = 29580 . . . Used time: 0s Expected left time: 0s          
 Analyzing entries 18102 - 18131, now 18103 , sum entries = 29580 . . . Used time: 0s Expected left time: 0s          
 Analyzing entries 18102 - 18131, now 18104 , sum entries = 29580 . . . Used time: 0s Expected left time: 0s          
 Analyzing entries 18102 - 18131, now 18105 , sum entries = 29580 . . . Used time: 0s Expected left time: 0s          
 Analyzing entries 18102 - 18131, now 18106 , sum entries = 29580 . . . Used time: 0s Expected left time: 0s          
 Analyzing entries 18102 - 18131, now 18107 , sum entries = 29580 . . . Used time: 0s Expected left time: 0s          
 Analyzing entries 18102 - 18131, now 18108 , sum entries = 29580 . . . Used time: 0s Expected left time: 0s          
 Analyzing entries 18102 - 18131, now 18109 , sum entries = 29580 . . . Used time: 0s Expected left time: 0s          
 Analyzing entries 18102 - 18131, now 18110 , sum entries = 29580 . . . Used time: 0s Expected left time: 0s          
 Analyzing entries 18102 - 18131, now 18111 , sum entries = 29580 . . . Used time: 0s Expected left time: 0s          
 Analyzing entries 18102 - 18131, now 18112 , sum entries = 29580 . . . Used time: 0s Expected left time: 0s          
 Analyzing entries 18102 - 18131, now 18113 , sum entries = 29580 . . . Used time: 0s Expected left time: 0s          
 Analyzing entries 18102 - 18131, now 18114 , sum entries = 29580 . . . Used time: 0s Expected left time: 0s          
 Analyzing entries 18102 - 18131, now 18115 , sum entries = 29580 . . . Used time: 0s Expected left time: 0s          
 Analyzing entries 18102 - 18131, now 18116 , sum entries = 29580 . . . Used time: 0s Expected left time: 0s          
 Analyzing entries 18102 - 18131, now 18117 , sum entries = 29580 . . . Used time: 0s Expected left time: 0s          
 Analyzing entries 18102 - 18131, now 18118 , sum entries = 29580 . . . Used time: 0s Expected left time: 0s          
 Analyzing entries 18102 - 18131, now 18119 , sum entries = 29580 . . . Used time: 0s Expected left time: 0s          
 Analyzing entries 18102 - 18131, now 18120 , sum entries = 29580 . . . Used time: 0s Expected left time: 0s          
 Analyzing entries 18102 - 18131, now 18121 , sum entries = 29580 . . . Used time: 0s Expected left time: 0s          
 Analyzing entries 18102 - 18131, now 18122 , sum entries = 29580 . . . Used time: 0s Expected left time: 0s          
 Analyzing entries 18102 - 18131, now 18123 , sum entries = 29580 . . . Used time: 0s Expected left time: 0s          
 Analyzing entries 18102 - 18131, now 18124 , sum entries = 29580 . . . Used time: 0s Expected left time: 0s          
 Analyzing entries 18102 - 18131, now 18125 , sum entries = 29580 . . . Used time: 0s Expected left time: 0s          
 Analyzing entries 18102 - 18131, now 18126 , sum entries = 29580 . . . Used time: 0s Expected left time: 0s          
 Analyzing entries 18102 - 18131, now 18127 , sum entries = 29580 . . . Used time: 0s Expected left time: 0s          
 Analyzing entries 18102 - 18131, now 18128 , sum entries = 29580 . . . Used time: 0s Expected left time: 0s          
 Analyzing entries 18102 - 18131, now 18129 , sum entries = 29580 . . . Used time: 0s Expected left time: 0s          
 Analyzing entries 18102 - 18131, now 18130 , sum entries = 29580 . . . Used time: 0s Expected left time: 0s          
 Save to RootFile /extdisk/zlin/Machine_learning/RecoPlanesFeatures/CMS_herwig_HT1000to1500-preVFP_jinitpt450_600_j2pt80_120Reco/Chunk61_Part2.root . . . Used time: 0s Expected left time: 0s          
 Save to RootFile /extdisk/zlin/Machine_learning/RecoPlanesFeatures/CMS_herwig_HT1000to1500-preVFP_jinitpt450_600_j2pt80_120Reco/Chunk61_Part2.root . . . Used time: 0s Expected left time: 0s          
 Save to RootFile /extdisk/zlin/Machine_learning/RecoPlanesFeatures/CMS_herwig_HT1000to1500-preVFP_jinitpt450_600_j2pt80_120Reco/Chunk61_Part2.root . . . Used time: 0s Expected left time: 0s          
 Save to RootFile /extdisk/zlin/Machine_learning/RecoPlanesFeatures/CMS_herwig_HT1000to1500-preVFP_jinitpt450_600_j2pt80_120Reco/Chunk61_Part2.root . . . Used time: 0s Expected left time: 0s          
 Save to RootFile /extdisk/zlin/Machine_learning/RecoPlanesFeatures/CMS_herwig_HT1000to1500-preVFP_jinitpt450_600_j2pt80_120Reco/Chunk61_Part2.root . . . Used time: 0s Expected left time: 0s          
 Analyzing entries 18132 - 18161, now 18132 , sum entries = 29580 . . . Used time: 0s Expected left time: 0s          
 Analyzing entries 18132 - 18161, now 18133 , sum entries = 29580 . . . Used time: 0s Expected left time: 0s          
 Analyzing entries 18132 - 18161, now 18134 , sum entries = 29580 . . . Used time: 0s Expected left time: 0s          
 Analyzing entries 18132 - 18161, now 18135 , sum entries = 29580 . . . Used time: 0s Expected left time: 0s          
 Analyzing entries 18132 - 18161, now 18136 , sum entries = 29580 . . . Used time: 0s Expected left time: 0s          
 Analyzing entries 18132 - 18161, now 18137 , sum entries = 29580 . . . Used time: 0s Expected left time: 0s          
 Analyzing entries 18132 - 18161, now 18138 , sum entries = 29580 . . . Used time: 0s Expected left time: 0s          
 Analyzing entries 18132 - 18161, now 18139 , sum entries = 29580 . . . Used time: 0s Expected left time: 0s          
 Analyzing entries 18132 - 18161, now 18140 , sum entries = 29580 . . . Used time: 0s Expected left time: 0s          
 Analyzing entries 18132 - 18161, now 18141 , sum entries = 29580 . . . Used time: 0s Expected left time: 0s          
 Analyzing entries 18132 - 18161, now 18142 , sum entries = 29580 . . . Used time: 0s Expected left time: 0s          
 Analyzing entries 18132 - 18161, now 18143 , sum entries = 29580 . . . Used time: 0s Expected left time: 0s          
 Analyzing entries 18132 - 18161, now 18144 , sum entries = 29580 . . . Used time: 0s Expected left time: 0s          
 Analyzing entries 18132 - 18161, now 18145 , sum entries = 29580 . . . Used time: 0s Expected left time: 0s          
 Analyzing entries 18132 - 18161, now 18146 , sum entries = 29580 . . . Used time: 0s Expected left time: 0s          
 Analyzing entries 18132 - 18161, now 18147 , sum entries = 29580 . . . Used time: 0s Expected left time: 0s          
 Analyzing entries 18132 - 18161, now 18148 , sum entries = 29580 . . . Used time: 0s Expected left time: 0s          
 Analyzing entries 18132 - 18161, now 18149 , sum entries = 29580 . . . Used time: 0s Expected left time: 0s          
 Analyzing entries 18132 - 18161, now 18150 , sum entries = 29580 . . . Used time: 0s Expected left time: 0s          
 Analyzing entries 18132 - 18161, now 18151 , sum entries = 29580 . . . Used time: 0s Expected left time: 0s          
 Analyzing entries 18132 - 18161, now 18152 , sum entries = 29580 . . . Used time: 0s Expected left time: 0s          
 Analyzing entries 18132 - 18161, now 18153 , sum entries = 29580 . . . Used time: 0s Expected left time: 0s          
 Analyzing entries 18132 - 18161, now 18154 , sum entries = 29580 . . . Used time: 0s Expected left time: 0s          
 Analyzing entries 18132 - 18161, now 18155 , sum entries = 29580 . . . Used time: 0s Expected left time: 0s          
 Analyzing entries 18132 - 18161, now 18156 , sum entries = 29580 . . . Used time: 0s Expected left time: 0s          
 Analyzing entries 18132 - 18161, now 18157 , sum entries = 29580 . . . Used time: 0s Expected left time: 0s          
 Analyzing entries 18132 - 18161, now 18158 , sum entries = 29580 . . . Used time: 0s Expected left time: 0s          
 Analyzing entries 18132 - 18161, now 18159 , sum entries = 29580 . . . Used time: 0s Expected left time: 0s          
 Analyzing entries 18132 - 18161, now 18160 , sum entries = 29580 . . . Used time: 0s Expected left time: 0s          
 Save to RootFile /extdisk/zlin/Machine_learning/RecoPlanesFeatures/CMS_herwig_HT1000to1500-preVFP_jinitpt450_600_j2pt80_120Reco/Chunk61_Part3.root . . . Used time: 0s Expected left time: 0s          
 Save to RootFile /extdisk/zlin/Machine_learning/RecoPlanesFeatures/CMS_herwig_HT1000to1500-preVFP_jinitpt450_600_j2pt80_120Reco/Chunk61_Part3.root . . . Used time: 0s Expected left time: 0s          
 Save to RootFile /extdisk/zlin/Machine_learning/RecoPlanesFeatures/CMS_herwig_HT1000to1500-preVFP_jinitpt450_600_j2pt80_120Reco/Chunk61_Part3.root . . . Used time: 0s Expected left time: 0s          
 Analyzing entries 18162 - 18191, now 18162 , sum entries = 29580 . . . Used time: 0s Expected left time: 0s          
 Analyzing entries 18162 - 18191, now 18163 , sum entries = 29580 . . . Used time: 0s Expected left time: 0s          
 Analyzing entries 18162 - 18191, now 18164 , sum entries = 29580 . . . Used time: 0s Expected left time: 0s          
 Analyzing entries 18162 - 18191, now 18165 , sum entries = 29580 . . . Used time: 0s Expected left time: 0s          
 Analyzing entries 18162 - 18191, now 18166 , sum entries = 29580 . . . Used time: 0s Expected left time: 0s          
 Analyzing entries 18162 - 18191, now 18167 , sum entries = 29580 . . . Used time: 0s Expected left time: 0s          
 Analyzing entries 18162 - 18191, now 18168 , sum entries = 29580 . . . Used time: 0s Expected left time: 0s          
 Analyzing entries 18162 - 18191, now 18169 , sum entries = 29580 . . . Used time: 0s Expected left time: 0s          
 Analyzing entries 18162 - 18191, now 18170 , sum entries = 29580 . . . Used time: 0s Expected left time: 0s          
 Analyzing entries 18162 - 18191, now 18171 , sum entries = 29580 . . . Used time: 0s Expected left time: 0s          
 Analyzing entries 18162 - 18191, now 18172 , sum entries = 29580 . . . Used time: 0s Expected left time: 0s          
 Analyzing entries 18162 - 18191, now 18173 , sum entries = 29580 . . . Used time: 0s Expected left time: 0s          
 Analyzing entries 18162 - 18191, now 18174 , sum entries = 29580 . . . Used time: 0s Expected left time: 0s          
 Analyzing entries 18162 - 18191, now 18175 , sum entries = 29580 . . . Used time: 0s Expected left time: 0s          
 Analyzing entries 18162 - 18191, now 18176 , sum entries = 29580 . . . Used time: 0s Expected left time: 0s          
 Analyzing entries 18162 - 18191, now 18177 , sum entries = 29580 . . . Used time: 0s Expected left time: 0s          
 Analyzing entries 18162 - 18191, now 18178 , sum entries = 29580 . . . Used time: 0s Expected left time: 0s          
 Analyzing entries 18162 - 18191, now 18179 , sum entries = 29580 . . . Used time: 0s Expected left time: 0s          
 Analyzing entries 18162 - 18191, now 18180 , sum entries = 29580 . . . Used time: 0s Expected left time: 0s          
 Analyzing entries 18162 - 18191, now 18181 , sum entries = 29580 . . . Used time: 0s Expected left time: 0s          
 Analyzing entries 18162 - 18191, now 18182 , sum entries = 29580 . . . Used time: 0s Expected left time: 0s          
 Analyzing entries 18162 - 18191, now 18183 , sum entries = 29580 . . . Used time: 0s Expected left time: 0s          
 Analyzing entries 18162 - 18191, now 18184 , sum entries = 29580 . . . Used time: 0s Expected left time: 0s          
 Analyzing entries 18162 - 18191, now 18185 , sum entries = 29580 . . . Used time: 0s Expected left time: 0s          
 Analyzing entries 18162 - 18191, now 18186 , sum entries = 29580 . . . Used time: 0s Expected left time: 0s          
 Analyzing entries 18162 - 18191, now 18187 , sum entries = 29580 . . . Used time: 0s Expected left time: 0s          
 Analyzing entries 18162 - 18191, now 18188 , sum entries = 29580 . . . Used time: 0s Expected left time: 0s          
 Analyzing entries 18162 - 18191, now 18189 , sum entries = 29580 . . . Used time: 0s Expected left time: 0s          
 Analyzing entries 18162 - 18191, now 18190 , sum entries = 29580 . . . Used time: 0s Expected left time: 0s          
 Save to RootFile /extdisk/zlin/Machine_learning/RecoPlanesFeatures/CMS_herwig_HT1000to1500-preVFP_jinitpt450_600_j2pt80_120Reco/Chunk61_Part4.root . . . Used time: 0s Expected left time: 0s          
 Save to RootFile /extdisk/zlin/Machine_learning/RecoPlanesFeatures/CMS_herwig_HT1000to1500-preVFP_jinitpt450_600_j2pt80_120Reco/Chunk61_Part4.root . . . Used time: 0s Expected left time: 0s          
 Save to RootFile /extdisk/zlin/Machine_learning/RecoPlanesFeatures/CMS_herwig_HT1000to1500-preVFP_jinitpt450_600_j2pt80_120Reco/Chunk61_Part4.root . . . Used time: 0s Expected left time: 0s          
 Save to RootFile /extdisk/zlin/Machine_learning/RecoPlanesFeatures/CMS_herwig_HT1000to1500-preVFP_jinitpt450_600_j2pt80_120Reco/Chunk61_Part4.root . . . Used time: 0s Expected left time: 0s          
 Save to RootFile /extdisk/zlin/Machine_learning/RecoPlanesFeatures/CMS_herwig_HT1000to1500-preVFP_jinitpt450_600_j2pt80_120Reco/Chunk61_Part4.root . . . Used time: 0s Expected left time: 0s          
 Save to RootFile /extdisk/zlin/Machine_learning/RecoPlanesFeatures/CMS_herwig_HT1000to1500-preVFP_jinitpt450_600_j2pt80_120Reco/Chunk61_Part4.root . . . Used time: 0s Expected left time: 0s          
 Save to RootFile /extdisk/zlin/Machine_learning/RecoPlanesFeatures/CMS_herwig_HT1000to1500-preVFP_jinitpt450_600_j2pt80_120Reco/Chunk61_Part4.root . . . Used time: 0s Expected left time: 0s          
 Analyzing entries 18191 - 18220, now 18191 , sum entries = 29580 . . . Used time: 0s Expected left time: 0s          
 Analyzing entries 18191 - 18220, now 18192 , sum entries = 29580 . . . Used time: 0s Expected left time: 0s          
 Analyzing entries 18191 - 18220, now 18193 , sum entries = 29580 . . . Used time: 0s Expected left time: 0s          
 Analyzing entries 18191 - 18220, now 18194 , sum entries = 29580 . . . Used time: 0s Expected left time: 0s          
 Analyzing entries 18191 - 18220, now 18195 , sum entries = 29580 . . . Used time: 0s Expected left time: 0s          
 Analyzing entries 18191 - 18220, now 18196 , sum entries = 29580 . . . Used time: 0s Expected left time: 0s          
 Analyzing entries 18191 - 18220, now 18197 , sum entries = 29580 . . . Used time: 0s Expected left time: 0s          
 Analyzing entries 18191 - 18220, now 18198 , sum entries = 29580 . . . Used time: 0s Expected left time: 0s          
 Analyzing entries 18191 - 18220, now 18199 , sum entries = 29580 . . . Used time: 0s Expected left time: 0s          
 Analyzing entries 18191 - 18220, now 18200 , sum entries = 29580 . . . Used time: 0s Expected left time: 0s          
 Analyzing entries 18191 - 18220, now 18201 , sum entries = 29580 . . . Used time: 0s Expected left time: 0s          
 Analyzing entries 18191 - 18220, now 18202 , sum entries = 29580 . . . Used time: 0s Expected left time: 0s          
 Analyzing entries 18191 - 18220, now 18203 , sum entries = 29580 . . . Used time: 0s Expected left time: 0s          
 Analyzing entries 18191 - 18220, now 18204 , sum entries = 29580 . . . Used time: 0s Expected left time: 0s          
 Analyzing entries 18191 - 18220, now 18205 , sum entries = 29580 . . . Used time: 0s Expected left time: 0s          
 Analyzing entries 18191 - 18220, now 18206 , sum entries = 29580 . . . Used time: 0s Expected left time: 0s          
 Analyzing entries 18191 - 18220, now 18207 , sum entries = 29580 . . . Used time: 0s Expected left time: 0s          
 Analyzing entries 18191 - 18220, now 18208 , sum entries = 29580 . . . Used time: 0s Expected left time: 0s          
 Analyzing entries 18191 - 18220, now 18209 , sum entries = 29580 . . . Used time: 0s Expected left time: 0s          
 Analyzing entries 18191 - 18220, now 18210 , sum entries = 29580 . . . Used time: 0s Expected left time: 0s          
 Analyzing entries 18191 - 18220, now 18211 , sum entries = 29580 . . . Used time: 0s Expected left time: 0s          
 Analyzing entries 18191 - 18220, now 18212 , sum entries = 29580 . . . Used time: 0s Expected left time: 0s          
 Analyzing entries 18191 - 18220, now 18213 , sum entries = 29580 . . . Used time: 0s Expected left time: 0s          
 Analyzing entries 18191 - 18220, now 18214 , sum entries = 29580 . . . Used time: 0s Expected left time: 0s          
 Analyzing entries 18191 - 18220, now 18215 , sum entries = 29580 . . . Used time: 0s Expected left time: 0s          
 Analyzing entries 18191 - 18220, now 18216 , sum entries = 29580 . . . Used time: 0s Expected left time: 0s          
 Analyzing entries 18191 - 18220, now 18217 , sum entries = 29580 . . . Used time: 0s Expected left time: 0s          
 Analyzing entries 18191 - 18220, now 18218 , sum entries = 29580 . . . Used time: 0s Expected left time: 0s          
 Analyzing entries 18191 - 18220, now 18219 , sum entries = 29580 . . . Used time: 0s Expected left time: 0s          
 Save to RootFile /extdisk/zlin/Machine_learning/RecoPlanesFeatures/CMS_herwig_HT1000to1500-preVFP_jinitpt450_600_j2pt80_120Reco/Chunk61_Part5.root . . . Used time: 0s Expected left time: 0s          
 Save to RootFile /extdisk/zlin/Machine_learning/RecoPlanesFeatures/CMS_herwig_HT1000to1500-preVFP_jinitpt450_600_j2pt80_120Reco/Chunk61_Part5.root . . . Used time: 0s Expected left time: 0s          
 Save to RootFile /extdisk/zlin/Machine_learning/RecoPlanesFeatures/CMS_herwig_HT1000to1500-preVFP_jinitpt450_600_j2pt80_120Reco/Chunk61_Part5.root . . . Used time: 0s Expected left time: 0s          
 Analyzing entries 18221 - 18250, now 18221 , sum entries = 29580 . . . Used time: 0s Expected left time: 0s          
 Analyzing entries 18221 - 18250, now 18222 , sum entries = 29580 . . . Used time: 0s Expected left time: 0s          
 Analyzing entries 18221 - 18250, now 18223 , sum entries = 29580 . . . Used time: 0s Expected left time: 0s          
 Analyzing entries 18221 - 18250, now 18224 , sum entries = 29580 . . . Used time: 0s Expected left time: 0s          
 Analyzing entries 18221 - 18250, now 18225 , sum entries = 29580 . . . Used time: 0s Expected left time: 0s          
 Analyzing entries 18221 - 18250, now 18226 , sum entries = 29580 . . . Used time: 0s Expected left time: 0s          
 Analyzing entries 18221 - 18250, now 18227 , sum entries = 29580 . . . Used time: 0s Expected left time: 0s          
 Analyzing entries 18221 - 18250, now 18228 , sum entries = 29580 . . . Used time: 0s Expected left time: 0s          
 Analyzing entries 18221 - 18250, now 18229 , sum entries = 29580 . . . Used time: 0s Expected left time: 0s          
 Analyzing entries 18221 - 18250, now 18230 , sum entries = 29580 . . . Used time: 0s Expected left time: 0s          
 Analyzing entries 18221 - 18250, now 18231 , sum entries = 29580 . . . Used time: 0s Expected left time: 0s          
 Analyzing entries 18221 - 18250, now 18232 , sum entries = 29580 . . . Used time: 0s Expected left time: 0s          
 Analyzing entries 18221 - 18250, now 18233 , sum entries = 29580 . . . Used time: 0s Expected left time: 0s          
 Analyzing entries 18221 - 18250, now 18234 , sum entries = 29580 . . . Used time: 0s Expected left time: 0s          
 Analyzing entries 18221 - 18250, now 18235 , sum entries = 29580 . . . Used time: 0s Expected left time: 0s          
 Analyzing entries 18221 - 18250, now 18236 , sum entries = 29580 . . . Used time: 0s Expected left time: 0s          
 Analyzing entries 18221 - 18250, now 18237 , sum entries = 29580 . . . Used time: 0s Expected left time: 0s          
 Analyzing entries 18221 - 18250, now 18238 , sum entries = 29580 . . . Used time: 0s Expected left time: 0s          
 Analyzing entries 18221 - 18250, now 18239 , sum entries = 29580 . . . Used time: 0s Expected left time: 0s          
 Analyzing entries 18221 - 18250, now 18240 , sum entries = 29580 . . . Used time: 0s Expected left time: 0s          
 Analyzing entries 18221 - 18250, now 18241 , sum entries = 29580 . . . Used time: 0s Expected left time: 0s          
 Analyzing entries 18221 - 18250, now 18242 , sum entries = 29580 . . . Used time: 0s Expected left time: 0s          
 Analyzing entries 18221 - 18250, now 18243 , sum entries = 29580 . . . Used time: 0s Expected left time: 0s          
 Analyzing entries 18221 - 18250, now 18244 , sum entries = 29580 . . . Used time: 0s Expected left time: 0s          
 Analyzing entries 18221 - 18250, now 18245 , sum entries = 29580 . . . Used time: 0s Expected left time: 0s          
 Analyzing entries 18221 - 18250, now 18246 , sum entries = 29580 . . . Used time: 0s Expected left time: 0s          
 Analyzing entries 18221 - 18250, now 18247 , sum entries = 29580 . . . Used time: 0s Expected left time: 0s          
 Analyzing entries 18221 - 18250, now 18248 , sum entries = 29580 . . . Used time: 0s Expected left time: 0s          
 Analyzing entries 18221 - 18250, now 18249 , sum entries = 29580 . . . Used time: 0s Expected left time: 0s          
 Save to RootFile /extdisk/zlin/Machine_learning/RecoPlanesFeatures/CMS_herwig_HT1000to1500-preVFP_jinitpt450_600_j2pt80_120Reco/Chunk61_Part6.root . . . Used time: 0s Expected left time: 0s          
 Save to RootFile /extdisk/zlin/Machine_learning/RecoPlanesFeatures/CMS_herwig_HT1000to1500-preVFP_jinitpt450_600_j2pt80_120Reco/Chunk61_Part6.root . . . Used time: 0s Expected left time: 0s          
 Save to RootFile /extdisk/zlin/Machine_learning/RecoPlanesFeatures/CMS_herwig_HT1000to1500-preVFP_jinitpt450_600_j2pt80_120Reco/Chunk61_Part6.root . . . Used time: 0s Expected left time: 0s          
 Save to RootFile /extdisk/zlin/Machine_learning/RecoPlanesFeatures/CMS_herwig_HT1000to1500-preVFP_jinitpt450_600_j2pt80_120Reco/Chunk61_Part6.root . . . Used time: 0s Expected left time: 0s          
 Analyzing entries 18250 - 18279, now 18250 , sum entries = 29580 . . . Used time: 0s Expected left time: 0s          
 Analyzing entries 18250 - 18279, now 18251 , sum entries = 29580 . . . Used time: 0s Expected left time: 0s          
 Analyzing entries 18250 - 18279, now 18252 , sum entries = 29580 . . . Used time: 0s Expected left time: 0s          
 Analyzing entries 18250 - 18279, now 18253 , sum entries = 29580 . . . Used time: 0s Expected left time: 0s          
 Analyzing entries 18250 - 18279, now 18254 , sum entries = 29580 . . . Used time: 0s Expected left time: 0s          
 Analyzing entries 18250 - 18279, now 18255 , sum entries = 29580 . . . Used time: 0s Expected left time: 0s          
 Analyzing entries 18250 - 18279, now 18256 , sum entries = 29580 . . . Used time: 0s Expected left time: 0s          
 Analyzing entries 18250 - 18279, now 18257 , sum entries = 29580 . . . Used time: 0s Expected left time: 0s          
 Analyzing entries 18250 - 18279, now 18258 , sum entries = 29580 . . . Used time: 0s Expected left time: 0s          
 Analyzing entries 18250 - 18279, now 18259 , sum entries = 29580 . . . Used time: 0s Expected left time: 0s          
 Analyzing entries 18250 - 18279, now 18260 , sum entries = 29580 . . . Used time: 0s Expected left time: 0s          
 Analyzing entries 18250 - 18279, now 18261 , sum entries = 29580 . . . Used time: 0s Expected left time: 0s          
 Analyzing entries 18250 - 18279, now 18262 , sum entries = 29580 . . . Used time: 0s Expected left time: 0s          
 Analyzing entries 18250 - 18279, now 18263 , sum entries = 29580 . . . Used time: 0s Expected left time: 0s          
 Analyzing entries 18250 - 18279, now 18264 , sum entries = 29580 . . . Used time: 0s Expected left time: 0s          
 Analyzing entries 18250 - 18279, now 18265 , sum entries = 29580 . . . Used time: 0s Expected left time: 0s          
 Analyzing entries 18250 - 18279, now 18266 , sum entries = 29580 . . . Used time: 0s Expected left time: 0s          
 Analyzing entries 18250 - 18279, now 18267 , sum entries = 29580 . . . Used time: 0s Expected left time: 0s          
 Analyzing entries 18250 - 18279, now 18268 , sum entries = 29580 . . . Used time: 0s Expected left time: 0s          
 Analyzing entries 18250 - 18279, now 18269 , sum entries = 29580 . . . Used time: 0s Expected left time: 0s          
 Analyzing entries 18250 - 18279, now 18270 , sum entries = 29580 . . . Used time: 0s Expected left time: 0s          
 Analyzing entries 18250 - 18279, now 18271 , sum entries = 29580 . . . Used time: 0s Expected left time: 0s          
 Analyzing entries 18250 - 18279, now 18272 , sum entries = 29580 . . . Used time: 0s Expected left time: 0s          
 Analyzing entries 18250 - 18279, now 18273 , sum entries = 29580 . . . Used time: 0s Expected left time: 0s          
 Analyzing entries 18250 - 18279, now 18274 , sum entries = 29580 . . . Used time: 0s Expected left time: 0s          
 Analyzing entries 18250 - 18279, now 18275 , sum entries = 29580 . . . Used time: 0s Expected left time: 0s          
 Analyzing entries 18250 - 18279, now 18276 , sum entries = 29580 . . . Used time: 0s Expected left time: 0s          
 Analyzing entries 18250 - 18279, now 18277 , sum entries = 29580 . . . Used time: 0s Expected left time: 0s          
 Analyzing entries 18250 - 18279, now 18278 , sum entries = 29580 . . . Used time: 0s Expected left time: 0s          
 Save to RootFile /extdisk/zlin/Machine_learning/RecoPlanesFeatures/CMS_herwig_HT1000to1500-preVFP_jinitpt450_600_j2pt80_120Reco/Chunk61_Part7.root . . . Used time: 0s Expected left time: 0s          
 Save to RootFile /extdisk/zlin/Machine_learning/RecoPlanesFeatures/CMS_herwig_HT1000to1500-preVFP_jinitpt450_600_j2pt80_120Reco/Chunk61_Part7.root . . . Used time: 0s Expected left time: 0s          
 Save to RootFile /extdisk/zlin/Machine_learning/RecoPlanesFeatures/CMS_herwig_HT1000to1500-preVFP_jinitpt450_600_j2pt80_120Reco/Chunk61_Part7.root . . . Used time: 0s Expected left time: 0s          
 Save to RootFile /extdisk/zlin/Machine_learning/RecoPlanesFeatures/CMS_herwig_HT1000to1500-preVFP_jinitpt450_600_j2pt80_120Reco/Chunk61_Part7.root . . . Used time: 0s Expected left time: 0s          
 Save to RootFile /extdisk/zlin/Machine_learning/RecoPlanesFeatures/CMS_herwig_HT1000to1500-preVFP_jinitpt450_600_j2pt80_120Reco/Chunk61_Part7.root . . . Used time: 0s Expected left time: 0s          
 Analyzing entries 18280 - 18309, now 18280 , sum entries = 29580 . . . Used time: 0s Expected left time: 0s          
 Analyzing entries 18280 - 18309, now 18281 , sum entries = 29580 . . . Used time: 0s Expected left time: 0s          
 Analyzing entries 18280 - 18309, now 18282 , sum entries = 29580 . . . Used time: 0s Expected left time: 0s          
 Analyzing entries 18280 - 18309, now 18283 , sum entries = 29580 . . . Used time: 0s Expected left time: 0s          
 Analyzing entries 18280 - 18309, now 18284 , sum entries = 29580 . . . Used time: 0s Expected left time: 0s          
 Analyzing entries 18280 - 18309, now 18285 , sum entries = 29580 . . . Used time: 0s Expected left time: 0s          
 Analyzing entries 18280 - 18309, now 18286 , sum entries = 29580 . . . Used time: 0s Expected left time: 0s          
 Analyzing entries 18280 - 18309, now 18287 , sum entries = 29580 . . . Used time: 0s Expected left time: 0s          
 Analyzing entries 18280 - 18309, now 18288 , sum entries = 29580 . . . Used time: 0s Expected left time: 0s          
 Analyzing entries 18280 - 18309, now 18289 , sum entries = 29580 . . . Used time: 0s Expected left time: 0s          
 Analyzing entries 18280 - 18309, now 18290 , sum entries = 29580 . . . Used time: 0s Expected left time: 0s          
 Analyzing entries 18280 - 18309, now 18291 , sum entries = 29580 . . . Used time: 0s Expected left time: 0s          
 Analyzing entries 18280 - 18309, now 18292 , sum entries = 29580 . . . Used time: 0s Expected left time: 0s          
 Analyzing entries 18280 - 18309, now 18293 , sum entries = 29580 . . . Used time: 0s Expected left time: 0s          
 Analyzing entries 18280 - 18309, now 18294 , sum entries = 29580 . . . Used time: 0s Expected left time: 0s          
 Analyzing entries 18280 - 18309, now 18295 , sum entries = 29580 . . . Used time: 0s Expected left time: 0s          
 Analyzing entries 18280 - 18309, now 18296 , sum entries = 29580 . . . Used time: 0s Expected left time: 0s          
 Analyzing entries 18280 - 18309, now 18297 , sum entries = 29580 . . . Used time: 0s Expected left time: 0s          
 Analyzing entries 18280 - 18309, now 18298 , sum entries = 29580 . . . Used time: 0s Expected left time: 0s          
 Analyzing entries 18280 - 18309, now 18299 , sum entries = 29580 . . . Used time: 0s Expected left time: 0s          
 Analyzing entries 18280 - 18309, now 18300 , sum entries = 29580 . . . Used time: 0s Expected left time: 0s          
 Analyzing entries 18280 - 18309, now 18301 , sum entries = 29580 . . . Used time: 0s Expected left time: 0s          
 Analyzing entries 18280 - 18309, now 18302 , sum entries = 29580 . . . Used time: 0s Expected left time: 0s          
 Analyzing entries 18280 - 18309, now 18303 , sum entries = 29580 . . . Used time: 0s Expected left time: 0s          
 Analyzing entries 18280 - 18309, now 18304 , sum entries = 29580 . . . Used time: 0s Expected left time: 0s          
 Analyzing entries 18280 - 18309, now 18305 , sum entries = 29580 . . . Used time: 0s Expected left time: 0s          
 Analyzing entries 18280 - 18309, now 18306 , sum entries = 29580 . . . Used time: 0s Expected left time: 0s          
 Analyzing entries 18280 - 18309, now 18307 , sum entries = 29580 . . . Used time: 0s Expected left time: 0s          
 Analyzing entries 18280 - 18309, now 18308 , sum entries = 29580 . . . Used time: 0s Expected left time: 0s          
 Save to RootFile /extdisk/zlin/Machine_learning/RecoPlanesFeatures/CMS_herwig_HT1000to1500-preVFP_jinitpt450_600_j2pt80_120Reco/Chunk61_Part8.root . . . Used time: 0s Expected left time: 0s          
 Save to RootFile /extdisk/zlin/Machine_learning/RecoPlanesFeatures/CMS_herwig_HT1000to1500-preVFP_jinitpt450_600_j2pt80_120Reco/Chunk61_Part8.root . . . Used time: 0s Expected left time: 0s          
 Save to RootFile /extdisk/zlin/Machine_learning/RecoPlanesFeatures/CMS_herwig_HT1000to1500-preVFP_jinitpt450_600_j2pt80_120Reco/Chunk61_Part8.root . . . Used time: 0s Expected left time: 0s          
 Save to RootFile /extdisk/zlin/Machine_learning/RecoPlanesFeatures/CMS_herwig_HT1000to1500-preVFP_jinitpt450_600_j2pt80_120Reco/Chunk61_Part8.root . . . Used time: 0s Expected left time: 0s          
 Save to RootFile /extdisk/zlin/Machine_learning/RecoPlanesFeatures/CMS_herwig_HT1000to1500-preVFP_jinitpt450_600_j2pt80_120Reco/Chunk61_Part8.root . . . Used time: 0s Expected left time: 0s          
 Analyzing entries 18310 - 18339, now 18310 , sum entries = 29580 . . . Used time: 0s Expected left time: 0s          
 Analyzing entries 18310 - 18339, now 18311 , sum entries = 29580 . . . Used time: 0s Expected left time: 0s          
 Analyzing entries 18310 - 18339, now 18312 , sum entries = 29580 . . . Used time: 0s Expected left time: 0s          
 Analyzing entries 18310 - 18339, now 18313 , sum entries = 29580 . . . Used time: 0s Expected left time: 0s          
 Analyzing entries 18310 - 18339, now 18314 , sum entries = 29580 . . . Used time: 0s Expected left time: 0s          
 Analyzing entries 18310 - 18339, now 18315 , sum entries = 29580 . . . Used time: 0s Expected left time: 0s          
 Analyzing entries 18310 - 18339, now 18316 , sum entries = 29580 . . . Used time: 0s Expected left time: 0s          
 Analyzing entries 18310 - 18339, now 18317 , sum entries = 29580 . . . Used time: 0s Expected left time: 0s          
 Analyzing entries 18310 - 18339, now 18318 , sum entries = 29580 . . . Used time: 0s Expected left time: 0s          
 Analyzing entries 18310 - 18339, now 18319 , sum entries = 29580 . . . Used time: 0s Expected left time: 0s          
 Analyzing entries 18310 - 18339, now 18320 , sum entries = 29580 . . . Used time: 0s Expected left time: 0s          
 Analyzing entries 18310 - 18339, now 18321 , sum entries = 29580 . . . Used time: 0s Expected left time: 0s          
 Analyzing entries 18310 - 18339, now 18322 , sum entries = 29580 . . . Used time: 0s Expected left time: 0s          
 Analyzing entries 18310 - 18339, now 18323 , sum entries = 29580 . . . Used time: 0s Expected left time: 0s          
 Analyzing entries 18310 - 18339, now 18324 , sum entries = 29580 . . . Used time: 0s Expected left time: 0s          
 Analyzing entries 18310 - 18339, now 18325 , sum entries = 29580 . . . Used time: 0s Expected left time: 0s          
 Analyzing entries 18310 - 18339, now 18326 , sum entries = 29580 . . . Used time: 0s Expected left time: 0s          
 Analyzing entries 18310 - 18339, now 18327 , sum entries = 29580 . . . Used time: 0s Expected left time: 0s          
 Analyzing entries 18310 - 18339, now 18328 , sum entries = 29580 . . . Used time: 0s Expected left time: 0s          
 Analyzing entries 18310 - 18339, now 18329 , sum entries = 29580 . . . Used time: 0s Expected left time: 0s          
 Analyzing entries 18310 - 18339, now 18330 , sum entries = 29580 . . . Used time: 0s Expected left time: 0s          
 Analyzing entries 18310 - 18339, now 18331 , sum entries = 29580 . . . Used time: 0s Expected left time: 0s          
 Analyzing entries 18310 - 18339, now 18332 , sum entries = 29580 . . . Used time: 0s Expected left time: 0s          
 Analyzing entries 18310 - 18339, now 18333 , sum entries = 29580 . . . Used time: 0s Expected left time: 0s          
 Analyzing entries 18310 - 18339, now 18334 , sum entries = 29580 . . . Used time: 0s Expected left time: 0s          
 Analyzing entries 18310 - 18339, now 18335 , sum entries = 29580 . . . Used time: 0s Expected left time: 0s          
 Analyzing entries 18310 - 18339, now 18336 , sum entries = 29580 . . . Used time: 0s Expected left time: 0s          
 Analyzing entries 18310 - 18339, now 18337 , sum entries = 29580 . . . Used time: 0s Expected left time: 0s          
 Analyzing entries 18310 - 18339, now 18338 , sum entries = 29580 . . . Used time: 0s Expected left time: 0s          
 Save to RootFile /extdisk/zlin/Machine_learning/RecoPlanesFeatures/CMS_herwig_HT1000to1500-preVFP_jinitpt450_600_j2pt80_120Reco/Chunk61_Part9.root . . . Used time: 0s Expected left time: 0s          
 Save to RootFile /extdisk/zlin/Machine_learning/RecoPlanesFeatures/CMS_herwig_HT1000to1500-preVFP_jinitpt450_600_j2pt80_120Reco/Chunk61_Part9.root . . . Used time: 0s Expected left time: 0s          
 Save to RootFile /extdisk/zlin/Machine_learning/RecoPlanesFeatures/CMS_herwig_HT1000to1500-preVFP_jinitpt450_600_j2pt80_120Reco/Chunk61_Part9.root . . . Used time: 0s Expected left time: 0s          
