Warning in <TFile::Init>: file /extdisk/zlin/Machine_learning/RecoPlanes/CMS_herwig_HT1000to1500-preVFP/Chunk20_Part0.root probably not closed, trying to recover
Warning in <TFile::Init>: no keys recovered, file has been made a Zombie
Warning in <TFile::Init>: file /extdisk/zlin/Machine_learning/RecoPlanes/CMS_herwig_HT1000to1500-preVFP/Chunk25_Part0.root probably not closed, trying to recover
Warning in <TFile::Init>: no keys recovered, file has been made a Zombie
Warning in <TFile::Init>: file /extdisk/zlin/Machine_learning/RecoPlanes/CMS_herwig_HT1000to1500-preVFP/Chunk26_Part0.root probably not closed, trying to recover
Warning in <TFile::Init>: no keys recovered, file has been made a Zombie
Warning in <TFile::Init>: file /extdisk/zlin/Machine_learning/RecoPlanes/CMS_herwig_HT1000to1500-preVFP/Chunk36_Part0.root probably not closed, trying to recover
Warning in <TFile::Init>: no keys recovered, file has been made a Zombie
Warning in <TFile::Init>: file /extdisk/zlin/Machine_learning/RecoPlanes/CMS_herwig_HT1000to1500-preVFP/Chunk38_Part0.root probably not closed, trying to recover
Warning in <TFile::Init>: no keys recovered, file has been made a Zombie
Warning in <TFile::Init>: file /extdisk/zlin/Machine_learning/RecoPlanes/CMS_herwig_HT1000to1500-preVFP/Chunk39_Part0.root probably not closed, trying to recover
Warning in <TFile::Init>: no keys recovered, file has been made a Zombie
Warning in <TFile::Init>: file /extdisk/zlin/Machine_learning/RecoPlanes/CMS_herwig_HT1000to1500-preVFP/Chunk51_Part0.root probably not closed, trying to recover
Warning in <TFile::Init>: no keys recovered, file has been made a Zombie
Warning in <TFile::Init>: file /extdisk/zlin/Machine_learning/RecoPlanes/CMS_herwig_HT1000to1500-preVFP/Chunk89_Part0.root probably not closed, trying to recover
Warning in <TFile::Init>: no keys recovered, file has been made a Zombie
 Analyzing entries 32168 - 32204, now 32168 , sum entries = 36975 . . . Used time: 0s Expected left time: 0s          
 Analyzing entries 32168 - 32204, now 32169 , sum entries = 36975 . . . Used time: 0s Expected left time: 0s          
 Analyzing entries 32168 - 32204, now 32170 , sum entries = 36975 . . . Used time: 0s Expected left time: 0s          
 Analyzing entries 32168 - 32204, now 32171 , sum entries = 36975 . . . Used time: 0s Expected left time: 0s          
 Analyzing entries 32168 - 32204, now 32172 , sum entries = 36975 . . . Used time: 0s Expected left time: 0s          
 Analyzing entries 32168 - 32204, now 32173 , sum entries = 36975 . . . Used time: 0s Expected left time: 0s          
 Analyzing entries 32168 - 32204, now 32174 , sum entries = 36975 . . . Used time: 0s Expected left time: 0s          
 Analyzing entries 32168 - 32204, now 32175 , sum entries = 36975 . . . Used time: 0s Expected left time: 0s          
 Analyzing entries 32168 - 32204, now 32176 , sum entries = 36975 . . . Used time: 0s Expected left time: 0s          
 Analyzing entries 32168 - 32204, now 32177 , sum entries = 36975 . . . Used time: 0s Expected left time: 0s          
 Analyzing entries 32168 - 32204, now 32178 , sum entries = 36975 . . . Used time: 0s Expected left time: 0s          
 Analyzing entries 32168 - 32204, now 32179 , sum entries = 36975 . . . Used time: 0s Expected left time: 0s          
 Analyzing entries 32168 - 32204, now 32180 , sum entries = 36975 . . . Used time: 0s Expected left time: 0s          
 Analyzing entries 32168 - 32204, now 32181 , sum entries = 36975 . . . Used time: 0s Expected left time: 0s          
 Analyzing entries 32168 - 32204, now 32182 , sum entries = 36975 . . . Used time: 0s Expected left time: 0s          
 Analyzing entries 32168 - 32204, now 32183 , sum entries = 36975 . . . Used time: 0s Expected left time: 0s          
 Analyzing entries 32168 - 32204, now 32184 , sum entries = 36975 . . . Used time: 0s Expected left time: 0s          
 Analyzing entries 32168 - 32204, now 32185 , sum entries = 36975 . . . Used time: 0s Expected left time: 0s          
 Analyzing entries 32168 - 32204, now 32186 , sum entries = 36975 . . . Used time: 0s Expected left time: 0s          
 Analyzing entries 32168 - 32204, now 32187 , sum entries = 36975 . . . Used time: 0s Expected left time: 0s          
 Analyzing entries 32168 - 32204, now 32188 , sum entries = 36975 . . . Used time: 0s Expected left time: 0s          
 Analyzing entries 32168 - 32204, now 32189 , sum entries = 36975 . . . Used time: 0s Expected left time: 0s          
 Analyzing entries 32168 - 32204, now 32190 , sum entries = 36975 . . . Used time: 0s Expected left time: 0s          
 Analyzing entries 32168 - 32204, now 32191 , sum entries = 36975 . . . Used time: 0s Expected left time: 0s          
 Analyzing entries 32168 - 32204, now 32192 , sum entries = 36975 . . . Used time: 0s Expected left time: 0s          
 Analyzing entries 32168 - 32204, now 32193 , sum entries = 36975 . . . Used time: 0s Expected left time: 0s          
 Analyzing entries 32168 - 32204, now 32194 , sum entries = 36975 . . . Used time: 0s Expected left time: 0s          
 Analyzing entries 32168 - 32204, now 32195 , sum entries = 36975 . . . Used time: 0s Expected left time: 0s          
 Analyzing entries 32168 - 32204, now 32196 , sum entries = 36975 . . . Used time: 0s Expected left time: 0s          
 Analyzing entries 32168 - 32204, now 32197 , sum entries = 36975 . . . Used time: 0s Expected left time: 0s          
 Analyzing entries 32168 - 32204, now 32198 , sum entries = 36975 . . . Used time: 0s Expected left time: 0s          
 Analyzing entries 32168 - 32204, now 32199 , sum entries = 36975 . . . Used time: 0s Expected left time: 0s          
 Analyzing entries 32168 - 32204, now 32200 , sum entries = 36975 . . . Used time: 0s Expected left time: 0s          
 Analyzing entries 32168 - 32204, now 32201 , sum entries = 36975 . . . Used time: 0s Expected left time: 0s          
 Analyzing entries 32168 - 32204, now 32202 , sum entries = 36975 . . . Used time: 0s Expected left time: 0s          
 Analyzing entries 32168 - 32204, now 32203 , sum entries = 36975 . . . Used time: 0s Expected left time: 0s          
 Save to RootFile /extdisk/zlin/Machine_learning/RecoPlanesFeatures/CMS_herwig_HT1000to1500-preVFP_jinitpt450_600_j2pt80_120Reco/Chunk87_Part0.root . . . Used time: 0s Expected left time: 0s          
 Save to RootFile /extdisk/zlin/Machine_learning/RecoPlanesFeatures/CMS_herwig_HT1000to1500-preVFP_jinitpt450_600_j2pt80_120Reco/Chunk87_Part0.root . . . Used time: 0s Expected left time: 0s          
 Save to RootFile /extdisk/zlin/Machine_learning/RecoPlanesFeatures/CMS_herwig_HT1000to1500-preVFP_jinitpt450_600_j2pt80_120Reco/Chunk87_Part0.root . . . Used time: 0s Expected left time: 0s          
 Save to RootFile /extdisk/zlin/Machine_learning/RecoPlanesFeatures/CMS_herwig_HT1000to1500-preVFP_jinitpt450_600_j2pt80_120Reco/Chunk87_Part0.root . . . Used time: 0s Expected left time: 0s          
 Save to RootFile /extdisk/zlin/Machine_learning/RecoPlanesFeatures/CMS_herwig_HT1000to1500-preVFP_jinitpt450_600_j2pt80_120Reco/Chunk87_Part0.root . . . Used time: 0s Expected left time: 0s          
 Analyzing entries 32205 - 32241, now 32205 , sum entries = 36975 . . . Used time: 0s Expected left time: 0s          
 Analyzing entries 32205 - 32241, now 32206 , sum entries = 36975 . . . Used time: 0s Expected left time: 0s          
 Analyzing entries 32205 - 32241, now 32207 , sum entries = 36975 . . . Used time: 0s Expected left time: 0s          
 Analyzing entries 32205 - 32241, now 32208 , sum entries = 36975 . . . Used time: 0s Expected left time: 0s          
 Analyzing entries 32205 - 32241, now 32209 , sum entries = 36975 . . . Used time: 0s Expected left time: 0s          
 Analyzing entries 32205 - 32241, now 32210 , sum entries = 36975 . . . Used time: 0s Expected left time: 0s          
 Analyzing entries 32205 - 32241, now 32211 , sum entries = 36975 . . . Used time: 0s Expected left time: 0s          
 Analyzing entries 32205 - 32241, now 32212 , sum entries = 36975 . . . Used time: 0s Expected left time: 0s          
 Analyzing entries 32205 - 32241, now 32213 , sum entries = 36975 . . . Used time: 0s Expected left time: 0s          
 Analyzing entries 32205 - 32241, now 32214 , sum entries = 36975 . . . Used time: 0s Expected left time: 0s          
 Analyzing entries 32205 - 32241, now 32215 , sum entries = 36975 . . . Used time: 0s Expected left time: 0s          
 Analyzing entries 32205 - 32241, now 32216 , sum entries = 36975 . . . Used time: 0s Expected left time: 0s          
 Analyzing entries 32205 - 32241, now 32217 , sum entries = 36975 . . . Used time: 0s Expected left time: 0s          
 Analyzing entries 32205 - 32241, now 32218 , sum entries = 36975 . . . Used time: 0s Expected left time: 0s          
 Analyzing entries 32205 - 32241, now 32219 , sum entries = 36975 . . . Used time: 0s Expected left time: 0s          
 Analyzing entries 32205 - 32241, now 32220 , sum entries = 36975 . . . Used time: 0s Expected left time: 0s          
 Analyzing entries 32205 - 32241, now 32221 , sum entries = 36975 . . . Used time: 0s Expected left time: 0s          
 Analyzing entries 32205 - 32241, now 32222 , sum entries = 36975 . . . Used time: 0s Expected left time: 0s          
 Analyzing entries 32205 - 32241, now 32223 , sum entries = 36975 . . . Used time: 0s Expected left time: 0s          
 Analyzing entries 32205 - 32241, now 32224 , sum entries = 36975 . . . Used time: 0s Expected left time: 0s          
 Analyzing entries 32205 - 32241, now 32225 , sum entries = 36975 . . . Used time: 0s Expected left time: 0s          
 Analyzing entries 32205 - 32241, now 32226 , sum entries = 36975 . . . Used time: 0s Expected left time: 0s          
 Analyzing entries 32205 - 32241, now 32227 , sum entries = 36975 . . . Used time: 0s Expected left time: 0s          
 Analyzing entries 32205 - 32241, now 32228 , sum entries = 36975 . . . Used time: 0s Expected left time: 0s          
 Analyzing entries 32205 - 32241, now 32229 , sum entries = 36975 . . . Used time: 0s Expected left time: 0s          
 Analyzing entries 32205 - 32241, now 32230 , sum entries = 36975 . . . Used time: 0s Expected left time: 0s          
 Analyzing entries 32205 - 32241, now 32231 , sum entries = 36975 . . . Used time: 0s Expected left time: 0s          
 Analyzing entries 32205 - 32241, now 32232 , sum entries = 36975 . . . Used time: 0s Expected left time: 0s          
 Analyzing entries 32205 - 32241, now 32233 , sum entries = 36975 . . . Used time: 0s Expected left time: 0s          
 Analyzing entries 32205 - 32241, now 32234 , sum entries = 36975 . . . Used time: 0s Expected left time: 0s          
 Analyzing entries 32205 - 32241, now 32235 , sum entries = 36975 . . . Used time: 0s Expected left time: 0s          
 Analyzing entries 32205 - 32241, now 32236 , sum entries = 36975 . . . Used time: 0s Expected left time: 0s          
 Analyzing entries 32205 - 32241, now 32237 , sum entries = 36975 . . . Used time: 0s Expected left time: 0s          
 Analyzing entries 32205 - 32241, now 32238 , sum entries = 36975 . . . Used time: 0s Expected left time: 0s          
 Analyzing entries 32205 - 32241, now 32239 , sum entries = 36975 . . . Used time: 0s Expected left time: 0s          
 Analyzing entries 32205 - 32241, now 32240 , sum entries = 36975 . . . Used time: 0s Expected left time: 0s          
 Save to RootFile /extdisk/zlin/Machine_learning/RecoPlanesFeatures/CMS_herwig_HT1000to1500-preVFP_jinitpt450_600_j2pt80_120Reco/Chunk87_Part1.root . . . Used time: 0s Expected left time: 0s          
 Save to RootFile /extdisk/zlin/Machine_learning/RecoPlanesFeatures/CMS_herwig_HT1000to1500-preVFP_jinitpt450_600_j2pt80_120Reco/Chunk87_Part1.root . . . Used time: 0s Expected left time: 0s          
 Save to RootFile /extdisk/zlin/Machine_learning/RecoPlanesFeatures/CMS_herwig_HT1000to1500-preVFP_jinitpt450_600_j2pt80_120Reco/Chunk87_Part1.root . . . Used time: 0s Expected left time: 0s          
 Save to RootFile /extdisk/zlin/Machine_learning/RecoPlanesFeatures/CMS_herwig_HT1000to1500-preVFP_jinitpt450_600_j2pt80_120Reco/Chunk87_Part1.root . . . Used time: 0s Expected left time: 0s          
 Save to RootFile /extdisk/zlin/Machine_learning/RecoPlanesFeatures/CMS_herwig_HT1000to1500-preVFP_jinitpt450_600_j2pt80_120Reco/Chunk87_Part1.root . . . Used time: 0s Expected left time: 0s          
 Save to RootFile /extdisk/zlin/Machine_learning/RecoPlanesFeatures/CMS_herwig_HT1000to1500-preVFP_jinitpt450_600_j2pt80_120Reco/Chunk87_Part1.root . . . Used time: 0s Expected left time: 0s          
 Analyzing entries 32242 - 32278, now 32242 , sum entries = 36975 . . . Used time: 0s Expected left time: 0s          
 Analyzing entries 32242 - 32278, now 32243 , sum entries = 36975 . . . Used time: 0s Expected left time: 0s          
 Analyzing entries 32242 - 32278, now 32244 , sum entries = 36975 . . . Used time: 0s Expected left time: 0s          
 Analyzing entries 32242 - 32278, now 32245 , sum entries = 36975 . . . Used time: 0s Expected left time: 0s          
 Analyzing entries 32242 - 32278, now 32246 , sum entries = 36975 . . . Used time: 0s Expected left time: 0s          
 Analyzing entries 32242 - 32278, now 32247 , sum entries = 36975 . . . Used time: 0s Expected left time: 0s          
 Analyzing entries 32242 - 32278, now 32248 , sum entries = 36975 . . . Used time: 0s Expected left time: 0s          
 Analyzing entries 32242 - 32278, now 32249 , sum entries = 36975 . . . Used time: 0s Expected left time: 0s          
 Analyzing entries 32242 - 32278, now 32250 , sum entries = 36975 . . . Used time: 0s Expected left time: 0s          
 Analyzing entries 32242 - 32278, now 32251 , sum entries = 36975 . . . Used time: 0s Expected left time: 0s          
 Analyzing entries 32242 - 32278, now 32252 , sum entries = 36975 . . . Used time: 0s Expected left time: 0s          
 Analyzing entries 32242 - 32278, now 32253 , sum entries = 36975 . . . Used time: 0s Expected left time: 0s          
 Analyzing entries 32242 - 32278, now 32254 , sum entries = 36975 . . . Used time: 0s Expected left time: 0s          
 Analyzing entries 32242 - 32278, now 32255 , sum entries = 36975 . . . Used time: 0s Expected left time: 0s          
 Analyzing entries 32242 - 32278, now 32256 , sum entries = 36975 . . . Used time: 0s Expected left time: 0s          
 Analyzing entries 32242 - 32278, now 32257 , sum entries = 36975 . . . Used time: 0s Expected left time: 0s          
 Analyzing entries 32242 - 32278, now 32258 , sum entries = 36975 . . . Used time: 0s Expected left time: 0s          
 Analyzing entries 32242 - 32278, now 32259 , sum entries = 36975 . . . Used time: 0s Expected left time: 0s          
 Analyzing entries 32242 - 32278, now 32260 , sum entries = 36975 . . . Used time: 0s Expected left time: 0s          
 Analyzing entries 32242 - 32278, now 32261 , sum entries = 36975 . . . Used time: 0s Expected left time: 0s          
 Analyzing entries 32242 - 32278, now 32262 , sum entries = 36975 . . . Used time: 0s Expected left time: 0s          
 Analyzing entries 32242 - 32278, now 32263 , sum entries = 36975 . . . Used time: 0s Expected left time: 0s          
 Analyzing entries 32242 - 32278, now 32264 , sum entries = 36975 . . . Used time: 0s Expected left time: 0s          
 Analyzing entries 32242 - 32278, now 32265 , sum entries = 36975 . . . Used time: 0s Expected left time: 0s          
 Analyzing entries 32242 - 32278, now 32266 , sum entries = 36975 . . . Used time: 0s Expected left time: 0s          
 Analyzing entries 32242 - 32278, now 32267 , sum entries = 36975 . . . Used time: 0s Expected left time: 0s          
 Analyzing entries 32242 - 32278, now 32268 , sum entries = 36975 . . . Used time: 0s Expected left time: 0s          
 Analyzing entries 32242 - 32278, now 32269 , sum entries = 36975 . . . Used time: 0s Expected left time: 0s          
 Analyzing entries 32242 - 32278, now 32270 , sum entries = 36975 . . . Used time: 0s Expected left time: 0s          
 Analyzing entries 32242 - 32278, now 32271 , sum entries = 36975 . . . Used time: 0s Expected left time: 0s          
 Analyzing entries 32242 - 32278, now 32272 , sum entries = 36975 . . . Used time: 0s Expected left time: 0s          
 Analyzing entries 32242 - 32278, now 32273 , sum entries = 36975 . . . Used time: 0s Expected left time: 0s          
 Analyzing entries 32242 - 32278, now 32274 , sum entries = 36975 . . . Used time: 0s Expected left time: 0s          
 Analyzing entries 32242 - 32278, now 32275 , sum entries = 36975 . . . Used time: 0s Expected left time: 0s          
 Analyzing entries 32242 - 32278, now 32276 , sum entries = 36975 . . . Used time: 0s Expected left time: 0s          
 Analyzing entries 32242 - 32278, now 32277 , sum entries = 36975 . . . Used time: 0s Expected left time: 0s          
 Save to RootFile /extdisk/zlin/Machine_learning/RecoPlanesFeatures/CMS_herwig_HT1000to1500-preVFP_jinitpt450_600_j2pt80_120Reco/Chunk87_Part2.root . . . Used time: 0s Expected left time: 0s          
 Save to RootFile /extdisk/zlin/Machine_learning/RecoPlanesFeatures/CMS_herwig_HT1000to1500-preVFP_jinitpt450_600_j2pt80_120Reco/Chunk87_Part2.root . . . Used time: 0s Expected left time: 0s          
 Save to RootFile /extdisk/zlin/Machine_learning/RecoPlanesFeatures/CMS_herwig_HT1000to1500-preVFP_jinitpt450_600_j2pt80_120Reco/Chunk87_Part2.root . . . Used time: 0s Expected left time: 0s          
 Save to RootFile /extdisk/zlin/Machine_learning/RecoPlanesFeatures/CMS_herwig_HT1000to1500-preVFP_jinitpt450_600_j2pt80_120Reco/Chunk87_Part2.root . . . Used time: 0s Expected left time: 0s          
 Save to RootFile /extdisk/zlin/Machine_learning/RecoPlanesFeatures/CMS_herwig_HT1000to1500-preVFP_jinitpt450_600_j2pt80_120Reco/Chunk87_Part2.root . . . Used time: 0s Expected left time: 0s          
 Analyzing entries 32279 - 32315, now 32279 , sum entries = 36975 . . . Used time: 0s Expected left time: 0s          
 Analyzing entries 32279 - 32315, now 32280 , sum entries = 36975 . . . Used time: 0s Expected left time: 0s          
 Analyzing entries 32279 - 32315, now 32281 , sum entries = 36975 . . . Used time: 0s Expected left time: 0s          
 Analyzing entries 32279 - 32315, now 32282 , sum entries = 36975 . . . Used time: 0s Expected left time: 0s          
 Analyzing entries 32279 - 32315, now 32283 , sum entries = 36975 . . . Used time: 0s Expected left time: 0s          
 Analyzing entries 32279 - 32315, now 32284 , sum entries = 36975 . . . Used time: 0s Expected left time: 0s          
 Analyzing entries 32279 - 32315, now 32285 , sum entries = 36975 . . . Used time: 0s Expected left time: 0s          
 Analyzing entries 32279 - 32315, now 32286 , sum entries = 36975 . . . Used time: 0s Expected left time: 0s          
 Analyzing entries 32279 - 32315, now 32287 , sum entries = 36975 . . . Used time: 0s Expected left time: 0s          
 Analyzing entries 32279 - 32315, now 32288 , sum entries = 36975 . . . Used time: 0s Expected left time: 0s          
 Analyzing entries 32279 - 32315, now 32289 , sum entries = 36975 . . . Used time: 0s Expected left time: 0s          
 Analyzing entries 32279 - 32315, now 32290 , sum entries = 36975 . . . Used time: 0s Expected left time: 0s          
 Analyzing entries 32279 - 32315, now 32291 , sum entries = 36975 . . . Used time: 0s Expected left time: 0s          
 Analyzing entries 32279 - 32315, now 32292 , sum entries = 36975 . . . Used time: 0s Expected left time: 0s          
 Analyzing entries 32279 - 32315, now 32293 , sum entries = 36975 . . . Used time: 0s Expected left time: 0s          
 Analyzing entries 32279 - 32315, now 32294 , sum entries = 36975 . . . Used time: 0s Expected left time: 0s          
 Analyzing entries 32279 - 32315, now 32295 , sum entries = 36975 . . . Used time: 0s Expected left time: 0s          
 Analyzing entries 32279 - 32315, now 32296 , sum entries = 36975 . . . Used time: 0s Expected left time: 0s          
 Analyzing entries 32279 - 32315, now 32297 , sum entries = 36975 . . . Used time: 0s Expected left time: 0s          
 Analyzing entries 32279 - 32315, now 32298 , sum entries = 36975 . . . Used time: 0s Expected left time: 0s          
 Analyzing entries 32279 - 32315, now 32299 , sum entries = 36975 . . . Used time: 0s Expected left time: 0s          
 Analyzing entries 32279 - 32315, now 32300 , sum entries = 36975 . . . Used time: 0s Expected left time: 0s          
 Analyzing entries 32279 - 32315, now 32301 , sum entries = 36975 . . . Used time: 0s Expected left time: 0s          
 Analyzing entries 32279 - 32315, now 32302 , sum entries = 36975 . . . Used time: 0s Expected left time: 0s          
 Analyzing entries 32279 - 32315, now 32303 , sum entries = 36975 . . . Used time: 0s Expected left time: 0s          
 Analyzing entries 32279 - 32315, now 32304 , sum entries = 36975 . . . Used time: 0s Expected left time: 0s          
 Analyzing entries 32279 - 32315, now 32305 , sum entries = 36975 . . . Used time: 0s Expected left time: 0s          
 Analyzing entries 32279 - 32315, now 32306 , sum entries = 36975 . . . Used time: 0s Expected left time: 0s          
 Analyzing entries 32279 - 32315, now 32307 , sum entries = 36975 . . . Used time: 0s Expected left time: 0s          
 Analyzing entries 32279 - 32315, now 32308 , sum entries = 36975 . . . Used time: 0s Expected left time: 0s          
 Analyzing entries 32279 - 32315, now 32309 , sum entries = 36975 . . . Used time: 0s Expected left time: 0s          
 Analyzing entries 32279 - 32315, now 32310 , sum entries = 36975 . . . Used time: 0s Expected left time: 0s          
 Analyzing entries 32279 - 32315, now 32311 , sum entries = 36975 . . . Used time: 0s Expected left time: 0s          
 Analyzing entries 32279 - 32315, now 32312 , sum entries = 36975 . . . Used time: 0s Expected left time: 0s          
 Analyzing entries 32279 - 32315, now 32313 , sum entries = 36975 . . . Used time: 0s Expected left time: 0s          
 Analyzing entries 32279 - 32315, now 32314 , sum entries = 36975 . . . Used time: 0s Expected left time: 0s          
 Save to RootFile /extdisk/zlin/Machine_learning/RecoPlanesFeatures/CMS_herwig_HT1000to1500-preVFP_jinitpt450_600_j2pt80_120Reco/Chunk87_Part3.root . . . Used time: 0s Expected left time: 0s          
 Save to RootFile /extdisk/zlin/Machine_learning/RecoPlanesFeatures/CMS_herwig_HT1000to1500-preVFP_jinitpt450_600_j2pt80_120Reco/Chunk87_Part3.root . . . Used time: 0s Expected left time: 0s          
 Save to RootFile /extdisk/zlin/Machine_learning/RecoPlanesFeatures/CMS_herwig_HT1000to1500-preVFP_jinitpt450_600_j2pt80_120Reco/Chunk87_Part3.root . . . Used time: 0s Expected left time: 0s          
 Save to RootFile /extdisk/zlin/Machine_learning/RecoPlanesFeatures/CMS_herwig_HT1000to1500-preVFP_jinitpt450_600_j2pt80_120Reco/Chunk87_Part3.root . . . Used time: 0s Expected left time: 0s          
 Analyzing entries 32316 - 32352, now 32316 , sum entries = 36975 . . . Used time: 0s Expected left time: 0s          
 Analyzing entries 32316 - 32352, now 32317 , sum entries = 36975 . . . Used time: 0s Expected left time: 0s          
 Analyzing entries 32316 - 32352, now 32318 , sum entries = 36975 . . . Used time: 0s Expected left time: 0s          
 Analyzing entries 32316 - 32352, now 32319 , sum entries = 36975 . . . Used time: 0s Expected left time: 0s          
 Analyzing entries 32316 - 32352, now 32320 , sum entries = 36975 . . . Used time: 0s Expected left time: 0s          
 Analyzing entries 32316 - 32352, now 32321 , sum entries = 36975 . . . Used time: 0s Expected left time: 0s          
 Analyzing entries 32316 - 32352, now 32322 , sum entries = 36975 . . . Used time: 0s Expected left time: 0s          
 Analyzing entries 32316 - 32352, now 32323 , sum entries = 36975 . . . Used time: 0s Expected left time: 0s          
 Analyzing entries 32316 - 32352, now 32324 , sum entries = 36975 . . . Used time: 0s Expected left time: 0s          
 Analyzing entries 32316 - 32352, now 32325 , sum entries = 36975 . . . Used time: 0s Expected left time: 0s          
 Analyzing entries 32316 - 32352, now 32326 , sum entries = 36975 . . . Used time: 0s Expected left time: 0s          
 Analyzing entries 32316 - 32352, now 32327 , sum entries = 36975 . . . Used time: 0s Expected left time: 0s          
 Analyzing entries 32316 - 32352, now 32328 , sum entries = 36975 . . . Used time: 0s Expected left time: 0s          
 Analyzing entries 32316 - 32352, now 32329 , sum entries = 36975 . . . Used time: 0s Expected left time: 0s          
 Analyzing entries 32316 - 32352, now 32330 , sum entries = 36975 . . . Used time: 0s Expected left time: 0s          
 Analyzing entries 32316 - 32352, now 32331 , sum entries = 36975 . . . Used time: 0s Expected left time: 0s          
 Analyzing entries 32316 - 32352, now 32332 , sum entries = 36975 . . . Used time: 0s Expected left time: 0s          
 Analyzing entries 32316 - 32352, now 32333 , sum entries = 36975 . . . Used time: 0s Expected left time: 0s          
 Analyzing entries 32316 - 32352, now 32334 , sum entries = 36975 . . . Used time: 0s Expected left time: 0s          
 Analyzing entries 32316 - 32352, now 32335 , sum entries = 36975 . . . Used time: 0s Expected left time: 0s          
 Analyzing entries 32316 - 32352, now 32336 , sum entries = 36975 . . . Used time: 0s Expected left time: 0s          
 Analyzing entries 32316 - 32352, now 32337 , sum entries = 36975 . . . Used time: 0s Expected left time: 0s          
 Analyzing entries 32316 - 32352, now 32338 , sum entries = 36975 . . . Used time: 0s Expected left time: 0s          
 Analyzing entries 32316 - 32352, now 32339 , sum entries = 36975 . . . Used time: 0s Expected left time: 0s          
 Analyzing entries 32316 - 32352, now 32340 , sum entries = 36975 . . . Used time: 0s Expected left time: 0s          
 Analyzing entries 32316 - 32352, now 32341 , sum entries = 36975 . . . Used time: 0s Expected left time: 0s          
 Analyzing entries 32316 - 32352, now 32342 , sum entries = 36975 . . . Used time: 0s Expected left time: 0s          
 Analyzing entries 32316 - 32352, now 32343 , sum entries = 36975 . . . Used time: 0s Expected left time: 0s          
 Analyzing entries 32316 - 32352, now 32344 , sum entries = 36975 . . . Used time: 0s Expected left time: 0s          
 Analyzing entries 32316 - 32352, now 32345 , sum entries = 36975 . . . Used time: 0s Expected left time: 0s          
 Analyzing entries 32316 - 32352, now 32346 , sum entries = 36975 . . . Used time: 0s Expected left time: 0s          
 Analyzing entries 32316 - 32352, now 32347 , sum entries = 36975 . . . Used time: 0s Expected left time: 0s          
 Analyzing entries 32316 - 32352, now 32348 , sum entries = 36975 . . . Used time: 0s Expected left time: 0s          
 Analyzing entries 32316 - 32352, now 32349 , sum entries = 36975 . . . Used time: 0s Expected left time: 0s          
 Analyzing entries 32316 - 32352, now 32350 , sum entries = 36975 . . . Used time: 0s Expected left time: 0s          
 Analyzing entries 32316 - 32352, now 32351 , sum entries = 36975 . . . Used time: 0s Expected left time: 0s          
 Save to RootFile /extdisk/zlin/Machine_learning/RecoPlanesFeatures/CMS_herwig_HT1000to1500-preVFP_jinitpt450_600_j2pt80_120Reco/Chunk87_Part4.root . . . Used time: 0s Expected left time: 0s          
 Save to RootFile /extdisk/zlin/Machine_learning/RecoPlanesFeatures/CMS_herwig_HT1000to1500-preVFP_jinitpt450_600_j2pt80_120Reco/Chunk87_Part4.root . . . Used time: 0s Expected left time: 0s          
 Save to RootFile /extdisk/zlin/Machine_learning/RecoPlanesFeatures/CMS_herwig_HT1000to1500-preVFP_jinitpt450_600_j2pt80_120Reco/Chunk87_Part4.root . . . Used time: 0s Expected left time: 0s          
 Save to RootFile /extdisk/zlin/Machine_learning/RecoPlanesFeatures/CMS_herwig_HT1000to1500-preVFP_jinitpt450_600_j2pt80_120Reco/Chunk87_Part4.root . . . Used time: 0s Expected left time: 0s          
 Analyzing entries 32353 - 32389, now 32353 , sum entries = 36975 . . . Used time: 0s Expected left time: 0s          
 Analyzing entries 32353 - 32389, now 32354 , sum entries = 36975 . . . Used time: 0s Expected left time: 0s          
 Analyzing entries 32353 - 32389, now 32355 , sum entries = 36975 . . . Used time: 0s Expected left time: 0s          
 Analyzing entries 32353 - 32389, now 32356 , sum entries = 36975 . . . Used time: 0s Expected left time: 0s          
 Analyzing entries 32353 - 32389, now 32357 , sum entries = 36975 . . . Used time: 0s Expected left time: 0s          
 Analyzing entries 32353 - 32389, now 32358 , sum entries = 36975 . . . Used time: 0s Expected left time: 0s          
 Analyzing entries 32353 - 32389, now 32359 , sum entries = 36975 . . . Used time: 0s Expected left time: 0s          
 Analyzing entries 32353 - 32389, now 32360 , sum entries = 36975 . . . Used time: 0s Expected left time: 0s          
 Analyzing entries 32353 - 32389, now 32361 , sum entries = 36975 . . . Used time: 0s Expected left time: 0s          
 Analyzing entries 32353 - 32389, now 32362 , sum entries = 36975 . . . Used time: 0s Expected left time: 0s          
 Analyzing entries 32353 - 32389, now 32363 , sum entries = 36975 . . . Used time: 0s Expected left time: 0s          
 Analyzing entries 32353 - 32389, now 32364 , sum entries = 36975 . . . Used time: 0s Expected left time: 0s          
 Analyzing entries 32353 - 32389, now 32365 , sum entries = 36975 . . . Used time: 0s Expected left time: 0s          
 Analyzing entries 32353 - 32389, now 32366 , sum entries = 36975 . . . Used time: 0s Expected left time: 0s          
 Analyzing entries 32353 - 32389, now 32367 , sum entries = 36975 . . . Used time: 0s Expected left time: 0s          
 Analyzing entries 32353 - 32389, now 32368 , sum entries = 36975 . . . Used time: 0s Expected left time: 0s          
 Analyzing entries 32353 - 32389, now 32369 , sum entries = 36975 . . . Used time: 0s Expected left time: 0s          
 Analyzing entries 32353 - 32389, now 32370 , sum entries = 36975 . . . Used time: 0s Expected left time: 0s          
 Analyzing entries 32353 - 32389, now 32371 , sum entries = 36975 . . . Used time: 0s Expected left time: 0s          
 Analyzing entries 32353 - 32389, now 32372 , sum entries = 36975 . . . Used time: 0s Expected left time: 0s          
 Analyzing entries 32353 - 32389, now 32373 , sum entries = 36975 . . . Used time: 0s Expected left time: 0s          
 Analyzing entries 32353 - 32389, now 32374 , sum entries = 36975 . . . Used time: 0s Expected left time: 0s          
 Analyzing entries 32353 - 32389, now 32375 , sum entries = 36975 . . . Used time: 0s Expected left time: 0s          
 Analyzing entries 32353 - 32389, now 32376 , sum entries = 36975 . . . Used time: 0s Expected left time: 0s          
 Analyzing entries 32353 - 32389, now 32377 , sum entries = 36975 . . . Used time: 0s Expected left time: 0s          
 Analyzing entries 32353 - 32389, now 32378 , sum entries = 36975 . . . Used time: 0s Expected left time: 0s          
 Analyzing entries 32353 - 32389, now 32379 , sum entries = 36975 . . . Used time: 0s Expected left time: 0s          
 Analyzing entries 32353 - 32389, now 32380 , sum entries = 36975 . . . Used time: 0s Expected left time: 0s          
 Analyzing entries 32353 - 32389, now 32381 , sum entries = 36975 . . . Used time: 0s Expected left time: 0s          
 Analyzing entries 32353 - 32389, now 32382 , sum entries = 36975 . . . Used time: 0s Expected left time: 0s          
 Analyzing entries 32353 - 32389, now 32383 , sum entries = 36975 . . . Used time: 0s Expected left time: 0s          
 Analyzing entries 32353 - 32389, now 32384 , sum entries = 36975 . . . Used time: 0s Expected left time: 0s          
 Analyzing entries 32353 - 32389, now 32385 , sum entries = 36975 . . . Used time: 0s Expected left time: 0s          
 Analyzing entries 32353 - 32389, now 32386 , sum entries = 36975 . . . Used time: 0s Expected left time: 0s          
 Analyzing entries 32353 - 32389, now 32387 , sum entries = 36975 . . . Used time: 0s Expected left time: 0s          
 Analyzing entries 32353 - 32389, now 32388 , sum entries = 36975 . . . Used time: 0s Expected left time: 0s          
 Save to RootFile /extdisk/zlin/Machine_learning/RecoPlanesFeatures/CMS_herwig_HT1000to1500-preVFP_jinitpt450_600_j2pt80_120Reco/Chunk87_Part5.root . . . Used time: 0s Expected left time: 0s          
 Save to RootFile /extdisk/zlin/Machine_learning/RecoPlanesFeatures/CMS_herwig_HT1000to1500-preVFP_jinitpt450_600_j2pt80_120Reco/Chunk87_Part5.root . . . Used time: 0s Expected left time: 0s          
 Save to RootFile /extdisk/zlin/Machine_learning/RecoPlanesFeatures/CMS_herwig_HT1000to1500-preVFP_jinitpt450_600_j2pt80_120Reco/Chunk87_Part5.root . . . Used time: 0s Expected left time: 0s          
 Analyzing entries 32390 - 32426, now 32390 , sum entries = 36975 . . . Used time: 0s Expected left time: 0s          
 Analyzing entries 32390 - 32426, now 32391 , sum entries = 36975 . . . Used time: 0s Expected left time: 0s          
 Analyzing entries 32390 - 32426, now 32392 , sum entries = 36975 . . . Used time: 0s Expected left time: 0s          
 Analyzing entries 32390 - 32426, now 32393 , sum entries = 36975 . . . Used time: 0s Expected left time: 0s          
 Analyzing entries 32390 - 32426, now 32394 , sum entries = 36975 . . . Used time: 0s Expected left time: 0s          
 Analyzing entries 32390 - 32426, now 32395 , sum entries = 36975 . . . Used time: 0s Expected left time: 0s          
 Analyzing entries 32390 - 32426, now 32396 , sum entries = 36975 . . . Used time: 0s Expected left time: 0s          
 Analyzing entries 32390 - 32426, now 32397 , sum entries = 36975 . . . Used time: 0s Expected left time: 0s          
 Analyzing entries 32390 - 32426, now 32398 , sum entries = 36975 . . . Used time: 0s Expected left time: 0s          
 Analyzing entries 32390 - 32426, now 32399 , sum entries = 36975 . . . Used time: 0s Expected left time: 0s          
 Analyzing entries 32390 - 32426, now 32400 , sum entries = 36975 . . . Used time: 0s Expected left time: 0s          
 Analyzing entries 32390 - 32426, now 32401 , sum entries = 36975 . . . Used time: 0s Expected left time: 0s          
 Analyzing entries 32390 - 32426, now 32402 , sum entries = 36975 . . . Used time: 0s Expected left time: 0s          
 Analyzing entries 32390 - 32426, now 32403 , sum entries = 36975 . . . Used time: 0s Expected left time: 0s          
 Analyzing entries 32390 - 32426, now 32404 , sum entries = 36975 . . . Used time: 0s Expected left time: 0s          
 Analyzing entries 32390 - 32426, now 32405 , sum entries = 36975 . . . Used time: 0s Expected left time: 0s          
 Analyzing entries 32390 - 32426, now 32406 , sum entries = 36975 . . . Used time: 0s Expected left time: 0s          
 Analyzing entries 32390 - 32426, now 32407 , sum entries = 36975 . . . Used time: 0s Expected left time: 0s          
 Analyzing entries 32390 - 32426, now 32408 , sum entries = 36975 . . . Used time: 0s Expected left time: 0s          
 Analyzing entries 32390 - 32426, now 32409 , sum entries = 36975 . . . Used time: 0s Expected left time: 0s          
 Analyzing entries 32390 - 32426, now 32410 , sum entries = 36975 . . . Used time: 0s Expected left time: 0s          
 Analyzing entries 32390 - 32426, now 32411 , sum entries = 36975 . . . Used time: 0s Expected left time: 0s          
 Analyzing entries 32390 - 32426, now 32412 , sum entries = 36975 . . . Used time: 0s Expected left time: 0s          
 Analyzing entries 32390 - 32426, now 32413 , sum entries = 36975 . . . Used time: 0s Expected left time: 0s          
 Analyzing entries 32390 - 32426, now 32414 , sum entries = 36975 . . . Used time: 0s Expected left time: 0s          
 Analyzing entries 32390 - 32426, now 32415 , sum entries = 36975 . . . Used time: 0s Expected left time: 0s          
 Analyzing entries 32390 - 32426, now 32416 , sum entries = 36975 . . . Used time: 0s Expected left time: 0s          
 Analyzing entries 32390 - 32426, now 32417 , sum entries = 36975 . . . Used time: 0s Expected left time: 0s          
 Analyzing entries 32390 - 32426, now 32418 , sum entries = 36975 . . . Used time: 0s Expected left time: 0s          
 Analyzing entries 32390 - 32426, now 32419 , sum entries = 36975 . . . Used time: 0s Expected left time: 0s          
 Analyzing entries 32390 - 32426, now 32420 , sum entries = 36975 . . . Used time: 0s Expected left time: 0s          
 Analyzing entries 32390 - 32426, now 32421 , sum entries = 36975 . . . Used time: 0s Expected left time: 0s          
 Analyzing entries 32390 - 32426, now 32422 , sum entries = 36975 . . . Used time: 0s Expected left time: 0s          
 Analyzing entries 32390 - 32426, now 32423 , sum entries = 36975 . . . Used time: 0s Expected left time: 0s          
 Analyzing entries 32390 - 32426, now 32424 , sum entries = 36975 . . . Used time: 0s Expected left time: 0s          
 Analyzing entries 32390 - 32426, now 32425 , sum entries = 36975 . . . Used time: 0s Expected left time: 0s          
 Save to RootFile /extdisk/zlin/Machine_learning/RecoPlanesFeatures/CMS_herwig_HT1000to1500-preVFP_jinitpt450_600_j2pt80_120Reco/Chunk87_Part6.root . . . Used time: 0s Expected left time: 0s          
 Save to RootFile /extdisk/zlin/Machine_learning/RecoPlanesFeatures/CMS_herwig_HT1000to1500-preVFP_jinitpt450_600_j2pt80_120Reco/Chunk87_Part6.root . . . Used time: 0s Expected left time: 0s          
 Save to RootFile /extdisk/zlin/Machine_learning/RecoPlanesFeatures/CMS_herwig_HT1000to1500-preVFP_jinitpt450_600_j2pt80_120Reco/Chunk87_Part6.root . . . Used time: 0s Expected left time: 0s          
 Save to RootFile /extdisk/zlin/Machine_learning/RecoPlanesFeatures/CMS_herwig_HT1000to1500-preVFP_jinitpt450_600_j2pt80_120Reco/Chunk87_Part6.root . . . Used time: 0s Expected left time: 0s          
 Analyzing entries 32427 - 32463, now 32427 , sum entries = 36975 . . . Used time: 0s Expected left time: 0s          
 Analyzing entries 32427 - 32463, now 32428 , sum entries = 36975 . . . Used time: 0s Expected left time: 0s          
 Analyzing entries 32427 - 32463, now 32429 , sum entries = 36975 . . . Used time: 0s Expected left time: 0s          
 Analyzing entries 32427 - 32463, now 32430 , sum entries = 36975 . . . Used time: 0s Expected left time: 0s          
 Analyzing entries 32427 - 32463, now 32431 , sum entries = 36975 . . . Used time: 0s Expected left time: 0s          
 Analyzing entries 32427 - 32463, now 32432 , sum entries = 36975 . . . Used time: 0s Expected left time: 0s          
 Analyzing entries 32427 - 32463, now 32433 , sum entries = 36975 . . . Used time: 0s Expected left time: 0s          
 Analyzing entries 32427 - 32463, now 32434 , sum entries = 36975 . . . Used time: 0s Expected left time: 0s          
 Analyzing entries 32427 - 32463, now 32435 , sum entries = 36975 . . . Used time: 0s Expected left time: 0s          
 Analyzing entries 32427 - 32463, now 32436 , sum entries = 36975 . . . Used time: 0s Expected left time: 0s          
 Analyzing entries 32427 - 32463, now 32437 , sum entries = 36975 . . . Used time: 0s Expected left time: 0s          
 Analyzing entries 32427 - 32463, now 32438 , sum entries = 36975 . . . Used time: 0s Expected left time: 0s          
 Analyzing entries 32427 - 32463, now 32439 , sum entries = 36975 . . . Used time: 0s Expected left time: 0s          
 Analyzing entries 32427 - 32463, now 32440 , sum entries = 36975 . . . Used time: 0s Expected left time: 0s          
 Analyzing entries 32427 - 32463, now 32441 , sum entries = 36975 . . . Used time: 0s Expected left time: 0s          
 Analyzing entries 32427 - 32463, now 32442 , sum entries = 36975 . . . Used time: 0s Expected left time: 0s          
 Analyzing entries 32427 - 32463, now 32443 , sum entries = 36975 . . . Used time: 0s Expected left time: 0s          
 Analyzing entries 32427 - 32463, now 32444 , sum entries = 36975 . . . Used time: 0s Expected left time: 0s          
 Analyzing entries 32427 - 32463, now 32445 , sum entries = 36975 . . . Used time: 0s Expected left time: 0s          
 Analyzing entries 32427 - 32463, now 32446 , sum entries = 36975 . . . Used time: 0s Expected left time: 0s          
 Analyzing entries 32427 - 32463, now 32447 , sum entries = 36975 . . . Used time: 0s Expected left time: 0s          
 Analyzing entries 32427 - 32463, now 32448 , sum entries = 36975 . . . Used time: 0s Expected left time: 0s          
 Analyzing entries 32427 - 32463, now 32449 , sum entries = 36975 . . . Used time: 0s Expected left time: 0s          
 Analyzing entries 32427 - 32463, now 32450 , sum entries = 36975 . . . Used time: 0s Expected left time: 0s          
 Analyzing entries 32427 - 32463, now 32451 , sum entries = 36975 . . . Used time: 0s Expected left time: 0s          
 Analyzing entries 32427 - 32463, now 32452 , sum entries = 36975 . . . Used time: 0s Expected left time: 0s          
 Analyzing entries 32427 - 32463, now 32453 , sum entries = 36975 . . . Used time: 0s Expected left time: 0s          
 Analyzing entries 32427 - 32463, now 32454 , sum entries = 36975 . . . Used time: 0s Expected left time: 0s          
 Analyzing entries 32427 - 32463, now 32455 , sum entries = 36975 . . . Used time: 0s Expected left time: 0s          
 Analyzing entries 32427 - 32463, now 32456 , sum entries = 36975 . . . Used time: 0s Expected left time: 0s          
 Analyzing entries 32427 - 32463, now 32457 , sum entries = 36975 . . . Used time: 0s Expected left time: 0s          
 Analyzing entries 32427 - 32463, now 32458 , sum entries = 36975 . . . Used time: 0s Expected left time: 0s          
 Analyzing entries 32427 - 32463, now 32459 , sum entries = 36975 . . . Used time: 0s Expected left time: 0s          
 Analyzing entries 32427 - 32463, now 32460 , sum entries = 36975 . . . Used time: 0s Expected left time: 0s          
 Analyzing entries 32427 - 32463, now 32461 , sum entries = 36975 . . . Used time: 0s Expected left time: 0s          
 Analyzing entries 32427 - 32463, now 32462 , sum entries = 36975 . . . Used time: 0s Expected left time: 0s          
 Save to RootFile /extdisk/zlin/Machine_learning/RecoPlanesFeatures/CMS_herwig_HT1000to1500-preVFP_jinitpt450_600_j2pt80_120Reco/Chunk87_Part7.root . . . Used time: 0s Expected left time: 0s          
 Save to RootFile /extdisk/zlin/Machine_learning/RecoPlanesFeatures/CMS_herwig_HT1000to1500-preVFP_jinitpt450_600_j2pt80_120Reco/Chunk87_Part7.root . . . Used time: 0s Expected left time: 0s          
 Save to RootFile /extdisk/zlin/Machine_learning/RecoPlanesFeatures/CMS_herwig_HT1000to1500-preVFP_jinitpt450_600_j2pt80_120Reco/Chunk87_Part7.root . . . Used time: 0s Expected left time: 0s          
 Save to RootFile /extdisk/zlin/Machine_learning/RecoPlanesFeatures/CMS_herwig_HT1000to1500-preVFP_jinitpt450_600_j2pt80_120Reco/Chunk87_Part7.root . . . Used time: 0s Expected left time: 0s          
 Save to RootFile /extdisk/zlin/Machine_learning/RecoPlanesFeatures/CMS_herwig_HT1000to1500-preVFP_jinitpt450_600_j2pt80_120Reco/Chunk87_Part7.root . . . Used time: 0s Expected left time: 0s          
 Analyzing entries 32464 - 32500, now 32464 , sum entries = 36975 . . . Used time: 0s Expected left time: 0s          
 Analyzing entries 32464 - 32500, now 32465 , sum entries = 36975 . . . Used time: 0s Expected left time: 0s          
 Analyzing entries 32464 - 32500, now 32466 , sum entries = 36975 . . . Used time: 0s Expected left time: 0s          
 Analyzing entries 32464 - 32500, now 32467 , sum entries = 36975 . . . Used time: 0s Expected left time: 0s          
 Analyzing entries 32464 - 32500, now 32468 , sum entries = 36975 . . . Used time: 0s Expected left time: 0s          
 Analyzing entries 32464 - 32500, now 32469 , sum entries = 36975 . . . Used time: 0s Expected left time: 0s          
 Analyzing entries 32464 - 32500, now 32470 , sum entries = 36975 . . . Used time: 0s Expected left time: 0s          
 Analyzing entries 32464 - 32500, now 32471 , sum entries = 36975 . . . Used time: 0s Expected left time: 0s          
 Analyzing entries 32464 - 32500, now 32472 , sum entries = 36975 . . . Used time: 0s Expected left time: 0s          
 Analyzing entries 32464 - 32500, now 32473 , sum entries = 36975 . . . Used time: 0s Expected left time: 0s          
 Analyzing entries 32464 - 32500, now 32474 , sum entries = 36975 . . . Used time: 0s Expected left time: 0s          
 Analyzing entries 32464 - 32500, now 32475 , sum entries = 36975 . . . Used time: 0s Expected left time: 0s          
 Analyzing entries 32464 - 32500, now 32476 , sum entries = 36975 . . . Used time: 0s Expected left time: 0s          
 Analyzing entries 32464 - 32500, now 32477 , sum entries = 36975 . . . Used time: 0s Expected left time: 0s          
 Analyzing entries 32464 - 32500, now 32478 , sum entries = 36975 . . . Used time: 0s Expected left time: 0s          
 Analyzing entries 32464 - 32500, now 32479 , sum entries = 36975 . . . Used time: 0s Expected left time: 0s          
 Analyzing entries 32464 - 32500, now 32480 , sum entries = 36975 . . . Used time: 0s Expected left time: 0s          
 Analyzing entries 32464 - 32500, now 32481 , sum entries = 36975 . . . Used time: 0s Expected left time: 0s          
 Analyzing entries 32464 - 32500, now 32482 , sum entries = 36975 . . . Used time: 0s Expected left time: 0s          
 Analyzing entries 32464 - 32500, now 32483 , sum entries = 36975 . . . Used time: 0s Expected left time: 0s          
 Analyzing entries 32464 - 32500, now 32484 , sum entries = 36975 . . . Used time: 0s Expected left time: 0s          
 Analyzing entries 32464 - 32500, now 32485 , sum entries = 36975 . . . Used time: 0s Expected left time: 0s          
 Analyzing entries 32464 - 32500, now 32486 , sum entries = 36975 . . . Used time: 0s Expected left time: 0s          
 Analyzing entries 32464 - 32500, now 32487 , sum entries = 36975 . . . Used time: 0s Expected left time: 0s          
 Analyzing entries 32464 - 32500, now 32488 , sum entries = 36975 . . . Used time: 0s Expected left time: 0s          
 Analyzing entries 32464 - 32500, now 32489 , sum entries = 36975 . . . Used time: 0s Expected left time: 0s          
 Analyzing entries 32464 - 32500, now 32490 , sum entries = 36975 . . . Used time: 0s Expected left time: 0s          
 Analyzing entries 32464 - 32500, now 32491 , sum entries = 36975 . . . Used time: 0s Expected left time: 0s          
 Analyzing entries 32464 - 32500, now 32492 , sum entries = 36975 . . . Used time: 0s Expected left time: 0s          
 Analyzing entries 32464 - 32500, now 32493 , sum entries = 36975 . . . Used time: 0s Expected left time: 0s          
 Analyzing entries 32464 - 32500, now 32494 , sum entries = 36975 . . . Used time: 0s Expected left time: 0s          
 Analyzing entries 32464 - 32500, now 32495 , sum entries = 36975 . . . Used time: 0s Expected left time: 0s          
 Analyzing entries 32464 - 32500, now 32496 , sum entries = 36975 . . . Used time: 0s Expected left time: 0s          
 Analyzing entries 32464 - 32500, now 32497 , sum entries = 36975 . . . Used time: 0s Expected left time: 0s          
 Analyzing entries 32464 - 32500, now 32498 , sum entries = 36975 . . . Used time: 0s Expected left time: 0s          
 Analyzing entries 32464 - 32500, now 32499 , sum entries = 36975 . . . Used time: 0s Expected left time: 0s          
 Save to RootFile /extdisk/zlin/Machine_learning/RecoPlanesFeatures/CMS_herwig_HT1000to1500-preVFP_jinitpt450_600_j2pt80_120Reco/Chunk87_Part8.root . . . Used time: 0s Expected left time: 0s          
 Save to RootFile /extdisk/zlin/Machine_learning/RecoPlanesFeatures/CMS_herwig_HT1000to1500-preVFP_jinitpt450_600_j2pt80_120Reco/Chunk87_Part8.root . . . Used time: 0s Expected left time: 0s          
 Save to RootFile /extdisk/zlin/Machine_learning/RecoPlanesFeatures/CMS_herwig_HT1000to1500-preVFP_jinitpt450_600_j2pt80_120Reco/Chunk87_Part8.root . . . Used time: 0s Expected left time: 0s          
 Save to RootFile /extdisk/zlin/Machine_learning/RecoPlanesFeatures/CMS_herwig_HT1000to1500-preVFP_jinitpt450_600_j2pt80_120Reco/Chunk87_Part8.root . . . Used time: 0s Expected left time: 0s          
 Save to RootFile /extdisk/zlin/Machine_learning/RecoPlanesFeatures/CMS_herwig_HT1000to1500-preVFP_jinitpt450_600_j2pt80_120Reco/Chunk87_Part8.root . . . Used time: 0s Expected left time: 0s          
 Save to RootFile /extdisk/zlin/Machine_learning/RecoPlanesFeatures/CMS_herwig_HT1000to1500-preVFP_jinitpt450_600_j2pt80_120Reco/Chunk87_Part8.root . . . Used time: 0s Expected left time: 0s          
 Save to RootFile /extdisk/zlin/Machine_learning/RecoPlanesFeatures/CMS_herwig_HT1000to1500-preVFP_jinitpt450_600_j2pt80_120Reco/Chunk87_Part8.root . . . Used time: 0s Expected left time: 0s          
 Analyzing entries 32501 - 32537, now 32501 , sum entries = 36975 . . . Used time: 0s Expected left time: 0s          
 Analyzing entries 32501 - 32537, now 32502 , sum entries = 36975 . . . Used time: 0s Expected left time: 0s          
 Analyzing entries 32501 - 32537, now 32503 , sum entries = 36975 . . . Used time: 0s Expected left time: 0s          
 Analyzing entries 32501 - 32537, now 32504 , sum entries = 36975 . . . Used time: 0s Expected left time: 0s          
 Analyzing entries 32501 - 32537, now 32505 , sum entries = 36975 . . . Used time: 0s Expected left time: 0s          
 Analyzing entries 32501 - 32537, now 32506 , sum entries = 36975 . . . Used time: 0s Expected left time: 0s          
 Analyzing entries 32501 - 32537, now 32507 , sum entries = 36975 . . . Used time: 0s Expected left time: 0s          
 Analyzing entries 32501 - 32537, now 32508 , sum entries = 36975 . . . Used time: 0s Expected left time: 0s          
 Analyzing entries 32501 - 32537, now 32509 , sum entries = 36975 . . . Used time: 0s Expected left time: 0s          
 Analyzing entries 32501 - 32537, now 32510 , sum entries = 36975 . . . Used time: 0s Expected left time: 0s          
 Analyzing entries 32501 - 32537, now 32511 , sum entries = 36975 . . . Used time: 0s Expected left time: 0s          
 Analyzing entries 32501 - 32537, now 32512 , sum entries = 36975 . . . Used time: 0s Expected left time: 0s          
 Analyzing entries 32501 - 32537, now 32513 , sum entries = 36975 . . . Used time: 0s Expected left time: 0s          
 Analyzing entries 32501 - 32537, now 32514 , sum entries = 36975 . . . Used time: 0s Expected left time: 0s          
 Analyzing entries 32501 - 32537, now 32515 , sum entries = 36975 . . . Used time: 0s Expected left time: 0s          
 Analyzing entries 32501 - 32537, now 32516 , sum entries = 36975 . . . Used time: 0s Expected left time: 0s          
 Analyzing entries 32501 - 32537, now 32517 , sum entries = 36975 . . . Used time: 0s Expected left time: 0s          
 Analyzing entries 32501 - 32537, now 32518 , sum entries = 36975 . . . Used time: 0s Expected left time: 0s          
 Analyzing entries 32501 - 32537, now 32519 , sum entries = 36975 . . . Used time: 0s Expected left time: 0s          
 Analyzing entries 32501 - 32537, now 32520 , sum entries = 36975 . . . Used time: 0s Expected left time: 0s          
 Analyzing entries 32501 - 32537, now 32521 , sum entries = 36975 . . . Used time: 0s Expected left time: 0s          
 Analyzing entries 32501 - 32537, now 32522 , sum entries = 36975 . . . Used time: 0s Expected left time: 0s          
 Analyzing entries 32501 - 32537, now 32523 , sum entries = 36975 . . . Used time: 0s Expected left time: 0s          
 Analyzing entries 32501 - 32537, now 32524 , sum entries = 36975 . . . Used time: 0s Expected left time: 0s          
 Analyzing entries 32501 - 32537, now 32525 , sum entries = 36975 . . . Used time: 0s Expected left time: 0s          
 Analyzing entries 32501 - 32537, now 32526 , sum entries = 36975 . . . Used time: 0s Expected left time: 0s          
 Analyzing entries 32501 - 32537, now 32527 , sum entries = 36975 . . . Used time: 0s Expected left time: 0s          
 Analyzing entries 32501 - 32537, now 32528 , sum entries = 36975 . . . Used time: 0s Expected left time: 0s          
 Analyzing entries 32501 - 32537, now 32529 , sum entries = 36975 . . . Used time: 0s Expected left time: 0s          
 Analyzing entries 32501 - 32537, now 32530 , sum entries = 36975 . . . Used time: 0s Expected left time: 0s          
 Analyzing entries 32501 - 32537, now 32531 , sum entries = 36975 . . . Used time: 0s Expected left time: 0s          
 Analyzing entries 32501 - 32537, now 32532 , sum entries = 36975 . . . Used time: 0s Expected left time: 0s          
 Analyzing entries 32501 - 32537, now 32533 , sum entries = 36975 . . . Used time: 0s Expected left time: 0s          
 Analyzing entries 32501 - 32537, now 32534 , sum entries = 36975 . . . Used time: 0s Expected left time: 0s          
 Analyzing entries 32501 - 32537, now 32535 , sum entries = 36975 . . . Used time: 0s Expected left time: 0s          
 Analyzing entries 32501 - 32537, now 32536 , sum entries = 36975 . . . Used time: 0s Expected left time: 0s          
 Save to RootFile /extdisk/zlin/Machine_learning/RecoPlanesFeatures/CMS_herwig_HT1000to1500-preVFP_jinitpt450_600_j2pt80_120Reco/Chunk87_Part9.root . . . Used time: 0s Expected left time: 0s          
 Save to RootFile /extdisk/zlin/Machine_learning/RecoPlanesFeatures/CMS_herwig_HT1000to1500-preVFP_jinitpt450_600_j2pt80_120Reco/Chunk87_Part9.root . . . Used time: 0s Expected left time: 0s          
 Save to RootFile /extdisk/zlin/Machine_learning/RecoPlanesFeatures/CMS_herwig_HT1000to1500-preVFP_jinitpt450_600_j2pt80_120Reco/Chunk87_Part9.root . . . Used time: 0s Expected left time: 0s          
 Save to RootFile /extdisk/zlin/Machine_learning/RecoPlanesFeatures/CMS_herwig_HT1000to1500-preVFP_jinitpt450_600_j2pt80_120Reco/Chunk87_Part9.root . . . Used time: 0s Expected left time: 0s          
 Save to RootFile /extdisk/zlin/Machine_learning/RecoPlanesFeatures/CMS_herwig_HT1000to1500-preVFP_jinitpt450_600_j2pt80_120Reco/Chunk87_Part9.root . . . Used time: 0s Expected left time: 0s          
