Warning in <TFile::Init>: file /extdisk/zlin/Machine_learning/RecoPlanes/CMS_herwig_HT1000to1500-preVFP/Chunk19_Part0.root probably not closed, trying to recover
Warning in <TFile::Init>: no keys recovered, file has been made a Zombie
Warning in <TFile::Init>: file /extdisk/zlin/Machine_learning/RecoPlanes/CMS_herwig_HT1000to1500-preVFP/Chunk39_Part0.root probably not closed, trying to recover
Warning in <TFile::Init>: no keys recovered, file has been made a Zombie
Warning in <TFile::Init>: file /extdisk/zlin/Machine_learning/RecoPlanes/CMS_herwig_HT1000to1500-preVFP/Chunk41_Part0.root probably not closed, trying to recover
Warning in <TFile::Init>: no keys recovered, file has been made a Zombie
Warning in <TFile::Init>: file /extdisk/zlin/Machine_learning/RecoPlanes/CMS_herwig_HT1000to1500-preVFP/Chunk52_Part0.root probably not closed, trying to recover
Warning in <TFile::Init>: no keys recovered, file has been made a Zombie
Warning in <TFile::Init>: file /extdisk/zlin/Machine_learning/RecoPlanes/CMS_herwig_HT1000to1500-preVFP/Chunk89_Part0.root probably not closed, trying to recover
Info in <TFile::Recover>: /extdisk/zlin/Machine_learning/RecoPlanes/CMS_herwig_HT1000to1500-preVFP/Chunk89_Part0.root, recovered key TTree:DataInfo at address 2211461
Warning in <TFile::Init>: successfully recovered 1 keys
 Analyzing entries 36392 - 36432, now 36392 , sum entries = 40890 . . . Used time: 0s Expected left time: 0s          
 Analyzing entries 36392 - 36432, now 36393 , sum entries = 40890 . . . Used time: 0s Expected left time: 0s          
 Analyzing entries 36392 - 36432, now 36394 , sum entries = 40890 . . . Used time: 0s Expected left time: 0s          
 Analyzing entries 36392 - 36432, now 36395 , sum entries = 40890 . . . Used time: 0s Expected left time: 0s          
 Analyzing entries 36392 - 36432, now 36396 , sum entries = 40890 . . . Used time: 0s Expected left time: 0s          
 Analyzing entries 36392 - 36432, now 36397 , sum entries = 40890 . . . Used time: 0s Expected left time: 0s          
 Analyzing entries 36392 - 36432, now 36398 , sum entries = 40890 . . . Used time: 0s Expected left time: 0s          
 Analyzing entries 36392 - 36432, now 36399 , sum entries = 40890 . . . Used time: 0s Expected left time: 0s          
 Analyzing entries 36392 - 36432, now 36400 , sum entries = 40890 . . . Used time: 0s Expected left time: 0s          
 Analyzing entries 36392 - 36432, now 36401 , sum entries = 40890 . . . Used time: 0s Expected left time: 0s          
 Analyzing entries 36392 - 36432, now 36402 , sum entries = 40890 . . . Used time: 0s Expected left time: 0s          
 Analyzing entries 36392 - 36432, now 36403 , sum entries = 40890 . . . Used time: 0s Expected left time: 0s          
 Analyzing entries 36392 - 36432, now 36404 , sum entries = 40890 . . . Used time: 0s Expected left time: 0s          
 Analyzing entries 36392 - 36432, now 36405 , sum entries = 40890 . . . Used time: 0s Expected left time: 0s          
 Analyzing entries 36392 - 36432, now 36406 , sum entries = 40890 . . . Used time: 0s Expected left time: 0s          
 Analyzing entries 36392 - 36432, now 36407 , sum entries = 40890 . . . Used time: 0s Expected left time: 0s          
 Analyzing entries 36392 - 36432, now 36408 , sum entries = 40890 . . . Used time: 0s Expected left time: 0s          
 Analyzing entries 36392 - 36432, now 36409 , sum entries = 40890 . . . Used time: 0s Expected left time: 0s          
 Analyzing entries 36392 - 36432, now 36410 , sum entries = 40890 . . . Used time: 0s Expected left time: 0s          
 Analyzing entries 36392 - 36432, now 36411 , sum entries = 40890 . . . Used time: 0s Expected left time: 0s          
 Analyzing entries 36392 - 36432, now 36412 , sum entries = 40890 . . . Used time: 0s Expected left time: 0s          
 Analyzing entries 36392 - 36432, now 36413 , sum entries = 40890 . . . Used time: 0s Expected left time: 0s          
 Analyzing entries 36392 - 36432, now 36414 , sum entries = 40890 . . . Used time: 0s Expected left time: 0s          
 Analyzing entries 36392 - 36432, now 36415 , sum entries = 40890 . . . Used time: 0s Expected left time: 0s          
 Analyzing entries 36392 - 36432, now 36416 , sum entries = 40890 . . . Used time: 0s Expected left time: 0s          
 Analyzing entries 36392 - 36432, now 36417 , sum entries = 40890 . . . Used time: 0s Expected left time: 0s          
 Analyzing entries 36392 - 36432, now 36418 , sum entries = 40890 . . . Used time: 0s Expected left time: 0s          
 Analyzing entries 36392 - 36432, now 36419 , sum entries = 40890 . . . Used time: 0s Expected left time: 0s          
 Analyzing entries 36392 - 36432, now 36420 , sum entries = 40890 . . . Used time: 0s Expected left time: 0s          
 Analyzing entries 36392 - 36432, now 36421 , sum entries = 40890 . . . Used time: 0s Expected left time: 0s          
 Analyzing entries 36392 - 36432, now 36422 , sum entries = 40890 . . . Used time: 0s Expected left time: 0s          
 Analyzing entries 36392 - 36432, now 36423 , sum entries = 40890 . . . Used time: 0s Expected left time: 0s          
 Analyzing entries 36392 - 36432, now 36424 , sum entries = 40890 . . . Used time: 0s Expected left time: 0s          
 Analyzing entries 36392 - 36432, now 36425 , sum entries = 40890 . . . Used time: 0s Expected left time: 0s          
 Analyzing entries 36392 - 36432, now 36426 , sum entries = 40890 . . . Used time: 0s Expected left time: 0s          
 Analyzing entries 36392 - 36432, now 36427 , sum entries = 40890 . . . Used time: 0s Expected left time: 0s          
 Analyzing entries 36392 - 36432, now 36428 , sum entries = 40890 . . . Used time: 0s Expected left time: 0s          
 Analyzing entries 36392 - 36432, now 36429 , sum entries = 40890 . . . Used time: 0s Expected left time: 0s          
 Analyzing entries 36392 - 36432, now 36430 , sum entries = 40890 . . . Used time: 0s Expected left time: 0s          
 Analyzing entries 36392 - 36432, now 36431 , sum entries = 40890 . . . Used time: 0s Expected left time: 0s          
 Save to RootFile /extdisk/zlin/Machine_learning/RecoPlanesFeatures/CMS_herwig_HT1000to1500-preVFP_jinitpt450_600_j2pt80_120Reco/Chunk89_Part0.root . . . Used time: 0s Expected left time: 0s          
 Save to RootFile /extdisk/zlin/Machine_learning/RecoPlanesFeatures/CMS_herwig_HT1000to1500-preVFP_jinitpt450_600_j2pt80_120Reco/Chunk89_Part0.root . . . Used time: 0s Expected left time: 0s          
 Save to RootFile /extdisk/zlin/Machine_learning/RecoPlanesFeatures/CMS_herwig_HT1000to1500-preVFP_jinitpt450_600_j2pt80_120Reco/Chunk89_Part0.root . . . Used time: 0s Expected left time: 0s          
 Save to RootFile /extdisk/zlin/Machine_learning/RecoPlanesFeatures/CMS_herwig_HT1000to1500-preVFP_jinitpt450_600_j2pt80_120Reco/Chunk89_Part0.root . . . Used time: 0s Expected left time: 0s          
 Save to RootFile /extdisk/zlin/Machine_learning/RecoPlanesFeatures/CMS_herwig_HT1000to1500-preVFP_jinitpt450_600_j2pt80_120Reco/Chunk89_Part0.root . . . Used time: 0s Expected left time: 0s          
 Analyzing entries 36432 - 36472, now 36432 , sum entries = 40890 . . . Used time: 0s Expected left time: 0s          
 Analyzing entries 36432 - 36472, now 36433 , sum entries = 40890 . . . Used time: 0s Expected left time: 0s          
 Analyzing entries 36432 - 36472, now 36434 , sum entries = 40890 . . . Used time: 0s Expected left time: 0s          
 Analyzing entries 36432 - 36472, now 36435 , sum entries = 40890 . . . Used time: 0s Expected left time: 0s          
 Analyzing entries 36432 - 36472, now 36436 , sum entries = 40890 . . . Used time: 0s Expected left time: 0s          
 Analyzing entries 36432 - 36472, now 36437 , sum entries = 40890 . . . Used time: 0s Expected left time: 0s          
 Analyzing entries 36432 - 36472, now 36438 , sum entries = 40890 . . . Used time: 0s Expected left time: 0s          
 Analyzing entries 36432 - 36472, now 36439 , sum entries = 40890 . . . Used time: 0s Expected left time: 0s          
 Analyzing entries 36432 - 36472, now 36440 , sum entries = 40890 . . . Used time: 0s Expected left time: 0s          
 Analyzing entries 36432 - 36472, now 36441 , sum entries = 40890 . . . Used time: 0s Expected left time: 0s          
 Analyzing entries 36432 - 36472, now 36442 , sum entries = 40890 . . . Used time: 0s Expected left time: 0s          
 Analyzing entries 36432 - 36472, now 36443 , sum entries = 40890 . . . Used time: 0s Expected left time: 0s          
 Analyzing entries 36432 - 36472, now 36444 , sum entries = 40890 . . . Used time: 0s Expected left time: 0s          
 Analyzing entries 36432 - 36472, now 36445 , sum entries = 40890 . . . Used time: 0s Expected left time: 0s          
 Analyzing entries 36432 - 36472, now 36446 , sum entries = 40890 . . . Used time: 0s Expected left time: 0s          
 Analyzing entries 36432 - 36472, now 36447 , sum entries = 40890 . . . Used time: 0s Expected left time: 0s          
 Analyzing entries 36432 - 36472, now 36448 , sum entries = 40890 . . . Used time: 0s Expected left time: 0s          
 Analyzing entries 36432 - 36472, now 36449 , sum entries = 40890 . . . Used time: 0s Expected left time: 0s          
 Analyzing entries 36432 - 36472, now 36450 , sum entries = 40890 . . . Used time: 0s Expected left time: 0s          
 Analyzing entries 36432 - 36472, now 36451 , sum entries = 40890 . . . Used time: 0s Expected left time: 0s          
 Analyzing entries 36432 - 36472, now 36452 , sum entries = 40890 . . . Used time: 0s Expected left time: 0s          
 Analyzing entries 36432 - 36472, now 36453 , sum entries = 40890 . . . Used time: 0s Expected left time: 0s          
 Analyzing entries 36432 - 36472, now 36454 , sum entries = 40890 . . . Used time: 0s Expected left time: 0s          
 Analyzing entries 36432 - 36472, now 36455 , sum entries = 40890 . . . Used time: 0s Expected left time: 0s          
 Analyzing entries 36432 - 36472, now 36456 , sum entries = 40890 . . . Used time: 0s Expected left time: 0s          
 Analyzing entries 36432 - 36472, now 36457 , sum entries = 40890 . . . Used time: 0s Expected left time: 0s          
 Analyzing entries 36432 - 36472, now 36458 , sum entries = 40890 . . . Used time: 0s Expected left time: 0s          
 Analyzing entries 36432 - 36472, now 36459 , sum entries = 40890 . . . Used time: 0s Expected left time: 0s          
 Analyzing entries 36432 - 36472, now 36460 , sum entries = 40890 . . . Used time: 0s Expected left time: 0s          
 Analyzing entries 36432 - 36472, now 36461 , sum entries = 40890 . . . Used time: 0s Expected left time: 0s          
 Analyzing entries 36432 - 36472, now 36462 , sum entries = 40890 . . . Used time: 0s Expected left time: 0s          
 Analyzing entries 36432 - 36472, now 36463 , sum entries = 40890 . . . Used time: 0s Expected left time: 0s          
 Analyzing entries 36432 - 36472, now 36464 , sum entries = 40890 . . . Used time: 0s Expected left time: 0s          
 Analyzing entries 36432 - 36472, now 36465 , sum entries = 40890 . . . Used time: 0s Expected left time: 0s          
 Analyzing entries 36432 - 36472, now 36466 , sum entries = 40890 . . . Used time: 0s Expected left time: 0s          
 Analyzing entries 36432 - 36472, now 36467 , sum entries = 40890 . . . Used time: 0s Expected left time: 0s          
 Analyzing entries 36432 - 36472, now 36468 , sum entries = 40890 . . . Used time: 0s Expected left time: 0s          
 Analyzing entries 36432 - 36472, now 36469 , sum entries = 40890 . . . Used time: 0s Expected left time: 0s          
 Analyzing entries 36432 - 36472, now 36470 , sum entries = 40890 . . . Used time: 0s Expected left time: 0s          
 Analyzing entries 36432 - 36472, now 36471 , sum entries = 40890 . . . Used time: 0s Expected left time: 0s          
 Save to RootFile /extdisk/zlin/Machine_learning/RecoPlanesFeatures/CMS_herwig_HT1000to1500-preVFP_jinitpt450_600_j2pt80_120Reco/Chunk89_Part1.root . . . Used time: 0s Expected left time: 0s          
 Save to RootFile /extdisk/zlin/Machine_learning/RecoPlanesFeatures/CMS_herwig_HT1000to1500-preVFP_jinitpt450_600_j2pt80_120Reco/Chunk89_Part1.root . . . Used time: 0s Expected left time: 0s          
 Save to RootFile /extdisk/zlin/Machine_learning/RecoPlanesFeatures/CMS_herwig_HT1000to1500-preVFP_jinitpt450_600_j2pt80_120Reco/Chunk89_Part1.root . . . Used time: 0s Expected left time: 0s          
 Save to RootFile /extdisk/zlin/Machine_learning/RecoPlanesFeatures/CMS_herwig_HT1000to1500-preVFP_jinitpt450_600_j2pt80_120Reco/Chunk89_Part1.root . . . Used time: 0s Expected left time: 0s          
 Save to RootFile /extdisk/zlin/Machine_learning/RecoPlanesFeatures/CMS_herwig_HT1000to1500-preVFP_jinitpt450_600_j2pt80_120Reco/Chunk89_Part1.root . . . Used time: 0s Expected left time: 0s          
 Save to RootFile /extdisk/zlin/Machine_learning/RecoPlanesFeatures/CMS_herwig_HT1000to1500-preVFP_jinitpt450_600_j2pt80_120Reco/Chunk89_Part1.root . . . Used time: 0s Expected left time: 0s          
 Save to RootFile /extdisk/zlin/Machine_learning/RecoPlanesFeatures/CMS_herwig_HT1000to1500-preVFP_jinitpt450_600_j2pt80_120Reco/Chunk89_Part1.root . . . Used time: 0s Expected left time: 0s          
 Analyzing entries 36473 - 36513, now 36473 , sum entries = 40890 . . . Used time: 0s Expected left time: 0s          
 Analyzing entries 36473 - 36513, now 36474 , sum entries = 40890 . . . Used time: 0s Expected left time: 0s          
 Analyzing entries 36473 - 36513, now 36475 , sum entries = 40890 . . . Used time: 0s Expected left time: 0s          
 Analyzing entries 36473 - 36513, now 36476 , sum entries = 40890 . . . Used time: 0s Expected left time: 0s          
 Analyzing entries 36473 - 36513, now 36477 , sum entries = 40890 . . . Used time: 0s Expected left time: 0s          
 Analyzing entries 36473 - 36513, now 36478 , sum entries = 40890 . . . Used time: 0s Expected left time: 0s          
 Analyzing entries 36473 - 36513, now 36479 , sum entries = 40890 . . . Used time: 0s Expected left time: 0s          
 Analyzing entries 36473 - 36513, now 36480 , sum entries = 40890 . . . Used time: 0s Expected left time: 0s          
 Analyzing entries 36473 - 36513, now 36481 , sum entries = 40890 . . . Used time: 0s Expected left time: 0s          
 Analyzing entries 36473 - 36513, now 36482 , sum entries = 40890 . . . Used time: 0s Expected left time: 0s          
 Analyzing entries 36473 - 36513, now 36483 , sum entries = 40890 . . . Used time: 0s Expected left time: 0s          
 Analyzing entries 36473 - 36513, now 36484 , sum entries = 40890 . . . Used time: 0s Expected left time: 0s          
 Analyzing entries 36473 - 36513, now 36485 , sum entries = 40890 . . . Used time: 0s Expected left time: 0s          
 Analyzing entries 36473 - 36513, now 36486 , sum entries = 40890 . . . Used time: 0s Expected left time: 0s          
 Analyzing entries 36473 - 36513, now 36487 , sum entries = 40890 . . . Used time: 0s Expected left time: 0s          
 Analyzing entries 36473 - 36513, now 36488 , sum entries = 40890 . . . Used time: 0s Expected left time: 0s          
 Analyzing entries 36473 - 36513, now 36489 , sum entries = 40890 . . . Used time: 0s Expected left time: 0s          
 Analyzing entries 36473 - 36513, now 36490 , sum entries = 40890 . . . Used time: 0s Expected left time: 0s          
 Analyzing entries 36473 - 36513, now 36491 , sum entries = 40890 . . . Used time: 0s Expected left time: 0s          
 Analyzing entries 36473 - 36513, now 36492 , sum entries = 40890 . . . Used time: 0s Expected left time: 0s          
 Analyzing entries 36473 - 36513, now 36493 , sum entries = 40890 . . . Used time: 0s Expected left time: 0s          
 Analyzing entries 36473 - 36513, now 36494 , sum entries = 40890 . . . Used time: 0s Expected left time: 0s          
 Analyzing entries 36473 - 36513, now 36495 , sum entries = 40890 . . . Used time: 0s Expected left time: 0s          
 Analyzing entries 36473 - 36513, now 36496 , sum entries = 40890 . . . Used time: 0s Expected left time: 0s          
 Analyzing entries 36473 - 36513, now 36497 , sum entries = 40890 . . . Used time: 0s Expected left time: 0s          
 Analyzing entries 36473 - 36513, now 36498 , sum entries = 40890 . . . Used time: 0s Expected left time: 0s          
 Analyzing entries 36473 - 36513, now 36499 , sum entries = 40890 . . . Used time: 0s Expected left time: 0s          
 Analyzing entries 36473 - 36513, now 36500 , sum entries = 40890 . . . Used time: 0s Expected left time: 0s          
 Analyzing entries 36473 - 36513, now 36501 , sum entries = 40890 . . . Used time: 0s Expected left time: 0s          
 Analyzing entries 36473 - 36513, now 36502 , sum entries = 40890 . . . Used time: 0s Expected left time: 0s          
 Analyzing entries 36473 - 36513, now 36503 , sum entries = 40890 . . . Used time: 0s Expected left time: 0s          
 Analyzing entries 36473 - 36513, now 36504 , sum entries = 40890 . . . Used time: 0s Expected left time: 0s          
 Analyzing entries 36473 - 36513, now 36505 , sum entries = 40890 . . . Used time: 0s Expected left time: 0s          
 Analyzing entries 36473 - 36513, now 36506 , sum entries = 40890 . . . Used time: 0s Expected left time: 0s          
 Analyzing entries 36473 - 36513, now 36507 , sum entries = 40890 . . . Used time: 0s Expected left time: 0s          
 Analyzing entries 36473 - 36513, now 36508 , sum entries = 40890 . . . Used time: 0s Expected left time: 0s          
 Analyzing entries 36473 - 36513, now 36509 , sum entries = 40890 . . . Used time: 0s Expected left time: 0s          
 Analyzing entries 36473 - 36513, now 36510 , sum entries = 40890 . . . Used time: 0s Expected left time: 0s          
 Analyzing entries 36473 - 36513, now 36511 , sum entries = 40890 . . . Used time: 0s Expected left time: 0s          
 Analyzing entries 36473 - 36513, now 36512 , sum entries = 40890 . . . Used time: 0s Expected left time: 0s          
 Save to RootFile /extdisk/zlin/Machine_learning/RecoPlanesFeatures/CMS_herwig_HT1000to1500-preVFP_jinitpt450_600_j2pt80_120Reco/Chunk89_Part2.root . . . Used time: 0s Expected left time: 0s          
 Save to RootFile /extdisk/zlin/Machine_learning/RecoPlanesFeatures/CMS_herwig_HT1000to1500-preVFP_jinitpt450_600_j2pt80_120Reco/Chunk89_Part2.root . . . Used time: 0s Expected left time: 0s          
 Save to RootFile /extdisk/zlin/Machine_learning/RecoPlanesFeatures/CMS_herwig_HT1000to1500-preVFP_jinitpt450_600_j2pt80_120Reco/Chunk89_Part2.root . . . Used time: 0s Expected left time: 0s          
 Save to RootFile /extdisk/zlin/Machine_learning/RecoPlanesFeatures/CMS_herwig_HT1000to1500-preVFP_jinitpt450_600_j2pt80_120Reco/Chunk89_Part2.root . . . Used time: 0s Expected left time: 0s          
 Save to RootFile /extdisk/zlin/Machine_learning/RecoPlanesFeatures/CMS_herwig_HT1000to1500-preVFP_jinitpt450_600_j2pt80_120Reco/Chunk89_Part2.root . . . Used time: 0s Expected left time: 0s          
 Save to RootFile /extdisk/zlin/Machine_learning/RecoPlanesFeatures/CMS_herwig_HT1000to1500-preVFP_jinitpt450_600_j2pt80_120Reco/Chunk89_Part2.root . . . Used time: 0s Expected left time: 0s          
 Save to RootFile /extdisk/zlin/Machine_learning/RecoPlanesFeatures/CMS_herwig_HT1000to1500-preVFP_jinitpt450_600_j2pt80_120Reco/Chunk89_Part2.root . . . Used time: 0s Expected left time: 0s          
 Save to RootFile /extdisk/zlin/Machine_learning/RecoPlanesFeatures/CMS_herwig_HT1000to1500-preVFP_jinitpt450_600_j2pt80_120Reco/Chunk89_Part2.root . . . Used time: 0s Expected left time: 0s          
 Analyzing entries 36514 - 36554, now 36514 , sum entries = 40890 . . . Used time: 0s Expected left time: 0s          
 Analyzing entries 36514 - 36554, now 36515 , sum entries = 40890 . . . Used time: 0s Expected left time: 0s          
 Analyzing entries 36514 - 36554, now 36516 , sum entries = 40890 . . . Used time: 0s Expected left time: 0s          
 Analyzing entries 36514 - 36554, now 36517 , sum entries = 40890 . . . Used time: 0s Expected left time: 0s          
 Analyzing entries 36514 - 36554, now 36518 , sum entries = 40890 . . . Used time: 0s Expected left time: 0s          
 Analyzing entries 36514 - 36554, now 36519 , sum entries = 40890 . . . Used time: 0s Expected left time: 0s          
 Analyzing entries 36514 - 36554, now 36520 , sum entries = 40890 . . . Used time: 0s Expected left time: 0s          
 Analyzing entries 36514 - 36554, now 36521 , sum entries = 40890 . . . Used time: 0s Expected left time: 0s          
 Analyzing entries 36514 - 36554, now 36522 , sum entries = 40890 . . . Used time: 0s Expected left time: 0s          
 Analyzing entries 36514 - 36554, now 36523 , sum entries = 40890 . . . Used time: 0s Expected left time: 0s          
 Analyzing entries 36514 - 36554, now 36524 , sum entries = 40890 . . . Used time: 0s Expected left time: 0s          
 Analyzing entries 36514 - 36554, now 36525 , sum entries = 40890 . . . Used time: 0s Expected left time: 0s          
 Analyzing entries 36514 - 36554, now 36526 , sum entries = 40890 . . . Used time: 0s Expected left time: 0s          
 Analyzing entries 36514 - 36554, now 36527 , sum entries = 40890 . . . Used time: 0s Expected left time: 0s          
 Analyzing entries 36514 - 36554, now 36528 , sum entries = 40890 . . . Used time: 0s Expected left time: 0s          
 Analyzing entries 36514 - 36554, now 36529 , sum entries = 40890 . . . Used time: 0s Expected left time: 0s          
 Analyzing entries 36514 - 36554, now 36530 , sum entries = 40890 . . . Used time: 0s Expected left time: 0s          
 Analyzing entries 36514 - 36554, now 36531 , sum entries = 40890 . . . Used time: 0s Expected left time: 0s          
 Analyzing entries 36514 - 36554, now 36532 , sum entries = 40890 . . . Used time: 0s Expected left time: 0s          
 Analyzing entries 36514 - 36554, now 36533 , sum entries = 40890 . . . Used time: 0s Expected left time: 0s          
 Analyzing entries 36514 - 36554, now 36534 , sum entries = 40890 . . . Used time: 0s Expected left time: 0s          
 Analyzing entries 36514 - 36554, now 36535 , sum entries = 40890 . . . Used time: 0s Expected left time: 0s          
 Analyzing entries 36514 - 36554, now 36536 , sum entries = 40890 . . . Used time: 0s Expected left time: 0s          
 Analyzing entries 36514 - 36554, now 36537 , sum entries = 40890 . . . Used time: 0s Expected left time: 0s          
 Analyzing entries 36514 - 36554, now 36538 , sum entries = 40890 . . . Used time: 0s Expected left time: 0s          
 Analyzing entries 36514 - 36554, now 36539 , sum entries = 40890 . . . Used time: 0s Expected left time: 0s          
 Analyzing entries 36514 - 36554, now 36540 , sum entries = 40890 . . . Used time: 0s Expected left time: 0s          
 Analyzing entries 36514 - 36554, now 36541 , sum entries = 40890 . . . Used time: 0s Expected left time: 0s          
 Analyzing entries 36514 - 36554, now 36542 , sum entries = 40890 . . . Used time: 0s Expected left time: 0s          
 Analyzing entries 36514 - 36554, now 36543 , sum entries = 40890 . . . Used time: 0s Expected left time: 0s          
 Analyzing entries 36514 - 36554, now 36544 , sum entries = 40890 . . . Used time: 0s Expected left time: 0s          
 Analyzing entries 36514 - 36554, now 36545 , sum entries = 40890 . . . Used time: 0s Expected left time: 0s          
 Analyzing entries 36514 - 36554, now 36546 , sum entries = 40890 . . . Used time: 0s Expected left time: 0s          
 Analyzing entries 36514 - 36554, now 36547 , sum entries = 40890 . . . Used time: 0s Expected left time: 0s          
 Analyzing entries 36514 - 36554, now 36548 , sum entries = 40890 . . . Used time: 0s Expected left time: 0s          
 Analyzing entries 36514 - 36554, now 36549 , sum entries = 40890 . . . Used time: 0s Expected left time: 0s          
 Analyzing entries 36514 - 36554, now 36550 , sum entries = 40890 . . . Used time: 0s Expected left time: 0s          
 Analyzing entries 36514 - 36554, now 36551 , sum entries = 40890 . . . Used time: 0s Expected left time: 0s          
 Analyzing entries 36514 - 36554, now 36552 , sum entries = 40890 . . . Used time: 0s Expected left time: 0s          
 Analyzing entries 36514 - 36554, now 36553 , sum entries = 40890 . . . Used time: 0s Expected left time: 0s          
 Save to RootFile /extdisk/zlin/Machine_learning/RecoPlanesFeatures/CMS_herwig_HT1000to1500-preVFP_jinitpt450_600_j2pt80_120Reco/Chunk89_Part3.root . . . Used time: 0s Expected left time: 0s          
 Save to RootFile /extdisk/zlin/Machine_learning/RecoPlanesFeatures/CMS_herwig_HT1000to1500-preVFP_jinitpt450_600_j2pt80_120Reco/Chunk89_Part3.root . . . Used time: 0s Expected left time: 0s          
 Save to RootFile /extdisk/zlin/Machine_learning/RecoPlanesFeatures/CMS_herwig_HT1000to1500-preVFP_jinitpt450_600_j2pt80_120Reco/Chunk89_Part3.root . . . Used time: 0s Expected left time: 0s          
 Save to RootFile /extdisk/zlin/Machine_learning/RecoPlanesFeatures/CMS_herwig_HT1000to1500-preVFP_jinitpt450_600_j2pt80_120Reco/Chunk89_Part3.root . . . Used time: 0s Expected left time: 0s          
 Save to RootFile /extdisk/zlin/Machine_learning/RecoPlanesFeatures/CMS_herwig_HT1000to1500-preVFP_jinitpt450_600_j2pt80_120Reco/Chunk89_Part3.root . . . Used time: 0s Expected left time: 0s          
 Save to RootFile /extdisk/zlin/Machine_learning/RecoPlanesFeatures/CMS_herwig_HT1000to1500-preVFP_jinitpt450_600_j2pt80_120Reco/Chunk89_Part3.root . . . Used time: 0s Expected left time: 0s          
 Save to RootFile /extdisk/zlin/Machine_learning/RecoPlanesFeatures/CMS_herwig_HT1000to1500-preVFP_jinitpt450_600_j2pt80_120Reco/Chunk89_Part3.root . . . Used time: 0s Expected left time: 0s          
 Analyzing entries 36555 - 36595, now 36555 , sum entries = 40890 . . . Used time: 0s Expected left time: 0s          
 Analyzing entries 36555 - 36595, now 36556 , sum entries = 40890 . . . Used time: 0s Expected left time: 0s          
 Analyzing entries 36555 - 36595, now 36557 , sum entries = 40890 . . . Used time: 0s Expected left time: 0s          
 Analyzing entries 36555 - 36595, now 36558 , sum entries = 40890 . . . Used time: 0s Expected left time: 0s          
 Analyzing entries 36555 - 36595, now 36559 , sum entries = 40890 . . . Used time: 0s Expected left time: 0s          
 Analyzing entries 36555 - 36595, now 36560 , sum entries = 40890 . . . Used time: 0s Expected left time: 0s          
 Analyzing entries 36555 - 36595, now 36561 , sum entries = 40890 . . . Used time: 0s Expected left time: 0s          
 Analyzing entries 36555 - 36595, now 36562 , sum entries = 40890 . . . Used time: 0s Expected left time: 0s          
 Analyzing entries 36555 - 36595, now 36563 , sum entries = 40890 . . . Used time: 0s Expected left time: 0s          
 Analyzing entries 36555 - 36595, now 36564 , sum entries = 40890 . . . Used time: 0s Expected left time: 0s          
 Analyzing entries 36555 - 36595, now 36565 , sum entries = 40890 . . . Used time: 0s Expected left time: 0s          
 Analyzing entries 36555 - 36595, now 36566 , sum entries = 40890 . . . Used time: 0s Expected left time: 0s          
 Analyzing entries 36555 - 36595, now 36567 , sum entries = 40890 . . . Used time: 0s Expected left time: 0s          
 Analyzing entries 36555 - 36595, now 36568 , sum entries = 40890 . . . Used time: 0s Expected left time: 0s          
 Analyzing entries 36555 - 36595, now 36569 , sum entries = 40890 . . . Used time: 0s Expected left time: 0s          
 Analyzing entries 36555 - 36595, now 36570 , sum entries = 40890 . . . Used time: 0s Expected left time: 0s          
 Analyzing entries 36555 - 36595, now 36571 , sum entries = 40890 . . . Used time: 0s Expected left time: 0s          
 Analyzing entries 36555 - 36595, now 36572 , sum entries = 40890 . . . Used time: 0s Expected left time: 0s          
 Analyzing entries 36555 - 36595, now 36573 , sum entries = 40890 . . . Used time: 0s Expected left time: 0s          
 Analyzing entries 36555 - 36595, now 36574 , sum entries = 40890 . . . Used time: 0s Expected left time: 0s          
 Analyzing entries 36555 - 36595, now 36575 , sum entries = 40890 . . . Used time: 0s Expected left time: 0s          
 Analyzing entries 36555 - 36595, now 36576 , sum entries = 40890 . . . Used time: 0s Expected left time: 0s          
 Analyzing entries 36555 - 36595, now 36577 , sum entries = 40890 . . . Used time: 0s Expected left time: 0s          
 Analyzing entries 36555 - 36595, now 36578 , sum entries = 40890 . . . Used time: 0s Expected left time: 0s          
 Analyzing entries 36555 - 36595, now 36579 , sum entries = 40890 . . . Used time: 0s Expected left time: 0s          
 Analyzing entries 36555 - 36595, now 36580 , sum entries = 40890 . . . Used time: 0s Expected left time: 0s          
 Analyzing entries 36555 - 36595, now 36581 , sum entries = 40890 . . . Used time: 0s Expected left time: 0s          
 Analyzing entries 36555 - 36595, now 36582 , sum entries = 40890 . . . Used time: 0s Expected left time: 0s          
 Analyzing entries 36555 - 36595, now 36583 , sum entries = 40890 . . . Used time: 0s Expected left time: 0s          
 Analyzing entries 36555 - 36595, now 36584 , sum entries = 40890 . . . Used time: 0s Expected left time: 0s          
 Analyzing entries 36555 - 36595, now 36585 , sum entries = 40890 . . . Used time: 0s Expected left time: 0s          
 Analyzing entries 36555 - 36595, now 36586 , sum entries = 40890 . . . Used time: 0s Expected left time: 0s          
 Analyzing entries 36555 - 36595, now 36587 , sum entries = 40890 . . . Used time: 0s Expected left time: 0s          
 Analyzing entries 36555 - 36595, now 36588 , sum entries = 40890 . . . Used time: 0s Expected left time: 0s          
 Analyzing entries 36555 - 36595, now 36589 , sum entries = 40890 . . . Used time: 0s Expected left time: 0s          
 Analyzing entries 36555 - 36595, now 36590 , sum entries = 40890 . . . Used time: 0s Expected left time: 0s          
 Analyzing entries 36555 - 36595, now 36591 , sum entries = 40890 . . . Used time: 0s Expected left time: 0s          
 Analyzing entries 36555 - 36595, now 36592 , sum entries = 40890 . . . Used time: 0s Expected left time: 0s          
 Analyzing entries 36555 - 36595, now 36593 , sum entries = 40890 . . . Used time: 0s Expected left time: 0s          
 Analyzing entries 36555 - 36595, now 36594 , sum entries = 40890 . . . Used time: 0s Expected left time: 0s          
 Save to RootFile /extdisk/zlin/Machine_learning/RecoPlanesFeatures/CMS_herwig_HT1000to1500-preVFP_jinitpt450_600_j2pt80_120Reco/Chunk89_Part4.root . . . Used time: 0s Expected left time: 0s          
 Save to RootFile /extdisk/zlin/Machine_learning/RecoPlanesFeatures/CMS_herwig_HT1000to1500-preVFP_jinitpt450_600_j2pt80_120Reco/Chunk89_Part4.root . . . Used time: 0s Expected left time: 0s          
 Save to RootFile /extdisk/zlin/Machine_learning/RecoPlanesFeatures/CMS_herwig_HT1000to1500-preVFP_jinitpt450_600_j2pt80_120Reco/Chunk89_Part4.root . . . Used time: 0s Expected left time: 0s          
 Save to RootFile /extdisk/zlin/Machine_learning/RecoPlanesFeatures/CMS_herwig_HT1000to1500-preVFP_jinitpt450_600_j2pt80_120Reco/Chunk89_Part4.root . . . Used time: 0s Expected left time: 0s          
 Save to RootFile /extdisk/zlin/Machine_learning/RecoPlanesFeatures/CMS_herwig_HT1000to1500-preVFP_jinitpt450_600_j2pt80_120Reco/Chunk89_Part4.root . . . Used time: 0s Expected left time: 0s          
 Analyzing entries 36596 - 36636, now 36596 , sum entries = 40890 . . . Used time: 0s Expected left time: 0s          
 Analyzing entries 36596 - 36636, now 36597 , sum entries = 40890 . . . Used time: 0s Expected left time: 0s          
 Analyzing entries 36596 - 36636, now 36598 , sum entries = 40890 . . . Used time: 0s Expected left time: 0s          
 Analyzing entries 36596 - 36636, now 36599 , sum entries = 40890 . . . Used time: 0s Expected left time: 0s          
 Analyzing entries 36596 - 36636, now 36600 , sum entries = 40890 . . . Used time: 0s Expected left time: 0s          
 Analyzing entries 36596 - 36636, now 36601 , sum entries = 40890 . . . Used time: 0s Expected left time: 0s          
 Analyzing entries 36596 - 36636, now 36602 , sum entries = 40890 . . . Used time: 0s Expected left time: 0s          
 Analyzing entries 36596 - 36636, now 36603 , sum entries = 40890 . . . Used time: 0s Expected left time: 0s          
 Analyzing entries 36596 - 36636, now 36604 , sum entries = 40890 . . . Used time: 0s Expected left time: 0s          
 Analyzing entries 36596 - 36636, now 36605 , sum entries = 40890 . . . Used time: 0s Expected left time: 0s          
 Analyzing entries 36596 - 36636, now 36606 , sum entries = 40890 . . . Used time: 0s Expected left time: 0s          
 Analyzing entries 36596 - 36636, now 36607 , sum entries = 40890 . . . Used time: 0s Expected left time: 0s          
 Analyzing entries 36596 - 36636, now 36608 , sum entries = 40890 . . . Used time: 0s Expected left time: 0s          
 Analyzing entries 36596 - 36636, now 36609 , sum entries = 40890 . . . Used time: 0s Expected left time: 0s          
 Analyzing entries 36596 - 36636, now 36610 , sum entries = 40890 . . . Used time: 0s Expected left time: 0s          
 Analyzing entries 36596 - 36636, now 36611 , sum entries = 40890 . . . Used time: 0s Expected left time: 0s          
 Analyzing entries 36596 - 36636, now 36612 , sum entries = 40890 . . . Used time: 0s Expected left time: 0s          
 Analyzing entries 36596 - 36636, now 36613 , sum entries = 40890 . . . Used time: 0s Expected left time: 0s          
 Analyzing entries 36596 - 36636, now 36614 , sum entries = 40890 . . . Used time: 0s Expected left time: 0s          
 Analyzing entries 36596 - 36636, now 36615 , sum entries = 40890 . . . Used time: 0s Expected left time: 0s          
 Analyzing entries 36596 - 36636, now 36616 , sum entries = 40890 . . . Used time: 0s Expected left time: 0s          
 Analyzing entries 36596 - 36636, now 36617 , sum entries = 40890 . . . Used time: 0s Expected left time: 0s          
 Analyzing entries 36596 - 36636, now 36618 , sum entries = 40890 . . . Used time: 0s Expected left time: 0s          
 Analyzing entries 36596 - 36636, now 36619 , sum entries = 40890 . . . Used time: 0s Expected left time: 0s          
 Analyzing entries 36596 - 36636, now 36620 , sum entries = 40890 . . . Used time: 0s Expected left time: 0s          
 Analyzing entries 36596 - 36636, now 36621 , sum entries = 40890 . . . Used time: 0s Expected left time: 0s          
 Analyzing entries 36596 - 36636, now 36622 , sum entries = 40890 . . . Used time: 0s Expected left time: 0s          
 Analyzing entries 36596 - 36636, now 36623 , sum entries = 40890 . . . Used time: 0s Expected left time: 0s          
 Analyzing entries 36596 - 36636, now 36624 , sum entries = 40890 . . . Used time: 0s Expected left time: 0s          
 Analyzing entries 36596 - 36636, now 36625 , sum entries = 40890 . . . Used time: 0s Expected left time: 0s          
 Analyzing entries 36596 - 36636, now 36626 , sum entries = 40890 . . . Used time: 0s Expected left time: 0s          
 Analyzing entries 36596 - 36636, now 36627 , sum entries = 40890 . . . Used time: 0s Expected left time: 0s          
 Analyzing entries 36596 - 36636, now 36628 , sum entries = 40890 . . . Used time: 0s Expected left time: 0s          
 Analyzing entries 36596 - 36636, now 36629 , sum entries = 40890 . . . Used time: 0s Expected left time: 0s          
 Analyzing entries 36596 - 36636, now 36630 , sum entries = 40890 . . . Used time: 0s Expected left time: 0s          
 Analyzing entries 36596 - 36636, now 36631 , sum entries = 40890 . . . Used time: 0s Expected left time: 0s          
 Analyzing entries 36596 - 36636, now 36632 , sum entries = 40890 . . . Used time: 0s Expected left time: 0s          
 Analyzing entries 36596 - 36636, now 36633 , sum entries = 40890 . . . Used time: 0s Expected left time: 0s          
 Analyzing entries 36596 - 36636, now 36634 , sum entries = 40890 . . . Used time: 0s Expected left time: 0s          
 Analyzing entries 36596 - 36636, now 36635 , sum entries = 40890 . . . Used time: 0s Expected left time: 0s          
 Save to RootFile /extdisk/zlin/Machine_learning/RecoPlanesFeatures/CMS_herwig_HT1000to1500-preVFP_jinitpt450_600_j2pt80_120Reco/Chunk89_Part5.root . . . Used time: 0s Expected left time: 0s          
 Save to RootFile /extdisk/zlin/Machine_learning/RecoPlanesFeatures/CMS_herwig_HT1000to1500-preVFP_jinitpt450_600_j2pt80_120Reco/Chunk89_Part5.root . . . Used time: 0s Expected left time: 0s          
 Save to RootFile /extdisk/zlin/Machine_learning/RecoPlanesFeatures/CMS_herwig_HT1000to1500-preVFP_jinitpt450_600_j2pt80_120Reco/Chunk89_Part5.root . . . Used time: 0s Expected left time: 0s          
 Save to RootFile /extdisk/zlin/Machine_learning/RecoPlanesFeatures/CMS_herwig_HT1000to1500-preVFP_jinitpt450_600_j2pt80_120Reco/Chunk89_Part5.root . . . Used time: 0s Expected left time: 0s          
 Save to RootFile /extdisk/zlin/Machine_learning/RecoPlanesFeatures/CMS_herwig_HT1000to1500-preVFP_jinitpt450_600_j2pt80_120Reco/Chunk89_Part5.root . . . Used time: 0s Expected left time: 0s          
 Save to RootFile /extdisk/zlin/Machine_learning/RecoPlanesFeatures/CMS_herwig_HT1000to1500-preVFP_jinitpt450_600_j2pt80_120Reco/Chunk89_Part5.root . . . Used time: 0s Expected left time: 0s          
 Analyzing entries 36637 - 36677, now 36637 , sum entries = 40890 . . . Used time: 0s Expected left time: 0s          
 Analyzing entries 36637 - 36677, now 36638 , sum entries = 40890 . . . Used time: 0s Expected left time: 0s          
 Analyzing entries 36637 - 36677, now 36639 , sum entries = 40890 . . . Used time: 0s Expected left time: 0s          
 Analyzing entries 36637 - 36677, now 36640 , sum entries = 40890 . . . Used time: 0s Expected left time: 0s          
 Analyzing entries 36637 - 36677, now 36641 , sum entries = 40890 . . . Used time: 0s Expected left time: 0s          
 Analyzing entries 36637 - 36677, now 36642 , sum entries = 40890 . . . Used time: 0s Expected left time: 0s          
 Analyzing entries 36637 - 36677, now 36643 , sum entries = 40890 . . . Used time: 0s Expected left time: 0s          
 Analyzing entries 36637 - 36677, now 36644 , sum entries = 40890 . . . Used time: 0s Expected left time: 0s          
 Analyzing entries 36637 - 36677, now 36645 , sum entries = 40890 . . . Used time: 0s Expected left time: 0s          
 Analyzing entries 36637 - 36677, now 36646 , sum entries = 40890 . . . Used time: 0s Expected left time: 0s          
 Analyzing entries 36637 - 36677, now 36647 , sum entries = 40890 . . . Used time: 0s Expected left time: 0s          
 Analyzing entries 36637 - 36677, now 36648 , sum entries = 40890 . . . Used time: 0s Expected left time: 0s          
 Analyzing entries 36637 - 36677, now 36649 , sum entries = 40890 . . . Used time: 0s Expected left time: 0s          
 Analyzing entries 36637 - 36677, now 36650 , sum entries = 40890 . . . Used time: 0s Expected left time: 0s          
 Analyzing entries 36637 - 36677, now 36651 , sum entries = 40890 . . . Used time: 0s Expected left time: 0s          
 Analyzing entries 36637 - 36677, now 36652 , sum entries = 40890 . . . Used time: 0s Expected left time: 0s          
 Analyzing entries 36637 - 36677, now 36653 , sum entries = 40890 . . . Used time: 0s Expected left time: 0s          
 Analyzing entries 36637 - 36677, now 36654 , sum entries = 40890 . . . Used time: 0s Expected left time: 0s          
 Analyzing entries 36637 - 36677, now 36655 , sum entries = 40890 . . . Used time: 0s Expected left time: 0s          
 Analyzing entries 36637 - 36677, now 36656 , sum entries = 40890 . . . Used time: 0s Expected left time: 0s          
 Analyzing entries 36637 - 36677, now 36657 , sum entries = 40890 . . . Used time: 0s Expected left time: 0s          
 Analyzing entries 36637 - 36677, now 36658 , sum entries = 40890 . . . Used time: 0s Expected left time: 0s          
 Analyzing entries 36637 - 36677, now 36659 , sum entries = 40890 . . . Used time: 0s Expected left time: 0s          
 Analyzing entries 36637 - 36677, now 36660 , sum entries = 40890 . . . Used time: 0s Expected left time: 0s          
 Analyzing entries 36637 - 36677, now 36661 , sum entries = 40890 . . . Used time: 0s Expected left time: 0s          
 Analyzing entries 36637 - 36677, now 36662 , sum entries = 40890 . . . Used time: 0s Expected left time: 0s          
 Analyzing entries 36637 - 36677, now 36663 , sum entries = 40890 . . . Used time: 0s Expected left time: 0s          
 Analyzing entries 36637 - 36677, now 36664 , sum entries = 40890 . . . Used time: 0s Expected left time: 0s          
 Analyzing entries 36637 - 36677, now 36665 , sum entries = 40890 . . . Used time: 0s Expected left time: 0s          
 Analyzing entries 36637 - 36677, now 36666 , sum entries = 40890 . . . Used time: 0s Expected left time: 0s          
 Analyzing entries 36637 - 36677, now 36667 , sum entries = 40890 . . . Used time: 0s Expected left time: 0s          
 Analyzing entries 36637 - 36677, now 36668 , sum entries = 40890 . . . Used time: 0s Expected left time: 0s          
 Analyzing entries 36637 - 36677, now 36669 , sum entries = 40890 . . . Used time: 0s Expected left time: 0s          
 Analyzing entries 36637 - 36677, now 36670 , sum entries = 40890 . . . Used time: 0s Expected left time: 0s          
 Analyzing entries 36637 - 36677, now 36671 , sum entries = 40890 . . . Used time: 0s Expected left time: 0s          
 Analyzing entries 36637 - 36677, now 36672 , sum entries = 40890 . . . Used time: 0s Expected left time: 0s          
 Analyzing entries 36637 - 36677, now 36673 , sum entries = 40890 . . . Used time: 0s Expected left time: 0s          
 Analyzing entries 36637 - 36677, now 36674 , sum entries = 40890 . . . Used time: 0s Expected left time: 0s          
 Analyzing entries 36637 - 36677, now 36675 , sum entries = 40890 . . . Used time: 0s Expected left time: 0s          
 Analyzing entries 36637 - 36677, now 36676 , sum entries = 40890 . . . Used time: 0s Expected left time: 0s          
 Save to RootFile /extdisk/zlin/Machine_learning/RecoPlanesFeatures/CMS_herwig_HT1000to1500-preVFP_jinitpt450_600_j2pt80_120Reco/Chunk89_Part6.root . . . Used time: 0s Expected left time: 0s          
 Save to RootFile /extdisk/zlin/Machine_learning/RecoPlanesFeatures/CMS_herwig_HT1000to1500-preVFP_jinitpt450_600_j2pt80_120Reco/Chunk89_Part6.root . . . Used time: 0s Expected left time: 0s          
 Analyzing entries 36678 - 36718, now 36678 , sum entries = 40890 . . . Used time: 0s Expected left time: 0s          
 Analyzing entries 36678 - 36718, now 36679 , sum entries = 40890 . . . Used time: 0s Expected left time: 0s          
 Analyzing entries 36678 - 36718, now 36680 , sum entries = 40890 . . . Used time: 0s Expected left time: 0s          
 Analyzing entries 36678 - 36718, now 36681 , sum entries = 40890 . . . Used time: 0s Expected left time: 0s          
 Analyzing entries 36678 - 36718, now 36682 , sum entries = 40890 . . . Used time: 0s Expected left time: 0s          
 Analyzing entries 36678 - 36718, now 36683 , sum entries = 40890 . . . Used time: 0s Expected left time: 0s          
 Analyzing entries 36678 - 36718, now 36684 , sum entries = 40890 . . . Used time: 0s Expected left time: 0s          
 Analyzing entries 36678 - 36718, now 36685 , sum entries = 40890 . . . Used time: 0s Expected left time: 0s          
 Analyzing entries 36678 - 36718, now 36686 , sum entries = 40890 . . . Used time: 0s Expected left time: 0s          
 Analyzing entries 36678 - 36718, now 36687 , sum entries = 40890 . . . Used time: 0s Expected left time: 0s          
 Analyzing entries 36678 - 36718, now 36688 , sum entries = 40890 . . . Used time: 0s Expected left time: 0s          
 Analyzing entries 36678 - 36718, now 36689 , sum entries = 40890 . . . Used time: 0s Expected left time: 0s          
 Analyzing entries 36678 - 36718, now 36690 , sum entries = 40890 . . . Used time: 0s Expected left time: 0s          
 Analyzing entries 36678 - 36718, now 36691 , sum entries = 40890 . . . Used time: 0s Expected left time: 0s          
 Analyzing entries 36678 - 36718, now 36692 , sum entries = 40890 . . . Used time: 0s Expected left time: 0s          
 Analyzing entries 36678 - 36718, now 36693 , sum entries = 40890 . . . Used time: 0s Expected left time: 0s          
 Analyzing entries 36678 - 36718, now 36694 , sum entries = 40890 . . . Used time: 0s Expected left time: 0s          
 Analyzing entries 36678 - 36718, now 36695 , sum entries = 40890 . . . Used time: 0s Expected left time: 0s          
 Analyzing entries 36678 - 36718, now 36696 , sum entries = 40890 . . . Used time: 0s Expected left time: 0s          
 Analyzing entries 36678 - 36718, now 36697 , sum entries = 40890 . . . Used time: 0s Expected left time: 0s          
 Analyzing entries 36678 - 36718, now 36698 , sum entries = 40890 . . . Used time: 0s Expected left time: 0s          
 Analyzing entries 36678 - 36718, now 36699 , sum entries = 40890 . . . Used time: 0s Expected left time: 0s          
 Analyzing entries 36678 - 36718, now 36700 , sum entries = 40890 . . . Used time: 0s Expected left time: 0s          
 Analyzing entries 36678 - 36718, now 36701 , sum entries = 40890 . . . Used time: 0s Expected left time: 0s          
 Analyzing entries 36678 - 36718, now 36702 , sum entries = 40890 . . . Used time: 0s Expected left time: 0s          
 Analyzing entries 36678 - 36718, now 36703 , sum entries = 40890 . . . Used time: 0s Expected left time: 0s          
 Analyzing entries 36678 - 36718, now 36704 , sum entries = 40890 . . . Used time: 0s Expected left time: 0s          
 Analyzing entries 36678 - 36718, now 36705 , sum entries = 40890 . . . Used time: 0s Expected left time: 0s          
 Analyzing entries 36678 - 36718, now 36706 , sum entries = 40890 . . . Used time: 0s Expected left time: 0s          
 Analyzing entries 36678 - 36718, now 36707 , sum entries = 40890 . . . Used time: 0s Expected left time: 0s          
 Analyzing entries 36678 - 36718, now 36708 , sum entries = 40890 . . . Used time: 0s Expected left time: 0s          
 Analyzing entries 36678 - 36718, now 36709 , sum entries = 40890 . . . Used time: 0s Expected left time: 0s          
 Analyzing entries 36678 - 36718, now 36710 , sum entries = 40890 . . . Used time: 0s Expected left time: 0s          
 Analyzing entries 36678 - 36718, now 36711 , sum entries = 40890 . . . Used time: 0s Expected left time: 0s          
 Analyzing entries 36678 - 36718, now 36712 , sum entries = 40890 . . . Used time: 0s Expected left time: 0s          
 Analyzing entries 36678 - 36718, now 36713 , sum entries = 40890 . . . Used time: 0s Expected left time: 0s          
 Analyzing entries 36678 - 36718, now 36714 , sum entries = 40890 . . . Used time: 0s Expected left time: 0s          
 Analyzing entries 36678 - 36718, now 36715 , sum entries = 40890 . . . Used time: 0s Expected left time: 0s          
 Analyzing entries 36678 - 36718, now 36716 , sum entries = 40890 . . . Used time: 0s Expected left time: 0s          
 Analyzing entries 36678 - 36718, now 36717 , sum entries = 40890 . . . Used time: 0s Expected left time: 0s          
 Save to RootFile /extdisk/zlin/Machine_learning/RecoPlanesFeatures/CMS_herwig_HT1000to1500-preVFP_jinitpt450_600_j2pt80_120Reco/Chunk89_Part7.root . . . Used time: 0s Expected left time: 0s          
 Save to RootFile /extdisk/zlin/Machine_learning/RecoPlanesFeatures/CMS_herwig_HT1000to1500-preVFP_jinitpt450_600_j2pt80_120Reco/Chunk89_Part7.root . . . Used time: 0s Expected left time: 0s          
 Save to RootFile /extdisk/zlin/Machine_learning/RecoPlanesFeatures/CMS_herwig_HT1000to1500-preVFP_jinitpt450_600_j2pt80_120Reco/Chunk89_Part7.root . . . Used time: 0s Expected left time: 0s          
 Save to RootFile /extdisk/zlin/Machine_learning/RecoPlanesFeatures/CMS_herwig_HT1000to1500-preVFP_jinitpt450_600_j2pt80_120Reco/Chunk89_Part7.root . . . Used time: 0s Expected left time: 0s          
 Analyzing entries 36719 - 36759, now 36719 , sum entries = 40890 . . . Used time: 0s Expected left time: 0s          
 Analyzing entries 36719 - 36759, now 36720 , sum entries = 40890 . . . Used time: 0s Expected left time: 0s          
 Analyzing entries 36719 - 36759, now 36721 , sum entries = 40890 . . . Used time: 0s Expected left time: 0s          
 Analyzing entries 36719 - 36759, now 36722 , sum entries = 40890 . . . Used time: 0s Expected left time: 0s          
 Analyzing entries 36719 - 36759, now 36723 , sum entries = 40890 . . . Used time: 0s Expected left time: 0s          
 Analyzing entries 36719 - 36759, now 36724 , sum entries = 40890 . . . Used time: 0s Expected left time: 0s          
 Analyzing entries 36719 - 36759, now 36725 , sum entries = 40890 . . . Used time: 0s Expected left time: 0s          
 Analyzing entries 36719 - 36759, now 36726 , sum entries = 40890 . . . Used time: 0s Expected left time: 0s          
 Analyzing entries 36719 - 36759, now 36727 , sum entries = 40890 . . . Used time: 0s Expected left time: 0s          
 Analyzing entries 36719 - 36759, now 36728 , sum entries = 40890 . . . Used time: 0s Expected left time: 0s          
 Analyzing entries 36719 - 36759, now 36729 , sum entries = 40890 . . . Used time: 0s Expected left time: 0s          
 Analyzing entries 36719 - 36759, now 36730 , sum entries = 40890 . . . Used time: 0s Expected left time: 0s          
 Analyzing entries 36719 - 36759, now 36731 , sum entries = 40890 . . . Used time: 0s Expected left time: 0s          
 Analyzing entries 36719 - 36759, now 36732 , sum entries = 40890 . . . Used time: 0s Expected left time: 0s          
 Analyzing entries 36719 - 36759, now 36733 , sum entries = 40890 . . . Used time: 0s Expected left time: 0s          
 Analyzing entries 36719 - 36759, now 36734 , sum entries = 40890 . . . Used time: 0s Expected left time: 0s          
 Analyzing entries 36719 - 36759, now 36735 , sum entries = 40890 . . . Used time: 0s Expected left time: 0s          
 Analyzing entries 36719 - 36759, now 36736 , sum entries = 40890 . . . Used time: 0s Expected left time: 0s          
 Analyzing entries 36719 - 36759, now 36737 , sum entries = 40890 . . . Used time: 0s Expected left time: 0s          
 Analyzing entries 36719 - 36759, now 36738 , sum entries = 40890 . . . Used time: 0s Expected left time: 0s          
 Analyzing entries 36719 - 36759, now 36739 , sum entries = 40890 . . . Used time: 0s Expected left time: 0s          
 Analyzing entries 36719 - 36759, now 36740 , sum entries = 40890 . . . Used time: 0s Expected left time: 0s          
 Analyzing entries 36719 - 36759, now 36741 , sum entries = 40890 . . . Used time: 0s Expected left time: 0s          
 Analyzing entries 36719 - 36759, now 36742 , sum entries = 40890 . . . Used time: 0s Expected left time: 0s          
 Analyzing entries 36719 - 36759, now 36743 , sum entries = 40890 . . . Used time: 0s Expected left time: 0s          
 Analyzing entries 36719 - 36759, now 36744 , sum entries = 40890 . . . Used time: 0s Expected left time: 0s          
 Analyzing entries 36719 - 36759, now 36745 , sum entries = 40890 . . . Used time: 0s Expected left time: 0s          
 Analyzing entries 36719 - 36759, now 36746 , sum entries = 40890 . . . Used time: 0s Expected left time: 0s          
 Analyzing entries 36719 - 36759, now 36747 , sum entries = 40890 . . . Used time: 0s Expected left time: 0s          
 Analyzing entries 36719 - 36759, now 36748 , sum entries = 40890 . . . Used time: 0s Expected left time: 0s          
 Analyzing entries 36719 - 36759, now 36749 , sum entries = 40890 . . . Used time: 0s Expected left time: 0s          
 Analyzing entries 36719 - 36759, now 36750 , sum entries = 40890 . . . Used time: 0s Expected left time: 0s          
 Analyzing entries 36719 - 36759, now 36751 , sum entries = 40890 . . . Used time: 0s Expected left time: 0s          
 Analyzing entries 36719 - 36759, now 36752 , sum entries = 40890 . . . Used time: 0s Expected left time: 0s          
 Analyzing entries 36719 - 36759, now 36753 , sum entries = 40890 . . . Used time: 0s Expected left time: 0s          
 Analyzing entries 36719 - 36759, now 36754 , sum entries = 40890 . . . Used time: 0s Expected left time: 0s          
 Analyzing entries 36719 - 36759, now 36755 , sum entries = 40890 . . . Used time: 0s Expected left time: 0s          
 Analyzing entries 36719 - 36759, now 36756 , sum entries = 40890 . . . Used time: 0s Expected left time: 0s          
 Analyzing entries 36719 - 36759, now 36757 , sum entries = 40890 . . . Used time: 0s Expected left time: 0s          
 Analyzing entries 36719 - 36759, now 36758 , sum entries = 40890 . . . Used time: 0s Expected left time: 0s          
 Save to RootFile /extdisk/zlin/Machine_learning/RecoPlanesFeatures/CMS_herwig_HT1000to1500-preVFP_jinitpt450_600_j2pt80_120Reco/Chunk89_Part8.root . . . Used time: 0s Expected left time: 0s          
 Save to RootFile /extdisk/zlin/Machine_learning/RecoPlanesFeatures/CMS_herwig_HT1000to1500-preVFP_jinitpt450_600_j2pt80_120Reco/Chunk89_Part8.root . . . Used time: 0s Expected left time: 0s          
 Save to RootFile /extdisk/zlin/Machine_learning/RecoPlanesFeatures/CMS_herwig_HT1000to1500-preVFP_jinitpt450_600_j2pt80_120Reco/Chunk89_Part8.root . . . Used time: 0s Expected left time: 0s          
 Save to RootFile /extdisk/zlin/Machine_learning/RecoPlanesFeatures/CMS_herwig_HT1000to1500-preVFP_jinitpt450_600_j2pt80_120Reco/Chunk89_Part8.root . . . Used time: 0s Expected left time: 0s          
 Analyzing entries 36760 - 36800, now 36760 , sum entries = 40890 . . . Used time: 0s Expected left time: 0s          
 Analyzing entries 36760 - 36800, now 36761 , sum entries = 40890 . . . Used time: 0s Expected left time: 0s          
 Analyzing entries 36760 - 36800, now 36762 , sum entries = 40890 . . . Used time: 0s Expected left time: 0s          
 Analyzing entries 36760 - 36800, now 36763 , sum entries = 40890 . . . Used time: 0s Expected left time: 0s          
 Analyzing entries 36760 - 36800, now 36764 , sum entries = 40890 . . . Used time: 0s Expected left time: 0s          
 Analyzing entries 36760 - 36800, now 36765 , sum entries = 40890 . . . Used time: 0s Expected left time: 0s          
 Analyzing entries 36760 - 36800, now 36766 , sum entries = 40890 . . . Used time: 0s Expected left time: 0s          
 Analyzing entries 36760 - 36800, now 36767 , sum entries = 40890 . . . Used time: 0s Expected left time: 0s          
 Analyzing entries 36760 - 36800, now 36768 , sum entries = 40890 . . . Used time: 0s Expected left time: 0s          
 Analyzing entries 36760 - 36800, now 36769 , sum entries = 40890 . . . Used time: 0s Expected left time: 0s          
 Analyzing entries 36760 - 36800, now 36770 , sum entries = 40890 . . . Used time: 0s Expected left time: 0s          
 Analyzing entries 36760 - 36800, now 36771 , sum entries = 40890 . . . Used time: 0s Expected left time: 0s          
 Analyzing entries 36760 - 36800, now 36772 , sum entries = 40890 . . . Used time: 0s Expected left time: 0s          
 Analyzing entries 36760 - 36800, now 36773 , sum entries = 40890 . . . Used time: 0s Expected left time: 0s          
 Analyzing entries 36760 - 36800, now 36774 , sum entries = 40890 . . . Used time: 0s Expected left time: 0s          
 Analyzing entries 36760 - 36800, now 36775 , sum entries = 40890 . . . Used time: 0s Expected left time: 0s          
 Analyzing entries 36760 - 36800, now 36776 , sum entries = 40890 . . . Used time: 0s Expected left time: 0s          
 Analyzing entries 36760 - 36800, now 36777 , sum entries = 40890 . . . Used time: 0s Expected left time: 0s          
 Analyzing entries 36760 - 36800, now 36778 , sum entries = 40890 . . . Used time: 0s Expected left time: 0s          
 Analyzing entries 36760 - 36800, now 36779 , sum entries = 40890 . . . Used time: 0s Expected left time: 0s          
 Analyzing entries 36760 - 36800, now 36780 , sum entries = 40890 . . . Used time: 0s Expected left time: 0s          
 Analyzing entries 36760 - 36800, now 36781 , sum entries = 40890 . . . Used time: 0s Expected left time: 0s          
 Analyzing entries 36760 - 36800, now 36782 , sum entries = 40890 . . . Used time: 0s Expected left time: 0s          
 Analyzing entries 36760 - 36800, now 36783 , sum entries = 40890 . . . Used time: 0s Expected left time: 0s          
 Analyzing entries 36760 - 36800, now 36784 , sum entries = 40890 . . . Used time: 0s Expected left time: 0s          
 Analyzing entries 36760 - 36800, now 36785 , sum entries = 40890 . . . Used time: 0s Expected left time: 0s          
 Analyzing entries 36760 - 36800, now 36786 , sum entries = 40890 . . . Used time: 0s Expected left time: 0s          
 Analyzing entries 36760 - 36800, now 36787 , sum entries = 40890 . . . Used time: 0s Expected left time: 0s          
 Analyzing entries 36760 - 36800, now 36788 , sum entries = 40890 . . . Used time: 0s Expected left time: 0s          
 Analyzing entries 36760 - 36800, now 36789 , sum entries = 40890 . . . Used time: 0s Expected left time: 0s          
 Analyzing entries 36760 - 36800, now 36790 , sum entries = 40890 . . . Used time: 0s Expected left time: 0s          
 Analyzing entries 36760 - 36800, now 36791 , sum entries = 40890 . . . Used time: 0s Expected left time: 0s          
 Analyzing entries 36760 - 36800, now 36792 , sum entries = 40890 . . . Used time: 0s Expected left time: 0s          
 Analyzing entries 36760 - 36800, now 36793 , sum entries = 40890 . . . Used time: 0s Expected left time: 0s          
 Analyzing entries 36760 - 36800, now 36794 , sum entries = 40890 . . . Used time: 0s Expected left time: 0s          
 Analyzing entries 36760 - 36800, now 36795 , sum entries = 40890 . . . Used time: 0s Expected left time: 0s          
 Analyzing entries 36760 - 36800, now 36796 , sum entries = 40890 . . . Used time: 0s Expected left time: 0s          
 Analyzing entries 36760 - 36800, now 36797 , sum entries = 40890 . . . Used time: 0s Expected left time: 0s          
 Analyzing entries 36760 - 36800, now 36798 , sum entries = 40890 . . . Used time: 0s Expected left time: 0s          
 Analyzing entries 36760 - 36800, now 36799 , sum entries = 40890 . . . Used time: 0s Expected left time: 0s          
 Save to RootFile /extdisk/zlin/Machine_learning/RecoPlanesFeatures/CMS_herwig_HT1000to1500-preVFP_jinitpt450_600_j2pt80_120Reco/Chunk89_Part9.root . . . Used time: 0s Expected left time: 0s          
 Save to RootFile /extdisk/zlin/Machine_learning/RecoPlanesFeatures/CMS_herwig_HT1000to1500-preVFP_jinitpt450_600_j2pt80_120Reco/Chunk89_Part9.root . . . Used time: 0s Expected left time: 0s          
 Save to RootFile /extdisk/zlin/Machine_learning/RecoPlanesFeatures/CMS_herwig_HT1000to1500-preVFP_jinitpt450_600_j2pt80_120Reco/Chunk89_Part9.root . . . Used time: 0s Expected left time: 0s          
 Save to RootFile /extdisk/zlin/Machine_learning/RecoPlanesFeatures/CMS_herwig_HT1000to1500-preVFP_jinitpt450_600_j2pt80_120Reco/Chunk89_Part9.root . . . Used time: 0s Expected left time: 0s          
 Save to RootFile /extdisk/zlin/Machine_learning/RecoPlanesFeatures/CMS_herwig_HT1000to1500-preVFP_jinitpt450_600_j2pt80_120Reco/Chunk89_Part9.root . . . Used time: 0s Expected left time: 0s          
 Save to RootFile /extdisk/zlin/Machine_learning/RecoPlanesFeatures/CMS_herwig_HT1000to1500-preVFP_jinitpt450_600_j2pt80_120Reco/Chunk89_Part9.root . . . Used time: 0s Expected left time: 0s          
 Save to RootFile /extdisk/zlin/Machine_learning/RecoPlanesFeatures/CMS_herwig_HT1000to1500-preVFP_jinitpt450_600_j2pt80_120Reco/Chunk89_Part9.root . . . Used time: 0s Expected left time: 0s          
