Warning in <TFile::Init>: file /extdisk/zlin/Machine_learning/RecoPlanes/CMS_herwig_HT1000to1500-preVFP/Chunk20_Part0.root probably not closed, trying to recover
Warning in <TFile::Init>: no keys recovered, file has been made a Zombie
Warning in <TFile::Init>: file /extdisk/zlin/Machine_learning/RecoPlanes/CMS_herwig_HT1000to1500-preVFP/Chunk25_Part0.root probably not closed, trying to recover
Info in <TFile::Recover>: /extdisk/zlin/Machine_learning/RecoPlanes/CMS_herwig_HT1000to1500-preVFP/Chunk25_Part0.root, recovered key TTree:DataInfo at address 2166339
Warning in <TFile::Init>: successfully recovered 1 keys
Warning in <TFile::Init>: file /extdisk/zlin/Machine_learning/RecoPlanes/CMS_herwig_HT1000to1500-preVFP/Chunk26_Part0.root probably not closed, trying to recover
Info in <TFile::Recover>: /extdisk/zlin/Machine_learning/RecoPlanes/CMS_herwig_HT1000to1500-preVFP/Chunk26_Part0.root, recovered key TTree:DataInfo at address 2184534
Warning in <TFile::Init>: successfully recovered 1 keys
Warning in <TFile::Init>: file /extdisk/zlin/Machine_learning/RecoPlanes/CMS_herwig_HT1000to1500-preVFP/Chunk36_Part0.root probably not closed, trying to recover
Warning in <TFile::Init>: no keys recovered, file has been made a Zombie
Warning in <TFile::Init>: file /extdisk/zlin/Machine_learning/RecoPlanes/CMS_herwig_HT1000to1500-preVFP/Chunk38_Part0.root probably not closed, trying to recover
Warning in <TFile::Init>: no keys recovered, file has been made a Zombie
Warning in <TFile::Init>: file /extdisk/zlin/Machine_learning/RecoPlanes/CMS_herwig_HT1000to1500-preVFP/Chunk39_Part0.root probably not closed, trying to recover
Warning in <TFile::Init>: no keys recovered, file has been made a Zombie
Warning in <TFile::Init>: file /extdisk/zlin/Machine_learning/RecoPlanes/CMS_herwig_HT1000to1500-preVFP/Chunk51_Part0.root probably not closed, trying to recover
Warning in <TFile::Init>: no keys recovered, file has been made a Zombie
Warning in <TFile::Init>: file /extdisk/zlin/Machine_learning/RecoPlanes/CMS_herwig_HT1000to1500-preVFP/Chunk57_Part0.root probably not closed, trying to recover
Warning in <TFile::Init>: no keys recovered, file has been made a Zombie
Warning in <TFile::Init>: file /extdisk/zlin/Machine_learning/RecoPlanes/CMS_herwig_HT1000to1500-preVFP/Chunk76_Part0.root probably not closed, trying to recover
Info in <TFile::Recover>: /extdisk/zlin/Machine_learning/RecoPlanes/CMS_herwig_HT1000to1500-preVFP/Chunk76_Part0.root, recovered key TTree:DataInfo at address 2199677
Warning in <TFile::Init>: successfully recovered 1 keys
Warning in <TFile::Init>: file /extdisk/zlin/Machine_learning/RecoPlanes/CMS_herwig_HT1000to1500-preVFP/Chunk89_Part0.root probably not closed, trying to recover
Warning in <TFile::Init>: no keys recovered, file has been made a Zombie
 Analyzing entries 31798 - 31835, now 31798 , sum entries = 37410 . . . Used time: 0s Expected left time: 0s          
 Analyzing entries 31798 - 31835, now 31799 , sum entries = 37410 . . . Used time: 0s Expected left time: 0s          
 Analyzing entries 31798 - 31835, now 31800 , sum entries = 37410 . . . Used time: 0s Expected left time: 0s          
 Analyzing entries 31798 - 31835, now 31801 , sum entries = 37410 . . . Used time: 0s Expected left time: 0s          
 Analyzing entries 31798 - 31835, now 31802 , sum entries = 37410 . . . Used time: 0s Expected left time: 0s          
 Analyzing entries 31798 - 31835, now 31803 , sum entries = 37410 . . . Used time: 0s Expected left time: 0s          
 Analyzing entries 31798 - 31835, now 31804 , sum entries = 37410 . . . Used time: 0s Expected left time: 0s          
 Analyzing entries 31798 - 31835, now 31805 , sum entries = 37410 . . . Used time: 0s Expected left time: 0s          
 Analyzing entries 31798 - 31835, now 31806 , sum entries = 37410 . . . Used time: 0s Expected left time: 0s          
 Analyzing entries 31798 - 31835, now 31807 , sum entries = 37410 . . . Used time: 0s Expected left time: 0s          
 Analyzing entries 31798 - 31835, now 31808 , sum entries = 37410 . . . Used time: 0s Expected left time: 0s          
 Analyzing entries 31798 - 31835, now 31809 , sum entries = 37410 . . . Used time: 0s Expected left time: 0s          
 Analyzing entries 31798 - 31835, now 31810 , sum entries = 37410 . . . Used time: 0s Expected left time: 0s          
 Analyzing entries 31798 - 31835, now 31811 , sum entries = 37410 . . . Used time: 0s Expected left time: 0s          
 Analyzing entries 31798 - 31835, now 31812 , sum entries = 37410 . . . Used time: 0s Expected left time: 0s          
 Analyzing entries 31798 - 31835, now 31813 , sum entries = 37410 . . . Used time: 0s Expected left time: 0s          
 Analyzing entries 31798 - 31835, now 31814 , sum entries = 37410 . . . Used time: 0s Expected left time: 0s          
 Analyzing entries 31798 - 31835, now 31815 , sum entries = 37410 . . . Used time: 0s Expected left time: 0s          
 Analyzing entries 31798 - 31835, now 31816 , sum entries = 37410 . . . Used time: 0s Expected left time: 0s          
 Analyzing entries 31798 - 31835, now 31817 , sum entries = 37410 . . . Used time: 0s Expected left time: 0s          
 Analyzing entries 31798 - 31835, now 31818 , sum entries = 37410 . . . Used time: 0s Expected left time: 0s          
 Analyzing entries 31798 - 31835, now 31819 , sum entries = 37410 . . . Used time: 0s Expected left time: 0s          
 Analyzing entries 31798 - 31835, now 31820 , sum entries = 37410 . . . Used time: 0s Expected left time: 0s          
 Analyzing entries 31798 - 31835, now 31821 , sum entries = 37410 . . . Used time: 0s Expected left time: 0s          
 Analyzing entries 31798 - 31835, now 31822 , sum entries = 37410 . . . Used time: 0s Expected left time: 0s          
 Analyzing entries 31798 - 31835, now 31823 , sum entries = 37410 . . . Used time: 0s Expected left time: 0s          
 Analyzing entries 31798 - 31835, now 31824 , sum entries = 37410 . . . Used time: 0s Expected left time: 0s          
 Analyzing entries 31798 - 31835, now 31825 , sum entries = 37410 . . . Used time: 0s Expected left time: 0s          
 Analyzing entries 31798 - 31835, now 31826 , sum entries = 37410 . . . Used time: 0s Expected left time: 0s          
 Analyzing entries 31798 - 31835, now 31827 , sum entries = 37410 . . . Used time: 0s Expected left time: 0s          
 Analyzing entries 31798 - 31835, now 31828 , sum entries = 37410 . . . Used time: 0s Expected left time: 0s          
 Analyzing entries 31798 - 31835, now 31829 , sum entries = 37410 . . . Used time: 0s Expected left time: 0s          
 Analyzing entries 31798 - 31835, now 31830 , sum entries = 37410 . . . Used time: 0s Expected left time: 0s          
 Analyzing entries 31798 - 31835, now 31831 , sum entries = 37410 . . . Used time: 0s Expected left time: 0s          
 Analyzing entries 31798 - 31835, now 31832 , sum entries = 37410 . . . Used time: 0s Expected left time: 0s          
 Analyzing entries 31798 - 31835, now 31833 , sum entries = 37410 . . . Used time: 0s Expected left time: 0s          
 Analyzing entries 31798 - 31835, now 31834 , sum entries = 37410 . . . Used time: 0s Expected left time: 0s          
 Save to RootFile /extdisk/zlin/Machine_learning/RecoPlanesFeatures/CMS_herwig_HT1000to1500-preVFP_jinitpt450_600_j2pt80_120Reco/Chunk85_Part0.root . . . Used time: 0s Expected left time: 0s          
 Analyzing entries 31835 - 31872, now 31835 , sum entries = 37410 . . . Used time: 0s Expected left time: 0s          
 Analyzing entries 31835 - 31872, now 31836 , sum entries = 37410 . . . Used time: 0s Expected left time: 0s          
 Analyzing entries 31835 - 31872, now 31837 , sum entries = 37410 . . . Used time: 0s Expected left time: 0s          
 Analyzing entries 31835 - 31872, now 31838 , sum entries = 37410 . . . Used time: 0s Expected left time: 0s          
 Analyzing entries 31835 - 31872, now 31839 , sum entries = 37410 . . . Used time: 0s Expected left time: 0s          
 Analyzing entries 31835 - 31872, now 31840 , sum entries = 37410 . . . Used time: 0s Expected left time: 0s          
 Analyzing entries 31835 - 31872, now 31841 , sum entries = 37410 . . . Used time: 0s Expected left time: 0s          
 Analyzing entries 31835 - 31872, now 31842 , sum entries = 37410 . . . Used time: 0s Expected left time: 0s          
 Analyzing entries 31835 - 31872, now 31843 , sum entries = 37410 . . . Used time: 0s Expected left time: 0s          
 Analyzing entries 31835 - 31872, now 31844 , sum entries = 37410 . . . Used time: 0s Expected left time: 0s          
 Analyzing entries 31835 - 31872, now 31845 , sum entries = 37410 . . . Used time: 0s Expected left time: 0s          
 Analyzing entries 31835 - 31872, now 31846 , sum entries = 37410 . . . Used time: 0s Expected left time: 0s          
 Analyzing entries 31835 - 31872, now 31847 , sum entries = 37410 . . . Used time: 0s Expected left time: 0s          
 Analyzing entries 31835 - 31872, now 31848 , sum entries = 37410 . . . Used time: 0s Expected left time: 0s          
 Analyzing entries 31835 - 31872, now 31849 , sum entries = 37410 . . . Used time: 0s Expected left time: 0s          
 Analyzing entries 31835 - 31872, now 31850 , sum entries = 37410 . . . Used time: 0s Expected left time: 0s          
 Analyzing entries 31835 - 31872, now 31851 , sum entries = 37410 . . . Used time: 0s Expected left time: 0s          
 Analyzing entries 31835 - 31872, now 31852 , sum entries = 37410 . . . Used time: 0s Expected left time: 0s          
 Analyzing entries 31835 - 31872, now 31853 , sum entries = 37410 . . . Used time: 0s Expected left time: 0s          
 Analyzing entries 31835 - 31872, now 31854 , sum entries = 37410 . . . Used time: 0s Expected left time: 0s          
 Analyzing entries 31835 - 31872, now 31855 , sum entries = 37410 . . . Used time: 0s Expected left time: 0s          
 Analyzing entries 31835 - 31872, now 31856 , sum entries = 37410 . . . Used time: 0s Expected left time: 0s          
 Analyzing entries 31835 - 31872, now 31857 , sum entries = 37410 . . . Used time: 0s Expected left time: 0s          
 Analyzing entries 31835 - 31872, now 31858 , sum entries = 37410 . . . Used time: 0s Expected left time: 0s          
 Analyzing entries 31835 - 31872, now 31859 , sum entries = 37410 . . . Used time: 0s Expected left time: 0s          
 Analyzing entries 31835 - 31872, now 31860 , sum entries = 37410 . . . Used time: 0s Expected left time: 0s          
 Analyzing entries 31835 - 31872, now 31861 , sum entries = 37410 . . . Used time: 0s Expected left time: 0s          
 Analyzing entries 31835 - 31872, now 31862 , sum entries = 37410 . . . Used time: 0s Expected left time: 0s          
 Analyzing entries 31835 - 31872, now 31863 , sum entries = 37410 . . . Used time: 0s Expected left time: 0s          
 Analyzing entries 31835 - 31872, now 31864 , sum entries = 37410 . . . Used time: 0s Expected left time: 0s          
 Analyzing entries 31835 - 31872, now 31865 , sum entries = 37410 . . . Used time: 0s Expected left time: 0s          
 Analyzing entries 31835 - 31872, now 31866 , sum entries = 37410 . . . Used time: 0s Expected left time: 0s          
 Analyzing entries 31835 - 31872, now 31867 , sum entries = 37410 . . . Used time: 0s Expected left time: 0s          
 Analyzing entries 31835 - 31872, now 31868 , sum entries = 37410 . . . Used time: 0s Expected left time: 0s          
 Analyzing entries 31835 - 31872, now 31869 , sum entries = 37410 . . . Used time: 0s Expected left time: 0s          
 Analyzing entries 31835 - 31872, now 31870 , sum entries = 37410 . . . Used time: 0s Expected left time: 0s          
 Analyzing entries 31835 - 31872, now 31871 , sum entries = 37410 . . . Used time: 0s Expected left time: 0s          
 Save to RootFile /extdisk/zlin/Machine_learning/RecoPlanesFeatures/CMS_herwig_HT1000to1500-preVFP_jinitpt450_600_j2pt80_120Reco/Chunk85_Part1.root . . . Used time: 0s Expected left time: 0s          
 Save to RootFile /extdisk/zlin/Machine_learning/RecoPlanesFeatures/CMS_herwig_HT1000to1500-preVFP_jinitpt450_600_j2pt80_120Reco/Chunk85_Part1.root . . . Used time: 0s Expected left time: 0s          
 Analyzing entries 31873 - 31910, now 31873 , sum entries = 37410 . . . Used time: 0s Expected left time: 0s          
 Analyzing entries 31873 - 31910, now 31874 , sum entries = 37410 . . . Used time: 0s Expected left time: 0s          
 Analyzing entries 31873 - 31910, now 31875 , sum entries = 37410 . . . Used time: 0s Expected left time: 0s          
 Analyzing entries 31873 - 31910, now 31876 , sum entries = 37410 . . . Used time: 0s Expected left time: 0s          
 Analyzing entries 31873 - 31910, now 31877 , sum entries = 37410 . . . Used time: 0s Expected left time: 0s          
 Analyzing entries 31873 - 31910, now 31878 , sum entries = 37410 . . . Used time: 0s Expected left time: 0s          
 Analyzing entries 31873 - 31910, now 31879 , sum entries = 37410 . . . Used time: 0s Expected left time: 0s          
 Analyzing entries 31873 - 31910, now 31880 , sum entries = 37410 . . . Used time: 0s Expected left time: 0s          
 Analyzing entries 31873 - 31910, now 31881 , sum entries = 37410 . . . Used time: 0s Expected left time: 0s          
 Analyzing entries 31873 - 31910, now 31882 , sum entries = 37410 . . . Used time: 0s Expected left time: 0s          
 Analyzing entries 31873 - 31910, now 31883 , sum entries = 37410 . . . Used time: 0s Expected left time: 0s          
 Analyzing entries 31873 - 31910, now 31884 , sum entries = 37410 . . . Used time: 0s Expected left time: 0s          
 Analyzing entries 31873 - 31910, now 31885 , sum entries = 37410 . . . Used time: 0s Expected left time: 0s          
 Analyzing entries 31873 - 31910, now 31886 , sum entries = 37410 . . . Used time: 0s Expected left time: 0s          
 Analyzing entries 31873 - 31910, now 31887 , sum entries = 37410 . . . Used time: 0s Expected left time: 0s          
 Analyzing entries 31873 - 31910, now 31888 , sum entries = 37410 . . . Used time: 0s Expected left time: 0s          
 Analyzing entries 31873 - 31910, now 31889 , sum entries = 37410 . . . Used time: 0s Expected left time: 0s          
 Analyzing entries 31873 - 31910, now 31890 , sum entries = 37410 . . . Used time: 0s Expected left time: 0s          
 Analyzing entries 31873 - 31910, now 31891 , sum entries = 37410 . . . Used time: 0s Expected left time: 0s          
 Analyzing entries 31873 - 31910, now 31892 , sum entries = 37410 . . . Used time: 0s Expected left time: 0s          
 Analyzing entries 31873 - 31910, now 31893 , sum entries = 37410 . . . Used time: 0s Expected left time: 0s          
 Analyzing entries 31873 - 31910, now 31894 , sum entries = 37410 . . . Used time: 0s Expected left time: 0s          
 Analyzing entries 31873 - 31910, now 31895 , sum entries = 37410 . . . Used time: 0s Expected left time: 0s          
 Analyzing entries 31873 - 31910, now 31896 , sum entries = 37410 . . . Used time: 0s Expected left time: 0s          
 Analyzing entries 31873 - 31910, now 31897 , sum entries = 37410 . . . Used time: 0s Expected left time: 0s          
 Analyzing entries 31873 - 31910, now 31898 , sum entries = 37410 . . . Used time: 0s Expected left time: 0s          
 Analyzing entries 31873 - 31910, now 31899 , sum entries = 37410 . . . Used time: 0s Expected left time: 0s          
 Analyzing entries 31873 - 31910, now 31900 , sum entries = 37410 . . . Used time: 0s Expected left time: 0s          
 Analyzing entries 31873 - 31910, now 31901 , sum entries = 37410 . . . Used time: 0s Expected left time: 0s          
 Analyzing entries 31873 - 31910, now 31902 , sum entries = 37410 . . . Used time: 0s Expected left time: 0s          
 Analyzing entries 31873 - 31910, now 31903 , sum entries = 37410 . . . Used time: 0s Expected left time: 0s          
 Analyzing entries 31873 - 31910, now 31904 , sum entries = 37410 . . . Used time: 0s Expected left time: 0s          
 Analyzing entries 31873 - 31910, now 31905 , sum entries = 37410 . . . Used time: 0s Expected left time: 0s          
 Analyzing entries 31873 - 31910, now 31906 , sum entries = 37410 . . . Used time: 0s Expected left time: 0s          
 Analyzing entries 31873 - 31910, now 31907 , sum entries = 37410 . . . Used time: 0s Expected left time: 0s          
 Analyzing entries 31873 - 31910, now 31908 , sum entries = 37410 . . . Used time: 0s Expected left time: 0s          
 Analyzing entries 31873 - 31910, now 31909 , sum entries = 37410 . . . Used time: 0s Expected left time: 0s          
 Save to RootFile /extdisk/zlin/Machine_learning/RecoPlanesFeatures/CMS_herwig_HT1000to1500-preVFP_jinitpt450_600_j2pt80_120Reco/Chunk85_Part2.root . . . Used time: 0s Expected left time: 0s          
 Save to RootFile /extdisk/zlin/Machine_learning/RecoPlanesFeatures/CMS_herwig_HT1000to1500-preVFP_jinitpt450_600_j2pt80_120Reco/Chunk85_Part2.root . . . Used time: 0s Expected left time: 0s          
 Save to RootFile /extdisk/zlin/Machine_learning/RecoPlanesFeatures/CMS_herwig_HT1000to1500-preVFP_jinitpt450_600_j2pt80_120Reco/Chunk85_Part2.root . . . Used time: 0s Expected left time: 0s          
 Save to RootFile /extdisk/zlin/Machine_learning/RecoPlanesFeatures/CMS_herwig_HT1000to1500-preVFP_jinitpt450_600_j2pt80_120Reco/Chunk85_Part2.root . . . Used time: 0s Expected left time: 0s          
 Save to RootFile /extdisk/zlin/Machine_learning/RecoPlanesFeatures/CMS_herwig_HT1000to1500-preVFP_jinitpt450_600_j2pt80_120Reco/Chunk85_Part2.root . . . Used time: 0s Expected left time: 0s          
 Save to RootFile /extdisk/zlin/Machine_learning/RecoPlanesFeatures/CMS_herwig_HT1000to1500-preVFP_jinitpt450_600_j2pt80_120Reco/Chunk85_Part2.root . . . Used time: 0s Expected left time: 0s          
 Save to RootFile /extdisk/zlin/Machine_learning/RecoPlanesFeatures/CMS_herwig_HT1000to1500-preVFP_jinitpt450_600_j2pt80_120Reco/Chunk85_Part2.root . . . Used time: 0s Expected left time: 0s          
 Analyzing entries 31910 - 31947, now 31910 , sum entries = 37410 . . . Used time: 0s Expected left time: 0s          
 Analyzing entries 31910 - 31947, now 31911 , sum entries = 37410 . . . Used time: 0s Expected left time: 0s          
 Analyzing entries 31910 - 31947, now 31912 , sum entries = 37410 . . . Used time: 0s Expected left time: 0s          
 Analyzing entries 31910 - 31947, now 31913 , sum entries = 37410 . . . Used time: 0s Expected left time: 0s          
 Analyzing entries 31910 - 31947, now 31914 , sum entries = 37410 . . . Used time: 0s Expected left time: 0s          
 Analyzing entries 31910 - 31947, now 31915 , sum entries = 37410 . . . Used time: 0s Expected left time: 0s          
 Analyzing entries 31910 - 31947, now 31916 , sum entries = 37410 . . . Used time: 0s Expected left time: 0s          
 Analyzing entries 31910 - 31947, now 31917 , sum entries = 37410 . . . Used time: 0s Expected left time: 0s          
 Analyzing entries 31910 - 31947, now 31918 , sum entries = 37410 . . . Used time: 0s Expected left time: 0s          
 Analyzing entries 31910 - 31947, now 31919 , sum entries = 37410 . . . Used time: 0s Expected left time: 0s          
 Analyzing entries 31910 - 31947, now 31920 , sum entries = 37410 . . . Used time: 0s Expected left time: 0s          
 Analyzing entries 31910 - 31947, now 31921 , sum entries = 37410 . . . Used time: 0s Expected left time: 0s          
 Analyzing entries 31910 - 31947, now 31922 , sum entries = 37410 . . . Used time: 0s Expected left time: 0s          
 Analyzing entries 31910 - 31947, now 31923 , sum entries = 37410 . . . Used time: 0s Expected left time: 0s          
 Analyzing entries 31910 - 31947, now 31924 , sum entries = 37410 . . . Used time: 0s Expected left time: 0s          
 Analyzing entries 31910 - 31947, now 31925 , sum entries = 37410 . . . Used time: 0s Expected left time: 0s          
 Analyzing entries 31910 - 31947, now 31926 , sum entries = 37410 . . . Used time: 0s Expected left time: 0s          
 Analyzing entries 31910 - 31947, now 31927 , sum entries = 37410 . . . Used time: 0s Expected left time: 0s          
 Analyzing entries 31910 - 31947, now 31928 , sum entries = 37410 . . . Used time: 0s Expected left time: 0s          
 Analyzing entries 31910 - 31947, now 31929 , sum entries = 37410 . . . Used time: 0s Expected left time: 0s          
 Analyzing entries 31910 - 31947, now 31930 , sum entries = 37410 . . . Used time: 0s Expected left time: 0s          
 Analyzing entries 31910 - 31947, now 31931 , sum entries = 37410 . . . Used time: 0s Expected left time: 0s          
 Analyzing entries 31910 - 31947, now 31932 , sum entries = 37410 . . . Used time: 0s Expected left time: 0s          
 Analyzing entries 31910 - 31947, now 31933 , sum entries = 37410 . . . Used time: 0s Expected left time: 0s          
 Analyzing entries 31910 - 31947, now 31934 , sum entries = 37410 . . . Used time: 0s Expected left time: 0s          
 Analyzing entries 31910 - 31947, now 31935 , sum entries = 37410 . . . Used time: 0s Expected left time: 0s          
 Analyzing entries 31910 - 31947, now 31936 , sum entries = 37410 . . . Used time: 0s Expected left time: 0s          
 Analyzing entries 31910 - 31947, now 31937 , sum entries = 37410 . . . Used time: 0s Expected left time: 0s          
 Analyzing entries 31910 - 31947, now 31938 , sum entries = 37410 . . . Used time: 0s Expected left time: 0s          
 Analyzing entries 31910 - 31947, now 31939 , sum entries = 37410 . . . Used time: 0s Expected left time: 0s          
 Analyzing entries 31910 - 31947, now 31940 , sum entries = 37410 . . . Used time: 0s Expected left time: 0s          
 Analyzing entries 31910 - 31947, now 31941 , sum entries = 37410 . . . Used time: 0s Expected left time: 0s          
 Analyzing entries 31910 - 31947, now 31942 , sum entries = 37410 . . . Used time: 0s Expected left time: 0s          
 Analyzing entries 31910 - 31947, now 31943 , sum entries = 37410 . . . Used time: 0s Expected left time: 0s          
 Analyzing entries 31910 - 31947, now 31944 , sum entries = 37410 . . . Used time: 0s Expected left time: 0s          
 Analyzing entries 31910 - 31947, now 31945 , sum entries = 37410 . . . Used time: 0s Expected left time: 0s          
 Analyzing entries 31910 - 31947, now 31946 , sum entries = 37410 . . . Used time: 0s Expected left time: 0s          
 Save to RootFile /extdisk/zlin/Machine_learning/RecoPlanesFeatures/CMS_herwig_HT1000to1500-preVFP_jinitpt450_600_j2pt80_120Reco/Chunk85_Part3.root . . . Used time: 0s Expected left time: 0s          
 Save to RootFile /extdisk/zlin/Machine_learning/RecoPlanesFeatures/CMS_herwig_HT1000to1500-preVFP_jinitpt450_600_j2pt80_120Reco/Chunk85_Part3.root . . . Used time: 0s Expected left time: 0s          
 Save to RootFile /extdisk/zlin/Machine_learning/RecoPlanesFeatures/CMS_herwig_HT1000to1500-preVFP_jinitpt450_600_j2pt80_120Reco/Chunk85_Part3.root . . . Used time: 0s Expected left time: 0s          
 Save to RootFile /extdisk/zlin/Machine_learning/RecoPlanesFeatures/CMS_herwig_HT1000to1500-preVFP_jinitpt450_600_j2pt80_120Reco/Chunk85_Part3.root . . . Used time: 0s Expected left time: 0s          
 Analyzing entries 31948 - 31985, now 31948 , sum entries = 37410 . . . Used time: 0s Expected left time: 0s          
 Analyzing entries 31948 - 31985, now 31949 , sum entries = 37410 . . . Used time: 0s Expected left time: 0s          
 Analyzing entries 31948 - 31985, now 31950 , sum entries = 37410 . . . Used time: 0s Expected left time: 0s          
 Analyzing entries 31948 - 31985, now 31951 , sum entries = 37410 . . . Used time: 0s Expected left time: 0s          
 Analyzing entries 31948 - 31985, now 31952 , sum entries = 37410 . . . Used time: 0s Expected left time: 0s          
 Analyzing entries 31948 - 31985, now 31953 , sum entries = 37410 . . . Used time: 0s Expected left time: 0s          
 Analyzing entries 31948 - 31985, now 31954 , sum entries = 37410 . . . Used time: 0s Expected left time: 0s          
 Analyzing entries 31948 - 31985, now 31955 , sum entries = 37410 . . . Used time: 0s Expected left time: 0s          
 Analyzing entries 31948 - 31985, now 31956 , sum entries = 37410 . . . Used time: 0s Expected left time: 0s          
 Analyzing entries 31948 - 31985, now 31957 , sum entries = 37410 . . . Used time: 0s Expected left time: 0s          
 Analyzing entries 31948 - 31985, now 31958 , sum entries = 37410 . . . Used time: 0s Expected left time: 0s          
 Analyzing entries 31948 - 31985, now 31959 , sum entries = 37410 . . . Used time: 0s Expected left time: 0s          
 Analyzing entries 31948 - 31985, now 31960 , sum entries = 37410 . . . Used time: 0s Expected left time: 0s          
 Analyzing entries 31948 - 31985, now 31961 , sum entries = 37410 . . . Used time: 0s Expected left time: 0s          
 Analyzing entries 31948 - 31985, now 31962 , sum entries = 37410 . . . Used time: 0s Expected left time: 0s          
 Analyzing entries 31948 - 31985, now 31963 , sum entries = 37410 . . . Used time: 0s Expected left time: 0s          
 Analyzing entries 31948 - 31985, now 31964 , sum entries = 37410 . . . Used time: 0s Expected left time: 0s          
 Analyzing entries 31948 - 31985, now 31965 , sum entries = 37410 . . . Used time: 0s Expected left time: 0s          
 Analyzing entries 31948 - 31985, now 31966 , sum entries = 37410 . . . Used time: 0s Expected left time: 0s          
 Analyzing entries 31948 - 31985, now 31967 , sum entries = 37410 . . . Used time: 0s Expected left time: 0s          
 Analyzing entries 31948 - 31985, now 31968 , sum entries = 37410 . . . Used time: 0s Expected left time: 0s          
 Analyzing entries 31948 - 31985, now 31969 , sum entries = 37410 . . . Used time: 0s Expected left time: 0s          
 Analyzing entries 31948 - 31985, now 31970 , sum entries = 37410 . . . Used time: 0s Expected left time: 0s          
 Analyzing entries 31948 - 31985, now 31971 , sum entries = 37410 . . . Used time: 0s Expected left time: 0s          
 Analyzing entries 31948 - 31985, now 31972 , sum entries = 37410 . . . Used time: 0s Expected left time: 0s          
 Analyzing entries 31948 - 31985, now 31973 , sum entries = 37410 . . . Used time: 0s Expected left time: 0s          
 Analyzing entries 31948 - 31985, now 31974 , sum entries = 37410 . . . Used time: 0s Expected left time: 0s          
 Analyzing entries 31948 - 31985, now 31975 , sum entries = 37410 . . . Used time: 0s Expected left time: 0s          
 Analyzing entries 31948 - 31985, now 31976 , sum entries = 37410 . . . Used time: 0s Expected left time: 0s          
 Analyzing entries 31948 - 31985, now 31977 , sum entries = 37410 . . . Used time: 0s Expected left time: 0s          
 Analyzing entries 31948 - 31985, now 31978 , sum entries = 37410 . . . Used time: 0s Expected left time: 0s          
 Analyzing entries 31948 - 31985, now 31979 , sum entries = 37410 . . . Used time: 0s Expected left time: 0s          
 Analyzing entries 31948 - 31985, now 31980 , sum entries = 37410 . . . Used time: 0s Expected left time: 0s          
 Analyzing entries 31948 - 31985, now 31981 , sum entries = 37410 . . . Used time: 0s Expected left time: 0s          
 Analyzing entries 31948 - 31985, now 31982 , sum entries = 37410 . . . Used time: 0s Expected left time: 0s          
 Analyzing entries 31948 - 31985, now 31983 , sum entries = 37410 . . . Used time: 0s Expected left time: 0s          
 Analyzing entries 31948 - 31985, now 31984 , sum entries = 37410 . . . Used time: 0s Expected left time: 0s          
 Save to RootFile /extdisk/zlin/Machine_learning/RecoPlanesFeatures/CMS_herwig_HT1000to1500-preVFP_jinitpt450_600_j2pt80_120Reco/Chunk85_Part4.root . . . Used time: 0s Expected left time: 0s          
 Save to RootFile /extdisk/zlin/Machine_learning/RecoPlanesFeatures/CMS_herwig_HT1000to1500-preVFP_jinitpt450_600_j2pt80_120Reco/Chunk85_Part4.root . . . Used time: 0s Expected left time: 0s          
 Save to RootFile /extdisk/zlin/Machine_learning/RecoPlanesFeatures/CMS_herwig_HT1000to1500-preVFP_jinitpt450_600_j2pt80_120Reco/Chunk85_Part4.root . . . Used time: 0s Expected left time: 0s          
 Save to RootFile /extdisk/zlin/Machine_learning/RecoPlanesFeatures/CMS_herwig_HT1000to1500-preVFP_jinitpt450_600_j2pt80_120Reco/Chunk85_Part4.root . . . Used time: 0s Expected left time: 0s          
 Save to RootFile /extdisk/zlin/Machine_learning/RecoPlanesFeatures/CMS_herwig_HT1000to1500-preVFP_jinitpt450_600_j2pt80_120Reco/Chunk85_Part4.root . . . Used time: 0s Expected left time: 0s          
 Save to RootFile /extdisk/zlin/Machine_learning/RecoPlanesFeatures/CMS_herwig_HT1000to1500-preVFP_jinitpt450_600_j2pt80_120Reco/Chunk85_Part4.root . . . Used time: 0s Expected left time: 0s          
 Save to RootFile /extdisk/zlin/Machine_learning/RecoPlanesFeatures/CMS_herwig_HT1000to1500-preVFP_jinitpt450_600_j2pt80_120Reco/Chunk85_Part4.root . . . Used time: 0s Expected left time: 0s          
 Analyzing entries 31985 - 32022, now 31985 , sum entries = 37410 . . . Used time: 0s Expected left time: 0s          
 Analyzing entries 31985 - 32022, now 31986 , sum entries = 37410 . . . Used time: 0s Expected left time: 0s          
 Analyzing entries 31985 - 32022, now 31987 , sum entries = 37410 . . . Used time: 0s Expected left time: 0s          
 Analyzing entries 31985 - 32022, now 31988 , sum entries = 37410 . . . Used time: 0s Expected left time: 0s          
 Analyzing entries 31985 - 32022, now 31989 , sum entries = 37410 . . . Used time: 0s Expected left time: 0s          
 Analyzing entries 31985 - 32022, now 31990 , sum entries = 37410 . . . Used time: 0s Expected left time: 0s          
 Analyzing entries 31985 - 32022, now 31991 , sum entries = 37410 . . . Used time: 0s Expected left time: 0s          
 Analyzing entries 31985 - 32022, now 31992 , sum entries = 37410 . . . Used time: 0s Expected left time: 0s          
 Analyzing entries 31985 - 32022, now 31993 , sum entries = 37410 . . . Used time: 0s Expected left time: 0s          
 Analyzing entries 31985 - 32022, now 31994 , sum entries = 37410 . . . Used time: 0s Expected left time: 0s          
 Analyzing entries 31985 - 32022, now 31995 , sum entries = 37410 . . . Used time: 0s Expected left time: 0s          
 Analyzing entries 31985 - 32022, now 31996 , sum entries = 37410 . . . Used time: 0s Expected left time: 0s          
 Analyzing entries 31985 - 32022, now 31997 , sum entries = 37410 . . . Used time: 0s Expected left time: 0s          
 Analyzing entries 31985 - 32022, now 31998 , sum entries = 37410 . . . Used time: 0s Expected left time: 0s          
 Analyzing entries 31985 - 32022, now 31999 , sum entries = 37410 . . . Used time: 0s Expected left time: 0s          
 Analyzing entries 31985 - 32022, now 32000 , sum entries = 37410 . . . Used time: 0s Expected left time: 0s          
 Analyzing entries 31985 - 32022, now 32001 , sum entries = 37410 . . . Used time: 0s Expected left time: 0s          
 Analyzing entries 31985 - 32022, now 32002 , sum entries = 37410 . . . Used time: 0s Expected left time: 0s          
 Analyzing entries 31985 - 32022, now 32003 , sum entries = 37410 . . . Used time: 0s Expected left time: 0s          
 Analyzing entries 31985 - 32022, now 32004 , sum entries = 37410 . . . Used time: 0s Expected left time: 0s          
 Analyzing entries 31985 - 32022, now 32005 , sum entries = 37410 . . . Used time: 0s Expected left time: 0s          
 Analyzing entries 31985 - 32022, now 32006 , sum entries = 37410 . . . Used time: 0s Expected left time: 0s          
 Analyzing entries 31985 - 32022, now 32007 , sum entries = 37410 . . . Used time: 0s Expected left time: 0s          
 Analyzing entries 31985 - 32022, now 32008 , sum entries = 37410 . . . Used time: 0s Expected left time: 0s          
 Analyzing entries 31985 - 32022, now 32009 , sum entries = 37410 . . . Used time: 0s Expected left time: 0s          
 Analyzing entries 31985 - 32022, now 32010 , sum entries = 37410 . . . Used time: 0s Expected left time: 0s          
 Analyzing entries 31985 - 32022, now 32011 , sum entries = 37410 . . . Used time: 0s Expected left time: 0s          
 Analyzing entries 31985 - 32022, now 32012 , sum entries = 37410 . . . Used time: 0s Expected left time: 0s          
 Analyzing entries 31985 - 32022, now 32013 , sum entries = 37410 . . . Used time: 0s Expected left time: 0s          
 Analyzing entries 31985 - 32022, now 32014 , sum entries = 37410 . . . Used time: 0s Expected left time: 0s          
 Analyzing entries 31985 - 32022, now 32015 , sum entries = 37410 . . . Used time: 0s Expected left time: 0s          
 Analyzing entries 31985 - 32022, now 32016 , sum entries = 37410 . . . Used time: 0s Expected left time: 0s          
 Analyzing entries 31985 - 32022, now 32017 , sum entries = 37410 . . . Used time: 0s Expected left time: 0s          
 Analyzing entries 31985 - 32022, now 32018 , sum entries = 37410 . . . Used time: 0s Expected left time: 0s          
 Analyzing entries 31985 - 32022, now 32019 , sum entries = 37410 . . . Used time: 0s Expected left time: 0s          
 Analyzing entries 31985 - 32022, now 32020 , sum entries = 37410 . . . Used time: 0s Expected left time: 0s          
 Analyzing entries 31985 - 32022, now 32021 , sum entries = 37410 . . . Used time: 0s Expected left time: 0s          
 Save to RootFile /extdisk/zlin/Machine_learning/RecoPlanesFeatures/CMS_herwig_HT1000to1500-preVFP_jinitpt450_600_j2pt80_120Reco/Chunk85_Part5.root . . . Used time: 0s Expected left time: 0s          
 Save to RootFile /extdisk/zlin/Machine_learning/RecoPlanesFeatures/CMS_herwig_HT1000to1500-preVFP_jinitpt450_600_j2pt80_120Reco/Chunk85_Part5.root . . . Used time: 0s Expected left time: 0s          
 Save to RootFile /extdisk/zlin/Machine_learning/RecoPlanesFeatures/CMS_herwig_HT1000to1500-preVFP_jinitpt450_600_j2pt80_120Reco/Chunk85_Part5.root . . . Used time: 0s Expected left time: 0s          
 Save to RootFile /extdisk/zlin/Machine_learning/RecoPlanesFeatures/CMS_herwig_HT1000to1500-preVFP_jinitpt450_600_j2pt80_120Reco/Chunk85_Part5.root . . . Used time: 0s Expected left time: 0s          
 Save to RootFile /extdisk/zlin/Machine_learning/RecoPlanesFeatures/CMS_herwig_HT1000to1500-preVFP_jinitpt450_600_j2pt80_120Reco/Chunk85_Part5.root . . . Used time: 0s Expected left time: 0s          
 Save to RootFile /extdisk/zlin/Machine_learning/RecoPlanesFeatures/CMS_herwig_HT1000to1500-preVFP_jinitpt450_600_j2pt80_120Reco/Chunk85_Part5.root . . . Used time: 0s Expected left time: 0s          
 Save to RootFile /extdisk/zlin/Machine_learning/RecoPlanesFeatures/CMS_herwig_HT1000to1500-preVFP_jinitpt450_600_j2pt80_120Reco/Chunk85_Part5.root . . . Used time: 0s Expected left time: 0s          
 Analyzing entries 32022 - 32059, now 32022 , sum entries = 37410 . . . Used time: 0s Expected left time: 0s          
 Analyzing entries 32022 - 32059, now 32023 , sum entries = 37410 . . . Used time: 0s Expected left time: 0s          
 Analyzing entries 32022 - 32059, now 32024 , sum entries = 37410 . . . Used time: 0s Expected left time: 0s          
 Analyzing entries 32022 - 32059, now 32025 , sum entries = 37410 . . . Used time: 0s Expected left time: 0s          
 Analyzing entries 32022 - 32059, now 32026 , sum entries = 37410 . . . Used time: 0s Expected left time: 0s          
 Analyzing entries 32022 - 32059, now 32027 , sum entries = 37410 . . . Used time: 0s Expected left time: 0s          
 Analyzing entries 32022 - 32059, now 32028 , sum entries = 37410 . . . Used time: 0s Expected left time: 0s          
 Analyzing entries 32022 - 32059, now 32029 , sum entries = 37410 . . . Used time: 0s Expected left time: 0s          
 Analyzing entries 32022 - 32059, now 32030 , sum entries = 37410 . . . Used time: 0s Expected left time: 0s          
 Analyzing entries 32022 - 32059, now 32031 , sum entries = 37410 . . . Used time: 0s Expected left time: 0s          
 Analyzing entries 32022 - 32059, now 32032 , sum entries = 37410 . . . Used time: 0s Expected left time: 0s          
 Analyzing entries 32022 - 32059, now 32033 , sum entries = 37410 . . . Used time: 0s Expected left time: 0s          
 Analyzing entries 32022 - 32059, now 32034 , sum entries = 37410 . . . Used time: 0s Expected left time: 0s          
 Analyzing entries 32022 - 32059, now 32035 , sum entries = 37410 . . . Used time: 0s Expected left time: 0s          
 Analyzing entries 32022 - 32059, now 32036 , sum entries = 37410 . . . Used time: 0s Expected left time: 0s          
 Analyzing entries 32022 - 32059, now 32037 , sum entries = 37410 . . . Used time: 0s Expected left time: 0s          
 Analyzing entries 32022 - 32059, now 32038 , sum entries = 37410 . . . Used time: 0s Expected left time: 0s          
 Analyzing entries 32022 - 32059, now 32039 , sum entries = 37410 . . . Used time: 0s Expected left time: 0s          
 Analyzing entries 32022 - 32059, now 32040 , sum entries = 37410 . . . Used time: 0s Expected left time: 0s          
 Analyzing entries 32022 - 32059, now 32041 , sum entries = 37410 . . . Used time: 0s Expected left time: 0s          
 Analyzing entries 32022 - 32059, now 32042 , sum entries = 37410 . . . Used time: 0s Expected left time: 0s          
 Analyzing entries 32022 - 32059, now 32043 , sum entries = 37410 . . . Used time: 0s Expected left time: 0s          
 Analyzing entries 32022 - 32059, now 32044 , sum entries = 37410 . . . Used time: 0s Expected left time: 0s          
 Analyzing entries 32022 - 32059, now 32045 , sum entries = 37410 . . . Used time: 0s Expected left time: 0s          
 Analyzing entries 32022 - 32059, now 32046 , sum entries = 37410 . . . Used time: 0s Expected left time: 0s          
 Analyzing entries 32022 - 32059, now 32047 , sum entries = 37410 . . . Used time: 0s Expected left time: 0s          
 Analyzing entries 32022 - 32059, now 32048 , sum entries = 37410 . . . Used time: 0s Expected left time: 0s          
 Analyzing entries 32022 - 32059, now 32049 , sum entries = 37410 . . . Used time: 0s Expected left time: 0s          
 Analyzing entries 32022 - 32059, now 32050 , sum entries = 37410 . . . Used time: 0s Expected left time: 0s          
 Analyzing entries 32022 - 32059, now 32051 , sum entries = 37410 . . . Used time: 0s Expected left time: 0s          
 Analyzing entries 32022 - 32059, now 32052 , sum entries = 37410 . . . Used time: 0s Expected left time: 0s          
 Analyzing entries 32022 - 32059, now 32053 , sum entries = 37410 . . . Used time: 0s Expected left time: 0s          
 Analyzing entries 32022 - 32059, now 32054 , sum entries = 37410 . . . Used time: 0s Expected left time: 0s          
 Analyzing entries 32022 - 32059, now 32055 , sum entries = 37410 . . . Used time: 0s Expected left time: 0s          
 Analyzing entries 32022 - 32059, now 32056 , sum entries = 37410 . . . Used time: 0s Expected left time: 0s          
 Analyzing entries 32022 - 32059, now 32057 , sum entries = 37410 . . . Used time: 0s Expected left time: 0s          
 Analyzing entries 32022 - 32059, now 32058 , sum entries = 37410 . . . Used time: 0s Expected left time: 0s          
 Save to RootFile /extdisk/zlin/Machine_learning/RecoPlanesFeatures/CMS_herwig_HT1000to1500-preVFP_jinitpt450_600_j2pt80_120Reco/Chunk85_Part6.root . . . Used time: 0s Expected left time: 0s          
 Save to RootFile /extdisk/zlin/Machine_learning/RecoPlanesFeatures/CMS_herwig_HT1000to1500-preVFP_jinitpt450_600_j2pt80_120Reco/Chunk85_Part6.root . . . Used time: 0s Expected left time: 0s          
 Save to RootFile /extdisk/zlin/Machine_learning/RecoPlanesFeatures/CMS_herwig_HT1000to1500-preVFP_jinitpt450_600_j2pt80_120Reco/Chunk85_Part6.root . . . Used time: 0s Expected left time: 0s          
 Save to RootFile /extdisk/zlin/Machine_learning/RecoPlanesFeatures/CMS_herwig_HT1000to1500-preVFP_jinitpt450_600_j2pt80_120Reco/Chunk85_Part6.root . . . Used time: 0s Expected left time: 0s          
 Analyzing entries 32060 - 32097, now 32060 , sum entries = 37410 . . . Used time: 0s Expected left time: 0s          
 Analyzing entries 32060 - 32097, now 32061 , sum entries = 37410 . . . Used time: 0s Expected left time: 0s          
 Analyzing entries 32060 - 32097, now 32062 , sum entries = 37410 . . . Used time: 0s Expected left time: 0s          
 Analyzing entries 32060 - 32097, now 32063 , sum entries = 37410 . . . Used time: 0s Expected left time: 0s          
 Analyzing entries 32060 - 32097, now 32064 , sum entries = 37410 . . . Used time: 0s Expected left time: 0s          
 Analyzing entries 32060 - 32097, now 32065 , sum entries = 37410 . . . Used time: 0s Expected left time: 0s          
 Analyzing entries 32060 - 32097, now 32066 , sum entries = 37410 . . . Used time: 0s Expected left time: 0s          
 Analyzing entries 32060 - 32097, now 32067 , sum entries = 37410 . . . Used time: 0s Expected left time: 0s          
 Analyzing entries 32060 - 32097, now 32068 , sum entries = 37410 . . . Used time: 0s Expected left time: 0s          
 Analyzing entries 32060 - 32097, now 32069 , sum entries = 37410 . . . Used time: 0s Expected left time: 0s          
 Analyzing entries 32060 - 32097, now 32070 , sum entries = 37410 . . . Used time: 0s Expected left time: 0s          
 Analyzing entries 32060 - 32097, now 32071 , sum entries = 37410 . . . Used time: 0s Expected left time: 0s          
 Analyzing entries 32060 - 32097, now 32072 , sum entries = 37410 . . . Used time: 0s Expected left time: 0s          
 Analyzing entries 32060 - 32097, now 32073 , sum entries = 37410 . . . Used time: 0s Expected left time: 0s          
 Analyzing entries 32060 - 32097, now 32074 , sum entries = 37410 . . . Used time: 0s Expected left time: 0s          
 Analyzing entries 32060 - 32097, now 32075 , sum entries = 37410 . . . Used time: 0s Expected left time: 0s          
 Analyzing entries 32060 - 32097, now 32076 , sum entries = 37410 . . . Used time: 0s Expected left time: 0s          
 Analyzing entries 32060 - 32097, now 32077 , sum entries = 37410 . . . Used time: 0s Expected left time: 0s          
 Analyzing entries 32060 - 32097, now 32078 , sum entries = 37410 . . . Used time: 0s Expected left time: 0s          
 Analyzing entries 32060 - 32097, now 32079 , sum entries = 37410 . . . Used time: 0s Expected left time: 0s          
 Analyzing entries 32060 - 32097, now 32080 , sum entries = 37410 . . . Used time: 0s Expected left time: 0s          
 Analyzing entries 32060 - 32097, now 32081 , sum entries = 37410 . . . Used time: 0s Expected left time: 0s          
 Analyzing entries 32060 - 32097, now 32082 , sum entries = 37410 . . . Used time: 0s Expected left time: 0s          
 Analyzing entries 32060 - 32097, now 32083 , sum entries = 37410 . . . Used time: 0s Expected left time: 0s          
 Analyzing entries 32060 - 32097, now 32084 , sum entries = 37410 . . . Used time: 0s Expected left time: 0s          
 Analyzing entries 32060 - 32097, now 32085 , sum entries = 37410 . . . Used time: 0s Expected left time: 0s          
 Analyzing entries 32060 - 32097, now 32086 , sum entries = 37410 . . . Used time: 0s Expected left time: 0s          
 Analyzing entries 32060 - 32097, now 32087 , sum entries = 37410 . . . Used time: 0s Expected left time: 0s          
 Analyzing entries 32060 - 32097, now 32088 , sum entries = 37410 . . . Used time: 0s Expected left time: 0s          
 Analyzing entries 32060 - 32097, now 32089 , sum entries = 37410 . . . Used time: 0s Expected left time: 0s          
 Analyzing entries 32060 - 32097, now 32090 , sum entries = 37410 . . . Used time: 0s Expected left time: 0s          
 Analyzing entries 32060 - 32097, now 32091 , sum entries = 37410 . . . Used time: 0s Expected left time: 0s          
 Analyzing entries 32060 - 32097, now 32092 , sum entries = 37410 . . . Used time: 0s Expected left time: 0s          
 Analyzing entries 32060 - 32097, now 32093 , sum entries = 37410 . . . Used time: 0s Expected left time: 0s          
 Analyzing entries 32060 - 32097, now 32094 , sum entries = 37410 . . . Used time: 0s Expected left time: 0s          
 Analyzing entries 32060 - 32097, now 32095 , sum entries = 37410 . . . Used time: 0s Expected left time: 0s          
 Analyzing entries 32060 - 32097, now 32096 , sum entries = 37410 . . . Used time: 0s Expected left time: 0s          
 Save to RootFile /extdisk/zlin/Machine_learning/RecoPlanesFeatures/CMS_herwig_HT1000to1500-preVFP_jinitpt450_600_j2pt80_120Reco/Chunk85_Part7.root . . . Used time: 0s Expected left time: 0s          
 Save to RootFile /extdisk/zlin/Machine_learning/RecoPlanesFeatures/CMS_herwig_HT1000to1500-preVFP_jinitpt450_600_j2pt80_120Reco/Chunk85_Part7.root . . . Used time: 0s Expected left time: 0s          
 Save to RootFile /extdisk/zlin/Machine_learning/RecoPlanesFeatures/CMS_herwig_HT1000to1500-preVFP_jinitpt450_600_j2pt80_120Reco/Chunk85_Part7.root . . . Used time: 0s Expected left time: 0s          
 Analyzing entries 32097 - 32134, now 32097 , sum entries = 37410 . . . Used time: 0s Expected left time: 0s          
 Analyzing entries 32097 - 32134, now 32098 , sum entries = 37410 . . . Used time: 0s Expected left time: 0s          
 Analyzing entries 32097 - 32134, now 32099 , sum entries = 37410 . . . Used time: 0s Expected left time: 0s          
 Analyzing entries 32097 - 32134, now 32100 , sum entries = 37410 . . . Used time: 0s Expected left time: 0s          
 Analyzing entries 32097 - 32134, now 32101 , sum entries = 37410 . . . Used time: 0s Expected left time: 0s          
 Analyzing entries 32097 - 32134, now 32102 , sum entries = 37410 . . . Used time: 0s Expected left time: 0s          
 Analyzing entries 32097 - 32134, now 32103 , sum entries = 37410 . . . Used time: 0s Expected left time: 0s          
 Analyzing entries 32097 - 32134, now 32104 , sum entries = 37410 . . . Used time: 0s Expected left time: 0s          
 Analyzing entries 32097 - 32134, now 32105 , sum entries = 37410 . . . Used time: 0s Expected left time: 0s          
 Analyzing entries 32097 - 32134, now 32106 , sum entries = 37410 . . . Used time: 0s Expected left time: 0s          
 Analyzing entries 32097 - 32134, now 32107 , sum entries = 37410 . . . Used time: 0s Expected left time: 0s          
 Analyzing entries 32097 - 32134, now 32108 , sum entries = 37410 . . . Used time: 0s Expected left time: 0s          
 Analyzing entries 32097 - 32134, now 32109 , sum entries = 37410 . . . Used time: 0s Expected left time: 0s          
 Analyzing entries 32097 - 32134, now 32110 , sum entries = 37410 . . . Used time: 0s Expected left time: 0s          
 Analyzing entries 32097 - 32134, now 32111 , sum entries = 37410 . . . Used time: 0s Expected left time: 0s          
 Analyzing entries 32097 - 32134, now 32112 , sum entries = 37410 . . . Used time: 0s Expected left time: 0s          
 Analyzing entries 32097 - 32134, now 32113 , sum entries = 37410 . . . Used time: 0s Expected left time: 0s          
 Analyzing entries 32097 - 32134, now 32114 , sum entries = 37410 . . . Used time: 0s Expected left time: 0s          
 Analyzing entries 32097 - 32134, now 32115 , sum entries = 37410 . . . Used time: 0s Expected left time: 0s          
 Analyzing entries 32097 - 32134, now 32116 , sum entries = 37410 . . . Used time: 0s Expected left time: 0s          
 Analyzing entries 32097 - 32134, now 32117 , sum entries = 37410 . . . Used time: 0s Expected left time: 0s          
 Analyzing entries 32097 - 32134, now 32118 , sum entries = 37410 . . . Used time: 0s Expected left time: 0s          
 Analyzing entries 32097 - 32134, now 32119 , sum entries = 37410 . . . Used time: 0s Expected left time: 0s          
 Analyzing entries 32097 - 32134, now 32120 , sum entries = 37410 . . . Used time: 0s Expected left time: 0s          
 Analyzing entries 32097 - 32134, now 32121 , sum entries = 37410 . . . Used time: 0s Expected left time: 0s          
 Analyzing entries 32097 - 32134, now 32122 , sum entries = 37410 . . . Used time: 0s Expected left time: 0s          
 Analyzing entries 32097 - 32134, now 32123 , sum entries = 37410 . . . Used time: 0s Expected left time: 0s          
 Analyzing entries 32097 - 32134, now 32124 , sum entries = 37410 . . . Used time: 0s Expected left time: 0s          
 Analyzing entries 32097 - 32134, now 32125 , sum entries = 37410 . . . Used time: 0s Expected left time: 0s          
 Analyzing entries 32097 - 32134, now 32126 , sum entries = 37410 . . . Used time: 0s Expected left time: 0s          
 Analyzing entries 32097 - 32134, now 32127 , sum entries = 37410 . . . Used time: 0s Expected left time: 0s          
 Analyzing entries 32097 - 32134, now 32128 , sum entries = 37410 . . . Used time: 0s Expected left time: 0s          
 Analyzing entries 32097 - 32134, now 32129 , sum entries = 37410 . . . Used time: 0s Expected left time: 0s          
 Analyzing entries 32097 - 32134, now 32130 , sum entries = 37410 . . . Used time: 0s Expected left time: 0s          
 Analyzing entries 32097 - 32134, now 32131 , sum entries = 37410 . . . Used time: 0s Expected left time: 0s          
 Analyzing entries 32097 - 32134, now 32132 , sum entries = 37410 . . . Used time: 0s Expected left time: 0s          
 Analyzing entries 32097 - 32134, now 32133 , sum entries = 37410 . . . Used time: 0s Expected left time: 0s          
 Save to RootFile /extdisk/zlin/Machine_learning/RecoPlanesFeatures/CMS_herwig_HT1000to1500-preVFP_jinitpt450_600_j2pt80_120Reco/Chunk85_Part8.root . . . Used time: 0s Expected left time: 0s          
 Save to RootFile /extdisk/zlin/Machine_learning/RecoPlanesFeatures/CMS_herwig_HT1000to1500-preVFP_jinitpt450_600_j2pt80_120Reco/Chunk85_Part8.root . . . Used time: 0s Expected left time: 0s          
 Save to RootFile /extdisk/zlin/Machine_learning/RecoPlanesFeatures/CMS_herwig_HT1000to1500-preVFP_jinitpt450_600_j2pt80_120Reco/Chunk85_Part8.root . . . Used time: 0s Expected left time: 0s          
 Save to RootFile /extdisk/zlin/Machine_learning/RecoPlanesFeatures/CMS_herwig_HT1000to1500-preVFP_jinitpt450_600_j2pt80_120Reco/Chunk85_Part8.root . . . Used time: 0s Expected left time: 0s          
 Save to RootFile /extdisk/zlin/Machine_learning/RecoPlanesFeatures/CMS_herwig_HT1000to1500-preVFP_jinitpt450_600_j2pt80_120Reco/Chunk85_Part8.root . . . Used time: 0s Expected left time: 0s          
 Save to RootFile /extdisk/zlin/Machine_learning/RecoPlanesFeatures/CMS_herwig_HT1000to1500-preVFP_jinitpt450_600_j2pt80_120Reco/Chunk85_Part8.root . . . Used time: 0s Expected left time: 0s          
 Save to RootFile /extdisk/zlin/Machine_learning/RecoPlanesFeatures/CMS_herwig_HT1000to1500-preVFP_jinitpt450_600_j2pt80_120Reco/Chunk85_Part8.root . . . Used time: 0s Expected left time: 0s          
 Save to RootFile /extdisk/zlin/Machine_learning/RecoPlanesFeatures/CMS_herwig_HT1000to1500-preVFP_jinitpt450_600_j2pt80_120Reco/Chunk85_Part8.root . . . Used time: 0s Expected left time: 0s          
 Save to RootFile /extdisk/zlin/Machine_learning/RecoPlanesFeatures/CMS_herwig_HT1000to1500-preVFP_jinitpt450_600_j2pt80_120Reco/Chunk85_Part8.root . . . Used time: 0s Expected left time: 0s          
 Analyzing entries 32135 - 32172, now 32135 , sum entries = 37410 . . . Used time: 0s Expected left time: 0s          
 Analyzing entries 32135 - 32172, now 32136 , sum entries = 37410 . . . Used time: 0s Expected left time: 0s          
 Analyzing entries 32135 - 32172, now 32137 , sum entries = 37410 . . . Used time: 0s Expected left time: 0s          
 Analyzing entries 32135 - 32172, now 32138 , sum entries = 37410 . . . Used time: 0s Expected left time: 0s          
 Analyzing entries 32135 - 32172, now 32139 , sum entries = 37410 . . . Used time: 0s Expected left time: 0s          
 Analyzing entries 32135 - 32172, now 32140 , sum entries = 37410 . . . Used time: 0s Expected left time: 0s          
 Analyzing entries 32135 - 32172, now 32141 , sum entries = 37410 . . . Used time: 0s Expected left time: 0s          
 Analyzing entries 32135 - 32172, now 32142 , sum entries = 37410 . . . Used time: 0s Expected left time: 0s          
 Analyzing entries 32135 - 32172, now 32143 , sum entries = 37410 . . . Used time: 0s Expected left time: 0s          
 Analyzing entries 32135 - 32172, now 32144 , sum entries = 37410 . . . Used time: 0s Expected left time: 0s          
 Analyzing entries 32135 - 32172, now 32145 , sum entries = 37410 . . . Used time: 0s Expected left time: 0s          
 Analyzing entries 32135 - 32172, now 32146 , sum entries = 37410 . . . Used time: 0s Expected left time: 0s          
 Analyzing entries 32135 - 32172, now 32147 , sum entries = 37410 . . . Used time: 0s Expected left time: 0s          
 Analyzing entries 32135 - 32172, now 32148 , sum entries = 37410 . . . Used time: 0s Expected left time: 0s          
 Analyzing entries 32135 - 32172, now 32149 , sum entries = 37410 . . . Used time: 0s Expected left time: 0s          
 Analyzing entries 32135 - 32172, now 32150 , sum entries = 37410 . . . Used time: 0s Expected left time: 0s          
 Analyzing entries 32135 - 32172, now 32151 , sum entries = 37410 . . . Used time: 0s Expected left time: 0s          
 Analyzing entries 32135 - 32172, now 32152 , sum entries = 37410 . . . Used time: 0s Expected left time: 0s          
 Analyzing entries 32135 - 32172, now 32153 , sum entries = 37410 . . . Used time: 0s Expected left time: 0s          
 Analyzing entries 32135 - 32172, now 32154 , sum entries = 37410 . . . Used time: 0s Expected left time: 0s          
 Analyzing entries 32135 - 32172, now 32155 , sum entries = 37410 . . . Used time: 0s Expected left time: 0s          
 Analyzing entries 32135 - 32172, now 32156 , sum entries = 37410 . . . Used time: 0s Expected left time: 0s          
 Analyzing entries 32135 - 32172, now 32157 , sum entries = 37410 . . . Used time: 0s Expected left time: 0s          
 Analyzing entries 32135 - 32172, now 32158 , sum entries = 37410 . . . Used time: 0s Expected left time: 0s          
 Analyzing entries 32135 - 32172, now 32159 , sum entries = 37410 . . . Used time: 0s Expected left time: 0s          
 Analyzing entries 32135 - 32172, now 32160 , sum entries = 37410 . . . Used time: 0s Expected left time: 0s          
 Analyzing entries 32135 - 32172, now 32161 , sum entries = 37410 . . . Used time: 0s Expected left time: 0s          
 Analyzing entries 32135 - 32172, now 32162 , sum entries = 37410 . . . Used time: 0s Expected left time: 0s          
 Analyzing entries 32135 - 32172, now 32163 , sum entries = 37410 . . . Used time: 0s Expected left time: 0s          
 Analyzing entries 32135 - 32172, now 32164 , sum entries = 37410 . . . Used time: 0s Expected left time: 0s          
 Analyzing entries 32135 - 32172, now 32165 , sum entries = 37410 . . . Used time: 0s Expected left time: 0s          
 Analyzing entries 32135 - 32172, now 32166 , sum entries = 37410 . . . Used time: 0s Expected left time: 0s          
 Analyzing entries 32135 - 32172, now 32167 , sum entries = 37410 . . . Used time: 0s Expected left time: 0s          
 Analyzing entries 32135 - 32172, now 32168 , sum entries = 37410 . . . Used time: 0s Expected left time: 0s          
 Analyzing entries 32135 - 32172, now 32169 , sum entries = 37410 . . . Used time: 0s Expected left time: 0s          
 Analyzing entries 32135 - 32172, now 32170 , sum entries = 37410 . . . Used time: 0s Expected left time: 0s          
 Analyzing entries 32135 - 32172, now 32171 , sum entries = 37410 . . . Used time: 0s Expected left time: 0s          
 Save to RootFile /extdisk/zlin/Machine_learning/RecoPlanesFeatures/CMS_herwig_HT1000to1500-preVFP_jinitpt450_600_j2pt80_120Reco/Chunk85_Part9.root . . . Used time: 0s Expected left time: 0s          
 Save to RootFile /extdisk/zlin/Machine_learning/RecoPlanesFeatures/CMS_herwig_HT1000to1500-preVFP_jinitpt450_600_j2pt80_120Reco/Chunk85_Part9.root . . . Used time: 0s Expected left time: 0s          
 Save to RootFile /extdisk/zlin/Machine_learning/RecoPlanesFeatures/CMS_herwig_HT1000to1500-preVFP_jinitpt450_600_j2pt80_120Reco/Chunk85_Part9.root . . . Used time: 0s Expected left time: 0s          
 Save to RootFile /extdisk/zlin/Machine_learning/RecoPlanesFeatures/CMS_herwig_HT1000to1500-preVFP_jinitpt450_600_j2pt80_120Reco/Chunk85_Part9.root . . . Used time: 0s Expected left time: 0s          
 Save to RootFile /extdisk/zlin/Machine_learning/RecoPlanesFeatures/CMS_herwig_HT1000to1500-preVFP_jinitpt450_600_j2pt80_120Reco/Chunk85_Part9.root . . . Used time: 0s Expected left time: 0s          
 Save to RootFile /extdisk/zlin/Machine_learning/RecoPlanesFeatures/CMS_herwig_HT1000to1500-preVFP_jinitpt450_600_j2pt80_120Reco/Chunk85_Part9.root . . . Used time: 0s Expected left time: 0s          
