Warning in <TFile::Init>: file /extdisk/zlin/Machine_learning/RecoPlanes/CMS_herwig_HT1000to1500-preVFP/Chunk11_Part1.root probably not closed, trying to recover
Warning in <TFile::Init>: no keys recovered, file has been made a Zombie
Warning in <TFile::Init>: file /extdisk/zlin/Machine_learning/RecoPlanes/CMS_herwig_HT1000to1500-preVFP/Chunk19_Part0.root probably not closed, trying to recover
Warning in <TFile::Init>: no keys recovered, file has been made a Zombie
Warning in <TFile::Init>: file /extdisk/zlin/Machine_learning/RecoPlanes/CMS_herwig_HT1000to1500-preVFP/Chunk29_Part1.root probably not closed, trying to recover
Warning in <TFile::Init>: no keys recovered, file has been made a Zombie
Warning in <TFile::Init>: file /extdisk/zlin/Machine_learning/RecoPlanes/CMS_herwig_HT1000to1500-preVFP/Chunk52_Part0.root probably not closed, trying to recover
Info in <TFile::Recover>: /extdisk/zlin/Machine_learning/RecoPlanes/CMS_herwig_HT1000to1500-preVFP/Chunk52_Part0.root, recovered key TTree:DataInfo at address 2179521
Warning in <TFile::Init>: successfully recovered 1 keys
Warning in <TFile::Init>: file /extdisk/zlin/Machine_learning/RecoPlanes/CMS_herwig_HT1000to1500-preVFP/Chunk81_Part0.root probably not closed, trying to recover
Warning in <TFile::Init>: no keys recovered, file has been made a Zombie
 Analyzing entries 41168 - 41213, now 41168 , sum entries = 45240 . . . Used time: 0s Expected left time: 0s          
 Analyzing entries 41168 - 41213, now 41169 , sum entries = 45240 . . . Used time: 0s Expected left time: 0s          
 Analyzing entries 41168 - 41213, now 41170 , sum entries = 45240 . . . Used time: 0s Expected left time: 0s          
 Analyzing entries 41168 - 41213, now 41171 , sum entries = 45240 . . . Used time: 0s Expected left time: 0s          
 Analyzing entries 41168 - 41213, now 41172 , sum entries = 45240 . . . Used time: 0s Expected left time: 0s          
 Analyzing entries 41168 - 41213, now 41173 , sum entries = 45240 . . . Used time: 0s Expected left time: 0s          
 Analyzing entries 41168 - 41213, now 41174 , sum entries = 45240 . . . Used time: 0s Expected left time: 0s          
 Analyzing entries 41168 - 41213, now 41175 , sum entries = 45240 . . . Used time: 0s Expected left time: 0s          
 Analyzing entries 41168 - 41213, now 41176 , sum entries = 45240 . . . Used time: 0s Expected left time: 0s          
 Analyzing entries 41168 - 41213, now 41177 , sum entries = 45240 . . . Used time: 0s Expected left time: 0s          
 Analyzing entries 41168 - 41213, now 41178 , sum entries = 45240 . . . Used time: 0s Expected left time: 0s          
 Analyzing entries 41168 - 41213, now 41179 , sum entries = 45240 . . . Used time: 0s Expected left time: 0s          
 Analyzing entries 41168 - 41213, now 41180 , sum entries = 45240 . . . Used time: 0s Expected left time: 0s          
 Analyzing entries 41168 - 41213, now 41181 , sum entries = 45240 . . . Used time: 0s Expected left time: 0s          
 Analyzing entries 41168 - 41213, now 41182 , sum entries = 45240 . . . Used time: 0s Expected left time: 0s          
 Analyzing entries 41168 - 41213, now 41183 , sum entries = 45240 . . . Used time: 0s Expected left time: 0s          
 Analyzing entries 41168 - 41213, now 41184 , sum entries = 45240 . . . Used time: 0s Expected left time: 0s          
 Analyzing entries 41168 - 41213, now 41185 , sum entries = 45240 . . . Used time: 0s Expected left time: 0s          
 Analyzing entries 41168 - 41213, now 41186 , sum entries = 45240 . . . Used time: 0s Expected left time: 0s          
 Analyzing entries 41168 - 41213, now 41187 , sum entries = 45240 . . . Used time: 0s Expected left time: 0s          
 Analyzing entries 41168 - 41213, now 41188 , sum entries = 45240 . . . Used time: 0s Expected left time: 0s          
 Analyzing entries 41168 - 41213, now 41189 , sum entries = 45240 . . . Used time: 0s Expected left time: 0s          
 Analyzing entries 41168 - 41213, now 41190 , sum entries = 45240 . . . Used time: 0s Expected left time: 0s          
 Analyzing entries 41168 - 41213, now 41191 , sum entries = 45240 . . . Used time: 0s Expected left time: 0s          
 Analyzing entries 41168 - 41213, now 41192 , sum entries = 45240 . . . Used time: 0s Expected left time: 0s          
 Analyzing entries 41168 - 41213, now 41193 , sum entries = 45240 . . . Used time: 0s Expected left time: 0s          
 Analyzing entries 41168 - 41213, now 41194 , sum entries = 45240 . . . Used time: 0s Expected left time: 0s          
 Analyzing entries 41168 - 41213, now 41195 , sum entries = 45240 . . . Used time: 0s Expected left time: 0s          
 Analyzing entries 41168 - 41213, now 41196 , sum entries = 45240 . . . Used time: 0s Expected left time: 0s          
 Analyzing entries 41168 - 41213, now 41197 , sum entries = 45240 . . . Used time: 0s Expected left time: 0s          
 Analyzing entries 41168 - 41213, now 41198 , sum entries = 45240 . . . Used time: 0s Expected left time: 0s          
 Analyzing entries 41168 - 41213, now 41199 , sum entries = 45240 . . . Used time: 0s Expected left time: 0s          
 Analyzing entries 41168 - 41213, now 41200 , sum entries = 45240 . . . Used time: 0s Expected left time: 0s          
 Analyzing entries 41168 - 41213, now 41201 , sum entries = 45240 . . . Used time: 0s Expected left time: 0s          
 Analyzing entries 41168 - 41213, now 41202 , sum entries = 45240 . . . Used time: 0s Expected left time: 0s          
 Analyzing entries 41168 - 41213, now 41203 , sum entries = 45240 . . . Used time: 0s Expected left time: 0s          
 Analyzing entries 41168 - 41213, now 41204 , sum entries = 45240 . . . Used time: 0s Expected left time: 0s          
 Analyzing entries 41168 - 41213, now 41205 , sum entries = 45240 . . . Used time: 0s Expected left time: 0s          
 Analyzing entries 41168 - 41213, now 41206 , sum entries = 45240 . . . Used time: 0s Expected left time: 0s          
 Analyzing entries 41168 - 41213, now 41207 , sum entries = 45240 . . . Used time: 0s Expected left time: 0s          
 Analyzing entries 41168 - 41213, now 41208 , sum entries = 45240 . . . Used time: 0s Expected left time: 0s          
 Analyzing entries 41168 - 41213, now 41209 , sum entries = 45240 . . . Used time: 0s Expected left time: 0s          
 Analyzing entries 41168 - 41213, now 41210 , sum entries = 45240 . . . Used time: 0s Expected left time: 0s          
 Analyzing entries 41168 - 41213, now 41211 , sum entries = 45240 . . . Used time: 0s Expected left time: 0s          
 Analyzing entries 41168 - 41213, now 41212 , sum entries = 45240 . . . Used time: 0s Expected left time: 0s          
 Save to RootFile /extdisk/zlin/Machine_learning/RecoPlanesFeatures/CMS_herwig_HT1000to1500-preVFP_jinitpt450_600_j2pt80_120Reco/Chunk91_Part0.root . . . Used time: 0s Expected left time: 0s          
 Save to RootFile /extdisk/zlin/Machine_learning/RecoPlanesFeatures/CMS_herwig_HT1000to1500-preVFP_jinitpt450_600_j2pt80_120Reco/Chunk91_Part0.root . . . Used time: 0s Expected left time: 0s          
 Save to RootFile /extdisk/zlin/Machine_learning/RecoPlanesFeatures/CMS_herwig_HT1000to1500-preVFP_jinitpt450_600_j2pt80_120Reco/Chunk91_Part0.root . . . Used time: 0s Expected left time: 0s          
 Save to RootFile /extdisk/zlin/Machine_learning/RecoPlanesFeatures/CMS_herwig_HT1000to1500-preVFP_jinitpt450_600_j2pt80_120Reco/Chunk91_Part0.root . . . Used time: 0s Expected left time: 0s          
 Save to RootFile /extdisk/zlin/Machine_learning/RecoPlanesFeatures/CMS_herwig_HT1000to1500-preVFP_jinitpt450_600_j2pt80_120Reco/Chunk91_Part0.root . . . Used time: 0s Expected left time: 0s          
 Analyzing entries 41213 - 41258, now 41213 , sum entries = 45240 . . . Used time: 0s Expected left time: 0s          
 Analyzing entries 41213 - 41258, now 41214 , sum entries = 45240 . . . Used time: 0s Expected left time: 0s          
 Analyzing entries 41213 - 41258, now 41215 , sum entries = 45240 . . . Used time: 0s Expected left time: 0s          
 Analyzing entries 41213 - 41258, now 41216 , sum entries = 45240 . . . Used time: 0s Expected left time: 0s          
 Analyzing entries 41213 - 41258, now 41217 , sum entries = 45240 . . . Used time: 0s Expected left time: 0s          
 Analyzing entries 41213 - 41258, now 41218 , sum entries = 45240 . . . Used time: 0s Expected left time: 0s          
 Analyzing entries 41213 - 41258, now 41219 , sum entries = 45240 . . . Used time: 0s Expected left time: 0s          
 Analyzing entries 41213 - 41258, now 41220 , sum entries = 45240 . . . Used time: 0s Expected left time: 0s          
 Analyzing entries 41213 - 41258, now 41221 , sum entries = 45240 . . . Used time: 0s Expected left time: 0s          
 Analyzing entries 41213 - 41258, now 41222 , sum entries = 45240 . . . Used time: 0s Expected left time: 0s          
 Analyzing entries 41213 - 41258, now 41223 , sum entries = 45240 . . . Used time: 0s Expected left time: 0s          
 Analyzing entries 41213 - 41258, now 41224 , sum entries = 45240 . . . Used time: 0s Expected left time: 0s          
 Analyzing entries 41213 - 41258, now 41225 , sum entries = 45240 . . . Used time: 0s Expected left time: 0s          
 Analyzing entries 41213 - 41258, now 41226 , sum entries = 45240 . . . Used time: 0s Expected left time: 0s          
 Analyzing entries 41213 - 41258, now 41227 , sum entries = 45240 . . . Used time: 0s Expected left time: 0s          
 Analyzing entries 41213 - 41258, now 41228 , sum entries = 45240 . . . Used time: 0s Expected left time: 0s          
 Analyzing entries 41213 - 41258, now 41229 , sum entries = 45240 . . . Used time: 0s Expected left time: 0s          
 Analyzing entries 41213 - 41258, now 41230 , sum entries = 45240 . . . Used time: 0s Expected left time: 0s          
 Analyzing entries 41213 - 41258, now 41231 , sum entries = 45240 . . . Used time: 0s Expected left time: 0s          
 Analyzing entries 41213 - 41258, now 41232 , sum entries = 45240 . . . Used time: 0s Expected left time: 0s          
 Analyzing entries 41213 - 41258, now 41233 , sum entries = 45240 . . . Used time: 0s Expected left time: 0s          
 Analyzing entries 41213 - 41258, now 41234 , sum entries = 45240 . . . Used time: 0s Expected left time: 0s          
 Analyzing entries 41213 - 41258, now 41235 , sum entries = 45240 . . . Used time: 0s Expected left time: 0s          
 Analyzing entries 41213 - 41258, now 41236 , sum entries = 45240 . . . Used time: 0s Expected left time: 0s          
 Analyzing entries 41213 - 41258, now 41237 , sum entries = 45240 . . . Used time: 0s Expected left time: 0s          
 Analyzing entries 41213 - 41258, now 41238 , sum entries = 45240 . . . Used time: 0s Expected left time: 0s          
 Analyzing entries 41213 - 41258, now 41239 , sum entries = 45240 . . . Used time: 0s Expected left time: 0s          
 Analyzing entries 41213 - 41258, now 41240 , sum entries = 45240 . . . Used time: 0s Expected left time: 0s          
 Analyzing entries 41213 - 41258, now 41241 , sum entries = 45240 . . . Used time: 0s Expected left time: 0s          
 Analyzing entries 41213 - 41258, now 41242 , sum entries = 45240 . . . Used time: 0s Expected left time: 0s          
 Analyzing entries 41213 - 41258, now 41243 , sum entries = 45240 . . . Used time: 0s Expected left time: 0s          
 Analyzing entries 41213 - 41258, now 41244 , sum entries = 45240 . . . Used time: 0s Expected left time: 0s          
 Analyzing entries 41213 - 41258, now 41245 , sum entries = 45240 . . . Used time: 0s Expected left time: 0s          
 Analyzing entries 41213 - 41258, now 41246 , sum entries = 45240 . . . Used time: 0s Expected left time: 0s          
 Analyzing entries 41213 - 41258, now 41247 , sum entries = 45240 . . . Used time: 0s Expected left time: 0s          
 Analyzing entries 41213 - 41258, now 41248 , sum entries = 45240 . . . Used time: 0s Expected left time: 0s          
 Analyzing entries 41213 - 41258, now 41249 , sum entries = 45240 . . . Used time: 0s Expected left time: 0s          
 Analyzing entries 41213 - 41258, now 41250 , sum entries = 45240 . . . Used time: 0s Expected left time: 0s          
 Analyzing entries 41213 - 41258, now 41251 , sum entries = 45240 . . . Used time: 0s Expected left time: 0s          
 Analyzing entries 41213 - 41258, now 41252 , sum entries = 45240 . . . Used time: 0s Expected left time: 0s          
 Analyzing entries 41213 - 41258, now 41253 , sum entries = 45240 . . . Used time: 0s Expected left time: 0s          
 Analyzing entries 41213 - 41258, now 41254 , sum entries = 45240 . . . Used time: 0s Expected left time: 0s          
 Analyzing entries 41213 - 41258, now 41255 , sum entries = 45240 . . . Used time: 0s Expected left time: 0s          
 Analyzing entries 41213 - 41258, now 41256 , sum entries = 45240 . . . Used time: 0s Expected left time: 0s          
 Analyzing entries 41213 - 41258, now 41257 , sum entries = 45240 . . . Used time: 0s Expected left time: 0s          
 Save to RootFile /extdisk/zlin/Machine_learning/RecoPlanesFeatures/CMS_herwig_HT1000to1500-preVFP_jinitpt450_600_j2pt80_120Reco/Chunk91_Part1.root . . . Used time: 0s Expected left time: 0s          
 Save to RootFile /extdisk/zlin/Machine_learning/RecoPlanesFeatures/CMS_herwig_HT1000to1500-preVFP_jinitpt450_600_j2pt80_120Reco/Chunk91_Part1.root . . . Used time: 0s Expected left time: 0s          
 Save to RootFile /extdisk/zlin/Machine_learning/RecoPlanesFeatures/CMS_herwig_HT1000to1500-preVFP_jinitpt450_600_j2pt80_120Reco/Chunk91_Part1.root . . . Used time: 0s Expected left time: 0s          
 Save to RootFile /extdisk/zlin/Machine_learning/RecoPlanesFeatures/CMS_herwig_HT1000to1500-preVFP_jinitpt450_600_j2pt80_120Reco/Chunk91_Part1.root . . . Used time: 0s Expected left time: 0s          
 Save to RootFile /extdisk/zlin/Machine_learning/RecoPlanesFeatures/CMS_herwig_HT1000to1500-preVFP_jinitpt450_600_j2pt80_120Reco/Chunk91_Part1.root . . . Used time: 0s Expected left time: 0s          
 Analyzing entries 41258 - 41303, now 41258 , sum entries = 45240 . . . Used time: 0s Expected left time: 0s          
 Analyzing entries 41258 - 41303, now 41259 , sum entries = 45240 . . . Used time: 0s Expected left time: 0s          
 Analyzing entries 41258 - 41303, now 41260 , sum entries = 45240 . . . Used time: 0s Expected left time: 0s          
 Analyzing entries 41258 - 41303, now 41261 , sum entries = 45240 . . . Used time: 0s Expected left time: 0s          
 Analyzing entries 41258 - 41303, now 41262 , sum entries = 45240 . . . Used time: 0s Expected left time: 0s          
 Analyzing entries 41258 - 41303, now 41263 , sum entries = 45240 . . . Used time: 0s Expected left time: 0s          
 Analyzing entries 41258 - 41303, now 41264 , sum entries = 45240 . . . Used time: 0s Expected left time: 0s          
 Analyzing entries 41258 - 41303, now 41265 , sum entries = 45240 . . . Used time: 0s Expected left time: 0s          
 Analyzing entries 41258 - 41303, now 41266 , sum entries = 45240 . . . Used time: 0s Expected left time: 0s          
 Analyzing entries 41258 - 41303, now 41267 , sum entries = 45240 . . . Used time: 0s Expected left time: 0s          
 Analyzing entries 41258 - 41303, now 41268 , sum entries = 45240 . . . Used time: 0s Expected left time: 0s          
 Analyzing entries 41258 - 41303, now 41269 , sum entries = 45240 . . . Used time: 0s Expected left time: 0s          
 Analyzing entries 41258 - 41303, now 41270 , sum entries = 45240 . . . Used time: 0s Expected left time: 0s          
 Analyzing entries 41258 - 41303, now 41271 , sum entries = 45240 . . . Used time: 0s Expected left time: 0s          
 Analyzing entries 41258 - 41303, now 41272 , sum entries = 45240 . . . Used time: 0s Expected left time: 0s          
 Analyzing entries 41258 - 41303, now 41273 , sum entries = 45240 . . . Used time: 0s Expected left time: 0s          
 Analyzing entries 41258 - 41303, now 41274 , sum entries = 45240 . . . Used time: 0s Expected left time: 0s          
 Analyzing entries 41258 - 41303, now 41275 , sum entries = 45240 . . . Used time: 0s Expected left time: 0s          
 Analyzing entries 41258 - 41303, now 41276 , sum entries = 45240 . . . Used time: 0s Expected left time: 0s          
 Analyzing entries 41258 - 41303, now 41277 , sum entries = 45240 . . . Used time: 0s Expected left time: 0s          
 Analyzing entries 41258 - 41303, now 41278 , sum entries = 45240 . . . Used time: 0s Expected left time: 0s          
 Analyzing entries 41258 - 41303, now 41279 , sum entries = 45240 . . . Used time: 0s Expected left time: 0s          
 Analyzing entries 41258 - 41303, now 41280 , sum entries = 45240 . . . Used time: 0s Expected left time: 0s          
 Analyzing entries 41258 - 41303, now 41281 , sum entries = 45240 . . . Used time: 0s Expected left time: 0s          
 Analyzing entries 41258 - 41303, now 41282 , sum entries = 45240 . . . Used time: 0s Expected left time: 0s          
 Analyzing entries 41258 - 41303, now 41283 , sum entries = 45240 . . . Used time: 0s Expected left time: 0s          
 Analyzing entries 41258 - 41303, now 41284 , sum entries = 45240 . . . Used time: 0s Expected left time: 0s          
 Analyzing entries 41258 - 41303, now 41285 , sum entries = 45240 . . . Used time: 0s Expected left time: 0s          
 Analyzing entries 41258 - 41303, now 41286 , sum entries = 45240 . . . Used time: 0s Expected left time: 0s          
 Analyzing entries 41258 - 41303, now 41287 , sum entries = 45240 . . . Used time: 0s Expected left time: 0s          
 Analyzing entries 41258 - 41303, now 41288 , sum entries = 45240 . . . Used time: 0s Expected left time: 0s          
 Analyzing entries 41258 - 41303, now 41289 , sum entries = 45240 . . . Used time: 0s Expected left time: 0s          
 Analyzing entries 41258 - 41303, now 41290 , sum entries = 45240 . . . Used time: 0s Expected left time: 0s          
 Analyzing entries 41258 - 41303, now 41291 , sum entries = 45240 . . . Used time: 0s Expected left time: 0s          
 Analyzing entries 41258 - 41303, now 41292 , sum entries = 45240 . . . Used time: 0s Expected left time: 0s          
 Analyzing entries 41258 - 41303, now 41293 , sum entries = 45240 . . . Used time: 0s Expected left time: 0s          
 Analyzing entries 41258 - 41303, now 41294 , sum entries = 45240 . . . Used time: 0s Expected left time: 0s          
 Analyzing entries 41258 - 41303, now 41295 , sum entries = 45240 . . . Used time: 0s Expected left time: 0s          
 Analyzing entries 41258 - 41303, now 41296 , sum entries = 45240 . . . Used time: 0s Expected left time: 0s          
 Analyzing entries 41258 - 41303, now 41297 , sum entries = 45240 . . . Used time: 0s Expected left time: 0s          
 Analyzing entries 41258 - 41303, now 41298 , sum entries = 45240 . . . Used time: 0s Expected left time: 0s          
 Analyzing entries 41258 - 41303, now 41299 , sum entries = 45240 . . . Used time: 0s Expected left time: 0s          
 Analyzing entries 41258 - 41303, now 41300 , sum entries = 45240 . . . Used time: 0s Expected left time: 0s          
 Analyzing entries 41258 - 41303, now 41301 , sum entries = 45240 . . . Used time: 0s Expected left time: 0s          
 Analyzing entries 41258 - 41303, now 41302 , sum entries = 45240 . . . Used time: 0s Expected left time: 0s          
 Save to RootFile /extdisk/zlin/Machine_learning/RecoPlanesFeatures/CMS_herwig_HT1000to1500-preVFP_jinitpt450_600_j2pt80_120Reco/Chunk91_Part2.root . . . Used time: 0s Expected left time: 0s          
 Save to RootFile /extdisk/zlin/Machine_learning/RecoPlanesFeatures/CMS_herwig_HT1000to1500-preVFP_jinitpt450_600_j2pt80_120Reco/Chunk91_Part2.root . . . Used time: 0s Expected left time: 0s          
 Save to RootFile /extdisk/zlin/Machine_learning/RecoPlanesFeatures/CMS_herwig_HT1000to1500-preVFP_jinitpt450_600_j2pt80_120Reco/Chunk91_Part2.root . . . Used time: 0s Expected left time: 0s          
 Save to RootFile /extdisk/zlin/Machine_learning/RecoPlanesFeatures/CMS_herwig_HT1000to1500-preVFP_jinitpt450_600_j2pt80_120Reco/Chunk91_Part2.root . . . Used time: 0s Expected left time: 0s          
 Save to RootFile /extdisk/zlin/Machine_learning/RecoPlanesFeatures/CMS_herwig_HT1000to1500-preVFP_jinitpt450_600_j2pt80_120Reco/Chunk91_Part2.root . . . Used time: 0s Expected left time: 0s          
 Analyzing entries 41304 - 41349, now 41304 , sum entries = 45240 . . . Used time: 0s Expected left time: 0s          
 Analyzing entries 41304 - 41349, now 41305 , sum entries = 45240 . . . Used time: 0s Expected left time: 0s          
 Analyzing entries 41304 - 41349, now 41306 , sum entries = 45240 . . . Used time: 0s Expected left time: 0s          
 Analyzing entries 41304 - 41349, now 41307 , sum entries = 45240 . . . Used time: 0s Expected left time: 0s          
 Analyzing entries 41304 - 41349, now 41308 , sum entries = 45240 . . . Used time: 0s Expected left time: 0s          
 Analyzing entries 41304 - 41349, now 41309 , sum entries = 45240 . . . Used time: 0s Expected left time: 0s          
 Analyzing entries 41304 - 41349, now 41310 , sum entries = 45240 . . . Used time: 0s Expected left time: 0s          
 Analyzing entries 41304 - 41349, now 41311 , sum entries = 45240 . . . Used time: 0s Expected left time: 0s          
 Analyzing entries 41304 - 41349, now 41312 , sum entries = 45240 . . . Used time: 0s Expected left time: 0s          
 Analyzing entries 41304 - 41349, now 41313 , sum entries = 45240 . . . Used time: 0s Expected left time: 0s          
 Analyzing entries 41304 - 41349, now 41314 , sum entries = 45240 . . . Used time: 0s Expected left time: 0s          
 Analyzing entries 41304 - 41349, now 41315 , sum entries = 45240 . . . Used time: 0s Expected left time: 0s          
 Analyzing entries 41304 - 41349, now 41316 , sum entries = 45240 . . . Used time: 0s Expected left time: 0s          
 Analyzing entries 41304 - 41349, now 41317 , sum entries = 45240 . . . Used time: 0s Expected left time: 0s          
 Analyzing entries 41304 - 41349, now 41318 , sum entries = 45240 . . . Used time: 0s Expected left time: 0s          
 Analyzing entries 41304 - 41349, now 41319 , sum entries = 45240 . . . Used time: 0s Expected left time: 0s          
 Analyzing entries 41304 - 41349, now 41320 , sum entries = 45240 . . . Used time: 0s Expected left time: 0s          
 Analyzing entries 41304 - 41349, now 41321 , sum entries = 45240 . . . Used time: 0s Expected left time: 0s          
 Analyzing entries 41304 - 41349, now 41322 , sum entries = 45240 . . . Used time: 0s Expected left time: 0s          
 Analyzing entries 41304 - 41349, now 41323 , sum entries = 45240 . . . Used time: 0s Expected left time: 0s          
 Analyzing entries 41304 - 41349, now 41324 , sum entries = 45240 . . . Used time: 0s Expected left time: 0s          
 Analyzing entries 41304 - 41349, now 41325 , sum entries = 45240 . . . Used time: 0s Expected left time: 0s          
 Analyzing entries 41304 - 41349, now 41326 , sum entries = 45240 . . . Used time: 0s Expected left time: 0s          
 Analyzing entries 41304 - 41349, now 41327 , sum entries = 45240 . . . Used time: 0s Expected left time: 0s          
 Analyzing entries 41304 - 41349, now 41328 , sum entries = 45240 . . . Used time: 0s Expected left time: 0s          
 Analyzing entries 41304 - 41349, now 41329 , sum entries = 45240 . . . Used time: 0s Expected left time: 0s          
 Analyzing entries 41304 - 41349, now 41330 , sum entries = 45240 . . . Used time: 0s Expected left time: 0s          
 Analyzing entries 41304 - 41349, now 41331 , sum entries = 45240 . . . Used time: 0s Expected left time: 0s          
 Analyzing entries 41304 - 41349, now 41332 , sum entries = 45240 . . . Used time: 0s Expected left time: 0s          
 Analyzing entries 41304 - 41349, now 41333 , sum entries = 45240 . . . Used time: 0s Expected left time: 0s          
 Analyzing entries 41304 - 41349, now 41334 , sum entries = 45240 . . . Used time: 0s Expected left time: 0s          
 Analyzing entries 41304 - 41349, now 41335 , sum entries = 45240 . . . Used time: 0s Expected left time: 0s          
 Analyzing entries 41304 - 41349, now 41336 , sum entries = 45240 . . . Used time: 0s Expected left time: 0s          
 Analyzing entries 41304 - 41349, now 41337 , sum entries = 45240 . . . Used time: 0s Expected left time: 0s          
 Analyzing entries 41304 - 41349, now 41338 , sum entries = 45240 . . . Used time: 0s Expected left time: 0s          
 Analyzing entries 41304 - 41349, now 41339 , sum entries = 45240 . . . Used time: 0s Expected left time: 0s          
 Analyzing entries 41304 - 41349, now 41340 , sum entries = 45240 . . . Used time: 0s Expected left time: 0s          
 Analyzing entries 41304 - 41349, now 41341 , sum entries = 45240 . . . Used time: 0s Expected left time: 0s          
 Analyzing entries 41304 - 41349, now 41342 , sum entries = 45240 . . . Used time: 0s Expected left time: 0s          
 Analyzing entries 41304 - 41349, now 41343 , sum entries = 45240 . . . Used time: 0s Expected left time: 0s          
 Analyzing entries 41304 - 41349, now 41344 , sum entries = 45240 . . . Used time: 0s Expected left time: 0s          
 Analyzing entries 41304 - 41349, now 41345 , sum entries = 45240 . . . Used time: 0s Expected left time: 0s          
 Analyzing entries 41304 - 41349, now 41346 , sum entries = 45240 . . . Used time: 0s Expected left time: 0s          
 Analyzing entries 41304 - 41349, now 41347 , sum entries = 45240 . . . Used time: 0s Expected left time: 0s          
 Analyzing entries 41304 - 41349, now 41348 , sum entries = 45240 . . . Used time: 0s Expected left time: 0s          
 Save to RootFile /extdisk/zlin/Machine_learning/RecoPlanesFeatures/CMS_herwig_HT1000to1500-preVFP_jinitpt450_600_j2pt80_120Reco/Chunk91_Part3.root . . . Used time: 0s Expected left time: 0s          
 Save to RootFile /extdisk/zlin/Machine_learning/RecoPlanesFeatures/CMS_herwig_HT1000to1500-preVFP_jinitpt450_600_j2pt80_120Reco/Chunk91_Part3.root . . . Used time: 0s Expected left time: 0s          
 Save to RootFile /extdisk/zlin/Machine_learning/RecoPlanesFeatures/CMS_herwig_HT1000to1500-preVFP_jinitpt450_600_j2pt80_120Reco/Chunk91_Part3.root . . . Used time: 0s Expected left time: 0s          
 Save to RootFile /extdisk/zlin/Machine_learning/RecoPlanesFeatures/CMS_herwig_HT1000to1500-preVFP_jinitpt450_600_j2pt80_120Reco/Chunk91_Part3.root . . . Used time: 0s Expected left time: 0s          
 Save to RootFile /extdisk/zlin/Machine_learning/RecoPlanesFeatures/CMS_herwig_HT1000to1500-preVFP_jinitpt450_600_j2pt80_120Reco/Chunk91_Part3.root . . . Used time: 0s Expected left time: 0s          
 Analyzing entries 41349 - 41394, now 41349 , sum entries = 45240 . . . Used time: 0s Expected left time: 0s          
 Analyzing entries 41349 - 41394, now 41350 , sum entries = 45240 . . . Used time: 0s Expected left time: 0s          
 Analyzing entries 41349 - 41394, now 41351 , sum entries = 45240 . . . Used time: 0s Expected left time: 0s          
 Analyzing entries 41349 - 41394, now 41352 , sum entries = 45240 . . . Used time: 0s Expected left time: 0s          
 Analyzing entries 41349 - 41394, now 41353 , sum entries = 45240 . . . Used time: 0s Expected left time: 0s          
 Analyzing entries 41349 - 41394, now 41354 , sum entries = 45240 . . . Used time: 0s Expected left time: 0s          
 Analyzing entries 41349 - 41394, now 41355 , sum entries = 45240 . . . Used time: 0s Expected left time: 0s          
 Analyzing entries 41349 - 41394, now 41356 , sum entries = 45240 . . . Used time: 0s Expected left time: 0s          
 Analyzing entries 41349 - 41394, now 41357 , sum entries = 45240 . . . Used time: 0s Expected left time: 0s          
 Analyzing entries 41349 - 41394, now 41358 , sum entries = 45240 . . . Used time: 0s Expected left time: 0s          
 Analyzing entries 41349 - 41394, now 41359 , sum entries = 45240 . . . Used time: 0s Expected left time: 0s          
 Analyzing entries 41349 - 41394, now 41360 , sum entries = 45240 . . . Used time: 0s Expected left time: 0s          
 Analyzing entries 41349 - 41394, now 41361 , sum entries = 45240 . . . Used time: 0s Expected left time: 0s          
 Analyzing entries 41349 - 41394, now 41362 , sum entries = 45240 . . . Used time: 0s Expected left time: 0s          
 Analyzing entries 41349 - 41394, now 41363 , sum entries = 45240 . . . Used time: 0s Expected left time: 0s          
 Analyzing entries 41349 - 41394, now 41364 , sum entries = 45240 . . . Used time: 0s Expected left time: 0s          
 Analyzing entries 41349 - 41394, now 41365 , sum entries = 45240 . . . Used time: 0s Expected left time: 0s          
 Analyzing entries 41349 - 41394, now 41366 , sum entries = 45240 . . . Used time: 0s Expected left time: 0s          
 Analyzing entries 41349 - 41394, now 41367 , sum entries = 45240 . . . Used time: 0s Expected left time: 0s          
 Analyzing entries 41349 - 41394, now 41368 , sum entries = 45240 . . . Used time: 0s Expected left time: 0s          
 Analyzing entries 41349 - 41394, now 41369 , sum entries = 45240 . . . Used time: 0s Expected left time: 0s          
 Analyzing entries 41349 - 41394, now 41370 , sum entries = 45240 . . . Used time: 0s Expected left time: 0s          
 Analyzing entries 41349 - 41394, now 41371 , sum entries = 45240 . . . Used time: 0s Expected left time: 0s          
 Analyzing entries 41349 - 41394, now 41372 , sum entries = 45240 . . . Used time: 0s Expected left time: 0s          
 Analyzing entries 41349 - 41394, now 41373 , sum entries = 45240 . . . Used time: 0s Expected left time: 0s          
 Analyzing entries 41349 - 41394, now 41374 , sum entries = 45240 . . . Used time: 0s Expected left time: 0s          
 Analyzing entries 41349 - 41394, now 41375 , sum entries = 45240 . . . Used time: 0s Expected left time: 0s          
 Analyzing entries 41349 - 41394, now 41376 , sum entries = 45240 . . . Used time: 0s Expected left time: 0s          
 Analyzing entries 41349 - 41394, now 41377 , sum entries = 45240 . . . Used time: 0s Expected left time: 0s          
 Analyzing entries 41349 - 41394, now 41378 , sum entries = 45240 . . . Used time: 0s Expected left time: 0s          
 Analyzing entries 41349 - 41394, now 41379 , sum entries = 45240 . . . Used time: 0s Expected left time: 0s          
 Analyzing entries 41349 - 41394, now 41380 , sum entries = 45240 . . . Used time: 0s Expected left time: 0s          
 Analyzing entries 41349 - 41394, now 41381 , sum entries = 45240 . . . Used time: 0s Expected left time: 0s          
 Analyzing entries 41349 - 41394, now 41382 , sum entries = 45240 . . . Used time: 0s Expected left time: 0s          
 Analyzing entries 41349 - 41394, now 41383 , sum entries = 45240 . . . Used time: 0s Expected left time: 0s          
 Analyzing entries 41349 - 41394, now 41384 , sum entries = 45240 . . . Used time: 0s Expected left time: 0s          
 Analyzing entries 41349 - 41394, now 41385 , sum entries = 45240 . . . Used time: 0s Expected left time: 0s          
 Analyzing entries 41349 - 41394, now 41386 , sum entries = 45240 . . . Used time: 0s Expected left time: 0s          
 Analyzing entries 41349 - 41394, now 41387 , sum entries = 45240 . . . Used time: 0s Expected left time: 0s          
 Analyzing entries 41349 - 41394, now 41388 , sum entries = 45240 . . . Used time: 0s Expected left time: 0s          
 Analyzing entries 41349 - 41394, now 41389 , sum entries = 45240 . . . Used time: 0s Expected left time: 0s          
 Analyzing entries 41349 - 41394, now 41390 , sum entries = 45240 . . . Used time: 0s Expected left time: 0s          
 Analyzing entries 41349 - 41394, now 41391 , sum entries = 45240 . . . Used time: 0s Expected left time: 0s          
 Analyzing entries 41349 - 41394, now 41392 , sum entries = 45240 . . . Used time: 0s Expected left time: 0s          
 Analyzing entries 41349 - 41394, now 41393 , sum entries = 45240 . . . Used time: 0s Expected left time: 0s          
 Save to RootFile /extdisk/zlin/Machine_learning/RecoPlanesFeatures/CMS_herwig_HT1000to1500-preVFP_jinitpt450_600_j2pt80_120Reco/Chunk91_Part4.root . . . Used time: 0s Expected left time: 0s          
 Save to RootFile /extdisk/zlin/Machine_learning/RecoPlanesFeatures/CMS_herwig_HT1000to1500-preVFP_jinitpt450_600_j2pt80_120Reco/Chunk91_Part4.root . . . Used time: 0s Expected left time: 0s          
 Save to RootFile /extdisk/zlin/Machine_learning/RecoPlanesFeatures/CMS_herwig_HT1000to1500-preVFP_jinitpt450_600_j2pt80_120Reco/Chunk91_Part4.root . . . Used time: 0s Expected left time: 0s          
 Save to RootFile /extdisk/zlin/Machine_learning/RecoPlanesFeatures/CMS_herwig_HT1000to1500-preVFP_jinitpt450_600_j2pt80_120Reco/Chunk91_Part4.root . . . Used time: 0s Expected left time: 0s          
 Save to RootFile /extdisk/zlin/Machine_learning/RecoPlanesFeatures/CMS_herwig_HT1000to1500-preVFP_jinitpt450_600_j2pt80_120Reco/Chunk91_Part4.root . . . Used time: 0s Expected left time: 0s          
 Save to RootFile /extdisk/zlin/Machine_learning/RecoPlanesFeatures/CMS_herwig_HT1000to1500-preVFP_jinitpt450_600_j2pt80_120Reco/Chunk91_Part4.root . . . Used time: 0s Expected left time: 0s          
 Analyzing entries 41394 - 41439, now 41394 , sum entries = 45240 . . . Used time: 0s Expected left time: 0s          
 Analyzing entries 41394 - 41439, now 41395 , sum entries = 45240 . . . Used time: 0s Expected left time: 0s          
 Analyzing entries 41394 - 41439, now 41396 , sum entries = 45240 . . . Used time: 0s Expected left time: 0s          
 Analyzing entries 41394 - 41439, now 41397 , sum entries = 45240 . . . Used time: 0s Expected left time: 0s          
 Analyzing entries 41394 - 41439, now 41398 , sum entries = 45240 . . . Used time: 0s Expected left time: 0s          
 Analyzing entries 41394 - 41439, now 41399 , sum entries = 45240 . . . Used time: 0s Expected left time: 0s          
 Analyzing entries 41394 - 41439, now 41400 , sum entries = 45240 . . . Used time: 0s Expected left time: 0s          
 Analyzing entries 41394 - 41439, now 41401 , sum entries = 45240 . . . Used time: 0s Expected left time: 0s          
 Analyzing entries 41394 - 41439, now 41402 , sum entries = 45240 . . . Used time: 0s Expected left time: 0s          
 Analyzing entries 41394 - 41439, now 41403 , sum entries = 45240 . . . Used time: 0s Expected left time: 0s          
 Analyzing entries 41394 - 41439, now 41404 , sum entries = 45240 . . . Used time: 0s Expected left time: 0s          
 Analyzing entries 41394 - 41439, now 41405 , sum entries = 45240 . . . Used time: 0s Expected left time: 0s          
 Analyzing entries 41394 - 41439, now 41406 , sum entries = 45240 . . . Used time: 0s Expected left time: 0s          
 Analyzing entries 41394 - 41439, now 41407 , sum entries = 45240 . . . Used time: 0s Expected left time: 0s          
 Analyzing entries 41394 - 41439, now 41408 , sum entries = 45240 . . . Used time: 0s Expected left time: 0s          
 Analyzing entries 41394 - 41439, now 41409 , sum entries = 45240 . . . Used time: 0s Expected left time: 0s          
 Analyzing entries 41394 - 41439, now 41410 , sum entries = 45240 . . . Used time: 0s Expected left time: 0s          
 Analyzing entries 41394 - 41439, now 41411 , sum entries = 45240 . . . Used time: 0s Expected left time: 0s          
 Analyzing entries 41394 - 41439, now 41412 , sum entries = 45240 . . . Used time: 0s Expected left time: 0s          
 Analyzing entries 41394 - 41439, now 41413 , sum entries = 45240 . . . Used time: 0s Expected left time: 0s          
 Analyzing entries 41394 - 41439, now 41414 , sum entries = 45240 . . . Used time: 0s Expected left time: 0s          
 Analyzing entries 41394 - 41439, now 41415 , sum entries = 45240 . . . Used time: 0s Expected left time: 0s          
 Analyzing entries 41394 - 41439, now 41416 , sum entries = 45240 . . . Used time: 0s Expected left time: 0s          
 Analyzing entries 41394 - 41439, now 41417 , sum entries = 45240 . . . Used time: 0s Expected left time: 0s          
 Analyzing entries 41394 - 41439, now 41418 , sum entries = 45240 . . . Used time: 0s Expected left time: 0s          
 Analyzing entries 41394 - 41439, now 41419 , sum entries = 45240 . . . Used time: 0s Expected left time: 0s          
 Analyzing entries 41394 - 41439, now 41420 , sum entries = 45240 . . . Used time: 0s Expected left time: 0s          
 Analyzing entries 41394 - 41439, now 41421 , sum entries = 45240 . . . Used time: 0s Expected left time: 0s          
 Analyzing entries 41394 - 41439, now 41422 , sum entries = 45240 . . . Used time: 0s Expected left time: 0s          
 Analyzing entries 41394 - 41439, now 41423 , sum entries = 45240 . . . Used time: 0s Expected left time: 0s          
 Analyzing entries 41394 - 41439, now 41424 , sum entries = 45240 . . . Used time: 0s Expected left time: 0s          
 Analyzing entries 41394 - 41439, now 41425 , sum entries = 45240 . . . Used time: 0s Expected left time: 0s          
 Analyzing entries 41394 - 41439, now 41426 , sum entries = 45240 . . . Used time: 0s Expected left time: 0s          
 Analyzing entries 41394 - 41439, now 41427 , sum entries = 45240 . . . Used time: 0s Expected left time: 0s          
 Analyzing entries 41394 - 41439, now 41428 , sum entries = 45240 . . . Used time: 0s Expected left time: 0s          
 Analyzing entries 41394 - 41439, now 41429 , sum entries = 45240 . . . Used time: 0s Expected left time: 0s          
 Analyzing entries 41394 - 41439, now 41430 , sum entries = 45240 . . . Used time: 0s Expected left time: 0s          
 Analyzing entries 41394 - 41439, now 41431 , sum entries = 45240 . . . Used time: 0s Expected left time: 0s          
 Analyzing entries 41394 - 41439, now 41432 , sum entries = 45240 . . . Used time: 0s Expected left time: 0s          
 Analyzing entries 41394 - 41439, now 41433 , sum entries = 45240 . . . Used time: 0s Expected left time: 0s          
 Analyzing entries 41394 - 41439, now 41434 , sum entries = 45240 . . . Used time: 0s Expected left time: 0s          
 Analyzing entries 41394 - 41439, now 41435 , sum entries = 45240 . . . Used time: 0s Expected left time: 0s          
 Analyzing entries 41394 - 41439, now 41436 , sum entries = 45240 . . . Used time: 0s Expected left time: 0s          
 Analyzing entries 41394 - 41439, now 41437 , sum entries = 45240 . . . Used time: 0s Expected left time: 0s          
 Analyzing entries 41394 - 41439, now 41438 , sum entries = 45240 . . . Used time: 0s Expected left time: 0s          
 Save to RootFile /extdisk/zlin/Machine_learning/RecoPlanesFeatures/CMS_herwig_HT1000to1500-preVFP_jinitpt450_600_j2pt80_120Reco/Chunk91_Part5.root . . . Used time: 0s Expected left time: 0s          
 Save to RootFile /extdisk/zlin/Machine_learning/RecoPlanesFeatures/CMS_herwig_HT1000to1500-preVFP_jinitpt450_600_j2pt80_120Reco/Chunk91_Part5.root . . . Used time: 0s Expected left time: 0s          
 Save to RootFile /extdisk/zlin/Machine_learning/RecoPlanesFeatures/CMS_herwig_HT1000to1500-preVFP_jinitpt450_600_j2pt80_120Reco/Chunk91_Part5.root . . . Used time: 0s Expected left time: 0s          
 Save to RootFile /extdisk/zlin/Machine_learning/RecoPlanesFeatures/CMS_herwig_HT1000to1500-preVFP_jinitpt450_600_j2pt80_120Reco/Chunk91_Part5.root . . . Used time: 0s Expected left time: 0s          
 Save to RootFile /extdisk/zlin/Machine_learning/RecoPlanesFeatures/CMS_herwig_HT1000to1500-preVFP_jinitpt450_600_j2pt80_120Reco/Chunk91_Part5.root . . . Used time: 0s Expected left time: 0s          
 Save to RootFile /extdisk/zlin/Machine_learning/RecoPlanesFeatures/CMS_herwig_HT1000to1500-preVFP_jinitpt450_600_j2pt80_120Reco/Chunk91_Part5.root . . . Used time: 0s Expected left time: 0s          
 Save to RootFile /extdisk/zlin/Machine_learning/RecoPlanesFeatures/CMS_herwig_HT1000to1500-preVFP_jinitpt450_600_j2pt80_120Reco/Chunk91_Part5.root . . . Used time: 0s Expected left time: 0s          
 Save to RootFile /extdisk/zlin/Machine_learning/RecoPlanesFeatures/CMS_herwig_HT1000to1500-preVFP_jinitpt450_600_j2pt80_120Reco/Chunk91_Part5.root . . . Used time: 0s Expected left time: 0s          
 Save to RootFile /extdisk/zlin/Machine_learning/RecoPlanesFeatures/CMS_herwig_HT1000to1500-preVFP_jinitpt450_600_j2pt80_120Reco/Chunk91_Part5.root . . . Used time: 0s Expected left time: 0s          
 Save to RootFile /extdisk/zlin/Machine_learning/RecoPlanesFeatures/CMS_herwig_HT1000to1500-preVFP_jinitpt450_600_j2pt80_120Reco/Chunk91_Part5.root . . . Used time: 0s Expected left time: 0s          
 Analyzing entries 41439 - 41484, now 41439 , sum entries = 45240 . . . Used time: 0s Expected left time: 0s          
 Analyzing entries 41439 - 41484, now 41440 , sum entries = 45240 . . . Used time: 0s Expected left time: 0s          
 Analyzing entries 41439 - 41484, now 41441 , sum entries = 45240 . . . Used time: 0s Expected left time: 0s          
 Analyzing entries 41439 - 41484, now 41442 , sum entries = 45240 . . . Used time: 0s Expected left time: 0s          
 Analyzing entries 41439 - 41484, now 41443 , sum entries = 45240 . . . Used time: 0s Expected left time: 0s          
 Analyzing entries 41439 - 41484, now 41444 , sum entries = 45240 . . . Used time: 0s Expected left time: 0s          
 Analyzing entries 41439 - 41484, now 41445 , sum entries = 45240 . . . Used time: 0s Expected left time: 0s          
 Analyzing entries 41439 - 41484, now 41446 , sum entries = 45240 . . . Used time: 0s Expected left time: 0s          
 Analyzing entries 41439 - 41484, now 41447 , sum entries = 45240 . . . Used time: 0s Expected left time: 0s          
 Analyzing entries 41439 - 41484, now 41448 , sum entries = 45240 . . . Used time: 0s Expected left time: 0s          
 Analyzing entries 41439 - 41484, now 41449 , sum entries = 45240 . . . Used time: 0s Expected left time: 0s          
 Analyzing entries 41439 - 41484, now 41450 , sum entries = 45240 . . . Used time: 0s Expected left time: 0s          
 Analyzing entries 41439 - 41484, now 41451 , sum entries = 45240 . . . Used time: 0s Expected left time: 0s          
 Analyzing entries 41439 - 41484, now 41452 , sum entries = 45240 . . . Used time: 0s Expected left time: 0s          
 Analyzing entries 41439 - 41484, now 41453 , sum entries = 45240 . . . Used time: 0s Expected left time: 0s          
 Analyzing entries 41439 - 41484, now 41454 , sum entries = 45240 . . . Used time: 0s Expected left time: 0s          
 Analyzing entries 41439 - 41484, now 41455 , sum entries = 45240 . . . Used time: 0s Expected left time: 0s          
 Analyzing entries 41439 - 41484, now 41456 , sum entries = 45240 . . . Used time: 0s Expected left time: 0s          
 Analyzing entries 41439 - 41484, now 41457 , sum entries = 45240 . . . Used time: 0s Expected left time: 0s          
 Analyzing entries 41439 - 41484, now 41458 , sum entries = 45240 . . . Used time: 0s Expected left time: 0s          
 Analyzing entries 41439 - 41484, now 41459 , sum entries = 45240 . . . Used time: 0s Expected left time: 0s          
 Analyzing entries 41439 - 41484, now 41460 , sum entries = 45240 . . . Used time: 0s Expected left time: 0s          
 Analyzing entries 41439 - 41484, now 41461 , sum entries = 45240 . . . Used time: 0s Expected left time: 0s          
 Analyzing entries 41439 - 41484, now 41462 , sum entries = 45240 . . . Used time: 0s Expected left time: 0s          
 Analyzing entries 41439 - 41484, now 41463 , sum entries = 45240 . . . Used time: 0s Expected left time: 0s          
 Analyzing entries 41439 - 41484, now 41464 , sum entries = 45240 . . . Used time: 0s Expected left time: 0s          
 Analyzing entries 41439 - 41484, now 41465 , sum entries = 45240 . . . Used time: 0s Expected left time: 0s          
 Analyzing entries 41439 - 41484, now 41466 , sum entries = 45240 . . . Used time: 0s Expected left time: 0s          
 Analyzing entries 41439 - 41484, now 41467 , sum entries = 45240 . . . Used time: 0s Expected left time: 0s          
 Analyzing entries 41439 - 41484, now 41468 , sum entries = 45240 . . . Used time: 0s Expected left time: 0s          
 Analyzing entries 41439 - 41484, now 41469 , sum entries = 45240 . . . Used time: 0s Expected left time: 0s          
 Analyzing entries 41439 - 41484, now 41470 , sum entries = 45240 . . . Used time: 0s Expected left time: 0s          
 Analyzing entries 41439 - 41484, now 41471 , sum entries = 45240 . . . Used time: 0s Expected left time: 0s          
 Analyzing entries 41439 - 41484, now 41472 , sum entries = 45240 . . . Used time: 0s Expected left time: 0s          
 Analyzing entries 41439 - 41484, now 41473 , sum entries = 45240 . . . Used time: 0s Expected left time: 0s          
 Analyzing entries 41439 - 41484, now 41474 , sum entries = 45240 . . . Used time: 0s Expected left time: 0s          
 Analyzing entries 41439 - 41484, now 41475 , sum entries = 45240 . . . Used time: 0s Expected left time: 0s          
 Analyzing entries 41439 - 41484, now 41476 , sum entries = 45240 . . . Used time: 0s Expected left time: 0s          
 Analyzing entries 41439 - 41484, now 41477 , sum entries = 45240 . . . Used time: 0s Expected left time: 0s          
 Analyzing entries 41439 - 41484, now 41478 , sum entries = 45240 . . . Used time: 0s Expected left time: 0s          
 Analyzing entries 41439 - 41484, now 41479 , sum entries = 45240 . . . Used time: 0s Expected left time: 0s          
 Analyzing entries 41439 - 41484, now 41480 , sum entries = 45240 . . . Used time: 0s Expected left time: 0s          
 Analyzing entries 41439 - 41484, now 41481 , sum entries = 45240 . . . Used time: 0s Expected left time: 0s          
 Analyzing entries 41439 - 41484, now 41482 , sum entries = 45240 . . . Used time: 0s Expected left time: 0s          
 Analyzing entries 41439 - 41484, now 41483 , sum entries = 45240 . . . Used time: 0s Expected left time: 0s          
 Save to RootFile /extdisk/zlin/Machine_learning/RecoPlanesFeatures/CMS_herwig_HT1000to1500-preVFP_jinitpt450_600_j2pt80_120Reco/Chunk91_Part6.root . . . Used time: 0s Expected left time: 0s          
 Save to RootFile /extdisk/zlin/Machine_learning/RecoPlanesFeatures/CMS_herwig_HT1000to1500-preVFP_jinitpt450_600_j2pt80_120Reco/Chunk91_Part6.root . . . Used time: 0s Expected left time: 0s          
 Save to RootFile /extdisk/zlin/Machine_learning/RecoPlanesFeatures/CMS_herwig_HT1000to1500-preVFP_jinitpt450_600_j2pt80_120Reco/Chunk91_Part6.root . . . Used time: 0s Expected left time: 0s          
 Analyzing entries 41485 - 41530, now 41485 , sum entries = 45240 . . . Used time: 0s Expected left time: 0s          
 Analyzing entries 41485 - 41530, now 41486 , sum entries = 45240 . . . Used time: 0s Expected left time: 0s          
 Analyzing entries 41485 - 41530, now 41487 , sum entries = 45240 . . . Used time: 0s Expected left time: 0s          
 Analyzing entries 41485 - 41530, now 41488 , sum entries = 45240 . . . Used time: 0s Expected left time: 0s          
 Analyzing entries 41485 - 41530, now 41489 , sum entries = 45240 . . . Used time: 0s Expected left time: 0s          
 Analyzing entries 41485 - 41530, now 41490 , sum entries = 45240 . . . Used time: 0s Expected left time: 0s          
 Analyzing entries 41485 - 41530, now 41491 , sum entries = 45240 . . . Used time: 0s Expected left time: 0s          
 Analyzing entries 41485 - 41530, now 41492 , sum entries = 45240 . . . Used time: 0s Expected left time: 0s          
 Analyzing entries 41485 - 41530, now 41493 , sum entries = 45240 . . . Used time: 0s Expected left time: 0s          
 Analyzing entries 41485 - 41530, now 41494 , sum entries = 45240 . . . Used time: 0s Expected left time: 0s          
 Analyzing entries 41485 - 41530, now 41495 , sum entries = 45240 . . . Used time: 0s Expected left time: 0s          
 Analyzing entries 41485 - 41530, now 41496 , sum entries = 45240 . . . Used time: 0s Expected left time: 0s          
 Analyzing entries 41485 - 41530, now 41497 , sum entries = 45240 . . . Used time: 0s Expected left time: 0s          
 Analyzing entries 41485 - 41530, now 41498 , sum entries = 45240 . . . Used time: 0s Expected left time: 0s          
 Analyzing entries 41485 - 41530, now 41499 , sum entries = 45240 . . . Used time: 0s Expected left time: 0s          
 Analyzing entries 41485 - 41530, now 41500 , sum entries = 45240 . . . Used time: 0s Expected left time: 0s          
 Analyzing entries 41485 - 41530, now 41501 , sum entries = 45240 . . . Used time: 0s Expected left time: 0s          
 Analyzing entries 41485 - 41530, now 41502 , sum entries = 45240 . . . Used time: 0s Expected left time: 0s          
 Analyzing entries 41485 - 41530, now 41503 , sum entries = 45240 . . . Used time: 0s Expected left time: 0s          
 Analyzing entries 41485 - 41530, now 41504 , sum entries = 45240 . . . Used time: 0s Expected left time: 0s          
 Analyzing entries 41485 - 41530, now 41505 , sum entries = 45240 . . . Used time: 0s Expected left time: 0s          
 Analyzing entries 41485 - 41530, now 41506 , sum entries = 45240 . . . Used time: 0s Expected left time: 0s          
 Analyzing entries 41485 - 41530, now 41507 , sum entries = 45240 . . . Used time: 0s Expected left time: 0s          
 Analyzing entries 41485 - 41530, now 41508 , sum entries = 45240 . . . Used time: 0s Expected left time: 0s          
 Analyzing entries 41485 - 41530, now 41509 , sum entries = 45240 . . . Used time: 0s Expected left time: 0s          
 Analyzing entries 41485 - 41530, now 41510 , sum entries = 45240 . . . Used time: 0s Expected left time: 0s          
 Analyzing entries 41485 - 41530, now 41511 , sum entries = 45240 . . . Used time: 0s Expected left time: 0s          
 Analyzing entries 41485 - 41530, now 41512 , sum entries = 45240 . . . Used time: 0s Expected left time: 0s          
 Analyzing entries 41485 - 41530, now 41513 , sum entries = 45240 . . . Used time: 0s Expected left time: 0s          
 Analyzing entries 41485 - 41530, now 41514 , sum entries = 45240 . . . Used time: 0s Expected left time: 0s          
 Analyzing entries 41485 - 41530, now 41515 , sum entries = 45240 . . . Used time: 0s Expected left time: 0s          
 Analyzing entries 41485 - 41530, now 41516 , sum entries = 45240 . . . Used time: 0s Expected left time: 0s          
 Analyzing entries 41485 - 41530, now 41517 , sum entries = 45240 . . . Used time: 0s Expected left time: 0s          
 Analyzing entries 41485 - 41530, now 41518 , sum entries = 45240 . . . Used time: 0s Expected left time: 0s          
 Analyzing entries 41485 - 41530, now 41519 , sum entries = 45240 . . . Used time: 0s Expected left time: 0s          
 Analyzing entries 41485 - 41530, now 41520 , sum entries = 45240 . . . Used time: 0s Expected left time: 0s          
 Analyzing entries 41485 - 41530, now 41521 , sum entries = 45240 . . . Used time: 0s Expected left time: 0s          
 Analyzing entries 41485 - 41530, now 41522 , sum entries = 45240 . . . Used time: 0s Expected left time: 0s          
 Analyzing entries 41485 - 41530, now 41523 , sum entries = 45240 . . . Used time: 0s Expected left time: 0s          
 Analyzing entries 41485 - 41530, now 41524 , sum entries = 45240 . . . Used time: 0s Expected left time: 0s          
 Analyzing entries 41485 - 41530, now 41525 , sum entries = 45240 . . . Used time: 0s Expected left time: 0s          
 Analyzing entries 41485 - 41530, now 41526 , sum entries = 45240 . . . Used time: 0s Expected left time: 0s          
 Analyzing entries 41485 - 41530, now 41527 , sum entries = 45240 . . . Used time: 0s Expected left time: 0s          
 Analyzing entries 41485 - 41530, now 41528 , sum entries = 45240 . . . Used time: 0s Expected left time: 0s          
 Analyzing entries 41485 - 41530, now 41529 , sum entries = 45240 . . . Used time: 0s Expected left time: 0s          
 Save to RootFile /extdisk/zlin/Machine_learning/RecoPlanesFeatures/CMS_herwig_HT1000to1500-preVFP_jinitpt450_600_j2pt80_120Reco/Chunk91_Part7.root . . . Used time: 0s Expected left time: 0s          
 Save to RootFile /extdisk/zlin/Machine_learning/RecoPlanesFeatures/CMS_herwig_HT1000to1500-preVFP_jinitpt450_600_j2pt80_120Reco/Chunk91_Part7.root . . . Used time: 0s Expected left time: 0s          
 Save to RootFile /extdisk/zlin/Machine_learning/RecoPlanesFeatures/CMS_herwig_HT1000to1500-preVFP_jinitpt450_600_j2pt80_120Reco/Chunk91_Part7.root . . . Used time: 0s Expected left time: 0s          
 Analyzing entries 41530 - 41575, now 41530 , sum entries = 45240 . . . Used time: 0s Expected left time: 0s          
 Analyzing entries 41530 - 41575, now 41531 , sum entries = 45240 . . . Used time: 0s Expected left time: 0s          
 Analyzing entries 41530 - 41575, now 41532 , sum entries = 45240 . . . Used time: 0s Expected left time: 0s          
 Analyzing entries 41530 - 41575, now 41533 , sum entries = 45240 . . . Used time: 0s Expected left time: 0s          
 Analyzing entries 41530 - 41575, now 41534 , sum entries = 45240 . . . Used time: 0s Expected left time: 0s          
 Analyzing entries 41530 - 41575, now 41535 , sum entries = 45240 . . . Used time: 0s Expected left time: 0s          
 Analyzing entries 41530 - 41575, now 41536 , sum entries = 45240 . . . Used time: 0s Expected left time: 0s          
 Analyzing entries 41530 - 41575, now 41537 , sum entries = 45240 . . . Used time: 0s Expected left time: 0s          
 Analyzing entries 41530 - 41575, now 41538 , sum entries = 45240 . . . Used time: 0s Expected left time: 0s          
 Analyzing entries 41530 - 41575, now 41539 , sum entries = 45240 . . . Used time: 0s Expected left time: 0s          
 Analyzing entries 41530 - 41575, now 41540 , sum entries = 45240 . . . Used time: 0s Expected left time: 0s          
 Analyzing entries 41530 - 41575, now 41541 , sum entries = 45240 . . . Used time: 0s Expected left time: 0s          
 Analyzing entries 41530 - 41575, now 41542 , sum entries = 45240 . . . Used time: 0s Expected left time: 0s          
 Analyzing entries 41530 - 41575, now 41543 , sum entries = 45240 . . . Used time: 0s Expected left time: 0s          
 Analyzing entries 41530 - 41575, now 41544 , sum entries = 45240 . . . Used time: 0s Expected left time: 0s          
 Analyzing entries 41530 - 41575, now 41545 , sum entries = 45240 . . . Used time: 0s Expected left time: 0s          
 Analyzing entries 41530 - 41575, now 41546 , sum entries = 45240 . . . Used time: 0s Expected left time: 0s          
 Analyzing entries 41530 - 41575, now 41547 , sum entries = 45240 . . . Used time: 0s Expected left time: 0s          
 Analyzing entries 41530 - 41575, now 41548 , sum entries = 45240 . . . Used time: 0s Expected left time: 0s          
 Analyzing entries 41530 - 41575, now 41549 , sum entries = 45240 . . . Used time: 0s Expected left time: 0s          
 Analyzing entries 41530 - 41575, now 41550 , sum entries = 45240 . . . Used time: 0s Expected left time: 0s          
 Analyzing entries 41530 - 41575, now 41551 , sum entries = 45240 . . . Used time: 0s Expected left time: 0s          
 Analyzing entries 41530 - 41575, now 41552 , sum entries = 45240 . . . Used time: 0s Expected left time: 0s          
 Analyzing entries 41530 - 41575, now 41553 , sum entries = 45240 . . . Used time: 0s Expected left time: 0s          
 Analyzing entries 41530 - 41575, now 41554 , sum entries = 45240 . . . Used time: 0s Expected left time: 0s          
 Analyzing entries 41530 - 41575, now 41555 , sum entries = 45240 . . . Used time: 0s Expected left time: 0s          
 Analyzing entries 41530 - 41575, now 41556 , sum entries = 45240 . . . Used time: 0s Expected left time: 0s          
 Analyzing entries 41530 - 41575, now 41557 , sum entries = 45240 . . . Used time: 0s Expected left time: 0s          
 Analyzing entries 41530 - 41575, now 41558 , sum entries = 45240 . . . Used time: 0s Expected left time: 0s          
 Analyzing entries 41530 - 41575, now 41559 , sum entries = 45240 . . . Used time: 0s Expected left time: 0s          
 Analyzing entries 41530 - 41575, now 41560 , sum entries = 45240 . . . Used time: 0s Expected left time: 0s          
 Analyzing entries 41530 - 41575, now 41561 , sum entries = 45240 . . . Used time: 0s Expected left time: 0s          
 Analyzing entries 41530 - 41575, now 41562 , sum entries = 45240 . . . Used time: 0s Expected left time: 0s          
 Analyzing entries 41530 - 41575, now 41563 , sum entries = 45240 . . . Used time: 0s Expected left time: 0s          
 Analyzing entries 41530 - 41575, now 41564 , sum entries = 45240 . . . Used time: 0s Expected left time: 0s          
 Analyzing entries 41530 - 41575, now 41565 , sum entries = 45240 . . . Used time: 0s Expected left time: 0s          
 Analyzing entries 41530 - 41575, now 41566 , sum entries = 45240 . . . Used time: 0s Expected left time: 0s          
 Analyzing entries 41530 - 41575, now 41567 , sum entries = 45240 . . . Used time: 0s Expected left time: 0s          
 Analyzing entries 41530 - 41575, now 41568 , sum entries = 45240 . . . Used time: 0s Expected left time: 0s          
 Analyzing entries 41530 - 41575, now 41569 , sum entries = 45240 . . . Used time: 0s Expected left time: 0s          
 Analyzing entries 41530 - 41575, now 41570 , sum entries = 45240 . . . Used time: 0s Expected left time: 0s          
 Analyzing entries 41530 - 41575, now 41571 , sum entries = 45240 . . . Used time: 0s Expected left time: 0s          
 Analyzing entries 41530 - 41575, now 41572 , sum entries = 45240 . . . Used time: 0s Expected left time: 0s          
 Analyzing entries 41530 - 41575, now 41573 , sum entries = 45240 . . . Used time: 0s Expected left time: 0s          
 Analyzing entries 41530 - 41575, now 41574 , sum entries = 45240 . . . Used time: 0s Expected left time: 0s          
 Save to RootFile /extdisk/zlin/Machine_learning/RecoPlanesFeatures/CMS_herwig_HT1000to1500-preVFP_jinitpt450_600_j2pt80_120Reco/Chunk91_Part8.root . . . Used time: 0s Expected left time: 0s          
 Save to RootFile /extdisk/zlin/Machine_learning/RecoPlanesFeatures/CMS_herwig_HT1000to1500-preVFP_jinitpt450_600_j2pt80_120Reco/Chunk91_Part8.root . . . Used time: 0s Expected left time: 0s          
 Save to RootFile /extdisk/zlin/Machine_learning/RecoPlanesFeatures/CMS_herwig_HT1000to1500-preVFP_jinitpt450_600_j2pt80_120Reco/Chunk91_Part8.root . . . Used time: 0s Expected left time: 0s          
 Save to RootFile /extdisk/zlin/Machine_learning/RecoPlanesFeatures/CMS_herwig_HT1000to1500-preVFP_jinitpt450_600_j2pt80_120Reco/Chunk91_Part8.root . . . Used time: 0s Expected left time: 0s          
 Save to RootFile /extdisk/zlin/Machine_learning/RecoPlanesFeatures/CMS_herwig_HT1000to1500-preVFP_jinitpt450_600_j2pt80_120Reco/Chunk91_Part8.root . . . Used time: 0s Expected left time: 0s          
 Save to RootFile /extdisk/zlin/Machine_learning/RecoPlanesFeatures/CMS_herwig_HT1000to1500-preVFP_jinitpt450_600_j2pt80_120Reco/Chunk91_Part8.root . . . Used time: 0s Expected left time: 0s          
 Save to RootFile /extdisk/zlin/Machine_learning/RecoPlanesFeatures/CMS_herwig_HT1000to1500-preVFP_jinitpt450_600_j2pt80_120Reco/Chunk91_Part8.root . . . Used time: 0s Expected left time: 0s          
 Save to RootFile /extdisk/zlin/Machine_learning/RecoPlanesFeatures/CMS_herwig_HT1000to1500-preVFP_jinitpt450_600_j2pt80_120Reco/Chunk91_Part8.root . . . Used time: 0s Expected left time: 0s          
 Analyzing entries 41575 - 41620, now 41575 , sum entries = 45240 . . . Used time: 0s Expected left time: 0s          
 Analyzing entries 41575 - 41620, now 41576 , sum entries = 45240 . . . Used time: 0s Expected left time: 0s          
 Analyzing entries 41575 - 41620, now 41577 , sum entries = 45240 . . . Used time: 0s Expected left time: 0s          
 Analyzing entries 41575 - 41620, now 41578 , sum entries = 45240 . . . Used time: 0s Expected left time: 0s          
 Analyzing entries 41575 - 41620, now 41579 , sum entries = 45240 . . . Used time: 0s Expected left time: 0s          
 Analyzing entries 41575 - 41620, now 41580 , sum entries = 45240 . . . Used time: 0s Expected left time: 0s          
 Analyzing entries 41575 - 41620, now 41581 , sum entries = 45240 . . . Used time: 0s Expected left time: 0s          
 Analyzing entries 41575 - 41620, now 41582 , sum entries = 45240 . . . Used time: 0s Expected left time: 0s          
 Analyzing entries 41575 - 41620, now 41583 , sum entries = 45240 . . . Used time: 0s Expected left time: 0s          
 Analyzing entries 41575 - 41620, now 41584 , sum entries = 45240 . . . Used time: 0s Expected left time: 0s          
 Analyzing entries 41575 - 41620, now 41585 , sum entries = 45240 . . . Used time: 0s Expected left time: 0s          
 Analyzing entries 41575 - 41620, now 41586 , sum entries = 45240 . . . Used time: 0s Expected left time: 0s          
 Analyzing entries 41575 - 41620, now 41587 , sum entries = 45240 . . . Used time: 0s Expected left time: 0s          
 Analyzing entries 41575 - 41620, now 41588 , sum entries = 45240 . . . Used time: 0s Expected left time: 0s          
 Analyzing entries 41575 - 41620, now 41589 , sum entries = 45240 . . . Used time: 0s Expected left time: 0s          
 Analyzing entries 41575 - 41620, now 41590 , sum entries = 45240 . . . Used time: 0s Expected left time: 0s          
 Analyzing entries 41575 - 41620, now 41591 , sum entries = 45240 . . . Used time: 0s Expected left time: 0s          
 Analyzing entries 41575 - 41620, now 41592 , sum entries = 45240 . . . Used time: 0s Expected left time: 0s          
 Analyzing entries 41575 - 41620, now 41593 , sum entries = 45240 . . . Used time: 0s Expected left time: 0s          
 Analyzing entries 41575 - 41620, now 41594 , sum entries = 45240 . . . Used time: 0s Expected left time: 0s          
 Analyzing entries 41575 - 41620, now 41595 , sum entries = 45240 . . . Used time: 0s Expected left time: 0s          
 Analyzing entries 41575 - 41620, now 41596 , sum entries = 45240 . . . Used time: 0s Expected left time: 0s          
 Analyzing entries 41575 - 41620, now 41597 , sum entries = 45240 . . . Used time: 0s Expected left time: 0s          
 Analyzing entries 41575 - 41620, now 41598 , sum entries = 45240 . . . Used time: 0s Expected left time: 0s          
 Analyzing entries 41575 - 41620, now 41599 , sum entries = 45240 . . . Used time: 0s Expected left time: 0s          
 Analyzing entries 41575 - 41620, now 41600 , sum entries = 45240 . . . Used time: 0s Expected left time: 0s          
 Analyzing entries 41575 - 41620, now 41601 , sum entries = 45240 . . . Used time: 0s Expected left time: 0s          
 Analyzing entries 41575 - 41620, now 41602 , sum entries = 45240 . . . Used time: 0s Expected left time: 0s          
 Analyzing entries 41575 - 41620, now 41603 , sum entries = 45240 . . . Used time: 0s Expected left time: 0s          
 Analyzing entries 41575 - 41620, now 41604 , sum entries = 45240 . . . Used time: 0s Expected left time: 0s          
 Analyzing entries 41575 - 41620, now 41605 , sum entries = 45240 . . . Used time: 0s Expected left time: 0s          
 Analyzing entries 41575 - 41620, now 41606 , sum entries = 45240 . . . Used time: 0s Expected left time: 0s          
 Analyzing entries 41575 - 41620, now 41607 , sum entries = 45240 . . . Used time: 0s Expected left time: 0s          
 Analyzing entries 41575 - 41620, now 41608 , sum entries = 45240 . . . Used time: 0s Expected left time: 0s          
 Analyzing entries 41575 - 41620, now 41609 , sum entries = 45240 . . . Used time: 0s Expected left time: 0s          
 Analyzing entries 41575 - 41620, now 41610 , sum entries = 45240 . . . Used time: 0s Expected left time: 0s          
 Analyzing entries 41575 - 41620, now 41611 , sum entries = 45240 . . . Used time: 0s Expected left time: 0s          
 Analyzing entries 41575 - 41620, now 41612 , sum entries = 45240 . . . Used time: 0s Expected left time: 0s          
 Analyzing entries 41575 - 41620, now 41613 , sum entries = 45240 . . . Used time: 0s Expected left time: 0s          
 Analyzing entries 41575 - 41620, now 41614 , sum entries = 45240 . . . Used time: 0s Expected left time: 0s          
 Analyzing entries 41575 - 41620, now 41615 , sum entries = 45240 . . . Used time: 0s Expected left time: 0s          
 Analyzing entries 41575 - 41620, now 41616 , sum entries = 45240 . . . Used time: 0s Expected left time: 0s          
 Analyzing entries 41575 - 41620, now 41617 , sum entries = 45240 . . . Used time: 0s Expected left time: 0s          
 Analyzing entries 41575 - 41620, now 41618 , sum entries = 45240 . . . Used time: 0s Expected left time: 0s          
 Analyzing entries 41575 - 41620, now 41619 , sum entries = 45240 . . . Used time: 0s Expected left time: 0s          
 Save to RootFile /extdisk/zlin/Machine_learning/RecoPlanesFeatures/CMS_herwig_HT1000to1500-preVFP_jinitpt450_600_j2pt80_120Reco/Chunk91_Part9.root . . . Used time: 0s Expected left time: 0s          
 Save to RootFile /extdisk/zlin/Machine_learning/RecoPlanesFeatures/CMS_herwig_HT1000to1500-preVFP_jinitpt450_600_j2pt80_120Reco/Chunk91_Part9.root . . . Used time: 0s Expected left time: 0s          
