Warning in <TFile::Init>: file /extdisk/zlin/Machine_learning/RecoPlanes/CMS_herwig_HT1000to1500-preVFP/Chunk25_Part0.root probably not closed, trying to recover
Warning in <TFile::Init>: no keys recovered, file has been made a Zombie
Warning in <TFile::Init>: file /extdisk/zlin/Machine_learning/RecoPlanes/CMS_herwig_HT1000to1500-preVFP/Chunk26_Part0.root probably not closed, trying to recover
Warning in <TFile::Init>: no keys recovered, file has been made a Zombie
Warning in <TFile::Init>: file /extdisk/zlin/Machine_learning/RecoPlanes/CMS_herwig_HT1000to1500-preVFP/Chunk38_Part0.root probably not closed, trying to recover
Warning in <TFile::Init>: no keys recovered, file has been made a Zombie
Warning in <TFile::Init>: file /extdisk/zlin/Machine_learning/RecoPlanes/CMS_herwig_HT1000to1500-preVFP/Chunk39_Part0.root probably not closed, trying to recover
Warning in <TFile::Init>: no keys recovered, file has been made a Zombie
Warning in <TFile::Init>: file /extdisk/zlin/Machine_learning/RecoPlanes/CMS_herwig_HT1000to1500-preVFP/Chunk89_Part0.root probably not closed, trying to recover
Warning in <TFile::Init>: no keys recovered, file has been made a Zombie
 Analyzing entries 21858 - 21890, now 21858 , sum entries = 32625 . . . Used time: 0s Expected left time: 0s          
 Analyzing entries 21858 - 21890, now 21859 , sum entries = 32625 . . . Used time: 0s Expected left time: 0s          
 Analyzing entries 21858 - 21890, now 21860 , sum entries = 32625 . . . Used time: 0s Expected left time: 0s          
 Analyzing entries 21858 - 21890, now 21861 , sum entries = 32625 . . . Used time: 0s Expected left time: 0s          
 Analyzing entries 21858 - 21890, now 21862 , sum entries = 32625 . . . Used time: 0s Expected left time: 0s          
 Analyzing entries 21858 - 21890, now 21863 , sum entries = 32625 . . . Used time: 0s Expected left time: 0s          
 Analyzing entries 21858 - 21890, now 21864 , sum entries = 32625 . . . Used time: 0s Expected left time: 0s          
 Analyzing entries 21858 - 21890, now 21865 , sum entries = 32625 . . . Used time: 0s Expected left time: 0s          
 Analyzing entries 21858 - 21890, now 21866 , sum entries = 32625 . . . Used time: 0s Expected left time: 0s          
 Analyzing entries 21858 - 21890, now 21867 , sum entries = 32625 . . . Used time: 0s Expected left time: 0s          
 Analyzing entries 21858 - 21890, now 21868 , sum entries = 32625 . . . Used time: 0s Expected left time: 0s          
 Analyzing entries 21858 - 21890, now 21869 , sum entries = 32625 . . . Used time: 0s Expected left time: 0s          
 Analyzing entries 21858 - 21890, now 21870 , sum entries = 32625 . . . Used time: 0s Expected left time: 0s          
 Analyzing entries 21858 - 21890, now 21871 , sum entries = 32625 . . . Used time: 0s Expected left time: 0s          
 Analyzing entries 21858 - 21890, now 21872 , sum entries = 32625 . . . Used time: 0s Expected left time: 0s          
 Analyzing entries 21858 - 21890, now 21873 , sum entries = 32625 . . . Used time: 0s Expected left time: 0s          
 Analyzing entries 21858 - 21890, now 21874 , sum entries = 32625 . . . Used time: 0s Expected left time: 0s          
 Analyzing entries 21858 - 21890, now 21875 , sum entries = 32625 . . . Used time: 0s Expected left time: 0s          
 Analyzing entries 21858 - 21890, now 21876 , sum entries = 32625 . . . Used time: 0s Expected left time: 0s          
 Analyzing entries 21858 - 21890, now 21877 , sum entries = 32625 . . . Used time: 0s Expected left time: 0s          
 Analyzing entries 21858 - 21890, now 21878 , sum entries = 32625 . . . Used time: 0s Expected left time: 0s          
 Analyzing entries 21858 - 21890, now 21879 , sum entries = 32625 . . . Used time: 0s Expected left time: 0s          
 Analyzing entries 21858 - 21890, now 21880 , sum entries = 32625 . . . Used time: 0s Expected left time: 0s          
 Analyzing entries 21858 - 21890, now 21881 , sum entries = 32625 . . . Used time: 0s Expected left time: 0s          
 Analyzing entries 21858 - 21890, now 21882 , sum entries = 32625 . . . Used time: 0s Expected left time: 0s          
 Analyzing entries 21858 - 21890, now 21883 , sum entries = 32625 . . . Used time: 0s Expected left time: 0s          
 Analyzing entries 21858 - 21890, now 21884 , sum entries = 32625 . . . Used time: 0s Expected left time: 0s          
 Analyzing entries 21858 - 21890, now 21885 , sum entries = 32625 . . . Used time: 0s Expected left time: 0s          
 Analyzing entries 21858 - 21890, now 21886 , sum entries = 32625 . . . Used time: 0s Expected left time: 0s          
 Analyzing entries 21858 - 21890, now 21887 , sum entries = 32625 . . . Used time: 0s Expected left time: 0s          
 Analyzing entries 21858 - 21890, now 21888 , sum entries = 32625 . . . Used time: 0s Expected left time: 0s          
 Analyzing entries 21858 - 21890, now 21889 , sum entries = 32625 . . . Used time: 0s Expected left time: 0s          
 Save to RootFile /extdisk/zlin/Machine_learning/RecoPlanesFeatures/CMS_herwig_HT1000to1500-preVFP_jinitpt450_600_j2pt80_120Reco/Chunk67_Part0.root . . . Used time: 0s Expected left time: 0s          
 Save to RootFile /extdisk/zlin/Machine_learning/RecoPlanesFeatures/CMS_herwig_HT1000to1500-preVFP_jinitpt450_600_j2pt80_120Reco/Chunk67_Part0.root . . . Used time: 0s Expected left time: 0s          
 Save to RootFile /extdisk/zlin/Machine_learning/RecoPlanesFeatures/CMS_herwig_HT1000to1500-preVFP_jinitpt450_600_j2pt80_120Reco/Chunk67_Part0.root . . . Used time: 0s Expected left time: 0s          
 Save to RootFile /extdisk/zlin/Machine_learning/RecoPlanesFeatures/CMS_herwig_HT1000to1500-preVFP_jinitpt450_600_j2pt80_120Reco/Chunk67_Part0.root . . . Used time: 0s Expected left time: 0s          
 Save to RootFile /extdisk/zlin/Machine_learning/RecoPlanesFeatures/CMS_herwig_HT1000to1500-preVFP_jinitpt450_600_j2pt80_120Reco/Chunk67_Part0.root . . . Used time: 0s Expected left time: 0s          
 Analyzing entries 21891 - 21923, now 21891 , sum entries = 32625 . . . Used time: 0s Expected left time: 0s          
 Analyzing entries 21891 - 21923, now 21892 , sum entries = 32625 . . . Used time: 0s Expected left time: 0s          
 Analyzing entries 21891 - 21923, now 21893 , sum entries = 32625 . . . Used time: 0s Expected left time: 0s          
 Analyzing entries 21891 - 21923, now 21894 , sum entries = 32625 . . . Used time: 0s Expected left time: 0s          
 Analyzing entries 21891 - 21923, now 21895 , sum entries = 32625 . . . Used time: 0s Expected left time: 0s          
 Analyzing entries 21891 - 21923, now 21896 , sum entries = 32625 . . . Used time: 0s Expected left time: 0s          
 Analyzing entries 21891 - 21923, now 21897 , sum entries = 32625 . . . Used time: 0s Expected left time: 0s          
 Analyzing entries 21891 - 21923, now 21898 , sum entries = 32625 . . . Used time: 0s Expected left time: 0s          
 Analyzing entries 21891 - 21923, now 21899 , sum entries = 32625 . . . Used time: 0s Expected left time: 0s          
 Analyzing entries 21891 - 21923, now 21900 , sum entries = 32625 . . . Used time: 0s Expected left time: 0s          
 Analyzing entries 21891 - 21923, now 21901 , sum entries = 32625 . . . Used time: 0s Expected left time: 0s          
 Analyzing entries 21891 - 21923, now 21902 , sum entries = 32625 . . . Used time: 0s Expected left time: 0s          
 Analyzing entries 21891 - 21923, now 21903 , sum entries = 32625 . . . Used time: 0s Expected left time: 0s          
 Analyzing entries 21891 - 21923, now 21904 , sum entries = 32625 . . . Used time: 0s Expected left time: 0s          
 Analyzing entries 21891 - 21923, now 21905 , sum entries = 32625 . . . Used time: 0s Expected left time: 0s          
 Analyzing entries 21891 - 21923, now 21906 , sum entries = 32625 . . . Used time: 0s Expected left time: 0s          
 Analyzing entries 21891 - 21923, now 21907 , sum entries = 32625 . . . Used time: 0s Expected left time: 0s          
 Analyzing entries 21891 - 21923, now 21908 , sum entries = 32625 . . . Used time: 0s Expected left time: 0s          
 Analyzing entries 21891 - 21923, now 21909 , sum entries = 32625 . . . Used time: 0s Expected left time: 0s          
 Analyzing entries 21891 - 21923, now 21910 , sum entries = 32625 . . . Used time: 0s Expected left time: 0s          
 Analyzing entries 21891 - 21923, now 21911 , sum entries = 32625 . . . Used time: 0s Expected left time: 0s          
 Analyzing entries 21891 - 21923, now 21912 , sum entries = 32625 . . . Used time: 0s Expected left time: 0s          
 Analyzing entries 21891 - 21923, now 21913 , sum entries = 32625 . . . Used time: 0s Expected left time: 0s          
 Analyzing entries 21891 - 21923, now 21914 , sum entries = 32625 . . . Used time: 0s Expected left time: 0s          
 Analyzing entries 21891 - 21923, now 21915 , sum entries = 32625 . . . Used time: 0s Expected left time: 0s          
 Analyzing entries 21891 - 21923, now 21916 , sum entries = 32625 . . . Used time: 0s Expected left time: 0s          
 Analyzing entries 21891 - 21923, now 21917 , sum entries = 32625 . . . Used time: 0s Expected left time: 0s          
 Analyzing entries 21891 - 21923, now 21918 , sum entries = 32625 . . . Used time: 0s Expected left time: 0s          
 Analyzing entries 21891 - 21923, now 21919 , sum entries = 32625 . . . Used time: 0s Expected left time: 0s          
 Analyzing entries 21891 - 21923, now 21920 , sum entries = 32625 . . . Used time: 0s Expected left time: 0s          
 Analyzing entries 21891 - 21923, now 21921 , sum entries = 32625 . . . Used time: 0s Expected left time: 0s          
 Analyzing entries 21891 - 21923, now 21922 , sum entries = 32625 . . . Used time: 0s Expected left time: 0s          
 Save to RootFile /extdisk/zlin/Machine_learning/RecoPlanesFeatures/CMS_herwig_HT1000to1500-preVFP_jinitpt450_600_j2pt80_120Reco/Chunk67_Part1.root . . . Used time: 0s Expected left time: 0s          
 Save to RootFile /extdisk/zlin/Machine_learning/RecoPlanesFeatures/CMS_herwig_HT1000to1500-preVFP_jinitpt450_600_j2pt80_120Reco/Chunk67_Part1.root . . . Used time: 0s Expected left time: 0s          
 Save to RootFile /extdisk/zlin/Machine_learning/RecoPlanesFeatures/CMS_herwig_HT1000to1500-preVFP_jinitpt450_600_j2pt80_120Reco/Chunk67_Part1.root . . . Used time: 0s Expected left time: 0s          
 Save to RootFile /extdisk/zlin/Machine_learning/RecoPlanesFeatures/CMS_herwig_HT1000to1500-preVFP_jinitpt450_600_j2pt80_120Reco/Chunk67_Part1.root . . . Used time: 0s Expected left time: 0s          
 Analyzing entries 21924 - 21956, now 21924 , sum entries = 32625 . . . Used time: 0s Expected left time: 0s          
 Analyzing entries 21924 - 21956, now 21925 , sum entries = 32625 . . . Used time: 0s Expected left time: 0s          
 Analyzing entries 21924 - 21956, now 21926 , sum entries = 32625 . . . Used time: 0s Expected left time: 0s          
 Analyzing entries 21924 - 21956, now 21927 , sum entries = 32625 . . . Used time: 0s Expected left time: 0s          
 Analyzing entries 21924 - 21956, now 21928 , sum entries = 32625 . . . Used time: 0s Expected left time: 0s          
 Analyzing entries 21924 - 21956, now 21929 , sum entries = 32625 . . . Used time: 0s Expected left time: 0s          
 Analyzing entries 21924 - 21956, now 21930 , sum entries = 32625 . . . Used time: 0s Expected left time: 0s          
 Analyzing entries 21924 - 21956, now 21931 , sum entries = 32625 . . . Used time: 0s Expected left time: 0s          
 Analyzing entries 21924 - 21956, now 21932 , sum entries = 32625 . . . Used time: 0s Expected left time: 0s          
 Analyzing entries 21924 - 21956, now 21933 , sum entries = 32625 . . . Used time: 0s Expected left time: 0s          
 Analyzing entries 21924 - 21956, now 21934 , sum entries = 32625 . . . Used time: 0s Expected left time: 0s          
 Analyzing entries 21924 - 21956, now 21935 , sum entries = 32625 . . . Used time: 0s Expected left time: 0s          
 Analyzing entries 21924 - 21956, now 21936 , sum entries = 32625 . . . Used time: 0s Expected left time: 0s          
 Analyzing entries 21924 - 21956, now 21937 , sum entries = 32625 . . . Used time: 0s Expected left time: 0s          
 Analyzing entries 21924 - 21956, now 21938 , sum entries = 32625 . . . Used time: 0s Expected left time: 0s          
 Analyzing entries 21924 - 21956, now 21939 , sum entries = 32625 . . . Used time: 0s Expected left time: 0s          
 Analyzing entries 21924 - 21956, now 21940 , sum entries = 32625 . . . Used time: 0s Expected left time: 0s          
 Analyzing entries 21924 - 21956, now 21941 , sum entries = 32625 . . . Used time: 0s Expected left time: 0s          
 Analyzing entries 21924 - 21956, now 21942 , sum entries = 32625 . . . Used time: 0s Expected left time: 0s          
 Analyzing entries 21924 - 21956, now 21943 , sum entries = 32625 . . . Used time: 0s Expected left time: 0s          
 Analyzing entries 21924 - 21956, now 21944 , sum entries = 32625 . . . Used time: 0s Expected left time: 0s          
 Analyzing entries 21924 - 21956, now 21945 , sum entries = 32625 . . . Used time: 0s Expected left time: 0s          
 Analyzing entries 21924 - 21956, now 21946 , sum entries = 32625 . . . Used time: 0s Expected left time: 0s          
 Analyzing entries 21924 - 21956, now 21947 , sum entries = 32625 . . . Used time: 0s Expected left time: 0s          
 Analyzing entries 21924 - 21956, now 21948 , sum entries = 32625 . . . Used time: 0s Expected left time: 0s          
 Analyzing entries 21924 - 21956, now 21949 , sum entries = 32625 . . . Used time: 0s Expected left time: 0s          
 Analyzing entries 21924 - 21956, now 21950 , sum entries = 32625 . . . Used time: 0s Expected left time: 0s          
 Analyzing entries 21924 - 21956, now 21951 , sum entries = 32625 . . . Used time: 0s Expected left time: 0s          
 Analyzing entries 21924 - 21956, now 21952 , sum entries = 32625 . . . Used time: 0s Expected left time: 0s          
 Analyzing entries 21924 - 21956, now 21953 , sum entries = 32625 . . . Used time: 0s Expected left time: 0s          
 Analyzing entries 21924 - 21956, now 21954 , sum entries = 32625 . . . Used time: 0s Expected left time: 0s          
 Analyzing entries 21924 - 21956, now 21955 , sum entries = 32625 . . . Used time: 0s Expected left time: 0s          
 Save to RootFile /extdisk/zlin/Machine_learning/RecoPlanesFeatures/CMS_herwig_HT1000to1500-preVFP_jinitpt450_600_j2pt80_120Reco/Chunk67_Part2.root . . . Used time: 0s Expected left time: 0s          
 Save to RootFile /extdisk/zlin/Machine_learning/RecoPlanesFeatures/CMS_herwig_HT1000to1500-preVFP_jinitpt450_600_j2pt80_120Reco/Chunk67_Part2.root . . . Used time: 0s Expected left time: 0s          
 Save to RootFile /extdisk/zlin/Machine_learning/RecoPlanesFeatures/CMS_herwig_HT1000to1500-preVFP_jinitpt450_600_j2pt80_120Reco/Chunk67_Part2.root . . . Used time: 0s Expected left time: 0s          
 Analyzing entries 21956 - 21988, now 21956 , sum entries = 32625 . . . Used time: 0s Expected left time: 0s          
 Analyzing entries 21956 - 21988, now 21957 , sum entries = 32625 . . . Used time: 0s Expected left time: 0s          
 Analyzing entries 21956 - 21988, now 21958 , sum entries = 32625 . . . Used time: 0s Expected left time: 0s          
 Analyzing entries 21956 - 21988, now 21959 , sum entries = 32625 . . . Used time: 0s Expected left time: 0s          
 Analyzing entries 21956 - 21988, now 21960 , sum entries = 32625 . . . Used time: 0s Expected left time: 0s          
 Analyzing entries 21956 - 21988, now 21961 , sum entries = 32625 . . . Used time: 0s Expected left time: 0s          
 Analyzing entries 21956 - 21988, now 21962 , sum entries = 32625 . . . Used time: 0s Expected left time: 0s          
 Analyzing entries 21956 - 21988, now 21963 , sum entries = 32625 . . . Used time: 0s Expected left time: 0s          
 Analyzing entries 21956 - 21988, now 21964 , sum entries = 32625 . . . Used time: 0s Expected left time: 0s          
 Analyzing entries 21956 - 21988, now 21965 , sum entries = 32625 . . . Used time: 0s Expected left time: 0s          
 Analyzing entries 21956 - 21988, now 21966 , sum entries = 32625 . . . Used time: 0s Expected left time: 0s          
 Analyzing entries 21956 - 21988, now 21967 , sum entries = 32625 . . . Used time: 0s Expected left time: 0s          
 Analyzing entries 21956 - 21988, now 21968 , sum entries = 32625 . . . Used time: 0s Expected left time: 0s          
 Analyzing entries 21956 - 21988, now 21969 , sum entries = 32625 . . . Used time: 0s Expected left time: 0s          
 Analyzing entries 21956 - 21988, now 21970 , sum entries = 32625 . . . Used time: 0s Expected left time: 0s          
 Analyzing entries 21956 - 21988, now 21971 , sum entries = 32625 . . . Used time: 0s Expected left time: 0s          
 Analyzing entries 21956 - 21988, now 21972 , sum entries = 32625 . . . Used time: 0s Expected left time: 0s          
 Analyzing entries 21956 - 21988, now 21973 , sum entries = 32625 . . . Used time: 0s Expected left time: 0s          
 Analyzing entries 21956 - 21988, now 21974 , sum entries = 32625 . . . Used time: 0s Expected left time: 0s          
 Analyzing entries 21956 - 21988, now 21975 , sum entries = 32625 . . . Used time: 0s Expected left time: 0s          
 Analyzing entries 21956 - 21988, now 21976 , sum entries = 32625 . . . Used time: 0s Expected left time: 0s          
 Analyzing entries 21956 - 21988, now 21977 , sum entries = 32625 . . . Used time: 0s Expected left time: 0s          
 Analyzing entries 21956 - 21988, now 21978 , sum entries = 32625 . . . Used time: 0s Expected left time: 0s          
 Analyzing entries 21956 - 21988, now 21979 , sum entries = 32625 . . . Used time: 0s Expected left time: 0s          
 Analyzing entries 21956 - 21988, now 21980 , sum entries = 32625 . . . Used time: 0s Expected left time: 0s          
 Analyzing entries 21956 - 21988, now 21981 , sum entries = 32625 . . . Used time: 0s Expected left time: 0s          
 Analyzing entries 21956 - 21988, now 21982 , sum entries = 32625 . . . Used time: 0s Expected left time: 0s          
 Analyzing entries 21956 - 21988, now 21983 , sum entries = 32625 . . . Used time: 0s Expected left time: 0s          
 Analyzing entries 21956 - 21988, now 21984 , sum entries = 32625 . . . Used time: 0s Expected left time: 0s          
 Analyzing entries 21956 - 21988, now 21985 , sum entries = 32625 . . . Used time: 0s Expected left time: 0s          
 Analyzing entries 21956 - 21988, now 21986 , sum entries = 32625 . . . Used time: 0s Expected left time: 0s          
 Analyzing entries 21956 - 21988, now 21987 , sum entries = 32625 . . . Used time: 0s Expected left time: 0s          
 Save to RootFile /extdisk/zlin/Machine_learning/RecoPlanesFeatures/CMS_herwig_HT1000to1500-preVFP_jinitpt450_600_j2pt80_120Reco/Chunk67_Part3.root . . . Used time: 0s Expected left time: 0s          
 Save to RootFile /extdisk/zlin/Machine_learning/RecoPlanesFeatures/CMS_herwig_HT1000to1500-preVFP_jinitpt450_600_j2pt80_120Reco/Chunk67_Part3.root . . . Used time: 0s Expected left time: 0s          
 Save to RootFile /extdisk/zlin/Machine_learning/RecoPlanesFeatures/CMS_herwig_HT1000to1500-preVFP_jinitpt450_600_j2pt80_120Reco/Chunk67_Part3.root . . . Used time: 0s Expected left time: 0s          
 Save to RootFile /extdisk/zlin/Machine_learning/RecoPlanesFeatures/CMS_herwig_HT1000to1500-preVFP_jinitpt450_600_j2pt80_120Reco/Chunk67_Part3.root . . . Used time: 0s Expected left time: 0s          
 Analyzing entries 21989 - 22021, now 21989 , sum entries = 32625 . . . Used time: 0s Expected left time: 0s          
 Analyzing entries 21989 - 22021, now 21990 , sum entries = 32625 . . . Used time: 0s Expected left time: 0s          
 Analyzing entries 21989 - 22021, now 21991 , sum entries = 32625 . . . Used time: 0s Expected left time: 0s          
 Analyzing entries 21989 - 22021, now 21992 , sum entries = 32625 . . . Used time: 0s Expected left time: 0s          
 Analyzing entries 21989 - 22021, now 21993 , sum entries = 32625 . . . Used time: 0s Expected left time: 0s          
 Analyzing entries 21989 - 22021, now 21994 , sum entries = 32625 . . . Used time: 0s Expected left time: 0s          
 Analyzing entries 21989 - 22021, now 21995 , sum entries = 32625 . . . Used time: 0s Expected left time: 0s          
 Analyzing entries 21989 - 22021, now 21996 , sum entries = 32625 . . . Used time: 0s Expected left time: 0s          
 Analyzing entries 21989 - 22021, now 21997 , sum entries = 32625 . . . Used time: 0s Expected left time: 0s          
 Analyzing entries 21989 - 22021, now 21998 , sum entries = 32625 . . . Used time: 0s Expected left time: 0s          
 Analyzing entries 21989 - 22021, now 21999 , sum entries = 32625 . . . Used time: 0s Expected left time: 0s          
 Analyzing entries 21989 - 22021, now 22000 , sum entries = 32625 . . . Used time: 0s Expected left time: 0s          
 Analyzing entries 21989 - 22021, now 22001 , sum entries = 32625 . . . Used time: 0s Expected left time: 0s          
 Analyzing entries 21989 - 22021, now 22002 , sum entries = 32625 . . . Used time: 0s Expected left time: 0s          
 Analyzing entries 21989 - 22021, now 22003 , sum entries = 32625 . . . Used time: 0s Expected left time: 0s          
 Analyzing entries 21989 - 22021, now 22004 , sum entries = 32625 . . . Used time: 0s Expected left time: 0s          
 Analyzing entries 21989 - 22021, now 22005 , sum entries = 32625 . . . Used time: 0s Expected left time: 0s          
 Analyzing entries 21989 - 22021, now 22006 , sum entries = 32625 . . . Used time: 0s Expected left time: 0s          
 Analyzing entries 21989 - 22021, now 22007 , sum entries = 32625 . . . Used time: 0s Expected left time: 0s          
 Analyzing entries 21989 - 22021, now 22008 , sum entries = 32625 . . . Used time: 0s Expected left time: 0s          
 Analyzing entries 21989 - 22021, now 22009 , sum entries = 32625 . . . Used time: 0s Expected left time: 0s          
 Analyzing entries 21989 - 22021, now 22010 , sum entries = 32625 . . . Used time: 0s Expected left time: 0s          
 Analyzing entries 21989 - 22021, now 22011 , sum entries = 32625 . . . Used time: 0s Expected left time: 0s          
 Analyzing entries 21989 - 22021, now 22012 , sum entries = 32625 . . . Used time: 0s Expected left time: 0s          
 Analyzing entries 21989 - 22021, now 22013 , sum entries = 32625 . . . Used time: 0s Expected left time: 0s          
 Analyzing entries 21989 - 22021, now 22014 , sum entries = 32625 . . . Used time: 0s Expected left time: 0s          
 Analyzing entries 21989 - 22021, now 22015 , sum entries = 32625 . . . Used time: 0s Expected left time: 0s          
 Analyzing entries 21989 - 22021, now 22016 , sum entries = 32625 . . . Used time: 0s Expected left time: 0s          
 Analyzing entries 21989 - 22021, now 22017 , sum entries = 32625 . . . Used time: 0s Expected left time: 0s          
 Analyzing entries 21989 - 22021, now 22018 , sum entries = 32625 . . . Used time: 0s Expected left time: 0s          
 Analyzing entries 21989 - 22021, now 22019 , sum entries = 32625 . . . Used time: 0s Expected left time: 0s          
 Analyzing entries 21989 - 22021, now 22020 , sum entries = 32625 . . . Used time: 0s Expected left time: 0s          
 Save to RootFile /extdisk/zlin/Machine_learning/RecoPlanesFeatures/CMS_herwig_HT1000to1500-preVFP_jinitpt450_600_j2pt80_120Reco/Chunk67_Part4.root . . . Used time: 0s Expected left time: 0s          
 Save to RootFile /extdisk/zlin/Machine_learning/RecoPlanesFeatures/CMS_herwig_HT1000to1500-preVFP_jinitpt450_600_j2pt80_120Reco/Chunk67_Part4.root . . . Used time: 0s Expected left time: 0s          
 Save to RootFile /extdisk/zlin/Machine_learning/RecoPlanesFeatures/CMS_herwig_HT1000to1500-preVFP_jinitpt450_600_j2pt80_120Reco/Chunk67_Part4.root . . . Used time: 0s Expected left time: 0s          
 Save to RootFile /extdisk/zlin/Machine_learning/RecoPlanesFeatures/CMS_herwig_HT1000to1500-preVFP_jinitpt450_600_j2pt80_120Reco/Chunk67_Part4.root . . . Used time: 0s Expected left time: 0s          
 Analyzing entries 22021 - 22053, now 22021 , sum entries = 32625 . . . Used time: 0s Expected left time: 0s          
 Analyzing entries 22021 - 22053, now 22022 , sum entries = 32625 . . . Used time: 0s Expected left time: 0s          
 Analyzing entries 22021 - 22053, now 22023 , sum entries = 32625 . . . Used time: 0s Expected left time: 0s          
 Analyzing entries 22021 - 22053, now 22024 , sum entries = 32625 . . . Used time: 0s Expected left time: 0s          
 Analyzing entries 22021 - 22053, now 22025 , sum entries = 32625 . . . Used time: 0s Expected left time: 0s          
 Analyzing entries 22021 - 22053, now 22026 , sum entries = 32625 . . . Used time: 0s Expected left time: 0s          
 Analyzing entries 22021 - 22053, now 22027 , sum entries = 32625 . . . Used time: 0s Expected left time: 0s          
 Analyzing entries 22021 - 22053, now 22028 , sum entries = 32625 . . . Used time: 0s Expected left time: 0s          
 Analyzing entries 22021 - 22053, now 22029 , sum entries = 32625 . . . Used time: 0s Expected left time: 0s          
 Analyzing entries 22021 - 22053, now 22030 , sum entries = 32625 . . . Used time: 0s Expected left time: 0s          
 Analyzing entries 22021 - 22053, now 22031 , sum entries = 32625 . . . Used time: 0s Expected left time: 0s          
 Analyzing entries 22021 - 22053, now 22032 , sum entries = 32625 . . . Used time: 0s Expected left time: 0s          
 Analyzing entries 22021 - 22053, now 22033 , sum entries = 32625 . . . Used time: 0s Expected left time: 0s          
 Analyzing entries 22021 - 22053, now 22034 , sum entries = 32625 . . . Used time: 0s Expected left time: 0s          
 Analyzing entries 22021 - 22053, now 22035 , sum entries = 32625 . . . Used time: 0s Expected left time: 0s          
 Analyzing entries 22021 - 22053, now 22036 , sum entries = 32625 . . . Used time: 0s Expected left time: 0s          
 Analyzing entries 22021 - 22053, now 22037 , sum entries = 32625 . . . Used time: 0s Expected left time: 0s          
 Analyzing entries 22021 - 22053, now 22038 , sum entries = 32625 . . . Used time: 0s Expected left time: 0s          
 Analyzing entries 22021 - 22053, now 22039 , sum entries = 32625 . . . Used time: 0s Expected left time: 0s          
 Analyzing entries 22021 - 22053, now 22040 , sum entries = 32625 . . . Used time: 0s Expected left time: 0s          
 Analyzing entries 22021 - 22053, now 22041 , sum entries = 32625 . . . Used time: 0s Expected left time: 0s          
 Analyzing entries 22021 - 22053, now 22042 , sum entries = 32625 . . . Used time: 0s Expected left time: 0s          
 Analyzing entries 22021 - 22053, now 22043 , sum entries = 32625 . . . Used time: 0s Expected left time: 0s          
 Analyzing entries 22021 - 22053, now 22044 , sum entries = 32625 . . . Used time: 0s Expected left time: 0s          
 Analyzing entries 22021 - 22053, now 22045 , sum entries = 32625 . . . Used time: 0s Expected left time: 0s          
 Analyzing entries 22021 - 22053, now 22046 , sum entries = 32625 . . . Used time: 0s Expected left time: 0s          
 Analyzing entries 22021 - 22053, now 22047 , sum entries = 32625 . . . Used time: 0s Expected left time: 0s          
 Analyzing entries 22021 - 22053, now 22048 , sum entries = 32625 . . . Used time: 0s Expected left time: 0s          
 Analyzing entries 22021 - 22053, now 22049 , sum entries = 32625 . . . Used time: 0s Expected left time: 0s          
 Analyzing entries 22021 - 22053, now 22050 , sum entries = 32625 . . . Used time: 0s Expected left time: 0s          
 Analyzing entries 22021 - 22053, now 22051 , sum entries = 32625 . . . Used time: 0s Expected left time: 0s          
 Analyzing entries 22021 - 22053, now 22052 , sum entries = 32625 . . . Used time: 0s Expected left time: 0s          
 Save to RootFile /extdisk/zlin/Machine_learning/RecoPlanesFeatures/CMS_herwig_HT1000to1500-preVFP_jinitpt450_600_j2pt80_120Reco/Chunk67_Part5.root . . . Used time: 0s Expected left time: 0s          
 Save to RootFile /extdisk/zlin/Machine_learning/RecoPlanesFeatures/CMS_herwig_HT1000to1500-preVFP_jinitpt450_600_j2pt80_120Reco/Chunk67_Part5.root . . . Used time: 0s Expected left time: 0s          
 Save to RootFile /extdisk/zlin/Machine_learning/RecoPlanesFeatures/CMS_herwig_HT1000to1500-preVFP_jinitpt450_600_j2pt80_120Reco/Chunk67_Part5.root . . . Used time: 0s Expected left time: 0s          
 Save to RootFile /extdisk/zlin/Machine_learning/RecoPlanesFeatures/CMS_herwig_HT1000to1500-preVFP_jinitpt450_600_j2pt80_120Reco/Chunk67_Part5.root . . . Used time: 0s Expected left time: 0s          
 Save to RootFile /extdisk/zlin/Machine_learning/RecoPlanesFeatures/CMS_herwig_HT1000to1500-preVFP_jinitpt450_600_j2pt80_120Reco/Chunk67_Part5.root . . . Used time: 0s Expected left time: 0s          
 Save to RootFile /extdisk/zlin/Machine_learning/RecoPlanesFeatures/CMS_herwig_HT1000to1500-preVFP_jinitpt450_600_j2pt80_120Reco/Chunk67_Part5.root . . . Used time: 0s Expected left time: 0s          
 Analyzing entries 22054 - 22086, now 22054 , sum entries = 32625 . . . Used time: 0s Expected left time: 0s          
 Analyzing entries 22054 - 22086, now 22055 , sum entries = 32625 . . . Used time: 0s Expected left time: 0s          
 Analyzing entries 22054 - 22086, now 22056 , sum entries = 32625 . . . Used time: 0s Expected left time: 0s          
 Analyzing entries 22054 - 22086, now 22057 , sum entries = 32625 . . . Used time: 0s Expected left time: 0s          
 Analyzing entries 22054 - 22086, now 22058 , sum entries = 32625 . . . Used time: 0s Expected left time: 0s          
 Analyzing entries 22054 - 22086, now 22059 , sum entries = 32625 . . . Used time: 0s Expected left time: 0s          
 Analyzing entries 22054 - 22086, now 22060 , sum entries = 32625 . . . Used time: 0s Expected left time: 0s          
 Analyzing entries 22054 - 22086, now 22061 , sum entries = 32625 . . . Used time: 0s Expected left time: 0s          
 Analyzing entries 22054 - 22086, now 22062 , sum entries = 32625 . . . Used time: 0s Expected left time: 0s          
 Analyzing entries 22054 - 22086, now 22063 , sum entries = 32625 . . . Used time: 0s Expected left time: 0s          
 Analyzing entries 22054 - 22086, now 22064 , sum entries = 32625 . . . Used time: 0s Expected left time: 0s          
 Analyzing entries 22054 - 22086, now 22065 , sum entries = 32625 . . . Used time: 0s Expected left time: 0s          
 Analyzing entries 22054 - 22086, now 22066 , sum entries = 32625 . . . Used time: 0s Expected left time: 0s          
 Analyzing entries 22054 - 22086, now 22067 , sum entries = 32625 . . . Used time: 0s Expected left time: 0s          
 Analyzing entries 22054 - 22086, now 22068 , sum entries = 32625 . . . Used time: 0s Expected left time: 0s          
 Analyzing entries 22054 - 22086, now 22069 , sum entries = 32625 . . . Used time: 0s Expected left time: 0s          
 Analyzing entries 22054 - 22086, now 22070 , sum entries = 32625 . . . Used time: 0s Expected left time: 0s          
 Analyzing entries 22054 - 22086, now 22071 , sum entries = 32625 . . . Used time: 0s Expected left time: 0s          
 Analyzing entries 22054 - 22086, now 22072 , sum entries = 32625 . . . Used time: 0s Expected left time: 0s          
 Analyzing entries 22054 - 22086, now 22073 , sum entries = 32625 . . . Used time: 0s Expected left time: 0s          
 Analyzing entries 22054 - 22086, now 22074 , sum entries = 32625 . . . Used time: 0s Expected left time: 0s          
 Analyzing entries 22054 - 22086, now 22075 , sum entries = 32625 . . . Used time: 0s Expected left time: 0s          
 Analyzing entries 22054 - 22086, now 22076 , sum entries = 32625 . . . Used time: 0s Expected left time: 0s          
 Analyzing entries 22054 - 22086, now 22077 , sum entries = 32625 . . . Used time: 0s Expected left time: 0s          
 Analyzing entries 22054 - 22086, now 22078 , sum entries = 32625 . . . Used time: 0s Expected left time: 0s          
 Analyzing entries 22054 - 22086, now 22079 , sum entries = 32625 . . . Used time: 0s Expected left time: 0s          
 Analyzing entries 22054 - 22086, now 22080 , sum entries = 32625 . . . Used time: 0s Expected left time: 0s          
 Analyzing entries 22054 - 22086, now 22081 , sum entries = 32625 . . . Used time: 0s Expected left time: 0s          
 Analyzing entries 22054 - 22086, now 22082 , sum entries = 32625 . . . Used time: 0s Expected left time: 0s          
 Analyzing entries 22054 - 22086, now 22083 , sum entries = 32625 . . . Used time: 0s Expected left time: 0s          
 Analyzing entries 22054 - 22086, now 22084 , sum entries = 32625 . . . Used time: 0s Expected left time: 0s          
 Analyzing entries 22054 - 22086, now 22085 , sum entries = 32625 . . . Used time: 0s Expected left time: 0s          
 Save to RootFile /extdisk/zlin/Machine_learning/RecoPlanesFeatures/CMS_herwig_HT1000to1500-preVFP_jinitpt450_600_j2pt80_120Reco/Chunk67_Part6.root . . . Used time: 0s Expected left time: 0s          
 Save to RootFile /extdisk/zlin/Machine_learning/RecoPlanesFeatures/CMS_herwig_HT1000to1500-preVFP_jinitpt450_600_j2pt80_120Reco/Chunk67_Part6.root . . . Used time: 0s Expected left time: 0s          
 Save to RootFile /extdisk/zlin/Machine_learning/RecoPlanesFeatures/CMS_herwig_HT1000to1500-preVFP_jinitpt450_600_j2pt80_120Reco/Chunk67_Part6.root . . . Used time: 0s Expected left time: 0s          
 Save to RootFile /extdisk/zlin/Machine_learning/RecoPlanesFeatures/CMS_herwig_HT1000to1500-preVFP_jinitpt450_600_j2pt80_120Reco/Chunk67_Part6.root . . . Used time: 0s Expected left time: 0s          
 Save to RootFile /extdisk/zlin/Machine_learning/RecoPlanesFeatures/CMS_herwig_HT1000to1500-preVFP_jinitpt450_600_j2pt80_120Reco/Chunk67_Part6.root . . . Used time: 0s Expected left time: 0s          
 Analyzing entries 22087 - 22119, now 22087 , sum entries = 32625 . . . Used time: 0s Expected left time: 0s          
 Analyzing entries 22087 - 22119, now 22088 , sum entries = 32625 . . . Used time: 0s Expected left time: 0s          
 Analyzing entries 22087 - 22119, now 22089 , sum entries = 32625 . . . Used time: 0s Expected left time: 0s          
 Analyzing entries 22087 - 22119, now 22090 , sum entries = 32625 . . . Used time: 0s Expected left time: 0s          
 Analyzing entries 22087 - 22119, now 22091 , sum entries = 32625 . . . Used time: 0s Expected left time: 0s          
 Analyzing entries 22087 - 22119, now 22092 , sum entries = 32625 . . . Used time: 0s Expected left time: 0s          
 Analyzing entries 22087 - 22119, now 22093 , sum entries = 32625 . . . Used time: 0s Expected left time: 0s          
 Analyzing entries 22087 - 22119, now 22094 , sum entries = 32625 . . . Used time: 0s Expected left time: 0s          
 Analyzing entries 22087 - 22119, now 22095 , sum entries = 32625 . . . Used time: 0s Expected left time: 0s          
 Analyzing entries 22087 - 22119, now 22096 , sum entries = 32625 . . . Used time: 0s Expected left time: 0s          
 Analyzing entries 22087 - 22119, now 22097 , sum entries = 32625 . . . Used time: 0s Expected left time: 0s          
 Analyzing entries 22087 - 22119, now 22098 , sum entries = 32625 . . . Used time: 0s Expected left time: 0s          
 Analyzing entries 22087 - 22119, now 22099 , sum entries = 32625 . . . Used time: 0s Expected left time: 0s          
 Analyzing entries 22087 - 22119, now 22100 , sum entries = 32625 . . . Used time: 0s Expected left time: 0s          
 Analyzing entries 22087 - 22119, now 22101 , sum entries = 32625 . . . Used time: 0s Expected left time: 0s          
 Analyzing entries 22087 - 22119, now 22102 , sum entries = 32625 . . . Used time: 0s Expected left time: 0s          
 Analyzing entries 22087 - 22119, now 22103 , sum entries = 32625 . . . Used time: 0s Expected left time: 0s          
 Analyzing entries 22087 - 22119, now 22104 , sum entries = 32625 . . . Used time: 0s Expected left time: 0s          
 Analyzing entries 22087 - 22119, now 22105 , sum entries = 32625 . . . Used time: 0s Expected left time: 0s          
 Analyzing entries 22087 - 22119, now 22106 , sum entries = 32625 . . . Used time: 0s Expected left time: 0s          
 Analyzing entries 22087 - 22119, now 22107 , sum entries = 32625 . . . Used time: 0s Expected left time: 0s          
 Analyzing entries 22087 - 22119, now 22108 , sum entries = 32625 . . . Used time: 0s Expected left time: 0s          
 Analyzing entries 22087 - 22119, now 22109 , sum entries = 32625 . . . Used time: 0s Expected left time: 0s          
 Analyzing entries 22087 - 22119, now 22110 , sum entries = 32625 . . . Used time: 0s Expected left time: 0s          
 Analyzing entries 22087 - 22119, now 22111 , sum entries = 32625 . . . Used time: 0s Expected left time: 0s          
 Analyzing entries 22087 - 22119, now 22112 , sum entries = 32625 . . . Used time: 0s Expected left time: 0s          
 Analyzing entries 22087 - 22119, now 22113 , sum entries = 32625 . . . Used time: 0s Expected left time: 0s          
 Analyzing entries 22087 - 22119, now 22114 , sum entries = 32625 . . . Used time: 0s Expected left time: 0s          
 Analyzing entries 22087 - 22119, now 22115 , sum entries = 32625 . . . Used time: 0s Expected left time: 0s          
 Analyzing entries 22087 - 22119, now 22116 , sum entries = 32625 . . . Used time: 0s Expected left time: 0s          
 Analyzing entries 22087 - 22119, now 22117 , sum entries = 32625 . . . Used time: 0s Expected left time: 0s          
 Analyzing entries 22087 - 22119, now 22118 , sum entries = 32625 . . . Used time: 0s Expected left time: 0s          
 Save to RootFile /extdisk/zlin/Machine_learning/RecoPlanesFeatures/CMS_herwig_HT1000to1500-preVFP_jinitpt450_600_j2pt80_120Reco/Chunk67_Part7.root . . . Used time: 0s Expected left time: 0s          
 Save to RootFile /extdisk/zlin/Machine_learning/RecoPlanesFeatures/CMS_herwig_HT1000to1500-preVFP_jinitpt450_600_j2pt80_120Reco/Chunk67_Part7.root . . . Used time: 0s Expected left time: 0s          
 Save to RootFile /extdisk/zlin/Machine_learning/RecoPlanesFeatures/CMS_herwig_HT1000to1500-preVFP_jinitpt450_600_j2pt80_120Reco/Chunk67_Part7.root . . . Used time: 0s Expected left time: 0s          
 Analyzing entries 22119 - 22151, now 22119 , sum entries = 32625 . . . Used time: 0s Expected left time: 0s          
 Analyzing entries 22119 - 22151, now 22120 , sum entries = 32625 . . . Used time: 0s Expected left time: 0s          
 Analyzing entries 22119 - 22151, now 22121 , sum entries = 32625 . . . Used time: 0s Expected left time: 0s          
 Analyzing entries 22119 - 22151, now 22122 , sum entries = 32625 . . . Used time: 0s Expected left time: 0s          
 Analyzing entries 22119 - 22151, now 22123 , sum entries = 32625 . . . Used time: 0s Expected left time: 0s          
 Analyzing entries 22119 - 22151, now 22124 , sum entries = 32625 . . . Used time: 0s Expected left time: 0s          
 Analyzing entries 22119 - 22151, now 22125 , sum entries = 32625 . . . Used time: 0s Expected left time: 0s          
 Analyzing entries 22119 - 22151, now 22126 , sum entries = 32625 . . . Used time: 0s Expected left time: 0s          
 Analyzing entries 22119 - 22151, now 22127 , sum entries = 32625 . . . Used time: 0s Expected left time: 0s          
 Analyzing entries 22119 - 22151, now 22128 , sum entries = 32625 . . . Used time: 0s Expected left time: 0s          
 Analyzing entries 22119 - 22151, now 22129 , sum entries = 32625 . . . Used time: 0s Expected left time: 0s          
 Analyzing entries 22119 - 22151, now 22130 , sum entries = 32625 . . . Used time: 0s Expected left time: 0s          
 Analyzing entries 22119 - 22151, now 22131 , sum entries = 32625 . . . Used time: 0s Expected left time: 0s          
 Analyzing entries 22119 - 22151, now 22132 , sum entries = 32625 . . . Used time: 0s Expected left time: 0s          
 Analyzing entries 22119 - 22151, now 22133 , sum entries = 32625 . . . Used time: 0s Expected left time: 0s          
 Analyzing entries 22119 - 22151, now 22134 , sum entries = 32625 . . . Used time: 0s Expected left time: 0s          
 Analyzing entries 22119 - 22151, now 22135 , sum entries = 32625 . . . Used time: 0s Expected left time: 0s          
 Analyzing entries 22119 - 22151, now 22136 , sum entries = 32625 . . . Used time: 0s Expected left time: 0s          
 Analyzing entries 22119 - 22151, now 22137 , sum entries = 32625 . . . Used time: 0s Expected left time: 0s          
 Analyzing entries 22119 - 22151, now 22138 , sum entries = 32625 . . . Used time: 0s Expected left time: 0s          
 Analyzing entries 22119 - 22151, now 22139 , sum entries = 32625 . . . Used time: 0s Expected left time: 0s          
 Analyzing entries 22119 - 22151, now 22140 , sum entries = 32625 . . . Used time: 0s Expected left time: 0s          
 Analyzing entries 22119 - 22151, now 22141 , sum entries = 32625 . . . Used time: 0s Expected left time: 0s          
 Analyzing entries 22119 - 22151, now 22142 , sum entries = 32625 . . . Used time: 0s Expected left time: 0s          
 Analyzing entries 22119 - 22151, now 22143 , sum entries = 32625 . . . Used time: 0s Expected left time: 0s          
 Analyzing entries 22119 - 22151, now 22144 , sum entries = 32625 . . . Used time: 0s Expected left time: 0s          
 Analyzing entries 22119 - 22151, now 22145 , sum entries = 32625 . . . Used time: 0s Expected left time: 0s          
 Analyzing entries 22119 - 22151, now 22146 , sum entries = 32625 . . . Used time: 0s Expected left time: 0s          
 Analyzing entries 22119 - 22151, now 22147 , sum entries = 32625 . . . Used time: 0s Expected left time: 0s          
 Analyzing entries 22119 - 22151, now 22148 , sum entries = 32625 . . . Used time: 0s Expected left time: 0s          
 Analyzing entries 22119 - 22151, now 22149 , sum entries = 32625 . . . Used time: 0s Expected left time: 0s          
 Analyzing entries 22119 - 22151, now 22150 , sum entries = 32625 . . . Used time: 0s Expected left time: 0s          
 Save to RootFile /extdisk/zlin/Machine_learning/RecoPlanesFeatures/CMS_herwig_HT1000to1500-preVFP_jinitpt450_600_j2pt80_120Reco/Chunk67_Part8.root . . . Used time: 0s Expected left time: 0s          
 Save to RootFile /extdisk/zlin/Machine_learning/RecoPlanesFeatures/CMS_herwig_HT1000to1500-preVFP_jinitpt450_600_j2pt80_120Reco/Chunk67_Part8.root . . . Used time: 0s Expected left time: 0s          
 Save to RootFile /extdisk/zlin/Machine_learning/RecoPlanesFeatures/CMS_herwig_HT1000to1500-preVFP_jinitpt450_600_j2pt80_120Reco/Chunk67_Part8.root . . . Used time: 0s Expected left time: 0s          
 Save to RootFile /extdisk/zlin/Machine_learning/RecoPlanesFeatures/CMS_herwig_HT1000to1500-preVFP_jinitpt450_600_j2pt80_120Reco/Chunk67_Part8.root . . . Used time: 0s Expected left time: 0s          
 Save to RootFile /extdisk/zlin/Machine_learning/RecoPlanesFeatures/CMS_herwig_HT1000to1500-preVFP_jinitpt450_600_j2pt80_120Reco/Chunk67_Part8.root . . . Used time: 0s Expected left time: 0s          
 Save to RootFile /extdisk/zlin/Machine_learning/RecoPlanesFeatures/CMS_herwig_HT1000to1500-preVFP_jinitpt450_600_j2pt80_120Reco/Chunk67_Part8.root . . . Used time: 0s Expected left time: 0s          
 Analyzing entries 22152 - 22184, now 22152 , sum entries = 32625 . . . Used time: 0s Expected left time: 0s          
 Analyzing entries 22152 - 22184, now 22153 , sum entries = 32625 . . . Used time: 0s Expected left time: 0s          
 Analyzing entries 22152 - 22184, now 22154 , sum entries = 32625 . . . Used time: 0s Expected left time: 0s          
 Analyzing entries 22152 - 22184, now 22155 , sum entries = 32625 . . . Used time: 0s Expected left time: 0s          
 Analyzing entries 22152 - 22184, now 22156 , sum entries = 32625 . . . Used time: 0s Expected left time: 0s          
 Analyzing entries 22152 - 22184, now 22157 , sum entries = 32625 . . . Used time: 0s Expected left time: 0s          
 Analyzing entries 22152 - 22184, now 22158 , sum entries = 32625 . . . Used time: 0s Expected left time: 0s          
 Analyzing entries 22152 - 22184, now 22159 , sum entries = 32625 . . . Used time: 0s Expected left time: 0s          
 Analyzing entries 22152 - 22184, now 22160 , sum entries = 32625 . . . Used time: 0s Expected left time: 0s          
 Analyzing entries 22152 - 22184, now 22161 , sum entries = 32625 . . . Used time: 0s Expected left time: 0s          
 Analyzing entries 22152 - 22184, now 22162 , sum entries = 32625 . . . Used time: 0s Expected left time: 0s          
 Analyzing entries 22152 - 22184, now 22163 , sum entries = 32625 . . . Used time: 0s Expected left time: 0s          
 Analyzing entries 22152 - 22184, now 22164 , sum entries = 32625 . . . Used time: 0s Expected left time: 0s          
 Analyzing entries 22152 - 22184, now 22165 , sum entries = 32625 . . . Used time: 0s Expected left time: 0s          
 Analyzing entries 22152 - 22184, now 22166 , sum entries = 32625 . . . Used time: 0s Expected left time: 0s          
 Analyzing entries 22152 - 22184, now 22167 , sum entries = 32625 . . . Used time: 0s Expected left time: 0s          
 Analyzing entries 22152 - 22184, now 22168 , sum entries = 32625 . . . Used time: 0s Expected left time: 0s          
 Analyzing entries 22152 - 22184, now 22169 , sum entries = 32625 . . . Used time: 0s Expected left time: 0s          
 Analyzing entries 22152 - 22184, now 22170 , sum entries = 32625 . . . Used time: 0s Expected left time: 0s          
 Analyzing entries 22152 - 22184, now 22171 , sum entries = 32625 . . . Used time: 0s Expected left time: 0s          
 Analyzing entries 22152 - 22184, now 22172 , sum entries = 32625 . . . Used time: 0s Expected left time: 0s          
 Analyzing entries 22152 - 22184, now 22173 , sum entries = 32625 . . . Used time: 0s Expected left time: 0s          
 Analyzing entries 22152 - 22184, now 22174 , sum entries = 32625 . . . Used time: 0s Expected left time: 0s          
 Analyzing entries 22152 - 22184, now 22175 , sum entries = 32625 . . . Used time: 0s Expected left time: 0s          
 Analyzing entries 22152 - 22184, now 22176 , sum entries = 32625 . . . Used time: 0s Expected left time: 0s          
 Analyzing entries 22152 - 22184, now 22177 , sum entries = 32625 . . . Used time: 0s Expected left time: 0s          
 Analyzing entries 22152 - 22184, now 22178 , sum entries = 32625 . . . Used time: 0s Expected left time: 0s          
 Analyzing entries 22152 - 22184, now 22179 , sum entries = 32625 . . . Used time: 0s Expected left time: 0s          
 Analyzing entries 22152 - 22184, now 22180 , sum entries = 32625 . . . Used time: 0s Expected left time: 0s          
 Analyzing entries 22152 - 22184, now 22181 , sum entries = 32625 . . . Used time: 0s Expected left time: 0s          
 Analyzing entries 22152 - 22184, now 22182 , sum entries = 32625 . . . Used time: 0s Expected left time: 0s          
 Analyzing entries 22152 - 22184, now 22183 , sum entries = 32625 . . . Used time: 0s Expected left time: 0s          
 Save to RootFile /extdisk/zlin/Machine_learning/RecoPlanesFeatures/CMS_herwig_HT1000to1500-preVFP_jinitpt450_600_j2pt80_120Reco/Chunk67_Part9.root . . . Used time: 0s Expected left time: 0s          
 Save to RootFile /extdisk/zlin/Machine_learning/RecoPlanesFeatures/CMS_herwig_HT1000to1500-preVFP_jinitpt450_600_j2pt80_120Reco/Chunk67_Part9.root . . . Used time: 0s Expected left time: 0s          
 Save to RootFile /extdisk/zlin/Machine_learning/RecoPlanesFeatures/CMS_herwig_HT1000to1500-preVFP_jinitpt450_600_j2pt80_120Reco/Chunk67_Part9.root . . . Used time: 0s Expected left time: 0s          
