Warning in <TFile::Init>: file /extdisk/zlin/Machine_learning/RecoPlanes/CMS_herwig_HT1000to1500-preVFP/Chunk25_Part0.root probably not closed, trying to recover
Warning in <TFile::Init>: no keys recovered, file has been made a Zombie
 Analyzing entries 16904 - 16933, now 16904 , sum entries = 29145 . . . Used time: 0s Expected left time: 0s          
 Analyzing entries 16904 - 16933, now 16905 , sum entries = 29145 . . . Used time: 0s Expected left time: 0s          
 Analyzing entries 16904 - 16933, now 16906 , sum entries = 29145 . . . Used time: 0s Expected left time: 0s          
 Analyzing entries 16904 - 16933, now 16907 , sum entries = 29145 . . . Used time: 0s Expected left time: 0s          
 Analyzing entries 16904 - 16933, now 16908 , sum entries = 29145 . . . Used time: 0s Expected left time: 0s          
 Analyzing entries 16904 - 16933, now 16909 , sum entries = 29145 . . . Used time: 0s Expected left time: 0s          
 Analyzing entries 16904 - 16933, now 16910 , sum entries = 29145 . . . Used time: 0s Expected left time: 0s          
 Analyzing entries 16904 - 16933, now 16911 , sum entries = 29145 . . . Used time: 0s Expected left time: 0s          
 Analyzing entries 16904 - 16933, now 16912 , sum entries = 29145 . . . Used time: 0s Expected left time: 0s          
 Analyzing entries 16904 - 16933, now 16913 , sum entries = 29145 . . . Used time: 0s Expected left time: 0s          
 Analyzing entries 16904 - 16933, now 16914 , sum entries = 29145 . . . Used time: 0s Expected left time: 0s          
 Analyzing entries 16904 - 16933, now 16915 , sum entries = 29145 . . . Used time: 0s Expected left time: 0s          
 Analyzing entries 16904 - 16933, now 16916 , sum entries = 29145 . . . Used time: 0s Expected left time: 0s          
 Analyzing entries 16904 - 16933, now 16917 , sum entries = 29145 . . . Used time: 0s Expected left time: 0s          
 Analyzing entries 16904 - 16933, now 16918 , sum entries = 29145 . . . Used time: 0s Expected left time: 0s          
 Analyzing entries 16904 - 16933, now 16919 , sum entries = 29145 . . . Used time: 0s Expected left time: 0s          
 Analyzing entries 16904 - 16933, now 16920 , sum entries = 29145 . . . Used time: 0s Expected left time: 0s          
 Analyzing entries 16904 - 16933, now 16921 , sum entries = 29145 . . . Used time: 0s Expected left time: 0s          
 Analyzing entries 16904 - 16933, now 16922 , sum entries = 29145 . . . Used time: 0s Expected left time: 0s          
 Analyzing entries 16904 - 16933, now 16923 , sum entries = 29145 . . . Used time: 0s Expected left time: 0s          
 Analyzing entries 16904 - 16933, now 16924 , sum entries = 29145 . . . Used time: 0s Expected left time: 0s          
 Analyzing entries 16904 - 16933, now 16925 , sum entries = 29145 . . . Used time: 0s Expected left time: 0s          
 Analyzing entries 16904 - 16933, now 16926 , sum entries = 29145 . . . Used time: 0s Expected left time: 0s          
 Analyzing entries 16904 - 16933, now 16927 , sum entries = 29145 . . . Used time: 0s Expected left time: 0s          
 Analyzing entries 16904 - 16933, now 16928 , sum entries = 29145 . . . Used time: 0s Expected left time: 0s          
 Analyzing entries 16904 - 16933, now 16929 , sum entries = 29145 . . . Used time: 0s Expected left time: 0s          
 Analyzing entries 16904 - 16933, now 16930 , sum entries = 29145 . . . Used time: 0s Expected left time: 0s          
 Analyzing entries 16904 - 16933, now 16931 , sum entries = 29145 . . . Used time: 0s Expected left time: 0s          
 Analyzing entries 16904 - 16933, now 16932 , sum entries = 29145 . . . Used time: 0s Expected left time: 0s          
 Save to RootFile /extdisk/zlin/Machine_learning/RecoPlanesFeatures/CMS_herwig_HT1000to1500-preVFP_jinitpt450_600_j2pt80_120Reco/Chunk58_Part0.root . . . Used time: 0s Expected left time: 0s          
 Save to RootFile /extdisk/zlin/Machine_learning/RecoPlanesFeatures/CMS_herwig_HT1000to1500-preVFP_jinitpt450_600_j2pt80_120Reco/Chunk58_Part0.root . . . Used time: 0s Expected left time: 0s          
 Save to RootFile /extdisk/zlin/Machine_learning/RecoPlanesFeatures/CMS_herwig_HT1000to1500-preVFP_jinitpt450_600_j2pt80_120Reco/Chunk58_Part0.root . . . Used time: 0s Expected left time: 0s          
 Save to RootFile /extdisk/zlin/Machine_learning/RecoPlanesFeatures/CMS_herwig_HT1000to1500-preVFP_jinitpt450_600_j2pt80_120Reco/Chunk58_Part0.root . . . Used time: 0s Expected left time: 0s          
 Analyzing entries 16933 - 16962, now 16933 , sum entries = 29145 . . . Used time: 0s Expected left time: 0s          
 Analyzing entries 16933 - 16962, now 16934 , sum entries = 29145 . . . Used time: 0s Expected left time: 0s          
 Analyzing entries 16933 - 16962, now 16935 , sum entries = 29145 . . . Used time: 0s Expected left time: 0s          
 Analyzing entries 16933 - 16962, now 16936 , sum entries = 29145 . . . Used time: 0s Expected left time: 0s          
 Analyzing entries 16933 - 16962, now 16937 , sum entries = 29145 . . . Used time: 0s Expected left time: 0s          
 Analyzing entries 16933 - 16962, now 16938 , sum entries = 29145 . . . Used time: 0s Expected left time: 0s          
 Analyzing entries 16933 - 16962, now 16939 , sum entries = 29145 . . . Used time: 0s Expected left time: 0s          
 Analyzing entries 16933 - 16962, now 16940 , sum entries = 29145 . . . Used time: 0s Expected left time: 0s          
 Analyzing entries 16933 - 16962, now 16941 , sum entries = 29145 . . . Used time: 0s Expected left time: 0s          
 Analyzing entries 16933 - 16962, now 16942 , sum entries = 29145 . . . Used time: 0s Expected left time: 0s          
 Analyzing entries 16933 - 16962, now 16943 , sum entries = 29145 . . . Used time: 0s Expected left time: 0s          
 Analyzing entries 16933 - 16962, now 16944 , sum entries = 29145 . . . Used time: 0s Expected left time: 0s          
 Analyzing entries 16933 - 16962, now 16945 , sum entries = 29145 . . . Used time: 0s Expected left time: 0s          
 Analyzing entries 16933 - 16962, now 16946 , sum entries = 29145 . . . Used time: 0s Expected left time: 0s          
 Analyzing entries 16933 - 16962, now 16947 , sum entries = 29145 . . . Used time: 0s Expected left time: 0s          
 Analyzing entries 16933 - 16962, now 16948 , sum entries = 29145 . . . Used time: 0s Expected left time: 0s          
 Analyzing entries 16933 - 16962, now 16949 , sum entries = 29145 . . . Used time: 0s Expected left time: 0s          
 Analyzing entries 16933 - 16962, now 16950 , sum entries = 29145 . . . Used time: 0s Expected left time: 0s          
 Analyzing entries 16933 - 16962, now 16951 , sum entries = 29145 . . . Used time: 0s Expected left time: 0s          
 Analyzing entries 16933 - 16962, now 16952 , sum entries = 29145 . . . Used time: 0s Expected left time: 0s          
 Analyzing entries 16933 - 16962, now 16953 , sum entries = 29145 . . . Used time: 0s Expected left time: 0s          
 Analyzing entries 16933 - 16962, now 16954 , sum entries = 29145 . . . Used time: 0s Expected left time: 0s          
 Analyzing entries 16933 - 16962, now 16955 , sum entries = 29145 . . . Used time: 0s Expected left time: 0s          
 Analyzing entries 16933 - 16962, now 16956 , sum entries = 29145 . . . Used time: 0s Expected left time: 0s          
 Analyzing entries 16933 - 16962, now 16957 , sum entries = 29145 . . . Used time: 0s Expected left time: 0s          
 Analyzing entries 16933 - 16962, now 16958 , sum entries = 29145 . . . Used time: 0s Expected left time: 0s          
 Analyzing entries 16933 - 16962, now 16959 , sum entries = 29145 . . . Used time: 0s Expected left time: 0s          
 Analyzing entries 16933 - 16962, now 16960 , sum entries = 29145 . . . Used time: 0s Expected left time: 0s          
 Analyzing entries 16933 - 16962, now 16961 , sum entries = 29145 . . . Used time: 0s Expected left time: 0s          
 Save to RootFile /extdisk/zlin/Machine_learning/RecoPlanesFeatures/CMS_herwig_HT1000to1500-preVFP_jinitpt450_600_j2pt80_120Reco/Chunk58_Part1.root . . . Used time: 0s Expected left time: 0s          
 Save to RootFile /extdisk/zlin/Machine_learning/RecoPlanesFeatures/CMS_herwig_HT1000to1500-preVFP_jinitpt450_600_j2pt80_120Reco/Chunk58_Part1.root . . . Used time: 0s Expected left time: 0s          
 Save to RootFile /extdisk/zlin/Machine_learning/RecoPlanesFeatures/CMS_herwig_HT1000to1500-preVFP_jinitpt450_600_j2pt80_120Reco/Chunk58_Part1.root . . . Used time: 0s Expected left time: 0s          
 Save to RootFile /extdisk/zlin/Machine_learning/RecoPlanesFeatures/CMS_herwig_HT1000to1500-preVFP_jinitpt450_600_j2pt80_120Reco/Chunk58_Part1.root . . . Used time: 0s Expected left time: 0s          
 Save to RootFile /extdisk/zlin/Machine_learning/RecoPlanesFeatures/CMS_herwig_HT1000to1500-preVFP_jinitpt450_600_j2pt80_120Reco/Chunk58_Part1.root . . . Used time: 0s Expected left time: 0s          
 Save to RootFile /extdisk/zlin/Machine_learning/RecoPlanesFeatures/CMS_herwig_HT1000to1500-preVFP_jinitpt450_600_j2pt80_120Reco/Chunk58_Part1.root . . . Used time: 0s Expected left time: 0s          
 Analyzing entries 16962 - 16991, now 16962 , sum entries = 29145 . . . Used time: 0s Expected left time: 0s          
 Analyzing entries 16962 - 16991, now 16963 , sum entries = 29145 . . . Used time: 0s Expected left time: 0s          
 Analyzing entries 16962 - 16991, now 16964 , sum entries = 29145 . . . Used time: 0s Expected left time: 0s          
 Analyzing entries 16962 - 16991, now 16965 , sum entries = 29145 . . . Used time: 0s Expected left time: 0s          
 Analyzing entries 16962 - 16991, now 16966 , sum entries = 29145 . . . Used time: 0s Expected left time: 0s          
 Analyzing entries 16962 - 16991, now 16967 , sum entries = 29145 . . . Used time: 0s Expected left time: 0s          
 Analyzing entries 16962 - 16991, now 16968 , sum entries = 29145 . . . Used time: 0s Expected left time: 0s          
 Analyzing entries 16962 - 16991, now 16969 , sum entries = 29145 . . . Used time: 0s Expected left time: 0s          
 Analyzing entries 16962 - 16991, now 16970 , sum entries = 29145 . . . Used time: 0s Expected left time: 0s          
 Analyzing entries 16962 - 16991, now 16971 , sum entries = 29145 . . . Used time: 0s Expected left time: 0s          
 Analyzing entries 16962 - 16991, now 16972 , sum entries = 29145 . . . Used time: 0s Expected left time: 0s          
 Analyzing entries 16962 - 16991, now 16973 , sum entries = 29145 . . . Used time: 0s Expected left time: 0s          
 Analyzing entries 16962 - 16991, now 16974 , sum entries = 29145 . . . Used time: 0s Expected left time: 0s          
 Analyzing entries 16962 - 16991, now 16975 , sum entries = 29145 . . . Used time: 0s Expected left time: 0s          
 Analyzing entries 16962 - 16991, now 16976 , sum entries = 29145 . . . Used time: 0s Expected left time: 0s          
 Analyzing entries 16962 - 16991, now 16977 , sum entries = 29145 . . . Used time: 0s Expected left time: 0s          
 Analyzing entries 16962 - 16991, now 16978 , sum entries = 29145 . . . Used time: 0s Expected left time: 0s          
 Analyzing entries 16962 - 16991, now 16979 , sum entries = 29145 . . . Used time: 0s Expected left time: 0s          
 Analyzing entries 16962 - 16991, now 16980 , sum entries = 29145 . . . Used time: 0s Expected left time: 0s          
 Analyzing entries 16962 - 16991, now 16981 , sum entries = 29145 . . . Used time: 0s Expected left time: 0s          
 Analyzing entries 16962 - 16991, now 16982 , sum entries = 29145 . . . Used time: 0s Expected left time: 0s          
 Analyzing entries 16962 - 16991, now 16983 , sum entries = 29145 . . . Used time: 0s Expected left time: 0s          
 Analyzing entries 16962 - 16991, now 16984 , sum entries = 29145 . . . Used time: 0s Expected left time: 0s          
 Analyzing entries 16962 - 16991, now 16985 , sum entries = 29145 . . . Used time: 0s Expected left time: 0s          
 Analyzing entries 16962 - 16991, now 16986 , sum entries = 29145 . . . Used time: 0s Expected left time: 0s          
 Analyzing entries 16962 - 16991, now 16987 , sum entries = 29145 . . . Used time: 0s Expected left time: 0s          
 Analyzing entries 16962 - 16991, now 16988 , sum entries = 29145 . . . Used time: 0s Expected left time: 0s          
 Analyzing entries 16962 - 16991, now 16989 , sum entries = 29145 . . . Used time: 0s Expected left time: 0s          
 Analyzing entries 16962 - 16991, now 16990 , sum entries = 29145 . . . Used time: 0s Expected left time: 0s          
 Save to RootFile /extdisk/zlin/Machine_learning/RecoPlanesFeatures/CMS_herwig_HT1000to1500-preVFP_jinitpt450_600_j2pt80_120Reco/Chunk58_Part2.root . . . Used time: 0s Expected left time: 0s          
 Save to RootFile /extdisk/zlin/Machine_learning/RecoPlanesFeatures/CMS_herwig_HT1000to1500-preVFP_jinitpt450_600_j2pt80_120Reco/Chunk58_Part2.root . . . Used time: 0s Expected left time: 0s          
 Save to RootFile /extdisk/zlin/Machine_learning/RecoPlanesFeatures/CMS_herwig_HT1000to1500-preVFP_jinitpt450_600_j2pt80_120Reco/Chunk58_Part2.root . . . Used time: 0s Expected left time: 0s          
 Save to RootFile /extdisk/zlin/Machine_learning/RecoPlanesFeatures/CMS_herwig_HT1000to1500-preVFP_jinitpt450_600_j2pt80_120Reco/Chunk58_Part2.root . . . Used time: 0s Expected left time: 0s          
 Save to RootFile /extdisk/zlin/Machine_learning/RecoPlanesFeatures/CMS_herwig_HT1000to1500-preVFP_jinitpt450_600_j2pt80_120Reco/Chunk58_Part2.root . . . Used time: 0s Expected left time: 0s          
 Save to RootFile /extdisk/zlin/Machine_learning/RecoPlanesFeatures/CMS_herwig_HT1000to1500-preVFP_jinitpt450_600_j2pt80_120Reco/Chunk58_Part2.root . . . Used time: 0s Expected left time: 0s          
 Save to RootFile /extdisk/zlin/Machine_learning/RecoPlanesFeatures/CMS_herwig_HT1000to1500-preVFP_jinitpt450_600_j2pt80_120Reco/Chunk58_Part2.root . . . Used time: 0s Expected left time: 0s          
 Analyzing entries 16991 - 17020, now 16991 , sum entries = 29145 . . . Used time: 0s Expected left time: 0s          
 Analyzing entries 16991 - 17020, now 16992 , sum entries = 29145 . . . Used time: 0s Expected left time: 0s          
 Analyzing entries 16991 - 17020, now 16993 , sum entries = 29145 . . . Used time: 0s Expected left time: 0s          
 Analyzing entries 16991 - 17020, now 16994 , sum entries = 29145 . . . Used time: 0s Expected left time: 0s          
 Analyzing entries 16991 - 17020, now 16995 , sum entries = 29145 . . . Used time: 0s Expected left time: 0s          
 Analyzing entries 16991 - 17020, now 16996 , sum entries = 29145 . . . Used time: 0s Expected left time: 0s          
 Analyzing entries 16991 - 17020, now 16997 , sum entries = 29145 . . . Used time: 0s Expected left time: 0s          
 Analyzing entries 16991 - 17020, now 16998 , sum entries = 29145 . . . Used time: 0s Expected left time: 0s          
 Analyzing entries 16991 - 17020, now 16999 , sum entries = 29145 . . . Used time: 0s Expected left time: 0s          
 Analyzing entries 16991 - 17020, now 17000 , sum entries = 29145 . . . Used time: 0s Expected left time: 0s          
 Analyzing entries 16991 - 17020, now 17001 , sum entries = 29145 . . . Used time: 0s Expected left time: 0s          
 Analyzing entries 16991 - 17020, now 17002 , sum entries = 29145 . . . Used time: 0s Expected left time: 0s          
 Analyzing entries 16991 - 17020, now 17003 , sum entries = 29145 . . . Used time: 0s Expected left time: 0s          
 Analyzing entries 16991 - 17020, now 17004 , sum entries = 29145 . . . Used time: 0s Expected left time: 0s          
 Analyzing entries 16991 - 17020, now 17005 , sum entries = 29145 . . . Used time: 0s Expected left time: 0s          
 Analyzing entries 16991 - 17020, now 17006 , sum entries = 29145 . . . Used time: 0s Expected left time: 0s          
 Analyzing entries 16991 - 17020, now 17007 , sum entries = 29145 . . . Used time: 0s Expected left time: 0s          
 Analyzing entries 16991 - 17020, now 17008 , sum entries = 29145 . . . Used time: 0s Expected left time: 0s          
 Analyzing entries 16991 - 17020, now 17009 , sum entries = 29145 . . . Used time: 0s Expected left time: 0s          
 Analyzing entries 16991 - 17020, now 17010 , sum entries = 29145 . . . Used time: 0s Expected left time: 0s          
 Analyzing entries 16991 - 17020, now 17011 , sum entries = 29145 . . . Used time: 0s Expected left time: 0s          
 Analyzing entries 16991 - 17020, now 17012 , sum entries = 29145 . . . Used time: 0s Expected left time: 0s          
 Analyzing entries 16991 - 17020, now 17013 , sum entries = 29145 . . . Used time: 0s Expected left time: 0s          
 Analyzing entries 16991 - 17020, now 17014 , sum entries = 29145 . . . Used time: 0s Expected left time: 0s          
 Analyzing entries 16991 - 17020, now 17015 , sum entries = 29145 . . . Used time: 0s Expected left time: 0s          
 Analyzing entries 16991 - 17020, now 17016 , sum entries = 29145 . . . Used time: 0s Expected left time: 0s          
 Analyzing entries 16991 - 17020, now 17017 , sum entries = 29145 . . . Used time: 0s Expected left time: 0s          
 Analyzing entries 16991 - 17020, now 17018 , sum entries = 29145 . . . Used time: 0s Expected left time: 0s          
 Analyzing entries 16991 - 17020, now 17019 , sum entries = 29145 . . . Used time: 0s Expected left time: 0s          
 Save to RootFile /extdisk/zlin/Machine_learning/RecoPlanesFeatures/CMS_herwig_HT1000to1500-preVFP_jinitpt450_600_j2pt80_120Reco/Chunk58_Part3.root . . . Used time: 0s Expected left time: 0s          
 Save to RootFile /extdisk/zlin/Machine_learning/RecoPlanesFeatures/CMS_herwig_HT1000to1500-preVFP_jinitpt450_600_j2pt80_120Reco/Chunk58_Part3.root . . . Used time: 0s Expected left time: 0s          
 Save to RootFile /extdisk/zlin/Machine_learning/RecoPlanesFeatures/CMS_herwig_HT1000to1500-preVFP_jinitpt450_600_j2pt80_120Reco/Chunk58_Part3.root . . . Used time: 0s Expected left time: 0s          
 Save to RootFile /extdisk/zlin/Machine_learning/RecoPlanesFeatures/CMS_herwig_HT1000to1500-preVFP_jinitpt450_600_j2pt80_120Reco/Chunk58_Part3.root . . . Used time: 0s Expected left time: 0s          
 Save to RootFile /extdisk/zlin/Machine_learning/RecoPlanesFeatures/CMS_herwig_HT1000to1500-preVFP_jinitpt450_600_j2pt80_120Reco/Chunk58_Part3.root . . . Used time: 0s Expected left time: 0s          
 Save to RootFile /extdisk/zlin/Machine_learning/RecoPlanesFeatures/CMS_herwig_HT1000to1500-preVFP_jinitpt450_600_j2pt80_120Reco/Chunk58_Part3.root . . . Used time: 0s Expected left time: 0s          
 Save to RootFile /extdisk/zlin/Machine_learning/RecoPlanesFeatures/CMS_herwig_HT1000to1500-preVFP_jinitpt450_600_j2pt80_120Reco/Chunk58_Part3.root . . . Used time: 0s Expected left time: 0s          
 Analyzing entries 17020 - 17049, now 17020 , sum entries = 29145 . . . Used time: 0s Expected left time: 0s          
 Analyzing entries 17020 - 17049, now 17021 , sum entries = 29145 . . . Used time: 0s Expected left time: 0s          
 Analyzing entries 17020 - 17049, now 17022 , sum entries = 29145 . . . Used time: 0s Expected left time: 0s          
 Analyzing entries 17020 - 17049, now 17023 , sum entries = 29145 . . . Used time: 0s Expected left time: 0s          
 Analyzing entries 17020 - 17049, now 17024 , sum entries = 29145 . . . Used time: 0s Expected left time: 0s          
 Analyzing entries 17020 - 17049, now 17025 , sum entries = 29145 . . . Used time: 0s Expected left time: 0s          
 Analyzing entries 17020 - 17049, now 17026 , sum entries = 29145 . . . Used time: 0s Expected left time: 0s          
 Analyzing entries 17020 - 17049, now 17027 , sum entries = 29145 . . . Used time: 0s Expected left time: 0s          
 Analyzing entries 17020 - 17049, now 17028 , sum entries = 29145 . . . Used time: 0s Expected left time: 0s          
 Analyzing entries 17020 - 17049, now 17029 , sum entries = 29145 . . . Used time: 0s Expected left time: 0s          
 Analyzing entries 17020 - 17049, now 17030 , sum entries = 29145 . . . Used time: 0s Expected left time: 0s          
 Analyzing entries 17020 - 17049, now 17031 , sum entries = 29145 . . . Used time: 0s Expected left time: 0s          
 Analyzing entries 17020 - 17049, now 17032 , sum entries = 29145 . . . Used time: 0s Expected left time: 0s          
 Analyzing entries 17020 - 17049, now 17033 , sum entries = 29145 . . . Used time: 0s Expected left time: 0s          
 Analyzing entries 17020 - 17049, now 17034 , sum entries = 29145 . . . Used time: 0s Expected left time: 0s          
 Analyzing entries 17020 - 17049, now 17035 , sum entries = 29145 . . . Used time: 0s Expected left time: 0s          
 Analyzing entries 17020 - 17049, now 17036 , sum entries = 29145 . . . Used time: 0s Expected left time: 0s          
 Analyzing entries 17020 - 17049, now 17037 , sum entries = 29145 . . . Used time: 0s Expected left time: 0s          
 Analyzing entries 17020 - 17049, now 17038 , sum entries = 29145 . . . Used time: 0s Expected left time: 0s          
 Analyzing entries 17020 - 17049, now 17039 , sum entries = 29145 . . . Used time: 0s Expected left time: 0s          
 Analyzing entries 17020 - 17049, now 17040 , sum entries = 29145 . . . Used time: 0s Expected left time: 0s          
 Analyzing entries 17020 - 17049, now 17041 , sum entries = 29145 . . . Used time: 0s Expected left time: 0s          
 Analyzing entries 17020 - 17049, now 17042 , sum entries = 29145 . . . Used time: 0s Expected left time: 0s          
 Analyzing entries 17020 - 17049, now 17043 , sum entries = 29145 . . . Used time: 0s Expected left time: 0s          
 Analyzing entries 17020 - 17049, now 17044 , sum entries = 29145 . . . Used time: 0s Expected left time: 0s          
 Analyzing entries 17020 - 17049, now 17045 , sum entries = 29145 . . . Used time: 0s Expected left time: 0s          
 Analyzing entries 17020 - 17049, now 17046 , sum entries = 29145 . . . Used time: 0s Expected left time: 0s          
 Analyzing entries 17020 - 17049, now 17047 , sum entries = 29145 . . . Used time: 0s Expected left time: 0s          
 Analyzing entries 17020 - 17049, now 17048 , sum entries = 29145 . . . Used time: 0s Expected left time: 0s          
 Save to RootFile /extdisk/zlin/Machine_learning/RecoPlanesFeatures/CMS_herwig_HT1000to1500-preVFP_jinitpt450_600_j2pt80_120Reco/Chunk58_Part4.root . . . Used time: 0s Expected left time: 0s          
 Save to RootFile /extdisk/zlin/Machine_learning/RecoPlanesFeatures/CMS_herwig_HT1000to1500-preVFP_jinitpt450_600_j2pt80_120Reco/Chunk58_Part4.root . . . Used time: 0s Expected left time: 0s          
 Save to RootFile /extdisk/zlin/Machine_learning/RecoPlanesFeatures/CMS_herwig_HT1000to1500-preVFP_jinitpt450_600_j2pt80_120Reco/Chunk58_Part4.root . . . Used time: 0s Expected left time: 0s          
 Save to RootFile /extdisk/zlin/Machine_learning/RecoPlanesFeatures/CMS_herwig_HT1000to1500-preVFP_jinitpt450_600_j2pt80_120Reco/Chunk58_Part4.root . . . Used time: 0s Expected left time: 0s          
 Save to RootFile /extdisk/zlin/Machine_learning/RecoPlanesFeatures/CMS_herwig_HT1000to1500-preVFP_jinitpt450_600_j2pt80_120Reco/Chunk58_Part4.root . . . Used time: 0s Expected left time: 0s          
 Analyzing entries 17049 - 17078, now 17049 , sum entries = 29145 . . . Used time: 0s Expected left time: 0s          
 Analyzing entries 17049 - 17078, now 17050 , sum entries = 29145 . . . Used time: 0s Expected left time: 0s          
 Analyzing entries 17049 - 17078, now 17051 , sum entries = 29145 . . . Used time: 0s Expected left time: 0s          
 Analyzing entries 17049 - 17078, now 17052 , sum entries = 29145 . . . Used time: 0s Expected left time: 0s          
 Analyzing entries 17049 - 17078, now 17053 , sum entries = 29145 . . . Used time: 0s Expected left time: 0s          
 Analyzing entries 17049 - 17078, now 17054 , sum entries = 29145 . . . Used time: 0s Expected left time: 0s          
 Analyzing entries 17049 - 17078, now 17055 , sum entries = 29145 . . . Used time: 0s Expected left time: 0s          
 Analyzing entries 17049 - 17078, now 17056 , sum entries = 29145 . . . Used time: 0s Expected left time: 0s          
 Analyzing entries 17049 - 17078, now 17057 , sum entries = 29145 . . . Used time: 0s Expected left time: 0s          
 Analyzing entries 17049 - 17078, now 17058 , sum entries = 29145 . . . Used time: 0s Expected left time: 0s          
 Analyzing entries 17049 - 17078, now 17059 , sum entries = 29145 . . . Used time: 0s Expected left time: 0s          
 Analyzing entries 17049 - 17078, now 17060 , sum entries = 29145 . . . Used time: 0s Expected left time: 0s          
 Analyzing entries 17049 - 17078, now 17061 , sum entries = 29145 . . . Used time: 0s Expected left time: 0s          
 Analyzing entries 17049 - 17078, now 17062 , sum entries = 29145 . . . Used time: 0s Expected left time: 0s          
 Analyzing entries 17049 - 17078, now 17063 , sum entries = 29145 . . . Used time: 0s Expected left time: 0s          
 Analyzing entries 17049 - 17078, now 17064 , sum entries = 29145 . . . Used time: 0s Expected left time: 0s          
 Analyzing entries 17049 - 17078, now 17065 , sum entries = 29145 . . . Used time: 0s Expected left time: 0s          
 Analyzing entries 17049 - 17078, now 17066 , sum entries = 29145 . . . Used time: 0s Expected left time: 0s          
 Analyzing entries 17049 - 17078, now 17067 , sum entries = 29145 . . . Used time: 0s Expected left time: 0s          
 Analyzing entries 17049 - 17078, now 17068 , sum entries = 29145 . . . Used time: 0s Expected left time: 0s          
 Analyzing entries 17049 - 17078, now 17069 , sum entries = 29145 . . . Used time: 0s Expected left time: 0s          
 Analyzing entries 17049 - 17078, now 17070 , sum entries = 29145 . . . Used time: 0s Expected left time: 0s          
 Analyzing entries 17049 - 17078, now 17071 , sum entries = 29145 . . . Used time: 0s Expected left time: 0s          
 Analyzing entries 17049 - 17078, now 17072 , sum entries = 29145 . . . Used time: 0s Expected left time: 0s          
 Analyzing entries 17049 - 17078, now 17073 , sum entries = 29145 . . . Used time: 0s Expected left time: 0s          
 Analyzing entries 17049 - 17078, now 17074 , sum entries = 29145 . . . Used time: 0s Expected left time: 0s          
 Analyzing entries 17049 - 17078, now 17075 , sum entries = 29145 . . . Used time: 0s Expected left time: 0s          
 Analyzing entries 17049 - 17078, now 17076 , sum entries = 29145 . . . Used time: 0s Expected left time: 0s          
 Analyzing entries 17049 - 17078, now 17077 , sum entries = 29145 . . . Used time: 0s Expected left time: 0s          
 Save to RootFile /extdisk/zlin/Machine_learning/RecoPlanesFeatures/CMS_herwig_HT1000to1500-preVFP_jinitpt450_600_j2pt80_120Reco/Chunk58_Part5.root . . . Used time: 0s Expected left time: 0s          
 Save to RootFile /extdisk/zlin/Machine_learning/RecoPlanesFeatures/CMS_herwig_HT1000to1500-preVFP_jinitpt450_600_j2pt80_120Reco/Chunk58_Part5.root . . . Used time: 0s Expected left time: 0s          
 Analyzing entries 17078 - 17107, now 17078 , sum entries = 29145 . . . Used time: 0s Expected left time: 0s          
 Analyzing entries 17078 - 17107, now 17079 , sum entries = 29145 . . . Used time: 0s Expected left time: 0s          
 Analyzing entries 17078 - 17107, now 17080 , sum entries = 29145 . . . Used time: 0s Expected left time: 0s          
 Analyzing entries 17078 - 17107, now 17081 , sum entries = 29145 . . . Used time: 0s Expected left time: 0s          
 Analyzing entries 17078 - 17107, now 17082 , sum entries = 29145 . . . Used time: 0s Expected left time: 0s          
 Analyzing entries 17078 - 17107, now 17083 , sum entries = 29145 . . . Used time: 0s Expected left time: 0s          
 Analyzing entries 17078 - 17107, now 17084 , sum entries = 29145 . . . Used time: 0s Expected left time: 0s          
 Analyzing entries 17078 - 17107, now 17085 , sum entries = 29145 . . . Used time: 0s Expected left time: 0s          
 Analyzing entries 17078 - 17107, now 17086 , sum entries = 29145 . . . Used time: 0s Expected left time: 0s          
 Analyzing entries 17078 - 17107, now 17087 , sum entries = 29145 . . . Used time: 0s Expected left time: 0s          
 Analyzing entries 17078 - 17107, now 17088 , sum entries = 29145 . . . Used time: 0s Expected left time: 0s          
 Analyzing entries 17078 - 17107, now 17089 , sum entries = 29145 . . . Used time: 0s Expected left time: 0s          
 Analyzing entries 17078 - 17107, now 17090 , sum entries = 29145 . . . Used time: 0s Expected left time: 0s          
 Analyzing entries 17078 - 17107, now 17091 , sum entries = 29145 . . . Used time: 0s Expected left time: 0s          
 Analyzing entries 17078 - 17107, now 17092 , sum entries = 29145 . . . Used time: 0s Expected left time: 0s          
 Analyzing entries 17078 - 17107, now 17093 , sum entries = 29145 . . . Used time: 0s Expected left time: 0s          
 Analyzing entries 17078 - 17107, now 17094 , sum entries = 29145 . . . Used time: 0s Expected left time: 0s          
 Analyzing entries 17078 - 17107, now 17095 , sum entries = 29145 . . . Used time: 0s Expected left time: 0s          
 Analyzing entries 17078 - 17107, now 17096 , sum entries = 29145 . . . Used time: 0s Expected left time: 0s          
 Analyzing entries 17078 - 17107, now 17097 , sum entries = 29145 . . . Used time: 0s Expected left time: 0s          
 Analyzing entries 17078 - 17107, now 17098 , sum entries = 29145 . . . Used time: 0s Expected left time: 0s          
 Analyzing entries 17078 - 17107, now 17099 , sum entries = 29145 . . . Used time: 0s Expected left time: 0s          
 Analyzing entries 17078 - 17107, now 17100 , sum entries = 29145 . . . Used time: 0s Expected left time: 0s          
 Analyzing entries 17078 - 17107, now 17101 , sum entries = 29145 . . . Used time: 0s Expected left time: 0s          
 Analyzing entries 17078 - 17107, now 17102 , sum entries = 29145 . . . Used time: 0s Expected left time: 0s          
 Analyzing entries 17078 - 17107, now 17103 , sum entries = 29145 . . . Used time: 0s Expected left time: 0s          
 Analyzing entries 17078 - 17107, now 17104 , sum entries = 29145 . . . Used time: 0s Expected left time: 0s          
 Analyzing entries 17078 - 17107, now 17105 , sum entries = 29145 . . . Used time: 0s Expected left time: 0s          
 Analyzing entries 17078 - 17107, now 17106 , sum entries = 29145 . . . Used time: 0s Expected left time: 0s          
 Save to RootFile /extdisk/zlin/Machine_learning/RecoPlanesFeatures/CMS_herwig_HT1000to1500-preVFP_jinitpt450_600_j2pt80_120Reco/Chunk58_Part6.root . . . Used time: 0s Expected left time: 0s          
 Save to RootFile /extdisk/zlin/Machine_learning/RecoPlanesFeatures/CMS_herwig_HT1000to1500-preVFP_jinitpt450_600_j2pt80_120Reco/Chunk58_Part6.root . . . Used time: 0s Expected left time: 0s          
 Save to RootFile /extdisk/zlin/Machine_learning/RecoPlanesFeatures/CMS_herwig_HT1000to1500-preVFP_jinitpt450_600_j2pt80_120Reco/Chunk58_Part6.root . . . Used time: 0s Expected left time: 0s          
 Analyzing entries 17108 - 17137, now 17108 , sum entries = 29145 . . . Used time: 0s Expected left time: 0s          
 Analyzing entries 17108 - 17137, now 17109 , sum entries = 29145 . . . Used time: 0s Expected left time: 0s          
 Analyzing entries 17108 - 17137, now 17110 , sum entries = 29145 . . . Used time: 0s Expected left time: 0s          
 Analyzing entries 17108 - 17137, now 17111 , sum entries = 29145 . . . Used time: 0s Expected left time: 0s          
 Analyzing entries 17108 - 17137, now 17112 , sum entries = 29145 . . . Used time: 0s Expected left time: 0s          
 Analyzing entries 17108 - 17137, now 17113 , sum entries = 29145 . . . Used time: 0s Expected left time: 0s          
 Analyzing entries 17108 - 17137, now 17114 , sum entries = 29145 . . . Used time: 0s Expected left time: 0s          
 Analyzing entries 17108 - 17137, now 17115 , sum entries = 29145 . . . Used time: 0s Expected left time: 0s          
 Analyzing entries 17108 - 17137, now 17116 , sum entries = 29145 . . . Used time: 0s Expected left time: 0s          
 Analyzing entries 17108 - 17137, now 17117 , sum entries = 29145 . . . Used time: 0s Expected left time: 0s          
 Analyzing entries 17108 - 17137, now 17118 , sum entries = 29145 . . . Used time: 0s Expected left time: 0s          
 Analyzing entries 17108 - 17137, now 17119 , sum entries = 29145 . . . Used time: 0s Expected left time: 0s          
 Analyzing entries 17108 - 17137, now 17120 , sum entries = 29145 . . . Used time: 0s Expected left time: 0s          
 Analyzing entries 17108 - 17137, now 17121 , sum entries = 29145 . . . Used time: 0s Expected left time: 0s          
 Analyzing entries 17108 - 17137, now 17122 , sum entries = 29145 . . . Used time: 0s Expected left time: 0s          
 Analyzing entries 17108 - 17137, now 17123 , sum entries = 29145 . . . Used time: 0s Expected left time: 0s          
 Analyzing entries 17108 - 17137, now 17124 , sum entries = 29145 . . . Used time: 0s Expected left time: 0s          
 Analyzing entries 17108 - 17137, now 17125 , sum entries = 29145 . . . Used time: 0s Expected left time: 0s          
 Analyzing entries 17108 - 17137, now 17126 , sum entries = 29145 . . . Used time: 0s Expected left time: 0s          
 Analyzing entries 17108 - 17137, now 17127 , sum entries = 29145 . . . Used time: 0s Expected left time: 0s          
 Analyzing entries 17108 - 17137, now 17128 , sum entries = 29145 . . . Used time: 0s Expected left time: 0s          
 Analyzing entries 17108 - 17137, now 17129 , sum entries = 29145 . . . Used time: 0s Expected left time: 0s          
 Analyzing entries 17108 - 17137, now 17130 , sum entries = 29145 . . . Used time: 0s Expected left time: 0s          
 Analyzing entries 17108 - 17137, now 17131 , sum entries = 29145 . . . Used time: 0s Expected left time: 0s          
 Analyzing entries 17108 - 17137, now 17132 , sum entries = 29145 . . . Used time: 0s Expected left time: 0s          
 Analyzing entries 17108 - 17137, now 17133 , sum entries = 29145 . . . Used time: 0s Expected left time: 0s          
 Analyzing entries 17108 - 17137, now 17134 , sum entries = 29145 . . . Used time: 0s Expected left time: 0s          
 Analyzing entries 17108 - 17137, now 17135 , sum entries = 29145 . . . Used time: 0s Expected left time: 0s          
 Analyzing entries 17108 - 17137, now 17136 , sum entries = 29145 . . . Used time: 0s Expected left time: 0s          
 Save to RootFile /extdisk/zlin/Machine_learning/RecoPlanesFeatures/CMS_herwig_HT1000to1500-preVFP_jinitpt450_600_j2pt80_120Reco/Chunk58_Part7.root . . . Used time: 0s Expected left time: 0s          
 Analyzing entries 17137 - 17166, now 17137 , sum entries = 29145 . . . Used time: 0s Expected left time: 0s          
 Analyzing entries 17137 - 17166, now 17138 , sum entries = 29145 . . . Used time: 0s Expected left time: 0s          
 Analyzing entries 17137 - 17166, now 17139 , sum entries = 29145 . . . Used time: 0s Expected left time: 0s          
 Analyzing entries 17137 - 17166, now 17140 , sum entries = 29145 . . . Used time: 0s Expected left time: 0s          
 Analyzing entries 17137 - 17166, now 17141 , sum entries = 29145 . . . Used time: 0s Expected left time: 0s          
 Analyzing entries 17137 - 17166, now 17142 , sum entries = 29145 . . . Used time: 0s Expected left time: 0s          
 Analyzing entries 17137 - 17166, now 17143 , sum entries = 29145 . . . Used time: 0s Expected left time: 0s          
 Analyzing entries 17137 - 17166, now 17144 , sum entries = 29145 . . . Used time: 0s Expected left time: 0s          
 Analyzing entries 17137 - 17166, now 17145 , sum entries = 29145 . . . Used time: 0s Expected left time: 0s          
 Analyzing entries 17137 - 17166, now 17146 , sum entries = 29145 . . . Used time: 0s Expected left time: 0s          
 Analyzing entries 17137 - 17166, now 17147 , sum entries = 29145 . . . Used time: 0s Expected left time: 0s          
 Analyzing entries 17137 - 17166, now 17148 , sum entries = 29145 . . . Used time: 0s Expected left time: 0s          
 Analyzing entries 17137 - 17166, now 17149 , sum entries = 29145 . . . Used time: 0s Expected left time: 0s          
 Analyzing entries 17137 - 17166, now 17150 , sum entries = 29145 . . . Used time: 0s Expected left time: 0s          
 Analyzing entries 17137 - 17166, now 17151 , sum entries = 29145 . . . Used time: 0s Expected left time: 0s          
 Analyzing entries 17137 - 17166, now 17152 , sum entries = 29145 . . . Used time: 0s Expected left time: 0s          
 Analyzing entries 17137 - 17166, now 17153 , sum entries = 29145 . . . Used time: 0s Expected left time: 0s          
 Analyzing entries 17137 - 17166, now 17154 , sum entries = 29145 . . . Used time: 0s Expected left time: 0s          
 Analyzing entries 17137 - 17166, now 17155 , sum entries = 29145 . . . Used time: 0s Expected left time: 0s          
 Analyzing entries 17137 - 17166, now 17156 , sum entries = 29145 . . . Used time: 0s Expected left time: 0s          
 Analyzing entries 17137 - 17166, now 17157 , sum entries = 29145 . . . Used time: 0s Expected left time: 0s          
 Analyzing entries 17137 - 17166, now 17158 , sum entries = 29145 . . . Used time: 0s Expected left time: 0s          
 Analyzing entries 17137 - 17166, now 17159 , sum entries = 29145 . . . Used time: 0s Expected left time: 0s          
 Analyzing entries 17137 - 17166, now 17160 , sum entries = 29145 . . . Used time: 0s Expected left time: 0s          
 Analyzing entries 17137 - 17166, now 17161 , sum entries = 29145 . . . Used time: 0s Expected left time: 0s          
 Analyzing entries 17137 - 17166, now 17162 , sum entries = 29145 . . . Used time: 0s Expected left time: 0s          
 Analyzing entries 17137 - 17166, now 17163 , sum entries = 29145 . . . Used time: 0s Expected left time: 0s          
 Analyzing entries 17137 - 17166, now 17164 , sum entries = 29145 . . . Used time: 0s Expected left time: 0s          
 Analyzing entries 17137 - 17166, now 17165 , sum entries = 29145 . . . Used time: 0s Expected left time: 0s          
 Save to RootFile /extdisk/zlin/Machine_learning/RecoPlanesFeatures/CMS_herwig_HT1000to1500-preVFP_jinitpt450_600_j2pt80_120Reco/Chunk58_Part8.root . . . Used time: 0s Expected left time: 0s          
 Save to RootFile /extdisk/zlin/Machine_learning/RecoPlanesFeatures/CMS_herwig_HT1000to1500-preVFP_jinitpt450_600_j2pt80_120Reco/Chunk58_Part8.root . . . Used time: 0s Expected left time: 0s          
 Save to RootFile /extdisk/zlin/Machine_learning/RecoPlanesFeatures/CMS_herwig_HT1000to1500-preVFP_jinitpt450_600_j2pt80_120Reco/Chunk58_Part8.root . . . Used time: 0s Expected left time: 0s          
 Save to RootFile /extdisk/zlin/Machine_learning/RecoPlanesFeatures/CMS_herwig_HT1000to1500-preVFP_jinitpt450_600_j2pt80_120Reco/Chunk58_Part8.root . . . Used time: 0s Expected left time: 0s          
 Analyzing entries 17166 - 17195, now 17166 , sum entries = 29145 . . . Used time: 0s Expected left time: 0s          
 Analyzing entries 17166 - 17195, now 17167 , sum entries = 29145 . . . Used time: 0s Expected left time: 0s          
 Analyzing entries 17166 - 17195, now 17168 , sum entries = 29145 . . . Used time: 0s Expected left time: 0s          
 Analyzing entries 17166 - 17195, now 17169 , sum entries = 29145 . . . Used time: 0s Expected left time: 0s          
 Analyzing entries 17166 - 17195, now 17170 , sum entries = 29145 . . . Used time: 0s Expected left time: 0s          
 Analyzing entries 17166 - 17195, now 17171 , sum entries = 29145 . . . Used time: 0s Expected left time: 0s          
 Analyzing entries 17166 - 17195, now 17172 , sum entries = 29145 . . . Used time: 0s Expected left time: 0s          
 Analyzing entries 17166 - 17195, now 17173 , sum entries = 29145 . . . Used time: 0s Expected left time: 0s          
 Analyzing entries 17166 - 17195, now 17174 , sum entries = 29145 . . . Used time: 0s Expected left time: 0s          
 Analyzing entries 17166 - 17195, now 17175 , sum entries = 29145 . . . Used time: 0s Expected left time: 0s          
 Analyzing entries 17166 - 17195, now 17176 , sum entries = 29145 . . . Used time: 0s Expected left time: 0s          
 Analyzing entries 17166 - 17195, now 17177 , sum entries = 29145 . . . Used time: 0s Expected left time: 0s          
 Analyzing entries 17166 - 17195, now 17178 , sum entries = 29145 . . . Used time: 0s Expected left time: 0s          
 Analyzing entries 17166 - 17195, now 17179 , sum entries = 29145 . . . Used time: 0s Expected left time: 0s          
 Analyzing entries 17166 - 17195, now 17180 , sum entries = 29145 . . . Used time: 0s Expected left time: 0s          
 Analyzing entries 17166 - 17195, now 17181 , sum entries = 29145 . . . Used time: 0s Expected left time: 0s          
 Analyzing entries 17166 - 17195, now 17182 , sum entries = 29145 . . . Used time: 0s Expected left time: 0s          
 Analyzing entries 17166 - 17195, now 17183 , sum entries = 29145 . . . Used time: 0s Expected left time: 0s          
 Analyzing entries 17166 - 17195, now 17184 , sum entries = 29145 . . . Used time: 0s Expected left time: 0s          
 Analyzing entries 17166 - 17195, now 17185 , sum entries = 29145 . . . Used time: 0s Expected left time: 0s          
 Analyzing entries 17166 - 17195, now 17186 , sum entries = 29145 . . . Used time: 0s Expected left time: 0s          
 Analyzing entries 17166 - 17195, now 17187 , sum entries = 29145 . . . Used time: 0s Expected left time: 0s          
 Analyzing entries 17166 - 17195, now 17188 , sum entries = 29145 . . . Used time: 0s Expected left time: 0s          
 Analyzing entries 17166 - 17195, now 17189 , sum entries = 29145 . . . Used time: 0s Expected left time: 0s          
 Analyzing entries 17166 - 17195, now 17190 , sum entries = 29145 . . . Used time: 0s Expected left time: 0s          
 Analyzing entries 17166 - 17195, now 17191 , sum entries = 29145 . . . Used time: 0s Expected left time: 0s          
 Analyzing entries 17166 - 17195, now 17192 , sum entries = 29145 . . . Used time: 0s Expected left time: 0s          
 Analyzing entries 17166 - 17195, now 17193 , sum entries = 29145 . . . Used time: 0s Expected left time: 0s          
 Analyzing entries 17166 - 17195, now 17194 , sum entries = 29145 . . . Used time: 0s Expected left time: 0s          
 Save to RootFile /extdisk/zlin/Machine_learning/RecoPlanesFeatures/CMS_herwig_HT1000to1500-preVFP_jinitpt450_600_j2pt80_120Reco/Chunk58_Part9.root . . . Used time: 0s Expected left time: 0s          
 Save to RootFile /extdisk/zlin/Machine_learning/RecoPlanesFeatures/CMS_herwig_HT1000to1500-preVFP_jinitpt450_600_j2pt80_120Reco/Chunk58_Part9.root . . . Used time: 0s Expected left time: 0s          
 Save to RootFile /extdisk/zlin/Machine_learning/RecoPlanesFeatures/CMS_herwig_HT1000to1500-preVFP_jinitpt450_600_j2pt80_120Reco/Chunk58_Part9.root . . . Used time: 0s Expected left time: 0s          
 Save to RootFile /extdisk/zlin/Machine_learning/RecoPlanesFeatures/CMS_herwig_HT1000to1500-preVFP_jinitpt450_600_j2pt80_120Reco/Chunk58_Part9.root . . . Used time: 0s Expected left time: 0s          
 Save to RootFile /extdisk/zlin/Machine_learning/RecoPlanesFeatures/CMS_herwig_HT1000to1500-preVFP_jinitpt450_600_j2pt80_120Reco/Chunk58_Part9.root . . . Used time: 0s Expected left time: 0s          
