Warning in <TFile::Init>: file /extdisk/zlin/Machine_learning/RecoPlanes/CMS_herwig_HT1000to1500-preVFP/Chunk20_Part0.root probably not closed, trying to recover
Info in <TFile::Recover>: /extdisk/zlin/Machine_learning/RecoPlanes/CMS_herwig_HT1000to1500-preVFP/Chunk20_Part0.root, recovered key TTree:DataInfo at address 2152193
Warning in <TFile::Init>: successfully recovered 1 keys
Warning in <TFile::Init>: file /extdisk/zlin/Machine_learning/RecoPlanes/CMS_herwig_HT1000to1500-preVFP/Chunk39_Part0.root probably not closed, trying to recover
Warning in <TFile::Init>: no keys recovered, file has been made a Zombie
Warning in <TFile::Init>: file /extdisk/zlin/Machine_learning/RecoPlanes/CMS_herwig_HT1000to1500-preVFP/Chunk89_Part0.root probably not closed, trying to recover
Warning in <TFile::Init>: no keys recovered, file has been made a Zombie
 Analyzing entries 34043 - 34082, now 34043 , sum entries = 39585 . . . Used time: 0s Expected left time: 0s          
 Analyzing entries 34043 - 34082, now 34044 , sum entries = 39585 . . . Used time: 0s Expected left time: 0s          
 Analyzing entries 34043 - 34082, now 34045 , sum entries = 39585 . . . Used time: 0s Expected left time: 0s          
 Analyzing entries 34043 - 34082, now 34046 , sum entries = 39585 . . . Used time: 0s Expected left time: 0s          
 Analyzing entries 34043 - 34082, now 34047 , sum entries = 39585 . . . Used time: 0s Expected left time: 0s          
 Analyzing entries 34043 - 34082, now 34048 , sum entries = 39585 . . . Used time: 0s Expected left time: 0s          
 Analyzing entries 34043 - 34082, now 34049 , sum entries = 39585 . . . Used time: 0s Expected left time: 0s          
 Analyzing entries 34043 - 34082, now 34050 , sum entries = 39585 . . . Used time: 0s Expected left time: 0s          
 Analyzing entries 34043 - 34082, now 34051 , sum entries = 39585 . . . Used time: 0s Expected left time: 0s          
 Analyzing entries 34043 - 34082, now 34052 , sum entries = 39585 . . . Used time: 0s Expected left time: 0s          
 Analyzing entries 34043 - 34082, now 34053 , sum entries = 39585 . . . Used time: 0s Expected left time: 0s          
 Analyzing entries 34043 - 34082, now 34054 , sum entries = 39585 . . . Used time: 0s Expected left time: 0s          
 Analyzing entries 34043 - 34082, now 34055 , sum entries = 39585 . . . Used time: 0s Expected left time: 0s          
 Analyzing entries 34043 - 34082, now 34056 , sum entries = 39585 . . . Used time: 0s Expected left time: 0s          
 Analyzing entries 34043 - 34082, now 34057 , sum entries = 39585 . . . Used time: 0s Expected left time: 0s          
 Analyzing entries 34043 - 34082, now 34058 , sum entries = 39585 . . . Used time: 0s Expected left time: 0s          
 Analyzing entries 34043 - 34082, now 34059 , sum entries = 39585 . . . Used time: 0s Expected left time: 0s          
 Analyzing entries 34043 - 34082, now 34060 , sum entries = 39585 . . . Used time: 0s Expected left time: 0s          
 Analyzing entries 34043 - 34082, now 34061 , sum entries = 39585 . . . Used time: 0s Expected left time: 0s          
 Analyzing entries 34043 - 34082, now 34062 , sum entries = 39585 . . . Used time: 0s Expected left time: 0s          
 Analyzing entries 34043 - 34082, now 34063 , sum entries = 39585 . . . Used time: 0s Expected left time: 0s          
 Analyzing entries 34043 - 34082, now 34064 , sum entries = 39585 . . . Used time: 0s Expected left time: 0s          
 Analyzing entries 34043 - 34082, now 34065 , sum entries = 39585 . . . Used time: 0s Expected left time: 0s          
 Analyzing entries 34043 - 34082, now 34066 , sum entries = 39585 . . . Used time: 0s Expected left time: 0s          
 Analyzing entries 34043 - 34082, now 34067 , sum entries = 39585 . . . Used time: 0s Expected left time: 0s          
 Analyzing entries 34043 - 34082, now 34068 , sum entries = 39585 . . . Used time: 0s Expected left time: 0s          
 Analyzing entries 34043 - 34082, now 34069 , sum entries = 39585 . . . Used time: 0s Expected left time: 0s          
 Analyzing entries 34043 - 34082, now 34070 , sum entries = 39585 . . . Used time: 0s Expected left time: 0s          
 Analyzing entries 34043 - 34082, now 34071 , sum entries = 39585 . . . Used time: 0s Expected left time: 0s          
 Analyzing entries 34043 - 34082, now 34072 , sum entries = 39585 . . . Used time: 0s Expected left time: 0s          
 Analyzing entries 34043 - 34082, now 34073 , sum entries = 39585 . . . Used time: 0s Expected left time: 0s          
 Analyzing entries 34043 - 34082, now 34074 , sum entries = 39585 . . . Used time: 0s Expected left time: 0s          
 Analyzing entries 34043 - 34082, now 34075 , sum entries = 39585 . . . Used time: 0s Expected left time: 0s          
 Analyzing entries 34043 - 34082, now 34076 , sum entries = 39585 . . . Used time: 0s Expected left time: 0s          
 Analyzing entries 34043 - 34082, now 34077 , sum entries = 39585 . . . Used time: 0s Expected left time: 0s          
 Analyzing entries 34043 - 34082, now 34078 , sum entries = 39585 . . . Used time: 0s Expected left time: 0s          
 Analyzing entries 34043 - 34082, now 34079 , sum entries = 39585 . . . Used time: 0s Expected left time: 0s          
 Analyzing entries 34043 - 34082, now 34080 , sum entries = 39585 . . . Used time: 0s Expected left time: 0s          
 Analyzing entries 34043 - 34082, now 34081 , sum entries = 39585 . . . Used time: 0s Expected left time: 0s          
 Save to RootFile /extdisk/zlin/Machine_learning/RecoPlanesFeatures/CMS_herwig_HT1000to1500-preVFP_jinitpt450_600_j2pt80_120Reco/Chunk86_Part0.root . . . Used time: 0s Expected left time: 0s          
 Save to RootFile /extdisk/zlin/Machine_learning/RecoPlanesFeatures/CMS_herwig_HT1000to1500-preVFP_jinitpt450_600_j2pt80_120Reco/Chunk86_Part0.root . . . Used time: 0s Expected left time: 0s          
 Save to RootFile /extdisk/zlin/Machine_learning/RecoPlanesFeatures/CMS_herwig_HT1000to1500-preVFP_jinitpt450_600_j2pt80_120Reco/Chunk86_Part0.root . . . Used time: 0s Expected left time: 0s          
 Save to RootFile /extdisk/zlin/Machine_learning/RecoPlanesFeatures/CMS_herwig_HT1000to1500-preVFP_jinitpt450_600_j2pt80_120Reco/Chunk86_Part0.root . . . Used time: 0s Expected left time: 0s          
 Save to RootFile /extdisk/zlin/Machine_learning/RecoPlanesFeatures/CMS_herwig_HT1000to1500-preVFP_jinitpt450_600_j2pt80_120Reco/Chunk86_Part0.root . . . Used time: 0s Expected left time: 0s          
 Save to RootFile /extdisk/zlin/Machine_learning/RecoPlanesFeatures/CMS_herwig_HT1000to1500-preVFP_jinitpt450_600_j2pt80_120Reco/Chunk86_Part0.root . . . Used time: 0s Expected left time: 0s          
 Save to RootFile /extdisk/zlin/Machine_learning/RecoPlanesFeatures/CMS_herwig_HT1000to1500-preVFP_jinitpt450_600_j2pt80_120Reco/Chunk86_Part0.root . . . Used time: 0s Expected left time: 0s          
 Analyzing entries 34082 - 34121, now 34082 , sum entries = 39585 . . . Used time: 0s Expected left time: 0s          
 Analyzing entries 34082 - 34121, now 34083 , sum entries = 39585 . . . Used time: 0s Expected left time: 0s          
 Analyzing entries 34082 - 34121, now 34084 , sum entries = 39585 . . . Used time: 0s Expected left time: 0s          
 Analyzing entries 34082 - 34121, now 34085 , sum entries = 39585 . . . Used time: 0s Expected left time: 0s          
 Analyzing entries 34082 - 34121, now 34086 , sum entries = 39585 . . . Used time: 0s Expected left time: 0s          
 Analyzing entries 34082 - 34121, now 34087 , sum entries = 39585 . . . Used time: 0s Expected left time: 0s          
 Analyzing entries 34082 - 34121, now 34088 , sum entries = 39585 . . . Used time: 0s Expected left time: 0s          
 Analyzing entries 34082 - 34121, now 34089 , sum entries = 39585 . . . Used time: 0s Expected left time: 0s          
 Analyzing entries 34082 - 34121, now 34090 , sum entries = 39585 . . . Used time: 0s Expected left time: 0s          
 Analyzing entries 34082 - 34121, now 34091 , sum entries = 39585 . . . Used time: 0s Expected left time: 0s          
 Analyzing entries 34082 - 34121, now 34092 , sum entries = 39585 . . . Used time: 0s Expected left time: 0s          
 Analyzing entries 34082 - 34121, now 34093 , sum entries = 39585 . . . Used time: 0s Expected left time: 0s          
 Analyzing entries 34082 - 34121, now 34094 , sum entries = 39585 . . . Used time: 0s Expected left time: 0s          
 Analyzing entries 34082 - 34121, now 34095 , sum entries = 39585 . . . Used time: 0s Expected left time: 0s          
 Analyzing entries 34082 - 34121, now 34096 , sum entries = 39585 . . . Used time: 0s Expected left time: 0s          
 Analyzing entries 34082 - 34121, now 34097 , sum entries = 39585 . . . Used time: 0s Expected left time: 0s          
 Analyzing entries 34082 - 34121, now 34098 , sum entries = 39585 . . . Used time: 0s Expected left time: 0s          
 Analyzing entries 34082 - 34121, now 34099 , sum entries = 39585 . . . Used time: 0s Expected left time: 0s          
 Analyzing entries 34082 - 34121, now 34100 , sum entries = 39585 . . . Used time: 0s Expected left time: 0s          
 Analyzing entries 34082 - 34121, now 34101 , sum entries = 39585 . . . Used time: 0s Expected left time: 0s          
 Analyzing entries 34082 - 34121, now 34102 , sum entries = 39585 . . . Used time: 0s Expected left time: 0s          
 Analyzing entries 34082 - 34121, now 34103 , sum entries = 39585 . . . Used time: 0s Expected left time: 0s          
 Analyzing entries 34082 - 34121, now 34104 , sum entries = 39585 . . . Used time: 0s Expected left time: 0s          
 Analyzing entries 34082 - 34121, now 34105 , sum entries = 39585 . . . Used time: 0s Expected left time: 0s          
 Analyzing entries 34082 - 34121, now 34106 , sum entries = 39585 . . . Used time: 0s Expected left time: 0s          
 Analyzing entries 34082 - 34121, now 34107 , sum entries = 39585 . . . Used time: 0s Expected left time: 0s          
 Analyzing entries 34082 - 34121, now 34108 , sum entries = 39585 . . . Used time: 0s Expected left time: 0s          
 Analyzing entries 34082 - 34121, now 34109 , sum entries = 39585 . . . Used time: 0s Expected left time: 0s          
 Analyzing entries 34082 - 34121, now 34110 , sum entries = 39585 . . . Used time: 0s Expected left time: 0s          
 Analyzing entries 34082 - 34121, now 34111 , sum entries = 39585 . . . Used time: 0s Expected left time: 0s          
 Analyzing entries 34082 - 34121, now 34112 , sum entries = 39585 . . . Used time: 0s Expected left time: 0s          
 Analyzing entries 34082 - 34121, now 34113 , sum entries = 39585 . . . Used time: 0s Expected left time: 0s          
 Analyzing entries 34082 - 34121, now 34114 , sum entries = 39585 . . . Used time: 0s Expected left time: 0s          
 Analyzing entries 34082 - 34121, now 34115 , sum entries = 39585 . . . Used time: 0s Expected left time: 0s          
 Analyzing entries 34082 - 34121, now 34116 , sum entries = 39585 . . . Used time: 0s Expected left time: 0s          
 Analyzing entries 34082 - 34121, now 34117 , sum entries = 39585 . . . Used time: 0s Expected left time: 0s          
 Analyzing entries 34082 - 34121, now 34118 , sum entries = 39585 . . . Used time: 0s Expected left time: 0s          
 Analyzing entries 34082 - 34121, now 34119 , sum entries = 39585 . . . Used time: 0s Expected left time: 0s          
 Analyzing entries 34082 - 34121, now 34120 , sum entries = 39585 . . . Used time: 0s Expected left time: 0s          
 Save to RootFile /extdisk/zlin/Machine_learning/RecoPlanesFeatures/CMS_herwig_HT1000to1500-preVFP_jinitpt450_600_j2pt80_120Reco/Chunk86_Part1.root . . . Used time: 0s Expected left time: 0s          
 Save to RootFile /extdisk/zlin/Machine_learning/RecoPlanesFeatures/CMS_herwig_HT1000to1500-preVFP_jinitpt450_600_j2pt80_120Reco/Chunk86_Part1.root . . . Used time: 0s Expected left time: 0s          
 Save to RootFile /extdisk/zlin/Machine_learning/RecoPlanesFeatures/CMS_herwig_HT1000to1500-preVFP_jinitpt450_600_j2pt80_120Reco/Chunk86_Part1.root . . . Used time: 0s Expected left time: 0s          
 Save to RootFile /extdisk/zlin/Machine_learning/RecoPlanesFeatures/CMS_herwig_HT1000to1500-preVFP_jinitpt450_600_j2pt80_120Reco/Chunk86_Part1.root . . . Used time: 0s Expected left time: 0s          
 Analyzing entries 34122 - 34161, now 34122 , sum entries = 39585 . . . Used time: 0s Expected left time: 0s          
 Analyzing entries 34122 - 34161, now 34123 , sum entries = 39585 . . . Used time: 0s Expected left time: 0s          
 Analyzing entries 34122 - 34161, now 34124 , sum entries = 39585 . . . Used time: 0s Expected left time: 0s          
 Analyzing entries 34122 - 34161, now 34125 , sum entries = 39585 . . . Used time: 0s Expected left time: 0s          
 Analyzing entries 34122 - 34161, now 34126 , sum entries = 39585 . . . Used time: 0s Expected left time: 0s          
 Analyzing entries 34122 - 34161, now 34127 , sum entries = 39585 . . . Used time: 0s Expected left time: 0s          
 Analyzing entries 34122 - 34161, now 34128 , sum entries = 39585 . . . Used time: 0s Expected left time: 0s          
 Analyzing entries 34122 - 34161, now 34129 , sum entries = 39585 . . . Used time: 0s Expected left time: 0s          
 Analyzing entries 34122 - 34161, now 34130 , sum entries = 39585 . . . Used time: 0s Expected left time: 0s          
 Analyzing entries 34122 - 34161, now 34131 , sum entries = 39585 . . . Used time: 0s Expected left time: 0s          
 Analyzing entries 34122 - 34161, now 34132 , sum entries = 39585 . . . Used time: 0s Expected left time: 0s          
 Analyzing entries 34122 - 34161, now 34133 , sum entries = 39585 . . . Used time: 0s Expected left time: 0s          
 Analyzing entries 34122 - 34161, now 34134 , sum entries = 39585 . . . Used time: 0s Expected left time: 0s          
 Analyzing entries 34122 - 34161, now 34135 , sum entries = 39585 . . . Used time: 0s Expected left time: 0s          
 Analyzing entries 34122 - 34161, now 34136 , sum entries = 39585 . . . Used time: 0s Expected left time: 0s          
 Analyzing entries 34122 - 34161, now 34137 , sum entries = 39585 . . . Used time: 0s Expected left time: 0s          
 Analyzing entries 34122 - 34161, now 34138 , sum entries = 39585 . . . Used time: 0s Expected left time: 0s          
 Analyzing entries 34122 - 34161, now 34139 , sum entries = 39585 . . . Used time: 0s Expected left time: 0s          
 Analyzing entries 34122 - 34161, now 34140 , sum entries = 39585 . . . Used time: 0s Expected left time: 0s          
 Analyzing entries 34122 - 34161, now 34141 , sum entries = 39585 . . . Used time: 0s Expected left time: 0s          
 Analyzing entries 34122 - 34161, now 34142 , sum entries = 39585 . . . Used time: 0s Expected left time: 0s          
 Analyzing entries 34122 - 34161, now 34143 , sum entries = 39585 . . . Used time: 0s Expected left time: 0s          
 Analyzing entries 34122 - 34161, now 34144 , sum entries = 39585 . . . Used time: 0s Expected left time: 0s          
 Analyzing entries 34122 - 34161, now 34145 , sum entries = 39585 . . . Used time: 0s Expected left time: 0s          
 Analyzing entries 34122 - 34161, now 34146 , sum entries = 39585 . . . Used time: 0s Expected left time: 0s          
 Analyzing entries 34122 - 34161, now 34147 , sum entries = 39585 . . . Used time: 0s Expected left time: 0s          
 Analyzing entries 34122 - 34161, now 34148 , sum entries = 39585 . . . Used time: 0s Expected left time: 0s          
 Analyzing entries 34122 - 34161, now 34149 , sum entries = 39585 . . . Used time: 0s Expected left time: 0s          
 Analyzing entries 34122 - 34161, now 34150 , sum entries = 39585 . . . Used time: 0s Expected left time: 0s          
 Analyzing entries 34122 - 34161, now 34151 , sum entries = 39585 . . . Used time: 0s Expected left time: 0s          
 Analyzing entries 34122 - 34161, now 34152 , sum entries = 39585 . . . Used time: 0s Expected left time: 0s          
 Analyzing entries 34122 - 34161, now 34153 , sum entries = 39585 . . . Used time: 0s Expected left time: 0s          
 Analyzing entries 34122 - 34161, now 34154 , sum entries = 39585 . . . Used time: 0s Expected left time: 0s          
 Analyzing entries 34122 - 34161, now 34155 , sum entries = 39585 . . . Used time: 0s Expected left time: 0s          
 Analyzing entries 34122 - 34161, now 34156 , sum entries = 39585 . . . Used time: 0s Expected left time: 0s          
 Analyzing entries 34122 - 34161, now 34157 , sum entries = 39585 . . . Used time: 0s Expected left time: 0s          
 Analyzing entries 34122 - 34161, now 34158 , sum entries = 39585 . . . Used time: 0s Expected left time: 0s          
 Analyzing entries 34122 - 34161, now 34159 , sum entries = 39585 . . . Used time: 0s Expected left time: 0s          
 Analyzing entries 34122 - 34161, now 34160 , sum entries = 39585 . . . Used time: 0s Expected left time: 0s          
 Save to RootFile /extdisk/zlin/Machine_learning/RecoPlanesFeatures/CMS_herwig_HT1000to1500-preVFP_jinitpt450_600_j2pt80_120Reco/Chunk86_Part2.root . . . Used time: 0s Expected left time: 0s          
 Save to RootFile /extdisk/zlin/Machine_learning/RecoPlanesFeatures/CMS_herwig_HT1000to1500-preVFP_jinitpt450_600_j2pt80_120Reco/Chunk86_Part2.root . . . Used time: 0s Expected left time: 0s          
 Save to RootFile /extdisk/zlin/Machine_learning/RecoPlanesFeatures/CMS_herwig_HT1000to1500-preVFP_jinitpt450_600_j2pt80_120Reco/Chunk86_Part2.root . . . Used time: 0s Expected left time: 0s          
 Save to RootFile /extdisk/zlin/Machine_learning/RecoPlanesFeatures/CMS_herwig_HT1000to1500-preVFP_jinitpt450_600_j2pt80_120Reco/Chunk86_Part2.root . . . Used time: 0s Expected left time: 0s          
 Save to RootFile /extdisk/zlin/Machine_learning/RecoPlanesFeatures/CMS_herwig_HT1000to1500-preVFP_jinitpt450_600_j2pt80_120Reco/Chunk86_Part2.root . . . Used time: 0s Expected left time: 0s          
 Save to RootFile /extdisk/zlin/Machine_learning/RecoPlanesFeatures/CMS_herwig_HT1000to1500-preVFP_jinitpt450_600_j2pt80_120Reco/Chunk86_Part2.root . . . Used time: 0s Expected left time: 0s          
 Save to RootFile /extdisk/zlin/Machine_learning/RecoPlanesFeatures/CMS_herwig_HT1000to1500-preVFP_jinitpt450_600_j2pt80_120Reco/Chunk86_Part2.root . . . Used time: 0s Expected left time: 0s          
 Analyzing entries 34161 - 34200, now 34161 , sum entries = 39585 . . . Used time: 0s Expected left time: 0s          
 Analyzing entries 34161 - 34200, now 34162 , sum entries = 39585 . . . Used time: 0s Expected left time: 0s          
 Analyzing entries 34161 - 34200, now 34163 , sum entries = 39585 . . . Used time: 0s Expected left time: 0s          
 Analyzing entries 34161 - 34200, now 34164 , sum entries = 39585 . . . Used time: 0s Expected left time: 0s          
 Analyzing entries 34161 - 34200, now 34165 , sum entries = 39585 . . . Used time: 0s Expected left time: 0s          
 Analyzing entries 34161 - 34200, now 34166 , sum entries = 39585 . . . Used time: 0s Expected left time: 0s          
 Analyzing entries 34161 - 34200, now 34167 , sum entries = 39585 . . . Used time: 0s Expected left time: 0s          
 Analyzing entries 34161 - 34200, now 34168 , sum entries = 39585 . . . Used time: 0s Expected left time: 0s          
 Analyzing entries 34161 - 34200, now 34169 , sum entries = 39585 . . . Used time: 0s Expected left time: 0s          
 Analyzing entries 34161 - 34200, now 34170 , sum entries = 39585 . . . Used time: 0s Expected left time: 0s          
 Analyzing entries 34161 - 34200, now 34171 , sum entries = 39585 . . . Used time: 0s Expected left time: 0s          
 Analyzing entries 34161 - 34200, now 34172 , sum entries = 39585 . . . Used time: 0s Expected left time: 0s          
 Analyzing entries 34161 - 34200, now 34173 , sum entries = 39585 . . . Used time: 0s Expected left time: 0s          
 Analyzing entries 34161 - 34200, now 34174 , sum entries = 39585 . . . Used time: 0s Expected left time: 0s          
 Analyzing entries 34161 - 34200, now 34175 , sum entries = 39585 . . . Used time: 0s Expected left time: 0s          
 Analyzing entries 34161 - 34200, now 34176 , sum entries = 39585 . . . Used time: 0s Expected left time: 0s          
 Analyzing entries 34161 - 34200, now 34177 , sum entries = 39585 . . . Used time: 0s Expected left time: 0s          
 Analyzing entries 34161 - 34200, now 34178 , sum entries = 39585 . . . Used time: 0s Expected left time: 0s          
 Analyzing entries 34161 - 34200, now 34179 , sum entries = 39585 . . . Used time: 0s Expected left time: 0s          
 Analyzing entries 34161 - 34200, now 34180 , sum entries = 39585 . . . Used time: 0s Expected left time: 0s          
 Analyzing entries 34161 - 34200, now 34181 , sum entries = 39585 . . . Used time: 0s Expected left time: 0s          
 Analyzing entries 34161 - 34200, now 34182 , sum entries = 39585 . . . Used time: 0s Expected left time: 0s          
 Analyzing entries 34161 - 34200, now 34183 , sum entries = 39585 . . . Used time: 0s Expected left time: 0s          
 Analyzing entries 34161 - 34200, now 34184 , sum entries = 39585 . . . Used time: 0s Expected left time: 0s          
 Analyzing entries 34161 - 34200, now 34185 , sum entries = 39585 . . . Used time: 0s Expected left time: 0s          
 Analyzing entries 34161 - 34200, now 34186 , sum entries = 39585 . . . Used time: 0s Expected left time: 0s          
 Analyzing entries 34161 - 34200, now 34187 , sum entries = 39585 . . . Used time: 0s Expected left time: 0s          
 Analyzing entries 34161 - 34200, now 34188 , sum entries = 39585 . . . Used time: 0s Expected left time: 0s          
 Analyzing entries 34161 - 34200, now 34189 , sum entries = 39585 . . . Used time: 0s Expected left time: 0s          
 Analyzing entries 34161 - 34200, now 34190 , sum entries = 39585 . . . Used time: 0s Expected left time: 0s          
 Analyzing entries 34161 - 34200, now 34191 , sum entries = 39585 . . . Used time: 0s Expected left time: 0s          
 Analyzing entries 34161 - 34200, now 34192 , sum entries = 39585 . . . Used time: 0s Expected left time: 0s          
 Analyzing entries 34161 - 34200, now 34193 , sum entries = 39585 . . . Used time: 0s Expected left time: 0s          
 Analyzing entries 34161 - 34200, now 34194 , sum entries = 39585 . . . Used time: 0s Expected left time: 0s          
 Analyzing entries 34161 - 34200, now 34195 , sum entries = 39585 . . . Used time: 0s Expected left time: 0s          
 Analyzing entries 34161 - 34200, now 34196 , sum entries = 39585 . . . Used time: 0s Expected left time: 0s          
 Analyzing entries 34161 - 34200, now 34197 , sum entries = 39585 . . . Used time: 0s Expected left time: 0s          
 Analyzing entries 34161 - 34200, now 34198 , sum entries = 39585 . . . Used time: 0s Expected left time: 0s          
 Analyzing entries 34161 - 34200, now 34199 , sum entries = 39585 . . . Used time: 0s Expected left time: 0s          
 Save to RootFile /extdisk/zlin/Machine_learning/RecoPlanesFeatures/CMS_herwig_HT1000to1500-preVFP_jinitpt450_600_j2pt80_120Reco/Chunk86_Part3.root . . . Used time: 0s Expected left time: 0s          
 Save to RootFile /extdisk/zlin/Machine_learning/RecoPlanesFeatures/CMS_herwig_HT1000to1500-preVFP_jinitpt450_600_j2pt80_120Reco/Chunk86_Part3.root . . . Used time: 0s Expected left time: 0s          
 Save to RootFile /extdisk/zlin/Machine_learning/RecoPlanesFeatures/CMS_herwig_HT1000to1500-preVFP_jinitpt450_600_j2pt80_120Reco/Chunk86_Part3.root . . . Used time: 0s Expected left time: 0s          
 Save to RootFile /extdisk/zlin/Machine_learning/RecoPlanesFeatures/CMS_herwig_HT1000to1500-preVFP_jinitpt450_600_j2pt80_120Reco/Chunk86_Part3.root . . . Used time: 0s Expected left time: 0s          
 Save to RootFile /extdisk/zlin/Machine_learning/RecoPlanesFeatures/CMS_herwig_HT1000to1500-preVFP_jinitpt450_600_j2pt80_120Reco/Chunk86_Part3.root . . . Used time: 0s Expected left time: 0s          
 Save to RootFile /extdisk/zlin/Machine_learning/RecoPlanesFeatures/CMS_herwig_HT1000to1500-preVFP_jinitpt450_600_j2pt80_120Reco/Chunk86_Part3.root . . . Used time: 0s Expected left time: 0s          
 Save to RootFile /extdisk/zlin/Machine_learning/RecoPlanesFeatures/CMS_herwig_HT1000to1500-preVFP_jinitpt450_600_j2pt80_120Reco/Chunk86_Part3.root . . . Used time: 0s Expected left time: 0s          
 Analyzing entries 34201 - 34240, now 34201 , sum entries = 39585 . . . Used time: 0s Expected left time: 0s          
 Analyzing entries 34201 - 34240, now 34202 , sum entries = 39585 . . . Used time: 0s Expected left time: 0s          
 Analyzing entries 34201 - 34240, now 34203 , sum entries = 39585 . . . Used time: 0s Expected left time: 0s          
 Analyzing entries 34201 - 34240, now 34204 , sum entries = 39585 . . . Used time: 0s Expected left time: 0s          
 Analyzing entries 34201 - 34240, now 34205 , sum entries = 39585 . . . Used time: 0s Expected left time: 0s          
 Analyzing entries 34201 - 34240, now 34206 , sum entries = 39585 . . . Used time: 0s Expected left time: 0s          
 Analyzing entries 34201 - 34240, now 34207 , sum entries = 39585 . . . Used time: 0s Expected left time: 0s          
 Analyzing entries 34201 - 34240, now 34208 , sum entries = 39585 . . . Used time: 0s Expected left time: 0s          
 Analyzing entries 34201 - 34240, now 34209 , sum entries = 39585 . . . Used time: 0s Expected left time: 0s          
 Analyzing entries 34201 - 34240, now 34210 , sum entries = 39585 . . . Used time: 0s Expected left time: 0s          
 Analyzing entries 34201 - 34240, now 34211 , sum entries = 39585 . . . Used time: 0s Expected left time: 0s          
 Analyzing entries 34201 - 34240, now 34212 , sum entries = 39585 . . . Used time: 0s Expected left time: 0s          
 Analyzing entries 34201 - 34240, now 34213 , sum entries = 39585 . . . Used time: 0s Expected left time: 0s          
 Analyzing entries 34201 - 34240, now 34214 , sum entries = 39585 . . . Used time: 0s Expected left time: 0s          
 Analyzing entries 34201 - 34240, now 34215 , sum entries = 39585 . . . Used time: 0s Expected left time: 0s          
 Analyzing entries 34201 - 34240, now 34216 , sum entries = 39585 . . . Used time: 0s Expected left time: 0s          
 Analyzing entries 34201 - 34240, now 34217 , sum entries = 39585 . . . Used time: 0s Expected left time: 0s          
 Analyzing entries 34201 - 34240, now 34218 , sum entries = 39585 . . . Used time: 0s Expected left time: 0s          
 Analyzing entries 34201 - 34240, now 34219 , sum entries = 39585 . . . Used time: 0s Expected left time: 0s          
 Analyzing entries 34201 - 34240, now 34220 , sum entries = 39585 . . . Used time: 0s Expected left time: 0s          
 Analyzing entries 34201 - 34240, now 34221 , sum entries = 39585 . . . Used time: 0s Expected left time: 0s          
 Analyzing entries 34201 - 34240, now 34222 , sum entries = 39585 . . . Used time: 0s Expected left time: 0s          
 Analyzing entries 34201 - 34240, now 34223 , sum entries = 39585 . . . Used time: 0s Expected left time: 0s          
 Analyzing entries 34201 - 34240, now 34224 , sum entries = 39585 . . . Used time: 0s Expected left time: 0s          
 Analyzing entries 34201 - 34240, now 34225 , sum entries = 39585 . . . Used time: 0s Expected left time: 0s          
 Analyzing entries 34201 - 34240, now 34226 , sum entries = 39585 . . . Used time: 0s Expected left time: 0s          
 Analyzing entries 34201 - 34240, now 34227 , sum entries = 39585 . . . Used time: 0s Expected left time: 0s          
 Analyzing entries 34201 - 34240, now 34228 , sum entries = 39585 . . . Used time: 0s Expected left time: 0s          
 Analyzing entries 34201 - 34240, now 34229 , sum entries = 39585 . . . Used time: 0s Expected left time: 0s          
 Analyzing entries 34201 - 34240, now 34230 , sum entries = 39585 . . . Used time: 0s Expected left time: 0s          
 Analyzing entries 34201 - 34240, now 34231 , sum entries = 39585 . . . Used time: 0s Expected left time: 0s          
 Analyzing entries 34201 - 34240, now 34232 , sum entries = 39585 . . . Used time: 0s Expected left time: 0s          
 Analyzing entries 34201 - 34240, now 34233 , sum entries = 39585 . . . Used time: 0s Expected left time: 0s          
 Analyzing entries 34201 - 34240, now 34234 , sum entries = 39585 . . . Used time: 0s Expected left time: 0s          
 Analyzing entries 34201 - 34240, now 34235 , sum entries = 39585 . . . Used time: 0s Expected left time: 0s          
 Analyzing entries 34201 - 34240, now 34236 , sum entries = 39585 . . . Used time: 0s Expected left time: 0s          
 Analyzing entries 34201 - 34240, now 34237 , sum entries = 39585 . . . Used time: 0s Expected left time: 0s          
 Analyzing entries 34201 - 34240, now 34238 , sum entries = 39585 . . . Used time: 0s Expected left time: 0s          
 Analyzing entries 34201 - 34240, now 34239 , sum entries = 39585 . . . Used time: 0s Expected left time: 0s          
 Save to RootFile /extdisk/zlin/Machine_learning/RecoPlanesFeatures/CMS_herwig_HT1000to1500-preVFP_jinitpt450_600_j2pt80_120Reco/Chunk86_Part4.root . . . Used time: 0s Expected left time: 0s          
 Save to RootFile /extdisk/zlin/Machine_learning/RecoPlanesFeatures/CMS_herwig_HT1000to1500-preVFP_jinitpt450_600_j2pt80_120Reco/Chunk86_Part4.root . . . Used time: 0s Expected left time: 0s          
 Save to RootFile /extdisk/zlin/Machine_learning/RecoPlanesFeatures/CMS_herwig_HT1000to1500-preVFP_jinitpt450_600_j2pt80_120Reco/Chunk86_Part4.root . . . Used time: 0s Expected left time: 0s          
 Save to RootFile /extdisk/zlin/Machine_learning/RecoPlanesFeatures/CMS_herwig_HT1000to1500-preVFP_jinitpt450_600_j2pt80_120Reco/Chunk86_Part4.root . . . Used time: 0s Expected left time: 0s          
 Analyzing entries 34241 - 34280, now 34241 , sum entries = 39585 . . . Used time: 0s Expected left time: 0s          
 Analyzing entries 34241 - 34280, now 34242 , sum entries = 39585 . . . Used time: 0s Expected left time: 0s          
 Analyzing entries 34241 - 34280, now 34243 , sum entries = 39585 . . . Used time: 0s Expected left time: 0s          
 Analyzing entries 34241 - 34280, now 34244 , sum entries = 39585 . . . Used time: 0s Expected left time: 0s          
 Analyzing entries 34241 - 34280, now 34245 , sum entries = 39585 . . . Used time: 0s Expected left time: 0s          
 Analyzing entries 34241 - 34280, now 34246 , sum entries = 39585 . . . Used time: 0s Expected left time: 0s          
 Analyzing entries 34241 - 34280, now 34247 , sum entries = 39585 . . . Used time: 0s Expected left time: 0s          
 Analyzing entries 34241 - 34280, now 34248 , sum entries = 39585 . . . Used time: 0s Expected left time: 0s          
 Analyzing entries 34241 - 34280, now 34249 , sum entries = 39585 . . . Used time: 0s Expected left time: 0s          
 Analyzing entries 34241 - 34280, now 34250 , sum entries = 39585 . . . Used time: 0s Expected left time: 0s          
 Analyzing entries 34241 - 34280, now 34251 , sum entries = 39585 . . . Used time: 0s Expected left time: 0s          
 Analyzing entries 34241 - 34280, now 34252 , sum entries = 39585 . . . Used time: 0s Expected left time: 0s          
 Analyzing entries 34241 - 34280, now 34253 , sum entries = 39585 . . . Used time: 0s Expected left time: 0s          
 Analyzing entries 34241 - 34280, now 34254 , sum entries = 39585 . . . Used time: 0s Expected left time: 0s          
 Analyzing entries 34241 - 34280, now 34255 , sum entries = 39585 . . . Used time: 0s Expected left time: 0s          
 Analyzing entries 34241 - 34280, now 34256 , sum entries = 39585 . . . Used time: 0s Expected left time: 0s          
 Analyzing entries 34241 - 34280, now 34257 , sum entries = 39585 . . . Used time: 0s Expected left time: 0s          
 Analyzing entries 34241 - 34280, now 34258 , sum entries = 39585 . . . Used time: 0s Expected left time: 0s          
 Analyzing entries 34241 - 34280, now 34259 , sum entries = 39585 . . . Used time: 0s Expected left time: 0s          
 Analyzing entries 34241 - 34280, now 34260 , sum entries = 39585 . . . Used time: 0s Expected left time: 0s          
 Analyzing entries 34241 - 34280, now 34261 , sum entries = 39585 . . . Used time: 0s Expected left time: 0s          
 Analyzing entries 34241 - 34280, now 34262 , sum entries = 39585 . . . Used time: 0s Expected left time: 0s          
 Analyzing entries 34241 - 34280, now 34263 , sum entries = 39585 . . . Used time: 0s Expected left time: 0s          
 Analyzing entries 34241 - 34280, now 34264 , sum entries = 39585 . . . Used time: 0s Expected left time: 0s          
 Analyzing entries 34241 - 34280, now 34265 , sum entries = 39585 . . . Used time: 0s Expected left time: 0s          
 Analyzing entries 34241 - 34280, now 34266 , sum entries = 39585 . . . Used time: 0s Expected left time: 0s          
 Analyzing entries 34241 - 34280, now 34267 , sum entries = 39585 . . . Used time: 0s Expected left time: 0s          
 Analyzing entries 34241 - 34280, now 34268 , sum entries = 39585 . . . Used time: 0s Expected left time: 0s          
 Analyzing entries 34241 - 34280, now 34269 , sum entries = 39585 . . . Used time: 0s Expected left time: 0s          
 Analyzing entries 34241 - 34280, now 34270 , sum entries = 39585 . . . Used time: 0s Expected left time: 0s          
 Analyzing entries 34241 - 34280, now 34271 , sum entries = 39585 . . . Used time: 0s Expected left time: 0s          
 Analyzing entries 34241 - 34280, now 34272 , sum entries = 39585 . . . Used time: 0s Expected left time: 0s          
 Analyzing entries 34241 - 34280, now 34273 , sum entries = 39585 . . . Used time: 0s Expected left time: 0s          
 Analyzing entries 34241 - 34280, now 34274 , sum entries = 39585 . . . Used time: 0s Expected left time: 0s          
 Analyzing entries 34241 - 34280, now 34275 , sum entries = 39585 . . . Used time: 0s Expected left time: 0s          
 Analyzing entries 34241 - 34280, now 34276 , sum entries = 39585 . . . Used time: 0s Expected left time: 0s          
 Analyzing entries 34241 - 34280, now 34277 , sum entries = 39585 . . . Used time: 0s Expected left time: 0s          
 Analyzing entries 34241 - 34280, now 34278 , sum entries = 39585 . . . Used time: 0s Expected left time: 0s          
 Analyzing entries 34241 - 34280, now 34279 , sum entries = 39585 . . . Used time: 0s Expected left time: 0s          
 Save to RootFile /extdisk/zlin/Machine_learning/RecoPlanesFeatures/CMS_herwig_HT1000to1500-preVFP_jinitpt450_600_j2pt80_120Reco/Chunk86_Part5.root . . . Used time: 0s Expected left time: 0s          
 Save to RootFile /extdisk/zlin/Machine_learning/RecoPlanesFeatures/CMS_herwig_HT1000to1500-preVFP_jinitpt450_600_j2pt80_120Reco/Chunk86_Part5.root . . . Used time: 0s Expected left time: 0s          
 Save to RootFile /extdisk/zlin/Machine_learning/RecoPlanesFeatures/CMS_herwig_HT1000to1500-preVFP_jinitpt450_600_j2pt80_120Reco/Chunk86_Part5.root . . . Used time: 0s Expected left time: 0s          
 Save to RootFile /extdisk/zlin/Machine_learning/RecoPlanesFeatures/CMS_herwig_HT1000to1500-preVFP_jinitpt450_600_j2pt80_120Reco/Chunk86_Part5.root . . . Used time: 0s Expected left time: 0s          
 Save to RootFile /extdisk/zlin/Machine_learning/RecoPlanesFeatures/CMS_herwig_HT1000to1500-preVFP_jinitpt450_600_j2pt80_120Reco/Chunk86_Part5.root . . . Used time: 0s Expected left time: 0s          
 Analyzing entries 34280 - 34319, now 34280 , sum entries = 39585 . . . Used time: 0s Expected left time: 0s          
 Analyzing entries 34280 - 34319, now 34281 , sum entries = 39585 . . . Used time: 0s Expected left time: 0s          
 Analyzing entries 34280 - 34319, now 34282 , sum entries = 39585 . . . Used time: 0s Expected left time: 0s          
 Analyzing entries 34280 - 34319, now 34283 , sum entries = 39585 . . . Used time: 0s Expected left time: 0s          
 Analyzing entries 34280 - 34319, now 34284 , sum entries = 39585 . . . Used time: 0s Expected left time: 0s          
 Analyzing entries 34280 - 34319, now 34285 , sum entries = 39585 . . . Used time: 0s Expected left time: 0s          
 Analyzing entries 34280 - 34319, now 34286 , sum entries = 39585 . . . Used time: 0s Expected left time: 0s          
 Analyzing entries 34280 - 34319, now 34287 , sum entries = 39585 . . . Used time: 0s Expected left time: 0s          
 Analyzing entries 34280 - 34319, now 34288 , sum entries = 39585 . . . Used time: 0s Expected left time: 0s          
 Analyzing entries 34280 - 34319, now 34289 , sum entries = 39585 . . . Used time: 0s Expected left time: 0s          
 Analyzing entries 34280 - 34319, now 34290 , sum entries = 39585 . . . Used time: 0s Expected left time: 0s          
 Analyzing entries 34280 - 34319, now 34291 , sum entries = 39585 . . . Used time: 0s Expected left time: 0s          
 Analyzing entries 34280 - 34319, now 34292 , sum entries = 39585 . . . Used time: 0s Expected left time: 0s          
 Analyzing entries 34280 - 34319, now 34293 , sum entries = 39585 . . . Used time: 0s Expected left time: 0s          
 Analyzing entries 34280 - 34319, now 34294 , sum entries = 39585 . . . Used time: 0s Expected left time: 0s          
 Analyzing entries 34280 - 34319, now 34295 , sum entries = 39585 . . . Used time: 0s Expected left time: 0s          
 Analyzing entries 34280 - 34319, now 34296 , sum entries = 39585 . . . Used time: 0s Expected left time: 0s          
 Analyzing entries 34280 - 34319, now 34297 , sum entries = 39585 . . . Used time: 0s Expected left time: 0s          
 Analyzing entries 34280 - 34319, now 34298 , sum entries = 39585 . . . Used time: 0s Expected left time: 0s          
 Analyzing entries 34280 - 34319, now 34299 , sum entries = 39585 . . . Used time: 0s Expected left time: 0s          
 Analyzing entries 34280 - 34319, now 34300 , sum entries = 39585 . . . Used time: 0s Expected left time: 0s          
 Analyzing entries 34280 - 34319, now 34301 , sum entries = 39585 . . . Used time: 0s Expected left time: 0s          
 Analyzing entries 34280 - 34319, now 34302 , sum entries = 39585 . . . Used time: 0s Expected left time: 0s          
 Analyzing entries 34280 - 34319, now 34303 , sum entries = 39585 . . . Used time: 0s Expected left time: 0s          
 Analyzing entries 34280 - 34319, now 34304 , sum entries = 39585 . . . Used time: 0s Expected left time: 0s          
 Analyzing entries 34280 - 34319, now 34305 , sum entries = 39585 . . . Used time: 0s Expected left time: 0s          
 Analyzing entries 34280 - 34319, now 34306 , sum entries = 39585 . . . Used time: 0s Expected left time: 0s          
 Analyzing entries 34280 - 34319, now 34307 , sum entries = 39585 . . . Used time: 0s Expected left time: 0s          
 Analyzing entries 34280 - 34319, now 34308 , sum entries = 39585 . . . Used time: 0s Expected left time: 0s          
 Analyzing entries 34280 - 34319, now 34309 , sum entries = 39585 . . . Used time: 0s Expected left time: 0s          
 Analyzing entries 34280 - 34319, now 34310 , sum entries = 39585 . . . Used time: 0s Expected left time: 0s          
 Analyzing entries 34280 - 34319, now 34311 , sum entries = 39585 . . . Used time: 0s Expected left time: 0s          
 Analyzing entries 34280 - 34319, now 34312 , sum entries = 39585 . . . Used time: 0s Expected left time: 0s          
 Analyzing entries 34280 - 34319, now 34313 , sum entries = 39585 . . . Used time: 0s Expected left time: 0s          
 Analyzing entries 34280 - 34319, now 34314 , sum entries = 39585 . . . Used time: 0s Expected left time: 0s          
 Analyzing entries 34280 - 34319, now 34315 , sum entries = 39585 . . . Used time: 0s Expected left time: 0s          
 Analyzing entries 34280 - 34319, now 34316 , sum entries = 39585 . . . Used time: 0s Expected left time: 0s          
 Analyzing entries 34280 - 34319, now 34317 , sum entries = 39585 . . . Used time: 0s Expected left time: 0s          
 Analyzing entries 34280 - 34319, now 34318 , sum entries = 39585 . . . Used time: 0s Expected left time: 0s          
 Save to RootFile /extdisk/zlin/Machine_learning/RecoPlanesFeatures/CMS_herwig_HT1000to1500-preVFP_jinitpt450_600_j2pt80_120Reco/Chunk86_Part6.root . . . Used time: 0s Expected left time: 0s          
 Save to RootFile /extdisk/zlin/Machine_learning/RecoPlanesFeatures/CMS_herwig_HT1000to1500-preVFP_jinitpt450_600_j2pt80_120Reco/Chunk86_Part6.root . . . Used time: 0s Expected left time: 0s          
 Save to RootFile /extdisk/zlin/Machine_learning/RecoPlanesFeatures/CMS_herwig_HT1000to1500-preVFP_jinitpt450_600_j2pt80_120Reco/Chunk86_Part6.root . . . Used time: 0s Expected left time: 0s          
 Save to RootFile /extdisk/zlin/Machine_learning/RecoPlanesFeatures/CMS_herwig_HT1000to1500-preVFP_jinitpt450_600_j2pt80_120Reco/Chunk86_Part6.root . . . Used time: 0s Expected left time: 0s          
 Save to RootFile /extdisk/zlin/Machine_learning/RecoPlanesFeatures/CMS_herwig_HT1000to1500-preVFP_jinitpt450_600_j2pt80_120Reco/Chunk86_Part6.root . . . Used time: 0s Expected left time: 0s          
 Save to RootFile /extdisk/zlin/Machine_learning/RecoPlanesFeatures/CMS_herwig_HT1000to1500-preVFP_jinitpt450_600_j2pt80_120Reco/Chunk86_Part6.root . . . Used time: 0s Expected left time: 0s          
 Save to RootFile /extdisk/zlin/Machine_learning/RecoPlanesFeatures/CMS_herwig_HT1000to1500-preVFP_jinitpt450_600_j2pt80_120Reco/Chunk86_Part6.root . . . Used time: 0s Expected left time: 0s          
 Save to RootFile /extdisk/zlin/Machine_learning/RecoPlanesFeatures/CMS_herwig_HT1000to1500-preVFP_jinitpt450_600_j2pt80_120Reco/Chunk86_Part6.root . . . Used time: 0s Expected left time: 0s          
 Save to RootFile /extdisk/zlin/Machine_learning/RecoPlanesFeatures/CMS_herwig_HT1000to1500-preVFP_jinitpt450_600_j2pt80_120Reco/Chunk86_Part6.root . . . Used time: 0s Expected left time: 0s          
 Save to RootFile /extdisk/zlin/Machine_learning/RecoPlanesFeatures/CMS_herwig_HT1000to1500-preVFP_jinitpt450_600_j2pt80_120Reco/Chunk86_Part6.root . . . Used time: 0s Expected left time: 0s          
 Analyzing entries 34320 - 34359, now 34320 , sum entries = 39585 . . . Used time: 0s Expected left time: 0s          
 Analyzing entries 34320 - 34359, now 34321 , sum entries = 39585 . . . Used time: 0s Expected left time: 0s          
 Analyzing entries 34320 - 34359, now 34322 , sum entries = 39585 . . . Used time: 0s Expected left time: 0s          
 Analyzing entries 34320 - 34359, now 34323 , sum entries = 39585 . . . Used time: 0s Expected left time: 0s          
 Analyzing entries 34320 - 34359, now 34324 , sum entries = 39585 . . . Used time: 0s Expected left time: 0s          
 Analyzing entries 34320 - 34359, now 34325 , sum entries = 39585 . . . Used time: 0s Expected left time: 0s          
 Analyzing entries 34320 - 34359, now 34326 , sum entries = 39585 . . . Used time: 0s Expected left time: 0s          
 Analyzing entries 34320 - 34359, now 34327 , sum entries = 39585 . . . Used time: 0s Expected left time: 0s          
 Analyzing entries 34320 - 34359, now 34328 , sum entries = 39585 . . . Used time: 0s Expected left time: 0s          
 Analyzing entries 34320 - 34359, now 34329 , sum entries = 39585 . . . Used time: 0s Expected left time: 0s          
 Analyzing entries 34320 - 34359, now 34330 , sum entries = 39585 . . . Used time: 0s Expected left time: 0s          
 Analyzing entries 34320 - 34359, now 34331 , sum entries = 39585 . . . Used time: 0s Expected left time: 0s          
 Analyzing entries 34320 - 34359, now 34332 , sum entries = 39585 . . . Used time: 0s Expected left time: 0s          
 Analyzing entries 34320 - 34359, now 34333 , sum entries = 39585 . . . Used time: 0s Expected left time: 0s          
 Analyzing entries 34320 - 34359, now 34334 , sum entries = 39585 . . . Used time: 0s Expected left time: 0s          
 Analyzing entries 34320 - 34359, now 34335 , sum entries = 39585 . . . Used time: 0s Expected left time: 0s          
 Analyzing entries 34320 - 34359, now 34336 , sum entries = 39585 . . . Used time: 0s Expected left time: 0s          
 Analyzing entries 34320 - 34359, now 34337 , sum entries = 39585 . . . Used time: 0s Expected left time: 0s          
 Analyzing entries 34320 - 34359, now 34338 , sum entries = 39585 . . . Used time: 0s Expected left time: 0s          
 Analyzing entries 34320 - 34359, now 34339 , sum entries = 39585 . . . Used time: 0s Expected left time: 0s          
 Analyzing entries 34320 - 34359, now 34340 , sum entries = 39585 . . . Used time: 0s Expected left time: 0s          
 Analyzing entries 34320 - 34359, now 34341 , sum entries = 39585 . . . Used time: 0s Expected left time: 0s          
 Analyzing entries 34320 - 34359, now 34342 , sum entries = 39585 . . . Used time: 0s Expected left time: 0s          
 Analyzing entries 34320 - 34359, now 34343 , sum entries = 39585 . . . Used time: 0s Expected left time: 0s          
 Analyzing entries 34320 - 34359, now 34344 , sum entries = 39585 . . . Used time: 0s Expected left time: 0s          
 Analyzing entries 34320 - 34359, now 34345 , sum entries = 39585 . . . Used time: 0s Expected left time: 0s          
 Analyzing entries 34320 - 34359, now 34346 , sum entries = 39585 . . . Used time: 0s Expected left time: 0s          
 Analyzing entries 34320 - 34359, now 34347 , sum entries = 39585 . . . Used time: 0s Expected left time: 0s          
 Analyzing entries 34320 - 34359, now 34348 , sum entries = 39585 . . . Used time: 0s Expected left time: 0s          
 Analyzing entries 34320 - 34359, now 34349 , sum entries = 39585 . . . Used time: 0s Expected left time: 0s          
 Analyzing entries 34320 - 34359, now 34350 , sum entries = 39585 . . . Used time: 0s Expected left time: 0s          
 Analyzing entries 34320 - 34359, now 34351 , sum entries = 39585 . . . Used time: 0s Expected left time: 0s          
 Analyzing entries 34320 - 34359, now 34352 , sum entries = 39585 . . . Used time: 0s Expected left time: 0s          
 Analyzing entries 34320 - 34359, now 34353 , sum entries = 39585 . . . Used time: 0s Expected left time: 0s          
 Analyzing entries 34320 - 34359, now 34354 , sum entries = 39585 . . . Used time: 0s Expected left time: 0s          
 Analyzing entries 34320 - 34359, now 34355 , sum entries = 39585 . . . Used time: 0s Expected left time: 0s          
 Analyzing entries 34320 - 34359, now 34356 , sum entries = 39585 . . . Used time: 0s Expected left time: 0s          
 Analyzing entries 34320 - 34359, now 34357 , sum entries = 39585 . . . Used time: 0s Expected left time: 0s          
 Analyzing entries 34320 - 34359, now 34358 , sum entries = 39585 . . . Used time: 0s Expected left time: 0s          
 Save to RootFile /extdisk/zlin/Machine_learning/RecoPlanesFeatures/CMS_herwig_HT1000to1500-preVFP_jinitpt450_600_j2pt80_120Reco/Chunk86_Part7.root . . . Used time: 0s Expected left time: 0s          
 Save to RootFile /extdisk/zlin/Machine_learning/RecoPlanesFeatures/CMS_herwig_HT1000to1500-preVFP_jinitpt450_600_j2pt80_120Reco/Chunk86_Part7.root . . . Used time: 0s Expected left time: 0s          
 Save to RootFile /extdisk/zlin/Machine_learning/RecoPlanesFeatures/CMS_herwig_HT1000to1500-preVFP_jinitpt450_600_j2pt80_120Reco/Chunk86_Part7.root . . . Used time: 0s Expected left time: 0s          
 Save to RootFile /extdisk/zlin/Machine_learning/RecoPlanesFeatures/CMS_herwig_HT1000to1500-preVFP_jinitpt450_600_j2pt80_120Reco/Chunk86_Part7.root . . . Used time: 0s Expected left time: 0s          
 Save to RootFile /extdisk/zlin/Machine_learning/RecoPlanesFeatures/CMS_herwig_HT1000to1500-preVFP_jinitpt450_600_j2pt80_120Reco/Chunk86_Part7.root . . . Used time: 0s Expected left time: 0s          
 Save to RootFile /extdisk/zlin/Machine_learning/RecoPlanesFeatures/CMS_herwig_HT1000to1500-preVFP_jinitpt450_600_j2pt80_120Reco/Chunk86_Part7.root . . . Used time: 0s Expected left time: 0s          
 Save to RootFile /extdisk/zlin/Machine_learning/RecoPlanesFeatures/CMS_herwig_HT1000to1500-preVFP_jinitpt450_600_j2pt80_120Reco/Chunk86_Part7.root . . . Used time: 0s Expected left time: 0s          
 Analyzing entries 34359 - 34398, now 34359 , sum entries = 39585 . . . Used time: 0s Expected left time: 0s          
 Analyzing entries 34359 - 34398, now 34360 , sum entries = 39585 . . . Used time: 0s Expected left time: 0s          
 Analyzing entries 34359 - 34398, now 34361 , sum entries = 39585 . . . Used time: 0s Expected left time: 0s          
 Analyzing entries 34359 - 34398, now 34362 , sum entries = 39585 . . . Used time: 0s Expected left time: 0s          
 Analyzing entries 34359 - 34398, now 34363 , sum entries = 39585 . . . Used time: 0s Expected left time: 0s          
 Analyzing entries 34359 - 34398, now 34364 , sum entries = 39585 . . . Used time: 0s Expected left time: 0s          
 Analyzing entries 34359 - 34398, now 34365 , sum entries = 39585 . . . Used time: 0s Expected left time: 0s          
 Analyzing entries 34359 - 34398, now 34366 , sum entries = 39585 . . . Used time: 0s Expected left time: 0s          
 Analyzing entries 34359 - 34398, now 34367 , sum entries = 39585 . . . Used time: 0s Expected left time: 0s          
 Analyzing entries 34359 - 34398, now 34368 , sum entries = 39585 . . . Used time: 0s Expected left time: 0s          
 Analyzing entries 34359 - 34398, now 34369 , sum entries = 39585 . . . Used time: 0s Expected left time: 0s          
 Analyzing entries 34359 - 34398, now 34370 , sum entries = 39585 . . . Used time: 0s Expected left time: 0s          
 Analyzing entries 34359 - 34398, now 34371 , sum entries = 39585 . . . Used time: 0s Expected left time: 0s          
 Analyzing entries 34359 - 34398, now 34372 , sum entries = 39585 . . . Used time: 0s Expected left time: 0s          
 Analyzing entries 34359 - 34398, now 34373 , sum entries = 39585 . . . Used time: 0s Expected left time: 0s          
 Analyzing entries 34359 - 34398, now 34374 , sum entries = 39585 . . . Used time: 0s Expected left time: 0s          
 Analyzing entries 34359 - 34398, now 34375 , sum entries = 39585 . . . Used time: 0s Expected left time: 0s          
 Analyzing entries 34359 - 34398, now 34376 , sum entries = 39585 . . . Used time: 0s Expected left time: 0s          
 Analyzing entries 34359 - 34398, now 34377 , sum entries = 39585 . . . Used time: 0s Expected left time: 0s          
 Analyzing entries 34359 - 34398, now 34378 , sum entries = 39585 . . . Used time: 0s Expected left time: 0s          
 Analyzing entries 34359 - 34398, now 34379 , sum entries = 39585 . . . Used time: 0s Expected left time: 0s          
 Analyzing entries 34359 - 34398, now 34380 , sum entries = 39585 . . . Used time: 0s Expected left time: 0s          
 Analyzing entries 34359 - 34398, now 34381 , sum entries = 39585 . . . Used time: 0s Expected left time: 0s          
 Analyzing entries 34359 - 34398, now 34382 , sum entries = 39585 . . . Used time: 0s Expected left time: 0s          
 Analyzing entries 34359 - 34398, now 34383 , sum entries = 39585 . . . Used time: 0s Expected left time: 0s          
 Analyzing entries 34359 - 34398, now 34384 , sum entries = 39585 . . . Used time: 0s Expected left time: 0s          
 Analyzing entries 34359 - 34398, now 34385 , sum entries = 39585 . . . Used time: 0s Expected left time: 0s          
 Analyzing entries 34359 - 34398, now 34386 , sum entries = 39585 . . . Used time: 0s Expected left time: 0s          
 Analyzing entries 34359 - 34398, now 34387 , sum entries = 39585 . . . Used time: 0s Expected left time: 0s          
 Analyzing entries 34359 - 34398, now 34388 , sum entries = 39585 . . . Used time: 0s Expected left time: 0s          
 Analyzing entries 34359 - 34398, now 34389 , sum entries = 39585 . . . Used time: 0s Expected left time: 0s          
 Analyzing entries 34359 - 34398, now 34390 , sum entries = 39585 . . . Used time: 0s Expected left time: 0s          
 Analyzing entries 34359 - 34398, now 34391 , sum entries = 39585 . . . Used time: 0s Expected left time: 0s          
 Analyzing entries 34359 - 34398, now 34392 , sum entries = 39585 . . . Used time: 0s Expected left time: 0s          
 Analyzing entries 34359 - 34398, now 34393 , sum entries = 39585 . . . Used time: 0s Expected left time: 0s          
 Analyzing entries 34359 - 34398, now 34394 , sum entries = 39585 . . . Used time: 0s Expected left time: 0s          
 Analyzing entries 34359 - 34398, now 34395 , sum entries = 39585 . . . Used time: 0s Expected left time: 0s          
 Analyzing entries 34359 - 34398, now 34396 , sum entries = 39585 . . . Used time: 0s Expected left time: 0s          
 Analyzing entries 34359 - 34398, now 34397 , sum entries = 39585 . . . Used time: 0s Expected left time: 0s          
 Save to RootFile /extdisk/zlin/Machine_learning/RecoPlanesFeatures/CMS_herwig_HT1000to1500-preVFP_jinitpt450_600_j2pt80_120Reco/Chunk86_Part8.root . . . Used time: 0s Expected left time: 0s          
 Save to RootFile /extdisk/zlin/Machine_learning/RecoPlanesFeatures/CMS_herwig_HT1000to1500-preVFP_jinitpt450_600_j2pt80_120Reco/Chunk86_Part8.root . . . Used time: 0s Expected left time: 0s          
 Save to RootFile /extdisk/zlin/Machine_learning/RecoPlanesFeatures/CMS_herwig_HT1000to1500-preVFP_jinitpt450_600_j2pt80_120Reco/Chunk86_Part8.root . . . Used time: 0s Expected left time: 0s          
 Save to RootFile /extdisk/zlin/Machine_learning/RecoPlanesFeatures/CMS_herwig_HT1000to1500-preVFP_jinitpt450_600_j2pt80_120Reco/Chunk86_Part8.root . . . Used time: 0s Expected left time: 0s          
 Analyzing entries 34399 - 34438, now 34399 , sum entries = 39585 . . . Used time: 0s Expected left time: 0s          
 Analyzing entries 34399 - 34438, now 34400 , sum entries = 39585 . . . Used time: 0s Expected left time: 0s          
 Analyzing entries 34399 - 34438, now 34401 , sum entries = 39585 . . . Used time: 0s Expected left time: 0s          
 Analyzing entries 34399 - 34438, now 34402 , sum entries = 39585 . . . Used time: 0s Expected left time: 0s          
 Analyzing entries 34399 - 34438, now 34403 , sum entries = 39585 . . . Used time: 0s Expected left time: 0s          
 Analyzing entries 34399 - 34438, now 34404 , sum entries = 39585 . . . Used time: 0s Expected left time: 0s          
 Analyzing entries 34399 - 34438, now 34405 , sum entries = 39585 . . . Used time: 0s Expected left time: 0s          
 Analyzing entries 34399 - 34438, now 34406 , sum entries = 39585 . . . Used time: 0s Expected left time: 0s          
 Analyzing entries 34399 - 34438, now 34407 , sum entries = 39585 . . . Used time: 0s Expected left time: 0s          
 Analyzing entries 34399 - 34438, now 34408 , sum entries = 39585 . . . Used time: 0s Expected left time: 0s          
 Analyzing entries 34399 - 34438, now 34409 , sum entries = 39585 . . . Used time: 0s Expected left time: 0s          
 Analyzing entries 34399 - 34438, now 34410 , sum entries = 39585 . . . Used time: 0s Expected left time: 0s          
 Analyzing entries 34399 - 34438, now 34411 , sum entries = 39585 . . . Used time: 0s Expected left time: 0s          
 Analyzing entries 34399 - 34438, now 34412 , sum entries = 39585 . . . Used time: 0s Expected left time: 0s          
 Analyzing entries 34399 - 34438, now 34413 , sum entries = 39585 . . . Used time: 0s Expected left time: 0s          
 Analyzing entries 34399 - 34438, now 34414 , sum entries = 39585 . . . Used time: 0s Expected left time: 0s          
 Analyzing entries 34399 - 34438, now 34415 , sum entries = 39585 . . . Used time: 0s Expected left time: 0s          
 Analyzing entries 34399 - 34438, now 34416 , sum entries = 39585 . . . Used time: 0s Expected left time: 0s          
 Analyzing entries 34399 - 34438, now 34417 , sum entries = 39585 . . . Used time: 0s Expected left time: 0s          
 Analyzing entries 34399 - 34438, now 34418 , sum entries = 39585 . . . Used time: 0s Expected left time: 0s          
 Analyzing entries 34399 - 34438, now 34419 , sum entries = 39585 . . . Used time: 0s Expected left time: 0s          
 Analyzing entries 34399 - 34438, now 34420 , sum entries = 39585 . . . Used time: 0s Expected left time: 0s          
 Analyzing entries 34399 - 34438, now 34421 , sum entries = 39585 . . . Used time: 0s Expected left time: 0s          
 Analyzing entries 34399 - 34438, now 34422 , sum entries = 39585 . . . Used time: 0s Expected left time: 0s          
 Analyzing entries 34399 - 34438, now 34423 , sum entries = 39585 . . . Used time: 0s Expected left time: 0s          
 Analyzing entries 34399 - 34438, now 34424 , sum entries = 39585 . . . Used time: 0s Expected left time: 0s          
 Analyzing entries 34399 - 34438, now 34425 , sum entries = 39585 . . . Used time: 0s Expected left time: 0s          
 Analyzing entries 34399 - 34438, now 34426 , sum entries = 39585 . . . Used time: 0s Expected left time: 0s          
 Analyzing entries 34399 - 34438, now 34427 , sum entries = 39585 . . . Used time: 0s Expected left time: 0s          
 Analyzing entries 34399 - 34438, now 34428 , sum entries = 39585 . . . Used time: 0s Expected left time: 0s          
 Analyzing entries 34399 - 34438, now 34429 , sum entries = 39585 . . . Used time: 0s Expected left time: 0s          
 Analyzing entries 34399 - 34438, now 34430 , sum entries = 39585 . . . Used time: 0s Expected left time: 0s          
 Analyzing entries 34399 - 34438, now 34431 , sum entries = 39585 . . . Used time: 0s Expected left time: 0s          
 Analyzing entries 34399 - 34438, now 34432 , sum entries = 39585 . . . Used time: 0s Expected left time: 0s          
 Analyzing entries 34399 - 34438, now 34433 , sum entries = 39585 . . . Used time: 0s Expected left time: 0s          
 Analyzing entries 34399 - 34438, now 34434 , sum entries = 39585 . . . Used time: 0s Expected left time: 0s          
 Analyzing entries 34399 - 34438, now 34435 , sum entries = 39585 . . . Used time: 0s Expected left time: 0s          
 Analyzing entries 34399 - 34438, now 34436 , sum entries = 39585 . . . Used time: 0s Expected left time: 0s          
 Analyzing entries 34399 - 34438, now 34437 , sum entries = 39585 . . . Used time: 0s Expected left time: 0s          
 Save to RootFile /extdisk/zlin/Machine_learning/RecoPlanesFeatures/CMS_herwig_HT1000to1500-preVFP_jinitpt450_600_j2pt80_120Reco/Chunk86_Part9.root . . . Used time: 0s Expected left time: 0s          
 Save to RootFile /extdisk/zlin/Machine_learning/RecoPlanesFeatures/CMS_herwig_HT1000to1500-preVFP_jinitpt450_600_j2pt80_120Reco/Chunk86_Part9.root . . . Used time: 0s Expected left time: 0s          
 Save to RootFile /extdisk/zlin/Machine_learning/RecoPlanesFeatures/CMS_herwig_HT1000to1500-preVFP_jinitpt450_600_j2pt80_120Reco/Chunk86_Part9.root . . . Used time: 0s Expected left time: 0s          
 Save to RootFile /extdisk/zlin/Machine_learning/RecoPlanesFeatures/CMS_herwig_HT1000to1500-preVFP_jinitpt450_600_j2pt80_120Reco/Chunk86_Part9.root . . . Used time: 0s Expected left time: 0s          
