Warning in <TFile::Init>: file /extdisk/zlin/Machine_learning/RecoPlanes/CMS_herwig_HT1000to1500-preVFP/Chunk19_Part0.root probably not closed, trying to recover
Warning in <TFile::Init>: no keys recovered, file has been made a Zombie
Warning in <TFile::Init>: file /extdisk/zlin/Machine_learning/RecoPlanes/CMS_herwig_HT1000to1500-preVFP/Chunk20_Part0.root probably not closed, trying to recover
Warning in <TFile::Init>: no keys recovered, file has been made a Zombie
Warning in <TFile::Init>: file /extdisk/zlin/Machine_learning/RecoPlanes/CMS_herwig_HT1000to1500-preVFP/Chunk25_Part0.root probably not closed, trying to recover
Warning in <TFile::Init>: no keys recovered, file has been made a Zombie
Warning in <TFile::Init>: file /extdisk/zlin/Machine_learning/RecoPlanes/CMS_herwig_HT1000to1500-preVFP/Chunk26_Part0.root probably not closed, trying to recover
Warning in <TFile::Init>: no keys recovered, file has been made a Zombie
Warning in <TFile::Init>: file /extdisk/zlin/Machine_learning/RecoPlanes/CMS_herwig_HT1000to1500-preVFP/Chunk36_Part0.root probably not closed, trying to recover
Warning in <TFile::Init>: no keys recovered, file has been made a Zombie
Warning in <TFile::Init>: file /extdisk/zlin/Machine_learning/RecoPlanes/CMS_herwig_HT1000to1500-preVFP/Chunk37_Part0.root probably not closed, trying to recover
Warning in <TFile::Init>: no keys recovered, file has been made a Zombie
Warning in <TFile::Init>: file /extdisk/zlin/Machine_learning/RecoPlanes/CMS_herwig_HT1000to1500-preVFP/Chunk38_Part0.root probably not closed, trying to recover
Warning in <TFile::Init>: no keys recovered, file has been made a Zombie
Warning in <TFile::Init>: file /extdisk/zlin/Machine_learning/RecoPlanes/CMS_herwig_HT1000to1500-preVFP/Chunk39_Part0.root probably not closed, trying to recover
Warning in <TFile::Init>: no keys recovered, file has been made a Zombie
Warning in <TFile::Init>: file /extdisk/zlin/Machine_learning/RecoPlanes/CMS_herwig_HT1000to1500-preVFP/Chunk40_Part0.root probably not closed, trying to recover
Warning in <TFile::Init>: no keys recovered, file has been made a Zombie
Warning in <TFile::Init>: file /extdisk/zlin/Machine_learning/RecoPlanes/CMS_herwig_HT1000to1500-preVFP/Chunk41_Part0.root probably not closed, trying to recover
Warning in <TFile::Init>: no keys recovered, file has been made a Zombie
Warning in <TFile::Init>: file /extdisk/zlin/Machine_learning/RecoPlanes/CMS_herwig_HT1000to1500-preVFP/Chunk51_Part0.root probably not closed, trying to recover
Warning in <TFile::Init>: no keys recovered, file has been made a Zombie
Warning in <TFile::Init>: file /extdisk/zlin/Machine_learning/RecoPlanes/CMS_herwig_HT1000to1500-preVFP/Chunk57_Part0.root probably not closed, trying to recover
Warning in <TFile::Init>: no keys recovered, file has been made a Zombie
Warning in <TFile::Init>: file /extdisk/zlin/Machine_learning/RecoPlanes/CMS_herwig_HT1000to1500-preVFP/Chunk76_Part0.root probably not closed, trying to recover
Info in <TFile::Recover>: /extdisk/zlin/Machine_learning/RecoPlanes/CMS_herwig_HT1000to1500-preVFP/Chunk76_Part0.root, recovered key TTree:DataInfo at address 2199677
Warning in <TFile::Init>: successfully recovered 1 keys
Warning in <TFile::Init>: file /extdisk/zlin/Machine_learning/RecoPlanes/CMS_herwig_HT1000to1500-preVFP/Chunk89_Part0.root probably not closed, trying to recover
Warning in <TFile::Init>: no keys recovered, file has been made a Zombie
Warning in <TFile::Init>: file /extdisk/zlin/Machine_learning/RecoPlanes/CMS_herwig_HT1000to1500-preVFP/Chunk97_Part0.root probably not closed, trying to recover
Warning in <TFile::Init>: no keys recovered, file has been made a Zombie
Warning in <TFile::Init>: file /extdisk/zlin/Machine_learning/RecoPlanes/CMS_herwig_HT1000to1500-preVFP/Chunk99_Part0.root probably not closed, trying to recover
Warning in <TFile::Init>: no keys recovered, file has been made a Zombie
 Analyzing entries 26752 - 26787, now 26752 , sum entries = 35670 . . . Used time: 0s Expected left time: 0s          
 Analyzing entries 26752 - 26787, now 26753 , sum entries = 35670 . . . Used time: 0s Expected left time: 0s          
 Analyzing entries 26752 - 26787, now 26754 , sum entries = 35670 . . . Used time: 0s Expected left time: 0s          
 Analyzing entries 26752 - 26787, now 26755 , sum entries = 35670 . . . Used time: 0s Expected left time: 0s          
 Analyzing entries 26752 - 26787, now 26756 , sum entries = 35670 . . . Used time: 0s Expected left time: 0s          
 Analyzing entries 26752 - 26787, now 26757 , sum entries = 35670 . . . Used time: 0s Expected left time: 0s          
 Analyzing entries 26752 - 26787, now 26758 , sum entries = 35670 . . . Used time: 0s Expected left time: 0s          
 Analyzing entries 26752 - 26787, now 26759 , sum entries = 35670 . . . Used time: 0s Expected left time: 0s          
 Analyzing entries 26752 - 26787, now 26760 , sum entries = 35670 . . . Used time: 0s Expected left time: 0s          
 Analyzing entries 26752 - 26787, now 26761 , sum entries = 35670 . . . Used time: 0s Expected left time: 0s          
 Analyzing entries 26752 - 26787, now 26762 , sum entries = 35670 . . . Used time: 0s Expected left time: 0s          
 Analyzing entries 26752 - 26787, now 26763 , sum entries = 35670 . . . Used time: 0s Expected left time: 0s          
 Analyzing entries 26752 - 26787, now 26764 , sum entries = 35670 . . . Used time: 0s Expected left time: 0s          
 Analyzing entries 26752 - 26787, now 26765 , sum entries = 35670 . . . Used time: 0s Expected left time: 0s          
 Analyzing entries 26752 - 26787, now 26766 , sum entries = 35670 . . . Used time: 0s Expected left time: 0s          
 Analyzing entries 26752 - 26787, now 26767 , sum entries = 35670 . . . Used time: 0s Expected left time: 0s          
 Analyzing entries 26752 - 26787, now 26768 , sum entries = 35670 . . . Used time: 0s Expected left time: 0s          
 Analyzing entries 26752 - 26787, now 26769 , sum entries = 35670 . . . Used time: 0s Expected left time: 0s          
 Analyzing entries 26752 - 26787, now 26770 , sum entries = 35670 . . . Used time: 0s Expected left time: 0s          
 Analyzing entries 26752 - 26787, now 26771 , sum entries = 35670 . . . Used time: 0s Expected left time: 0s          
 Analyzing entries 26752 - 26787, now 26772 , sum entries = 35670 . . . Used time: 0s Expected left time: 0s          
 Analyzing entries 26752 - 26787, now 26773 , sum entries = 35670 . . . Used time: 0s Expected left time: 0s          
 Analyzing entries 26752 - 26787, now 26774 , sum entries = 35670 . . . Used time: 0s Expected left time: 0s          
 Analyzing entries 26752 - 26787, now 26775 , sum entries = 35670 . . . Used time: 0s Expected left time: 0s          
 Analyzing entries 26752 - 26787, now 26776 , sum entries = 35670 . . . Used time: 0s Expected left time: 0s          
 Analyzing entries 26752 - 26787, now 26777 , sum entries = 35670 . . . Used time: 0s Expected left time: 0s          
 Analyzing entries 26752 - 26787, now 26778 , sum entries = 35670 . . . Used time: 0s Expected left time: 0s          
 Analyzing entries 26752 - 26787, now 26779 , sum entries = 35670 . . . Used time: 0s Expected left time: 0s          
 Analyzing entries 26752 - 26787, now 26780 , sum entries = 35670 . . . Used time: 0s Expected left time: 0s          
 Analyzing entries 26752 - 26787, now 26781 , sum entries = 35670 . . . Used time: 0s Expected left time: 0s          
 Analyzing entries 26752 - 26787, now 26782 , sum entries = 35670 . . . Used time: 0s Expected left time: 0s          
 Analyzing entries 26752 - 26787, now 26783 , sum entries = 35670 . . . Used time: 0s Expected left time: 0s          
 Analyzing entries 26752 - 26787, now 26784 , sum entries = 35670 . . . Used time: 0s Expected left time: 0s          
 Analyzing entries 26752 - 26787, now 26785 , sum entries = 35670 . . . Used time: 0s Expected left time: 0s          
 Analyzing entries 26752 - 26787, now 26786 , sum entries = 35670 . . . Used time: 0s Expected left time: 0s          
 Save to RootFile /extdisk/zlin/Machine_learning/RecoPlanesFeatures/CMS_herwig_HT1000to1500-preVFP_jinitpt450_600_j2pt80_120Reco/Chunk75_Part0.root . . . Used time: 0s Expected left time: 0s          
 Save to RootFile /extdisk/zlin/Machine_learning/RecoPlanesFeatures/CMS_herwig_HT1000to1500-preVFP_jinitpt450_600_j2pt80_120Reco/Chunk75_Part0.root . . . Used time: 0s Expected left time: 0s          
 Save to RootFile /extdisk/zlin/Machine_learning/RecoPlanesFeatures/CMS_herwig_HT1000to1500-preVFP_jinitpt450_600_j2pt80_120Reco/Chunk75_Part0.root . . . Used time: 0s Expected left time: 0s          
 Save to RootFile /extdisk/zlin/Machine_learning/RecoPlanesFeatures/CMS_herwig_HT1000to1500-preVFP_jinitpt450_600_j2pt80_120Reco/Chunk75_Part0.root . . . Used time: 0s Expected left time: 0s          
 Analyzing entries 26788 - 26823, now 26788 , sum entries = 35670 . . . Used time: 0s Expected left time: 0s          
 Analyzing entries 26788 - 26823, now 26789 , sum entries = 35670 . . . Used time: 0s Expected left time: 0s          
 Analyzing entries 26788 - 26823, now 26790 , sum entries = 35670 . . . Used time: 0s Expected left time: 0s          
 Analyzing entries 26788 - 26823, now 26791 , sum entries = 35670 . . . Used time: 0s Expected left time: 0s          
 Analyzing entries 26788 - 26823, now 26792 , sum entries = 35670 . . . Used time: 0s Expected left time: 0s          
 Analyzing entries 26788 - 26823, now 26793 , sum entries = 35670 . . . Used time: 0s Expected left time: 0s          
 Analyzing entries 26788 - 26823, now 26794 , sum entries = 35670 . . . Used time: 0s Expected left time: 0s          
 Analyzing entries 26788 - 26823, now 26795 , sum entries = 35670 . . . Used time: 0s Expected left time: 0s          
 Analyzing entries 26788 - 26823, now 26796 , sum entries = 35670 . . . Used time: 0s Expected left time: 0s          
 Analyzing entries 26788 - 26823, now 26797 , sum entries = 35670 . . . Used time: 0s Expected left time: 0s          
 Analyzing entries 26788 - 26823, now 26798 , sum entries = 35670 . . . Used time: 0s Expected left time: 0s          
 Analyzing entries 26788 - 26823, now 26799 , sum entries = 35670 . . . Used time: 0s Expected left time: 0s          
 Analyzing entries 26788 - 26823, now 26800 , sum entries = 35670 . . . Used time: 0s Expected left time: 0s          
 Analyzing entries 26788 - 26823, now 26801 , sum entries = 35670 . . . Used time: 0s Expected left time: 0s          
 Analyzing entries 26788 - 26823, now 26802 , sum entries = 35670 . . . Used time: 0s Expected left time: 0s          
 Analyzing entries 26788 - 26823, now 26803 , sum entries = 35670 . . . Used time: 0s Expected left time: 0s          
 Analyzing entries 26788 - 26823, now 26804 , sum entries = 35670 . . . Used time: 0s Expected left time: 0s          
 Analyzing entries 26788 - 26823, now 26805 , sum entries = 35670 . . . Used time: 0s Expected left time: 0s          
 Analyzing entries 26788 - 26823, now 26806 , sum entries = 35670 . . . Used time: 0s Expected left time: 0s          
 Analyzing entries 26788 - 26823, now 26807 , sum entries = 35670 . . . Used time: 0s Expected left time: 0s          
 Analyzing entries 26788 - 26823, now 26808 , sum entries = 35670 . . . Used time: 0s Expected left time: 0s          
 Analyzing entries 26788 - 26823, now 26809 , sum entries = 35670 . . . Used time: 0s Expected left time: 0s          
 Analyzing entries 26788 - 26823, now 26810 , sum entries = 35670 . . . Used time: 0s Expected left time: 0s          
 Analyzing entries 26788 - 26823, now 26811 , sum entries = 35670 . . . Used time: 0s Expected left time: 0s          
 Analyzing entries 26788 - 26823, now 26812 , sum entries = 35670 . . . Used time: 0s Expected left time: 0s          
 Analyzing entries 26788 - 26823, now 26813 , sum entries = 35670 . . . Used time: 0s Expected left time: 0s          
 Analyzing entries 26788 - 26823, now 26814 , sum entries = 35670 . . . Used time: 0s Expected left time: 0s          
 Analyzing entries 26788 - 26823, now 26815 , sum entries = 35670 . . . Used time: 0s Expected left time: 0s          
 Analyzing entries 26788 - 26823, now 26816 , sum entries = 35670 . . . Used time: 0s Expected left time: 0s          
 Analyzing entries 26788 - 26823, now 26817 , sum entries = 35670 . . . Used time: 0s Expected left time: 0s          
 Analyzing entries 26788 - 26823, now 26818 , sum entries = 35670 . . . Used time: 0s Expected left time: 0s          
 Analyzing entries 26788 - 26823, now 26819 , sum entries = 35670 . . . Used time: 0s Expected left time: 0s          
 Analyzing entries 26788 - 26823, now 26820 , sum entries = 35670 . . . Used time: 0s Expected left time: 0s          
 Analyzing entries 26788 - 26823, now 26821 , sum entries = 35670 . . . Used time: 0s Expected left time: 0s          
 Analyzing entries 26788 - 26823, now 26822 , sum entries = 35670 . . . Used time: 0s Expected left time: 0s          
 Save to RootFile /extdisk/zlin/Machine_learning/RecoPlanesFeatures/CMS_herwig_HT1000to1500-preVFP_jinitpt450_600_j2pt80_120Reco/Chunk75_Part1.root . . . Used time: 0s Expected left time: 0s          
 Save to RootFile /extdisk/zlin/Machine_learning/RecoPlanesFeatures/CMS_herwig_HT1000to1500-preVFP_jinitpt450_600_j2pt80_120Reco/Chunk75_Part1.root . . . Used time: 0s Expected left time: 0s          
 Save to RootFile /extdisk/zlin/Machine_learning/RecoPlanesFeatures/CMS_herwig_HT1000to1500-preVFP_jinitpt450_600_j2pt80_120Reco/Chunk75_Part1.root . . . Used time: 0s Expected left time: 0s          
 Save to RootFile /extdisk/zlin/Machine_learning/RecoPlanesFeatures/CMS_herwig_HT1000to1500-preVFP_jinitpt450_600_j2pt80_120Reco/Chunk75_Part1.root . . . Used time: 0s Expected left time: 0s          
 Analyzing entries 26823 - 26858, now 26823 , sum entries = 35670 . . . Used time: 0s Expected left time: 0s          
 Analyzing entries 26823 - 26858, now 26824 , sum entries = 35670 . . . Used time: 0s Expected left time: 0s          
 Analyzing entries 26823 - 26858, now 26825 , sum entries = 35670 . . . Used time: 0s Expected left time: 0s          
 Analyzing entries 26823 - 26858, now 26826 , sum entries = 35670 . . . Used time: 0s Expected left time: 0s          
 Analyzing entries 26823 - 26858, now 26827 , sum entries = 35670 . . . Used time: 0s Expected left time: 0s          
 Analyzing entries 26823 - 26858, now 26828 , sum entries = 35670 . . . Used time: 0s Expected left time: 0s          
 Analyzing entries 26823 - 26858, now 26829 , sum entries = 35670 . . . Used time: 0s Expected left time: 0s          
 Analyzing entries 26823 - 26858, now 26830 , sum entries = 35670 . . . Used time: 0s Expected left time: 0s          
 Analyzing entries 26823 - 26858, now 26831 , sum entries = 35670 . . . Used time: 0s Expected left time: 0s          
 Analyzing entries 26823 - 26858, now 26832 , sum entries = 35670 . . . Used time: 0s Expected left time: 0s          
 Analyzing entries 26823 - 26858, now 26833 , sum entries = 35670 . . . Used time: 0s Expected left time: 0s          
 Analyzing entries 26823 - 26858, now 26834 , sum entries = 35670 . . . Used time: 0s Expected left time: 0s          
 Analyzing entries 26823 - 26858, now 26835 , sum entries = 35670 . . . Used time: 0s Expected left time: 0s          
 Analyzing entries 26823 - 26858, now 26836 , sum entries = 35670 . . . Used time: 0s Expected left time: 0s          
 Analyzing entries 26823 - 26858, now 26837 , sum entries = 35670 . . . Used time: 0s Expected left time: 0s          
 Analyzing entries 26823 - 26858, now 26838 , sum entries = 35670 . . . Used time: 0s Expected left time: 0s          
 Analyzing entries 26823 - 26858, now 26839 , sum entries = 35670 . . . Used time: 0s Expected left time: 0s          
 Analyzing entries 26823 - 26858, now 26840 , sum entries = 35670 . . . Used time: 0s Expected left time: 0s          
 Analyzing entries 26823 - 26858, now 26841 , sum entries = 35670 . . . Used time: 0s Expected left time: 0s          
 Analyzing entries 26823 - 26858, now 26842 , sum entries = 35670 . . . Used time: 0s Expected left time: 0s          
 Analyzing entries 26823 - 26858, now 26843 , sum entries = 35670 . . . Used time: 0s Expected left time: 0s          
 Analyzing entries 26823 - 26858, now 26844 , sum entries = 35670 . . . Used time: 0s Expected left time: 0s          
 Analyzing entries 26823 - 26858, now 26845 , sum entries = 35670 . . . Used time: 0s Expected left time: 0s          
 Analyzing entries 26823 - 26858, now 26846 , sum entries = 35670 . . . Used time: 0s Expected left time: 0s          
 Analyzing entries 26823 - 26858, now 26847 , sum entries = 35670 . . . Used time: 0s Expected left time: 0s          
 Analyzing entries 26823 - 26858, now 26848 , sum entries = 35670 . . . Used time: 0s Expected left time: 0s          
 Analyzing entries 26823 - 26858, now 26849 , sum entries = 35670 . . . Used time: 0s Expected left time: 0s          
 Analyzing entries 26823 - 26858, now 26850 , sum entries = 35670 . . . Used time: 0s Expected left time: 0s          
 Analyzing entries 26823 - 26858, now 26851 , sum entries = 35670 . . . Used time: 0s Expected left time: 0s          
 Analyzing entries 26823 - 26858, now 26852 , sum entries = 35670 . . . Used time: 0s Expected left time: 0s          
 Analyzing entries 26823 - 26858, now 26853 , sum entries = 35670 . . . Used time: 0s Expected left time: 0s          
 Analyzing entries 26823 - 26858, now 26854 , sum entries = 35670 . . . Used time: 0s Expected left time: 0s          
 Analyzing entries 26823 - 26858, now 26855 , sum entries = 35670 . . . Used time: 0s Expected left time: 0s          
 Analyzing entries 26823 - 26858, now 26856 , sum entries = 35670 . . . Used time: 0s Expected left time: 0s          
 Analyzing entries 26823 - 26858, now 26857 , sum entries = 35670 . . . Used time: 0s Expected left time: 0s          
 Save to RootFile /extdisk/zlin/Machine_learning/RecoPlanesFeatures/CMS_herwig_HT1000to1500-preVFP_jinitpt450_600_j2pt80_120Reco/Chunk75_Part2.root . . . Used time: 0s Expected left time: 0s          
 Save to RootFile /extdisk/zlin/Machine_learning/RecoPlanesFeatures/CMS_herwig_HT1000to1500-preVFP_jinitpt450_600_j2pt80_120Reco/Chunk75_Part2.root . . . Used time: 0s Expected left time: 0s          
 Save to RootFile /extdisk/zlin/Machine_learning/RecoPlanesFeatures/CMS_herwig_HT1000to1500-preVFP_jinitpt450_600_j2pt80_120Reco/Chunk75_Part2.root . . . Used time: 0s Expected left time: 0s          
 Save to RootFile /extdisk/zlin/Machine_learning/RecoPlanesFeatures/CMS_herwig_HT1000to1500-preVFP_jinitpt450_600_j2pt80_120Reco/Chunk75_Part2.root . . . Used time: 0s Expected left time: 0s          
 Save to RootFile /extdisk/zlin/Machine_learning/RecoPlanesFeatures/CMS_herwig_HT1000to1500-preVFP_jinitpt450_600_j2pt80_120Reco/Chunk75_Part2.root . . . Used time: 0s Expected left time: 0s          
 Analyzing entries 26859 - 26894, now 26859 , sum entries = 35670 . . . Used time: 0s Expected left time: 0s          
 Analyzing entries 26859 - 26894, now 26860 , sum entries = 35670 . . . Used time: 0s Expected left time: 0s          
 Analyzing entries 26859 - 26894, now 26861 , sum entries = 35670 . . . Used time: 0s Expected left time: 0s          
 Analyzing entries 26859 - 26894, now 26862 , sum entries = 35670 . . . Used time: 0s Expected left time: 0s          
 Analyzing entries 26859 - 26894, now 26863 , sum entries = 35670 . . . Used time: 0s Expected left time: 0s          
 Analyzing entries 26859 - 26894, now 26864 , sum entries = 35670 . . . Used time: 0s Expected left time: 0s          
 Analyzing entries 26859 - 26894, now 26865 , sum entries = 35670 . . . Used time: 0s Expected left time: 0s          
 Analyzing entries 26859 - 26894, now 26866 , sum entries = 35670 . . . Used time: 0s Expected left time: 0s          
 Analyzing entries 26859 - 26894, now 26867 , sum entries = 35670 . . . Used time: 0s Expected left time: 0s          
 Analyzing entries 26859 - 26894, now 26868 , sum entries = 35670 . . . Used time: 0s Expected left time: 0s          
 Analyzing entries 26859 - 26894, now 26869 , sum entries = 35670 . . . Used time: 0s Expected left time: 0s          
 Analyzing entries 26859 - 26894, now 26870 , sum entries = 35670 . . . Used time: 0s Expected left time: 0s          
 Analyzing entries 26859 - 26894, now 26871 , sum entries = 35670 . . . Used time: 0s Expected left time: 0s          
 Analyzing entries 26859 - 26894, now 26872 , sum entries = 35670 . . . Used time: 0s Expected left time: 0s          
 Analyzing entries 26859 - 26894, now 26873 , sum entries = 35670 . . . Used time: 0s Expected left time: 0s          
 Analyzing entries 26859 - 26894, now 26874 , sum entries = 35670 . . . Used time: 0s Expected left time: 0s          
 Analyzing entries 26859 - 26894, now 26875 , sum entries = 35670 . . . Used time: 0s Expected left time: 0s          
 Analyzing entries 26859 - 26894, now 26876 , sum entries = 35670 . . . Used time: 0s Expected left time: 0s          
 Analyzing entries 26859 - 26894, now 26877 , sum entries = 35670 . . . Used time: 0s Expected left time: 0s          
 Analyzing entries 26859 - 26894, now 26878 , sum entries = 35670 . . . Used time: 0s Expected left time: 0s          
 Analyzing entries 26859 - 26894, now 26879 , sum entries = 35670 . . . Used time: 0s Expected left time: 0s          
 Analyzing entries 26859 - 26894, now 26880 , sum entries = 35670 . . . Used time: 0s Expected left time: 0s          
 Analyzing entries 26859 - 26894, now 26881 , sum entries = 35670 . . . Used time: 0s Expected left time: 0s          
 Analyzing entries 26859 - 26894, now 26882 , sum entries = 35670 . . . Used time: 0s Expected left time: 0s          
 Analyzing entries 26859 - 26894, now 26883 , sum entries = 35670 . . . Used time: 0s Expected left time: 0s          
 Analyzing entries 26859 - 26894, now 26884 , sum entries = 35670 . . . Used time: 0s Expected left time: 0s          
 Analyzing entries 26859 - 26894, now 26885 , sum entries = 35670 . . . Used time: 0s Expected left time: 0s          
 Analyzing entries 26859 - 26894, now 26886 , sum entries = 35670 . . . Used time: 0s Expected left time: 0s          
 Analyzing entries 26859 - 26894, now 26887 , sum entries = 35670 . . . Used time: 0s Expected left time: 0s          
 Analyzing entries 26859 - 26894, now 26888 , sum entries = 35670 . . . Used time: 0s Expected left time: 0s          
 Analyzing entries 26859 - 26894, now 26889 , sum entries = 35670 . . . Used time: 0s Expected left time: 0s          
 Analyzing entries 26859 - 26894, now 26890 , sum entries = 35670 . . . Used time: 0s Expected left time: 0s          
 Analyzing entries 26859 - 26894, now 26891 , sum entries = 35670 . . . Used time: 0s Expected left time: 0s          
 Analyzing entries 26859 - 26894, now 26892 , sum entries = 35670 . . . Used time: 0s Expected left time: 0s          
 Analyzing entries 26859 - 26894, now 26893 , sum entries = 35670 . . . Used time: 0s Expected left time: 0s          
 Save to RootFile /extdisk/zlin/Machine_learning/RecoPlanesFeatures/CMS_herwig_HT1000to1500-preVFP_jinitpt450_600_j2pt80_120Reco/Chunk75_Part3.root . . . Used time: 0s Expected left time: 0s          
 Save to RootFile /extdisk/zlin/Machine_learning/RecoPlanesFeatures/CMS_herwig_HT1000to1500-preVFP_jinitpt450_600_j2pt80_120Reco/Chunk75_Part3.root . . . Used time: 0s Expected left time: 0s          
 Save to RootFile /extdisk/zlin/Machine_learning/RecoPlanesFeatures/CMS_herwig_HT1000to1500-preVFP_jinitpt450_600_j2pt80_120Reco/Chunk75_Part3.root . . . Used time: 0s Expected left time: 0s          
 Save to RootFile /extdisk/zlin/Machine_learning/RecoPlanesFeatures/CMS_herwig_HT1000to1500-preVFP_jinitpt450_600_j2pt80_120Reco/Chunk75_Part3.root . . . Used time: 0s Expected left time: 0s          
 Save to RootFile /extdisk/zlin/Machine_learning/RecoPlanesFeatures/CMS_herwig_HT1000to1500-preVFP_jinitpt450_600_j2pt80_120Reco/Chunk75_Part3.root . . . Used time: 0s Expected left time: 0s          
 Analyzing entries 26895 - 26930, now 26895 , sum entries = 35670 . . . Used time: 0s Expected left time: 0s          
 Analyzing entries 26895 - 26930, now 26896 , sum entries = 35670 . . . Used time: 0s Expected left time: 0s          
 Analyzing entries 26895 - 26930, now 26897 , sum entries = 35670 . . . Used time: 0s Expected left time: 0s          
 Analyzing entries 26895 - 26930, now 26898 , sum entries = 35670 . . . Used time: 0s Expected left time: 0s          
 Analyzing entries 26895 - 26930, now 26899 , sum entries = 35670 . . . Used time: 0s Expected left time: 0s          
 Analyzing entries 26895 - 26930, now 26900 , sum entries = 35670 . . . Used time: 0s Expected left time: 0s          
 Analyzing entries 26895 - 26930, now 26901 , sum entries = 35670 . . . Used time: 0s Expected left time: 0s          
 Analyzing entries 26895 - 26930, now 26902 , sum entries = 35670 . . . Used time: 0s Expected left time: 0s          
 Analyzing entries 26895 - 26930, now 26903 , sum entries = 35670 . . . Used time: 0s Expected left time: 0s          
 Analyzing entries 26895 - 26930, now 26904 , sum entries = 35670 . . . Used time: 0s Expected left time: 0s          
 Analyzing entries 26895 - 26930, now 26905 , sum entries = 35670 . . . Used time: 0s Expected left time: 0s          
 Analyzing entries 26895 - 26930, now 26906 , sum entries = 35670 . . . Used time: 0s Expected left time: 0s          
 Analyzing entries 26895 - 26930, now 26907 , sum entries = 35670 . . . Used time: 0s Expected left time: 0s          
 Analyzing entries 26895 - 26930, now 26908 , sum entries = 35670 . . . Used time: 0s Expected left time: 0s          
 Analyzing entries 26895 - 26930, now 26909 , sum entries = 35670 . . . Used time: 0s Expected left time: 0s          
 Analyzing entries 26895 - 26930, now 26910 , sum entries = 35670 . . . Used time: 0s Expected left time: 0s          
 Analyzing entries 26895 - 26930, now 26911 , sum entries = 35670 . . . Used time: 0s Expected left time: 0s          
 Analyzing entries 26895 - 26930, now 26912 , sum entries = 35670 . . . Used time: 0s Expected left time: 0s          
 Analyzing entries 26895 - 26930, now 26913 , sum entries = 35670 . . . Used time: 0s Expected left time: 0s          
 Analyzing entries 26895 - 26930, now 26914 , sum entries = 35670 . . . Used time: 0s Expected left time: 0s          
 Analyzing entries 26895 - 26930, now 26915 , sum entries = 35670 . . . Used time: 0s Expected left time: 0s          
 Analyzing entries 26895 - 26930, now 26916 , sum entries = 35670 . . . Used time: 0s Expected left time: 0s          
 Analyzing entries 26895 - 26930, now 26917 , sum entries = 35670 . . . Used time: 0s Expected left time: 0s          
 Analyzing entries 26895 - 26930, now 26918 , sum entries = 35670 . . . Used time: 0s Expected left time: 0s          
 Analyzing entries 26895 - 26930, now 26919 , sum entries = 35670 . . . Used time: 0s Expected left time: 0s          
 Analyzing entries 26895 - 26930, now 26920 , sum entries = 35670 . . . Used time: 0s Expected left time: 0s          
 Analyzing entries 26895 - 26930, now 26921 , sum entries = 35670 . . . Used time: 0s Expected left time: 0s          
 Analyzing entries 26895 - 26930, now 26922 , sum entries = 35670 . . . Used time: 0s Expected left time: 0s          
 Analyzing entries 26895 - 26930, now 26923 , sum entries = 35670 . . . Used time: 0s Expected left time: 0s          
 Analyzing entries 26895 - 26930, now 26924 , sum entries = 35670 . . . Used time: 0s Expected left time: 0s          
 Analyzing entries 26895 - 26930, now 26925 , sum entries = 35670 . . . Used time: 0s Expected left time: 0s          
 Analyzing entries 26895 - 26930, now 26926 , sum entries = 35670 . . . Used time: 0s Expected left time: 0s          
 Analyzing entries 26895 - 26930, now 26927 , sum entries = 35670 . . . Used time: 0s Expected left time: 0s          
 Analyzing entries 26895 - 26930, now 26928 , sum entries = 35670 . . . Used time: 0s Expected left time: 0s          
 Analyzing entries 26895 - 26930, now 26929 , sum entries = 35670 . . . Used time: 0s Expected left time: 0s          
 Save to RootFile /extdisk/zlin/Machine_learning/RecoPlanesFeatures/CMS_herwig_HT1000to1500-preVFP_jinitpt450_600_j2pt80_120Reco/Chunk75_Part4.root . . . Used time: 0s Expected left time: 0s          
 Save to RootFile /extdisk/zlin/Machine_learning/RecoPlanesFeatures/CMS_herwig_HT1000to1500-preVFP_jinitpt450_600_j2pt80_120Reco/Chunk75_Part4.root . . . Used time: 0s Expected left time: 0s          
 Save to RootFile /extdisk/zlin/Machine_learning/RecoPlanesFeatures/CMS_herwig_HT1000to1500-preVFP_jinitpt450_600_j2pt80_120Reco/Chunk75_Part4.root . . . Used time: 0s Expected left time: 0s          
 Save to RootFile /extdisk/zlin/Machine_learning/RecoPlanesFeatures/CMS_herwig_HT1000to1500-preVFP_jinitpt450_600_j2pt80_120Reco/Chunk75_Part4.root . . . Used time: 0s Expected left time: 0s          
 Save to RootFile /extdisk/zlin/Machine_learning/RecoPlanesFeatures/CMS_herwig_HT1000to1500-preVFP_jinitpt450_600_j2pt80_120Reco/Chunk75_Part4.root . . . Used time: 0s Expected left time: 0s          
 Analyzing entries 26930 - 26965, now 26930 , sum entries = 35670 . . . Used time: 0s Expected left time: 0s          
 Analyzing entries 26930 - 26965, now 26931 , sum entries = 35670 . . . Used time: 0s Expected left time: 0s          
 Analyzing entries 26930 - 26965, now 26932 , sum entries = 35670 . . . Used time: 0s Expected left time: 0s          
 Analyzing entries 26930 - 26965, now 26933 , sum entries = 35670 . . . Used time: 0s Expected left time: 0s          
 Analyzing entries 26930 - 26965, now 26934 , sum entries = 35670 . . . Used time: 0s Expected left time: 0s          
 Analyzing entries 26930 - 26965, now 26935 , sum entries = 35670 . . . Used time: 0s Expected left time: 0s          
 Analyzing entries 26930 - 26965, now 26936 , sum entries = 35670 . . . Used time: 0s Expected left time: 0s          
 Analyzing entries 26930 - 26965, now 26937 , sum entries = 35670 . . . Used time: 0s Expected left time: 0s          
 Analyzing entries 26930 - 26965, now 26938 , sum entries = 35670 . . . Used time: 0s Expected left time: 0s          
 Analyzing entries 26930 - 26965, now 26939 , sum entries = 35670 . . . Used time: 0s Expected left time: 0s          
 Analyzing entries 26930 - 26965, now 26940 , sum entries = 35670 . . . Used time: 0s Expected left time: 0s          
 Analyzing entries 26930 - 26965, now 26941 , sum entries = 35670 . . . Used time: 0s Expected left time: 0s          
 Analyzing entries 26930 - 26965, now 26942 , sum entries = 35670 . . . Used time: 0s Expected left time: 0s          
 Analyzing entries 26930 - 26965, now 26943 , sum entries = 35670 . . . Used time: 0s Expected left time: 0s          
 Analyzing entries 26930 - 26965, now 26944 , sum entries = 35670 . . . Used time: 0s Expected left time: 0s          
 Analyzing entries 26930 - 26965, now 26945 , sum entries = 35670 . . . Used time: 0s Expected left time: 0s          
 Analyzing entries 26930 - 26965, now 26946 , sum entries = 35670 . . . Used time: 0s Expected left time: 0s          
 Analyzing entries 26930 - 26965, now 26947 , sum entries = 35670 . . . Used time: 0s Expected left time: 0s          
 Analyzing entries 26930 - 26965, now 26948 , sum entries = 35670 . . . Used time: 0s Expected left time: 0s          
 Analyzing entries 26930 - 26965, now 26949 , sum entries = 35670 . . . Used time: 0s Expected left time: 0s          
 Analyzing entries 26930 - 26965, now 26950 , sum entries = 35670 . . . Used time: 0s Expected left time: 0s          
 Analyzing entries 26930 - 26965, now 26951 , sum entries = 35670 . . . Used time: 0s Expected left time: 0s          
 Analyzing entries 26930 - 26965, now 26952 , sum entries = 35670 . . . Used time: 0s Expected left time: 0s          
 Analyzing entries 26930 - 26965, now 26953 , sum entries = 35670 . . . Used time: 0s Expected left time: 0s          
 Analyzing entries 26930 - 26965, now 26954 , sum entries = 35670 . . . Used time: 0s Expected left time: 0s          
 Analyzing entries 26930 - 26965, now 26955 , sum entries = 35670 . . . Used time: 0s Expected left time: 0s          
 Analyzing entries 26930 - 26965, now 26956 , sum entries = 35670 . . . Used time: 0s Expected left time: 0s          
 Analyzing entries 26930 - 26965, now 26957 , sum entries = 35670 . . . Used time: 0s Expected left time: 0s          
 Analyzing entries 26930 - 26965, now 26958 , sum entries = 35670 . . . Used time: 0s Expected left time: 0s          
 Analyzing entries 26930 - 26965, now 26959 , sum entries = 35670 . . . Used time: 0s Expected left time: 0s          
 Analyzing entries 26930 - 26965, now 26960 , sum entries = 35670 . . . Used time: 0s Expected left time: 0s          
 Analyzing entries 26930 - 26965, now 26961 , sum entries = 35670 . . . Used time: 0s Expected left time: 0s          
 Analyzing entries 26930 - 26965, now 26962 , sum entries = 35670 . . . Used time: 0s Expected left time: 0s          
 Analyzing entries 26930 - 26965, now 26963 , sum entries = 35670 . . . Used time: 0s Expected left time: 0s          
 Analyzing entries 26930 - 26965, now 26964 , sum entries = 35670 . . . Used time: 0s Expected left time: 0s          
 Save to RootFile /extdisk/zlin/Machine_learning/RecoPlanesFeatures/CMS_herwig_HT1000to1500-preVFP_jinitpt450_600_j2pt80_120Reco/Chunk75_Part5.root . . . Used time: 0s Expected left time: 0s          
 Save to RootFile /extdisk/zlin/Machine_learning/RecoPlanesFeatures/CMS_herwig_HT1000to1500-preVFP_jinitpt450_600_j2pt80_120Reco/Chunk75_Part5.root . . . Used time: 0s Expected left time: 0s          
 Save to RootFile /extdisk/zlin/Machine_learning/RecoPlanesFeatures/CMS_herwig_HT1000to1500-preVFP_jinitpt450_600_j2pt80_120Reco/Chunk75_Part5.root . . . Used time: 0s Expected left time: 0s          
 Save to RootFile /extdisk/zlin/Machine_learning/RecoPlanesFeatures/CMS_herwig_HT1000to1500-preVFP_jinitpt450_600_j2pt80_120Reco/Chunk75_Part5.root . . . Used time: 0s Expected left time: 0s          
 Save to RootFile /extdisk/zlin/Machine_learning/RecoPlanesFeatures/CMS_herwig_HT1000to1500-preVFP_jinitpt450_600_j2pt80_120Reco/Chunk75_Part5.root . . . Used time: 0s Expected left time: 0s          
 Analyzing entries 26966 - 27001, now 26966 , sum entries = 35670 . . . Used time: 0s Expected left time: 0s          
 Analyzing entries 26966 - 27001, now 26967 , sum entries = 35670 . . . Used time: 0s Expected left time: 0s          
 Analyzing entries 26966 - 27001, now 26968 , sum entries = 35670 . . . Used time: 0s Expected left time: 0s          
 Analyzing entries 26966 - 27001, now 26969 , sum entries = 35670 . . . Used time: 0s Expected left time: 0s          
 Analyzing entries 26966 - 27001, now 26970 , sum entries = 35670 . . . Used time: 0s Expected left time: 0s          
 Analyzing entries 26966 - 27001, now 26971 , sum entries = 35670 . . . Used time: 0s Expected left time: 0s          
 Analyzing entries 26966 - 27001, now 26972 , sum entries = 35670 . . . Used time: 0s Expected left time: 0s          
 Analyzing entries 26966 - 27001, now 26973 , sum entries = 35670 . . . Used time: 0s Expected left time: 0s          
 Analyzing entries 26966 - 27001, now 26974 , sum entries = 35670 . . . Used time: 0s Expected left time: 0s          
 Analyzing entries 26966 - 27001, now 26975 , sum entries = 35670 . . . Used time: 0s Expected left time: 0s          
 Analyzing entries 26966 - 27001, now 26976 , sum entries = 35670 . . . Used time: 0s Expected left time: 0s          
 Analyzing entries 26966 - 27001, now 26977 , sum entries = 35670 . . . Used time: 0s Expected left time: 0s          
 Analyzing entries 26966 - 27001, now 26978 , sum entries = 35670 . . . Used time: 0s Expected left time: 0s          
 Analyzing entries 26966 - 27001, now 26979 , sum entries = 35670 . . . Used time: 0s Expected left time: 0s          
 Analyzing entries 26966 - 27001, now 26980 , sum entries = 35670 . . . Used time: 0s Expected left time: 0s          
 Analyzing entries 26966 - 27001, now 26981 , sum entries = 35670 . . . Used time: 0s Expected left time: 0s          
 Analyzing entries 26966 - 27001, now 26982 , sum entries = 35670 . . . Used time: 0s Expected left time: 0s          
 Analyzing entries 26966 - 27001, now 26983 , sum entries = 35670 . . . Used time: 0s Expected left time: 0s          
 Analyzing entries 26966 - 27001, now 26984 , sum entries = 35670 . . . Used time: 0s Expected left time: 0s          
 Analyzing entries 26966 - 27001, now 26985 , sum entries = 35670 . . . Used time: 0s Expected left time: 0s          
 Analyzing entries 26966 - 27001, now 26986 , sum entries = 35670 . . . Used time: 0s Expected left time: 0s          
 Analyzing entries 26966 - 27001, now 26987 , sum entries = 35670 . . . Used time: 0s Expected left time: 0s          
 Analyzing entries 26966 - 27001, now 26988 , sum entries = 35670 . . . Used time: 0s Expected left time: 0s          
 Analyzing entries 26966 - 27001, now 26989 , sum entries = 35670 . . . Used time: 0s Expected left time: 0s          
 Analyzing entries 26966 - 27001, now 26990 , sum entries = 35670 . . . Used time: 0s Expected left time: 0s          
 Analyzing entries 26966 - 27001, now 26991 , sum entries = 35670 . . . Used time: 0s Expected left time: 0s          
 Analyzing entries 26966 - 27001, now 26992 , sum entries = 35670 . . . Used time: 0s Expected left time: 0s          
 Analyzing entries 26966 - 27001, now 26993 , sum entries = 35670 . . . Used time: 0s Expected left time: 0s          
 Analyzing entries 26966 - 27001, now 26994 , sum entries = 35670 . . . Used time: 0s Expected left time: 0s          
 Analyzing entries 26966 - 27001, now 26995 , sum entries = 35670 . . . Used time: 0s Expected left time: 0s          
 Analyzing entries 26966 - 27001, now 26996 , sum entries = 35670 . . . Used time: 0s Expected left time: 0s          
 Analyzing entries 26966 - 27001, now 26997 , sum entries = 35670 . . . Used time: 0s Expected left time: 0s          
 Analyzing entries 26966 - 27001, now 26998 , sum entries = 35670 . . . Used time: 0s Expected left time: 0s          
 Analyzing entries 26966 - 27001, now 26999 , sum entries = 35670 . . . Used time: 0s Expected left time: 0s          
 Analyzing entries 26966 - 27001, now 27000 , sum entries = 35670 . . . Used time: 0s Expected left time: 0s          
 Save to RootFile /extdisk/zlin/Machine_learning/RecoPlanesFeatures/CMS_herwig_HT1000to1500-preVFP_jinitpt450_600_j2pt80_120Reco/Chunk75_Part6.root . . . Used time: 0s Expected left time: 0s          
 Save to RootFile /extdisk/zlin/Machine_learning/RecoPlanesFeatures/CMS_herwig_HT1000to1500-preVFP_jinitpt450_600_j2pt80_120Reco/Chunk75_Part6.root . . . Used time: 0s Expected left time: 0s          
 Analyzing entries 27002 - 27037, now 27002 , sum entries = 35670 . . . Used time: 0s Expected left time: 0s          
 Analyzing entries 27002 - 27037, now 27003 , sum entries = 35670 . . . Used time: 0s Expected left time: 0s          
 Analyzing entries 27002 - 27037, now 27004 , sum entries = 35670 . . . Used time: 0s Expected left time: 0s          
 Analyzing entries 27002 - 27037, now 27005 , sum entries = 35670 . . . Used time: 0s Expected left time: 0s          
 Analyzing entries 27002 - 27037, now 27006 , sum entries = 35670 . . . Used time: 0s Expected left time: 0s          
 Analyzing entries 27002 - 27037, now 27007 , sum entries = 35670 . . . Used time: 0s Expected left time: 0s          
 Analyzing entries 27002 - 27037, now 27008 , sum entries = 35670 . . . Used time: 0s Expected left time: 0s          
 Analyzing entries 27002 - 27037, now 27009 , sum entries = 35670 . . . Used time: 0s Expected left time: 0s          
 Analyzing entries 27002 - 27037, now 27010 , sum entries = 35670 . . . Used time: 0s Expected left time: 0s          
 Analyzing entries 27002 - 27037, now 27011 , sum entries = 35670 . . . Used time: 0s Expected left time: 0s          
 Analyzing entries 27002 - 27037, now 27012 , sum entries = 35670 . . . Used time: 0s Expected left time: 0s          
 Analyzing entries 27002 - 27037, now 27013 , sum entries = 35670 . . . Used time: 0s Expected left time: 0s          
 Analyzing entries 27002 - 27037, now 27014 , sum entries = 35670 . . . Used time: 0s Expected left time: 0s          
 Analyzing entries 27002 - 27037, now 27015 , sum entries = 35670 . . . Used time: 0s Expected left time: 0s          
 Analyzing entries 27002 - 27037, now 27016 , sum entries = 35670 . . . Used time: 0s Expected left time: 0s          
 Analyzing entries 27002 - 27037, now 27017 , sum entries = 35670 . . . Used time: 0s Expected left time: 0s          
 Analyzing entries 27002 - 27037, now 27018 , sum entries = 35670 . . . Used time: 0s Expected left time: 0s          
 Analyzing entries 27002 - 27037, now 27019 , sum entries = 35670 . . . Used time: 0s Expected left time: 0s          
 Analyzing entries 27002 - 27037, now 27020 , sum entries = 35670 . . . Used time: 0s Expected left time: 0s          
 Analyzing entries 27002 - 27037, now 27021 , sum entries = 35670 . . . Used time: 0s Expected left time: 0s          
 Analyzing entries 27002 - 27037, now 27022 , sum entries = 35670 . . . Used time: 0s Expected left time: 0s          
 Analyzing entries 27002 - 27037, now 27023 , sum entries = 35670 . . . Used time: 0s Expected left time: 0s          
 Analyzing entries 27002 - 27037, now 27024 , sum entries = 35670 . . . Used time: 0s Expected left time: 0s          
 Analyzing entries 27002 - 27037, now 27025 , sum entries = 35670 . . . Used time: 0s Expected left time: 0s          
 Analyzing entries 27002 - 27037, now 27026 , sum entries = 35670 . . . Used time: 0s Expected left time: 0s          
 Analyzing entries 27002 - 27037, now 27027 , sum entries = 35670 . . . Used time: 0s Expected left time: 0s          
 Analyzing entries 27002 - 27037, now 27028 , sum entries = 35670 . . . Used time: 0s Expected left time: 0s          
 Analyzing entries 27002 - 27037, now 27029 , sum entries = 35670 . . . Used time: 0s Expected left time: 0s          
 Analyzing entries 27002 - 27037, now 27030 , sum entries = 35670 . . . Used time: 0s Expected left time: 0s          
 Analyzing entries 27002 - 27037, now 27031 , sum entries = 35670 . . . Used time: 0s Expected left time: 0s          
 Analyzing entries 27002 - 27037, now 27032 , sum entries = 35670 . . . Used time: 0s Expected left time: 0s          
 Analyzing entries 27002 - 27037, now 27033 , sum entries = 35670 . . . Used time: 0s Expected left time: 0s          
 Analyzing entries 27002 - 27037, now 27034 , sum entries = 35670 . . . Used time: 0s Expected left time: 0s          
 Analyzing entries 27002 - 27037, now 27035 , sum entries = 35670 . . . Used time: 0s Expected left time: 0s          
 Analyzing entries 27002 - 27037, now 27036 , sum entries = 35670 . . . Used time: 0s Expected left time: 0s          
 Save to RootFile /extdisk/zlin/Machine_learning/RecoPlanesFeatures/CMS_herwig_HT1000to1500-preVFP_jinitpt450_600_j2pt80_120Reco/Chunk75_Part7.root . . . Used time: 0s Expected left time: 0s          
 Save to RootFile /extdisk/zlin/Machine_learning/RecoPlanesFeatures/CMS_herwig_HT1000to1500-preVFP_jinitpt450_600_j2pt80_120Reco/Chunk75_Part7.root . . . Used time: 0s Expected left time: 0s          
 Analyzing entries 27037 - 27072, now 27037 , sum entries = 35670 . . . Used time: 0s Expected left time: 0s          
 Analyzing entries 27037 - 27072, now 27038 , sum entries = 35670 . . . Used time: 0s Expected left time: 0s          
 Analyzing entries 27037 - 27072, now 27039 , sum entries = 35670 . . . Used time: 0s Expected left time: 0s          
 Analyzing entries 27037 - 27072, now 27040 , sum entries = 35670 . . . Used time: 0s Expected left time: 0s          
 Analyzing entries 27037 - 27072, now 27041 , sum entries = 35670 . . . Used time: 0s Expected left time: 0s          
 Analyzing entries 27037 - 27072, now 27042 , sum entries = 35670 . . . Used time: 0s Expected left time: 0s          
 Analyzing entries 27037 - 27072, now 27043 , sum entries = 35670 . . . Used time: 0s Expected left time: 0s          
 Analyzing entries 27037 - 27072, now 27044 , sum entries = 35670 . . . Used time: 0s Expected left time: 0s          
 Analyzing entries 27037 - 27072, now 27045 , sum entries = 35670 . . . Used time: 0s Expected left time: 0s          
 Analyzing entries 27037 - 27072, now 27046 , sum entries = 35670 . . . Used time: 0s Expected left time: 0s          
 Analyzing entries 27037 - 27072, now 27047 , sum entries = 35670 . . . Used time: 0s Expected left time: 0s          
 Analyzing entries 27037 - 27072, now 27048 , sum entries = 35670 . . . Used time: 0s Expected left time: 0s          
 Analyzing entries 27037 - 27072, now 27049 , sum entries = 35670 . . . Used time: 0s Expected left time: 0s          
 Analyzing entries 27037 - 27072, now 27050 , sum entries = 35670 . . . Used time: 0s Expected left time: 0s          
 Analyzing entries 27037 - 27072, now 27051 , sum entries = 35670 . . . Used time: 0s Expected left time: 0s          
 Analyzing entries 27037 - 27072, now 27052 , sum entries = 35670 . . . Used time: 0s Expected left time: 0s          
 Analyzing entries 27037 - 27072, now 27053 , sum entries = 35670 . . . Used time: 0s Expected left time: 0s          
 Analyzing entries 27037 - 27072, now 27054 , sum entries = 35670 . . . Used time: 0s Expected left time: 0s          
 Analyzing entries 27037 - 27072, now 27055 , sum entries = 35670 . . . Used time: 0s Expected left time: 0s          
 Analyzing entries 27037 - 27072, now 27056 , sum entries = 35670 . . . Used time: 0s Expected left time: 0s          
 Analyzing entries 27037 - 27072, now 27057 , sum entries = 35670 . . . Used time: 0s Expected left time: 0s          
 Analyzing entries 27037 - 27072, now 27058 , sum entries = 35670 . . . Used time: 0s Expected left time: 0s          
 Analyzing entries 27037 - 27072, now 27059 , sum entries = 35670 . . . Used time: 0s Expected left time: 0s          
 Analyzing entries 27037 - 27072, now 27060 , sum entries = 35670 . . . Used time: 0s Expected left time: 0s          
 Analyzing entries 27037 - 27072, now 27061 , sum entries = 35670 . . . Used time: 0s Expected left time: 0s          
 Analyzing entries 27037 - 27072, now 27062 , sum entries = 35670 . . . Used time: 0s Expected left time: 0s          
 Analyzing entries 27037 - 27072, now 27063 , sum entries = 35670 . . . Used time: 0s Expected left time: 0s          
 Analyzing entries 27037 - 27072, now 27064 , sum entries = 35670 . . . Used time: 0s Expected left time: 0s          
 Analyzing entries 27037 - 27072, now 27065 , sum entries = 35670 . . . Used time: 0s Expected left time: 0s          
 Analyzing entries 27037 - 27072, now 27066 , sum entries = 35670 . . . Used time: 0s Expected left time: 0s          
 Analyzing entries 27037 - 27072, now 27067 , sum entries = 35670 . . . Used time: 0s Expected left time: 0s          
 Analyzing entries 27037 - 27072, now 27068 , sum entries = 35670 . . . Used time: 0s Expected left time: 0s          
 Analyzing entries 27037 - 27072, now 27069 , sum entries = 35670 . . . Used time: 0s Expected left time: 0s          
 Analyzing entries 27037 - 27072, now 27070 , sum entries = 35670 . . . Used time: 0s Expected left time: 0s          
 Analyzing entries 27037 - 27072, now 27071 , sum entries = 35670 . . . Used time: 0s Expected left time: 0s          
 Save to RootFile /extdisk/zlin/Machine_learning/RecoPlanesFeatures/CMS_herwig_HT1000to1500-preVFP_jinitpt450_600_j2pt80_120Reco/Chunk75_Part8.root . . . Used time: 0s Expected left time: 0s          
 Save to RootFile /extdisk/zlin/Machine_learning/RecoPlanesFeatures/CMS_herwig_HT1000to1500-preVFP_jinitpt450_600_j2pt80_120Reco/Chunk75_Part8.root . . . Used time: 0s Expected left time: 0s          
 Save to RootFile /extdisk/zlin/Machine_learning/RecoPlanesFeatures/CMS_herwig_HT1000to1500-preVFP_jinitpt450_600_j2pt80_120Reco/Chunk75_Part8.root . . . Used time: 0s Expected left time: 0s          
 Save to RootFile /extdisk/zlin/Machine_learning/RecoPlanesFeatures/CMS_herwig_HT1000to1500-preVFP_jinitpt450_600_j2pt80_120Reco/Chunk75_Part8.root . . . Used time: 0s Expected left time: 0s          
 Analyzing entries 27073 - 27108, now 27073 , sum entries = 35670 . . . Used time: 0s Expected left time: 0s          
 Analyzing entries 27073 - 27108, now 27074 , sum entries = 35670 . . . Used time: 0s Expected left time: 0s          
 Analyzing entries 27073 - 27108, now 27075 , sum entries = 35670 . . . Used time: 0s Expected left time: 0s          
 Analyzing entries 27073 - 27108, now 27076 , sum entries = 35670 . . . Used time: 0s Expected left time: 0s          
 Analyzing entries 27073 - 27108, now 27077 , sum entries = 35670 . . . Used time: 0s Expected left time: 0s          
 Analyzing entries 27073 - 27108, now 27078 , sum entries = 35670 . . . Used time: 0s Expected left time: 0s          
 Analyzing entries 27073 - 27108, now 27079 , sum entries = 35670 . . . Used time: 0s Expected left time: 0s          
 Analyzing entries 27073 - 27108, now 27080 , sum entries = 35670 . . . Used time: 0s Expected left time: 0s          
 Analyzing entries 27073 - 27108, now 27081 , sum entries = 35670 . . . Used time: 0s Expected left time: 0s          
 Analyzing entries 27073 - 27108, now 27082 , sum entries = 35670 . . . Used time: 0s Expected left time: 0s          
 Analyzing entries 27073 - 27108, now 27083 , sum entries = 35670 . . . Used time: 0s Expected left time: 0s          
 Analyzing entries 27073 - 27108, now 27084 , sum entries = 35670 . . . Used time: 0s Expected left time: 0s          
 Analyzing entries 27073 - 27108, now 27085 , sum entries = 35670 . . . Used time: 0s Expected left time: 0s          
 Analyzing entries 27073 - 27108, now 27086 , sum entries = 35670 . . . Used time: 0s Expected left time: 0s          
 Analyzing entries 27073 - 27108, now 27087 , sum entries = 35670 . . . Used time: 0s Expected left time: 0s          
 Analyzing entries 27073 - 27108, now 27088 , sum entries = 35670 . . . Used time: 0s Expected left time: 0s          
 Analyzing entries 27073 - 27108, now 27089 , sum entries = 35670 . . . Used time: 0s Expected left time: 0s          
 Analyzing entries 27073 - 27108, now 27090 , sum entries = 35670 . . . Used time: 0s Expected left time: 0s          
 Analyzing entries 27073 - 27108, now 27091 , sum entries = 35670 . . . Used time: 0s Expected left time: 0s          
 Analyzing entries 27073 - 27108, now 27092 , sum entries = 35670 . . . Used time: 0s Expected left time: 0s          
 Analyzing entries 27073 - 27108, now 27093 , sum entries = 35670 . . . Used time: 0s Expected left time: 0s          
 Analyzing entries 27073 - 27108, now 27094 , sum entries = 35670 . . . Used time: 0s Expected left time: 0s          
 Analyzing entries 27073 - 27108, now 27095 , sum entries = 35670 . . . Used time: 0s Expected left time: 0s          
 Analyzing entries 27073 - 27108, now 27096 , sum entries = 35670 . . . Used time: 0s Expected left time: 0s          
 Analyzing entries 27073 - 27108, now 27097 , sum entries = 35670 . . . Used time: 0s Expected left time: 0s          
 Analyzing entries 27073 - 27108, now 27098 , sum entries = 35670 . . . Used time: 0s Expected left time: 0s          
 Analyzing entries 27073 - 27108, now 27099 , sum entries = 35670 . . . Used time: 0s Expected left time: 0s          
 Analyzing entries 27073 - 27108, now 27100 , sum entries = 35670 . . . Used time: 0s Expected left time: 0s          
 Analyzing entries 27073 - 27108, now 27101 , sum entries = 35670 . . . Used time: 0s Expected left time: 0s          
 Analyzing entries 27073 - 27108, now 27102 , sum entries = 35670 . . . Used time: 0s Expected left time: 0s          
 Analyzing entries 27073 - 27108, now 27103 , sum entries = 35670 . . . Used time: 0s Expected left time: 0s          
 Analyzing entries 27073 - 27108, now 27104 , sum entries = 35670 . . . Used time: 0s Expected left time: 0s          
 Analyzing entries 27073 - 27108, now 27105 , sum entries = 35670 . . . Used time: 0s Expected left time: 0s          
 Analyzing entries 27073 - 27108, now 27106 , sum entries = 35670 . . . Used time: 0s Expected left time: 0s          
 Analyzing entries 27073 - 27108, now 27107 , sum entries = 35670 . . . Used time: 0s Expected left time: 0s          
 Save to RootFile /extdisk/zlin/Machine_learning/RecoPlanesFeatures/CMS_herwig_HT1000to1500-preVFP_jinitpt450_600_j2pt80_120Reco/Chunk75_Part9.root . . . Used time: 0s Expected left time: 0s          
 Save to RootFile /extdisk/zlin/Machine_learning/RecoPlanesFeatures/CMS_herwig_HT1000to1500-preVFP_jinitpt450_600_j2pt80_120Reco/Chunk75_Part9.root . . . Used time: 0s Expected left time: 0s          
 Save to RootFile /extdisk/zlin/Machine_learning/RecoPlanesFeatures/CMS_herwig_HT1000to1500-preVFP_jinitpt450_600_j2pt80_120Reco/Chunk75_Part9.root . . . Used time: 0s Expected left time: 0s          
 Save to RootFile /extdisk/zlin/Machine_learning/RecoPlanesFeatures/CMS_herwig_HT1000to1500-preVFP_jinitpt450_600_j2pt80_120Reco/Chunk75_Part9.root . . . Used time: 0s Expected left time: 0s          
 Save to RootFile /extdisk/zlin/Machine_learning/RecoPlanesFeatures/CMS_herwig_HT1000to1500-preVFP_jinitpt450_600_j2pt80_120Reco/Chunk75_Part9.root . . . Used time: 0s Expected left time: 0s          
