Warning in <TFile::Init>: file /extdisk/zlin/Machine_learning/RecoPlanes/CMS_herwig_HT1000to1500-preVFP/Chunk19_Part0.root probably not closed, trying to recover
Warning in <TFile::Init>: no keys recovered, file has been made a Zombie
Warning in <TFile::Init>: file /extdisk/zlin/Machine_learning/RecoPlanes/CMS_herwig_HT1000to1500-preVFP/Chunk39_Part0.root probably not closed, trying to recover
Warning in <TFile::Init>: no keys recovered, file has been made a Zombie
Warning in <TFile::Init>: file /extdisk/zlin/Machine_learning/RecoPlanes/CMS_herwig_HT1000to1500-preVFP/Chunk41_Part0.root probably not closed, trying to recover
Warning in <TFile::Init>: no keys recovered, file has been made a Zombie
Warning in <TFile::Init>: file /extdisk/zlin/Machine_learning/RecoPlanes/CMS_herwig_HT1000to1500-preVFP/Chunk52_Part0.root probably not closed, trying to recover
Warning in <TFile::Init>: no keys recovered, file has been made a Zombie
Warning in <TFile::Init>: file /extdisk/zlin/Machine_learning/RecoPlanes/CMS_herwig_HT1000to1500-preVFP/Chunk56_Part1.root probably not closed, trying to recover
Warning in <TFile::Init>: no keys recovered, file has been made a Zombie
Warning in <TFile::Init>: file /extdisk/zlin/Machine_learning/RecoPlanes/CMS_herwig_HT1000to1500-preVFP/Chunk58_Part0.root probably not closed, trying to recover
Warning in <TFile::Init>: no keys recovered, file has been made a Zombie
Warning in <TFile::Init>: file /extdisk/zlin/Machine_learning/RecoPlanes/CMS_herwig_HT1000to1500-preVFP/Chunk59_Part0.root probably not closed, trying to recover
Warning in <TFile::Init>: no keys recovered, file has been made a Zombie
Warning in <TFile::Init>: file /extdisk/zlin/Machine_learning/RecoPlanes/CMS_herwig_HT1000to1500-preVFP/Chunk63_Part0.root probably not closed, trying to recover
Warning in <TFile::Init>: no keys recovered, file has been made a Zombie
Warning in <TFile::Init>: file /extdisk/zlin/Machine_learning/RecoPlanes/CMS_herwig_HT1000to1500-preVFP/Chunk90_Part1.root probably not closed, trying to recover
Warning in <TFile::Init>: no keys recovered, file has been made a Zombie
 Analyzing entries 37192 - 37233, now 37192 , sum entries = 41325 . . . Used time: 0s Expected left time: 0s          
 Analyzing entries 37192 - 37233, now 37193 , sum entries = 41325 . . . Used time: 0s Expected left time: 0s          
 Analyzing entries 37192 - 37233, now 37194 , sum entries = 41325 . . . Used time: 0s Expected left time: 0s          
 Analyzing entries 37192 - 37233, now 37195 , sum entries = 41325 . . . Used time: 0s Expected left time: 0s          
 Analyzing entries 37192 - 37233, now 37196 , sum entries = 41325 . . . Used time: 0s Expected left time: 0s          
 Analyzing entries 37192 - 37233, now 37197 , sum entries = 41325 . . . Used time: 0s Expected left time: 0s          
 Analyzing entries 37192 - 37233, now 37198 , sum entries = 41325 . . . Used time: 0s Expected left time: 0s          
 Analyzing entries 37192 - 37233, now 37199 , sum entries = 41325 . . . Used time: 0s Expected left time: 0s          
 Analyzing entries 37192 - 37233, now 37200 , sum entries = 41325 . . . Used time: 0s Expected left time: 0s          
 Analyzing entries 37192 - 37233, now 37201 , sum entries = 41325 . . . Used time: 0s Expected left time: 0s          
 Analyzing entries 37192 - 37233, now 37202 , sum entries = 41325 . . . Used time: 0s Expected left time: 0s          
 Analyzing entries 37192 - 37233, now 37203 , sum entries = 41325 . . . Used time: 0s Expected left time: 0s          
 Analyzing entries 37192 - 37233, now 37204 , sum entries = 41325 . . . Used time: 0s Expected left time: 0s          
 Analyzing entries 37192 - 37233, now 37205 , sum entries = 41325 . . . Used time: 0s Expected left time: 0s          
 Analyzing entries 37192 - 37233, now 37206 , sum entries = 41325 . . . Used time: 0s Expected left time: 0s          
 Analyzing entries 37192 - 37233, now 37207 , sum entries = 41325 . . . Used time: 0s Expected left time: 0s          
 Analyzing entries 37192 - 37233, now 37208 , sum entries = 41325 . . . Used time: 0s Expected left time: 0s          
 Analyzing entries 37192 - 37233, now 37209 , sum entries = 41325 . . . Used time: 0s Expected left time: 0s          
 Analyzing entries 37192 - 37233, now 37210 , sum entries = 41325 . . . Used time: 0s Expected left time: 0s          
 Analyzing entries 37192 - 37233, now 37211 , sum entries = 41325 . . . Used time: 0s Expected left time: 0s          
 Analyzing entries 37192 - 37233, now 37212 , sum entries = 41325 . . . Used time: 0s Expected left time: 0s          
 Analyzing entries 37192 - 37233, now 37213 , sum entries = 41325 . . . Used time: 0s Expected left time: 0s          
 Analyzing entries 37192 - 37233, now 37214 , sum entries = 41325 . . . Used time: 0s Expected left time: 0s          
 Analyzing entries 37192 - 37233, now 37215 , sum entries = 41325 . . . Used time: 0s Expected left time: 0s          
 Analyzing entries 37192 - 37233, now 37216 , sum entries = 41325 . . . Used time: 0s Expected left time: 0s          
 Analyzing entries 37192 - 37233, now 37217 , sum entries = 41325 . . . Used time: 0s Expected left time: 0s          
 Analyzing entries 37192 - 37233, now 37218 , sum entries = 41325 . . . Used time: 0s Expected left time: 0s          
 Analyzing entries 37192 - 37233, now 37219 , sum entries = 41325 . . . Used time: 0s Expected left time: 0s          
 Analyzing entries 37192 - 37233, now 37220 , sum entries = 41325 . . . Used time: 0s Expected left time: 0s          
 Analyzing entries 37192 - 37233, now 37221 , sum entries = 41325 . . . Used time: 0s Expected left time: 0s          
 Analyzing entries 37192 - 37233, now 37222 , sum entries = 41325 . . . Used time: 0s Expected left time: 0s          
 Analyzing entries 37192 - 37233, now 37223 , sum entries = 41325 . . . Used time: 0s Expected left time: 0s          
 Analyzing entries 37192 - 37233, now 37224 , sum entries = 41325 . . . Used time: 0s Expected left time: 0s          
 Analyzing entries 37192 - 37233, now 37225 , sum entries = 41325 . . . Used time: 0s Expected left time: 0s          
 Analyzing entries 37192 - 37233, now 37226 , sum entries = 41325 . . . Used time: 0s Expected left time: 0s          
 Analyzing entries 37192 - 37233, now 37227 , sum entries = 41325 . . . Used time: 0s Expected left time: 0s          
 Analyzing entries 37192 - 37233, now 37228 , sum entries = 41325 . . . Used time: 0s Expected left time: 0s          
 Analyzing entries 37192 - 37233, now 37229 , sum entries = 41325 . . . Used time: 0s Expected left time: 0s          
 Analyzing entries 37192 - 37233, now 37230 , sum entries = 41325 . . . Used time: 0s Expected left time: 0s          
 Analyzing entries 37192 - 37233, now 37231 , sum entries = 41325 . . . Used time: 0s Expected left time: 0s          
 Analyzing entries 37192 - 37233, now 37232 , sum entries = 41325 . . . Used time: 0s Expected left time: 0s          
 Save to RootFile /extdisk/zlin/Machine_learning/RecoPlanesFeatures/CMS_herwig_HT1000to1500-preVFP_jinitpt450_600_j2pt80_120Reco/Chunk90_Part0.root . . . Used time: 0s Expected left time: 0s          
 Save to RootFile /extdisk/zlin/Machine_learning/RecoPlanesFeatures/CMS_herwig_HT1000to1500-preVFP_jinitpt450_600_j2pt80_120Reco/Chunk90_Part0.root . . . Used time: 0s Expected left time: 0s          
 Save to RootFile /extdisk/zlin/Machine_learning/RecoPlanesFeatures/CMS_herwig_HT1000to1500-preVFP_jinitpt450_600_j2pt80_120Reco/Chunk90_Part0.root . . . Used time: 0s Expected left time: 0s          
 Save to RootFile /extdisk/zlin/Machine_learning/RecoPlanesFeatures/CMS_herwig_HT1000to1500-preVFP_jinitpt450_600_j2pt80_120Reco/Chunk90_Part0.root . . . Used time: 0s Expected left time: 0s          
 Save to RootFile /extdisk/zlin/Machine_learning/RecoPlanesFeatures/CMS_herwig_HT1000to1500-preVFP_jinitpt450_600_j2pt80_120Reco/Chunk90_Part0.root . . . Used time: 0s Expected left time: 0s          
 Save to RootFile /extdisk/zlin/Machine_learning/RecoPlanesFeatures/CMS_herwig_HT1000to1500-preVFP_jinitpt450_600_j2pt80_120Reco/Chunk90_Part0.root . . . Used time: 0s Expected left time: 0s          
 Save to RootFile /extdisk/zlin/Machine_learning/RecoPlanesFeatures/CMS_herwig_HT1000to1500-preVFP_jinitpt450_600_j2pt80_120Reco/Chunk90_Part0.root . . . Used time: 0s Expected left time: 0s          
 Analyzing entries 37233 - 37274, now 37233 , sum entries = 41325 . . . Used time: 0s Expected left time: 0s          
 Analyzing entries 37233 - 37274, now 37234 , sum entries = 41325 . . . Used time: 0s Expected left time: 0s          
 Analyzing entries 37233 - 37274, now 37235 , sum entries = 41325 . . . Used time: 0s Expected left time: 0s          
 Analyzing entries 37233 - 37274, now 37236 , sum entries = 41325 . . . Used time: 0s Expected left time: 0s          
 Analyzing entries 37233 - 37274, now 37237 , sum entries = 41325 . . . Used time: 0s Expected left time: 0s          
 Analyzing entries 37233 - 37274, now 37238 , sum entries = 41325 . . . Used time: 0s Expected left time: 0s          
 Analyzing entries 37233 - 37274, now 37239 , sum entries = 41325 . . . Used time: 0s Expected left time: 0s          
 Analyzing entries 37233 - 37274, now 37240 , sum entries = 41325 . . . Used time: 0s Expected left time: 0s          
 Analyzing entries 37233 - 37274, now 37241 , sum entries = 41325 . . . Used time: 0s Expected left time: 0s          
 Analyzing entries 37233 - 37274, now 37242 , sum entries = 41325 . . . Used time: 0s Expected left time: 0s          
 Analyzing entries 37233 - 37274, now 37243 , sum entries = 41325 . . . Used time: 0s Expected left time: 0s          
 Analyzing entries 37233 - 37274, now 37244 , sum entries = 41325 . . . Used time: 0s Expected left time: 0s          
 Analyzing entries 37233 - 37274, now 37245 , sum entries = 41325 . . . Used time: 0s Expected left time: 0s          
 Analyzing entries 37233 - 37274, now 37246 , sum entries = 41325 . . . Used time: 0s Expected left time: 0s          
 Analyzing entries 37233 - 37274, now 37247 , sum entries = 41325 . . . Used time: 0s Expected left time: 0s          
 Analyzing entries 37233 - 37274, now 37248 , sum entries = 41325 . . . Used time: 0s Expected left time: 0s          
 Analyzing entries 37233 - 37274, now 37249 , sum entries = 41325 . . . Used time: 0s Expected left time: 0s          
 Analyzing entries 37233 - 37274, now 37250 , sum entries = 41325 . . . Used time: 0s Expected left time: 0s          
 Analyzing entries 37233 - 37274, now 37251 , sum entries = 41325 . . . Used time: 0s Expected left time: 0s          
 Analyzing entries 37233 - 37274, now 37252 , sum entries = 41325 . . . Used time: 0s Expected left time: 0s          
 Analyzing entries 37233 - 37274, now 37253 , sum entries = 41325 . . . Used time: 0s Expected left time: 0s          
 Analyzing entries 37233 - 37274, now 37254 , sum entries = 41325 . . . Used time: 0s Expected left time: 0s          
 Analyzing entries 37233 - 37274, now 37255 , sum entries = 41325 . . . Used time: 0s Expected left time: 0s          
 Analyzing entries 37233 - 37274, now 37256 , sum entries = 41325 . . . Used time: 0s Expected left time: 0s          
 Analyzing entries 37233 - 37274, now 37257 , sum entries = 41325 . . . Used time: 0s Expected left time: 0s          
 Analyzing entries 37233 - 37274, now 37258 , sum entries = 41325 . . . Used time: 0s Expected left time: 0s          
 Analyzing entries 37233 - 37274, now 37259 , sum entries = 41325 . . . Used time: 0s Expected left time: 0s          
 Analyzing entries 37233 - 37274, now 37260 , sum entries = 41325 . . . Used time: 0s Expected left time: 0s          
 Analyzing entries 37233 - 37274, now 37261 , sum entries = 41325 . . . Used time: 0s Expected left time: 0s          
 Analyzing entries 37233 - 37274, now 37262 , sum entries = 41325 . . . Used time: 0s Expected left time: 0s          
 Analyzing entries 37233 - 37274, now 37263 , sum entries = 41325 . . . Used time: 0s Expected left time: 0s          
 Analyzing entries 37233 - 37274, now 37264 , sum entries = 41325 . . . Used time: 0s Expected left time: 0s          
 Analyzing entries 37233 - 37274, now 37265 , sum entries = 41325 . . . Used time: 0s Expected left time: 0s          
 Analyzing entries 37233 - 37274, now 37266 , sum entries = 41325 . . . Used time: 0s Expected left time: 0s          
 Analyzing entries 37233 - 37274, now 37267 , sum entries = 41325 . . . Used time: 0s Expected left time: 0s          
 Analyzing entries 37233 - 37274, now 37268 , sum entries = 41325 . . . Used time: 0s Expected left time: 0s          
 Analyzing entries 37233 - 37274, now 37269 , sum entries = 41325 . . . Used time: 0s Expected left time: 0s          
 Analyzing entries 37233 - 37274, now 37270 , sum entries = 41325 . . . Used time: 0s Expected left time: 0s          
 Analyzing entries 37233 - 37274, now 37271 , sum entries = 41325 . . . Used time: 0s Expected left time: 0s          
 Analyzing entries 37233 - 37274, now 37272 , sum entries = 41325 . . . Used time: 0s Expected left time: 0s          
 Analyzing entries 37233 - 37274, now 37273 , sum entries = 41325 . . . Used time: 0s Expected left time: 0s          
 Save to RootFile /extdisk/zlin/Machine_learning/RecoPlanesFeatures/CMS_herwig_HT1000to1500-preVFP_jinitpt450_600_j2pt80_120Reco/Chunk90_Part1.root . . . Used time: 0s Expected left time: 0s          
 Save to RootFile /extdisk/zlin/Machine_learning/RecoPlanesFeatures/CMS_herwig_HT1000to1500-preVFP_jinitpt450_600_j2pt80_120Reco/Chunk90_Part1.root . . . Used time: 0s Expected left time: 0s          
 Save to RootFile /extdisk/zlin/Machine_learning/RecoPlanesFeatures/CMS_herwig_HT1000to1500-preVFP_jinitpt450_600_j2pt80_120Reco/Chunk90_Part1.root . . . Used time: 0s Expected left time: 0s          
 Save to RootFile /extdisk/zlin/Machine_learning/RecoPlanesFeatures/CMS_herwig_HT1000to1500-preVFP_jinitpt450_600_j2pt80_120Reco/Chunk90_Part1.root . . . Used time: 0s Expected left time: 0s          
 Save to RootFile /extdisk/zlin/Machine_learning/RecoPlanesFeatures/CMS_herwig_HT1000to1500-preVFP_jinitpt450_600_j2pt80_120Reco/Chunk90_Part1.root . . . Used time: 0s Expected left time: 0s          
 Analyzing entries 37275 - 37316, now 37275 , sum entries = 41325 . . . Used time: 0s Expected left time: 0s          
 Analyzing entries 37275 - 37316, now 37276 , sum entries = 41325 . . . Used time: 0s Expected left time: 0s          
 Analyzing entries 37275 - 37316, now 37277 , sum entries = 41325 . . . Used time: 0s Expected left time: 0s          
 Analyzing entries 37275 - 37316, now 37278 , sum entries = 41325 . . . Used time: 0s Expected left time: 0s          
 Analyzing entries 37275 - 37316, now 37279 , sum entries = 41325 . . . Used time: 0s Expected left time: 0s          
 Analyzing entries 37275 - 37316, now 37280 , sum entries = 41325 . . . Used time: 0s Expected left time: 0s          
 Analyzing entries 37275 - 37316, now 37281 , sum entries = 41325 . . . Used time: 0s Expected left time: 0s          
 Analyzing entries 37275 - 37316, now 37282 , sum entries = 41325 . . . Used time: 0s Expected left time: 0s          
 Analyzing entries 37275 - 37316, now 37283 , sum entries = 41325 . . . Used time: 0s Expected left time: 0s          
 Analyzing entries 37275 - 37316, now 37284 , sum entries = 41325 . . . Used time: 0s Expected left time: 0s          
 Analyzing entries 37275 - 37316, now 37285 , sum entries = 41325 . . . Used time: 0s Expected left time: 0s          
 Analyzing entries 37275 - 37316, now 37286 , sum entries = 41325 . . . Used time: 0s Expected left time: 0s          
 Analyzing entries 37275 - 37316, now 37287 , sum entries = 41325 . . . Used time: 0s Expected left time: 0s          
 Analyzing entries 37275 - 37316, now 37288 , sum entries = 41325 . . . Used time: 0s Expected left time: 0s          
 Analyzing entries 37275 - 37316, now 37289 , sum entries = 41325 . . . Used time: 0s Expected left time: 0s          
 Analyzing entries 37275 - 37316, now 37290 , sum entries = 41325 . . . Used time: 0s Expected left time: 0s          
 Analyzing entries 37275 - 37316, now 37291 , sum entries = 41325 . . . Used time: 0s Expected left time: 0s          
 Analyzing entries 37275 - 37316, now 37292 , sum entries = 41325 . . . Used time: 0s Expected left time: 0s          
 Analyzing entries 37275 - 37316, now 37293 , sum entries = 41325 . . . Used time: 0s Expected left time: 0s          
 Analyzing entries 37275 - 37316, now 37294 , sum entries = 41325 . . . Used time: 0s Expected left time: 0s          
 Analyzing entries 37275 - 37316, now 37295 , sum entries = 41325 . . . Used time: 0s Expected left time: 0s          
 Analyzing entries 37275 - 37316, now 37296 , sum entries = 41325 . . . Used time: 0s Expected left time: 0s          
 Analyzing entries 37275 - 37316, now 37297 , sum entries = 41325 . . . Used time: 0s Expected left time: 0s          
 Analyzing entries 37275 - 37316, now 37298 , sum entries = 41325 . . . Used time: 0s Expected left time: 0s          
 Analyzing entries 37275 - 37316, now 37299 , sum entries = 41325 . . . Used time: 0s Expected left time: 0s          
 Analyzing entries 37275 - 37316, now 37300 , sum entries = 41325 . . . Used time: 0s Expected left time: 0s          
 Analyzing entries 37275 - 37316, now 37301 , sum entries = 41325 . . . Used time: 0s Expected left time: 0s          
 Analyzing entries 37275 - 37316, now 37302 , sum entries = 41325 . . . Used time: 0s Expected left time: 0s          
 Analyzing entries 37275 - 37316, now 37303 , sum entries = 41325 . . . Used time: 0s Expected left time: 0s          
 Analyzing entries 37275 - 37316, now 37304 , sum entries = 41325 . . . Used time: 0s Expected left time: 0s          
 Analyzing entries 37275 - 37316, now 37305 , sum entries = 41325 . . . Used time: 0s Expected left time: 0s          
 Analyzing entries 37275 - 37316, now 37306 , sum entries = 41325 . . . Used time: 0s Expected left time: 0s          
 Analyzing entries 37275 - 37316, now 37307 , sum entries = 41325 . . . Used time: 0s Expected left time: 0s          
 Analyzing entries 37275 - 37316, now 37308 , sum entries = 41325 . . . Used time: 0s Expected left time: 0s          
 Analyzing entries 37275 - 37316, now 37309 , sum entries = 41325 . . . Used time: 0s Expected left time: 0s          
 Analyzing entries 37275 - 37316, now 37310 , sum entries = 41325 . . . Used time: 0s Expected left time: 0s          
 Analyzing entries 37275 - 37316, now 37311 , sum entries = 41325 . . . Used time: 0s Expected left time: 0s          
 Analyzing entries 37275 - 37316, now 37312 , sum entries = 41325 . . . Used time: 0s Expected left time: 0s          
 Analyzing entries 37275 - 37316, now 37313 , sum entries = 41325 . . . Used time: 0s Expected left time: 0s          
 Analyzing entries 37275 - 37316, now 37314 , sum entries = 41325 . . . Used time: 0s Expected left time: 0s          
 Analyzing entries 37275 - 37316, now 37315 , sum entries = 41325 . . . Used time: 0s Expected left time: 0s          
 Save to RootFile /extdisk/zlin/Machine_learning/RecoPlanesFeatures/CMS_herwig_HT1000to1500-preVFP_jinitpt450_600_j2pt80_120Reco/Chunk90_Part2.root . . . Used time: 0s Expected left time: 0s          
 Save to RootFile /extdisk/zlin/Machine_learning/RecoPlanesFeatures/CMS_herwig_HT1000to1500-preVFP_jinitpt450_600_j2pt80_120Reco/Chunk90_Part2.root . . . Used time: 0s Expected left time: 0s          
 Save to RootFile /extdisk/zlin/Machine_learning/RecoPlanesFeatures/CMS_herwig_HT1000to1500-preVFP_jinitpt450_600_j2pt80_120Reco/Chunk90_Part2.root . . . Used time: 0s Expected left time: 0s          
 Save to RootFile /extdisk/zlin/Machine_learning/RecoPlanesFeatures/CMS_herwig_HT1000to1500-preVFP_jinitpt450_600_j2pt80_120Reco/Chunk90_Part2.root . . . Used time: 0s Expected left time: 0s          
 Save to RootFile /extdisk/zlin/Machine_learning/RecoPlanesFeatures/CMS_herwig_HT1000to1500-preVFP_jinitpt450_600_j2pt80_120Reco/Chunk90_Part2.root . . . Used time: 0s Expected left time: 0s          
 Analyzing entries 37316 - 37357, now 37316 , sum entries = 41325 . . . Used time: 0s Expected left time: 0s          
 Analyzing entries 37316 - 37357, now 37317 , sum entries = 41325 . . . Used time: 0s Expected left time: 0s          
 Analyzing entries 37316 - 37357, now 37318 , sum entries = 41325 . . . Used time: 0s Expected left time: 0s          
 Analyzing entries 37316 - 37357, now 37319 , sum entries = 41325 . . . Used time: 0s Expected left time: 0s          
 Analyzing entries 37316 - 37357, now 37320 , sum entries = 41325 . . . Used time: 0s Expected left time: 0s          
 Analyzing entries 37316 - 37357, now 37321 , sum entries = 41325 . . . Used time: 0s Expected left time: 0s          
 Analyzing entries 37316 - 37357, now 37322 , sum entries = 41325 . . . Used time: 0s Expected left time: 0s          
 Analyzing entries 37316 - 37357, now 37323 , sum entries = 41325 . . . Used time: 0s Expected left time: 0s          
 Analyzing entries 37316 - 37357, now 37324 , sum entries = 41325 . . . Used time: 0s Expected left time: 0s          
 Analyzing entries 37316 - 37357, now 37325 , sum entries = 41325 . . . Used time: 0s Expected left time: 0s          
 Analyzing entries 37316 - 37357, now 37326 , sum entries = 41325 . . . Used time: 0s Expected left time: 0s          
 Analyzing entries 37316 - 37357, now 37327 , sum entries = 41325 . . . Used time: 0s Expected left time: 0s          
 Analyzing entries 37316 - 37357, now 37328 , sum entries = 41325 . . . Used time: 0s Expected left time: 0s          
 Analyzing entries 37316 - 37357, now 37329 , sum entries = 41325 . . . Used time: 0s Expected left time: 0s          
 Analyzing entries 37316 - 37357, now 37330 , sum entries = 41325 . . . Used time: 0s Expected left time: 0s          
 Analyzing entries 37316 - 37357, now 37331 , sum entries = 41325 . . . Used time: 0s Expected left time: 0s          
 Analyzing entries 37316 - 37357, now 37332 , sum entries = 41325 . . . Used time: 0s Expected left time: 0s          
 Analyzing entries 37316 - 37357, now 37333 , sum entries = 41325 . . . Used time: 0s Expected left time: 0s          
 Analyzing entries 37316 - 37357, now 37334 , sum entries = 41325 . . . Used time: 0s Expected left time: 0s          
 Analyzing entries 37316 - 37357, now 37335 , sum entries = 41325 . . . Used time: 0s Expected left time: 0s          
 Analyzing entries 37316 - 37357, now 37336 , sum entries = 41325 . . . Used time: 0s Expected left time: 0s          
 Analyzing entries 37316 - 37357, now 37337 , sum entries = 41325 . . . Used time: 0s Expected left time: 0s          
 Analyzing entries 37316 - 37357, now 37338 , sum entries = 41325 . . . Used time: 0s Expected left time: 0s          
 Analyzing entries 37316 - 37357, now 37339 , sum entries = 41325 . . . Used time: 0s Expected left time: 0s          
 Analyzing entries 37316 - 37357, now 37340 , sum entries = 41325 . . . Used time: 0s Expected left time: 0s          
 Analyzing entries 37316 - 37357, now 37341 , sum entries = 41325 . . . Used time: 0s Expected left time: 0s          
 Analyzing entries 37316 - 37357, now 37342 , sum entries = 41325 . . . Used time: 0s Expected left time: 0s          
 Analyzing entries 37316 - 37357, now 37343 , sum entries = 41325 . . . Used time: 0s Expected left time: 0s          
 Analyzing entries 37316 - 37357, now 37344 , sum entries = 41325 . . . Used time: 0s Expected left time: 0s          
 Analyzing entries 37316 - 37357, now 37345 , sum entries = 41325 . . . Used time: 0s Expected left time: 0s          
 Analyzing entries 37316 - 37357, now 37346 , sum entries = 41325 . . . Used time: 0s Expected left time: 0s          
 Analyzing entries 37316 - 37357, now 37347 , sum entries = 41325 . . . Used time: 0s Expected left time: 0s          
 Analyzing entries 37316 - 37357, now 37348 , sum entries = 41325 . . . Used time: 0s Expected left time: 0s          
 Analyzing entries 37316 - 37357, now 37349 , sum entries = 41325 . . . Used time: 0s Expected left time: 0s          
 Analyzing entries 37316 - 37357, now 37350 , sum entries = 41325 . . . Used time: 0s Expected left time: 0s          
 Analyzing entries 37316 - 37357, now 37351 , sum entries = 41325 . . . Used time: 0s Expected left time: 0s          
 Analyzing entries 37316 - 37357, now 37352 , sum entries = 41325 . . . Used time: 0s Expected left time: 0s          
 Analyzing entries 37316 - 37357, now 37353 , sum entries = 41325 . . . Used time: 0s Expected left time: 0s          
 Analyzing entries 37316 - 37357, now 37354 , sum entries = 41325 . . . Used time: 0s Expected left time: 0s          
 Analyzing entries 37316 - 37357, now 37355 , sum entries = 41325 . . . Used time: 0s Expected left time: 0s          
 Analyzing entries 37316 - 37357, now 37356 , sum entries = 41325 . . . Used time: 0s Expected left time: 0s          
 Save to RootFile /extdisk/zlin/Machine_learning/RecoPlanesFeatures/CMS_herwig_HT1000to1500-preVFP_jinitpt450_600_j2pt80_120Reco/Chunk90_Part3.root . . . Used time: 0s Expected left time: 0s          
 Save to RootFile /extdisk/zlin/Machine_learning/RecoPlanesFeatures/CMS_herwig_HT1000to1500-preVFP_jinitpt450_600_j2pt80_120Reco/Chunk90_Part3.root . . . Used time: 0s Expected left time: 0s          
 Save to RootFile /extdisk/zlin/Machine_learning/RecoPlanesFeatures/CMS_herwig_HT1000to1500-preVFP_jinitpt450_600_j2pt80_120Reco/Chunk90_Part3.root . . . Used time: 0s Expected left time: 0s          
 Save to RootFile /extdisk/zlin/Machine_learning/RecoPlanesFeatures/CMS_herwig_HT1000to1500-preVFP_jinitpt450_600_j2pt80_120Reco/Chunk90_Part3.root . . . Used time: 0s Expected left time: 0s          
 Analyzing entries 37357 - 37398, now 37357 , sum entries = 41325 . . . Used time: 0s Expected left time: 0s          
 Analyzing entries 37357 - 37398, now 37358 , sum entries = 41325 . . . Used time: 0s Expected left time: 0s          
 Analyzing entries 37357 - 37398, now 37359 , sum entries = 41325 . . . Used time: 0s Expected left time: 0s          
 Analyzing entries 37357 - 37398, now 37360 , sum entries = 41325 . . . Used time: 0s Expected left time: 0s          
 Analyzing entries 37357 - 37398, now 37361 , sum entries = 41325 . . . Used time: 0s Expected left time: 0s          
 Analyzing entries 37357 - 37398, now 37362 , sum entries = 41325 . . . Used time: 0s Expected left time: 0s          
 Analyzing entries 37357 - 37398, now 37363 , sum entries = 41325 . . . Used time: 0s Expected left time: 0s          
 Analyzing entries 37357 - 37398, now 37364 , sum entries = 41325 . . . Used time: 0s Expected left time: 0s          
 Analyzing entries 37357 - 37398, now 37365 , sum entries = 41325 . . . Used time: 0s Expected left time: 0s          
 Analyzing entries 37357 - 37398, now 37366 , sum entries = 41325 . . . Used time: 0s Expected left time: 0s          
 Analyzing entries 37357 - 37398, now 37367 , sum entries = 41325 . . . Used time: 0s Expected left time: 0s          
 Analyzing entries 37357 - 37398, now 37368 , sum entries = 41325 . . . Used time: 0s Expected left time: 0s          
 Analyzing entries 37357 - 37398, now 37369 , sum entries = 41325 . . . Used time: 0s Expected left time: 0s          
 Analyzing entries 37357 - 37398, now 37370 , sum entries = 41325 . . . Used time: 0s Expected left time: 0s          
 Analyzing entries 37357 - 37398, now 37371 , sum entries = 41325 . . . Used time: 0s Expected left time: 0s          
 Analyzing entries 37357 - 37398, now 37372 , sum entries = 41325 . . . Used time: 0s Expected left time: 0s          
 Analyzing entries 37357 - 37398, now 37373 , sum entries = 41325 . . . Used time: 0s Expected left time: 0s          
 Analyzing entries 37357 - 37398, now 37374 , sum entries = 41325 . . . Used time: 0s Expected left time: 0s          
 Analyzing entries 37357 - 37398, now 37375 , sum entries = 41325 . . . Used time: 0s Expected left time: 0s          
 Analyzing entries 37357 - 37398, now 37376 , sum entries = 41325 . . . Used time: 0s Expected left time: 0s          
 Analyzing entries 37357 - 37398, now 37377 , sum entries = 41325 . . . Used time: 0s Expected left time: 0s          
 Analyzing entries 37357 - 37398, now 37378 , sum entries = 41325 . . . Used time: 0s Expected left time: 0s          
 Analyzing entries 37357 - 37398, now 37379 , sum entries = 41325 . . . Used time: 0s Expected left time: 0s          
 Analyzing entries 37357 - 37398, now 37380 , sum entries = 41325 . . . Used time: 0s Expected left time: 0s          
 Analyzing entries 37357 - 37398, now 37381 , sum entries = 41325 . . . Used time: 0s Expected left time: 0s          
 Analyzing entries 37357 - 37398, now 37382 , sum entries = 41325 . . . Used time: 0s Expected left time: 0s          
 Analyzing entries 37357 - 37398, now 37383 , sum entries = 41325 . . . Used time: 0s Expected left time: 0s          
 Analyzing entries 37357 - 37398, now 37384 , sum entries = 41325 . . . Used time: 0s Expected left time: 0s          
 Analyzing entries 37357 - 37398, now 37385 , sum entries = 41325 . . . Used time: 0s Expected left time: 0s          
 Analyzing entries 37357 - 37398, now 37386 , sum entries = 41325 . . . Used time: 0s Expected left time: 0s          
 Analyzing entries 37357 - 37398, now 37387 , sum entries = 41325 . . . Used time: 0s Expected left time: 0s          
 Analyzing entries 37357 - 37398, now 37388 , sum entries = 41325 . . . Used time: 0s Expected left time: 0s          
 Analyzing entries 37357 - 37398, now 37389 , sum entries = 41325 . . . Used time: 0s Expected left time: 0s          
 Analyzing entries 37357 - 37398, now 37390 , sum entries = 41325 . . . Used time: 0s Expected left time: 0s          
 Analyzing entries 37357 - 37398, now 37391 , sum entries = 41325 . . . Used time: 0s Expected left time: 0s          
 Analyzing entries 37357 - 37398, now 37392 , sum entries = 41325 . . . Used time: 0s Expected left time: 0s          
 Analyzing entries 37357 - 37398, now 37393 , sum entries = 41325 . . . Used time: 0s Expected left time: 0s          
 Analyzing entries 37357 - 37398, now 37394 , sum entries = 41325 . . . Used time: 0s Expected left time: 0s          
 Analyzing entries 37357 - 37398, now 37395 , sum entries = 41325 . . . Used time: 0s Expected left time: 0s          
 Analyzing entries 37357 - 37398, now 37396 , sum entries = 41325 . . . Used time: 0s Expected left time: 0s          
 Analyzing entries 37357 - 37398, now 37397 , sum entries = 41325 . . . Used time: 0s Expected left time: 0s          
 Save to RootFile /extdisk/zlin/Machine_learning/RecoPlanesFeatures/CMS_herwig_HT1000to1500-preVFP_jinitpt450_600_j2pt80_120Reco/Chunk90_Part4.root . . . Used time: 0s Expected left time: 0s          
 Save to RootFile /extdisk/zlin/Machine_learning/RecoPlanesFeatures/CMS_herwig_HT1000to1500-preVFP_jinitpt450_600_j2pt80_120Reco/Chunk90_Part4.root . . . Used time: 0s Expected left time: 0s          
 Save to RootFile /extdisk/zlin/Machine_learning/RecoPlanesFeatures/CMS_herwig_HT1000to1500-preVFP_jinitpt450_600_j2pt80_120Reco/Chunk90_Part4.root . . . Used time: 0s Expected left time: 0s          
 Save to RootFile /extdisk/zlin/Machine_learning/RecoPlanesFeatures/CMS_herwig_HT1000to1500-preVFP_jinitpt450_600_j2pt80_120Reco/Chunk90_Part4.root . . . Used time: 0s Expected left time: 0s          
 Save to RootFile /extdisk/zlin/Machine_learning/RecoPlanesFeatures/CMS_herwig_HT1000to1500-preVFP_jinitpt450_600_j2pt80_120Reco/Chunk90_Part4.root . . . Used time: 0s Expected left time: 0s          
 Analyzing entries 37399 - 37440, now 37399 , sum entries = 41325 . . . Used time: 0s Expected left time: 0s          
 Analyzing entries 37399 - 37440, now 37400 , sum entries = 41325 . . . Used time: 0s Expected left time: 0s          
 Analyzing entries 37399 - 37440, now 37401 , sum entries = 41325 . . . Used time: 0s Expected left time: 0s          
 Analyzing entries 37399 - 37440, now 37402 , sum entries = 41325 . . . Used time: 0s Expected left time: 0s          
 Analyzing entries 37399 - 37440, now 37403 , sum entries = 41325 . . . Used time: 0s Expected left time: 0s          
 Analyzing entries 37399 - 37440, now 37404 , sum entries = 41325 . . . Used time: 0s Expected left time: 0s          
 Analyzing entries 37399 - 37440, now 37405 , sum entries = 41325 . . . Used time: 0s Expected left time: 0s          
 Analyzing entries 37399 - 37440, now 37406 , sum entries = 41325 . . . Used time: 0s Expected left time: 0s          
 Analyzing entries 37399 - 37440, now 37407 , sum entries = 41325 . . . Used time: 0s Expected left time: 0s          
 Analyzing entries 37399 - 37440, now 37408 , sum entries = 41325 . . . Used time: 0s Expected left time: 0s          
 Analyzing entries 37399 - 37440, now 37409 , sum entries = 41325 . . . Used time: 0s Expected left time: 0s          
 Analyzing entries 37399 - 37440, now 37410 , sum entries = 41325 . . . Used time: 0s Expected left time: 0s          
 Analyzing entries 37399 - 37440, now 37411 , sum entries = 41325 . . . Used time: 0s Expected left time: 0s          
 Analyzing entries 37399 - 37440, now 37412 , sum entries = 41325 . . . Used time: 0s Expected left time: 0s          
 Analyzing entries 37399 - 37440, now 37413 , sum entries = 41325 . . . Used time: 0s Expected left time: 0s          
 Analyzing entries 37399 - 37440, now 37414 , sum entries = 41325 . . . Used time: 0s Expected left time: 0s          
 Analyzing entries 37399 - 37440, now 37415 , sum entries = 41325 . . . Used time: 0s Expected left time: 0s          
 Analyzing entries 37399 - 37440, now 37416 , sum entries = 41325 . . . Used time: 0s Expected left time: 0s          
 Analyzing entries 37399 - 37440, now 37417 , sum entries = 41325 . . . Used time: 0s Expected left time: 0s          
 Analyzing entries 37399 - 37440, now 37418 , sum entries = 41325 . . . Used time: 0s Expected left time: 0s          
 Analyzing entries 37399 - 37440, now 37419 , sum entries = 41325 . . . Used time: 0s Expected left time: 0s          
 Analyzing entries 37399 - 37440, now 37420 , sum entries = 41325 . . . Used time: 0s Expected left time: 0s          
 Analyzing entries 37399 - 37440, now 37421 , sum entries = 41325 . . . Used time: 0s Expected left time: 0s          
 Analyzing entries 37399 - 37440, now 37422 , sum entries = 41325 . . . Used time: 0s Expected left time: 0s          
 Analyzing entries 37399 - 37440, now 37423 , sum entries = 41325 . . . Used time: 0s Expected left time: 0s          
 Analyzing entries 37399 - 37440, now 37424 , sum entries = 41325 . . . Used time: 0s Expected left time: 0s          
 Analyzing entries 37399 - 37440, now 37425 , sum entries = 41325 . . . Used time: 0s Expected left time: 0s          
 Analyzing entries 37399 - 37440, now 37426 , sum entries = 41325 . . . Used time: 0s Expected left time: 0s          
 Analyzing entries 37399 - 37440, now 37427 , sum entries = 41325 . . . Used time: 0s Expected left time: 0s          
 Analyzing entries 37399 - 37440, now 37428 , sum entries = 41325 . . . Used time: 0s Expected left time: 0s          
 Analyzing entries 37399 - 37440, now 37429 , sum entries = 41325 . . . Used time: 0s Expected left time: 0s          
 Analyzing entries 37399 - 37440, now 37430 , sum entries = 41325 . . . Used time: 0s Expected left time: 0s          
 Analyzing entries 37399 - 37440, now 37431 , sum entries = 41325 . . . Used time: 0s Expected left time: 0s          
 Analyzing entries 37399 - 37440, now 37432 , sum entries = 41325 . . . Used time: 0s Expected left time: 0s          
 Analyzing entries 37399 - 37440, now 37433 , sum entries = 41325 . . . Used time: 0s Expected left time: 0s          
 Analyzing entries 37399 - 37440, now 37434 , sum entries = 41325 . . . Used time: 0s Expected left time: 0s          
 Analyzing entries 37399 - 37440, now 37435 , sum entries = 41325 . . . Used time: 0s Expected left time: 0s          
 Analyzing entries 37399 - 37440, now 37436 , sum entries = 41325 . . . Used time: 0s Expected left time: 0s          
 Analyzing entries 37399 - 37440, now 37437 , sum entries = 41325 . . . Used time: 0s Expected left time: 0s          
 Analyzing entries 37399 - 37440, now 37438 , sum entries = 41325 . . . Used time: 0s Expected left time: 0s          
 Analyzing entries 37399 - 37440, now 37439 , sum entries = 41325 . . . Used time: 0s Expected left time: 0s          
 Save to RootFile /extdisk/zlin/Machine_learning/RecoPlanesFeatures/CMS_herwig_HT1000to1500-preVFP_jinitpt450_600_j2pt80_120Reco/Chunk90_Part5.root . . . Used time: 0s Expected left time: 0s          
 Save to RootFile /extdisk/zlin/Machine_learning/RecoPlanesFeatures/CMS_herwig_HT1000to1500-preVFP_jinitpt450_600_j2pt80_120Reco/Chunk90_Part5.root . . . Used time: 0s Expected left time: 0s          
 Save to RootFile /extdisk/zlin/Machine_learning/RecoPlanesFeatures/CMS_herwig_HT1000to1500-preVFP_jinitpt450_600_j2pt80_120Reco/Chunk90_Part5.root . . . Used time: 0s Expected left time: 0s          
 Save to RootFile /extdisk/zlin/Machine_learning/RecoPlanesFeatures/CMS_herwig_HT1000to1500-preVFP_jinitpt450_600_j2pt80_120Reco/Chunk90_Part5.root . . . Used time: 0s Expected left time: 0s          
 Analyzing entries 37440 - 37481, now 37440 , sum entries = 41325 . . . Used time: 0s Expected left time: 0s          
 Analyzing entries 37440 - 37481, now 37441 , sum entries = 41325 . . . Used time: 0s Expected left time: 0s          
 Analyzing entries 37440 - 37481, now 37442 , sum entries = 41325 . . . Used time: 0s Expected left time: 0s          
 Analyzing entries 37440 - 37481, now 37443 , sum entries = 41325 . . . Used time: 0s Expected left time: 0s          
 Analyzing entries 37440 - 37481, now 37444 , sum entries = 41325 . . . Used time: 0s Expected left time: 0s          
 Analyzing entries 37440 - 37481, now 37445 , sum entries = 41325 . . . Used time: 0s Expected left time: 0s          
 Analyzing entries 37440 - 37481, now 37446 , sum entries = 41325 . . . Used time: 0s Expected left time: 0s          
 Analyzing entries 37440 - 37481, now 37447 , sum entries = 41325 . . . Used time: 0s Expected left time: 0s          
 Analyzing entries 37440 - 37481, now 37448 , sum entries = 41325 . . . Used time: 0s Expected left time: 0s          
 Analyzing entries 37440 - 37481, now 37449 , sum entries = 41325 . . . Used time: 0s Expected left time: 0s          
 Analyzing entries 37440 - 37481, now 37450 , sum entries = 41325 . . . Used time: 0s Expected left time: 0s          
 Analyzing entries 37440 - 37481, now 37451 , sum entries = 41325 . . . Used time: 0s Expected left time: 0s          
 Analyzing entries 37440 - 37481, now 37452 , sum entries = 41325 . . . Used time: 0s Expected left time: 0s          
 Analyzing entries 37440 - 37481, now 37453 , sum entries = 41325 . . . Used time: 0s Expected left time: 0s          
 Analyzing entries 37440 - 37481, now 37454 , sum entries = 41325 . . . Used time: 0s Expected left time: 0s          
 Analyzing entries 37440 - 37481, now 37455 , sum entries = 41325 . . . Used time: 0s Expected left time: 0s          
 Analyzing entries 37440 - 37481, now 37456 , sum entries = 41325 . . . Used time: 0s Expected left time: 0s          
 Analyzing entries 37440 - 37481, now 37457 , sum entries = 41325 . . . Used time: 0s Expected left time: 0s          
 Analyzing entries 37440 - 37481, now 37458 , sum entries = 41325 . . . Used time: 0s Expected left time: 0s          
 Analyzing entries 37440 - 37481, now 37459 , sum entries = 41325 . . . Used time: 0s Expected left time: 0s          
 Analyzing entries 37440 - 37481, now 37460 , sum entries = 41325 . . . Used time: 0s Expected left time: 0s          
 Analyzing entries 37440 - 37481, now 37461 , sum entries = 41325 . . . Used time: 0s Expected left time: 0s          
 Analyzing entries 37440 - 37481, now 37462 , sum entries = 41325 . . . Used time: 0s Expected left time: 0s          
 Analyzing entries 37440 - 37481, now 37463 , sum entries = 41325 . . . Used time: 0s Expected left time: 0s          
 Analyzing entries 37440 - 37481, now 37464 , sum entries = 41325 . . . Used time: 0s Expected left time: 0s          
 Analyzing entries 37440 - 37481, now 37465 , sum entries = 41325 . . . Used time: 0s Expected left time: 0s          
 Analyzing entries 37440 - 37481, now 37466 , sum entries = 41325 . . . Used time: 0s Expected left time: 0s          
 Analyzing entries 37440 - 37481, now 37467 , sum entries = 41325 . . . Used time: 0s Expected left time: 0s          
 Analyzing entries 37440 - 37481, now 37468 , sum entries = 41325 . . . Used time: 0s Expected left time: 0s          
 Analyzing entries 37440 - 37481, now 37469 , sum entries = 41325 . . . Used time: 0s Expected left time: 0s          
 Analyzing entries 37440 - 37481, now 37470 , sum entries = 41325 . . . Used time: 0s Expected left time: 0s          
 Analyzing entries 37440 - 37481, now 37471 , sum entries = 41325 . . . Used time: 0s Expected left time: 0s          
 Analyzing entries 37440 - 37481, now 37472 , sum entries = 41325 . . . Used time: 0s Expected left time: 0s          
 Analyzing entries 37440 - 37481, now 37473 , sum entries = 41325 . . . Used time: 0s Expected left time: 0s          
 Analyzing entries 37440 - 37481, now 37474 , sum entries = 41325 . . . Used time: 0s Expected left time: 0s          
 Analyzing entries 37440 - 37481, now 37475 , sum entries = 41325 . . . Used time: 0s Expected left time: 0s          
 Analyzing entries 37440 - 37481, now 37476 , sum entries = 41325 . . . Used time: 0s Expected left time: 0s          
 Analyzing entries 37440 - 37481, now 37477 , sum entries = 41325 . . . Used time: 0s Expected left time: 0s          
 Analyzing entries 37440 - 37481, now 37478 , sum entries = 41325 . . . Used time: 0s Expected left time: 0s          
 Analyzing entries 37440 - 37481, now 37479 , sum entries = 41325 . . . Used time: 0s Expected left time: 0s          
 Analyzing entries 37440 - 37481, now 37480 , sum entries = 41325 . . . Used time: 0s Expected left time: 0s          
 Save to RootFile /extdisk/zlin/Machine_learning/RecoPlanesFeatures/CMS_herwig_HT1000to1500-preVFP_jinitpt450_600_j2pt80_120Reco/Chunk90_Part6.root . . . Used time: 0s Expected left time: 0s          
 Save to RootFile /extdisk/zlin/Machine_learning/RecoPlanesFeatures/CMS_herwig_HT1000to1500-preVFP_jinitpt450_600_j2pt80_120Reco/Chunk90_Part6.root . . . Used time: 0s Expected left time: 0s          
 Save to RootFile /extdisk/zlin/Machine_learning/RecoPlanesFeatures/CMS_herwig_HT1000to1500-preVFP_jinitpt450_600_j2pt80_120Reco/Chunk90_Part6.root . . . Used time: 0s Expected left time: 0s          
 Save to RootFile /extdisk/zlin/Machine_learning/RecoPlanesFeatures/CMS_herwig_HT1000to1500-preVFP_jinitpt450_600_j2pt80_120Reco/Chunk90_Part6.root . . . Used time: 0s Expected left time: 0s          
 Save to RootFile /extdisk/zlin/Machine_learning/RecoPlanesFeatures/CMS_herwig_HT1000to1500-preVFP_jinitpt450_600_j2pt80_120Reco/Chunk90_Part6.root . . . Used time: 0s Expected left time: 0s          
 Save to RootFile /extdisk/zlin/Machine_learning/RecoPlanesFeatures/CMS_herwig_HT1000to1500-preVFP_jinitpt450_600_j2pt80_120Reco/Chunk90_Part6.root . . . Used time: 0s Expected left time: 0s          
 Analyzing entries 37481 - 37522, now 37481 , sum entries = 41325 . . . Used time: 0s Expected left time: 0s          
 Analyzing entries 37481 - 37522, now 37482 , sum entries = 41325 . . . Used time: 0s Expected left time: 0s          
 Analyzing entries 37481 - 37522, now 37483 , sum entries = 41325 . . . Used time: 0s Expected left time: 0s          
 Analyzing entries 37481 - 37522, now 37484 , sum entries = 41325 . . . Used time: 0s Expected left time: 0s          
 Analyzing entries 37481 - 37522, now 37485 , sum entries = 41325 . . . Used time: 0s Expected left time: 0s          
 Analyzing entries 37481 - 37522, now 37486 , sum entries = 41325 . . . Used time: 0s Expected left time: 0s          
 Analyzing entries 37481 - 37522, now 37487 , sum entries = 41325 . . . Used time: 0s Expected left time: 0s          
 Analyzing entries 37481 - 37522, now 37488 , sum entries = 41325 . . . Used time: 0s Expected left time: 0s          
 Analyzing entries 37481 - 37522, now 37489 , sum entries = 41325 . . . Used time: 0s Expected left time: 0s          
 Analyzing entries 37481 - 37522, now 37490 , sum entries = 41325 . . . Used time: 0s Expected left time: 0s          
 Analyzing entries 37481 - 37522, now 37491 , sum entries = 41325 . . . Used time: 0s Expected left time: 0s          
 Analyzing entries 37481 - 37522, now 37492 , sum entries = 41325 . . . Used time: 0s Expected left time: 0s          
 Analyzing entries 37481 - 37522, now 37493 , sum entries = 41325 . . . Used time: 0s Expected left time: 0s          
 Analyzing entries 37481 - 37522, now 37494 , sum entries = 41325 . . . Used time: 0s Expected left time: 0s          
 Analyzing entries 37481 - 37522, now 37495 , sum entries = 41325 . . . Used time: 0s Expected left time: 0s          
 Analyzing entries 37481 - 37522, now 37496 , sum entries = 41325 . . . Used time: 0s Expected left time: 0s          
 Analyzing entries 37481 - 37522, now 37497 , sum entries = 41325 . . . Used time: 0s Expected left time: 0s          
 Analyzing entries 37481 - 37522, now 37498 , sum entries = 41325 . . . Used time: 0s Expected left time: 0s          
 Analyzing entries 37481 - 37522, now 37499 , sum entries = 41325 . . . Used time: 0s Expected left time: 0s          
 Analyzing entries 37481 - 37522, now 37500 , sum entries = 41325 . . . Used time: 0s Expected left time: 0s          
 Analyzing entries 37481 - 37522, now 37501 , sum entries = 41325 . . . Used time: 0s Expected left time: 0s          
 Analyzing entries 37481 - 37522, now 37502 , sum entries = 41325 . . . Used time: 0s Expected left time: 0s          
 Analyzing entries 37481 - 37522, now 37503 , sum entries = 41325 . . . Used time: 0s Expected left time: 0s          
 Analyzing entries 37481 - 37522, now 37504 , sum entries = 41325 . . . Used time: 0s Expected left time: 0s          
 Analyzing entries 37481 - 37522, now 37505 , sum entries = 41325 . . . Used time: 0s Expected left time: 0s          
 Analyzing entries 37481 - 37522, now 37506 , sum entries = 41325 . . . Used time: 0s Expected left time: 0s          
 Analyzing entries 37481 - 37522, now 37507 , sum entries = 41325 . . . Used time: 0s Expected left time: 0s          
 Analyzing entries 37481 - 37522, now 37508 , sum entries = 41325 . . . Used time: 0s Expected left time: 0s          
 Analyzing entries 37481 - 37522, now 37509 , sum entries = 41325 . . . Used time: 0s Expected left time: 0s          
 Analyzing entries 37481 - 37522, now 37510 , sum entries = 41325 . . . Used time: 0s Expected left time: 0s          
 Analyzing entries 37481 - 37522, now 37511 , sum entries = 41325 . . . Used time: 0s Expected left time: 0s          
 Analyzing entries 37481 - 37522, now 37512 , sum entries = 41325 . . . Used time: 0s Expected left time: 0s          
 Analyzing entries 37481 - 37522, now 37513 , sum entries = 41325 . . . Used time: 0s Expected left time: 0s          
 Analyzing entries 37481 - 37522, now 37514 , sum entries = 41325 . . . Used time: 0s Expected left time: 0s          
 Analyzing entries 37481 - 37522, now 37515 , sum entries = 41325 . . . Used time: 0s Expected left time: 0s          
 Analyzing entries 37481 - 37522, now 37516 , sum entries = 41325 . . . Used time: 0s Expected left time: 0s          
 Analyzing entries 37481 - 37522, now 37517 , sum entries = 41325 . . . Used time: 0s Expected left time: 0s          
 Analyzing entries 37481 - 37522, now 37518 , sum entries = 41325 . . . Used time: 0s Expected left time: 0s          
 Analyzing entries 37481 - 37522, now 37519 , sum entries = 41325 . . . Used time: 0s Expected left time: 0s          
 Analyzing entries 37481 - 37522, now 37520 , sum entries = 41325 . . . Used time: 0s Expected left time: 0s          
 Analyzing entries 37481 - 37522, now 37521 , sum entries = 41325 . . . Used time: 0s Expected left time: 0s          
 Save to RootFile /extdisk/zlin/Machine_learning/RecoPlanesFeatures/CMS_herwig_HT1000to1500-preVFP_jinitpt450_600_j2pt80_120Reco/Chunk90_Part7.root . . . Used time: 0s Expected left time: 0s          
 Save to RootFile /extdisk/zlin/Machine_learning/RecoPlanesFeatures/CMS_herwig_HT1000to1500-preVFP_jinitpt450_600_j2pt80_120Reco/Chunk90_Part7.root . . . Used time: 0s Expected left time: 0s          
 Save to RootFile /extdisk/zlin/Machine_learning/RecoPlanesFeatures/CMS_herwig_HT1000to1500-preVFP_jinitpt450_600_j2pt80_120Reco/Chunk90_Part7.root . . . Used time: 0s Expected left time: 0s          
 Save to RootFile /extdisk/zlin/Machine_learning/RecoPlanesFeatures/CMS_herwig_HT1000to1500-preVFP_jinitpt450_600_j2pt80_120Reco/Chunk90_Part7.root . . . Used time: 0s Expected left time: 0s          
 Save to RootFile /extdisk/zlin/Machine_learning/RecoPlanesFeatures/CMS_herwig_HT1000to1500-preVFP_jinitpt450_600_j2pt80_120Reco/Chunk90_Part7.root . . . Used time: 0s Expected left time: 0s          
 Save to RootFile /extdisk/zlin/Machine_learning/RecoPlanesFeatures/CMS_herwig_HT1000to1500-preVFP_jinitpt450_600_j2pt80_120Reco/Chunk90_Part7.root . . . Used time: 0s Expected left time: 0s          
 Save to RootFile /extdisk/zlin/Machine_learning/RecoPlanesFeatures/CMS_herwig_HT1000to1500-preVFP_jinitpt450_600_j2pt80_120Reco/Chunk90_Part7.root . . . Used time: 0s Expected left time: 0s          
 Save to RootFile /extdisk/zlin/Machine_learning/RecoPlanesFeatures/CMS_herwig_HT1000to1500-preVFP_jinitpt450_600_j2pt80_120Reco/Chunk90_Part7.root . . . Used time: 0s Expected left time: 0s          
 Save to RootFile /extdisk/zlin/Machine_learning/RecoPlanesFeatures/CMS_herwig_HT1000to1500-preVFP_jinitpt450_600_j2pt80_120Reco/Chunk90_Part7.root . . . Used time: 0s Expected left time: 0s          
 Save to RootFile /extdisk/zlin/Machine_learning/RecoPlanesFeatures/CMS_herwig_HT1000to1500-preVFP_jinitpt450_600_j2pt80_120Reco/Chunk90_Part7.root . . . Used time: 0s Expected left time: 0s          
 Analyzing entries 37523 - 37564, now 37523 , sum entries = 41325 . . . Used time: 0s Expected left time: 0s          
 Analyzing entries 37523 - 37564, now 37524 , sum entries = 41325 . . . Used time: 0s Expected left time: 0s          
 Analyzing entries 37523 - 37564, now 37525 , sum entries = 41325 . . . Used time: 0s Expected left time: 0s          
 Analyzing entries 37523 - 37564, now 37526 , sum entries = 41325 . . . Used time: 0s Expected left time: 0s          
 Analyzing entries 37523 - 37564, now 37527 , sum entries = 41325 . . . Used time: 0s Expected left time: 0s          
 Analyzing entries 37523 - 37564, now 37528 , sum entries = 41325 . . . Used time: 0s Expected left time: 0s          
 Analyzing entries 37523 - 37564, now 37529 , sum entries = 41325 . . . Used time: 0s Expected left time: 0s          
 Analyzing entries 37523 - 37564, now 37530 , sum entries = 41325 . . . Used time: 0s Expected left time: 0s          
 Analyzing entries 37523 - 37564, now 37531 , sum entries = 41325 . . . Used time: 0s Expected left time: 0s          
 Analyzing entries 37523 - 37564, now 37532 , sum entries = 41325 . . . Used time: 0s Expected left time: 0s          
 Analyzing entries 37523 - 37564, now 37533 , sum entries = 41325 . . . Used time: 0s Expected left time: 0s          
 Analyzing entries 37523 - 37564, now 37534 , sum entries = 41325 . . . Used time: 0s Expected left time: 0s          
 Analyzing entries 37523 - 37564, now 37535 , sum entries = 41325 . . . Used time: 0s Expected left time: 0s          
 Analyzing entries 37523 - 37564, now 37536 , sum entries = 41325 . . . Used time: 0s Expected left time: 0s          
 Analyzing entries 37523 - 37564, now 37537 , sum entries = 41325 . . . Used time: 0s Expected left time: 0s          
 Analyzing entries 37523 - 37564, now 37538 , sum entries = 41325 . . . Used time: 0s Expected left time: 0s          
 Analyzing entries 37523 - 37564, now 37539 , sum entries = 41325 . . . Used time: 0s Expected left time: 0s          
 Analyzing entries 37523 - 37564, now 37540 , sum entries = 41325 . . . Used time: 0s Expected left time: 0s          
 Analyzing entries 37523 - 37564, now 37541 , sum entries = 41325 . . . Used time: 0s Expected left time: 0s          
 Analyzing entries 37523 - 37564, now 37542 , sum entries = 41325 . . . Used time: 0s Expected left time: 0s          
 Analyzing entries 37523 - 37564, now 37543 , sum entries = 41325 . . . Used time: 0s Expected left time: 0s          
 Analyzing entries 37523 - 37564, now 37544 , sum entries = 41325 . . . Used time: 0s Expected left time: 0s          
 Analyzing entries 37523 - 37564, now 37545 , sum entries = 41325 . . . Used time: 0s Expected left time: 0s          
 Analyzing entries 37523 - 37564, now 37546 , sum entries = 41325 . . . Used time: 0s Expected left time: 0s          
 Analyzing entries 37523 - 37564, now 37547 , sum entries = 41325 . . . Used time: 0s Expected left time: 0s          
 Analyzing entries 37523 - 37564, now 37548 , sum entries = 41325 . . . Used time: 0s Expected left time: 0s          
 Analyzing entries 37523 - 37564, now 37549 , sum entries = 41325 . . . Used time: 0s Expected left time: 0s          
 Analyzing entries 37523 - 37564, now 37550 , sum entries = 41325 . . . Used time: 0s Expected left time: 0s          
 Analyzing entries 37523 - 37564, now 37551 , sum entries = 41325 . . . Used time: 0s Expected left time: 0s          
 Analyzing entries 37523 - 37564, now 37552 , sum entries = 41325 . . . Used time: 0s Expected left time: 0s          
 Analyzing entries 37523 - 37564, now 37553 , sum entries = 41325 . . . Used time: 0s Expected left time: 0s          
 Analyzing entries 37523 - 37564, now 37554 , sum entries = 41325 . . . Used time: 0s Expected left time: 0s          
 Analyzing entries 37523 - 37564, now 37555 , sum entries = 41325 . . . Used time: 0s Expected left time: 0s          
 Analyzing entries 37523 - 37564, now 37556 , sum entries = 41325 . . . Used time: 0s Expected left time: 0s          
 Analyzing entries 37523 - 37564, now 37557 , sum entries = 41325 . . . Used time: 0s Expected left time: 0s          
 Analyzing entries 37523 - 37564, now 37558 , sum entries = 41325 . . . Used time: 0s Expected left time: 0s          
 Analyzing entries 37523 - 37564, now 37559 , sum entries = 41325 . . . Used time: 0s Expected left time: 0s          
 Analyzing entries 37523 - 37564, now 37560 , sum entries = 41325 . . . Used time: 0s Expected left time: 0s          
 Analyzing entries 37523 - 37564, now 37561 , sum entries = 41325 . . . Used time: 0s Expected left time: 0s          
 Analyzing entries 37523 - 37564, now 37562 , sum entries = 41325 . . . Used time: 0s Expected left time: 0s          
 Analyzing entries 37523 - 37564, now 37563 , sum entries = 41325 . . . Used time: 0s Expected left time: 0s          
 Save to RootFile /extdisk/zlin/Machine_learning/RecoPlanesFeatures/CMS_herwig_HT1000to1500-preVFP_jinitpt450_600_j2pt80_120Reco/Chunk90_Part8.root . . . Used time: 0s Expected left time: 0s          
 Save to RootFile /extdisk/zlin/Machine_learning/RecoPlanesFeatures/CMS_herwig_HT1000to1500-preVFP_jinitpt450_600_j2pt80_120Reco/Chunk90_Part8.root . . . Used time: 0s Expected left time: 0s          
 Save to RootFile /extdisk/zlin/Machine_learning/RecoPlanesFeatures/CMS_herwig_HT1000to1500-preVFP_jinitpt450_600_j2pt80_120Reco/Chunk90_Part8.root . . . Used time: 0s Expected left time: 0s          
 Analyzing entries 37564 - 37605, now 37564 , sum entries = 41325 . . . Used time: 0s Expected left time: 0s          
 Analyzing entries 37564 - 37605, now 37565 , sum entries = 41325 . . . Used time: 0s Expected left time: 0s          
 Analyzing entries 37564 - 37605, now 37566 , sum entries = 41325 . . . Used time: 0s Expected left time: 0s          
 Analyzing entries 37564 - 37605, now 37567 , sum entries = 41325 . . . Used time: 0s Expected left time: 0s          
 Analyzing entries 37564 - 37605, now 37568 , sum entries = 41325 . . . Used time: 0s Expected left time: 0s          
 Analyzing entries 37564 - 37605, now 37569 , sum entries = 41325 . . . Used time: 0s Expected left time: 0s          
 Analyzing entries 37564 - 37605, now 37570 , sum entries = 41325 . . . Used time: 0s Expected left time: 0s          
 Analyzing entries 37564 - 37605, now 37571 , sum entries = 41325 . . . Used time: 0s Expected left time: 0s          
 Analyzing entries 37564 - 37605, now 37572 , sum entries = 41325 . . . Used time: 0s Expected left time: 0s          
 Analyzing entries 37564 - 37605, now 37573 , sum entries = 41325 . . . Used time: 0s Expected left time: 0s          
 Analyzing entries 37564 - 37605, now 37574 , sum entries = 41325 . . . Used time: 0s Expected left time: 0s          
 Analyzing entries 37564 - 37605, now 37575 , sum entries = 41325 . . . Used time: 0s Expected left time: 0s          
 Analyzing entries 37564 - 37605, now 37576 , sum entries = 41325 . . . Used time: 0s Expected left time: 0s          
 Analyzing entries 37564 - 37605, now 37577 , sum entries = 41325 . . . Used time: 0s Expected left time: 0s          
 Analyzing entries 37564 - 37605, now 37578 , sum entries = 41325 . . . Used time: 0s Expected left time: 0s          
 Analyzing entries 37564 - 37605, now 37579 , sum entries = 41325 . . . Used time: 0s Expected left time: 0s          
 Analyzing entries 37564 - 37605, now 37580 , sum entries = 41325 . . . Used time: 0s Expected left time: 0s          
 Analyzing entries 37564 - 37605, now 37581 , sum entries = 41325 . . . Used time: 0s Expected left time: 0s          
 Analyzing entries 37564 - 37605, now 37582 , sum entries = 41325 . . . Used time: 0s Expected left time: 0s          
 Analyzing entries 37564 - 37605, now 37583 , sum entries = 41325 . . . Used time: 0s Expected left time: 0s          
 Analyzing entries 37564 - 37605, now 37584 , sum entries = 41325 . . . Used time: 0s Expected left time: 0s          
 Analyzing entries 37564 - 37605, now 37585 , sum entries = 41325 . . . Used time: 0s Expected left time: 0s          
 Analyzing entries 37564 - 37605, now 37586 , sum entries = 41325 . . . Used time: 0s Expected left time: 0s          
 Analyzing entries 37564 - 37605, now 37587 , sum entries = 41325 . . . Used time: 0s Expected left time: 0s          
 Analyzing entries 37564 - 37605, now 37588 , sum entries = 41325 . . . Used time: 0s Expected left time: 0s          
 Analyzing entries 37564 - 37605, now 37589 , sum entries = 41325 . . . Used time: 0s Expected left time: 0s          
 Analyzing entries 37564 - 37605, now 37590 , sum entries = 41325 . . . Used time: 0s Expected left time: 0s          
 Analyzing entries 37564 - 37605, now 37591 , sum entries = 41325 . . . Used time: 0s Expected left time: 0s          
 Analyzing entries 37564 - 37605, now 37592 , sum entries = 41325 . . . Used time: 0s Expected left time: 0s          
 Analyzing entries 37564 - 37605, now 37593 , sum entries = 41325 . . . Used time: 0s Expected left time: 0s          
 Analyzing entries 37564 - 37605, now 37594 , sum entries = 41325 . . . Used time: 0s Expected left time: 0s          
 Analyzing entries 37564 - 37605, now 37595 , sum entries = 41325 . . . Used time: 0s Expected left time: 0s          
 Analyzing entries 37564 - 37605, now 37596 , sum entries = 41325 . . . Used time: 0s Expected left time: 0s          
 Analyzing entries 37564 - 37605, now 37597 , sum entries = 41325 . . . Used time: 0s Expected left time: 0s          
 Analyzing entries 37564 - 37605, now 37598 , sum entries = 41325 . . . Used time: 0s Expected left time: 0s          
 Analyzing entries 37564 - 37605, now 37599 , sum entries = 41325 . . . Used time: 0s Expected left time: 0s          
 Analyzing entries 37564 - 37605, now 37600 , sum entries = 41325 . . . Used time: 0s Expected left time: 0s          
 Analyzing entries 37564 - 37605, now 37601 , sum entries = 41325 . . . Used time: 0s Expected left time: 0s          
 Analyzing entries 37564 - 37605, now 37602 , sum entries = 41325 . . . Used time: 0s Expected left time: 0s          
 Analyzing entries 37564 - 37605, now 37603 , sum entries = 41325 . . . Used time: 0s Expected left time: 0s          
 Analyzing entries 37564 - 37605, now 37604 , sum entries = 41325 . . . Used time: 0s Expected left time: 0s          
 Save to RootFile /extdisk/zlin/Machine_learning/RecoPlanesFeatures/CMS_herwig_HT1000to1500-preVFP_jinitpt450_600_j2pt80_120Reco/Chunk90_Part9.root . . . Used time: 0s Expected left time: 0s          
