Warning in <TFile::Init>: file /extdisk/zlin/Machine_learning/RecoPlanes/CMS_herwig_HT1000to1500-preVFP/Chunk39_Part0.root probably not closed, trying to recover
Warning in <TFile::Init>: no keys recovered, file has been made a Zombie
Warning in <TFile::Init>: file /extdisk/zlin/Machine_learning/RecoPlanes/CMS_herwig_HT1000to1500-preVFP/Chunk89_Part0.root probably not closed, trying to recover
Warning in <TFile::Init>: no keys recovered, file has been made a Zombie
 Analyzing entries 25682 - 25717, now 25682 , sum entries = 35670 . . . Used time: 0s Expected left time: 0s          
 Analyzing entries 25682 - 25717, now 25683 , sum entries = 35670 . . . Used time: 0s Expected left time: 0s          
 Analyzing entries 25682 - 25717, now 25684 , sum entries = 35670 . . . Used time: 0s Expected left time: 0s          
 Analyzing entries 25682 - 25717, now 25685 , sum entries = 35670 . . . Used time: 0s Expected left time: 0s          
 Analyzing entries 25682 - 25717, now 25686 , sum entries = 35670 . . . Used time: 0s Expected left time: 0s          
 Analyzing entries 25682 - 25717, now 25687 , sum entries = 35670 . . . Used time: 0s Expected left time: 0s          
 Analyzing entries 25682 - 25717, now 25688 , sum entries = 35670 . . . Used time: 0s Expected left time: 0s          
 Analyzing entries 25682 - 25717, now 25689 , sum entries = 35670 . . . Used time: 0s Expected left time: 0s          
 Analyzing entries 25682 - 25717, now 25690 , sum entries = 35670 . . . Used time: 0s Expected left time: 0s          
 Analyzing entries 25682 - 25717, now 25691 , sum entries = 35670 . . . Used time: 0s Expected left time: 0s          
 Analyzing entries 25682 - 25717, now 25692 , sum entries = 35670 . . . Used time: 0s Expected left time: 0s          
 Analyzing entries 25682 - 25717, now 25693 , sum entries = 35670 . . . Used time: 0s Expected left time: 0s          
 Analyzing entries 25682 - 25717, now 25694 , sum entries = 35670 . . . Used time: 0s Expected left time: 0s          
 Analyzing entries 25682 - 25717, now 25695 , sum entries = 35670 . . . Used time: 0s Expected left time: 0s          
 Analyzing entries 25682 - 25717, now 25696 , sum entries = 35670 . . . Used time: 0s Expected left time: 0s          
 Analyzing entries 25682 - 25717, now 25697 , sum entries = 35670 . . . Used time: 0s Expected left time: 0s          
 Analyzing entries 25682 - 25717, now 25698 , sum entries = 35670 . . . Used time: 0s Expected left time: 0s          
 Analyzing entries 25682 - 25717, now 25699 , sum entries = 35670 . . . Used time: 0s Expected left time: 0s          
 Analyzing entries 25682 - 25717, now 25700 , sum entries = 35670 . . . Used time: 0s Expected left time: 0s          
 Analyzing entries 25682 - 25717, now 25701 , sum entries = 35670 . . . Used time: 0s Expected left time: 0s          
 Analyzing entries 25682 - 25717, now 25702 , sum entries = 35670 . . . Used time: 0s Expected left time: 0s          
 Analyzing entries 25682 - 25717, now 25703 , sum entries = 35670 . . . Used time: 0s Expected left time: 0s          
 Analyzing entries 25682 - 25717, now 25704 , sum entries = 35670 . . . Used time: 0s Expected left time: 0s          
 Analyzing entries 25682 - 25717, now 25705 , sum entries = 35670 . . . Used time: 0s Expected left time: 0s          
 Analyzing entries 25682 - 25717, now 25706 , sum entries = 35670 . . . Used time: 0s Expected left time: 0s          
 Analyzing entries 25682 - 25717, now 25707 , sum entries = 35670 . . . Used time: 0s Expected left time: 0s          
 Analyzing entries 25682 - 25717, now 25708 , sum entries = 35670 . . . Used time: 0s Expected left time: 0s          
 Analyzing entries 25682 - 25717, now 25709 , sum entries = 35670 . . . Used time: 0s Expected left time: 0s          
 Analyzing entries 25682 - 25717, now 25710 , sum entries = 35670 . . . Used time: 0s Expected left time: 0s          
 Analyzing entries 25682 - 25717, now 25711 , sum entries = 35670 . . . Used time: 0s Expected left time: 0s          
 Analyzing entries 25682 - 25717, now 25712 , sum entries = 35670 . . . Used time: 0s Expected left time: 0s          
 Analyzing entries 25682 - 25717, now 25713 , sum entries = 35670 . . . Used time: 0s Expected left time: 0s          
 Analyzing entries 25682 - 25717, now 25714 , sum entries = 35670 . . . Used time: 0s Expected left time: 0s          
 Analyzing entries 25682 - 25717, now 25715 , sum entries = 35670 . . . Used time: 0s Expected left time: 0s          
 Analyzing entries 25682 - 25717, now 25716 , sum entries = 35670 . . . Used time: 0s Expected left time: 0s          
 Save to RootFile /extdisk/zlin/Machine_learning/RecoPlanesFeatures/CMS_herwig_HT1000to1500-preVFP_jinitpt450_600_j2pt80_120Reco/Chunk72_Part0.root . . . Used time: 0s Expected left time: 0s          
 Save to RootFile /extdisk/zlin/Machine_learning/RecoPlanesFeatures/CMS_herwig_HT1000to1500-preVFP_jinitpt450_600_j2pt80_120Reco/Chunk72_Part0.root . . . Used time: 0s Expected left time: 0s          
 Save to RootFile /extdisk/zlin/Machine_learning/RecoPlanesFeatures/CMS_herwig_HT1000to1500-preVFP_jinitpt450_600_j2pt80_120Reco/Chunk72_Part0.root . . . Used time: 0s Expected left time: 0s          
 Save to RootFile /extdisk/zlin/Machine_learning/RecoPlanesFeatures/CMS_herwig_HT1000to1500-preVFP_jinitpt450_600_j2pt80_120Reco/Chunk72_Part0.root . . . Used time: 0s Expected left time: 0s          
 Save to RootFile /extdisk/zlin/Machine_learning/RecoPlanesFeatures/CMS_herwig_HT1000to1500-preVFP_jinitpt450_600_j2pt80_120Reco/Chunk72_Part0.root . . . Used time: 0s Expected left time: 0s          
 Save to RootFile /extdisk/zlin/Machine_learning/RecoPlanesFeatures/CMS_herwig_HT1000to1500-preVFP_jinitpt450_600_j2pt80_120Reco/Chunk72_Part0.root . . . Used time: 0s Expected left time: 0s          
 Analyzing entries 25718 - 25753, now 25718 , sum entries = 35670 . . . Used time: 0s Expected left time: 0s          
 Analyzing entries 25718 - 25753, now 25719 , sum entries = 35670 . . . Used time: 0s Expected left time: 0s          
 Analyzing entries 25718 - 25753, now 25720 , sum entries = 35670 . . . Used time: 0s Expected left time: 0s          
 Analyzing entries 25718 - 25753, now 25721 , sum entries = 35670 . . . Used time: 0s Expected left time: 0s          
 Analyzing entries 25718 - 25753, now 25722 , sum entries = 35670 . . . Used time: 0s Expected left time: 0s          
 Analyzing entries 25718 - 25753, now 25723 , sum entries = 35670 . . . Used time: 0s Expected left time: 0s          
 Analyzing entries 25718 - 25753, now 25724 , sum entries = 35670 . . . Used time: 0s Expected left time: 0s          
 Analyzing entries 25718 - 25753, now 25725 , sum entries = 35670 . . . Used time: 0s Expected left time: 0s          
 Analyzing entries 25718 - 25753, now 25726 , sum entries = 35670 . . . Used time: 0s Expected left time: 0s          
 Analyzing entries 25718 - 25753, now 25727 , sum entries = 35670 . . . Used time: 0s Expected left time: 0s          
 Analyzing entries 25718 - 25753, now 25728 , sum entries = 35670 . . . Used time: 0s Expected left time: 0s          
 Analyzing entries 25718 - 25753, now 25729 , sum entries = 35670 . . . Used time: 0s Expected left time: 0s          
 Analyzing entries 25718 - 25753, now 25730 , sum entries = 35670 . . . Used time: 0s Expected left time: 0s          
 Analyzing entries 25718 - 25753, now 25731 , sum entries = 35670 . . . Used time: 0s Expected left time: 0s          
 Analyzing entries 25718 - 25753, now 25732 , sum entries = 35670 . . . Used time: 0s Expected left time: 0s          
 Analyzing entries 25718 - 25753, now 25733 , sum entries = 35670 . . . Used time: 0s Expected left time: 0s          
 Analyzing entries 25718 - 25753, now 25734 , sum entries = 35670 . . . Used time: 0s Expected left time: 0s          
 Analyzing entries 25718 - 25753, now 25735 , sum entries = 35670 . . . Used time: 0s Expected left time: 0s          
 Analyzing entries 25718 - 25753, now 25736 , sum entries = 35670 . . . Used time: 0s Expected left time: 0s          
 Analyzing entries 25718 - 25753, now 25737 , sum entries = 35670 . . . Used time: 0s Expected left time: 0s          
 Analyzing entries 25718 - 25753, now 25738 , sum entries = 35670 . . . Used time: 0s Expected left time: 0s          
 Analyzing entries 25718 - 25753, now 25739 , sum entries = 35670 . . . Used time: 0s Expected left time: 0s          
 Analyzing entries 25718 - 25753, now 25740 , sum entries = 35670 . . . Used time: 0s Expected left time: 0s          
 Analyzing entries 25718 - 25753, now 25741 , sum entries = 35670 . . . Used time: 0s Expected left time: 0s          
 Analyzing entries 25718 - 25753, now 25742 , sum entries = 35670 . . . Used time: 0s Expected left time: 0s          
 Analyzing entries 25718 - 25753, now 25743 , sum entries = 35670 . . . Used time: 0s Expected left time: 0s          
 Analyzing entries 25718 - 25753, now 25744 , sum entries = 35670 . . . Used time: 0s Expected left time: 0s          
 Analyzing entries 25718 - 25753, now 25745 , sum entries = 35670 . . . Used time: 0s Expected left time: 0s          
 Analyzing entries 25718 - 25753, now 25746 , sum entries = 35670 . . . Used time: 0s Expected left time: 0s          
 Analyzing entries 25718 - 25753, now 25747 , sum entries = 35670 . . . Used time: 0s Expected left time: 0s          
 Analyzing entries 25718 - 25753, now 25748 , sum entries = 35670 . . . Used time: 0s Expected left time: 0s          
 Analyzing entries 25718 - 25753, now 25749 , sum entries = 35670 . . . Used time: 0s Expected left time: 0s          
 Analyzing entries 25718 - 25753, now 25750 , sum entries = 35670 . . . Used time: 0s Expected left time: 0s          
 Analyzing entries 25718 - 25753, now 25751 , sum entries = 35670 . . . Used time: 0s Expected left time: 0s          
 Analyzing entries 25718 - 25753, now 25752 , sum entries = 35670 . . . Used time: 0s Expected left time: 0s          
 Save to RootFile /extdisk/zlin/Machine_learning/RecoPlanesFeatures/CMS_herwig_HT1000to1500-preVFP_jinitpt450_600_j2pt80_120Reco/Chunk72_Part1.root . . . Used time: 0s Expected left time: 0s          
 Save to RootFile /extdisk/zlin/Machine_learning/RecoPlanesFeatures/CMS_herwig_HT1000to1500-preVFP_jinitpt450_600_j2pt80_120Reco/Chunk72_Part1.root . . . Used time: 0s Expected left time: 0s          
 Save to RootFile /extdisk/zlin/Machine_learning/RecoPlanesFeatures/CMS_herwig_HT1000to1500-preVFP_jinitpt450_600_j2pt80_120Reco/Chunk72_Part1.root . . . Used time: 0s Expected left time: 0s          
 Save to RootFile /extdisk/zlin/Machine_learning/RecoPlanesFeatures/CMS_herwig_HT1000to1500-preVFP_jinitpt450_600_j2pt80_120Reco/Chunk72_Part1.root . . . Used time: 0s Expected left time: 0s          
 Save to RootFile /extdisk/zlin/Machine_learning/RecoPlanesFeatures/CMS_herwig_HT1000to1500-preVFP_jinitpt450_600_j2pt80_120Reco/Chunk72_Part1.root . . . Used time: 0s Expected left time: 0s          
 Analyzing entries 25753 - 25788, now 25753 , sum entries = 35670 . . . Used time: 0s Expected left time: 0s          
 Analyzing entries 25753 - 25788, now 25754 , sum entries = 35670 . . . Used time: 0s Expected left time: 0s          
 Analyzing entries 25753 - 25788, now 25755 , sum entries = 35670 . . . Used time: 0s Expected left time: 0s          
 Analyzing entries 25753 - 25788, now 25756 , sum entries = 35670 . . . Used time: 0s Expected left time: 0s          
 Analyzing entries 25753 - 25788, now 25757 , sum entries = 35670 . . . Used time: 0s Expected left time: 0s          
 Analyzing entries 25753 - 25788, now 25758 , sum entries = 35670 . . . Used time: 0s Expected left time: 0s          
 Analyzing entries 25753 - 25788, now 25759 , sum entries = 35670 . . . Used time: 0s Expected left time: 0s          
 Analyzing entries 25753 - 25788, now 25760 , sum entries = 35670 . . . Used time: 0s Expected left time: 0s          
 Analyzing entries 25753 - 25788, now 25761 , sum entries = 35670 . . . Used time: 0s Expected left time: 0s          
 Analyzing entries 25753 - 25788, now 25762 , sum entries = 35670 . . . Used time: 0s Expected left time: 0s          
 Analyzing entries 25753 - 25788, now 25763 , sum entries = 35670 . . . Used time: 0s Expected left time: 0s          
 Analyzing entries 25753 - 25788, now 25764 , sum entries = 35670 . . . Used time: 0s Expected left time: 0s          
 Analyzing entries 25753 - 25788, now 25765 , sum entries = 35670 . . . Used time: 0s Expected left time: 0s          
 Analyzing entries 25753 - 25788, now 25766 , sum entries = 35670 . . . Used time: 0s Expected left time: 0s          
 Analyzing entries 25753 - 25788, now 25767 , sum entries = 35670 . . . Used time: 0s Expected left time: 0s          
 Analyzing entries 25753 - 25788, now 25768 , sum entries = 35670 . . . Used time: 0s Expected left time: 0s          
 Analyzing entries 25753 - 25788, now 25769 , sum entries = 35670 . . . Used time: 0s Expected left time: 0s          
 Analyzing entries 25753 - 25788, now 25770 , sum entries = 35670 . . . Used time: 0s Expected left time: 0s          
 Analyzing entries 25753 - 25788, now 25771 , sum entries = 35670 . . . Used time: 0s Expected left time: 0s          
 Analyzing entries 25753 - 25788, now 25772 , sum entries = 35670 . . . Used time: 0s Expected left time: 0s          
 Analyzing entries 25753 - 25788, now 25773 , sum entries = 35670 . . . Used time: 0s Expected left time: 0s          
 Analyzing entries 25753 - 25788, now 25774 , sum entries = 35670 . . . Used time: 0s Expected left time: 0s          
 Analyzing entries 25753 - 25788, now 25775 , sum entries = 35670 . . . Used time: 0s Expected left time: 0s          
 Analyzing entries 25753 - 25788, now 25776 , sum entries = 35670 . . . Used time: 0s Expected left time: 0s          
 Analyzing entries 25753 - 25788, now 25777 , sum entries = 35670 . . . Used time: 0s Expected left time: 0s          
 Analyzing entries 25753 - 25788, now 25778 , sum entries = 35670 . . . Used time: 0s Expected left time: 0s          
 Analyzing entries 25753 - 25788, now 25779 , sum entries = 35670 . . . Used time: 0s Expected left time: 0s          
 Analyzing entries 25753 - 25788, now 25780 , sum entries = 35670 . . . Used time: 0s Expected left time: 0s          
 Analyzing entries 25753 - 25788, now 25781 , sum entries = 35670 . . . Used time: 0s Expected left time: 0s          
 Analyzing entries 25753 - 25788, now 25782 , sum entries = 35670 . . . Used time: 0s Expected left time: 0s          
 Analyzing entries 25753 - 25788, now 25783 , sum entries = 35670 . . . Used time: 0s Expected left time: 0s          
 Analyzing entries 25753 - 25788, now 25784 , sum entries = 35670 . . . Used time: 0s Expected left time: 0s          
 Analyzing entries 25753 - 25788, now 25785 , sum entries = 35670 . . . Used time: 0s Expected left time: 0s          
 Analyzing entries 25753 - 25788, now 25786 , sum entries = 35670 . . . Used time: 0s Expected left time: 0s          
 Analyzing entries 25753 - 25788, now 25787 , sum entries = 35670 . . . Used time: 0s Expected left time: 0s          
 Save to RootFile /extdisk/zlin/Machine_learning/RecoPlanesFeatures/CMS_herwig_HT1000to1500-preVFP_jinitpt450_600_j2pt80_120Reco/Chunk72_Part2.root . . . Used time: 0s Expected left time: 0s          
 Save to RootFile /extdisk/zlin/Machine_learning/RecoPlanesFeatures/CMS_herwig_HT1000to1500-preVFP_jinitpt450_600_j2pt80_120Reco/Chunk72_Part2.root . . . Used time: 0s Expected left time: 0s          
 Save to RootFile /extdisk/zlin/Machine_learning/RecoPlanesFeatures/CMS_herwig_HT1000to1500-preVFP_jinitpt450_600_j2pt80_120Reco/Chunk72_Part2.root . . . Used time: 0s Expected left time: 0s          
 Save to RootFile /extdisk/zlin/Machine_learning/RecoPlanesFeatures/CMS_herwig_HT1000to1500-preVFP_jinitpt450_600_j2pt80_120Reco/Chunk72_Part2.root . . . Used time: 0s Expected left time: 0s          
 Save to RootFile /extdisk/zlin/Machine_learning/RecoPlanesFeatures/CMS_herwig_HT1000to1500-preVFP_jinitpt450_600_j2pt80_120Reco/Chunk72_Part2.root . . . Used time: 0s Expected left time: 0s          
 Save to RootFile /extdisk/zlin/Machine_learning/RecoPlanesFeatures/CMS_herwig_HT1000to1500-preVFP_jinitpt450_600_j2pt80_120Reco/Chunk72_Part2.root . . . Used time: 0s Expected left time: 0s          
 Save to RootFile /extdisk/zlin/Machine_learning/RecoPlanesFeatures/CMS_herwig_HT1000to1500-preVFP_jinitpt450_600_j2pt80_120Reco/Chunk72_Part2.root . . . Used time: 0s Expected left time: 0s          
 Analyzing entries 25789 - 25824, now 25789 , sum entries = 35670 . . . Used time: 0s Expected left time: 0s          
 Analyzing entries 25789 - 25824, now 25790 , sum entries = 35670 . . . Used time: 0s Expected left time: 0s          
 Analyzing entries 25789 - 25824, now 25791 , sum entries = 35670 . . . Used time: 0s Expected left time: 0s          
 Analyzing entries 25789 - 25824, now 25792 , sum entries = 35670 . . . Used time: 0s Expected left time: 0s          
 Analyzing entries 25789 - 25824, now 25793 , sum entries = 35670 . . . Used time: 0s Expected left time: 0s          
 Analyzing entries 25789 - 25824, now 25794 , sum entries = 35670 . . . Used time: 0s Expected left time: 0s          
 Analyzing entries 25789 - 25824, now 25795 , sum entries = 35670 . . . Used time: 0s Expected left time: 0s          
 Analyzing entries 25789 - 25824, now 25796 , sum entries = 35670 . . . Used time: 0s Expected left time: 0s          
 Analyzing entries 25789 - 25824, now 25797 , sum entries = 35670 . . . Used time: 0s Expected left time: 0s          
 Analyzing entries 25789 - 25824, now 25798 , sum entries = 35670 . . . Used time: 0s Expected left time: 0s          
 Analyzing entries 25789 - 25824, now 25799 , sum entries = 35670 . . . Used time: 0s Expected left time: 0s          
 Analyzing entries 25789 - 25824, now 25800 , sum entries = 35670 . . . Used time: 0s Expected left time: 0s          
 Analyzing entries 25789 - 25824, now 25801 , sum entries = 35670 . . . Used time: 0s Expected left time: 0s          
 Analyzing entries 25789 - 25824, now 25802 , sum entries = 35670 . . . Used time: 0s Expected left time: 0s          
 Analyzing entries 25789 - 25824, now 25803 , sum entries = 35670 . . . Used time: 0s Expected left time: 0s          
 Analyzing entries 25789 - 25824, now 25804 , sum entries = 35670 . . . Used time: 0s Expected left time: 0s          
 Analyzing entries 25789 - 25824, now 25805 , sum entries = 35670 . . . Used time: 0s Expected left time: 0s          
 Analyzing entries 25789 - 25824, now 25806 , sum entries = 35670 . . . Used time: 0s Expected left time: 0s          
 Analyzing entries 25789 - 25824, now 25807 , sum entries = 35670 . . . Used time: 0s Expected left time: 0s          
 Analyzing entries 25789 - 25824, now 25808 , sum entries = 35670 . . . Used time: 0s Expected left time: 0s          
 Analyzing entries 25789 - 25824, now 25809 , sum entries = 35670 . . . Used time: 0s Expected left time: 0s          
 Analyzing entries 25789 - 25824, now 25810 , sum entries = 35670 . . . Used time: 0s Expected left time: 0s          
 Analyzing entries 25789 - 25824, now 25811 , sum entries = 35670 . . . Used time: 0s Expected left time: 0s          
 Analyzing entries 25789 - 25824, now 25812 , sum entries = 35670 . . . Used time: 0s Expected left time: 0s          
 Analyzing entries 25789 - 25824, now 25813 , sum entries = 35670 . . . Used time: 0s Expected left time: 0s          
 Analyzing entries 25789 - 25824, now 25814 , sum entries = 35670 . . . Used time: 0s Expected left time: 0s          
 Analyzing entries 25789 - 25824, now 25815 , sum entries = 35670 . . . Used time: 0s Expected left time: 0s          
 Analyzing entries 25789 - 25824, now 25816 , sum entries = 35670 . . . Used time: 0s Expected left time: 0s          
 Analyzing entries 25789 - 25824, now 25817 , sum entries = 35670 . . . Used time: 0s Expected left time: 0s          
 Analyzing entries 25789 - 25824, now 25818 , sum entries = 35670 . . . Used time: 0s Expected left time: 0s          
 Analyzing entries 25789 - 25824, now 25819 , sum entries = 35670 . . . Used time: 0s Expected left time: 0s          
 Analyzing entries 25789 - 25824, now 25820 , sum entries = 35670 . . . Used time: 0s Expected left time: 0s          
 Analyzing entries 25789 - 25824, now 25821 , sum entries = 35670 . . . Used time: 0s Expected left time: 0s          
 Analyzing entries 25789 - 25824, now 25822 , sum entries = 35670 . . . Used time: 0s Expected left time: 0s          
 Analyzing entries 25789 - 25824, now 25823 , sum entries = 35670 . . . Used time: 0s Expected left time: 0s          
 Save to RootFile /extdisk/zlin/Machine_learning/RecoPlanesFeatures/CMS_herwig_HT1000to1500-preVFP_jinitpt450_600_j2pt80_120Reco/Chunk72_Part3.root . . . Used time: 0s Expected left time: 0s          
 Save to RootFile /extdisk/zlin/Machine_learning/RecoPlanesFeatures/CMS_herwig_HT1000to1500-preVFP_jinitpt450_600_j2pt80_120Reco/Chunk72_Part3.root . . . Used time: 0s Expected left time: 0s          
 Save to RootFile /extdisk/zlin/Machine_learning/RecoPlanesFeatures/CMS_herwig_HT1000to1500-preVFP_jinitpt450_600_j2pt80_120Reco/Chunk72_Part3.root . . . Used time: 0s Expected left time: 0s          
 Save to RootFile /extdisk/zlin/Machine_learning/RecoPlanesFeatures/CMS_herwig_HT1000to1500-preVFP_jinitpt450_600_j2pt80_120Reco/Chunk72_Part3.root . . . Used time: 0s Expected left time: 0s          
 Save to RootFile /extdisk/zlin/Machine_learning/RecoPlanesFeatures/CMS_herwig_HT1000to1500-preVFP_jinitpt450_600_j2pt80_120Reco/Chunk72_Part3.root . . . Used time: 0s Expected left time: 0s          
 Analyzing entries 25825 - 25860, now 25825 , sum entries = 35670 . . . Used time: 0s Expected left time: 0s          
 Analyzing entries 25825 - 25860, now 25826 , sum entries = 35670 . . . Used time: 0s Expected left time: 0s          
 Analyzing entries 25825 - 25860, now 25827 , sum entries = 35670 . . . Used time: 0s Expected left time: 0s          
 Analyzing entries 25825 - 25860, now 25828 , sum entries = 35670 . . . Used time: 0s Expected left time: 0s          
 Analyzing entries 25825 - 25860, now 25829 , sum entries = 35670 . . . Used time: 0s Expected left time: 0s          
 Analyzing entries 25825 - 25860, now 25830 , sum entries = 35670 . . . Used time: 0s Expected left time: 0s          
 Analyzing entries 25825 - 25860, now 25831 , sum entries = 35670 . . . Used time: 0s Expected left time: 0s          
 Analyzing entries 25825 - 25860, now 25832 , sum entries = 35670 . . . Used time: 0s Expected left time: 0s          
 Analyzing entries 25825 - 25860, now 25833 , sum entries = 35670 . . . Used time: 0s Expected left time: 0s          
 Analyzing entries 25825 - 25860, now 25834 , sum entries = 35670 . . . Used time: 0s Expected left time: 0s          
 Analyzing entries 25825 - 25860, now 25835 , sum entries = 35670 . . . Used time: 0s Expected left time: 0s          
 Analyzing entries 25825 - 25860, now 25836 , sum entries = 35670 . . . Used time: 0s Expected left time: 0s          
 Analyzing entries 25825 - 25860, now 25837 , sum entries = 35670 . . . Used time: 0s Expected left time: 0s          
 Analyzing entries 25825 - 25860, now 25838 , sum entries = 35670 . . . Used time: 0s Expected left time: 0s          
 Analyzing entries 25825 - 25860, now 25839 , sum entries = 35670 . . . Used time: 0s Expected left time: 0s          
 Analyzing entries 25825 - 25860, now 25840 , sum entries = 35670 . . . Used time: 0s Expected left time: 0s          
 Analyzing entries 25825 - 25860, now 25841 , sum entries = 35670 . . . Used time: 0s Expected left time: 0s          
 Analyzing entries 25825 - 25860, now 25842 , sum entries = 35670 . . . Used time: 0s Expected left time: 0s          
 Analyzing entries 25825 - 25860, now 25843 , sum entries = 35670 . . . Used time: 0s Expected left time: 0s          
 Analyzing entries 25825 - 25860, now 25844 , sum entries = 35670 . . . Used time: 0s Expected left time: 0s          
 Analyzing entries 25825 - 25860, now 25845 , sum entries = 35670 . . . Used time: 0s Expected left time: 0s          
 Analyzing entries 25825 - 25860, now 25846 , sum entries = 35670 . . . Used time: 0s Expected left time: 0s          
 Analyzing entries 25825 - 25860, now 25847 , sum entries = 35670 . . . Used time: 0s Expected left time: 0s          
 Analyzing entries 25825 - 25860, now 25848 , sum entries = 35670 . . . Used time: 0s Expected left time: 0s          
 Analyzing entries 25825 - 25860, now 25849 , sum entries = 35670 . . . Used time: 0s Expected left time: 0s          
 Analyzing entries 25825 - 25860, now 25850 , sum entries = 35670 . . . Used time: 0s Expected left time: 0s          
 Analyzing entries 25825 - 25860, now 25851 , sum entries = 35670 . . . Used time: 0s Expected left time: 0s          
 Analyzing entries 25825 - 25860, now 25852 , sum entries = 35670 . . . Used time: 0s Expected left time: 0s          
 Analyzing entries 25825 - 25860, now 25853 , sum entries = 35670 . . . Used time: 0s Expected left time: 0s          
 Analyzing entries 25825 - 25860, now 25854 , sum entries = 35670 . . . Used time: 0s Expected left time: 0s          
 Analyzing entries 25825 - 25860, now 25855 , sum entries = 35670 . . . Used time: 0s Expected left time: 0s          
 Analyzing entries 25825 - 25860, now 25856 , sum entries = 35670 . . . Used time: 0s Expected left time: 0s          
 Analyzing entries 25825 - 25860, now 25857 , sum entries = 35670 . . . Used time: 0s Expected left time: 0s          
 Analyzing entries 25825 - 25860, now 25858 , sum entries = 35670 . . . Used time: 0s Expected left time: 0s          
 Analyzing entries 25825 - 25860, now 25859 , sum entries = 35670 . . . Used time: 0s Expected left time: 0s          
 Save to RootFile /extdisk/zlin/Machine_learning/RecoPlanesFeatures/CMS_herwig_HT1000to1500-preVFP_jinitpt450_600_j2pt80_120Reco/Chunk72_Part4.root . . . Used time: 0s Expected left time: 0s          
 Save to RootFile /extdisk/zlin/Machine_learning/RecoPlanesFeatures/CMS_herwig_HT1000to1500-preVFP_jinitpt450_600_j2pt80_120Reco/Chunk72_Part4.root . . . Used time: 0s Expected left time: 0s          
 Save to RootFile /extdisk/zlin/Machine_learning/RecoPlanesFeatures/CMS_herwig_HT1000to1500-preVFP_jinitpt450_600_j2pt80_120Reco/Chunk72_Part4.root . . . Used time: 0s Expected left time: 0s          
 Save to RootFile /extdisk/zlin/Machine_learning/RecoPlanesFeatures/CMS_herwig_HT1000to1500-preVFP_jinitpt450_600_j2pt80_120Reco/Chunk72_Part4.root . . . Used time: 0s Expected left time: 0s          
 Save to RootFile /extdisk/zlin/Machine_learning/RecoPlanesFeatures/CMS_herwig_HT1000to1500-preVFP_jinitpt450_600_j2pt80_120Reco/Chunk72_Part4.root . . . Used time: 0s Expected left time: 0s          
 Save to RootFile /extdisk/zlin/Machine_learning/RecoPlanesFeatures/CMS_herwig_HT1000to1500-preVFP_jinitpt450_600_j2pt80_120Reco/Chunk72_Part4.root . . . Used time: 0s Expected left time: 0s          
 Analyzing entries 25860 - 25895, now 25860 , sum entries = 35670 . . . Used time: 0s Expected left time: 0s          
 Analyzing entries 25860 - 25895, now 25861 , sum entries = 35670 . . . Used time: 0s Expected left time: 0s          
 Analyzing entries 25860 - 25895, now 25862 , sum entries = 35670 . . . Used time: 0s Expected left time: 0s          
 Analyzing entries 25860 - 25895, now 25863 , sum entries = 35670 . . . Used time: 0s Expected left time: 0s          
 Analyzing entries 25860 - 25895, now 25864 , sum entries = 35670 . . . Used time: 0s Expected left time: 0s          
 Analyzing entries 25860 - 25895, now 25865 , sum entries = 35670 . . . Used time: 0s Expected left time: 0s          
 Analyzing entries 25860 - 25895, now 25866 , sum entries = 35670 . . . Used time: 0s Expected left time: 0s          
 Analyzing entries 25860 - 25895, now 25867 , sum entries = 35670 . . . Used time: 0s Expected left time: 0s          
 Analyzing entries 25860 - 25895, now 25868 , sum entries = 35670 . . . Used time: 0s Expected left time: 0s          
 Analyzing entries 25860 - 25895, now 25869 , sum entries = 35670 . . . Used time: 0s Expected left time: 0s          
 Analyzing entries 25860 - 25895, now 25870 , sum entries = 35670 . . . Used time: 0s Expected left time: 0s          
 Analyzing entries 25860 - 25895, now 25871 , sum entries = 35670 . . . Used time: 0s Expected left time: 0s          
 Analyzing entries 25860 - 25895, now 25872 , sum entries = 35670 . . . Used time: 0s Expected left time: 0s          
 Analyzing entries 25860 - 25895, now 25873 , sum entries = 35670 . . . Used time: 0s Expected left time: 0s          
 Analyzing entries 25860 - 25895, now 25874 , sum entries = 35670 . . . Used time: 0s Expected left time: 0s          
 Analyzing entries 25860 - 25895, now 25875 , sum entries = 35670 . . . Used time: 0s Expected left time: 0s          
 Analyzing entries 25860 - 25895, now 25876 , sum entries = 35670 . . . Used time: 0s Expected left time: 0s          
 Analyzing entries 25860 - 25895, now 25877 , sum entries = 35670 . . . Used time: 0s Expected left time: 0s          
 Analyzing entries 25860 - 25895, now 25878 , sum entries = 35670 . . . Used time: 0s Expected left time: 0s          
 Analyzing entries 25860 - 25895, now 25879 , sum entries = 35670 . . . Used time: 0s Expected left time: 0s          
 Analyzing entries 25860 - 25895, now 25880 , sum entries = 35670 . . . Used time: 0s Expected left time: 0s          
 Analyzing entries 25860 - 25895, now 25881 , sum entries = 35670 . . . Used time: 0s Expected left time: 0s          
 Analyzing entries 25860 - 25895, now 25882 , sum entries = 35670 . . . Used time: 0s Expected left time: 0s          
 Analyzing entries 25860 - 25895, now 25883 , sum entries = 35670 . . . Used time: 0s Expected left time: 0s          
 Analyzing entries 25860 - 25895, now 25884 , sum entries = 35670 . . . Used time: 0s Expected left time: 0s          
 Analyzing entries 25860 - 25895, now 25885 , sum entries = 35670 . . . Used time: 0s Expected left time: 0s          
 Analyzing entries 25860 - 25895, now 25886 , sum entries = 35670 . . . Used time: 0s Expected left time: 0s          
 Analyzing entries 25860 - 25895, now 25887 , sum entries = 35670 . . . Used time: 0s Expected left time: 0s          
 Analyzing entries 25860 - 25895, now 25888 , sum entries = 35670 . . . Used time: 0s Expected left time: 0s          
 Analyzing entries 25860 - 25895, now 25889 , sum entries = 35670 . . . Used time: 0s Expected left time: 0s          
 Analyzing entries 25860 - 25895, now 25890 , sum entries = 35670 . . . Used time: 0s Expected left time: 0s          
 Analyzing entries 25860 - 25895, now 25891 , sum entries = 35670 . . . Used time: 0s Expected left time: 0s          
 Analyzing entries 25860 - 25895, now 25892 , sum entries = 35670 . . . Used time: 0s Expected left time: 0s          
 Analyzing entries 25860 - 25895, now 25893 , sum entries = 35670 . . . Used time: 0s Expected left time: 0s          
 Analyzing entries 25860 - 25895, now 25894 , sum entries = 35670 . . . Used time: 0s Expected left time: 0s          
 Save to RootFile /extdisk/zlin/Machine_learning/RecoPlanesFeatures/CMS_herwig_HT1000to1500-preVFP_jinitpt450_600_j2pt80_120Reco/Chunk72_Part5.root . . . Used time: 0s Expected left time: 0s          
 Save to RootFile /extdisk/zlin/Machine_learning/RecoPlanesFeatures/CMS_herwig_HT1000to1500-preVFP_jinitpt450_600_j2pt80_120Reco/Chunk72_Part5.root . . . Used time: 0s Expected left time: 0s          
 Save to RootFile /extdisk/zlin/Machine_learning/RecoPlanesFeatures/CMS_herwig_HT1000to1500-preVFP_jinitpt450_600_j2pt80_120Reco/Chunk72_Part5.root . . . Used time: 0s Expected left time: 0s          
 Save to RootFile /extdisk/zlin/Machine_learning/RecoPlanesFeatures/CMS_herwig_HT1000to1500-preVFP_jinitpt450_600_j2pt80_120Reco/Chunk72_Part5.root . . . Used time: 0s Expected left time: 0s          
 Analyzing entries 25896 - 25931, now 25896 , sum entries = 35670 . . . Used time: 0s Expected left time: 0s          
 Analyzing entries 25896 - 25931, now 25897 , sum entries = 35670 . . . Used time: 0s Expected left time: 0s          
 Analyzing entries 25896 - 25931, now 25898 , sum entries = 35670 . . . Used time: 0s Expected left time: 0s          
 Analyzing entries 25896 - 25931, now 25899 , sum entries = 35670 . . . Used time: 0s Expected left time: 0s          
 Analyzing entries 25896 - 25931, now 25900 , sum entries = 35670 . . . Used time: 0s Expected left time: 0s          
 Analyzing entries 25896 - 25931, now 25901 , sum entries = 35670 . . . Used time: 0s Expected left time: 0s          
 Analyzing entries 25896 - 25931, now 25902 , sum entries = 35670 . . . Used time: 0s Expected left time: 0s          
 Analyzing entries 25896 - 25931, now 25903 , sum entries = 35670 . . . Used time: 0s Expected left time: 0s          
 Analyzing entries 25896 - 25931, now 25904 , sum entries = 35670 . . . Used time: 0s Expected left time: 0s          
 Analyzing entries 25896 - 25931, now 25905 , sum entries = 35670 . . . Used time: 0s Expected left time: 0s          
 Analyzing entries 25896 - 25931, now 25906 , sum entries = 35670 . . . Used time: 0s Expected left time: 0s          
 Analyzing entries 25896 - 25931, now 25907 , sum entries = 35670 . . . Used time: 0s Expected left time: 0s          
 Analyzing entries 25896 - 25931, now 25908 , sum entries = 35670 . . . Used time: 0s Expected left time: 0s          
 Analyzing entries 25896 - 25931, now 25909 , sum entries = 35670 . . . Used time: 0s Expected left time: 0s          
 Analyzing entries 25896 - 25931, now 25910 , sum entries = 35670 . . . Used time: 0s Expected left time: 0s          
 Analyzing entries 25896 - 25931, now 25911 , sum entries = 35670 . . . Used time: 0s Expected left time: 0s          
 Analyzing entries 25896 - 25931, now 25912 , sum entries = 35670 . . . Used time: 0s Expected left time: 0s          
 Analyzing entries 25896 - 25931, now 25913 , sum entries = 35670 . . . Used time: 0s Expected left time: 0s          
 Analyzing entries 25896 - 25931, now 25914 , sum entries = 35670 . . . Used time: 0s Expected left time: 0s          
 Analyzing entries 25896 - 25931, now 25915 , sum entries = 35670 . . . Used time: 0s Expected left time: 0s          
 Analyzing entries 25896 - 25931, now 25916 , sum entries = 35670 . . . Used time: 0s Expected left time: 0s          
 Analyzing entries 25896 - 25931, now 25917 , sum entries = 35670 . . . Used time: 0s Expected left time: 0s          
 Analyzing entries 25896 - 25931, now 25918 , sum entries = 35670 . . . Used time: 0s Expected left time: 0s          
 Analyzing entries 25896 - 25931, now 25919 , sum entries = 35670 . . . Used time: 0s Expected left time: 0s          
 Analyzing entries 25896 - 25931, now 25920 , sum entries = 35670 . . . Used time: 0s Expected left time: 0s          
 Analyzing entries 25896 - 25931, now 25921 , sum entries = 35670 . . . Used time: 0s Expected left time: 0s          
 Analyzing entries 25896 - 25931, now 25922 , sum entries = 35670 . . . Used time: 0s Expected left time: 0s          
 Analyzing entries 25896 - 25931, now 25923 , sum entries = 35670 . . . Used time: 0s Expected left time: 0s          
 Analyzing entries 25896 - 25931, now 25924 , sum entries = 35670 . . . Used time: 0s Expected left time: 0s          
 Analyzing entries 25896 - 25931, now 25925 , sum entries = 35670 . . . Used time: 0s Expected left time: 0s          
 Analyzing entries 25896 - 25931, now 25926 , sum entries = 35670 . . . Used time: 0s Expected left time: 0s          
 Analyzing entries 25896 - 25931, now 25927 , sum entries = 35670 . . . Used time: 0s Expected left time: 0s          
 Analyzing entries 25896 - 25931, now 25928 , sum entries = 35670 . . . Used time: 0s Expected left time: 0s          
 Analyzing entries 25896 - 25931, now 25929 , sum entries = 35670 . . . Used time: 0s Expected left time: 0s          
 Analyzing entries 25896 - 25931, now 25930 , sum entries = 35670 . . . Used time: 0s Expected left time: 0s          
 Save to RootFile /extdisk/zlin/Machine_learning/RecoPlanesFeatures/CMS_herwig_HT1000to1500-preVFP_jinitpt450_600_j2pt80_120Reco/Chunk72_Part6.root . . . Used time: 0s Expected left time: 0s          
 Save to RootFile /extdisk/zlin/Machine_learning/RecoPlanesFeatures/CMS_herwig_HT1000to1500-preVFP_jinitpt450_600_j2pt80_120Reco/Chunk72_Part6.root . . . Used time: 0s Expected left time: 0s          
 Save to RootFile /extdisk/zlin/Machine_learning/RecoPlanesFeatures/CMS_herwig_HT1000to1500-preVFP_jinitpt450_600_j2pt80_120Reco/Chunk72_Part6.root . . . Used time: 0s Expected left time: 0s          
 Save to RootFile /extdisk/zlin/Machine_learning/RecoPlanesFeatures/CMS_herwig_HT1000to1500-preVFP_jinitpt450_600_j2pt80_120Reco/Chunk72_Part6.root . . . Used time: 0s Expected left time: 0s          
 Save to RootFile /extdisk/zlin/Machine_learning/RecoPlanesFeatures/CMS_herwig_HT1000to1500-preVFP_jinitpt450_600_j2pt80_120Reco/Chunk72_Part6.root . . . Used time: 0s Expected left time: 0s          
 Save to RootFile /extdisk/zlin/Machine_learning/RecoPlanesFeatures/CMS_herwig_HT1000to1500-preVFP_jinitpt450_600_j2pt80_120Reco/Chunk72_Part6.root . . . Used time: 0s Expected left time: 0s          
 Save to RootFile /extdisk/zlin/Machine_learning/RecoPlanesFeatures/CMS_herwig_HT1000to1500-preVFP_jinitpt450_600_j2pt80_120Reco/Chunk72_Part6.root . . . Used time: 0s Expected left time: 0s          
 Save to RootFile /extdisk/zlin/Machine_learning/RecoPlanesFeatures/CMS_herwig_HT1000to1500-preVFP_jinitpt450_600_j2pt80_120Reco/Chunk72_Part6.root . . . Used time: 0s Expected left time: 0s          
 Analyzing entries 25932 - 25967, now 25932 , sum entries = 35670 . . . Used time: 0s Expected left time: 0s          
 Analyzing entries 25932 - 25967, now 25933 , sum entries = 35670 . . . Used time: 0s Expected left time: 0s          
 Analyzing entries 25932 - 25967, now 25934 , sum entries = 35670 . . . Used time: 0s Expected left time: 0s          
 Analyzing entries 25932 - 25967, now 25935 , sum entries = 35670 . . . Used time: 0s Expected left time: 0s          
 Analyzing entries 25932 - 25967, now 25936 , sum entries = 35670 . . . Used time: 0s Expected left time: 0s          
 Analyzing entries 25932 - 25967, now 25937 , sum entries = 35670 . . . Used time: 0s Expected left time: 0s          
 Analyzing entries 25932 - 25967, now 25938 , sum entries = 35670 . . . Used time: 0s Expected left time: 0s          
 Analyzing entries 25932 - 25967, now 25939 , sum entries = 35670 . . . Used time: 0s Expected left time: 0s          
 Analyzing entries 25932 - 25967, now 25940 , sum entries = 35670 . . . Used time: 0s Expected left time: 0s          
 Analyzing entries 25932 - 25967, now 25941 , sum entries = 35670 . . . Used time: 0s Expected left time: 0s          
 Analyzing entries 25932 - 25967, now 25942 , sum entries = 35670 . . . Used time: 0s Expected left time: 0s          
 Analyzing entries 25932 - 25967, now 25943 , sum entries = 35670 . . . Used time: 0s Expected left time: 0s          
 Analyzing entries 25932 - 25967, now 25944 , sum entries = 35670 . . . Used time: 0s Expected left time: 0s          
 Analyzing entries 25932 - 25967, now 25945 , sum entries = 35670 . . . Used time: 0s Expected left time: 0s          
 Analyzing entries 25932 - 25967, now 25946 , sum entries = 35670 . . . Used time: 0s Expected left time: 0s          
 Analyzing entries 25932 - 25967, now 25947 , sum entries = 35670 . . . Used time: 0s Expected left time: 0s          
 Analyzing entries 25932 - 25967, now 25948 , sum entries = 35670 . . . Used time: 0s Expected left time: 0s          
 Analyzing entries 25932 - 25967, now 25949 , sum entries = 35670 . . . Used time: 0s Expected left time: 0s          
 Analyzing entries 25932 - 25967, now 25950 , sum entries = 35670 . . . Used time: 0s Expected left time: 0s          
 Analyzing entries 25932 - 25967, now 25951 , sum entries = 35670 . . . Used time: 0s Expected left time: 0s          
 Analyzing entries 25932 - 25967, now 25952 , sum entries = 35670 . . . Used time: 0s Expected left time: 0s          
 Analyzing entries 25932 - 25967, now 25953 , sum entries = 35670 . . . Used time: 0s Expected left time: 0s          
 Analyzing entries 25932 - 25967, now 25954 , sum entries = 35670 . . . Used time: 0s Expected left time: 0s          
 Analyzing entries 25932 - 25967, now 25955 , sum entries = 35670 . . . Used time: 0s Expected left time: 0s          
 Analyzing entries 25932 - 25967, now 25956 , sum entries = 35670 . . . Used time: 0s Expected left time: 0s          
 Analyzing entries 25932 - 25967, now 25957 , sum entries = 35670 . . . Used time: 0s Expected left time: 0s          
 Analyzing entries 25932 - 25967, now 25958 , sum entries = 35670 . . . Used time: 0s Expected left time: 0s          
 Analyzing entries 25932 - 25967, now 25959 , sum entries = 35670 . . . Used time: 0s Expected left time: 0s          
 Analyzing entries 25932 - 25967, now 25960 , sum entries = 35670 . . . Used time: 0s Expected left time: 0s          
 Analyzing entries 25932 - 25967, now 25961 , sum entries = 35670 . . . Used time: 0s Expected left time: 0s          
 Analyzing entries 25932 - 25967, now 25962 , sum entries = 35670 . . . Used time: 0s Expected left time: 0s          
 Analyzing entries 25932 - 25967, now 25963 , sum entries = 35670 . . . Used time: 0s Expected left time: 0s          
 Analyzing entries 25932 - 25967, now 25964 , sum entries = 35670 . . . Used time: 0s Expected left time: 0s          
 Analyzing entries 25932 - 25967, now 25965 , sum entries = 35670 . . . Used time: 0s Expected left time: 0s          
 Analyzing entries 25932 - 25967, now 25966 , sum entries = 35670 . . . Used time: 0s Expected left time: 0s          
 Save to RootFile /extdisk/zlin/Machine_learning/RecoPlanesFeatures/CMS_herwig_HT1000to1500-preVFP_jinitpt450_600_j2pt80_120Reco/Chunk72_Part7.root . . . Used time: 0s Expected left time: 0s          
 Save to RootFile /extdisk/zlin/Machine_learning/RecoPlanesFeatures/CMS_herwig_HT1000to1500-preVFP_jinitpt450_600_j2pt80_120Reco/Chunk72_Part7.root . . . Used time: 0s Expected left time: 0s          
 Analyzing entries 25967 - 26002, now 25967 , sum entries = 35670 . . . Used time: 0s Expected left time: 0s          
 Analyzing entries 25967 - 26002, now 25968 , sum entries = 35670 . . . Used time: 0s Expected left time: 0s          
 Analyzing entries 25967 - 26002, now 25969 , sum entries = 35670 . . . Used time: 0s Expected left time: 0s          
 Analyzing entries 25967 - 26002, now 25970 , sum entries = 35670 . . . Used time: 0s Expected left time: 0s          
 Analyzing entries 25967 - 26002, now 25971 , sum entries = 35670 . . . Used time: 0s Expected left time: 0s          
 Analyzing entries 25967 - 26002, now 25972 , sum entries = 35670 . . . Used time: 0s Expected left time: 0s          
 Analyzing entries 25967 - 26002, now 25973 , sum entries = 35670 . . . Used time: 0s Expected left time: 0s          
 Analyzing entries 25967 - 26002, now 25974 , sum entries = 35670 . . . Used time: 0s Expected left time: 0s          
 Analyzing entries 25967 - 26002, now 25975 , sum entries = 35670 . . . Used time: 0s Expected left time: 0s          
 Analyzing entries 25967 - 26002, now 25976 , sum entries = 35670 . . . Used time: 0s Expected left time: 0s          
 Analyzing entries 25967 - 26002, now 25977 , sum entries = 35670 . . . Used time: 0s Expected left time: 0s          
 Analyzing entries 25967 - 26002, now 25978 , sum entries = 35670 . . . Used time: 0s Expected left time: 0s          
 Analyzing entries 25967 - 26002, now 25979 , sum entries = 35670 . . . Used time: 0s Expected left time: 0s          
 Analyzing entries 25967 - 26002, now 25980 , sum entries = 35670 . . . Used time: 0s Expected left time: 0s          
 Analyzing entries 25967 - 26002, now 25981 , sum entries = 35670 . . . Used time: 0s Expected left time: 0s          
 Analyzing entries 25967 - 26002, now 25982 , sum entries = 35670 . . . Used time: 0s Expected left time: 0s          
 Analyzing entries 25967 - 26002, now 25983 , sum entries = 35670 . . . Used time: 0s Expected left time: 0s          
 Analyzing entries 25967 - 26002, now 25984 , sum entries = 35670 . . . Used time: 0s Expected left time: 0s          
 Analyzing entries 25967 - 26002, now 25985 , sum entries = 35670 . . . Used time: 0s Expected left time: 0s          
 Analyzing entries 25967 - 26002, now 25986 , sum entries = 35670 . . . Used time: 0s Expected left time: 0s          
 Analyzing entries 25967 - 26002, now 25987 , sum entries = 35670 . . . Used time: 0s Expected left time: 0s          
 Analyzing entries 25967 - 26002, now 25988 , sum entries = 35670 . . . Used time: 0s Expected left time: 0s          
 Analyzing entries 25967 - 26002, now 25989 , sum entries = 35670 . . . Used time: 0s Expected left time: 0s          
 Analyzing entries 25967 - 26002, now 25990 , sum entries = 35670 . . . Used time: 0s Expected left time: 0s          
 Analyzing entries 25967 - 26002, now 25991 , sum entries = 35670 . . . Used time: 0s Expected left time: 0s          
 Analyzing entries 25967 - 26002, now 25992 , sum entries = 35670 . . . Used time: 0s Expected left time: 0s          
 Analyzing entries 25967 - 26002, now 25993 , sum entries = 35670 . . . Used time: 0s Expected left time: 0s          
 Analyzing entries 25967 - 26002, now 25994 , sum entries = 35670 . . . Used time: 0s Expected left time: 0s          
 Analyzing entries 25967 - 26002, now 25995 , sum entries = 35670 . . . Used time: 0s Expected left time: 0s          
 Analyzing entries 25967 - 26002, now 25996 , sum entries = 35670 . . . Used time: 0s Expected left time: 0s          
 Analyzing entries 25967 - 26002, now 25997 , sum entries = 35670 . . . Used time: 0s Expected left time: 0s          
 Analyzing entries 25967 - 26002, now 25998 , sum entries = 35670 . . . Used time: 0s Expected left time: 0s          
 Analyzing entries 25967 - 26002, now 25999 , sum entries = 35670 . . . Used time: 0s Expected left time: 0s          
 Analyzing entries 25967 - 26002, now 26000 , sum entries = 35670 . . . Used time: 0s Expected left time: 0s          
 Analyzing entries 25967 - 26002, now 26001 , sum entries = 35670 . . . Used time: 0s Expected left time: 0s          
 Save to RootFile /extdisk/zlin/Machine_learning/RecoPlanesFeatures/CMS_herwig_HT1000to1500-preVFP_jinitpt450_600_j2pt80_120Reco/Chunk72_Part8.root . . . Used time: 0s Expected left time: 0s          
 Save to RootFile /extdisk/zlin/Machine_learning/RecoPlanesFeatures/CMS_herwig_HT1000to1500-preVFP_jinitpt450_600_j2pt80_120Reco/Chunk72_Part8.root . . . Used time: 0s Expected left time: 0s          
 Save to RootFile /extdisk/zlin/Machine_learning/RecoPlanesFeatures/CMS_herwig_HT1000to1500-preVFP_jinitpt450_600_j2pt80_120Reco/Chunk72_Part8.root . . . Used time: 0s Expected left time: 0s          
 Save to RootFile /extdisk/zlin/Machine_learning/RecoPlanesFeatures/CMS_herwig_HT1000to1500-preVFP_jinitpt450_600_j2pt80_120Reco/Chunk72_Part8.root . . . Used time: 0s Expected left time: 0s          
 Save to RootFile /extdisk/zlin/Machine_learning/RecoPlanesFeatures/CMS_herwig_HT1000to1500-preVFP_jinitpt450_600_j2pt80_120Reco/Chunk72_Part8.root . . . Used time: 0s Expected left time: 0s          
 Analyzing entries 26003 - 26038, now 26003 , sum entries = 35670 . . . Used time: 0s Expected left time: 0s          
 Analyzing entries 26003 - 26038, now 26004 , sum entries = 35670 . . . Used time: 0s Expected left time: 0s          
 Analyzing entries 26003 - 26038, now 26005 , sum entries = 35670 . . . Used time: 0s Expected left time: 0s          
 Analyzing entries 26003 - 26038, now 26006 , sum entries = 35670 . . . Used time: 0s Expected left time: 0s          
 Analyzing entries 26003 - 26038, now 26007 , sum entries = 35670 . . . Used time: 0s Expected left time: 0s          
 Analyzing entries 26003 - 26038, now 26008 , sum entries = 35670 . . . Used time: 0s Expected left time: 0s          
 Analyzing entries 26003 - 26038, now 26009 , sum entries = 35670 . . . Used time: 0s Expected left time: 0s          
 Analyzing entries 26003 - 26038, now 26010 , sum entries = 35670 . . . Used time: 0s Expected left time: 0s          
 Analyzing entries 26003 - 26038, now 26011 , sum entries = 35670 . . . Used time: 0s Expected left time: 0s          
 Analyzing entries 26003 - 26038, now 26012 , sum entries = 35670 . . . Used time: 0s Expected left time: 0s          
 Analyzing entries 26003 - 26038, now 26013 , sum entries = 35670 . . . Used time: 0s Expected left time: 0s          
 Analyzing entries 26003 - 26038, now 26014 , sum entries = 35670 . . . Used time: 0s Expected left time: 0s          
 Analyzing entries 26003 - 26038, now 26015 , sum entries = 35670 . . . Used time: 0s Expected left time: 0s          
 Analyzing entries 26003 - 26038, now 26016 , sum entries = 35670 . . . Used time: 0s Expected left time: 0s          
 Analyzing entries 26003 - 26038, now 26017 , sum entries = 35670 . . . Used time: 0s Expected left time: 0s          
 Analyzing entries 26003 - 26038, now 26018 , sum entries = 35670 . . . Used time: 0s Expected left time: 0s          
 Analyzing entries 26003 - 26038, now 26019 , sum entries = 35670 . . . Used time: 0s Expected left time: 0s          
 Analyzing entries 26003 - 26038, now 26020 , sum entries = 35670 . . . Used time: 0s Expected left time: 0s          
 Analyzing entries 26003 - 26038, now 26021 , sum entries = 35670 . . . Used time: 0s Expected left time: 0s          
 Analyzing entries 26003 - 26038, now 26022 , sum entries = 35670 . . . Used time: 0s Expected left time: 0s          
 Analyzing entries 26003 - 26038, now 26023 , sum entries = 35670 . . . Used time: 0s Expected left time: 0s          
 Analyzing entries 26003 - 26038, now 26024 , sum entries = 35670 . . . Used time: 0s Expected left time: 0s          
 Analyzing entries 26003 - 26038, now 26025 , sum entries = 35670 . . . Used time: 0s Expected left time: 0s          
 Analyzing entries 26003 - 26038, now 26026 , sum entries = 35670 . . . Used time: 0s Expected left time: 0s          
 Analyzing entries 26003 - 26038, now 26027 , sum entries = 35670 . . . Used time: 0s Expected left time: 0s          
 Analyzing entries 26003 - 26038, now 26028 , sum entries = 35670 . . . Used time: 0s Expected left time: 0s          
 Analyzing entries 26003 - 26038, now 26029 , sum entries = 35670 . . . Used time: 0s Expected left time: 0s          
 Analyzing entries 26003 - 26038, now 26030 , sum entries = 35670 . . . Used time: 0s Expected left time: 0s          
 Analyzing entries 26003 - 26038, now 26031 , sum entries = 35670 . . . Used time: 0s Expected left time: 0s          
 Analyzing entries 26003 - 26038, now 26032 , sum entries = 35670 . . . Used time: 0s Expected left time: 0s          
 Analyzing entries 26003 - 26038, now 26033 , sum entries = 35670 . . . Used time: 0s Expected left time: 0s          
 Analyzing entries 26003 - 26038, now 26034 , sum entries = 35670 . . . Used time: 0s Expected left time: 0s          
 Analyzing entries 26003 - 26038, now 26035 , sum entries = 35670 . . . Used time: 0s Expected left time: 0s          
 Analyzing entries 26003 - 26038, now 26036 , sum entries = 35670 . . . Used time: 0s Expected left time: 0s          
 Analyzing entries 26003 - 26038, now 26037 , sum entries = 35670 . . . Used time: 0s Expected left time: 0s          
 Save to RootFile /extdisk/zlin/Machine_learning/RecoPlanesFeatures/CMS_herwig_HT1000to1500-preVFP_jinitpt450_600_j2pt80_120Reco/Chunk72_Part9.root . . . Used time: 0s Expected left time: 0s          
 Save to RootFile /extdisk/zlin/Machine_learning/RecoPlanesFeatures/CMS_herwig_HT1000to1500-preVFP_jinitpt450_600_j2pt80_120Reco/Chunk72_Part9.root . . . Used time: 0s Expected left time: 0s          
 Save to RootFile /extdisk/zlin/Machine_learning/RecoPlanesFeatures/CMS_herwig_HT1000to1500-preVFP_jinitpt450_600_j2pt80_120Reco/Chunk72_Part9.root . . . Used time: 0s Expected left time: 0s          
