Warning in <TFile::Init>: file /extdisk/zlin/Machine_learning/RecoPlanes/CMS_herwig_HT1000to1500-preVFP/Chunk19_Part0.root probably not closed, trying to recover
Warning in <TFile::Init>: no keys recovered, file has been made a Zombie
Warning in <TFile::Init>: file /extdisk/zlin/Machine_learning/RecoPlanes/CMS_herwig_HT1000to1500-preVFP/Chunk39_Part0.root probably not closed, trying to recover
Warning in <TFile::Init>: no keys recovered, file has been made a Zombie
Warning in <TFile::Init>: file /extdisk/zlin/Machine_learning/RecoPlanes/CMS_herwig_HT1000to1500-preVFP/Chunk41_Part0.root probably not closed, trying to recover
Warning in <TFile::Init>: no keys recovered, file has been made a Zombie
 Analyzing entries 31554 - 31594, now 31554 , sum entries = 40455 . . . Used time: 0s Expected left time: 0s          
 Analyzing entries 31554 - 31594, now 31555 , sum entries = 40455 . . . Used time: 0s Expected left time: 0s          
 Analyzing entries 31554 - 31594, now 31556 , sum entries = 40455 . . . Used time: 0s Expected left time: 0s          
 Analyzing entries 31554 - 31594, now 31557 , sum entries = 40455 . . . Used time: 0s Expected left time: 0s          
 Analyzing entries 31554 - 31594, now 31558 , sum entries = 40455 . . . Used time: 0s Expected left time: 0s          
 Analyzing entries 31554 - 31594, now 31559 , sum entries = 40455 . . . Used time: 0s Expected left time: 0s          
 Analyzing entries 31554 - 31594, now 31560 , sum entries = 40455 . . . Used time: 0s Expected left time: 0s          
 Analyzing entries 31554 - 31594, now 31561 , sum entries = 40455 . . . Used time: 0s Expected left time: 0s          
 Analyzing entries 31554 - 31594, now 31562 , sum entries = 40455 . . . Used time: 0s Expected left time: 0s          
 Analyzing entries 31554 - 31594, now 31563 , sum entries = 40455 . . . Used time: 0s Expected left time: 0s          
 Analyzing entries 31554 - 31594, now 31564 , sum entries = 40455 . . . Used time: 0s Expected left time: 0s          
 Analyzing entries 31554 - 31594, now 31565 , sum entries = 40455 . . . Used time: 0s Expected left time: 0s          
 Analyzing entries 31554 - 31594, now 31566 , sum entries = 40455 . . . Used time: 0s Expected left time: 0s          
 Analyzing entries 31554 - 31594, now 31567 , sum entries = 40455 . . . Used time: 0s Expected left time: 0s          
 Analyzing entries 31554 - 31594, now 31568 , sum entries = 40455 . . . Used time: 0s Expected left time: 0s          
 Analyzing entries 31554 - 31594, now 31569 , sum entries = 40455 . . . Used time: 0s Expected left time: 0s          
 Analyzing entries 31554 - 31594, now 31570 , sum entries = 40455 . . . Used time: 0s Expected left time: 0s          
 Analyzing entries 31554 - 31594, now 31571 , sum entries = 40455 . . . Used time: 0s Expected left time: 0s          
 Analyzing entries 31554 - 31594, now 31572 , sum entries = 40455 . . . Used time: 0s Expected left time: 0s          
 Analyzing entries 31554 - 31594, now 31573 , sum entries = 40455 . . . Used time: 0s Expected left time: 0s          
 Analyzing entries 31554 - 31594, now 31574 , sum entries = 40455 . . . Used time: 0s Expected left time: 0s          
 Analyzing entries 31554 - 31594, now 31575 , sum entries = 40455 . . . Used time: 0s Expected left time: 0s          
 Analyzing entries 31554 - 31594, now 31576 , sum entries = 40455 . . . Used time: 0s Expected left time: 0s          
 Analyzing entries 31554 - 31594, now 31577 , sum entries = 40455 . . . Used time: 0s Expected left time: 0s          
 Analyzing entries 31554 - 31594, now 31578 , sum entries = 40455 . . . Used time: 0s Expected left time: 0s          
 Analyzing entries 31554 - 31594, now 31579 , sum entries = 40455 . . . Used time: 0s Expected left time: 0s          
 Analyzing entries 31554 - 31594, now 31580 , sum entries = 40455 . . . Used time: 0s Expected left time: 0s          
 Analyzing entries 31554 - 31594, now 31581 , sum entries = 40455 . . . Used time: 0s Expected left time: 0s          
 Analyzing entries 31554 - 31594, now 31582 , sum entries = 40455 . . . Used time: 0s Expected left time: 0s          
 Analyzing entries 31554 - 31594, now 31583 , sum entries = 40455 . . . Used time: 0s Expected left time: 0s          
 Analyzing entries 31554 - 31594, now 31584 , sum entries = 40455 . . . Used time: 0s Expected left time: 0s          
 Analyzing entries 31554 - 31594, now 31585 , sum entries = 40455 . . . Used time: 0s Expected left time: 0s          
 Analyzing entries 31554 - 31594, now 31586 , sum entries = 40455 . . . Used time: 0s Expected left time: 0s          
 Analyzing entries 31554 - 31594, now 31587 , sum entries = 40455 . . . Used time: 0s Expected left time: 0s          
 Analyzing entries 31554 - 31594, now 31588 , sum entries = 40455 . . . Used time: 0s Expected left time: 0s          
 Analyzing entries 31554 - 31594, now 31589 , sum entries = 40455 . . . Used time: 0s Expected left time: 0s          
 Analyzing entries 31554 - 31594, now 31590 , sum entries = 40455 . . . Used time: 0s Expected left time: 0s          
 Analyzing entries 31554 - 31594, now 31591 , sum entries = 40455 . . . Used time: 0s Expected left time: 0s          
 Analyzing entries 31554 - 31594, now 31592 , sum entries = 40455 . . . Used time: 0s Expected left time: 0s          
 Analyzing entries 31554 - 31594, now 31593 , sum entries = 40455 . . . Used time: 0s Expected left time: 0s          
 Save to RootFile /extdisk/zlin/Machine_learning/RecoPlanesFeatures/CMS_herwig_HT1000to1500-preVFP_jinitpt450_600_j2pt80_120Reco/Chunk78_Part0.root . . . Used time: 0s Expected left time: 0s          
 Save to RootFile /extdisk/zlin/Machine_learning/RecoPlanesFeatures/CMS_herwig_HT1000to1500-preVFP_jinitpt450_600_j2pt80_120Reco/Chunk78_Part0.root . . . Used time: 0s Expected left time: 0s          
 Save to RootFile /extdisk/zlin/Machine_learning/RecoPlanesFeatures/CMS_herwig_HT1000to1500-preVFP_jinitpt450_600_j2pt80_120Reco/Chunk78_Part0.root . . . Used time: 0s Expected left time: 0s          
 Analyzing entries 31595 - 31635, now 31595 , sum entries = 40455 . . . Used time: 0s Expected left time: 0s          
 Analyzing entries 31595 - 31635, now 31596 , sum entries = 40455 . . . Used time: 0s Expected left time: 0s          
 Analyzing entries 31595 - 31635, now 31597 , sum entries = 40455 . . . Used time: 0s Expected left time: 0s          
 Analyzing entries 31595 - 31635, now 31598 , sum entries = 40455 . . . Used time: 0s Expected left time: 0s          
 Analyzing entries 31595 - 31635, now 31599 , sum entries = 40455 . . . Used time: 0s Expected left time: 0s          
 Analyzing entries 31595 - 31635, now 31600 , sum entries = 40455 . . . Used time: 0s Expected left time: 0s          
 Analyzing entries 31595 - 31635, now 31601 , sum entries = 40455 . . . Used time: 0s Expected left time: 0s          
 Analyzing entries 31595 - 31635, now 31602 , sum entries = 40455 . . . Used time: 0s Expected left time: 0s          
 Analyzing entries 31595 - 31635, now 31603 , sum entries = 40455 . . . Used time: 0s Expected left time: 0s          
 Analyzing entries 31595 - 31635, now 31604 , sum entries = 40455 . . . Used time: 0s Expected left time: 0s          
 Analyzing entries 31595 - 31635, now 31605 , sum entries = 40455 . . . Used time: 0s Expected left time: 0s          
 Analyzing entries 31595 - 31635, now 31606 , sum entries = 40455 . . . Used time: 0s Expected left time: 0s          
 Analyzing entries 31595 - 31635, now 31607 , sum entries = 40455 . . . Used time: 0s Expected left time: 0s          
 Analyzing entries 31595 - 31635, now 31608 , sum entries = 40455 . . . Used time: 0s Expected left time: 0s          
 Analyzing entries 31595 - 31635, now 31609 , sum entries = 40455 . . . Used time: 0s Expected left time: 0s          
 Analyzing entries 31595 - 31635, now 31610 , sum entries = 40455 . . . Used time: 0s Expected left time: 0s          
 Analyzing entries 31595 - 31635, now 31611 , sum entries = 40455 . . . Used time: 0s Expected left time: 0s          
 Analyzing entries 31595 - 31635, now 31612 , sum entries = 40455 . . . Used time: 0s Expected left time: 0s          
 Analyzing entries 31595 - 31635, now 31613 , sum entries = 40455 . . . Used time: 0s Expected left time: 0s          
 Analyzing entries 31595 - 31635, now 31614 , sum entries = 40455 . . . Used time: 0s Expected left time: 0s          
 Analyzing entries 31595 - 31635, now 31615 , sum entries = 40455 . . . Used time: 0s Expected left time: 0s          
 Analyzing entries 31595 - 31635, now 31616 , sum entries = 40455 . . . Used time: 0s Expected left time: 0s          
 Analyzing entries 31595 - 31635, now 31617 , sum entries = 40455 . . . Used time: 0s Expected left time: 0s          
 Analyzing entries 31595 - 31635, now 31618 , sum entries = 40455 . . . Used time: 0s Expected left time: 0s          
 Analyzing entries 31595 - 31635, now 31619 , sum entries = 40455 . . . Used time: 0s Expected left time: 0s          
 Analyzing entries 31595 - 31635, now 31620 , sum entries = 40455 . . . Used time: 0s Expected left time: 0s          
 Analyzing entries 31595 - 31635, now 31621 , sum entries = 40455 . . . Used time: 0s Expected left time: 0s          
 Analyzing entries 31595 - 31635, now 31622 , sum entries = 40455 . . . Used time: 0s Expected left time: 0s          
 Analyzing entries 31595 - 31635, now 31623 , sum entries = 40455 . . . Used time: 0s Expected left time: 0s          
 Analyzing entries 31595 - 31635, now 31624 , sum entries = 40455 . . . Used time: 0s Expected left time: 0s          
 Analyzing entries 31595 - 31635, now 31625 , sum entries = 40455 . . . Used time: 0s Expected left time: 0s          
 Analyzing entries 31595 - 31635, now 31626 , sum entries = 40455 . . . Used time: 0s Expected left time: 0s          
 Analyzing entries 31595 - 31635, now 31627 , sum entries = 40455 . . . Used time: 0s Expected left time: 0s          
 Analyzing entries 31595 - 31635, now 31628 , sum entries = 40455 . . . Used time: 0s Expected left time: 0s          
 Analyzing entries 31595 - 31635, now 31629 , sum entries = 40455 . . . Used time: 0s Expected left time: 0s          
 Analyzing entries 31595 - 31635, now 31630 , sum entries = 40455 . . . Used time: 0s Expected left time: 0s          
 Analyzing entries 31595 - 31635, now 31631 , sum entries = 40455 . . . Used time: 0s Expected left time: 0s          
 Analyzing entries 31595 - 31635, now 31632 , sum entries = 40455 . . . Used time: 0s Expected left time: 0s          
 Analyzing entries 31595 - 31635, now 31633 , sum entries = 40455 . . . Used time: 0s Expected left time: 0s          
 Analyzing entries 31595 - 31635, now 31634 , sum entries = 40455 . . . Used time: 0s Expected left time: 0s          
 Save to RootFile /extdisk/zlin/Machine_learning/RecoPlanesFeatures/CMS_herwig_HT1000to1500-preVFP_jinitpt450_600_j2pt80_120Reco/Chunk78_Part1.root . . . Used time: 0s Expected left time: 0s          
 Save to RootFile /extdisk/zlin/Machine_learning/RecoPlanesFeatures/CMS_herwig_HT1000to1500-preVFP_jinitpt450_600_j2pt80_120Reco/Chunk78_Part1.root . . . Used time: 0s Expected left time: 0s          
 Save to RootFile /extdisk/zlin/Machine_learning/RecoPlanesFeatures/CMS_herwig_HT1000to1500-preVFP_jinitpt450_600_j2pt80_120Reco/Chunk78_Part1.root . . . Used time: 0s Expected left time: 0s          
 Save to RootFile /extdisk/zlin/Machine_learning/RecoPlanesFeatures/CMS_herwig_HT1000to1500-preVFP_jinitpt450_600_j2pt80_120Reco/Chunk78_Part1.root . . . Used time: 0s Expected left time: 0s          
 Save to RootFile /extdisk/zlin/Machine_learning/RecoPlanesFeatures/CMS_herwig_HT1000to1500-preVFP_jinitpt450_600_j2pt80_120Reco/Chunk78_Part1.root . . . Used time: 0s Expected left time: 0s          
 Save to RootFile /extdisk/zlin/Machine_learning/RecoPlanesFeatures/CMS_herwig_HT1000to1500-preVFP_jinitpt450_600_j2pt80_120Reco/Chunk78_Part1.root . . . Used time: 0s Expected left time: 0s          
 Save to RootFile /extdisk/zlin/Machine_learning/RecoPlanesFeatures/CMS_herwig_HT1000to1500-preVFP_jinitpt450_600_j2pt80_120Reco/Chunk78_Part1.root . . . Used time: 0s Expected left time: 0s          
 Analyzing entries 31635 - 31675, now 31635 , sum entries = 40455 . . . Used time: 0s Expected left time: 0s          
 Analyzing entries 31635 - 31675, now 31636 , sum entries = 40455 . . . Used time: 0s Expected left time: 0s          
 Analyzing entries 31635 - 31675, now 31637 , sum entries = 40455 . . . Used time: 0s Expected left time: 0s          
 Analyzing entries 31635 - 31675, now 31638 , sum entries = 40455 . . . Used time: 0s Expected left time: 0s          
 Analyzing entries 31635 - 31675, now 31639 , sum entries = 40455 . . . Used time: 0s Expected left time: 0s          
 Analyzing entries 31635 - 31675, now 31640 , sum entries = 40455 . . . Used time: 0s Expected left time: 0s          
 Analyzing entries 31635 - 31675, now 31641 , sum entries = 40455 . . . Used time: 0s Expected left time: 0s          
 Analyzing entries 31635 - 31675, now 31642 , sum entries = 40455 . . . Used time: 0s Expected left time: 0s          
 Analyzing entries 31635 - 31675, now 31643 , sum entries = 40455 . . . Used time: 0s Expected left time: 0s          
 Analyzing entries 31635 - 31675, now 31644 , sum entries = 40455 . . . Used time: 0s Expected left time: 0s          
 Analyzing entries 31635 - 31675, now 31645 , sum entries = 40455 . . . Used time: 0s Expected left time: 0s          
 Analyzing entries 31635 - 31675, now 31646 , sum entries = 40455 . . . Used time: 0s Expected left time: 0s          
 Analyzing entries 31635 - 31675, now 31647 , sum entries = 40455 . . . Used time: 0s Expected left time: 0s          
 Analyzing entries 31635 - 31675, now 31648 , sum entries = 40455 . . . Used time: 0s Expected left time: 0s          
 Analyzing entries 31635 - 31675, now 31649 , sum entries = 40455 . . . Used time: 0s Expected left time: 0s          
 Analyzing entries 31635 - 31675, now 31650 , sum entries = 40455 . . . Used time: 0s Expected left time: 0s          
 Analyzing entries 31635 - 31675, now 31651 , sum entries = 40455 . . . Used time: 0s Expected left time: 0s          
 Analyzing entries 31635 - 31675, now 31652 , sum entries = 40455 . . . Used time: 0s Expected left time: 0s          
 Analyzing entries 31635 - 31675, now 31653 , sum entries = 40455 . . . Used time: 0s Expected left time: 0s          
 Analyzing entries 31635 - 31675, now 31654 , sum entries = 40455 . . . Used time: 0s Expected left time: 0s          
 Analyzing entries 31635 - 31675, now 31655 , sum entries = 40455 . . . Used time: 0s Expected left time: 0s          
 Analyzing entries 31635 - 31675, now 31656 , sum entries = 40455 . . . Used time: 0s Expected left time: 0s          
 Analyzing entries 31635 - 31675, now 31657 , sum entries = 40455 . . . Used time: 0s Expected left time: 0s          
 Analyzing entries 31635 - 31675, now 31658 , sum entries = 40455 . . . Used time: 0s Expected left time: 0s          
 Analyzing entries 31635 - 31675, now 31659 , sum entries = 40455 . . . Used time: 0s Expected left time: 0s          
 Analyzing entries 31635 - 31675, now 31660 , sum entries = 40455 . . . Used time: 0s Expected left time: 0s          
 Analyzing entries 31635 - 31675, now 31661 , sum entries = 40455 . . . Used time: 0s Expected left time: 0s          
 Analyzing entries 31635 - 31675, now 31662 , sum entries = 40455 . . . Used time: 0s Expected left time: 0s          
 Analyzing entries 31635 - 31675, now 31663 , sum entries = 40455 . . . Used time: 0s Expected left time: 0s          
 Analyzing entries 31635 - 31675, now 31664 , sum entries = 40455 . . . Used time: 0s Expected left time: 0s          
 Analyzing entries 31635 - 31675, now 31665 , sum entries = 40455 . . . Used time: 0s Expected left time: 0s          
 Analyzing entries 31635 - 31675, now 31666 , sum entries = 40455 . . . Used time: 0s Expected left time: 0s          
 Analyzing entries 31635 - 31675, now 31667 , sum entries = 40455 . . . Used time: 0s Expected left time: 0s          
 Analyzing entries 31635 - 31675, now 31668 , sum entries = 40455 . . . Used time: 0s Expected left time: 0s          
 Analyzing entries 31635 - 31675, now 31669 , sum entries = 40455 . . . Used time: 0s Expected left time: 0s          
 Analyzing entries 31635 - 31675, now 31670 , sum entries = 40455 . . . Used time: 0s Expected left time: 0s          
 Analyzing entries 31635 - 31675, now 31671 , sum entries = 40455 . . . Used time: 0s Expected left time: 0s          
 Analyzing entries 31635 - 31675, now 31672 , sum entries = 40455 . . . Used time: 0s Expected left time: 0s          
 Analyzing entries 31635 - 31675, now 31673 , sum entries = 40455 . . . Used time: 0s Expected left time: 0s          
 Analyzing entries 31635 - 31675, now 31674 , sum entries = 40455 . . . Used time: 0s Expected left time: 0s          
 Save to RootFile /extdisk/zlin/Machine_learning/RecoPlanesFeatures/CMS_herwig_HT1000to1500-preVFP_jinitpt450_600_j2pt80_120Reco/Chunk78_Part2.root . . . Used time: 0s Expected left time: 0s          
 Save to RootFile /extdisk/zlin/Machine_learning/RecoPlanesFeatures/CMS_herwig_HT1000to1500-preVFP_jinitpt450_600_j2pt80_120Reco/Chunk78_Part2.root . . . Used time: 0s Expected left time: 0s          
 Save to RootFile /extdisk/zlin/Machine_learning/RecoPlanesFeatures/CMS_herwig_HT1000to1500-preVFP_jinitpt450_600_j2pt80_120Reco/Chunk78_Part2.root . . . Used time: 0s Expected left time: 0s          
 Save to RootFile /extdisk/zlin/Machine_learning/RecoPlanesFeatures/CMS_herwig_HT1000to1500-preVFP_jinitpt450_600_j2pt80_120Reco/Chunk78_Part2.root . . . Used time: 0s Expected left time: 0s          
 Save to RootFile /extdisk/zlin/Machine_learning/RecoPlanesFeatures/CMS_herwig_HT1000to1500-preVFP_jinitpt450_600_j2pt80_120Reco/Chunk78_Part2.root . . . Used time: 0s Expected left time: 0s          
 Analyzing entries 31676 - 31716, now 31676 , sum entries = 40455 . . . Used time: 0s Expected left time: 0s          
 Analyzing entries 31676 - 31716, now 31677 , sum entries = 40455 . . . Used time: 0s Expected left time: 0s          
 Analyzing entries 31676 - 31716, now 31678 , sum entries = 40455 . . . Used time: 0s Expected left time: 0s          
 Analyzing entries 31676 - 31716, now 31679 , sum entries = 40455 . . . Used time: 0s Expected left time: 0s          
 Analyzing entries 31676 - 31716, now 31680 , sum entries = 40455 . . . Used time: 0s Expected left time: 0s          
 Analyzing entries 31676 - 31716, now 31681 , sum entries = 40455 . . . Used time: 0s Expected left time: 0s          
 Analyzing entries 31676 - 31716, now 31682 , sum entries = 40455 . . . Used time: 0s Expected left time: 0s          
 Analyzing entries 31676 - 31716, now 31683 , sum entries = 40455 . . . Used time: 0s Expected left time: 0s          
 Analyzing entries 31676 - 31716, now 31684 , sum entries = 40455 . . . Used time: 0s Expected left time: 0s          
 Analyzing entries 31676 - 31716, now 31685 , sum entries = 40455 . . . Used time: 0s Expected left time: 0s          
 Analyzing entries 31676 - 31716, now 31686 , sum entries = 40455 . . . Used time: 0s Expected left time: 0s          
 Analyzing entries 31676 - 31716, now 31687 , sum entries = 40455 . . . Used time: 0s Expected left time: 0s          
 Analyzing entries 31676 - 31716, now 31688 , sum entries = 40455 . . . Used time: 0s Expected left time: 0s          
 Analyzing entries 31676 - 31716, now 31689 , sum entries = 40455 . . . Used time: 0s Expected left time: 0s          
 Analyzing entries 31676 - 31716, now 31690 , sum entries = 40455 . . . Used time: 0s Expected left time: 0s          
 Analyzing entries 31676 - 31716, now 31691 , sum entries = 40455 . . . Used time: 0s Expected left time: 0s          
 Analyzing entries 31676 - 31716, now 31692 , sum entries = 40455 . . . Used time: 0s Expected left time: 0s          
 Analyzing entries 31676 - 31716, now 31693 , sum entries = 40455 . . . Used time: 0s Expected left time: 0s          
 Analyzing entries 31676 - 31716, now 31694 , sum entries = 40455 . . . Used time: 0s Expected left time: 0s          
 Analyzing entries 31676 - 31716, now 31695 , sum entries = 40455 . . . Used time: 0s Expected left time: 0s          
 Analyzing entries 31676 - 31716, now 31696 , sum entries = 40455 . . . Used time: 0s Expected left time: 0s          
 Analyzing entries 31676 - 31716, now 31697 , sum entries = 40455 . . . Used time: 0s Expected left time: 0s          
 Analyzing entries 31676 - 31716, now 31698 , sum entries = 40455 . . . Used time: 0s Expected left time: 0s          
 Analyzing entries 31676 - 31716, now 31699 , sum entries = 40455 . . . Used time: 0s Expected left time: 0s          
 Analyzing entries 31676 - 31716, now 31700 , sum entries = 40455 . . . Used time: 0s Expected left time: 0s          
 Analyzing entries 31676 - 31716, now 31701 , sum entries = 40455 . . . Used time: 0s Expected left time: 0s          
 Analyzing entries 31676 - 31716, now 31702 , sum entries = 40455 . . . Used time: 0s Expected left time: 0s          
 Analyzing entries 31676 - 31716, now 31703 , sum entries = 40455 . . . Used time: 0s Expected left time: 0s          
 Analyzing entries 31676 - 31716, now 31704 , sum entries = 40455 . . . Used time: 0s Expected left time: 0s          
 Analyzing entries 31676 - 31716, now 31705 , sum entries = 40455 . . . Used time: 0s Expected left time: 0s          
 Analyzing entries 31676 - 31716, now 31706 , sum entries = 40455 . . . Used time: 0s Expected left time: 0s          
 Analyzing entries 31676 - 31716, now 31707 , sum entries = 40455 . . . Used time: 0s Expected left time: 0s          
 Analyzing entries 31676 - 31716, now 31708 , sum entries = 40455 . . . Used time: 0s Expected left time: 0s          
 Analyzing entries 31676 - 31716, now 31709 , sum entries = 40455 . . . Used time: 0s Expected left time: 0s          
 Analyzing entries 31676 - 31716, now 31710 , sum entries = 40455 . . . Used time: 0s Expected left time: 0s          
 Analyzing entries 31676 - 31716, now 31711 , sum entries = 40455 . . . Used time: 0s Expected left time: 0s          
 Analyzing entries 31676 - 31716, now 31712 , sum entries = 40455 . . . Used time: 0s Expected left time: 0s          
 Analyzing entries 31676 - 31716, now 31713 , sum entries = 40455 . . . Used time: 0s Expected left time: 0s          
 Analyzing entries 31676 - 31716, now 31714 , sum entries = 40455 . . . Used time: 0s Expected left time: 0s          
 Analyzing entries 31676 - 31716, now 31715 , sum entries = 40455 . . . Used time: 0s Expected left time: 0s          
 Save to RootFile /extdisk/zlin/Machine_learning/RecoPlanesFeatures/CMS_herwig_HT1000to1500-preVFP_jinitpt450_600_j2pt80_120Reco/Chunk78_Part3.root . . . Used time: 0s Expected left time: 0s          
 Save to RootFile /extdisk/zlin/Machine_learning/RecoPlanesFeatures/CMS_herwig_HT1000to1500-preVFP_jinitpt450_600_j2pt80_120Reco/Chunk78_Part3.root . . . Used time: 0s Expected left time: 0s          
 Save to RootFile /extdisk/zlin/Machine_learning/RecoPlanesFeatures/CMS_herwig_HT1000to1500-preVFP_jinitpt450_600_j2pt80_120Reco/Chunk78_Part3.root . . . Used time: 0s Expected left time: 0s          
 Save to RootFile /extdisk/zlin/Machine_learning/RecoPlanesFeatures/CMS_herwig_HT1000to1500-preVFP_jinitpt450_600_j2pt80_120Reco/Chunk78_Part3.root . . . Used time: 0s Expected left time: 0s          
 Save to RootFile /extdisk/zlin/Machine_learning/RecoPlanesFeatures/CMS_herwig_HT1000to1500-preVFP_jinitpt450_600_j2pt80_120Reco/Chunk78_Part3.root . . . Used time: 0s Expected left time: 0s          
 Save to RootFile /extdisk/zlin/Machine_learning/RecoPlanesFeatures/CMS_herwig_HT1000to1500-preVFP_jinitpt450_600_j2pt80_120Reco/Chunk78_Part3.root . . . Used time: 0s Expected left time: 0s          
 Analyzing entries 31716 - 31756, now 31716 , sum entries = 40455 . . . Used time: 0s Expected left time: 0s          
 Analyzing entries 31716 - 31756, now 31717 , sum entries = 40455 . . . Used time: 0s Expected left time: 0s          
 Analyzing entries 31716 - 31756, now 31718 , sum entries = 40455 . . . Used time: 0s Expected left time: 0s          
 Analyzing entries 31716 - 31756, now 31719 , sum entries = 40455 . . . Used time: 0s Expected left time: 0s          
 Analyzing entries 31716 - 31756, now 31720 , sum entries = 40455 . . . Used time: 0s Expected left time: 0s          
 Analyzing entries 31716 - 31756, now 31721 , sum entries = 40455 . . . Used time: 0s Expected left time: 0s          
 Analyzing entries 31716 - 31756, now 31722 , sum entries = 40455 . . . Used time: 0s Expected left time: 0s          
 Analyzing entries 31716 - 31756, now 31723 , sum entries = 40455 . . . Used time: 0s Expected left time: 0s          
 Analyzing entries 31716 - 31756, now 31724 , sum entries = 40455 . . . Used time: 0s Expected left time: 0s          
 Analyzing entries 31716 - 31756, now 31725 , sum entries = 40455 . . . Used time: 0s Expected left time: 0s          
 Analyzing entries 31716 - 31756, now 31726 , sum entries = 40455 . . . Used time: 0s Expected left time: 0s          
 Analyzing entries 31716 - 31756, now 31727 , sum entries = 40455 . . . Used time: 0s Expected left time: 0s          
 Analyzing entries 31716 - 31756, now 31728 , sum entries = 40455 . . . Used time: 0s Expected left time: 0s          
 Analyzing entries 31716 - 31756, now 31729 , sum entries = 40455 . . . Used time: 0s Expected left time: 0s          
 Analyzing entries 31716 - 31756, now 31730 , sum entries = 40455 . . . Used time: 0s Expected left time: 0s          
 Analyzing entries 31716 - 31756, now 31731 , sum entries = 40455 . . . Used time: 0s Expected left time: 0s          
 Analyzing entries 31716 - 31756, now 31732 , sum entries = 40455 . . . Used time: 0s Expected left time: 0s          
 Analyzing entries 31716 - 31756, now 31733 , sum entries = 40455 . . . Used time: 0s Expected left time: 0s          
 Analyzing entries 31716 - 31756, now 31734 , sum entries = 40455 . . . Used time: 0s Expected left time: 0s          
 Analyzing entries 31716 - 31756, now 31735 , sum entries = 40455 . . . Used time: 0s Expected left time: 0s          
 Analyzing entries 31716 - 31756, now 31736 , sum entries = 40455 . . . Used time: 0s Expected left time: 0s          
 Analyzing entries 31716 - 31756, now 31737 , sum entries = 40455 . . . Used time: 0s Expected left time: 0s          
 Analyzing entries 31716 - 31756, now 31738 , sum entries = 40455 . . . Used time: 0s Expected left time: 0s          
 Analyzing entries 31716 - 31756, now 31739 , sum entries = 40455 . . . Used time: 0s Expected left time: 0s          
 Analyzing entries 31716 - 31756, now 31740 , sum entries = 40455 . . . Used time: 0s Expected left time: 0s          
 Analyzing entries 31716 - 31756, now 31741 , sum entries = 40455 . . . Used time: 0s Expected left time: 0s          
 Analyzing entries 31716 - 31756, now 31742 , sum entries = 40455 . . . Used time: 0s Expected left time: 0s          
 Analyzing entries 31716 - 31756, now 31743 , sum entries = 40455 . . . Used time: 0s Expected left time: 0s          
 Analyzing entries 31716 - 31756, now 31744 , sum entries = 40455 . . . Used time: 0s Expected left time: 0s          
 Analyzing entries 31716 - 31756, now 31745 , sum entries = 40455 . . . Used time: 0s Expected left time: 0s          
 Analyzing entries 31716 - 31756, now 31746 , sum entries = 40455 . . . Used time: 0s Expected left time: 0s          
 Analyzing entries 31716 - 31756, now 31747 , sum entries = 40455 . . . Used time: 0s Expected left time: 0s          
 Analyzing entries 31716 - 31756, now 31748 , sum entries = 40455 . . . Used time: 0s Expected left time: 0s          
 Analyzing entries 31716 - 31756, now 31749 , sum entries = 40455 . . . Used time: 0s Expected left time: 0s          
 Analyzing entries 31716 - 31756, now 31750 , sum entries = 40455 . . . Used time: 0s Expected left time: 0s          
 Analyzing entries 31716 - 31756, now 31751 , sum entries = 40455 . . . Used time: 0s Expected left time: 0s          
 Analyzing entries 31716 - 31756, now 31752 , sum entries = 40455 . . . Used time: 0s Expected left time: 0s          
 Analyzing entries 31716 - 31756, now 31753 , sum entries = 40455 . . . Used time: 0s Expected left time: 0s          
 Analyzing entries 31716 - 31756, now 31754 , sum entries = 40455 . . . Used time: 0s Expected left time: 0s          
 Analyzing entries 31716 - 31756, now 31755 , sum entries = 40455 . . . Used time: 0s Expected left time: 0s          
 Save to RootFile /extdisk/zlin/Machine_learning/RecoPlanesFeatures/CMS_herwig_HT1000to1500-preVFP_jinitpt450_600_j2pt80_120Reco/Chunk78_Part4.root . . . Used time: 0s Expected left time: 0s          
 Save to RootFile /extdisk/zlin/Machine_learning/RecoPlanesFeatures/CMS_herwig_HT1000to1500-preVFP_jinitpt450_600_j2pt80_120Reco/Chunk78_Part4.root . . . Used time: 0s Expected left time: 0s          
 Save to RootFile /extdisk/zlin/Machine_learning/RecoPlanesFeatures/CMS_herwig_HT1000to1500-preVFP_jinitpt450_600_j2pt80_120Reco/Chunk78_Part4.root . . . Used time: 0s Expected left time: 0s          
 Save to RootFile /extdisk/zlin/Machine_learning/RecoPlanesFeatures/CMS_herwig_HT1000to1500-preVFP_jinitpt450_600_j2pt80_120Reco/Chunk78_Part4.root . . . Used time: 0s Expected left time: 0s          
 Save to RootFile /extdisk/zlin/Machine_learning/RecoPlanesFeatures/CMS_herwig_HT1000to1500-preVFP_jinitpt450_600_j2pt80_120Reco/Chunk78_Part4.root . . . Used time: 0s Expected left time: 0s          
 Save to RootFile /extdisk/zlin/Machine_learning/RecoPlanesFeatures/CMS_herwig_HT1000to1500-preVFP_jinitpt450_600_j2pt80_120Reco/Chunk78_Part4.root . . . Used time: 0s Expected left time: 0s          
 Save to RootFile /extdisk/zlin/Machine_learning/RecoPlanesFeatures/CMS_herwig_HT1000to1500-preVFP_jinitpt450_600_j2pt80_120Reco/Chunk78_Part4.root . . . Used time: 0s Expected left time: 0s          
 Analyzing entries 31757 - 31797, now 31757 , sum entries = 40455 . . . Used time: 0s Expected left time: 0s          
 Analyzing entries 31757 - 31797, now 31758 , sum entries = 40455 . . . Used time: 0s Expected left time: 0s          
 Analyzing entries 31757 - 31797, now 31759 , sum entries = 40455 . . . Used time: 0s Expected left time: 0s          
 Analyzing entries 31757 - 31797, now 31760 , sum entries = 40455 . . . Used time: 0s Expected left time: 0s          
 Analyzing entries 31757 - 31797, now 31761 , sum entries = 40455 . . . Used time: 0s Expected left time: 0s          
 Analyzing entries 31757 - 31797, now 31762 , sum entries = 40455 . . . Used time: 0s Expected left time: 0s          
 Analyzing entries 31757 - 31797, now 31763 , sum entries = 40455 . . . Used time: 0s Expected left time: 0s          
 Analyzing entries 31757 - 31797, now 31764 , sum entries = 40455 . . . Used time: 0s Expected left time: 0s          
 Analyzing entries 31757 - 31797, now 31765 , sum entries = 40455 . . . Used time: 0s Expected left time: 0s          
 Analyzing entries 31757 - 31797, now 31766 , sum entries = 40455 . . . Used time: 0s Expected left time: 0s          
 Analyzing entries 31757 - 31797, now 31767 , sum entries = 40455 . . . Used time: 0s Expected left time: 0s          
 Analyzing entries 31757 - 31797, now 31768 , sum entries = 40455 . . . Used time: 0s Expected left time: 0s          
 Analyzing entries 31757 - 31797, now 31769 , sum entries = 40455 . . . Used time: 0s Expected left time: 0s          
 Analyzing entries 31757 - 31797, now 31770 , sum entries = 40455 . . . Used time: 0s Expected left time: 0s          
 Analyzing entries 31757 - 31797, now 31771 , sum entries = 40455 . . . Used time: 0s Expected left time: 0s          
 Analyzing entries 31757 - 31797, now 31772 , sum entries = 40455 . . . Used time: 0s Expected left time: 0s          
 Analyzing entries 31757 - 31797, now 31773 , sum entries = 40455 . . . Used time: 0s Expected left time: 0s          
 Analyzing entries 31757 - 31797, now 31774 , sum entries = 40455 . . . Used time: 0s Expected left time: 0s          
 Analyzing entries 31757 - 31797, now 31775 , sum entries = 40455 . . . Used time: 0s Expected left time: 0s          
 Analyzing entries 31757 - 31797, now 31776 , sum entries = 40455 . . . Used time: 0s Expected left time: 0s          
 Analyzing entries 31757 - 31797, now 31777 , sum entries = 40455 . . . Used time: 0s Expected left time: 0s          
 Analyzing entries 31757 - 31797, now 31778 , sum entries = 40455 . . . Used time: 0s Expected left time: 0s          
 Analyzing entries 31757 - 31797, now 31779 , sum entries = 40455 . . . Used time: 0s Expected left time: 0s          
 Analyzing entries 31757 - 31797, now 31780 , sum entries = 40455 . . . Used time: 0s Expected left time: 0s          
 Analyzing entries 31757 - 31797, now 31781 , sum entries = 40455 . . . Used time: 0s Expected left time: 0s          
 Analyzing entries 31757 - 31797, now 31782 , sum entries = 40455 . . . Used time: 0s Expected left time: 0s          
 Analyzing entries 31757 - 31797, now 31783 , sum entries = 40455 . . . Used time: 0s Expected left time: 0s          
 Analyzing entries 31757 - 31797, now 31784 , sum entries = 40455 . . . Used time: 0s Expected left time: 0s          
 Analyzing entries 31757 - 31797, now 31785 , sum entries = 40455 . . . Used time: 0s Expected left time: 0s          
 Analyzing entries 31757 - 31797, now 31786 , sum entries = 40455 . . . Used time: 0s Expected left time: 0s          
 Analyzing entries 31757 - 31797, now 31787 , sum entries = 40455 . . . Used time: 0s Expected left time: 0s          
 Analyzing entries 31757 - 31797, now 31788 , sum entries = 40455 . . . Used time: 0s Expected left time: 0s          
 Analyzing entries 31757 - 31797, now 31789 , sum entries = 40455 . . . Used time: 0s Expected left time: 0s          
 Analyzing entries 31757 - 31797, now 31790 , sum entries = 40455 . . . Used time: 0s Expected left time: 0s          
 Analyzing entries 31757 - 31797, now 31791 , sum entries = 40455 . . . Used time: 0s Expected left time: 0s          
 Analyzing entries 31757 - 31797, now 31792 , sum entries = 40455 . . . Used time: 0s Expected left time: 0s          
 Analyzing entries 31757 - 31797, now 31793 , sum entries = 40455 . . . Used time: 0s Expected left time: 0s          
 Analyzing entries 31757 - 31797, now 31794 , sum entries = 40455 . . . Used time: 0s Expected left time: 0s          
 Analyzing entries 31757 - 31797, now 31795 , sum entries = 40455 . . . Used time: 0s Expected left time: 0s          
 Analyzing entries 31757 - 31797, now 31796 , sum entries = 40455 . . . Used time: 0s Expected left time: 0s          
 Save to RootFile /extdisk/zlin/Machine_learning/RecoPlanesFeatures/CMS_herwig_HT1000to1500-preVFP_jinitpt450_600_j2pt80_120Reco/Chunk78_Part5.root . . . Used time: 0s Expected left time: 0s          
 Save to RootFile /extdisk/zlin/Machine_learning/RecoPlanesFeatures/CMS_herwig_HT1000to1500-preVFP_jinitpt450_600_j2pt80_120Reco/Chunk78_Part5.root . . . Used time: 0s Expected left time: 0s          
 Save to RootFile /extdisk/zlin/Machine_learning/RecoPlanesFeatures/CMS_herwig_HT1000to1500-preVFP_jinitpt450_600_j2pt80_120Reco/Chunk78_Part5.root . . . Used time: 0s Expected left time: 0s          
 Save to RootFile /extdisk/zlin/Machine_learning/RecoPlanesFeatures/CMS_herwig_HT1000to1500-preVFP_jinitpt450_600_j2pt80_120Reco/Chunk78_Part5.root . . . Used time: 0s Expected left time: 0s          
 Save to RootFile /extdisk/zlin/Machine_learning/RecoPlanesFeatures/CMS_herwig_HT1000to1500-preVFP_jinitpt450_600_j2pt80_120Reco/Chunk78_Part5.root . . . Used time: 0s Expected left time: 0s          
 Save to RootFile /extdisk/zlin/Machine_learning/RecoPlanesFeatures/CMS_herwig_HT1000to1500-preVFP_jinitpt450_600_j2pt80_120Reco/Chunk78_Part5.root . . . Used time: 0s Expected left time: 0s          
 Analyzing entries 31797 - 31837, now 31797 , sum entries = 40455 . . . Used time: 0s Expected left time: 0s          
 Analyzing entries 31797 - 31837, now 31798 , sum entries = 40455 . . . Used time: 0s Expected left time: 0s          
 Analyzing entries 31797 - 31837, now 31799 , sum entries = 40455 . . . Used time: 0s Expected left time: 0s          
 Analyzing entries 31797 - 31837, now 31800 , sum entries = 40455 . . . Used time: 0s Expected left time: 0s          
 Analyzing entries 31797 - 31837, now 31801 , sum entries = 40455 . . . Used time: 0s Expected left time: 0s          
 Analyzing entries 31797 - 31837, now 31802 , sum entries = 40455 . . . Used time: 0s Expected left time: 0s          
 Analyzing entries 31797 - 31837, now 31803 , sum entries = 40455 . . . Used time: 0s Expected left time: 0s          
 Analyzing entries 31797 - 31837, now 31804 , sum entries = 40455 . . . Used time: 0s Expected left time: 0s          
 Analyzing entries 31797 - 31837, now 31805 , sum entries = 40455 . . . Used time: 0s Expected left time: 0s          
 Analyzing entries 31797 - 31837, now 31806 , sum entries = 40455 . . . Used time: 0s Expected left time: 0s          
 Analyzing entries 31797 - 31837, now 31807 , sum entries = 40455 . . . Used time: 0s Expected left time: 0s          
 Analyzing entries 31797 - 31837, now 31808 , sum entries = 40455 . . . Used time: 0s Expected left time: 0s          
 Analyzing entries 31797 - 31837, now 31809 , sum entries = 40455 . . . Used time: 0s Expected left time: 0s          
 Analyzing entries 31797 - 31837, now 31810 , sum entries = 40455 . . . Used time: 0s Expected left time: 0s          
 Analyzing entries 31797 - 31837, now 31811 , sum entries = 40455 . . . Used time: 0s Expected left time: 0s          
 Analyzing entries 31797 - 31837, now 31812 , sum entries = 40455 . . . Used time: 0s Expected left time: 0s          
 Analyzing entries 31797 - 31837, now 31813 , sum entries = 40455 . . . Used time: 0s Expected left time: 0s          
 Analyzing entries 31797 - 31837, now 31814 , sum entries = 40455 . . . Used time: 0s Expected left time: 0s          
 Analyzing entries 31797 - 31837, now 31815 , sum entries = 40455 . . . Used time: 0s Expected left time: 0s          
 Analyzing entries 31797 - 31837, now 31816 , sum entries = 40455 . . . Used time: 0s Expected left time: 0s          
 Analyzing entries 31797 - 31837, now 31817 , sum entries = 40455 . . . Used time: 0s Expected left time: 0s          
 Analyzing entries 31797 - 31837, now 31818 , sum entries = 40455 . . . Used time: 0s Expected left time: 0s          
 Analyzing entries 31797 - 31837, now 31819 , sum entries = 40455 . . . Used time: 0s Expected left time: 0s          
 Analyzing entries 31797 - 31837, now 31820 , sum entries = 40455 . . . Used time: 0s Expected left time: 0s          
 Analyzing entries 31797 - 31837, now 31821 , sum entries = 40455 . . . Used time: 0s Expected left time: 0s          
 Analyzing entries 31797 - 31837, now 31822 , sum entries = 40455 . . . Used time: 0s Expected left time: 0s          
 Analyzing entries 31797 - 31837, now 31823 , sum entries = 40455 . . . Used time: 0s Expected left time: 0s          
 Analyzing entries 31797 - 31837, now 31824 , sum entries = 40455 . . . Used time: 0s Expected left time: 0s          
 Analyzing entries 31797 - 31837, now 31825 , sum entries = 40455 . . . Used time: 0s Expected left time: 0s          
 Analyzing entries 31797 - 31837, now 31826 , sum entries = 40455 . . . Used time: 0s Expected left time: 0s          
 Analyzing entries 31797 - 31837, now 31827 , sum entries = 40455 . . . Used time: 0s Expected left time: 0s          
 Analyzing entries 31797 - 31837, now 31828 , sum entries = 40455 . . . Used time: 0s Expected left time: 0s          
 Analyzing entries 31797 - 31837, now 31829 , sum entries = 40455 . . . Used time: 0s Expected left time: 0s          
 Analyzing entries 31797 - 31837, now 31830 , sum entries = 40455 . . . Used time: 0s Expected left time: 0s          
 Analyzing entries 31797 - 31837, now 31831 , sum entries = 40455 . . . Used time: 0s Expected left time: 0s          
 Analyzing entries 31797 - 31837, now 31832 , sum entries = 40455 . . . Used time: 0s Expected left time: 0s          
 Analyzing entries 31797 - 31837, now 31833 , sum entries = 40455 . . . Used time: 0s Expected left time: 0s          
 Analyzing entries 31797 - 31837, now 31834 , sum entries = 40455 . . . Used time: 0s Expected left time: 0s          
 Analyzing entries 31797 - 31837, now 31835 , sum entries = 40455 . . . Used time: 0s Expected left time: 0s          
 Analyzing entries 31797 - 31837, now 31836 , sum entries = 40455 . . . Used time: 0s Expected left time: 0s          
 Save to RootFile /extdisk/zlin/Machine_learning/RecoPlanesFeatures/CMS_herwig_HT1000to1500-preVFP_jinitpt450_600_j2pt80_120Reco/Chunk78_Part6.root . . . Used time: 0s Expected left time: 0s          
 Save to RootFile /extdisk/zlin/Machine_learning/RecoPlanesFeatures/CMS_herwig_HT1000to1500-preVFP_jinitpt450_600_j2pt80_120Reco/Chunk78_Part6.root . . . Used time: 0s Expected left time: 0s          
 Save to RootFile /extdisk/zlin/Machine_learning/RecoPlanesFeatures/CMS_herwig_HT1000to1500-preVFP_jinitpt450_600_j2pt80_120Reco/Chunk78_Part6.root . . . Used time: 0s Expected left time: 0s          
 Save to RootFile /extdisk/zlin/Machine_learning/RecoPlanesFeatures/CMS_herwig_HT1000to1500-preVFP_jinitpt450_600_j2pt80_120Reco/Chunk78_Part6.root . . . Used time: 0s Expected left time: 0s          
 Save to RootFile /extdisk/zlin/Machine_learning/RecoPlanesFeatures/CMS_herwig_HT1000to1500-preVFP_jinitpt450_600_j2pt80_120Reco/Chunk78_Part6.root . . . Used time: 0s Expected left time: 0s          
 Save to RootFile /extdisk/zlin/Machine_learning/RecoPlanesFeatures/CMS_herwig_HT1000to1500-preVFP_jinitpt450_600_j2pt80_120Reco/Chunk78_Part6.root . . . Used time: 0s Expected left time: 0s          
 Analyzing entries 31838 - 31878, now 31838 , sum entries = 40455 . . . Used time: 0s Expected left time: 0s          
 Analyzing entries 31838 - 31878, now 31839 , sum entries = 40455 . . . Used time: 0s Expected left time: 0s          
 Analyzing entries 31838 - 31878, now 31840 , sum entries = 40455 . . . Used time: 0s Expected left time: 0s          
 Analyzing entries 31838 - 31878, now 31841 , sum entries = 40455 . . . Used time: 0s Expected left time: 0s          
 Analyzing entries 31838 - 31878, now 31842 , sum entries = 40455 . . . Used time: 0s Expected left time: 0s          
 Analyzing entries 31838 - 31878, now 31843 , sum entries = 40455 . . . Used time: 0s Expected left time: 0s          
 Analyzing entries 31838 - 31878, now 31844 , sum entries = 40455 . . . Used time: 0s Expected left time: 0s          
 Analyzing entries 31838 - 31878, now 31845 , sum entries = 40455 . . . Used time: 0s Expected left time: 0s          
 Analyzing entries 31838 - 31878, now 31846 , sum entries = 40455 . . . Used time: 0s Expected left time: 0s          
 Analyzing entries 31838 - 31878, now 31847 , sum entries = 40455 . . . Used time: 0s Expected left time: 0s          
 Analyzing entries 31838 - 31878, now 31848 , sum entries = 40455 . . . Used time: 0s Expected left time: 0s          
 Analyzing entries 31838 - 31878, now 31849 , sum entries = 40455 . . . Used time: 0s Expected left time: 0s          
 Analyzing entries 31838 - 31878, now 31850 , sum entries = 40455 . . . Used time: 0s Expected left time: 0s          
 Analyzing entries 31838 - 31878, now 31851 , sum entries = 40455 . . . Used time: 0s Expected left time: 0s          
 Analyzing entries 31838 - 31878, now 31852 , sum entries = 40455 . . . Used time: 0s Expected left time: 0s          
 Analyzing entries 31838 - 31878, now 31853 , sum entries = 40455 . . . Used time: 0s Expected left time: 0s          
 Analyzing entries 31838 - 31878, now 31854 , sum entries = 40455 . . . Used time: 0s Expected left time: 0s          
 Analyzing entries 31838 - 31878, now 31855 , sum entries = 40455 . . . Used time: 0s Expected left time: 0s          
 Analyzing entries 31838 - 31878, now 31856 , sum entries = 40455 . . . Used time: 0s Expected left time: 0s          
 Analyzing entries 31838 - 31878, now 31857 , sum entries = 40455 . . . Used time: 0s Expected left time: 0s          
 Analyzing entries 31838 - 31878, now 31858 , sum entries = 40455 . . . Used time: 0s Expected left time: 0s          
 Analyzing entries 31838 - 31878, now 31859 , sum entries = 40455 . . . Used time: 0s Expected left time: 0s          
 Analyzing entries 31838 - 31878, now 31860 , sum entries = 40455 . . . Used time: 0s Expected left time: 0s          
 Analyzing entries 31838 - 31878, now 31861 , sum entries = 40455 . . . Used time: 0s Expected left time: 0s          
 Analyzing entries 31838 - 31878, now 31862 , sum entries = 40455 . . . Used time: 0s Expected left time: 0s          
 Analyzing entries 31838 - 31878, now 31863 , sum entries = 40455 . . . Used time: 0s Expected left time: 0s          
 Analyzing entries 31838 - 31878, now 31864 , sum entries = 40455 . . . Used time: 0s Expected left time: 0s          
 Analyzing entries 31838 - 31878, now 31865 , sum entries = 40455 . . . Used time: 0s Expected left time: 0s          
 Analyzing entries 31838 - 31878, now 31866 , sum entries = 40455 . . . Used time: 0s Expected left time: 0s          
 Analyzing entries 31838 - 31878, now 31867 , sum entries = 40455 . . . Used time: 0s Expected left time: 0s          
 Analyzing entries 31838 - 31878, now 31868 , sum entries = 40455 . . . Used time: 0s Expected left time: 0s          
 Analyzing entries 31838 - 31878, now 31869 , sum entries = 40455 . . . Used time: 0s Expected left time: 0s          
 Analyzing entries 31838 - 31878, now 31870 , sum entries = 40455 . . . Used time: 0s Expected left time: 0s          
 Analyzing entries 31838 - 31878, now 31871 , sum entries = 40455 . . . Used time: 0s Expected left time: 0s          
 Analyzing entries 31838 - 31878, now 31872 , sum entries = 40455 . . . Used time: 0s Expected left time: 0s          
 Analyzing entries 31838 - 31878, now 31873 , sum entries = 40455 . . . Used time: 0s Expected left time: 0s          
 Analyzing entries 31838 - 31878, now 31874 , sum entries = 40455 . . . Used time: 0s Expected left time: 0s          
 Analyzing entries 31838 - 31878, now 31875 , sum entries = 40455 . . . Used time: 0s Expected left time: 0s          
 Analyzing entries 31838 - 31878, now 31876 , sum entries = 40455 . . . Used time: 0s Expected left time: 0s          
 Analyzing entries 31838 - 31878, now 31877 , sum entries = 40455 . . . Used time: 0s Expected left time: 0s          
 Save to RootFile /extdisk/zlin/Machine_learning/RecoPlanesFeatures/CMS_herwig_HT1000to1500-preVFP_jinitpt450_600_j2pt80_120Reco/Chunk78_Part7.root . . . Used time: 0s Expected left time: 0s          
 Save to RootFile /extdisk/zlin/Machine_learning/RecoPlanesFeatures/CMS_herwig_HT1000to1500-preVFP_jinitpt450_600_j2pt80_120Reco/Chunk78_Part7.root . . . Used time: 0s Expected left time: 0s          
 Save to RootFile /extdisk/zlin/Machine_learning/RecoPlanesFeatures/CMS_herwig_HT1000to1500-preVFP_jinitpt450_600_j2pt80_120Reco/Chunk78_Part7.root . . . Used time: 0s Expected left time: 0s          
 Save to RootFile /extdisk/zlin/Machine_learning/RecoPlanesFeatures/CMS_herwig_HT1000to1500-preVFP_jinitpt450_600_j2pt80_120Reco/Chunk78_Part7.root . . . Used time: 0s Expected left time: 0s          
 Save to RootFile /extdisk/zlin/Machine_learning/RecoPlanesFeatures/CMS_herwig_HT1000to1500-preVFP_jinitpt450_600_j2pt80_120Reco/Chunk78_Part7.root . . . Used time: 0s Expected left time: 0s          
 Save to RootFile /extdisk/zlin/Machine_learning/RecoPlanesFeatures/CMS_herwig_HT1000to1500-preVFP_jinitpt450_600_j2pt80_120Reco/Chunk78_Part7.root . . . Used time: 0s Expected left time: 0s          
 Analyzing entries 31878 - 31918, now 31878 , sum entries = 40455 . . . Used time: 0s Expected left time: 0s          
 Analyzing entries 31878 - 31918, now 31879 , sum entries = 40455 . . . Used time: 0s Expected left time: 0s          
 Analyzing entries 31878 - 31918, now 31880 , sum entries = 40455 . . . Used time: 0s Expected left time: 0s          
 Analyzing entries 31878 - 31918, now 31881 , sum entries = 40455 . . . Used time: 0s Expected left time: 0s          
 Analyzing entries 31878 - 31918, now 31882 , sum entries = 40455 . . . Used time: 0s Expected left time: 0s          
 Analyzing entries 31878 - 31918, now 31883 , sum entries = 40455 . . . Used time: 0s Expected left time: 0s          
 Analyzing entries 31878 - 31918, now 31884 , sum entries = 40455 . . . Used time: 0s Expected left time: 0s          
 Analyzing entries 31878 - 31918, now 31885 , sum entries = 40455 . . . Used time: 0s Expected left time: 0s          
 Analyzing entries 31878 - 31918, now 31886 , sum entries = 40455 . . . Used time: 0s Expected left time: 0s          
 Analyzing entries 31878 - 31918, now 31887 , sum entries = 40455 . . . Used time: 0s Expected left time: 0s          
 Analyzing entries 31878 - 31918, now 31888 , sum entries = 40455 . . . Used time: 0s Expected left time: 0s          
 Analyzing entries 31878 - 31918, now 31889 , sum entries = 40455 . . . Used time: 0s Expected left time: 0s          
 Analyzing entries 31878 - 31918, now 31890 , sum entries = 40455 . . . Used time: 0s Expected left time: 0s          
 Analyzing entries 31878 - 31918, now 31891 , sum entries = 40455 . . . Used time: 0s Expected left time: 0s          
 Analyzing entries 31878 - 31918, now 31892 , sum entries = 40455 . . . Used time: 0s Expected left time: 0s          
 Analyzing entries 31878 - 31918, now 31893 , sum entries = 40455 . . . Used time: 0s Expected left time: 0s          
 Analyzing entries 31878 - 31918, now 31894 , sum entries = 40455 . . . Used time: 0s Expected left time: 0s          
 Analyzing entries 31878 - 31918, now 31895 , sum entries = 40455 . . . Used time: 0s Expected left time: 0s          
 Analyzing entries 31878 - 31918, now 31896 , sum entries = 40455 . . . Used time: 0s Expected left time: 0s          
 Analyzing entries 31878 - 31918, now 31897 , sum entries = 40455 . . . Used time: 0s Expected left time: 0s          
 Analyzing entries 31878 - 31918, now 31898 , sum entries = 40455 . . . Used time: 0s Expected left time: 0s          
 Analyzing entries 31878 - 31918, now 31899 , sum entries = 40455 . . . Used time: 0s Expected left time: 0s          
 Analyzing entries 31878 - 31918, now 31900 , sum entries = 40455 . . . Used time: 0s Expected left time: 0s          
 Analyzing entries 31878 - 31918, now 31901 , sum entries = 40455 . . . Used time: 0s Expected left time: 0s          
 Analyzing entries 31878 - 31918, now 31902 , sum entries = 40455 . . . Used time: 0s Expected left time: 0s          
 Analyzing entries 31878 - 31918, now 31903 , sum entries = 40455 . . . Used time: 0s Expected left time: 0s          
 Analyzing entries 31878 - 31918, now 31904 , sum entries = 40455 . . . Used time: 0s Expected left time: 0s          
 Analyzing entries 31878 - 31918, now 31905 , sum entries = 40455 . . . Used time: 0s Expected left time: 0s          
 Analyzing entries 31878 - 31918, now 31906 , sum entries = 40455 . . . Used time: 0s Expected left time: 0s          
 Analyzing entries 31878 - 31918, now 31907 , sum entries = 40455 . . . Used time: 0s Expected left time: 0s          
 Analyzing entries 31878 - 31918, now 31908 , sum entries = 40455 . . . Used time: 0s Expected left time: 0s          
 Analyzing entries 31878 - 31918, now 31909 , sum entries = 40455 . . . Used time: 0s Expected left time: 0s          
 Analyzing entries 31878 - 31918, now 31910 , sum entries = 40455 . . . Used time: 0s Expected left time: 0s          
 Analyzing entries 31878 - 31918, now 31911 , sum entries = 40455 . . . Used time: 0s Expected left time: 0s          
 Analyzing entries 31878 - 31918, now 31912 , sum entries = 40455 . . . Used time: 0s Expected left time: 0s          
 Analyzing entries 31878 - 31918, now 31913 , sum entries = 40455 . . . Used time: 0s Expected left time: 0s          
 Analyzing entries 31878 - 31918, now 31914 , sum entries = 40455 . . . Used time: 0s Expected left time: 0s          
 Analyzing entries 31878 - 31918, now 31915 , sum entries = 40455 . . . Used time: 0s Expected left time: 0s          
 Analyzing entries 31878 - 31918, now 31916 , sum entries = 40455 . . . Used time: 0s Expected left time: 0s          
 Analyzing entries 31878 - 31918, now 31917 , sum entries = 40455 . . . Used time: 0s Expected left time: 0s          
 Save to RootFile /extdisk/zlin/Machine_learning/RecoPlanesFeatures/CMS_herwig_HT1000to1500-preVFP_jinitpt450_600_j2pt80_120Reco/Chunk78_Part8.root . . . Used time: 0s Expected left time: 0s          
 Save to RootFile /extdisk/zlin/Machine_learning/RecoPlanesFeatures/CMS_herwig_HT1000to1500-preVFP_jinitpt450_600_j2pt80_120Reco/Chunk78_Part8.root . . . Used time: 0s Expected left time: 0s          
 Save to RootFile /extdisk/zlin/Machine_learning/RecoPlanesFeatures/CMS_herwig_HT1000to1500-preVFP_jinitpt450_600_j2pt80_120Reco/Chunk78_Part8.root . . . Used time: 0s Expected left time: 0s          
 Save to RootFile /extdisk/zlin/Machine_learning/RecoPlanesFeatures/CMS_herwig_HT1000to1500-preVFP_jinitpt450_600_j2pt80_120Reco/Chunk78_Part8.root . . . Used time: 0s Expected left time: 0s          
 Save to RootFile /extdisk/zlin/Machine_learning/RecoPlanesFeatures/CMS_herwig_HT1000to1500-preVFP_jinitpt450_600_j2pt80_120Reco/Chunk78_Part8.root . . . Used time: 0s Expected left time: 0s          
 Analyzing entries 31918 - 31958, now 31918 , sum entries = 40455 . . . Used time: 0s Expected left time: 0s          
 Analyzing entries 31918 - 31958, now 31919 , sum entries = 40455 . . . Used time: 0s Expected left time: 0s          
 Analyzing entries 31918 - 31958, now 31920 , sum entries = 40455 . . . Used time: 0s Expected left time: 0s          
 Analyzing entries 31918 - 31958, now 31921 , sum entries = 40455 . . . Used time: 0s Expected left time: 0s          
 Analyzing entries 31918 - 31958, now 31922 , sum entries = 40455 . . . Used time: 0s Expected left time: 0s          
 Analyzing entries 31918 - 31958, now 31923 , sum entries = 40455 . . . Used time: 0s Expected left time: 0s          
 Analyzing entries 31918 - 31958, now 31924 , sum entries = 40455 . . . Used time: 0s Expected left time: 0s          
 Analyzing entries 31918 - 31958, now 31925 , sum entries = 40455 . . . Used time: 0s Expected left time: 0s          
 Analyzing entries 31918 - 31958, now 31926 , sum entries = 40455 . . . Used time: 0s Expected left time: 0s          
 Analyzing entries 31918 - 31958, now 31927 , sum entries = 40455 . . . Used time: 0s Expected left time: 0s          
 Analyzing entries 31918 - 31958, now 31928 , sum entries = 40455 . . . Used time: 0s Expected left time: 0s          
 Analyzing entries 31918 - 31958, now 31929 , sum entries = 40455 . . . Used time: 0s Expected left time: 0s          
 Analyzing entries 31918 - 31958, now 31930 , sum entries = 40455 . . . Used time: 0s Expected left time: 0s          
 Analyzing entries 31918 - 31958, now 31931 , sum entries = 40455 . . . Used time: 0s Expected left time: 0s          
 Analyzing entries 31918 - 31958, now 31932 , sum entries = 40455 . . . Used time: 0s Expected left time: 0s          
 Analyzing entries 31918 - 31958, now 31933 , sum entries = 40455 . . . Used time: 0s Expected left time: 0s          
 Analyzing entries 31918 - 31958, now 31934 , sum entries = 40455 . . . Used time: 0s Expected left time: 0s          
 Analyzing entries 31918 - 31958, now 31935 , sum entries = 40455 . . . Used time: 0s Expected left time: 0s          
 Analyzing entries 31918 - 31958, now 31936 , sum entries = 40455 . . . Used time: 0s Expected left time: 0s          
 Analyzing entries 31918 - 31958, now 31937 , sum entries = 40455 . . . Used time: 0s Expected left time: 0s          
 Analyzing entries 31918 - 31958, now 31938 , sum entries = 40455 . . . Used time: 0s Expected left time: 0s          
 Analyzing entries 31918 - 31958, now 31939 , sum entries = 40455 . . . Used time: 0s Expected left time: 0s          
 Analyzing entries 31918 - 31958, now 31940 , sum entries = 40455 . . . Used time: 0s Expected left time: 0s          
 Analyzing entries 31918 - 31958, now 31941 , sum entries = 40455 . . . Used time: 0s Expected left time: 0s          
 Analyzing entries 31918 - 31958, now 31942 , sum entries = 40455 . . . Used time: 0s Expected left time: 0s          
 Analyzing entries 31918 - 31958, now 31943 , sum entries = 40455 . . . Used time: 0s Expected left time: 0s          
 Analyzing entries 31918 - 31958, now 31944 , sum entries = 40455 . . . Used time: 0s Expected left time: 0s          
 Analyzing entries 31918 - 31958, now 31945 , sum entries = 40455 . . . Used time: 0s Expected left time: 0s          
 Analyzing entries 31918 - 31958, now 31946 , sum entries = 40455 . . . Used time: 0s Expected left time: 0s          
 Analyzing entries 31918 - 31958, now 31947 , sum entries = 40455 . . . Used time: 0s Expected left time: 0s          
 Analyzing entries 31918 - 31958, now 31948 , sum entries = 40455 . . . Used time: 0s Expected left time: 0s          
 Analyzing entries 31918 - 31958, now 31949 , sum entries = 40455 . . . Used time: 0s Expected left time: 0s          
 Analyzing entries 31918 - 31958, now 31950 , sum entries = 40455 . . . Used time: 0s Expected left time: 0s          
 Analyzing entries 31918 - 31958, now 31951 , sum entries = 40455 . . . Used time: 0s Expected left time: 0s          
 Analyzing entries 31918 - 31958, now 31952 , sum entries = 40455 . . . Used time: 0s Expected left time: 0s          
 Analyzing entries 31918 - 31958, now 31953 , sum entries = 40455 . . . Used time: 0s Expected left time: 0s          
 Analyzing entries 31918 - 31958, now 31954 , sum entries = 40455 . . . Used time: 0s Expected left time: 0s          
 Analyzing entries 31918 - 31958, now 31955 , sum entries = 40455 . . . Used time: 0s Expected left time: 0s          
 Analyzing entries 31918 - 31958, now 31956 , sum entries = 40455 . . . Used time: 0s Expected left time: 0s          
 Analyzing entries 31918 - 31958, now 31957 , sum entries = 40455 . . . Used time: 0s Expected left time: 0s          
 Save to RootFile /extdisk/zlin/Machine_learning/RecoPlanesFeatures/CMS_herwig_HT1000to1500-preVFP_jinitpt450_600_j2pt80_120Reco/Chunk78_Part9.root . . . Used time: 0s Expected left time: 0s          
 Save to RootFile /extdisk/zlin/Machine_learning/RecoPlanesFeatures/CMS_herwig_HT1000to1500-preVFP_jinitpt450_600_j2pt80_120Reco/Chunk78_Part9.root . . . Used time: 0s Expected left time: 0s          
 Save to RootFile /extdisk/zlin/Machine_learning/RecoPlanesFeatures/CMS_herwig_HT1000to1500-preVFP_jinitpt450_600_j2pt80_120Reco/Chunk78_Part9.root . . . Used time: 0s Expected left time: 0s          
 Save to RootFile /extdisk/zlin/Machine_learning/RecoPlanesFeatures/CMS_herwig_HT1000to1500-preVFP_jinitpt450_600_j2pt80_120Reco/Chunk78_Part9.root . . . Used time: 0s Expected left time: 0s          
 Save to RootFile /extdisk/zlin/Machine_learning/RecoPlanesFeatures/CMS_herwig_HT1000to1500-preVFP_jinitpt450_600_j2pt80_120Reco/Chunk78_Part9.root . . . Used time: 0s Expected left time: 0s          
 Save to RootFile /extdisk/zlin/Machine_learning/RecoPlanesFeatures/CMS_herwig_HT1000to1500-preVFP_jinitpt450_600_j2pt80_120Reco/Chunk78_Part9.root . . . Used time: 0s Expected left time: 0s          
