Warning in <TFile::Init>: file /extdisk/zlin/Machine_learning/RecoPlanes/CMS_herwig_HT1000to1500-preVFP/Chunk39_Part0.root probably not closed, trying to recover
Warning in <TFile::Init>: no keys recovered, file has been made a Zombie
 Analyzing entries 21610 - 21641, now 21610 , sum entries = 31320 . . . Used time: 0s Expected left time: 0s          
 Analyzing entries 21610 - 21641, now 21611 , sum entries = 31320 . . . Used time: 0s Expected left time: 0s          
 Analyzing entries 21610 - 21641, now 21612 , sum entries = 31320 . . . Used time: 0s Expected left time: 0s          
 Analyzing entries 21610 - 21641, now 21613 , sum entries = 31320 . . . Used time: 0s Expected left time: 0s          
 Analyzing entries 21610 - 21641, now 21614 , sum entries = 31320 . . . Used time: 0s Expected left time: 0s          
 Analyzing entries 21610 - 21641, now 21615 , sum entries = 31320 . . . Used time: 0s Expected left time: 0s          
 Analyzing entries 21610 - 21641, now 21616 , sum entries = 31320 . . . Used time: 0s Expected left time: 0s          
 Analyzing entries 21610 - 21641, now 21617 , sum entries = 31320 . . . Used time: 0s Expected left time: 0s          
 Analyzing entries 21610 - 21641, now 21618 , sum entries = 31320 . . . Used time: 0s Expected left time: 0s          
 Analyzing entries 21610 - 21641, now 21619 , sum entries = 31320 . . . Used time: 0s Expected left time: 0s          
 Analyzing entries 21610 - 21641, now 21620 , sum entries = 31320 . . . Used time: 0s Expected left time: 0s          
 Analyzing entries 21610 - 21641, now 21621 , sum entries = 31320 . . . Used time: 0s Expected left time: 0s          
 Analyzing entries 21610 - 21641, now 21622 , sum entries = 31320 . . . Used time: 0s Expected left time: 0s          
 Analyzing entries 21610 - 21641, now 21623 , sum entries = 31320 . . . Used time: 0s Expected left time: 0s          
 Analyzing entries 21610 - 21641, now 21624 , sum entries = 31320 . . . Used time: 0s Expected left time: 0s          
 Analyzing entries 21610 - 21641, now 21625 , sum entries = 31320 . . . Used time: 0s Expected left time: 0s          
 Analyzing entries 21610 - 21641, now 21626 , sum entries = 31320 . . . Used time: 0s Expected left time: 0s          
 Analyzing entries 21610 - 21641, now 21627 , sum entries = 31320 . . . Used time: 0s Expected left time: 0s          
 Analyzing entries 21610 - 21641, now 21628 , sum entries = 31320 . . . Used time: 0s Expected left time: 0s          
 Analyzing entries 21610 - 21641, now 21629 , sum entries = 31320 . . . Used time: 0s Expected left time: 0s          
 Analyzing entries 21610 - 21641, now 21630 , sum entries = 31320 . . . Used time: 0s Expected left time: 0s          
 Analyzing entries 21610 - 21641, now 21631 , sum entries = 31320 . . . Used time: 0s Expected left time: 0s          
 Analyzing entries 21610 - 21641, now 21632 , sum entries = 31320 . . . Used time: 0s Expected left time: 0s          
 Analyzing entries 21610 - 21641, now 21633 , sum entries = 31320 . . . Used time: 0s Expected left time: 0s          
 Analyzing entries 21610 - 21641, now 21634 , sum entries = 31320 . . . Used time: 0s Expected left time: 0s          
 Analyzing entries 21610 - 21641, now 21635 , sum entries = 31320 . . . Used time: 0s Expected left time: 0s          
 Analyzing entries 21610 - 21641, now 21636 , sum entries = 31320 . . . Used time: 0s Expected left time: 0s          
 Analyzing entries 21610 - 21641, now 21637 , sum entries = 31320 . . . Used time: 0s Expected left time: 0s          
 Analyzing entries 21610 - 21641, now 21638 , sum entries = 31320 . . . Used time: 0s Expected left time: 0s          
 Analyzing entries 21610 - 21641, now 21639 , sum entries = 31320 . . . Used time: 0s Expected left time: 0s          
 Analyzing entries 21610 - 21641, now 21640 , sum entries = 31320 . . . Used time: 0s Expected left time: 0s          
 Save to RootFile /extdisk/zlin/Machine_learning/RecoPlanesFeatures/CMS_herwig_HT1000to1500-preVFP_jinitpt450_600_j2pt80_120Reco/Chunk69_Part0.root . . . Used time: 0s Expected left time: 0s          
 Save to RootFile /extdisk/zlin/Machine_learning/RecoPlanesFeatures/CMS_herwig_HT1000to1500-preVFP_jinitpt450_600_j2pt80_120Reco/Chunk69_Part0.root . . . Used time: 0s Expected left time: 0s          
 Save to RootFile /extdisk/zlin/Machine_learning/RecoPlanesFeatures/CMS_herwig_HT1000to1500-preVFP_jinitpt450_600_j2pt80_120Reco/Chunk69_Part0.root . . . Used time: 0s Expected left time: 0s          
 Save to RootFile /extdisk/zlin/Machine_learning/RecoPlanesFeatures/CMS_herwig_HT1000to1500-preVFP_jinitpt450_600_j2pt80_120Reco/Chunk69_Part0.root . . . Used time: 0s Expected left time: 0s          
 Analyzing entries 21642 - 21673, now 21642 , sum entries = 31320 . . . Used time: 0s Expected left time: 0s          
 Analyzing entries 21642 - 21673, now 21643 , sum entries = 31320 . . . Used time: 0s Expected left time: 0s          
 Analyzing entries 21642 - 21673, now 21644 , sum entries = 31320 . . . Used time: 0s Expected left time: 0s          
 Analyzing entries 21642 - 21673, now 21645 , sum entries = 31320 . . . Used time: 0s Expected left time: 0s          
 Analyzing entries 21642 - 21673, now 21646 , sum entries = 31320 . . . Used time: 0s Expected left time: 0s          
 Analyzing entries 21642 - 21673, now 21647 , sum entries = 31320 . . . Used time: 0s Expected left time: 0s          
 Analyzing entries 21642 - 21673, now 21648 , sum entries = 31320 . . . Used time: 0s Expected left time: 0s          
 Analyzing entries 21642 - 21673, now 21649 , sum entries = 31320 . . . Used time: 0s Expected left time: 0s          
 Analyzing entries 21642 - 21673, now 21650 , sum entries = 31320 . . . Used time: 0s Expected left time: 0s          
 Analyzing entries 21642 - 21673, now 21651 , sum entries = 31320 . . . Used time: 0s Expected left time: 0s          
 Analyzing entries 21642 - 21673, now 21652 , sum entries = 31320 . . . Used time: 0s Expected left time: 0s          
 Analyzing entries 21642 - 21673, now 21653 , sum entries = 31320 . . . Used time: 0s Expected left time: 0s          
 Analyzing entries 21642 - 21673, now 21654 , sum entries = 31320 . . . Used time: 0s Expected left time: 0s          
 Analyzing entries 21642 - 21673, now 21655 , sum entries = 31320 . . . Used time: 0s Expected left time: 0s          
 Analyzing entries 21642 - 21673, now 21656 , sum entries = 31320 . . . Used time: 0s Expected left time: 0s          
 Analyzing entries 21642 - 21673, now 21657 , sum entries = 31320 . . . Used time: 0s Expected left time: 0s          
 Analyzing entries 21642 - 21673, now 21658 , sum entries = 31320 . . . Used time: 0s Expected left time: 0s          
 Analyzing entries 21642 - 21673, now 21659 , sum entries = 31320 . . . Used time: 0s Expected left time: 0s          
 Analyzing entries 21642 - 21673, now 21660 , sum entries = 31320 . . . Used time: 0s Expected left time: 0s          
 Analyzing entries 21642 - 21673, now 21661 , sum entries = 31320 . . . Used time: 0s Expected left time: 0s          
 Analyzing entries 21642 - 21673, now 21662 , sum entries = 31320 . . . Used time: 0s Expected left time: 0s          
 Analyzing entries 21642 - 21673, now 21663 , sum entries = 31320 . . . Used time: 0s Expected left time: 0s          
 Analyzing entries 21642 - 21673, now 21664 , sum entries = 31320 . . . Used time: 0s Expected left time: 0s          
 Analyzing entries 21642 - 21673, now 21665 , sum entries = 31320 . . . Used time: 0s Expected left time: 0s          
 Analyzing entries 21642 - 21673, now 21666 , sum entries = 31320 . . . Used time: 0s Expected left time: 0s          
 Analyzing entries 21642 - 21673, now 21667 , sum entries = 31320 . . . Used time: 0s Expected left time: 0s          
 Analyzing entries 21642 - 21673, now 21668 , sum entries = 31320 . . . Used time: 0s Expected left time: 0s          
 Analyzing entries 21642 - 21673, now 21669 , sum entries = 31320 . . . Used time: 0s Expected left time: 0s          
 Analyzing entries 21642 - 21673, now 21670 , sum entries = 31320 . . . Used time: 0s Expected left time: 0s          
 Analyzing entries 21642 - 21673, now 21671 , sum entries = 31320 . . . Used time: 0s Expected left time: 0s          
 Analyzing entries 21642 - 21673, now 21672 , sum entries = 31320 . . . Used time: 0s Expected left time: 0s          
 Save to RootFile /extdisk/zlin/Machine_learning/RecoPlanesFeatures/CMS_herwig_HT1000to1500-preVFP_jinitpt450_600_j2pt80_120Reco/Chunk69_Part1.root . . . Used time: 0s Expected left time: 0s          
 Save to RootFile /extdisk/zlin/Machine_learning/RecoPlanesFeatures/CMS_herwig_HT1000to1500-preVFP_jinitpt450_600_j2pt80_120Reco/Chunk69_Part1.root . . . Used time: 0s Expected left time: 0s          
 Save to RootFile /extdisk/zlin/Machine_learning/RecoPlanesFeatures/CMS_herwig_HT1000to1500-preVFP_jinitpt450_600_j2pt80_120Reco/Chunk69_Part1.root . . . Used time: 0s Expected left time: 0s          
 Save to RootFile /extdisk/zlin/Machine_learning/RecoPlanesFeatures/CMS_herwig_HT1000to1500-preVFP_jinitpt450_600_j2pt80_120Reco/Chunk69_Part1.root . . . Used time: 0s Expected left time: 0s          
 Save to RootFile /extdisk/zlin/Machine_learning/RecoPlanesFeatures/CMS_herwig_HT1000to1500-preVFP_jinitpt450_600_j2pt80_120Reco/Chunk69_Part1.root . . . Used time: 0s Expected left time: 0s          
 Save to RootFile /extdisk/zlin/Machine_learning/RecoPlanesFeatures/CMS_herwig_HT1000to1500-preVFP_jinitpt450_600_j2pt80_120Reco/Chunk69_Part1.root . . . Used time: 0s Expected left time: 0s          
 Analyzing entries 21673 - 21704, now 21673 , sum entries = 31320 . . . Used time: 0s Expected left time: 0s          
 Analyzing entries 21673 - 21704, now 21674 , sum entries = 31320 . . . Used time: 0s Expected left time: 0s          
 Analyzing entries 21673 - 21704, now 21675 , sum entries = 31320 . . . Used time: 0s Expected left time: 0s          
 Analyzing entries 21673 - 21704, now 21676 , sum entries = 31320 . . . Used time: 0s Expected left time: 0s          
 Analyzing entries 21673 - 21704, now 21677 , sum entries = 31320 . . . Used time: 0s Expected left time: 0s          
 Analyzing entries 21673 - 21704, now 21678 , sum entries = 31320 . . . Used time: 0s Expected left time: 0s          
 Analyzing entries 21673 - 21704, now 21679 , sum entries = 31320 . . . Used time: 0s Expected left time: 0s          
 Analyzing entries 21673 - 21704, now 21680 , sum entries = 31320 . . . Used time: 0s Expected left time: 0s          
 Analyzing entries 21673 - 21704, now 21681 , sum entries = 31320 . . . Used time: 0s Expected left time: 0s          
 Analyzing entries 21673 - 21704, now 21682 , sum entries = 31320 . . . Used time: 0s Expected left time: 0s          
 Analyzing entries 21673 - 21704, now 21683 , sum entries = 31320 . . . Used time: 0s Expected left time: 0s          
 Analyzing entries 21673 - 21704, now 21684 , sum entries = 31320 . . . Used time: 0s Expected left time: 0s          
 Analyzing entries 21673 - 21704, now 21685 , sum entries = 31320 . . . Used time: 0s Expected left time: 0s          
 Analyzing entries 21673 - 21704, now 21686 , sum entries = 31320 . . . Used time: 0s Expected left time: 0s          
 Analyzing entries 21673 - 21704, now 21687 , sum entries = 31320 . . . Used time: 0s Expected left time: 0s          
 Analyzing entries 21673 - 21704, now 21688 , sum entries = 31320 . . . Used time: 0s Expected left time: 0s          
 Analyzing entries 21673 - 21704, now 21689 , sum entries = 31320 . . . Used time: 0s Expected left time: 0s          
 Analyzing entries 21673 - 21704, now 21690 , sum entries = 31320 . . . Used time: 0s Expected left time: 0s          
 Analyzing entries 21673 - 21704, now 21691 , sum entries = 31320 . . . Used time: 0s Expected left time: 0s          
 Analyzing entries 21673 - 21704, now 21692 , sum entries = 31320 . . . Used time: 0s Expected left time: 0s          
 Analyzing entries 21673 - 21704, now 21693 , sum entries = 31320 . . . Used time: 0s Expected left time: 0s          
 Analyzing entries 21673 - 21704, now 21694 , sum entries = 31320 . . . Used time: 0s Expected left time: 0s          
 Analyzing entries 21673 - 21704, now 21695 , sum entries = 31320 . . . Used time: 0s Expected left time: 0s          
 Analyzing entries 21673 - 21704, now 21696 , sum entries = 31320 . . . Used time: 0s Expected left time: 0s          
 Analyzing entries 21673 - 21704, now 21697 , sum entries = 31320 . . . Used time: 0s Expected left time: 0s          
 Analyzing entries 21673 - 21704, now 21698 , sum entries = 31320 . . . Used time: 0s Expected left time: 0s          
 Analyzing entries 21673 - 21704, now 21699 , sum entries = 31320 . . . Used time: 0s Expected left time: 0s          
 Analyzing entries 21673 - 21704, now 21700 , sum entries = 31320 . . . Used time: 0s Expected left time: 0s          
 Analyzing entries 21673 - 21704, now 21701 , sum entries = 31320 . . . Used time: 0s Expected left time: 0s          
 Analyzing entries 21673 - 21704, now 21702 , sum entries = 31320 . . . Used time: 0s Expected left time: 0s          
 Analyzing entries 21673 - 21704, now 21703 , sum entries = 31320 . . . Used time: 0s Expected left time: 0s          
 Save to RootFile /extdisk/zlin/Machine_learning/RecoPlanesFeatures/CMS_herwig_HT1000to1500-preVFP_jinitpt450_600_j2pt80_120Reco/Chunk69_Part2.root . . . Used time: 0s Expected left time: 0s          
 Save to RootFile /extdisk/zlin/Machine_learning/RecoPlanesFeatures/CMS_herwig_HT1000to1500-preVFP_jinitpt450_600_j2pt80_120Reco/Chunk69_Part2.root . . . Used time: 0s Expected left time: 0s          
 Save to RootFile /extdisk/zlin/Machine_learning/RecoPlanesFeatures/CMS_herwig_HT1000to1500-preVFP_jinitpt450_600_j2pt80_120Reco/Chunk69_Part2.root . . . Used time: 0s Expected left time: 0s          
 Save to RootFile /extdisk/zlin/Machine_learning/RecoPlanesFeatures/CMS_herwig_HT1000to1500-preVFP_jinitpt450_600_j2pt80_120Reco/Chunk69_Part2.root . . . Used time: 0s Expected left time: 0s          
 Save to RootFile /extdisk/zlin/Machine_learning/RecoPlanesFeatures/CMS_herwig_HT1000to1500-preVFP_jinitpt450_600_j2pt80_120Reco/Chunk69_Part2.root . . . Used time: 0s Expected left time: 0s          
 Analyzing entries 21704 - 21735, now 21704 , sum entries = 31320 . . . Used time: 0s Expected left time: 0s          
 Analyzing entries 21704 - 21735, now 21705 , sum entries = 31320 . . . Used time: 0s Expected left time: 0s          
 Analyzing entries 21704 - 21735, now 21706 , sum entries = 31320 . . . Used time: 0s Expected left time: 0s          
 Analyzing entries 21704 - 21735, now 21707 , sum entries = 31320 . . . Used time: 0s Expected left time: 0s          
 Analyzing entries 21704 - 21735, now 21708 , sum entries = 31320 . . . Used time: 0s Expected left time: 0s          
 Analyzing entries 21704 - 21735, now 21709 , sum entries = 31320 . . . Used time: 0s Expected left time: 0s          
 Analyzing entries 21704 - 21735, now 21710 , sum entries = 31320 . . . Used time: 0s Expected left time: 0s          
 Analyzing entries 21704 - 21735, now 21711 , sum entries = 31320 . . . Used time: 0s Expected left time: 0s          
 Analyzing entries 21704 - 21735, now 21712 , sum entries = 31320 . . . Used time: 0s Expected left time: 0s          
 Analyzing entries 21704 - 21735, now 21713 , sum entries = 31320 . . . Used time: 0s Expected left time: 0s          
 Analyzing entries 21704 - 21735, now 21714 , sum entries = 31320 . . . Used time: 0s Expected left time: 0s          
 Analyzing entries 21704 - 21735, now 21715 , sum entries = 31320 . . . Used time: 0s Expected left time: 0s          
 Analyzing entries 21704 - 21735, now 21716 , sum entries = 31320 . . . Used time: 0s Expected left time: 0s          
 Analyzing entries 21704 - 21735, now 21717 , sum entries = 31320 . . . Used time: 0s Expected left time: 0s          
 Analyzing entries 21704 - 21735, now 21718 , sum entries = 31320 . . . Used time: 0s Expected left time: 0s          
 Analyzing entries 21704 - 21735, now 21719 , sum entries = 31320 . . . Used time: 0s Expected left time: 0s          
 Analyzing entries 21704 - 21735, now 21720 , sum entries = 31320 . . . Used time: 0s Expected left time: 0s          
 Analyzing entries 21704 - 21735, now 21721 , sum entries = 31320 . . . Used time: 0s Expected left time: 0s          
 Analyzing entries 21704 - 21735, now 21722 , sum entries = 31320 . . . Used time: 0s Expected left time: 0s          
 Analyzing entries 21704 - 21735, now 21723 , sum entries = 31320 . . . Used time: 0s Expected left time: 0s          
 Analyzing entries 21704 - 21735, now 21724 , sum entries = 31320 . . . Used time: 0s Expected left time: 0s          
 Analyzing entries 21704 - 21735, now 21725 , sum entries = 31320 . . . Used time: 0s Expected left time: 0s          
 Analyzing entries 21704 - 21735, now 21726 , sum entries = 31320 . . . Used time: 0s Expected left time: 0s          
 Analyzing entries 21704 - 21735, now 21727 , sum entries = 31320 . . . Used time: 0s Expected left time: 0s          
 Analyzing entries 21704 - 21735, now 21728 , sum entries = 31320 . . . Used time: 0s Expected left time: 0s          
 Analyzing entries 21704 - 21735, now 21729 , sum entries = 31320 . . . Used time: 0s Expected left time: 0s          
 Analyzing entries 21704 - 21735, now 21730 , sum entries = 31320 . . . Used time: 0s Expected left time: 0s          
 Analyzing entries 21704 - 21735, now 21731 , sum entries = 31320 . . . Used time: 0s Expected left time: 0s          
 Analyzing entries 21704 - 21735, now 21732 , sum entries = 31320 . . . Used time: 0s Expected left time: 0s          
 Analyzing entries 21704 - 21735, now 21733 , sum entries = 31320 . . . Used time: 0s Expected left time: 0s          
 Analyzing entries 21704 - 21735, now 21734 , sum entries = 31320 . . . Used time: 0s Expected left time: 0s          
 Save to RootFile /extdisk/zlin/Machine_learning/RecoPlanesFeatures/CMS_herwig_HT1000to1500-preVFP_jinitpt450_600_j2pt80_120Reco/Chunk69_Part3.root . . . Used time: 0s Expected left time: 0s          
 Save to RootFile /extdisk/zlin/Machine_learning/RecoPlanesFeatures/CMS_herwig_HT1000to1500-preVFP_jinitpt450_600_j2pt80_120Reco/Chunk69_Part3.root . . . Used time: 0s Expected left time: 0s          
 Save to RootFile /extdisk/zlin/Machine_learning/RecoPlanesFeatures/CMS_herwig_HT1000to1500-preVFP_jinitpt450_600_j2pt80_120Reco/Chunk69_Part3.root . . . Used time: 0s Expected left time: 0s          
 Save to RootFile /extdisk/zlin/Machine_learning/RecoPlanesFeatures/CMS_herwig_HT1000to1500-preVFP_jinitpt450_600_j2pt80_120Reco/Chunk69_Part3.root . . . Used time: 0s Expected left time: 0s          
 Save to RootFile /extdisk/zlin/Machine_learning/RecoPlanesFeatures/CMS_herwig_HT1000to1500-preVFP_jinitpt450_600_j2pt80_120Reco/Chunk69_Part3.root . . . Used time: 0s Expected left time: 0s          
 Save to RootFile /extdisk/zlin/Machine_learning/RecoPlanesFeatures/CMS_herwig_HT1000to1500-preVFP_jinitpt450_600_j2pt80_120Reco/Chunk69_Part3.root . . . Used time: 0s Expected left time: 0s          
 Save to RootFile /extdisk/zlin/Machine_learning/RecoPlanesFeatures/CMS_herwig_HT1000to1500-preVFP_jinitpt450_600_j2pt80_120Reco/Chunk69_Part3.root . . . Used time: 0s Expected left time: 0s          
 Analyzing entries 21736 - 21767, now 21736 , sum entries = 31320 . . . Used time: 0s Expected left time: 0s          
 Analyzing entries 21736 - 21767, now 21737 , sum entries = 31320 . . . Used time: 0s Expected left time: 0s          
 Analyzing entries 21736 - 21767, now 21738 , sum entries = 31320 . . . Used time: 0s Expected left time: 0s          
 Analyzing entries 21736 - 21767, now 21739 , sum entries = 31320 . . . Used time: 0s Expected left time: 0s          
 Analyzing entries 21736 - 21767, now 21740 , sum entries = 31320 . . . Used time: 0s Expected left time: 0s          
 Analyzing entries 21736 - 21767, now 21741 , sum entries = 31320 . . . Used time: 0s Expected left time: 0s          
 Analyzing entries 21736 - 21767, now 21742 , sum entries = 31320 . . . Used time: 0s Expected left time: 0s          
 Analyzing entries 21736 - 21767, now 21743 , sum entries = 31320 . . . Used time: 0s Expected left time: 0s          
 Analyzing entries 21736 - 21767, now 21744 , sum entries = 31320 . . . Used time: 0s Expected left time: 0s          
 Analyzing entries 21736 - 21767, now 21745 , sum entries = 31320 . . . Used time: 0s Expected left time: 0s          
 Analyzing entries 21736 - 21767, now 21746 , sum entries = 31320 . . . Used time: 0s Expected left time: 0s          
 Analyzing entries 21736 - 21767, now 21747 , sum entries = 31320 . . . Used time: 0s Expected left time: 0s          
 Analyzing entries 21736 - 21767, now 21748 , sum entries = 31320 . . . Used time: 0s Expected left time: 0s          
 Analyzing entries 21736 - 21767, now 21749 , sum entries = 31320 . . . Used time: 0s Expected left time: 0s          
 Analyzing entries 21736 - 21767, now 21750 , sum entries = 31320 . . . Used time: 0s Expected left time: 0s          
 Analyzing entries 21736 - 21767, now 21751 , sum entries = 31320 . . . Used time: 0s Expected left time: 0s          
 Analyzing entries 21736 - 21767, now 21752 , sum entries = 31320 . . . Used time: 0s Expected left time: 0s          
 Analyzing entries 21736 - 21767, now 21753 , sum entries = 31320 . . . Used time: 0s Expected left time: 0s          
 Analyzing entries 21736 - 21767, now 21754 , sum entries = 31320 . . . Used time: 0s Expected left time: 0s          
 Analyzing entries 21736 - 21767, now 21755 , sum entries = 31320 . . . Used time: 0s Expected left time: 0s          
 Analyzing entries 21736 - 21767, now 21756 , sum entries = 31320 . . . Used time: 0s Expected left time: 0s          
 Analyzing entries 21736 - 21767, now 21757 , sum entries = 31320 . . . Used time: 0s Expected left time: 0s          
 Analyzing entries 21736 - 21767, now 21758 , sum entries = 31320 . . . Used time: 0s Expected left time: 0s          
 Analyzing entries 21736 - 21767, now 21759 , sum entries = 31320 . . . Used time: 0s Expected left time: 0s          
 Analyzing entries 21736 - 21767, now 21760 , sum entries = 31320 . . . Used time: 0s Expected left time: 0s          
 Analyzing entries 21736 - 21767, now 21761 , sum entries = 31320 . . . Used time: 0s Expected left time: 0s          
 Analyzing entries 21736 - 21767, now 21762 , sum entries = 31320 . . . Used time: 0s Expected left time: 0s          
 Analyzing entries 21736 - 21767, now 21763 , sum entries = 31320 . . . Used time: 0s Expected left time: 0s          
 Analyzing entries 21736 - 21767, now 21764 , sum entries = 31320 . . . Used time: 0s Expected left time: 0s          
 Analyzing entries 21736 - 21767, now 21765 , sum entries = 31320 . . . Used time: 0s Expected left time: 0s          
 Analyzing entries 21736 - 21767, now 21766 , sum entries = 31320 . . . Used time: 0s Expected left time: 0s          
 Save to RootFile /extdisk/zlin/Machine_learning/RecoPlanesFeatures/CMS_herwig_HT1000to1500-preVFP_jinitpt450_600_j2pt80_120Reco/Chunk69_Part4.root . . . Used time: 0s Expected left time: 0s          
 Save to RootFile /extdisk/zlin/Machine_learning/RecoPlanesFeatures/CMS_herwig_HT1000to1500-preVFP_jinitpt450_600_j2pt80_120Reco/Chunk69_Part4.root . . . Used time: 0s Expected left time: 0s          
 Save to RootFile /extdisk/zlin/Machine_learning/RecoPlanesFeatures/CMS_herwig_HT1000to1500-preVFP_jinitpt450_600_j2pt80_120Reco/Chunk69_Part4.root . . . Used time: 0s Expected left time: 0s          
 Save to RootFile /extdisk/zlin/Machine_learning/RecoPlanesFeatures/CMS_herwig_HT1000to1500-preVFP_jinitpt450_600_j2pt80_120Reco/Chunk69_Part4.root . . . Used time: 0s Expected left time: 0s          
 Save to RootFile /extdisk/zlin/Machine_learning/RecoPlanesFeatures/CMS_herwig_HT1000to1500-preVFP_jinitpt450_600_j2pt80_120Reco/Chunk69_Part4.root . . . Used time: 0s Expected left time: 0s          
 Analyzing entries 21767 - 21798, now 21767 , sum entries = 31320 . . . Used time: 0s Expected left time: 0s          
 Analyzing entries 21767 - 21798, now 21768 , sum entries = 31320 . . . Used time: 0s Expected left time: 0s          
 Analyzing entries 21767 - 21798, now 21769 , sum entries = 31320 . . . Used time: 0s Expected left time: 0s          
 Analyzing entries 21767 - 21798, now 21770 , sum entries = 31320 . . . Used time: 0s Expected left time: 0s          
 Analyzing entries 21767 - 21798, now 21771 , sum entries = 31320 . . . Used time: 0s Expected left time: 0s          
 Analyzing entries 21767 - 21798, now 21772 , sum entries = 31320 . . . Used time: 0s Expected left time: 0s          
 Analyzing entries 21767 - 21798, now 21773 , sum entries = 31320 . . . Used time: 0s Expected left time: 0s          
 Analyzing entries 21767 - 21798, now 21774 , sum entries = 31320 . . . Used time: 0s Expected left time: 0s          
 Analyzing entries 21767 - 21798, now 21775 , sum entries = 31320 . . . Used time: 0s Expected left time: 0s          
 Analyzing entries 21767 - 21798, now 21776 , sum entries = 31320 . . . Used time: 0s Expected left time: 0s          
 Analyzing entries 21767 - 21798, now 21777 , sum entries = 31320 . . . Used time: 0s Expected left time: 0s          
 Analyzing entries 21767 - 21798, now 21778 , sum entries = 31320 . . . Used time: 0s Expected left time: 0s          
 Analyzing entries 21767 - 21798, now 21779 , sum entries = 31320 . . . Used time: 0s Expected left time: 0s          
 Analyzing entries 21767 - 21798, now 21780 , sum entries = 31320 . . . Used time: 0s Expected left time: 0s          
 Analyzing entries 21767 - 21798, now 21781 , sum entries = 31320 . . . Used time: 0s Expected left time: 0s          
 Analyzing entries 21767 - 21798, now 21782 , sum entries = 31320 . . . Used time: 0s Expected left time: 0s          
 Analyzing entries 21767 - 21798, now 21783 , sum entries = 31320 . . . Used time: 0s Expected left time: 0s          
 Analyzing entries 21767 - 21798, now 21784 , sum entries = 31320 . . . Used time: 0s Expected left time: 0s          
 Analyzing entries 21767 - 21798, now 21785 , sum entries = 31320 . . . Used time: 0s Expected left time: 0s          
 Analyzing entries 21767 - 21798, now 21786 , sum entries = 31320 . . . Used time: 0s Expected left time: 0s          
 Analyzing entries 21767 - 21798, now 21787 , sum entries = 31320 . . . Used time: 0s Expected left time: 0s          
 Analyzing entries 21767 - 21798, now 21788 , sum entries = 31320 . . . Used time: 0s Expected left time: 0s          
 Analyzing entries 21767 - 21798, now 21789 , sum entries = 31320 . . . Used time: 0s Expected left time: 0s          
 Analyzing entries 21767 - 21798, now 21790 , sum entries = 31320 . . . Used time: 0s Expected left time: 0s          
 Analyzing entries 21767 - 21798, now 21791 , sum entries = 31320 . . . Used time: 0s Expected left time: 0s          
 Analyzing entries 21767 - 21798, now 21792 , sum entries = 31320 . . . Used time: 0s Expected left time: 0s          
 Analyzing entries 21767 - 21798, now 21793 , sum entries = 31320 . . . Used time: 0s Expected left time: 0s          
 Analyzing entries 21767 - 21798, now 21794 , sum entries = 31320 . . . Used time: 0s Expected left time: 0s          
 Analyzing entries 21767 - 21798, now 21795 , sum entries = 31320 . . . Used time: 0s Expected left time: 0s          
 Analyzing entries 21767 - 21798, now 21796 , sum entries = 31320 . . . Used time: 0s Expected left time: 0s          
 Analyzing entries 21767 - 21798, now 21797 , sum entries = 31320 . . . Used time: 0s Expected left time: 0s          
 Save to RootFile /extdisk/zlin/Machine_learning/RecoPlanesFeatures/CMS_herwig_HT1000to1500-preVFP_jinitpt450_600_j2pt80_120Reco/Chunk69_Part5.root . . . Used time: 0s Expected left time: 0s          
 Save to RootFile /extdisk/zlin/Machine_learning/RecoPlanesFeatures/CMS_herwig_HT1000to1500-preVFP_jinitpt450_600_j2pt80_120Reco/Chunk69_Part5.root . . . Used time: 0s Expected left time: 0s          
 Analyzing entries 21798 - 21829, now 21798 , sum entries = 31320 . . . Used time: 0s Expected left time: 0s          
 Analyzing entries 21798 - 21829, now 21799 , sum entries = 31320 . . . Used time: 0s Expected left time: 0s          
 Analyzing entries 21798 - 21829, now 21800 , sum entries = 31320 . . . Used time: 0s Expected left time: 0s          
 Analyzing entries 21798 - 21829, now 21801 , sum entries = 31320 . . . Used time: 0s Expected left time: 0s          
 Analyzing entries 21798 - 21829, now 21802 , sum entries = 31320 . . . Used time: 0s Expected left time: 0s          
 Analyzing entries 21798 - 21829, now 21803 , sum entries = 31320 . . . Used time: 0s Expected left time: 0s          
 Analyzing entries 21798 - 21829, now 21804 , sum entries = 31320 . . . Used time: 0s Expected left time: 0s          
 Analyzing entries 21798 - 21829, now 21805 , sum entries = 31320 . . . Used time: 0s Expected left time: 0s          
 Analyzing entries 21798 - 21829, now 21806 , sum entries = 31320 . . . Used time: 0s Expected left time: 0s          
 Analyzing entries 21798 - 21829, now 21807 , sum entries = 31320 . . . Used time: 0s Expected left time: 0s          
 Analyzing entries 21798 - 21829, now 21808 , sum entries = 31320 . . . Used time: 0s Expected left time: 0s          
 Analyzing entries 21798 - 21829, now 21809 , sum entries = 31320 . . . Used time: 0s Expected left time: 0s          
 Analyzing entries 21798 - 21829, now 21810 , sum entries = 31320 . . . Used time: 0s Expected left time: 0s          
 Analyzing entries 21798 - 21829, now 21811 , sum entries = 31320 . . . Used time: 0s Expected left time: 0s          
 Analyzing entries 21798 - 21829, now 21812 , sum entries = 31320 . . . Used time: 0s Expected left time: 0s          
 Analyzing entries 21798 - 21829, now 21813 , sum entries = 31320 . . . Used time: 0s Expected left time: 0s          
 Analyzing entries 21798 - 21829, now 21814 , sum entries = 31320 . . . Used time: 0s Expected left time: 0s          
 Analyzing entries 21798 - 21829, now 21815 , sum entries = 31320 . . . Used time: 0s Expected left time: 0s          
 Analyzing entries 21798 - 21829, now 21816 , sum entries = 31320 . . . Used time: 0s Expected left time: 0s          
 Analyzing entries 21798 - 21829, now 21817 , sum entries = 31320 . . . Used time: 0s Expected left time: 0s          
 Analyzing entries 21798 - 21829, now 21818 , sum entries = 31320 . . . Used time: 0s Expected left time: 0s          
 Analyzing entries 21798 - 21829, now 21819 , sum entries = 31320 . . . Used time: 0s Expected left time: 0s          
 Analyzing entries 21798 - 21829, now 21820 , sum entries = 31320 . . . Used time: 0s Expected left time: 0s          
 Analyzing entries 21798 - 21829, now 21821 , sum entries = 31320 . . . Used time: 0s Expected left time: 0s          
 Analyzing entries 21798 - 21829, now 21822 , sum entries = 31320 . . . Used time: 0s Expected left time: 0s          
 Analyzing entries 21798 - 21829, now 21823 , sum entries = 31320 . . . Used time: 0s Expected left time: 0s          
 Analyzing entries 21798 - 21829, now 21824 , sum entries = 31320 . . . Used time: 0s Expected left time: 0s          
 Analyzing entries 21798 - 21829, now 21825 , sum entries = 31320 . . . Used time: 0s Expected left time: 0s          
 Analyzing entries 21798 - 21829, now 21826 , sum entries = 31320 . . . Used time: 0s Expected left time: 0s          
 Analyzing entries 21798 - 21829, now 21827 , sum entries = 31320 . . . Used time: 0s Expected left time: 0s          
 Analyzing entries 21798 - 21829, now 21828 , sum entries = 31320 . . . Used time: 0s Expected left time: 0s          
 Save to RootFile /extdisk/zlin/Machine_learning/RecoPlanesFeatures/CMS_herwig_HT1000to1500-preVFP_jinitpt450_600_j2pt80_120Reco/Chunk69_Part6.root . . . Used time: 0s Expected left time: 0s          
 Save to RootFile /extdisk/zlin/Machine_learning/RecoPlanesFeatures/CMS_herwig_HT1000to1500-preVFP_jinitpt450_600_j2pt80_120Reco/Chunk69_Part6.root . . . Used time: 0s Expected left time: 0s          
 Analyzing entries 21830 - 21861, now 21830 , sum entries = 31320 . . . Used time: 0s Expected left time: 0s          
 Analyzing entries 21830 - 21861, now 21831 , sum entries = 31320 . . . Used time: 0s Expected left time: 0s          
 Analyzing entries 21830 - 21861, now 21832 , sum entries = 31320 . . . Used time: 0s Expected left time: 0s          
 Analyzing entries 21830 - 21861, now 21833 , sum entries = 31320 . . . Used time: 0s Expected left time: 0s          
 Analyzing entries 21830 - 21861, now 21834 , sum entries = 31320 . . . Used time: 0s Expected left time: 0s          
 Analyzing entries 21830 - 21861, now 21835 , sum entries = 31320 . . . Used time: 0s Expected left time: 0s          
 Analyzing entries 21830 - 21861, now 21836 , sum entries = 31320 . . . Used time: 0s Expected left time: 0s          
 Analyzing entries 21830 - 21861, now 21837 , sum entries = 31320 . . . Used time: 0s Expected left time: 0s          
 Analyzing entries 21830 - 21861, now 21838 , sum entries = 31320 . . . Used time: 0s Expected left time: 0s          
 Analyzing entries 21830 - 21861, now 21839 , sum entries = 31320 . . . Used time: 0s Expected left time: 0s          
 Analyzing entries 21830 - 21861, now 21840 , sum entries = 31320 . . . Used time: 0s Expected left time: 0s          
 Analyzing entries 21830 - 21861, now 21841 , sum entries = 31320 . . . Used time: 0s Expected left time: 0s          
 Analyzing entries 21830 - 21861, now 21842 , sum entries = 31320 . . . Used time: 0s Expected left time: 0s          
 Analyzing entries 21830 - 21861, now 21843 , sum entries = 31320 . . . Used time: 0s Expected left time: 0s          
 Analyzing entries 21830 - 21861, now 21844 , sum entries = 31320 . . . Used time: 0s Expected left time: 0s          
 Analyzing entries 21830 - 21861, now 21845 , sum entries = 31320 . . . Used time: 0s Expected left time: 0s          
 Analyzing entries 21830 - 21861, now 21846 , sum entries = 31320 . . . Used time: 0s Expected left time: 0s          
 Analyzing entries 21830 - 21861, now 21847 , sum entries = 31320 . . . Used time: 0s Expected left time: 0s          
 Analyzing entries 21830 - 21861, now 21848 , sum entries = 31320 . . . Used time: 0s Expected left time: 0s          
 Analyzing entries 21830 - 21861, now 21849 , sum entries = 31320 . . . Used time: 0s Expected left time: 0s          
 Analyzing entries 21830 - 21861, now 21850 , sum entries = 31320 . . . Used time: 0s Expected left time: 0s          
 Analyzing entries 21830 - 21861, now 21851 , sum entries = 31320 . . . Used time: 0s Expected left time: 0s          
 Analyzing entries 21830 - 21861, now 21852 , sum entries = 31320 . . . Used time: 0s Expected left time: 0s          
 Analyzing entries 21830 - 21861, now 21853 , sum entries = 31320 . . . Used time: 0s Expected left time: 0s          
 Analyzing entries 21830 - 21861, now 21854 , sum entries = 31320 . . . Used time: 0s Expected left time: 0s          
 Analyzing entries 21830 - 21861, now 21855 , sum entries = 31320 . . . Used time: 0s Expected left time: 0s          
 Analyzing entries 21830 - 21861, now 21856 , sum entries = 31320 . . . Used time: 0s Expected left time: 0s          
 Analyzing entries 21830 - 21861, now 21857 , sum entries = 31320 . . . Used time: 0s Expected left time: 0s          
 Analyzing entries 21830 - 21861, now 21858 , sum entries = 31320 . . . Used time: 0s Expected left time: 0s          
 Analyzing entries 21830 - 21861, now 21859 , sum entries = 31320 . . . Used time: 0s Expected left time: 0s          
 Analyzing entries 21830 - 21861, now 21860 , sum entries = 31320 . . . Used time: 0s Expected left time: 0s          
 Save to RootFile /extdisk/zlin/Machine_learning/RecoPlanesFeatures/CMS_herwig_HT1000to1500-preVFP_jinitpt450_600_j2pt80_120Reco/Chunk69_Part7.root . . . Used time: 0s Expected left time: 0s          
 Save to RootFile /extdisk/zlin/Machine_learning/RecoPlanesFeatures/CMS_herwig_HT1000to1500-preVFP_jinitpt450_600_j2pt80_120Reco/Chunk69_Part7.root . . . Used time: 0s Expected left time: 0s          
 Save to RootFile /extdisk/zlin/Machine_learning/RecoPlanesFeatures/CMS_herwig_HT1000to1500-preVFP_jinitpt450_600_j2pt80_120Reco/Chunk69_Part7.root . . . Used time: 0s Expected left time: 0s          
 Save to RootFile /extdisk/zlin/Machine_learning/RecoPlanesFeatures/CMS_herwig_HT1000to1500-preVFP_jinitpt450_600_j2pt80_120Reco/Chunk69_Part7.root . . . Used time: 0s Expected left time: 0s          
 Save to RootFile /extdisk/zlin/Machine_learning/RecoPlanesFeatures/CMS_herwig_HT1000to1500-preVFP_jinitpt450_600_j2pt80_120Reco/Chunk69_Part7.root . . . Used time: 0s Expected left time: 0s          
 Analyzing entries 21861 - 21892, now 21861 , sum entries = 31320 . . . Used time: 0s Expected left time: 0s          
 Analyzing entries 21861 - 21892, now 21862 , sum entries = 31320 . . . Used time: 0s Expected left time: 0s          
 Analyzing entries 21861 - 21892, now 21863 , sum entries = 31320 . . . Used time: 0s Expected left time: 0s          
 Analyzing entries 21861 - 21892, now 21864 , sum entries = 31320 . . . Used time: 0s Expected left time: 0s          
 Analyzing entries 21861 - 21892, now 21865 , sum entries = 31320 . . . Used time: 0s Expected left time: 0s          
 Analyzing entries 21861 - 21892, now 21866 , sum entries = 31320 . . . Used time: 0s Expected left time: 0s          
 Analyzing entries 21861 - 21892, now 21867 , sum entries = 31320 . . . Used time: 0s Expected left time: 0s          
 Analyzing entries 21861 - 21892, now 21868 , sum entries = 31320 . . . Used time: 0s Expected left time: 0s          
 Analyzing entries 21861 - 21892, now 21869 , sum entries = 31320 . . . Used time: 0s Expected left time: 0s          
 Analyzing entries 21861 - 21892, now 21870 , sum entries = 31320 . . . Used time: 0s Expected left time: 0s          
 Analyzing entries 21861 - 21892, now 21871 , sum entries = 31320 . . . Used time: 0s Expected left time: 0s          
 Analyzing entries 21861 - 21892, now 21872 , sum entries = 31320 . . . Used time: 0s Expected left time: 0s          
 Analyzing entries 21861 - 21892, now 21873 , sum entries = 31320 . . . Used time: 0s Expected left time: 0s          
 Analyzing entries 21861 - 21892, now 21874 , sum entries = 31320 . . . Used time: 0s Expected left time: 0s          
 Analyzing entries 21861 - 21892, now 21875 , sum entries = 31320 . . . Used time: 0s Expected left time: 0s          
 Analyzing entries 21861 - 21892, now 21876 , sum entries = 31320 . . . Used time: 0s Expected left time: 0s          
 Analyzing entries 21861 - 21892, now 21877 , sum entries = 31320 . . . Used time: 0s Expected left time: 0s          
 Analyzing entries 21861 - 21892, now 21878 , sum entries = 31320 . . . Used time: 0s Expected left time: 0s          
 Analyzing entries 21861 - 21892, now 21879 , sum entries = 31320 . . . Used time: 0s Expected left time: 0s          
 Analyzing entries 21861 - 21892, now 21880 , sum entries = 31320 . . . Used time: 0s Expected left time: 0s          
 Analyzing entries 21861 - 21892, now 21881 , sum entries = 31320 . . . Used time: 0s Expected left time: 0s          
 Analyzing entries 21861 - 21892, now 21882 , sum entries = 31320 . . . Used time: 0s Expected left time: 0s          
 Analyzing entries 21861 - 21892, now 21883 , sum entries = 31320 . . . Used time: 0s Expected left time: 0s          
 Analyzing entries 21861 - 21892, now 21884 , sum entries = 31320 . . . Used time: 0s Expected left time: 0s          
 Analyzing entries 21861 - 21892, now 21885 , sum entries = 31320 . . . Used time: 0s Expected left time: 0s          
 Analyzing entries 21861 - 21892, now 21886 , sum entries = 31320 . . . Used time: 0s Expected left time: 0s          
 Analyzing entries 21861 - 21892, now 21887 , sum entries = 31320 . . . Used time: 0s Expected left time: 0s          
 Analyzing entries 21861 - 21892, now 21888 , sum entries = 31320 . . . Used time: 0s Expected left time: 0s          
 Analyzing entries 21861 - 21892, now 21889 , sum entries = 31320 . . . Used time: 0s Expected left time: 0s          
 Analyzing entries 21861 - 21892, now 21890 , sum entries = 31320 . . . Used time: 0s Expected left time: 0s          
 Analyzing entries 21861 - 21892, now 21891 , sum entries = 31320 . . . Used time: 0s Expected left time: 0s          
 Save to RootFile /extdisk/zlin/Machine_learning/RecoPlanesFeatures/CMS_herwig_HT1000to1500-preVFP_jinitpt450_600_j2pt80_120Reco/Chunk69_Part8.root . . . Used time: 0s Expected left time: 0s          
 Save to RootFile /extdisk/zlin/Machine_learning/RecoPlanesFeatures/CMS_herwig_HT1000to1500-preVFP_jinitpt450_600_j2pt80_120Reco/Chunk69_Part8.root . . . Used time: 0s Expected left time: 0s          
 Save to RootFile /extdisk/zlin/Machine_learning/RecoPlanesFeatures/CMS_herwig_HT1000to1500-preVFP_jinitpt450_600_j2pt80_120Reco/Chunk69_Part8.root . . . Used time: 0s Expected left time: 0s          
 Save to RootFile /extdisk/zlin/Machine_learning/RecoPlanesFeatures/CMS_herwig_HT1000to1500-preVFP_jinitpt450_600_j2pt80_120Reco/Chunk69_Part8.root . . . Used time: 0s Expected left time: 0s          
 Save to RootFile /extdisk/zlin/Machine_learning/RecoPlanesFeatures/CMS_herwig_HT1000to1500-preVFP_jinitpt450_600_j2pt80_120Reco/Chunk69_Part8.root . . . Used time: 0s Expected left time: 0s          
 Analyzing entries 21892 - 21923, now 21892 , sum entries = 31320 . . . Used time: 0s Expected left time: 0s          
 Analyzing entries 21892 - 21923, now 21893 , sum entries = 31320 . . . Used time: 0s Expected left time: 0s          
 Analyzing entries 21892 - 21923, now 21894 , sum entries = 31320 . . . Used time: 0s Expected left time: 0s          
 Analyzing entries 21892 - 21923, now 21895 , sum entries = 31320 . . . Used time: 0s Expected left time: 0s          
 Analyzing entries 21892 - 21923, now 21896 , sum entries = 31320 . . . Used time: 0s Expected left time: 0s          
 Analyzing entries 21892 - 21923, now 21897 , sum entries = 31320 . . . Used time: 0s Expected left time: 0s          
 Analyzing entries 21892 - 21923, now 21898 , sum entries = 31320 . . . Used time: 0s Expected left time: 0s          
 Analyzing entries 21892 - 21923, now 21899 , sum entries = 31320 . . . Used time: 0s Expected left time: 0s          
 Analyzing entries 21892 - 21923, now 21900 , sum entries = 31320 . . . Used time: 0s Expected left time: 0s          
 Analyzing entries 21892 - 21923, now 21901 , sum entries = 31320 . . . Used time: 0s Expected left time: 0s          
 Analyzing entries 21892 - 21923, now 21902 , sum entries = 31320 . . . Used time: 0s Expected left time: 0s          
 Analyzing entries 21892 - 21923, now 21903 , sum entries = 31320 . . . Used time: 0s Expected left time: 0s          
 Analyzing entries 21892 - 21923, now 21904 , sum entries = 31320 . . . Used time: 0s Expected left time: 0s          
 Analyzing entries 21892 - 21923, now 21905 , sum entries = 31320 . . . Used time: 0s Expected left time: 0s          
 Analyzing entries 21892 - 21923, now 21906 , sum entries = 31320 . . . Used time: 0s Expected left time: 0s          
 Analyzing entries 21892 - 21923, now 21907 , sum entries = 31320 . . . Used time: 0s Expected left time: 0s          
 Analyzing entries 21892 - 21923, now 21908 , sum entries = 31320 . . . Used time: 0s Expected left time: 0s          
 Analyzing entries 21892 - 21923, now 21909 , sum entries = 31320 . . . Used time: 0s Expected left time: 0s          
 Analyzing entries 21892 - 21923, now 21910 , sum entries = 31320 . . . Used time: 0s Expected left time: 0s          
 Analyzing entries 21892 - 21923, now 21911 , sum entries = 31320 . . . Used time: 0s Expected left time: 0s          
 Analyzing entries 21892 - 21923, now 21912 , sum entries = 31320 . . . Used time: 0s Expected left time: 0s          
 Analyzing entries 21892 - 21923, now 21913 , sum entries = 31320 . . . Used time: 0s Expected left time: 0s          
 Analyzing entries 21892 - 21923, now 21914 , sum entries = 31320 . . . Used time: 0s Expected left time: 0s          
 Analyzing entries 21892 - 21923, now 21915 , sum entries = 31320 . . . Used time: 0s Expected left time: 0s          
 Analyzing entries 21892 - 21923, now 21916 , sum entries = 31320 . . . Used time: 0s Expected left time: 0s          
 Analyzing entries 21892 - 21923, now 21917 , sum entries = 31320 . . . Used time: 0s Expected left time: 0s          
 Analyzing entries 21892 - 21923, now 21918 , sum entries = 31320 . . . Used time: 0s Expected left time: 0s          
 Analyzing entries 21892 - 21923, now 21919 , sum entries = 31320 . . . Used time: 0s Expected left time: 0s          
 Analyzing entries 21892 - 21923, now 21920 , sum entries = 31320 . . . Used time: 0s Expected left time: 0s          
 Analyzing entries 21892 - 21923, now 21921 , sum entries = 31320 . . . Used time: 0s Expected left time: 0s          
 Analyzing entries 21892 - 21923, now 21922 , sum entries = 31320 . . . Used time: 0s Expected left time: 0s          
 Save to RootFile /extdisk/zlin/Machine_learning/RecoPlanesFeatures/CMS_herwig_HT1000to1500-preVFP_jinitpt450_600_j2pt80_120Reco/Chunk69_Part9.root . . . Used time: 0s Expected left time: 0s          
 Save to RootFile /extdisk/zlin/Machine_learning/RecoPlanesFeatures/CMS_herwig_HT1000to1500-preVFP_jinitpt450_600_j2pt80_120Reco/Chunk69_Part9.root . . . Used time: 0s Expected left time: 0s          
 Save to RootFile /extdisk/zlin/Machine_learning/RecoPlanesFeatures/CMS_herwig_HT1000to1500-preVFP_jinitpt450_600_j2pt80_120Reco/Chunk69_Part9.root . . . Used time: 0s Expected left time: 0s          
 Save to RootFile /extdisk/zlin/Machine_learning/RecoPlanesFeatures/CMS_herwig_HT1000to1500-preVFP_jinitpt450_600_j2pt80_120Reco/Chunk69_Part9.root . . . Used time: 0s Expected left time: 0s          
