Warning in <TFile::Init>: file /extdisk/zlin/Machine_learning/RecoPlanes/CMS_herwig_HT1000to1500-preVFP/Chunk23_Part0.root probably not closed, trying to recover
Info in <TFile::Recover>: /extdisk/zlin/Machine_learning/RecoPlanes/CMS_herwig_HT1000to1500-preVFP/Chunk23_Part0.root, recovered key TTree:DataInfo at address 2167895
Warning in <TFile::Init>: successfully recovered 1 keys
Warning in <TFile::Init>: file /extdisk/zlin/Machine_learning/RecoPlanes/CMS_herwig_HT1000to1500-preVFP/Chunk25_Part0.root probably not closed, trying to recover
Warning in <TFile::Init>: no keys recovered, file has been made a Zombie
Warning in <TFile::Init>: file /extdisk/zlin/Machine_learning/RecoPlanes/CMS_herwig_HT1000to1500-preVFP/Chunk39_Part0.root probably not closed, trying to recover
Warning in <TFile::Init>: no keys recovered, file has been made a Zombie
 Analyzing entries 15133 - 15163, now 15133 , sum entries = 30885 . . . Used time: 0s Expected left time: 0s          
 Analyzing entries 15133 - 15163, now 15134 , sum entries = 30885 . . . Used time: 0s Expected left time: 0s          
 Analyzing entries 15133 - 15163, now 15135 , sum entries = 30885 . . . Used time: 0s Expected left time: 0s          
 Analyzing entries 15133 - 15163, now 15136 , sum entries = 30885 . . . Used time: 0s Expected left time: 0s          
 Analyzing entries 15133 - 15163, now 15137 , sum entries = 30885 . . . Used time: 0s Expected left time: 0s          
 Analyzing entries 15133 - 15163, now 15138 , sum entries = 30885 . . . Used time: 0s Expected left time: 0s          
 Analyzing entries 15133 - 15163, now 15139 , sum entries = 30885 . . . Used time: 0s Expected left time: 0s          
 Analyzing entries 15133 - 15163, now 15140 , sum entries = 30885 . . . Used time: 0s Expected left time: 0s          
 Analyzing entries 15133 - 15163, now 15141 , sum entries = 30885 . . . Used time: 0s Expected left time: 0s          
 Analyzing entries 15133 - 15163, now 15142 , sum entries = 30885 . . . Used time: 0s Expected left time: 0s          
 Analyzing entries 15133 - 15163, now 15143 , sum entries = 30885 . . . Used time: 0s Expected left time: 0s          
 Analyzing entries 15133 - 15163, now 15144 , sum entries = 30885 . . . Used time: 0s Expected left time: 0s          
 Analyzing entries 15133 - 15163, now 15145 , sum entries = 30885 . . . Used time: 0s Expected left time: 0s          
 Analyzing entries 15133 - 15163, now 15146 , sum entries = 30885 . . . Used time: 0s Expected left time: 0s          
 Analyzing entries 15133 - 15163, now 15147 , sum entries = 30885 . . . Used time: 0s Expected left time: 0s          
 Analyzing entries 15133 - 15163, now 15148 , sum entries = 30885 . . . Used time: 0s Expected left time: 0s          
 Analyzing entries 15133 - 15163, now 15149 , sum entries = 30885 . . . Used time: 0s Expected left time: 0s          
 Analyzing entries 15133 - 15163, now 15150 , sum entries = 30885 . . . Used time: 0s Expected left time: 0s          
 Analyzing entries 15133 - 15163, now 15151 , sum entries = 30885 . . . Used time: 0s Expected left time: 0s          
 Analyzing entries 15133 - 15163, now 15152 , sum entries = 30885 . . . Used time: 0s Expected left time: 0s          
 Analyzing entries 15133 - 15163, now 15153 , sum entries = 30885 . . . Used time: 0s Expected left time: 0s          
 Analyzing entries 15133 - 15163, now 15154 , sum entries = 30885 . . . Used time: 0s Expected left time: 0s          
 Analyzing entries 15133 - 15163, now 15155 , sum entries = 30885 . . . Used time: 0s Expected left time: 0s          
 Analyzing entries 15133 - 15163, now 15156 , sum entries = 30885 . . . Used time: 0s Expected left time: 0s          
 Analyzing entries 15133 - 15163, now 15157 , sum entries = 30885 . . . Used time: 0s Expected left time: 0s          
 Analyzing entries 15133 - 15163, now 15158 , sum entries = 30885 . . . Used time: 0s Expected left time: 0s          
 Analyzing entries 15133 - 15163, now 15159 , sum entries = 30885 . . . Used time: 0s Expected left time: 0s          
 Analyzing entries 15133 - 15163, now 15160 , sum entries = 30885 . . . Used time: 0s Expected left time: 0s          
 Analyzing entries 15133 - 15163, now 15161 , sum entries = 30885 . . . Used time: 0s Expected left time: 0s          
 Analyzing entries 15133 - 15163, now 15162 , sum entries = 30885 . . . Used time: 0s Expected left time: 0s          
 Save to RootFile /extdisk/zlin/Machine_learning/RecoPlanesFeatures/CMS_herwig_HT1000to1500-preVFP_jinitpt450_600_j2pt80_120Reco/Chunk49_Part0.root . . . Used time: 0s Expected left time: 0s          
 Save to RootFile /extdisk/zlin/Machine_learning/RecoPlanesFeatures/CMS_herwig_HT1000to1500-preVFP_jinitpt450_600_j2pt80_120Reco/Chunk49_Part0.root . . . Used time: 0s Expected left time: 0s          
 Save to RootFile /extdisk/zlin/Machine_learning/RecoPlanesFeatures/CMS_herwig_HT1000to1500-preVFP_jinitpt450_600_j2pt80_120Reco/Chunk49_Part0.root . . . Used time: 0s Expected left time: 0s          
 Save to RootFile /extdisk/zlin/Machine_learning/RecoPlanesFeatures/CMS_herwig_HT1000to1500-preVFP_jinitpt450_600_j2pt80_120Reco/Chunk49_Part0.root . . . Used time: 0s Expected left time: 0s          
 Analyzing entries 15164 - 15194, now 15164 , sum entries = 30885 . . . Used time: 0s Expected left time: 0s          
 Analyzing entries 15164 - 15194, now 15165 , sum entries = 30885 . . . Used time: 0s Expected left time: 0s          
 Analyzing entries 15164 - 15194, now 15166 , sum entries = 30885 . . . Used time: 0s Expected left time: 0s          
 Analyzing entries 15164 - 15194, now 15167 , sum entries = 30885 . . . Used time: 0s Expected left time: 0s          
 Analyzing entries 15164 - 15194, now 15168 , sum entries = 30885 . . . Used time: 0s Expected left time: 0s          
 Analyzing entries 15164 - 15194, now 15169 , sum entries = 30885 . . . Used time: 0s Expected left time: 0s          
 Analyzing entries 15164 - 15194, now 15170 , sum entries = 30885 . . . Used time: 0s Expected left time: 0s          
 Analyzing entries 15164 - 15194, now 15171 , sum entries = 30885 . . . Used time: 0s Expected left time: 0s          
 Analyzing entries 15164 - 15194, now 15172 , sum entries = 30885 . . . Used time: 0s Expected left time: 0s          
 Analyzing entries 15164 - 15194, now 15173 , sum entries = 30885 . . . Used time: 0s Expected left time: 0s          
 Analyzing entries 15164 - 15194, now 15174 , sum entries = 30885 . . . Used time: 0s Expected left time: 0s          
 Analyzing entries 15164 - 15194, now 15175 , sum entries = 30885 . . . Used time: 0s Expected left time: 0s          
 Analyzing entries 15164 - 15194, now 15176 , sum entries = 30885 . . . Used time: 0s Expected left time: 0s          
 Analyzing entries 15164 - 15194, now 15177 , sum entries = 30885 . . . Used time: 0s Expected left time: 0s          
 Analyzing entries 15164 - 15194, now 15178 , sum entries = 30885 . . . Used time: 0s Expected left time: 0s          
 Analyzing entries 15164 - 15194, now 15179 , sum entries = 30885 . . . Used time: 0s Expected left time: 0s          
 Analyzing entries 15164 - 15194, now 15180 , sum entries = 30885 . . . Used time: 0s Expected left time: 0s          
 Analyzing entries 15164 - 15194, now 15181 , sum entries = 30885 . . . Used time: 0s Expected left time: 0s          
 Analyzing entries 15164 - 15194, now 15182 , sum entries = 30885 . . . Used time: 0s Expected left time: 0s          
 Analyzing entries 15164 - 15194, now 15183 , sum entries = 30885 . . . Used time: 0s Expected left time: 0s          
 Analyzing entries 15164 - 15194, now 15184 , sum entries = 30885 . . . Used time: 0s Expected left time: 0s          
 Analyzing entries 15164 - 15194, now 15185 , sum entries = 30885 . . . Used time: 0s Expected left time: 0s          
 Analyzing entries 15164 - 15194, now 15186 , sum entries = 30885 . . . Used time: 0s Expected left time: 0s          
 Analyzing entries 15164 - 15194, now 15187 , sum entries = 30885 . . . Used time: 0s Expected left time: 0s          
 Analyzing entries 15164 - 15194, now 15188 , sum entries = 30885 . . . Used time: 0s Expected left time: 0s          
 Analyzing entries 15164 - 15194, now 15189 , sum entries = 30885 . . . Used time: 0s Expected left time: 0s          
 Analyzing entries 15164 - 15194, now 15190 , sum entries = 30885 . . . Used time: 0s Expected left time: 0s          
 Analyzing entries 15164 - 15194, now 15191 , sum entries = 30885 . . . Used time: 0s Expected left time: 0s          
 Analyzing entries 15164 - 15194, now 15192 , sum entries = 30885 . . . Used time: 0s Expected left time: 0s          
 Analyzing entries 15164 - 15194, now 15193 , sum entries = 30885 . . . Used time: 0s Expected left time: 0s          
 Save to RootFile /extdisk/zlin/Machine_learning/RecoPlanesFeatures/CMS_herwig_HT1000to1500-preVFP_jinitpt450_600_j2pt80_120Reco/Chunk49_Part1.root . . . Used time: 0s Expected left time: 0s          
 Save to RootFile /extdisk/zlin/Machine_learning/RecoPlanesFeatures/CMS_herwig_HT1000to1500-preVFP_jinitpt450_600_j2pt80_120Reco/Chunk49_Part1.root . . . Used time: 0s Expected left time: 0s          
 Save to RootFile /extdisk/zlin/Machine_learning/RecoPlanesFeatures/CMS_herwig_HT1000to1500-preVFP_jinitpt450_600_j2pt80_120Reco/Chunk49_Part1.root . . . Used time: 0s Expected left time: 0s          
 Analyzing entries 15195 - 15225, now 15195 , sum entries = 30885 . . . Used time: 0s Expected left time: 0s          
 Analyzing entries 15195 - 15225, now 15196 , sum entries = 30885 . . . Used time: 0s Expected left time: 0s          
 Analyzing entries 15195 - 15225, now 15197 , sum entries = 30885 . . . Used time: 0s Expected left time: 0s          
 Analyzing entries 15195 - 15225, now 15198 , sum entries = 30885 . . . Used time: 0s Expected left time: 0s          
 Analyzing entries 15195 - 15225, now 15199 , sum entries = 30885 . . . Used time: 0s Expected left time: 0s          
 Analyzing entries 15195 - 15225, now 15200 , sum entries = 30885 . . . Used time: 0s Expected left time: 0s          
 Analyzing entries 15195 - 15225, now 15201 , sum entries = 30885 . . . Used time: 0s Expected left time: 0s          
 Analyzing entries 15195 - 15225, now 15202 , sum entries = 30885 . . . Used time: 0s Expected left time: 0s          
 Analyzing entries 15195 - 15225, now 15203 , sum entries = 30885 . . . Used time: 0s Expected left time: 0s          
 Analyzing entries 15195 - 15225, now 15204 , sum entries = 30885 . . . Used time: 0s Expected left time: 0s          
 Analyzing entries 15195 - 15225, now 15205 , sum entries = 30885 . . . Used time: 0s Expected left time: 0s          
 Analyzing entries 15195 - 15225, now 15206 , sum entries = 30885 . . . Used time: 0s Expected left time: 0s          
 Analyzing entries 15195 - 15225, now 15207 , sum entries = 30885 . . . Used time: 0s Expected left time: 0s          
 Analyzing entries 15195 - 15225, now 15208 , sum entries = 30885 . . . Used time: 0s Expected left time: 0s          
 Analyzing entries 15195 - 15225, now 15209 , sum entries = 30885 . . . Used time: 0s Expected left time: 0s          
 Analyzing entries 15195 - 15225, now 15210 , sum entries = 30885 . . . Used time: 0s Expected left time: 0s          
 Analyzing entries 15195 - 15225, now 15211 , sum entries = 30885 . . . Used time: 0s Expected left time: 0s          
 Analyzing entries 15195 - 15225, now 15212 , sum entries = 30885 . . . Used time: 0s Expected left time: 0s          
 Analyzing entries 15195 - 15225, now 15213 , sum entries = 30885 . . . Used time: 0s Expected left time: 0s          
 Analyzing entries 15195 - 15225, now 15214 , sum entries = 30885 . . . Used time: 0s Expected left time: 0s          
 Analyzing entries 15195 - 15225, now 15215 , sum entries = 30885 . . . Used time: 0s Expected left time: 0s          
 Analyzing entries 15195 - 15225, now 15216 , sum entries = 30885 . . . Used time: 0s Expected left time: 0s          
 Analyzing entries 15195 - 15225, now 15217 , sum entries = 30885 . . . Used time: 0s Expected left time: 0s          
 Analyzing entries 15195 - 15225, now 15218 , sum entries = 30885 . . . Used time: 0s Expected left time: 0s          
 Analyzing entries 15195 - 15225, now 15219 , sum entries = 30885 . . . Used time: 0s Expected left time: 0s          
 Analyzing entries 15195 - 15225, now 15220 , sum entries = 30885 . . . Used time: 0s Expected left time: 0s          
 Analyzing entries 15195 - 15225, now 15221 , sum entries = 30885 . . . Used time: 0s Expected left time: 0s          
 Analyzing entries 15195 - 15225, now 15222 , sum entries = 30885 . . . Used time: 0s Expected left time: 0s          
 Analyzing entries 15195 - 15225, now 15223 , sum entries = 30885 . . . Used time: 0s Expected left time: 0s          
 Analyzing entries 15195 - 15225, now 15224 , sum entries = 30885 . . . Used time: 0s Expected left time: 0s          
 Save to RootFile /extdisk/zlin/Machine_learning/RecoPlanesFeatures/CMS_herwig_HT1000to1500-preVFP_jinitpt450_600_j2pt80_120Reco/Chunk49_Part2.root . . . Used time: 0s Expected left time: 0s          
 Save to RootFile /extdisk/zlin/Machine_learning/RecoPlanesFeatures/CMS_herwig_HT1000to1500-preVFP_jinitpt450_600_j2pt80_120Reco/Chunk49_Part2.root . . . Used time: 0s Expected left time: 0s          
 Analyzing entries 15226 - 15256, now 15226 , sum entries = 30885 . . . Used time: 0s Expected left time: 0s          
 Analyzing entries 15226 - 15256, now 15227 , sum entries = 30885 . . . Used time: 0s Expected left time: 0s          
 Analyzing entries 15226 - 15256, now 15228 , sum entries = 30885 . . . Used time: 0s Expected left time: 0s          
 Analyzing entries 15226 - 15256, now 15229 , sum entries = 30885 . . . Used time: 0s Expected left time: 0s          
 Analyzing entries 15226 - 15256, now 15230 , sum entries = 30885 . . . Used time: 0s Expected left time: 0s          
 Analyzing entries 15226 - 15256, now 15231 , sum entries = 30885 . . . Used time: 0s Expected left time: 0s          
 Analyzing entries 15226 - 15256, now 15232 , sum entries = 30885 . . . Used time: 0s Expected left time: 0s          
 Analyzing entries 15226 - 15256, now 15233 , sum entries = 30885 . . . Used time: 0s Expected left time: 0s          
 Analyzing entries 15226 - 15256, now 15234 , sum entries = 30885 . . . Used time: 0s Expected left time: 0s          
 Analyzing entries 15226 - 15256, now 15235 , sum entries = 30885 . . . Used time: 0s Expected left time: 0s          
 Analyzing entries 15226 - 15256, now 15236 , sum entries = 30885 . . . Used time: 0s Expected left time: 0s          
 Analyzing entries 15226 - 15256, now 15237 , sum entries = 30885 . . . Used time: 0s Expected left time: 0s          
 Analyzing entries 15226 - 15256, now 15238 , sum entries = 30885 . . . Used time: 0s Expected left time: 0s          
 Analyzing entries 15226 - 15256, now 15239 , sum entries = 30885 . . . Used time: 0s Expected left time: 0s          
 Analyzing entries 15226 - 15256, now 15240 , sum entries = 30885 . . . Used time: 0s Expected left time: 0s          
 Analyzing entries 15226 - 15256, now 15241 , sum entries = 30885 . . . Used time: 0s Expected left time: 0s          
 Analyzing entries 15226 - 15256, now 15242 , sum entries = 30885 . . . Used time: 0s Expected left time: 0s          
 Analyzing entries 15226 - 15256, now 15243 , sum entries = 30885 . . . Used time: 0s Expected left time: 0s          
 Analyzing entries 15226 - 15256, now 15244 , sum entries = 30885 . . . Used time: 0s Expected left time: 0s          
 Analyzing entries 15226 - 15256, now 15245 , sum entries = 30885 . . . Used time: 0s Expected left time: 0s          
 Analyzing entries 15226 - 15256, now 15246 , sum entries = 30885 . . . Used time: 0s Expected left time: 0s          
 Analyzing entries 15226 - 15256, now 15247 , sum entries = 30885 . . . Used time: 0s Expected left time: 0s          
 Analyzing entries 15226 - 15256, now 15248 , sum entries = 30885 . . . Used time: 0s Expected left time: 0s          
 Analyzing entries 15226 - 15256, now 15249 , sum entries = 30885 . . . Used time: 0s Expected left time: 0s          
 Analyzing entries 15226 - 15256, now 15250 , sum entries = 30885 . . . Used time: 0s Expected left time: 0s          
 Analyzing entries 15226 - 15256, now 15251 , sum entries = 30885 . . . Used time: 0s Expected left time: 0s          
 Analyzing entries 15226 - 15256, now 15252 , sum entries = 30885 . . . Used time: 0s Expected left time: 0s          
 Analyzing entries 15226 - 15256, now 15253 , sum entries = 30885 . . . Used time: 0s Expected left time: 0s          
 Analyzing entries 15226 - 15256, now 15254 , sum entries = 30885 . . . Used time: 0s Expected left time: 0s          
 Analyzing entries 15226 - 15256, now 15255 , sum entries = 30885 . . . Used time: 0s Expected left time: 0s          
 Save to RootFile /extdisk/zlin/Machine_learning/RecoPlanesFeatures/CMS_herwig_HT1000to1500-preVFP_jinitpt450_600_j2pt80_120Reco/Chunk49_Part3.root . . . Used time: 0s Expected left time: 0s          
 Save to RootFile /extdisk/zlin/Machine_learning/RecoPlanesFeatures/CMS_herwig_HT1000to1500-preVFP_jinitpt450_600_j2pt80_120Reco/Chunk49_Part3.root . . . Used time: 0s Expected left time: 0s          
 Save to RootFile /extdisk/zlin/Machine_learning/RecoPlanesFeatures/CMS_herwig_HT1000to1500-preVFP_jinitpt450_600_j2pt80_120Reco/Chunk49_Part3.root . . . Used time: 0s Expected left time: 0s          
 Analyzing entries 15257 - 15287, now 15257 , sum entries = 30885 . . . Used time: 0s Expected left time: 0s          
 Analyzing entries 15257 - 15287, now 15258 , sum entries = 30885 . . . Used time: 0s Expected left time: 0s          
 Analyzing entries 15257 - 15287, now 15259 , sum entries = 30885 . . . Used time: 0s Expected left time: 0s          
 Analyzing entries 15257 - 15287, now 15260 , sum entries = 30885 . . . Used time: 0s Expected left time: 0s          
 Analyzing entries 15257 - 15287, now 15261 , sum entries = 30885 . . . Used time: 0s Expected left time: 0s          
 Analyzing entries 15257 - 15287, now 15262 , sum entries = 30885 . . . Used time: 0s Expected left time: 0s          
 Analyzing entries 15257 - 15287, now 15263 , sum entries = 30885 . . . Used time: 0s Expected left time: 0s          
 Analyzing entries 15257 - 15287, now 15264 , sum entries = 30885 . . . Used time: 0s Expected left time: 0s          
 Analyzing entries 15257 - 15287, now 15265 , sum entries = 30885 . . . Used time: 0s Expected left time: 0s          
 Analyzing entries 15257 - 15287, now 15266 , sum entries = 30885 . . . Used time: 0s Expected left time: 0s          
 Analyzing entries 15257 - 15287, now 15267 , sum entries = 30885 . . . Used time: 0s Expected left time: 0s          
 Analyzing entries 15257 - 15287, now 15268 , sum entries = 30885 . . . Used time: 0s Expected left time: 0s          
 Analyzing entries 15257 - 15287, now 15269 , sum entries = 30885 . . . Used time: 0s Expected left time: 0s          
 Analyzing entries 15257 - 15287, now 15270 , sum entries = 30885 . . . Used time: 0s Expected left time: 0s          
 Analyzing entries 15257 - 15287, now 15271 , sum entries = 30885 . . . Used time: 0s Expected left time: 0s          
 Analyzing entries 15257 - 15287, now 15272 , sum entries = 30885 . . . Used time: 0s Expected left time: 0s          
 Analyzing entries 15257 - 15287, now 15273 , sum entries = 30885 . . . Used time: 0s Expected left time: 0s          
 Analyzing entries 15257 - 15287, now 15274 , sum entries = 30885 . . . Used time: 0s Expected left time: 0s          
 Analyzing entries 15257 - 15287, now 15275 , sum entries = 30885 . . . Used time: 0s Expected left time: 0s          
 Analyzing entries 15257 - 15287, now 15276 , sum entries = 30885 . . . Used time: 0s Expected left time: 0s          
 Analyzing entries 15257 - 15287, now 15277 , sum entries = 30885 . . . Used time: 0s Expected left time: 0s          
 Analyzing entries 15257 - 15287, now 15278 , sum entries = 30885 . . . Used time: 0s Expected left time: 0s          
 Analyzing entries 15257 - 15287, now 15279 , sum entries = 30885 . . . Used time: 0s Expected left time: 0s          
 Analyzing entries 15257 - 15287, now 15280 , sum entries = 30885 . . . Used time: 0s Expected left time: 0s          
 Analyzing entries 15257 - 15287, now 15281 , sum entries = 30885 . . . Used time: 0s Expected left time: 0s          
 Analyzing entries 15257 - 15287, now 15282 , sum entries = 30885 . . . Used time: 0s Expected left time: 0s          
 Analyzing entries 15257 - 15287, now 15283 , sum entries = 30885 . . . Used time: 0s Expected left time: 0s          
 Analyzing entries 15257 - 15287, now 15284 , sum entries = 30885 . . . Used time: 0s Expected left time: 0s          
 Analyzing entries 15257 - 15287, now 15285 , sum entries = 30885 . . . Used time: 0s Expected left time: 0s          
 Analyzing entries 15257 - 15287, now 15286 , sum entries = 30885 . . . Used time: 0s Expected left time: 0s          
 Save to RootFile /extdisk/zlin/Machine_learning/RecoPlanesFeatures/CMS_herwig_HT1000to1500-preVFP_jinitpt450_600_j2pt80_120Reco/Chunk49_Part4.root . . . Used time: 0s Expected left time: 0s          
 Analyzing entries 15288 - 15318, now 15288 , sum entries = 30885 . . . Used time: 0s Expected left time: 0s          
 Analyzing entries 15288 - 15318, now 15289 , sum entries = 30885 . . . Used time: 0s Expected left time: 0s          
 Analyzing entries 15288 - 15318, now 15290 , sum entries = 30885 . . . Used time: 0s Expected left time: 0s          
 Analyzing entries 15288 - 15318, now 15291 , sum entries = 30885 . . . Used time: 0s Expected left time: 0s          
 Analyzing entries 15288 - 15318, now 15292 , sum entries = 30885 . . . Used time: 0s Expected left time: 0s          
 Analyzing entries 15288 - 15318, now 15293 , sum entries = 30885 . . . Used time: 0s Expected left time: 0s          
 Analyzing entries 15288 - 15318, now 15294 , sum entries = 30885 . . . Used time: 0s Expected left time: 0s          
 Analyzing entries 15288 - 15318, now 15295 , sum entries = 30885 . . . Used time: 0s Expected left time: 0s          
 Analyzing entries 15288 - 15318, now 15296 , sum entries = 30885 . . . Used time: 0s Expected left time: 0s          
 Analyzing entries 15288 - 15318, now 15297 , sum entries = 30885 . . . Used time: 0s Expected left time: 0s          
 Analyzing entries 15288 - 15318, now 15298 , sum entries = 30885 . . . Used time: 0s Expected left time: 0s          
 Analyzing entries 15288 - 15318, now 15299 , sum entries = 30885 . . . Used time: 0s Expected left time: 0s          
 Analyzing entries 15288 - 15318, now 15300 , sum entries = 30885 . . . Used time: 0s Expected left time: 0s          
 Analyzing entries 15288 - 15318, now 15301 , sum entries = 30885 . . . Used time: 0s Expected left time: 0s          
 Analyzing entries 15288 - 15318, now 15302 , sum entries = 30885 . . . Used time: 0s Expected left time: 0s          
 Analyzing entries 15288 - 15318, now 15303 , sum entries = 30885 . . . Used time: 0s Expected left time: 0s          
 Analyzing entries 15288 - 15318, now 15304 , sum entries = 30885 . . . Used time: 0s Expected left time: 0s          
 Analyzing entries 15288 - 15318, now 15305 , sum entries = 30885 . . . Used time: 0s Expected left time: 0s          
 Analyzing entries 15288 - 15318, now 15306 , sum entries = 30885 . . . Used time: 0s Expected left time: 0s          
 Analyzing entries 15288 - 15318, now 15307 , sum entries = 30885 . . . Used time: 0s Expected left time: 0s          
 Analyzing entries 15288 - 15318, now 15308 , sum entries = 30885 . . . Used time: 0s Expected left time: 0s          
 Analyzing entries 15288 - 15318, now 15309 , sum entries = 30885 . . . Used time: 0s Expected left time: 0s          
 Analyzing entries 15288 - 15318, now 15310 , sum entries = 30885 . . . Used time: 0s Expected left time: 0s          
 Analyzing entries 15288 - 15318, now 15311 , sum entries = 30885 . . . Used time: 0s Expected left time: 0s          
 Analyzing entries 15288 - 15318, now 15312 , sum entries = 30885 . . . Used time: 0s Expected left time: 0s          
 Analyzing entries 15288 - 15318, now 15313 , sum entries = 30885 . . . Used time: 0s Expected left time: 0s          
 Analyzing entries 15288 - 15318, now 15314 , sum entries = 30885 . . . Used time: 0s Expected left time: 0s          
 Analyzing entries 15288 - 15318, now 15315 , sum entries = 30885 . . . Used time: 0s Expected left time: 0s          
 Analyzing entries 15288 - 15318, now 15316 , sum entries = 30885 . . . Used time: 0s Expected left time: 0s          
 Analyzing entries 15288 - 15318, now 15317 , sum entries = 30885 . . . Used time: 0s Expected left time: 0s          
 Save to RootFile /extdisk/zlin/Machine_learning/RecoPlanesFeatures/CMS_herwig_HT1000to1500-preVFP_jinitpt450_600_j2pt80_120Reco/Chunk49_Part5.root . . . Used time: 0s Expected left time: 0s          
 Save to RootFile /extdisk/zlin/Machine_learning/RecoPlanesFeatures/CMS_herwig_HT1000to1500-preVFP_jinitpt450_600_j2pt80_120Reco/Chunk49_Part5.root . . . Used time: 0s Expected left time: 0s          
 Save to RootFile /extdisk/zlin/Machine_learning/RecoPlanesFeatures/CMS_herwig_HT1000to1500-preVFP_jinitpt450_600_j2pt80_120Reco/Chunk49_Part5.root . . . Used time: 0s Expected left time: 0s          
 Save to RootFile /extdisk/zlin/Machine_learning/RecoPlanesFeatures/CMS_herwig_HT1000to1500-preVFP_jinitpt450_600_j2pt80_120Reco/Chunk49_Part5.root . . . Used time: 0s Expected left time: 0s          
 Analyzing entries 15318 - 15348, now 15318 , sum entries = 30885 . . . Used time: 0s Expected left time: 0s          
 Analyzing entries 15318 - 15348, now 15319 , sum entries = 30885 . . . Used time: 0s Expected left time: 0s          
 Analyzing entries 15318 - 15348, now 15320 , sum entries = 30885 . . . Used time: 0s Expected left time: 0s          
 Analyzing entries 15318 - 15348, now 15321 , sum entries = 30885 . . . Used time: 0s Expected left time: 0s          
 Analyzing entries 15318 - 15348, now 15322 , sum entries = 30885 . . . Used time: 0s Expected left time: 0s          
 Analyzing entries 15318 - 15348, now 15323 , sum entries = 30885 . . . Used time: 0s Expected left time: 0s          
 Analyzing entries 15318 - 15348, now 15324 , sum entries = 30885 . . . Used time: 0s Expected left time: 0s          
 Analyzing entries 15318 - 15348, now 15325 , sum entries = 30885 . . . Used time: 0s Expected left time: 0s          
 Analyzing entries 15318 - 15348, now 15326 , sum entries = 30885 . . . Used time: 0s Expected left time: 0s          
 Analyzing entries 15318 - 15348, now 15327 , sum entries = 30885 . . . Used time: 0s Expected left time: 0s          
 Analyzing entries 15318 - 15348, now 15328 , sum entries = 30885 . . . Used time: 0s Expected left time: 0s          
 Analyzing entries 15318 - 15348, now 15329 , sum entries = 30885 . . . Used time: 0s Expected left time: 0s          
 Analyzing entries 15318 - 15348, now 15330 , sum entries = 30885 . . . Used time: 0s Expected left time: 0s          
 Analyzing entries 15318 - 15348, now 15331 , sum entries = 30885 . . . Used time: 0s Expected left time: 0s          
 Analyzing entries 15318 - 15348, now 15332 , sum entries = 30885 . . . Used time: 0s Expected left time: 0s          
 Analyzing entries 15318 - 15348, now 15333 , sum entries = 30885 . . . Used time: 0s Expected left time: 0s          
 Analyzing entries 15318 - 15348, now 15334 , sum entries = 30885 . . . Used time: 0s Expected left time: 0s          
 Analyzing entries 15318 - 15348, now 15335 , sum entries = 30885 . . . Used time: 0s Expected left time: 0s          
 Analyzing entries 15318 - 15348, now 15336 , sum entries = 30885 . . . Used time: 0s Expected left time: 0s          
 Analyzing entries 15318 - 15348, now 15337 , sum entries = 30885 . . . Used time: 0s Expected left time: 0s          
 Analyzing entries 15318 - 15348, now 15338 , sum entries = 30885 . . . Used time: 0s Expected left time: 0s          
 Analyzing entries 15318 - 15348, now 15339 , sum entries = 30885 . . . Used time: 0s Expected left time: 0s          
 Analyzing entries 15318 - 15348, now 15340 , sum entries = 30885 . . . Used time: 0s Expected left time: 0s          
 Analyzing entries 15318 - 15348, now 15341 , sum entries = 30885 . . . Used time: 0s Expected left time: 0s          
 Analyzing entries 15318 - 15348, now 15342 , sum entries = 30885 . . . Used time: 0s Expected left time: 0s          
 Analyzing entries 15318 - 15348, now 15343 , sum entries = 30885 . . . Used time: 0s Expected left time: 0s          
 Analyzing entries 15318 - 15348, now 15344 , sum entries = 30885 . . . Used time: 0s Expected left time: 0s          
 Analyzing entries 15318 - 15348, now 15345 , sum entries = 30885 . . . Used time: 0s Expected left time: 0s          
 Analyzing entries 15318 - 15348, now 15346 , sum entries = 30885 . . . Used time: 0s Expected left time: 0s          
 Analyzing entries 15318 - 15348, now 15347 , sum entries = 30885 . . . Used time: 0s Expected left time: 0s          
 Save to RootFile /extdisk/zlin/Machine_learning/RecoPlanesFeatures/CMS_herwig_HT1000to1500-preVFP_jinitpt450_600_j2pt80_120Reco/Chunk49_Part6.root . . . Used time: 0s Expected left time: 0s          
 Save to RootFile /extdisk/zlin/Machine_learning/RecoPlanesFeatures/CMS_herwig_HT1000to1500-preVFP_jinitpt450_600_j2pt80_120Reco/Chunk49_Part6.root . . . Used time: 0s Expected left time: 0s          
 Analyzing entries 15349 - 15379, now 15349 , sum entries = 30885 . . . Used time: 0s Expected left time: 0s          
 Analyzing entries 15349 - 15379, now 15350 , sum entries = 30885 . . . Used time: 0s Expected left time: 0s          
 Analyzing entries 15349 - 15379, now 15351 , sum entries = 30885 . . . Used time: 0s Expected left time: 0s          
 Analyzing entries 15349 - 15379, now 15352 , sum entries = 30885 . . . Used time: 0s Expected left time: 0s          
 Analyzing entries 15349 - 15379, now 15353 , sum entries = 30885 . . . Used time: 0s Expected left time: 0s          
 Analyzing entries 15349 - 15379, now 15354 , sum entries = 30885 . . . Used time: 0s Expected left time: 0s          
 Analyzing entries 15349 - 15379, now 15355 , sum entries = 30885 . . . Used time: 0s Expected left time: 0s          
 Analyzing entries 15349 - 15379, now 15356 , sum entries = 30885 . . . Used time: 0s Expected left time: 0s          
 Analyzing entries 15349 - 15379, now 15357 , sum entries = 30885 . . . Used time: 0s Expected left time: 0s          
 Analyzing entries 15349 - 15379, now 15358 , sum entries = 30885 . . . Used time: 0s Expected left time: 0s          
 Analyzing entries 15349 - 15379, now 15359 , sum entries = 30885 . . . Used time: 0s Expected left time: 0s          
 Analyzing entries 15349 - 15379, now 15360 , sum entries = 30885 . . . Used time: 0s Expected left time: 0s          
 Analyzing entries 15349 - 15379, now 15361 , sum entries = 30885 . . . Used time: 0s Expected left time: 0s          
 Analyzing entries 15349 - 15379, now 15362 , sum entries = 30885 . . . Used time: 0s Expected left time: 0s          
 Analyzing entries 15349 - 15379, now 15363 , sum entries = 30885 . . . Used time: 0s Expected left time: 0s          
 Analyzing entries 15349 - 15379, now 15364 , sum entries = 30885 . . . Used time: 0s Expected left time: 0s          
 Analyzing entries 15349 - 15379, now 15365 , sum entries = 30885 . . . Used time: 0s Expected left time: 0s          
 Analyzing entries 15349 - 15379, now 15366 , sum entries = 30885 . . . Used time: 0s Expected left time: 0s          
 Analyzing entries 15349 - 15379, now 15367 , sum entries = 30885 . . . Used time: 0s Expected left time: 0s          
 Analyzing entries 15349 - 15379, now 15368 , sum entries = 30885 . . . Used time: 0s Expected left time: 0s          
 Analyzing entries 15349 - 15379, now 15369 , sum entries = 30885 . . . Used time: 0s Expected left time: 0s          
 Analyzing entries 15349 - 15379, now 15370 , sum entries = 30885 . . . Used time: 0s Expected left time: 0s          
 Analyzing entries 15349 - 15379, now 15371 , sum entries = 30885 . . . Used time: 0s Expected left time: 0s          
 Analyzing entries 15349 - 15379, now 15372 , sum entries = 30885 . . . Used time: 0s Expected left time: 0s          
 Analyzing entries 15349 - 15379, now 15373 , sum entries = 30885 . . . Used time: 0s Expected left time: 0s          
 Analyzing entries 15349 - 15379, now 15374 , sum entries = 30885 . . . Used time: 0s Expected left time: 0s          
 Analyzing entries 15349 - 15379, now 15375 , sum entries = 30885 . . . Used time: 0s Expected left time: 0s          
 Analyzing entries 15349 - 15379, now 15376 , sum entries = 30885 . . . Used time: 0s Expected left time: 0s          
 Analyzing entries 15349 - 15379, now 15377 , sum entries = 30885 . . . Used time: 0s Expected left time: 0s          
 Analyzing entries 15349 - 15379, now 15378 , sum entries = 30885 . . . Used time: 0s Expected left time: 0s          
 Save to RootFile /extdisk/zlin/Machine_learning/RecoPlanesFeatures/CMS_herwig_HT1000to1500-preVFP_jinitpt450_600_j2pt80_120Reco/Chunk49_Part7.root . . . Used time: 0s Expected left time: 0s          
 Save to RootFile /extdisk/zlin/Machine_learning/RecoPlanesFeatures/CMS_herwig_HT1000to1500-preVFP_jinitpt450_600_j2pt80_120Reco/Chunk49_Part7.root . . . Used time: 0s Expected left time: 0s          
 Save to RootFile /extdisk/zlin/Machine_learning/RecoPlanesFeatures/CMS_herwig_HT1000to1500-preVFP_jinitpt450_600_j2pt80_120Reco/Chunk49_Part7.root . . . Used time: 0s Expected left time: 0s          
 Analyzing entries 15380 - 15410, now 15380 , sum entries = 30885 . . . Used time: 0s Expected left time: 0s          
 Analyzing entries 15380 - 15410, now 15381 , sum entries = 30885 . . . Used time: 0s Expected left time: 0s          
 Analyzing entries 15380 - 15410, now 15382 , sum entries = 30885 . . . Used time: 0s Expected left time: 0s          
 Analyzing entries 15380 - 15410, now 15383 , sum entries = 30885 . . . Used time: 0s Expected left time: 0s          
 Analyzing entries 15380 - 15410, now 15384 , sum entries = 30885 . . . Used time: 0s Expected left time: 0s          
 Analyzing entries 15380 - 15410, now 15385 , sum entries = 30885 . . . Used time: 0s Expected left time: 0s          
 Analyzing entries 15380 - 15410, now 15386 , sum entries = 30885 . . . Used time: 0s Expected left time: 0s          
 Analyzing entries 15380 - 15410, now 15387 , sum entries = 30885 . . . Used time: 0s Expected left time: 0s          
 Analyzing entries 15380 - 15410, now 15388 , sum entries = 30885 . . . Used time: 0s Expected left time: 0s          
 Analyzing entries 15380 - 15410, now 15389 , sum entries = 30885 . . . Used time: 0s Expected left time: 0s          
 Analyzing entries 15380 - 15410, now 15390 , sum entries = 30885 . . . Used time: 0s Expected left time: 0s          
 Analyzing entries 15380 - 15410, now 15391 , sum entries = 30885 . . . Used time: 0s Expected left time: 0s          
 Analyzing entries 15380 - 15410, now 15392 , sum entries = 30885 . . . Used time: 0s Expected left time: 0s          
 Analyzing entries 15380 - 15410, now 15393 , sum entries = 30885 . . . Used time: 0s Expected left time: 0s          
 Analyzing entries 15380 - 15410, now 15394 , sum entries = 30885 . . . Used time: 0s Expected left time: 0s          
 Analyzing entries 15380 - 15410, now 15395 , sum entries = 30885 . . . Used time: 0s Expected left time: 0s          
 Analyzing entries 15380 - 15410, now 15396 , sum entries = 30885 . . . Used time: 0s Expected left time: 0s          
 Analyzing entries 15380 - 15410, now 15397 , sum entries = 30885 . . . Used time: 0s Expected left time: 0s          
 Analyzing entries 15380 - 15410, now 15398 , sum entries = 30885 . . . Used time: 0s Expected left time: 0s          
 Analyzing entries 15380 - 15410, now 15399 , sum entries = 30885 . . . Used time: 0s Expected left time: 0s          
 Analyzing entries 15380 - 15410, now 15400 , sum entries = 30885 . . . Used time: 0s Expected left time: 0s          
 Analyzing entries 15380 - 15410, now 15401 , sum entries = 30885 . . . Used time: 0s Expected left time: 0s          
 Analyzing entries 15380 - 15410, now 15402 , sum entries = 30885 . . . Used time: 0s Expected left time: 0s          
 Analyzing entries 15380 - 15410, now 15403 , sum entries = 30885 . . . Used time: 0s Expected left time: 0s          
 Analyzing entries 15380 - 15410, now 15404 , sum entries = 30885 . . . Used time: 0s Expected left time: 0s          
 Analyzing entries 15380 - 15410, now 15405 , sum entries = 30885 . . . Used time: 0s Expected left time: 0s          
 Analyzing entries 15380 - 15410, now 15406 , sum entries = 30885 . . . Used time: 0s Expected left time: 0s          
 Analyzing entries 15380 - 15410, now 15407 , sum entries = 30885 . . . Used time: 0s Expected left time: 0s          
 Analyzing entries 15380 - 15410, now 15408 , sum entries = 30885 . . . Used time: 0s Expected left time: 0s          
 Analyzing entries 15380 - 15410, now 15409 , sum entries = 30885 . . . Used time: 0s Expected left time: 0s          
 Save to RootFile /extdisk/zlin/Machine_learning/RecoPlanesFeatures/CMS_herwig_HT1000to1500-preVFP_jinitpt450_600_j2pt80_120Reco/Chunk49_Part8.root . . . Used time: 0s Expected left time: 0s          
 Save to RootFile /extdisk/zlin/Machine_learning/RecoPlanesFeatures/CMS_herwig_HT1000to1500-preVFP_jinitpt450_600_j2pt80_120Reco/Chunk49_Part8.root . . . Used time: 0s Expected left time: 0s          
 Save to RootFile /extdisk/zlin/Machine_learning/RecoPlanesFeatures/CMS_herwig_HT1000to1500-preVFP_jinitpt450_600_j2pt80_120Reco/Chunk49_Part8.root . . . Used time: 0s Expected left time: 0s          
 Save to RootFile /extdisk/zlin/Machine_learning/RecoPlanesFeatures/CMS_herwig_HT1000to1500-preVFP_jinitpt450_600_j2pt80_120Reco/Chunk49_Part8.root . . . Used time: 0s Expected left time: 0s          
 Analyzing entries 15411 - 15441, now 15411 , sum entries = 30885 . . . Used time: 0s Expected left time: 0s          
 Analyzing entries 15411 - 15441, now 15412 , sum entries = 30885 . . . Used time: 0s Expected left time: 0s          
 Analyzing entries 15411 - 15441, now 15413 , sum entries = 30885 . . . Used time: 0s Expected left time: 0s          
 Analyzing entries 15411 - 15441, now 15414 , sum entries = 30885 . . . Used time: 0s Expected left time: 0s          
 Analyzing entries 15411 - 15441, now 15415 , sum entries = 30885 . . . Used time: 0s Expected left time: 0s          
 Analyzing entries 15411 - 15441, now 15416 , sum entries = 30885 . . . Used time: 0s Expected left time: 0s          
 Analyzing entries 15411 - 15441, now 15417 , sum entries = 30885 . . . Used time: 0s Expected left time: 0s          
 Analyzing entries 15411 - 15441, now 15418 , sum entries = 30885 . . . Used time: 0s Expected left time: 0s          
 Analyzing entries 15411 - 15441, now 15419 , sum entries = 30885 . . . Used time: 0s Expected left time: 0s          
 Analyzing entries 15411 - 15441, now 15420 , sum entries = 30885 . . . Used time: 0s Expected left time: 0s          
 Analyzing entries 15411 - 15441, now 15421 , sum entries = 30885 . . . Used time: 0s Expected left time: 0s          
 Analyzing entries 15411 - 15441, now 15422 , sum entries = 30885 . . . Used time: 0s Expected left time: 0s          
 Analyzing entries 15411 - 15441, now 15423 , sum entries = 30885 . . . Used time: 0s Expected left time: 0s          
 Analyzing entries 15411 - 15441, now 15424 , sum entries = 30885 . . . Used time: 0s Expected left time: 0s          
 Analyzing entries 15411 - 15441, now 15425 , sum entries = 30885 . . . Used time: 0s Expected left time: 0s          
 Analyzing entries 15411 - 15441, now 15426 , sum entries = 30885 . . . Used time: 0s Expected left time: 0s          
 Analyzing entries 15411 - 15441, now 15427 , sum entries = 30885 . . . Used time: 0s Expected left time: 0s          
 Analyzing entries 15411 - 15441, now 15428 , sum entries = 30885 . . . Used time: 0s Expected left time: 0s          
 Analyzing entries 15411 - 15441, now 15429 , sum entries = 30885 . . . Used time: 0s Expected left time: 0s          
 Analyzing entries 15411 - 15441, now 15430 , sum entries = 30885 . . . Used time: 0s Expected left time: 0s          
 Analyzing entries 15411 - 15441, now 15431 , sum entries = 30885 . . . Used time: 0s Expected left time: 0s          
 Analyzing entries 15411 - 15441, now 15432 , sum entries = 30885 . . . Used time: 0s Expected left time: 0s          
 Analyzing entries 15411 - 15441, now 15433 , sum entries = 30885 . . . Used time: 0s Expected left time: 0s          
 Analyzing entries 15411 - 15441, now 15434 , sum entries = 30885 . . . Used time: 0s Expected left time: 0s          
 Analyzing entries 15411 - 15441, now 15435 , sum entries = 30885 . . . Used time: 0s Expected left time: 0s          
 Analyzing entries 15411 - 15441, now 15436 , sum entries = 30885 . . . Used time: 0s Expected left time: 0s          
 Analyzing entries 15411 - 15441, now 15437 , sum entries = 30885 . . . Used time: 0s Expected left time: 0s          
 Analyzing entries 15411 - 15441, now 15438 , sum entries = 30885 . . . Used time: 0s Expected left time: 0s          
 Analyzing entries 15411 - 15441, now 15439 , sum entries = 30885 . . . Used time: 0s Expected left time: 0s          
 Analyzing entries 15411 - 15441, now 15440 , sum entries = 30885 . . . Used time: 0s Expected left time: 0s          
 Save to RootFile /extdisk/zlin/Machine_learning/RecoPlanesFeatures/CMS_herwig_HT1000to1500-preVFP_jinitpt450_600_j2pt80_120Reco/Chunk49_Part9.root . . . Used time: 0s Expected left time: 0s          
 Save to RootFile /extdisk/zlin/Machine_learning/RecoPlanesFeatures/CMS_herwig_HT1000to1500-preVFP_jinitpt450_600_j2pt80_120Reco/Chunk49_Part9.root . . . Used time: 0s Expected left time: 0s          
 Save to RootFile /extdisk/zlin/Machine_learning/RecoPlanesFeatures/CMS_herwig_HT1000to1500-preVFP_jinitpt450_600_j2pt80_120Reco/Chunk49_Part9.root . . . Used time: 0s Expected left time: 0s          
