Warning in <TFile::Init>: file /extdisk/zlin/Machine_learning/RecoPlanes/CMS_herwig_HT1000to1500-preVFP/Chunk19_Part0.root probably not closed, trying to recover
Warning in <TFile::Init>: no keys recovered, file has been made a Zombie
Warning in <TFile::Init>: file /extdisk/zlin/Machine_learning/RecoPlanes/CMS_herwig_HT1000to1500-preVFP/Chunk29_Part1.root probably not closed, trying to recover
Warning in <TFile::Init>: no keys recovered, file has been made a Zombie
Warning in <TFile::Init>: file /extdisk/zlin/Machine_learning/RecoPlanes/CMS_herwig_HT1000to1500-preVFP/Chunk41_Part0.root probably not closed, trying to recover
Warning in <TFile::Init>: no keys recovered, file has been made a Zombie
Warning in <TFile::Init>: file /extdisk/zlin/Machine_learning/RecoPlanes/CMS_herwig_HT1000to1500-preVFP/Chunk52_Part0.root probably not closed, trying to recover
Warning in <TFile::Init>: no keys recovered, file has been made a Zombie
Warning in <TFile::Init>: file /extdisk/zlin/Machine_learning/RecoPlanes/CMS_herwig_HT1000to1500-preVFP/Chunk58_Part0.root probably not closed, trying to recover
Warning in <TFile::Init>: no keys recovered, file has been made a Zombie
Warning in <TFile::Init>: file /extdisk/zlin/Machine_learning/RecoPlanes/CMS_herwig_HT1000to1500-preVFP/Chunk59_Part0.root probably not closed, trying to recover
Warning in <TFile::Init>: no keys recovered, file has been made a Zombie
 Analyzing entries 41773 - 41816, now 41773 , sum entries = 43065 . . . Used time: 0s Expected left time: 0s          
 Analyzing entries 41773 - 41816, now 41774 , sum entries = 43065 . . . Used time: 0s Expected left time: 0s          
 Analyzing entries 41773 - 41816, now 41775 , sum entries = 43065 . . . Used time: 0s Expected left time: 0s          
 Analyzing entries 41773 - 41816, now 41776 , sum entries = 43065 . . . Used time: 0s Expected left time: 0s          
 Analyzing entries 41773 - 41816, now 41777 , sum entries = 43065 . . . Used time: 0s Expected left time: 0s          
 Analyzing entries 41773 - 41816, now 41778 , sum entries = 43065 . . . Used time: 0s Expected left time: 0s          
 Analyzing entries 41773 - 41816, now 41779 , sum entries = 43065 . . . Used time: 0s Expected left time: 0s          
 Analyzing entries 41773 - 41816, now 41780 , sum entries = 43065 . . . Used time: 0s Expected left time: 0s          
 Analyzing entries 41773 - 41816, now 41781 , sum entries = 43065 . . . Used time: 0s Expected left time: 0s          
 Analyzing entries 41773 - 41816, now 41782 , sum entries = 43065 . . . Used time: 0s Expected left time: 0s          
 Analyzing entries 41773 - 41816, now 41783 , sum entries = 43065 . . . Used time: 0s Expected left time: 0s          
 Analyzing entries 41773 - 41816, now 41784 , sum entries = 43065 . . . Used time: 0s Expected left time: 0s          
 Analyzing entries 41773 - 41816, now 41785 , sum entries = 43065 . . . Used time: 0s Expected left time: 0s          
 Analyzing entries 41773 - 41816, now 41786 , sum entries = 43065 . . . Used time: 0s Expected left time: 0s          
 Analyzing entries 41773 - 41816, now 41787 , sum entries = 43065 . . . Used time: 0s Expected left time: 0s          
 Analyzing entries 41773 - 41816, now 41788 , sum entries = 43065 . . . Used time: 0s Expected left time: 0s          
 Analyzing entries 41773 - 41816, now 41789 , sum entries = 43065 . . . Used time: 0s Expected left time: 0s          
 Analyzing entries 41773 - 41816, now 41790 , sum entries = 43065 . . . Used time: 0s Expected left time: 0s          
 Analyzing entries 41773 - 41816, now 41791 , sum entries = 43065 . . . Used time: 0s Expected left time: 0s          
 Analyzing entries 41773 - 41816, now 41792 , sum entries = 43065 . . . Used time: 0s Expected left time: 0s          
 Analyzing entries 41773 - 41816, now 41793 , sum entries = 43065 . . . Used time: 0s Expected left time: 0s          
 Analyzing entries 41773 - 41816, now 41794 , sum entries = 43065 . . . Used time: 0s Expected left time: 0s          
 Analyzing entries 41773 - 41816, now 41795 , sum entries = 43065 . . . Used time: 0s Expected left time: 0s          
 Analyzing entries 41773 - 41816, now 41796 , sum entries = 43065 . . . Used time: 0s Expected left time: 0s          
 Analyzing entries 41773 - 41816, now 41797 , sum entries = 43065 . . . Used time: 0s Expected left time: 0s          
 Analyzing entries 41773 - 41816, now 41798 , sum entries = 43065 . . . Used time: 0s Expected left time: 0s          
 Analyzing entries 41773 - 41816, now 41799 , sum entries = 43065 . . . Used time: 0s Expected left time: 0s          
 Analyzing entries 41773 - 41816, now 41800 , sum entries = 43065 . . . Used time: 0s Expected left time: 0s          
 Analyzing entries 41773 - 41816, now 41801 , sum entries = 43065 . . . Used time: 0s Expected left time: 0s          
 Analyzing entries 41773 - 41816, now 41802 , sum entries = 43065 . . . Used time: 0s Expected left time: 0s          
 Analyzing entries 41773 - 41816, now 41803 , sum entries = 43065 . . . Used time: 0s Expected left time: 0s          
 Analyzing entries 41773 - 41816, now 41804 , sum entries = 43065 . . . Used time: 0s Expected left time: 0s          
 Analyzing entries 41773 - 41816, now 41805 , sum entries = 43065 . . . Used time: 0s Expected left time: 0s          
 Analyzing entries 41773 - 41816, now 41806 , sum entries = 43065 . . . Used time: 0s Expected left time: 0s          
 Analyzing entries 41773 - 41816, now 41807 , sum entries = 43065 . . . Used time: 0s Expected left time: 0s          
 Analyzing entries 41773 - 41816, now 41808 , sum entries = 43065 . . . Used time: 0s Expected left time: 0s          
 Analyzing entries 41773 - 41816, now 41809 , sum entries = 43065 . . . Used time: 0s Expected left time: 0s          
 Analyzing entries 41773 - 41816, now 41810 , sum entries = 43065 . . . Used time: 0s Expected left time: 0s          
 Analyzing entries 41773 - 41816, now 41811 , sum entries = 43065 . . . Used time: 0s Expected left time: 0s          
 Analyzing entries 41773 - 41816, now 41812 , sum entries = 43065 . . . Used time: 0s Expected left time: 0s          
 Analyzing entries 41773 - 41816, now 41813 , sum entries = 43065 . . . Used time: 0s Expected left time: 0s          
 Analyzing entries 41773 - 41816, now 41814 , sum entries = 43065 . . . Used time: 0s Expected left time: 0s          
 Analyzing entries 41773 - 41816, now 41815 , sum entries = 43065 . . . Used time: 0s Expected left time: 0s          
 Save to RootFile /extdisk/zlin/Machine_learning/RecoPlanesFeatures/CMS_herwig_HT1000to1500-preVFP_jinitpt450_600_j2pt80_120Reco/Chunk97_Part0.root . . . Used time: 0s Expected left time: 0s          
 Save to RootFile /extdisk/zlin/Machine_learning/RecoPlanesFeatures/CMS_herwig_HT1000to1500-preVFP_jinitpt450_600_j2pt80_120Reco/Chunk97_Part0.root . . . Used time: 0s Expected left time: 0s          
 Save to RootFile /extdisk/zlin/Machine_learning/RecoPlanesFeatures/CMS_herwig_HT1000to1500-preVFP_jinitpt450_600_j2pt80_120Reco/Chunk97_Part0.root . . . Used time: 0s Expected left time: 0s          
 Save to RootFile /extdisk/zlin/Machine_learning/RecoPlanesFeatures/CMS_herwig_HT1000to1500-preVFP_jinitpt450_600_j2pt80_120Reco/Chunk97_Part0.root . . . Used time: 0s Expected left time: 0s          
 Save to RootFile /extdisk/zlin/Machine_learning/RecoPlanesFeatures/CMS_herwig_HT1000to1500-preVFP_jinitpt450_600_j2pt80_120Reco/Chunk97_Part0.root . . . Used time: 0s Expected left time: 0s          
 Analyzing entries 41816 - 41859, now 41816 , sum entries = 43065 . . . Used time: 0s Expected left time: 0s          
 Analyzing entries 41816 - 41859, now 41817 , sum entries = 43065 . . . Used time: 0s Expected left time: 0s          
 Analyzing entries 41816 - 41859, now 41818 , sum entries = 43065 . . . Used time: 0s Expected left time: 0s          
 Analyzing entries 41816 - 41859, now 41819 , sum entries = 43065 . . . Used time: 0s Expected left time: 0s          
 Analyzing entries 41816 - 41859, now 41820 , sum entries = 43065 . . . Used time: 0s Expected left time: 0s          
 Analyzing entries 41816 - 41859, now 41821 , sum entries = 43065 . . . Used time: 0s Expected left time: 0s          
 Analyzing entries 41816 - 41859, now 41822 , sum entries = 43065 . . . Used time: 0s Expected left time: 0s          
 Analyzing entries 41816 - 41859, now 41823 , sum entries = 43065 . . . Used time: 0s Expected left time: 0s          
 Analyzing entries 41816 - 41859, now 41824 , sum entries = 43065 . . . Used time: 0s Expected left time: 0s          
 Analyzing entries 41816 - 41859, now 41825 , sum entries = 43065 . . . Used time: 0s Expected left time: 0s          
 Analyzing entries 41816 - 41859, now 41826 , sum entries = 43065 . . . Used time: 0s Expected left time: 0s          
 Analyzing entries 41816 - 41859, now 41827 , sum entries = 43065 . . . Used time: 0s Expected left time: 0s          
 Analyzing entries 41816 - 41859, now 41828 , sum entries = 43065 . . . Used time: 0s Expected left time: 0s          
 Analyzing entries 41816 - 41859, now 41829 , sum entries = 43065 . . . Used time: 0s Expected left time: 0s          
 Analyzing entries 41816 - 41859, now 41830 , sum entries = 43065 . . . Used time: 0s Expected left time: 0s          
 Analyzing entries 41816 - 41859, now 41831 , sum entries = 43065 . . . Used time: 0s Expected left time: 0s          
 Analyzing entries 41816 - 41859, now 41832 , sum entries = 43065 . . . Used time: 0s Expected left time: 0s          
 Analyzing entries 41816 - 41859, now 41833 , sum entries = 43065 . . . Used time: 0s Expected left time: 0s          
 Analyzing entries 41816 - 41859, now 41834 , sum entries = 43065 . . . Used time: 0s Expected left time: 0s          
 Analyzing entries 41816 - 41859, now 41835 , sum entries = 43065 . . . Used time: 0s Expected left time: 0s          
 Analyzing entries 41816 - 41859, now 41836 , sum entries = 43065 . . . Used time: 0s Expected left time: 0s          
 Analyzing entries 41816 - 41859, now 41837 , sum entries = 43065 . . . Used time: 0s Expected left time: 0s          
 Analyzing entries 41816 - 41859, now 41838 , sum entries = 43065 . . . Used time: 0s Expected left time: 0s          
 Analyzing entries 41816 - 41859, now 41839 , sum entries = 43065 . . . Used time: 0s Expected left time: 0s          
 Analyzing entries 41816 - 41859, now 41840 , sum entries = 43065 . . . Used time: 0s Expected left time: 0s          
 Analyzing entries 41816 - 41859, now 41841 , sum entries = 43065 . . . Used time: 0s Expected left time: 0s          
 Analyzing entries 41816 - 41859, now 41842 , sum entries = 43065 . . . Used time: 0s Expected left time: 0s          
 Analyzing entries 41816 - 41859, now 41843 , sum entries = 43065 . . . Used time: 0s Expected left time: 0s          
 Analyzing entries 41816 - 41859, now 41844 , sum entries = 43065 . . . Used time: 0s Expected left time: 0s          
 Analyzing entries 41816 - 41859, now 41845 , sum entries = 43065 . . . Used time: 0s Expected left time: 0s          
 Analyzing entries 41816 - 41859, now 41846 , sum entries = 43065 . . . Used time: 0s Expected left time: 0s          
 Analyzing entries 41816 - 41859, now 41847 , sum entries = 43065 . . . Used time: 0s Expected left time: 0s          
 Analyzing entries 41816 - 41859, now 41848 , sum entries = 43065 . . . Used time: 0s Expected left time: 0s          
 Analyzing entries 41816 - 41859, now 41849 , sum entries = 43065 . . . Used time: 0s Expected left time: 0s          
 Analyzing entries 41816 - 41859, now 41850 , sum entries = 43065 . . . Used time: 0s Expected left time: 0s          
 Analyzing entries 41816 - 41859, now 41851 , sum entries = 43065 . . . Used time: 0s Expected left time: 0s          
 Analyzing entries 41816 - 41859, now 41852 , sum entries = 43065 . . . Used time: 0s Expected left time: 0s          
 Analyzing entries 41816 - 41859, now 41853 , sum entries = 43065 . . . Used time: 0s Expected left time: 0s          
 Analyzing entries 41816 - 41859, now 41854 , sum entries = 43065 . . . Used time: 0s Expected left time: 0s          
 Analyzing entries 41816 - 41859, now 41855 , sum entries = 43065 . . . Used time: 0s Expected left time: 0s          
 Analyzing entries 41816 - 41859, now 41856 , sum entries = 43065 . . . Used time: 0s Expected left time: 0s          
 Analyzing entries 41816 - 41859, now 41857 , sum entries = 43065 . . . Used time: 0s Expected left time: 0s          
 Analyzing entries 41816 - 41859, now 41858 , sum entries = 43065 . . . Used time: 0s Expected left time: 0s          
 Save to RootFile /extdisk/zlin/Machine_learning/RecoPlanesFeatures/CMS_herwig_HT1000to1500-preVFP_jinitpt450_600_j2pt80_120Reco/Chunk97_Part1.root . . . Used time: 0s Expected left time: 0s          
 Save to RootFile /extdisk/zlin/Machine_learning/RecoPlanesFeatures/CMS_herwig_HT1000to1500-preVFP_jinitpt450_600_j2pt80_120Reco/Chunk97_Part1.root . . . Used time: 0s Expected left time: 0s          
 Save to RootFile /extdisk/zlin/Machine_learning/RecoPlanesFeatures/CMS_herwig_HT1000to1500-preVFP_jinitpt450_600_j2pt80_120Reco/Chunk97_Part1.root . . . Used time: 0s Expected left time: 0s          
 Save to RootFile /extdisk/zlin/Machine_learning/RecoPlanesFeatures/CMS_herwig_HT1000to1500-preVFP_jinitpt450_600_j2pt80_120Reco/Chunk97_Part1.root . . . Used time: 0s Expected left time: 0s          
 Analyzing entries 41859 - 41902, now 41859 , sum entries = 43065 . . . Used time: 0s Expected left time: 0s          
 Analyzing entries 41859 - 41902, now 41860 , sum entries = 43065 . . . Used time: 0s Expected left time: 0s          
 Analyzing entries 41859 - 41902, now 41861 , sum entries = 43065 . . . Used time: 0s Expected left time: 0s          
 Analyzing entries 41859 - 41902, now 41862 , sum entries = 43065 . . . Used time: 0s Expected left time: 0s          
 Analyzing entries 41859 - 41902, now 41863 , sum entries = 43065 . . . Used time: 0s Expected left time: 0s          
 Analyzing entries 41859 - 41902, now 41864 , sum entries = 43065 . . . Used time: 0s Expected left time: 0s          
 Analyzing entries 41859 - 41902, now 41865 , sum entries = 43065 . . . Used time: 0s Expected left time: 0s          
 Analyzing entries 41859 - 41902, now 41866 , sum entries = 43065 . . . Used time: 0s Expected left time: 0s          
 Analyzing entries 41859 - 41902, now 41867 , sum entries = 43065 . . . Used time: 0s Expected left time: 0s          
 Analyzing entries 41859 - 41902, now 41868 , sum entries = 43065 . . . Used time: 0s Expected left time: 0s          
 Analyzing entries 41859 - 41902, now 41869 , sum entries = 43065 . . . Used time: 0s Expected left time: 0s          
 Analyzing entries 41859 - 41902, now 41870 , sum entries = 43065 . . . Used time: 0s Expected left time: 0s          
 Analyzing entries 41859 - 41902, now 41871 , sum entries = 43065 . . . Used time: 0s Expected left time: 0s          
 Analyzing entries 41859 - 41902, now 41872 , sum entries = 43065 . . . Used time: 0s Expected left time: 0s          
 Analyzing entries 41859 - 41902, now 41873 , sum entries = 43065 . . . Used time: 0s Expected left time: 0s          
 Analyzing entries 41859 - 41902, now 41874 , sum entries = 43065 . . . Used time: 0s Expected left time: 0s          
 Analyzing entries 41859 - 41902, now 41875 , sum entries = 43065 . . . Used time: 0s Expected left time: 0s          
 Analyzing entries 41859 - 41902, now 41876 , sum entries = 43065 . . . Used time: 0s Expected left time: 0s          
 Analyzing entries 41859 - 41902, now 41877 , sum entries = 43065 . . . Used time: 0s Expected left time: 0s          
 Analyzing entries 41859 - 41902, now 41878 , sum entries = 43065 . . . Used time: 0s Expected left time: 0s          
 Analyzing entries 41859 - 41902, now 41879 , sum entries = 43065 . . . Used time: 0s Expected left time: 0s          
 Analyzing entries 41859 - 41902, now 41880 , sum entries = 43065 . . . Used time: 0s Expected left time: 0s          
 Analyzing entries 41859 - 41902, now 41881 , sum entries = 43065 . . . Used time: 0s Expected left time: 0s          
 Analyzing entries 41859 - 41902, now 41882 , sum entries = 43065 . . . Used time: 0s Expected left time: 0s          
 Analyzing entries 41859 - 41902, now 41883 , sum entries = 43065 . . . Used time: 0s Expected left time: 0s          
 Analyzing entries 41859 - 41902, now 41884 , sum entries = 43065 . . . Used time: 0s Expected left time: 0s          
 Analyzing entries 41859 - 41902, now 41885 , sum entries = 43065 . . . Used time: 0s Expected left time: 0s          
 Analyzing entries 41859 - 41902, now 41886 , sum entries = 43065 . . . Used time: 0s Expected left time: 0s          
 Analyzing entries 41859 - 41902, now 41887 , sum entries = 43065 . . . Used time: 0s Expected left time: 0s          
 Analyzing entries 41859 - 41902, now 41888 , sum entries = 43065 . . . Used time: 0s Expected left time: 0s          
 Analyzing entries 41859 - 41902, now 41889 , sum entries = 43065 . . . Used time: 0s Expected left time: 0s          
 Analyzing entries 41859 - 41902, now 41890 , sum entries = 43065 . . . Used time: 0s Expected left time: 0s          
 Analyzing entries 41859 - 41902, now 41891 , sum entries = 43065 . . . Used time: 0s Expected left time: 0s          
 Analyzing entries 41859 - 41902, now 41892 , sum entries = 43065 . . . Used time: 0s Expected left time: 0s          
 Analyzing entries 41859 - 41902, now 41893 , sum entries = 43065 . . . Used time: 0s Expected left time: 0s          
 Analyzing entries 41859 - 41902, now 41894 , sum entries = 43065 . . . Used time: 0s Expected left time: 0s          
 Analyzing entries 41859 - 41902, now 41895 , sum entries = 43065 . . . Used time: 0s Expected left time: 0s          
 Analyzing entries 41859 - 41902, now 41896 , sum entries = 43065 . . . Used time: 0s Expected left time: 0s          
 Analyzing entries 41859 - 41902, now 41897 , sum entries = 43065 . . . Used time: 0s Expected left time: 0s          
 Analyzing entries 41859 - 41902, now 41898 , sum entries = 43065 . . . Used time: 0s Expected left time: 0s          
 Analyzing entries 41859 - 41902, now 41899 , sum entries = 43065 . . . Used time: 0s Expected left time: 0s          
 Analyzing entries 41859 - 41902, now 41900 , sum entries = 43065 . . . Used time: 0s Expected left time: 0s          
 Analyzing entries 41859 - 41902, now 41901 , sum entries = 43065 . . . Used time: 0s Expected left time: 0s          
 Save to RootFile /extdisk/zlin/Machine_learning/RecoPlanesFeatures/CMS_herwig_HT1000to1500-preVFP_jinitpt450_600_j2pt80_120Reco/Chunk97_Part2.root . . . Used time: 0s Expected left time: 0s          
 Save to RootFile /extdisk/zlin/Machine_learning/RecoPlanesFeatures/CMS_herwig_HT1000to1500-preVFP_jinitpt450_600_j2pt80_120Reco/Chunk97_Part2.root . . . Used time: 0s Expected left time: 0s          
 Save to RootFile /extdisk/zlin/Machine_learning/RecoPlanesFeatures/CMS_herwig_HT1000to1500-preVFP_jinitpt450_600_j2pt80_120Reco/Chunk97_Part2.root . . . Used time: 0s Expected left time: 0s          
 Save to RootFile /extdisk/zlin/Machine_learning/RecoPlanesFeatures/CMS_herwig_HT1000to1500-preVFP_jinitpt450_600_j2pt80_120Reco/Chunk97_Part2.root . . . Used time: 0s Expected left time: 0s          
 Save to RootFile /extdisk/zlin/Machine_learning/RecoPlanesFeatures/CMS_herwig_HT1000to1500-preVFP_jinitpt450_600_j2pt80_120Reco/Chunk97_Part2.root . . . Used time: 0s Expected left time: 0s          
 Save to RootFile /extdisk/zlin/Machine_learning/RecoPlanesFeatures/CMS_herwig_HT1000to1500-preVFP_jinitpt450_600_j2pt80_120Reco/Chunk97_Part2.root . . . Used time: 0s Expected left time: 0s          
 Save to RootFile /extdisk/zlin/Machine_learning/RecoPlanesFeatures/CMS_herwig_HT1000to1500-preVFP_jinitpt450_600_j2pt80_120Reco/Chunk97_Part2.root . . . Used time: 0s Expected left time: 0s          
 Analyzing entries 41902 - 41945, now 41902 , sum entries = 43065 . . . Used time: 0s Expected left time: 0s          
 Analyzing entries 41902 - 41945, now 41903 , sum entries = 43065 . . . Used time: 0s Expected left time: 0s          
 Analyzing entries 41902 - 41945, now 41904 , sum entries = 43065 . . . Used time: 0s Expected left time: 0s          
 Analyzing entries 41902 - 41945, now 41905 , sum entries = 43065 . . . Used time: 0s Expected left time: 0s          
 Analyzing entries 41902 - 41945, now 41906 , sum entries = 43065 . . . Used time: 0s Expected left time: 0s          
 Analyzing entries 41902 - 41945, now 41907 , sum entries = 43065 . . . Used time: 0s Expected left time: 0s          
 Analyzing entries 41902 - 41945, now 41908 , sum entries = 43065 . . . Used time: 0s Expected left time: 0s          
 Analyzing entries 41902 - 41945, now 41909 , sum entries = 43065 . . . Used time: 0s Expected left time: 0s          
 Analyzing entries 41902 - 41945, now 41910 , sum entries = 43065 . . . Used time: 0s Expected left time: 0s          
 Analyzing entries 41902 - 41945, now 41911 , sum entries = 43065 . . . Used time: 0s Expected left time: 0s          
 Analyzing entries 41902 - 41945, now 41912 , sum entries = 43065 . . . Used time: 0s Expected left time: 0s          
 Analyzing entries 41902 - 41945, now 41913 , sum entries = 43065 . . . Used time: 0s Expected left time: 0s          
 Analyzing entries 41902 - 41945, now 41914 , sum entries = 43065 . . . Used time: 0s Expected left time: 0s          
 Analyzing entries 41902 - 41945, now 41915 , sum entries = 43065 . . . Used time: 0s Expected left time: 0s          
 Analyzing entries 41902 - 41945, now 41916 , sum entries = 43065 . . . Used time: 0s Expected left time: 0s          
 Analyzing entries 41902 - 41945, now 41917 , sum entries = 43065 . . . Used time: 0s Expected left time: 0s          
 Analyzing entries 41902 - 41945, now 41918 , sum entries = 43065 . . . Used time: 0s Expected left time: 0s          
 Analyzing entries 41902 - 41945, now 41919 , sum entries = 43065 . . . Used time: 0s Expected left time: 0s          
 Analyzing entries 41902 - 41945, now 41920 , sum entries = 43065 . . . Used time: 0s Expected left time: 0s          
 Analyzing entries 41902 - 41945, now 41921 , sum entries = 43065 . . . Used time: 0s Expected left time: 0s          
 Analyzing entries 41902 - 41945, now 41922 , sum entries = 43065 . . . Used time: 0s Expected left time: 0s          
 Analyzing entries 41902 - 41945, now 41923 , sum entries = 43065 . . . Used time: 0s Expected left time: 0s          
 Analyzing entries 41902 - 41945, now 41924 , sum entries = 43065 . . . Used time: 0s Expected left time: 0s          
 Analyzing entries 41902 - 41945, now 41925 , sum entries = 43065 . . . Used time: 0s Expected left time: 0s          
 Analyzing entries 41902 - 41945, now 41926 , sum entries = 43065 . . . Used time: 0s Expected left time: 0s          
 Analyzing entries 41902 - 41945, now 41927 , sum entries = 43065 . . . Used time: 0s Expected left time: 0s          
 Analyzing entries 41902 - 41945, now 41928 , sum entries = 43065 . . . Used time: 0s Expected left time: 0s          
 Analyzing entries 41902 - 41945, now 41929 , sum entries = 43065 . . . Used time: 0s Expected left time: 0s          
 Analyzing entries 41902 - 41945, now 41930 , sum entries = 43065 . . . Used time: 0s Expected left time: 0s          
 Analyzing entries 41902 - 41945, now 41931 , sum entries = 43065 . . . Used time: 0s Expected left time: 0s          
 Analyzing entries 41902 - 41945, now 41932 , sum entries = 43065 . . . Used time: 0s Expected left time: 0s          
 Analyzing entries 41902 - 41945, now 41933 , sum entries = 43065 . . . Used time: 0s Expected left time: 0s          
 Analyzing entries 41902 - 41945, now 41934 , sum entries = 43065 . . . Used time: 0s Expected left time: 0s          
 Analyzing entries 41902 - 41945, now 41935 , sum entries = 43065 . . . Used time: 0s Expected left time: 0s          
 Analyzing entries 41902 - 41945, now 41936 , sum entries = 43065 . . . Used time: 0s Expected left time: 0s          
 Analyzing entries 41902 - 41945, now 41937 , sum entries = 43065 . . . Used time: 0s Expected left time: 0s          
 Analyzing entries 41902 - 41945, now 41938 , sum entries = 43065 . . . Used time: 0s Expected left time: 0s          
 Analyzing entries 41902 - 41945, now 41939 , sum entries = 43065 . . . Used time: 0s Expected left time: 0s          
 Analyzing entries 41902 - 41945, now 41940 , sum entries = 43065 . . . Used time: 0s Expected left time: 0s          
 Analyzing entries 41902 - 41945, now 41941 , sum entries = 43065 . . . Used time: 0s Expected left time: 0s          
 Analyzing entries 41902 - 41945, now 41942 , sum entries = 43065 . . . Used time: 0s Expected left time: 0s          
 Analyzing entries 41902 - 41945, now 41943 , sum entries = 43065 . . . Used time: 0s Expected left time: 0s          
 Analyzing entries 41902 - 41945, now 41944 , sum entries = 43065 . . . Used time: 0s Expected left time: 0s          
 Save to RootFile /extdisk/zlin/Machine_learning/RecoPlanesFeatures/CMS_herwig_HT1000to1500-preVFP_jinitpt450_600_j2pt80_120Reco/Chunk97_Part3.root . . . Used time: 0s Expected left time: 0s          
 Save to RootFile /extdisk/zlin/Machine_learning/RecoPlanesFeatures/CMS_herwig_HT1000to1500-preVFP_jinitpt450_600_j2pt80_120Reco/Chunk97_Part3.root . . . Used time: 0s Expected left time: 0s          
 Save to RootFile /extdisk/zlin/Machine_learning/RecoPlanesFeatures/CMS_herwig_HT1000to1500-preVFP_jinitpt450_600_j2pt80_120Reco/Chunk97_Part3.root . . . Used time: 0s Expected left time: 0s          
 Analyzing entries 41945 - 41988, now 41945 , sum entries = 43065 . . . Used time: 0s Expected left time: 0s          
 Analyzing entries 41945 - 41988, now 41946 , sum entries = 43065 . . . Used time: 0s Expected left time: 0s          
 Analyzing entries 41945 - 41988, now 41947 , sum entries = 43065 . . . Used time: 0s Expected left time: 0s          
 Analyzing entries 41945 - 41988, now 41948 , sum entries = 43065 . . . Used time: 0s Expected left time: 0s          
 Analyzing entries 41945 - 41988, now 41949 , sum entries = 43065 . . . Used time: 0s Expected left time: 0s          
 Analyzing entries 41945 - 41988, now 41950 , sum entries = 43065 . . . Used time: 0s Expected left time: 0s          
 Analyzing entries 41945 - 41988, now 41951 , sum entries = 43065 . . . Used time: 0s Expected left time: 0s          
 Analyzing entries 41945 - 41988, now 41952 , sum entries = 43065 . . . Used time: 0s Expected left time: 0s          
 Analyzing entries 41945 - 41988, now 41953 , sum entries = 43065 . . . Used time: 0s Expected left time: 0s          
 Analyzing entries 41945 - 41988, now 41954 , sum entries = 43065 . . . Used time: 0s Expected left time: 0s          
 Analyzing entries 41945 - 41988, now 41955 , sum entries = 43065 . . . Used time: 0s Expected left time: 0s          
 Analyzing entries 41945 - 41988, now 41956 , sum entries = 43065 . . . Used time: 0s Expected left time: 0s          
 Analyzing entries 41945 - 41988, now 41957 , sum entries = 43065 . . . Used time: 0s Expected left time: 0s          
 Analyzing entries 41945 - 41988, now 41958 , sum entries = 43065 . . . Used time: 0s Expected left time: 0s          
 Analyzing entries 41945 - 41988, now 41959 , sum entries = 43065 . . . Used time: 0s Expected left time: 0s          
 Analyzing entries 41945 - 41988, now 41960 , sum entries = 43065 . . . Used time: 0s Expected left time: 0s          
 Analyzing entries 41945 - 41988, now 41961 , sum entries = 43065 . . . Used time: 0s Expected left time: 0s          
 Analyzing entries 41945 - 41988, now 41962 , sum entries = 43065 . . . Used time: 0s Expected left time: 0s          
 Analyzing entries 41945 - 41988, now 41963 , sum entries = 43065 . . . Used time: 0s Expected left time: 0s          
 Analyzing entries 41945 - 41988, now 41964 , sum entries = 43065 . . . Used time: 0s Expected left time: 0s          
 Analyzing entries 41945 - 41988, now 41965 , sum entries = 43065 . . . Used time: 0s Expected left time: 0s          
 Analyzing entries 41945 - 41988, now 41966 , sum entries = 43065 . . . Used time: 0s Expected left time: 0s          
 Analyzing entries 41945 - 41988, now 41967 , sum entries = 43065 . . . Used time: 0s Expected left time: 0s          
 Analyzing entries 41945 - 41988, now 41968 , sum entries = 43065 . . . Used time: 0s Expected left time: 0s          
 Analyzing entries 41945 - 41988, now 41969 , sum entries = 43065 . . . Used time: 0s Expected left time: 0s          
 Analyzing entries 41945 - 41988, now 41970 , sum entries = 43065 . . . Used time: 0s Expected left time: 0s          
 Analyzing entries 41945 - 41988, now 41971 , sum entries = 43065 . . . Used time: 0s Expected left time: 0s          
 Analyzing entries 41945 - 41988, now 41972 , sum entries = 43065 . . . Used time: 0s Expected left time: 0s          
 Analyzing entries 41945 - 41988, now 41973 , sum entries = 43065 . . . Used time: 0s Expected left time: 0s          
 Analyzing entries 41945 - 41988, now 41974 , sum entries = 43065 . . . Used time: 0s Expected left time: 0s          
 Analyzing entries 41945 - 41988, now 41975 , sum entries = 43065 . . . Used time: 0s Expected left time: 0s          
 Analyzing entries 41945 - 41988, now 41976 , sum entries = 43065 . . . Used time: 0s Expected left time: 0s          
 Analyzing entries 41945 - 41988, now 41977 , sum entries = 43065 . . . Used time: 0s Expected left time: 0s          
 Analyzing entries 41945 - 41988, now 41978 , sum entries = 43065 . . . Used time: 0s Expected left time: 0s          
 Analyzing entries 41945 - 41988, now 41979 , sum entries = 43065 . . . Used time: 0s Expected left time: 0s          
 Analyzing entries 41945 - 41988, now 41980 , sum entries = 43065 . . . Used time: 0s Expected left time: 0s          
 Analyzing entries 41945 - 41988, now 41981 , sum entries = 43065 . . . Used time: 0s Expected left time: 0s          
 Analyzing entries 41945 - 41988, now 41982 , sum entries = 43065 . . . Used time: 0s Expected left time: 0s          
 Analyzing entries 41945 - 41988, now 41983 , sum entries = 43065 . . . Used time: 0s Expected left time: 0s          
 Analyzing entries 41945 - 41988, now 41984 , sum entries = 43065 . . . Used time: 0s Expected left time: 0s          
 Analyzing entries 41945 - 41988, now 41985 , sum entries = 43065 . . . Used time: 0s Expected left time: 0s          
 Analyzing entries 41945 - 41988, now 41986 , sum entries = 43065 . . . Used time: 0s Expected left time: 0s          
 Analyzing entries 41945 - 41988, now 41987 , sum entries = 43065 . . . Used time: 0s Expected left time: 0s          
 Save to RootFile /extdisk/zlin/Machine_learning/RecoPlanesFeatures/CMS_herwig_HT1000to1500-preVFP_jinitpt450_600_j2pt80_120Reco/Chunk97_Part4.root . . . Used time: 0s Expected left time: 0s          
 Save to RootFile /extdisk/zlin/Machine_learning/RecoPlanesFeatures/CMS_herwig_HT1000to1500-preVFP_jinitpt450_600_j2pt80_120Reco/Chunk97_Part4.root . . . Used time: 0s Expected left time: 0s          
 Save to RootFile /extdisk/zlin/Machine_learning/RecoPlanesFeatures/CMS_herwig_HT1000to1500-preVFP_jinitpt450_600_j2pt80_120Reco/Chunk97_Part4.root . . . Used time: 0s Expected left time: 0s          
 Save to RootFile /extdisk/zlin/Machine_learning/RecoPlanesFeatures/CMS_herwig_HT1000to1500-preVFP_jinitpt450_600_j2pt80_120Reco/Chunk97_Part4.root . . . Used time: 0s Expected left time: 0s          
 Save to RootFile /extdisk/zlin/Machine_learning/RecoPlanesFeatures/CMS_herwig_HT1000to1500-preVFP_jinitpt450_600_j2pt80_120Reco/Chunk97_Part4.root . . . Used time: 0s Expected left time: 0s          
 Save to RootFile /extdisk/zlin/Machine_learning/RecoPlanesFeatures/CMS_herwig_HT1000to1500-preVFP_jinitpt450_600_j2pt80_120Reco/Chunk97_Part4.root . . . Used time: 0s Expected left time: 0s          
 Analyzing entries 41988 - 42031, now 41988 , sum entries = 43065 . . . Used time: 0s Expected left time: 0s          
 Analyzing entries 41988 - 42031, now 41989 , sum entries = 43065 . . . Used time: 0s Expected left time: 0s          
 Analyzing entries 41988 - 42031, now 41990 , sum entries = 43065 . . . Used time: 0s Expected left time: 0s          
 Analyzing entries 41988 - 42031, now 41991 , sum entries = 43065 . . . Used time: 0s Expected left time: 0s          
 Analyzing entries 41988 - 42031, now 41992 , sum entries = 43065 . . . Used time: 0s Expected left time: 0s          
 Analyzing entries 41988 - 42031, now 41993 , sum entries = 43065 . . . Used time: 0s Expected left time: 0s          
 Analyzing entries 41988 - 42031, now 41994 , sum entries = 43065 . . . Used time: 0s Expected left time: 0s          
 Analyzing entries 41988 - 42031, now 41995 , sum entries = 43065 . . . Used time: 0s Expected left time: 0s          
 Analyzing entries 41988 - 42031, now 41996 , sum entries = 43065 . . . Used time: 0s Expected left time: 0s          
 Analyzing entries 41988 - 42031, now 41997 , sum entries = 43065 . . . Used time: 0s Expected left time: 0s          
 Analyzing entries 41988 - 42031, now 41998 , sum entries = 43065 . . . Used time: 0s Expected left time: 0s          
 Analyzing entries 41988 - 42031, now 41999 , sum entries = 43065 . . . Used time: 0s Expected left time: 0s          
 Analyzing entries 41988 - 42031, now 42000 , sum entries = 43065 . . . Used time: 0s Expected left time: 0s          
 Analyzing entries 41988 - 42031, now 42001 , sum entries = 43065 . . . Used time: 0s Expected left time: 0s          
 Analyzing entries 41988 - 42031, now 42002 , sum entries = 43065 . . . Used time: 0s Expected left time: 0s          
 Analyzing entries 41988 - 42031, now 42003 , sum entries = 43065 . . . Used time: 0s Expected left time: 0s          
 Analyzing entries 41988 - 42031, now 42004 , sum entries = 43065 . . . Used time: 0s Expected left time: 0s          
 Analyzing entries 41988 - 42031, now 42005 , sum entries = 43065 . . . Used time: 0s Expected left time: 0s          
 Analyzing entries 41988 - 42031, now 42006 , sum entries = 43065 . . . Used time: 0s Expected left time: 0s          
 Analyzing entries 41988 - 42031, now 42007 , sum entries = 43065 . . . Used time: 0s Expected left time: 0s          
 Analyzing entries 41988 - 42031, now 42008 , sum entries = 43065 . . . Used time: 0s Expected left time: 0s          
 Analyzing entries 41988 - 42031, now 42009 , sum entries = 43065 . . . Used time: 0s Expected left time: 0s          
 Analyzing entries 41988 - 42031, now 42010 , sum entries = 43065 . . . Used time: 0s Expected left time: 0s          
 Analyzing entries 41988 - 42031, now 42011 , sum entries = 43065 . . . Used time: 0s Expected left time: 0s          
 Analyzing entries 41988 - 42031, now 42012 , sum entries = 43065 . . . Used time: 0s Expected left time: 0s          
 Analyzing entries 41988 - 42031, now 42013 , sum entries = 43065 . . . Used time: 0s Expected left time: 0s          
 Analyzing entries 41988 - 42031, now 42014 , sum entries = 43065 . . . Used time: 0s Expected left time: 0s          
 Analyzing entries 41988 - 42031, now 42015 , sum entries = 43065 . . . Used time: 0s Expected left time: 0s          
 Analyzing entries 41988 - 42031, now 42016 , sum entries = 43065 . . . Used time: 0s Expected left time: 0s          
 Analyzing entries 41988 - 42031, now 42017 , sum entries = 43065 . . . Used time: 0s Expected left time: 0s          
 Analyzing entries 41988 - 42031, now 42018 , sum entries = 43065 . . . Used time: 0s Expected left time: 0s          
 Analyzing entries 41988 - 42031, now 42019 , sum entries = 43065 . . . Used time: 0s Expected left time: 0s          
 Analyzing entries 41988 - 42031, now 42020 , sum entries = 43065 . . . Used time: 0s Expected left time: 0s          
 Analyzing entries 41988 - 42031, now 42021 , sum entries = 43065 . . . Used time: 0s Expected left time: 0s          
 Analyzing entries 41988 - 42031, now 42022 , sum entries = 43065 . . . Used time: 0s Expected left time: 0s          
 Analyzing entries 41988 - 42031, now 42023 , sum entries = 43065 . . . Used time: 0s Expected left time: 0s          
 Analyzing entries 41988 - 42031, now 42024 , sum entries = 43065 . . . Used time: 0s Expected left time: 0s          
 Analyzing entries 41988 - 42031, now 42025 , sum entries = 43065 . . . Used time: 0s Expected left time: 0s          
 Analyzing entries 41988 - 42031, now 42026 , sum entries = 43065 . . . Used time: 0s Expected left time: 0s          
 Analyzing entries 41988 - 42031, now 42027 , sum entries = 43065 . . . Used time: 0s Expected left time: 0s          
 Analyzing entries 41988 - 42031, now 42028 , sum entries = 43065 . . . Used time: 0s Expected left time: 0s          
 Analyzing entries 41988 - 42031, now 42029 , sum entries = 43065 . . . Used time: 0s Expected left time: 0s          
 Analyzing entries 41988 - 42031, now 42030 , sum entries = 43065 . . . Used time: 0s Expected left time: 0s          
 Save to RootFile /extdisk/zlin/Machine_learning/RecoPlanesFeatures/CMS_herwig_HT1000to1500-preVFP_jinitpt450_600_j2pt80_120Reco/Chunk97_Part5.root . . . Used time: 0s Expected left time: 0s          
 Save to RootFile /extdisk/zlin/Machine_learning/RecoPlanesFeatures/CMS_herwig_HT1000to1500-preVFP_jinitpt450_600_j2pt80_120Reco/Chunk97_Part5.root . . . Used time: 0s Expected left time: 0s          
 Save to RootFile /extdisk/zlin/Machine_learning/RecoPlanesFeatures/CMS_herwig_HT1000to1500-preVFP_jinitpt450_600_j2pt80_120Reco/Chunk97_Part5.root . . . Used time: 0s Expected left time: 0s          
 Save to RootFile /extdisk/zlin/Machine_learning/RecoPlanesFeatures/CMS_herwig_HT1000to1500-preVFP_jinitpt450_600_j2pt80_120Reco/Chunk97_Part5.root . . . Used time: 0s Expected left time: 0s          
 Analyzing entries 42031 - 42074, now 42031 , sum entries = 43065 . . . Used time: 0s Expected left time: 0s          
 Analyzing entries 42031 - 42074, now 42032 , sum entries = 43065 . . . Used time: 0s Expected left time: 0s          
 Analyzing entries 42031 - 42074, now 42033 , sum entries = 43065 . . . Used time: 0s Expected left time: 0s          
 Analyzing entries 42031 - 42074, now 42034 , sum entries = 43065 . . . Used time: 0s Expected left time: 0s          
 Analyzing entries 42031 - 42074, now 42035 , sum entries = 43065 . . . Used time: 0s Expected left time: 0s          
 Analyzing entries 42031 - 42074, now 42036 , sum entries = 43065 . . . Used time: 0s Expected left time: 0s          
 Analyzing entries 42031 - 42074, now 42037 , sum entries = 43065 . . . Used time: 0s Expected left time: 0s          
 Analyzing entries 42031 - 42074, now 42038 , sum entries = 43065 . . . Used time: 0s Expected left time: 0s          
 Analyzing entries 42031 - 42074, now 42039 , sum entries = 43065 . . . Used time: 0s Expected left time: 0s          
 Analyzing entries 42031 - 42074, now 42040 , sum entries = 43065 . . . Used time: 0s Expected left time: 0s          
 Analyzing entries 42031 - 42074, now 42041 , sum entries = 43065 . . . Used time: 0s Expected left time: 0s          
 Analyzing entries 42031 - 42074, now 42042 , sum entries = 43065 . . . Used time: 0s Expected left time: 0s          
 Analyzing entries 42031 - 42074, now 42043 , sum entries = 43065 . . . Used time: 0s Expected left time: 0s          
 Analyzing entries 42031 - 42074, now 42044 , sum entries = 43065 . . . Used time: 0s Expected left time: 0s          
 Analyzing entries 42031 - 42074, now 42045 , sum entries = 43065 . . . Used time: 0s Expected left time: 0s          
 Analyzing entries 42031 - 42074, now 42046 , sum entries = 43065 . . . Used time: 0s Expected left time: 0s          
 Analyzing entries 42031 - 42074, now 42047 , sum entries = 43065 . . . Used time: 0s Expected left time: 0s          
 Analyzing entries 42031 - 42074, now 42048 , sum entries = 43065 . . . Used time: 0s Expected left time: 0s          
 Analyzing entries 42031 - 42074, now 42049 , sum entries = 43065 . . . Used time: 0s Expected left time: 0s          
 Analyzing entries 42031 - 42074, now 42050 , sum entries = 43065 . . . Used time: 0s Expected left time: 0s          
 Analyzing entries 42031 - 42074, now 42051 , sum entries = 43065 . . . Used time: 0s Expected left time: 0s          
 Analyzing entries 42031 - 42074, now 42052 , sum entries = 43065 . . . Used time: 0s Expected left time: 0s          
 Analyzing entries 42031 - 42074, now 42053 , sum entries = 43065 . . . Used time: 0s Expected left time: 0s          
 Analyzing entries 42031 - 42074, now 42054 , sum entries = 43065 . . . Used time: 0s Expected left time: 0s          
 Analyzing entries 42031 - 42074, now 42055 , sum entries = 43065 . . . Used time: 0s Expected left time: 0s          
 Analyzing entries 42031 - 42074, now 42056 , sum entries = 43065 . . . Used time: 0s Expected left time: 0s          
 Analyzing entries 42031 - 42074, now 42057 , sum entries = 43065 . . . Used time: 0s Expected left time: 0s          
 Analyzing entries 42031 - 42074, now 42058 , sum entries = 43065 . . . Used time: 0s Expected left time: 0s          
 Analyzing entries 42031 - 42074, now 42059 , sum entries = 43065 . . . Used time: 0s Expected left time: 0s          
 Analyzing entries 42031 - 42074, now 42060 , sum entries = 43065 . . . Used time: 0s Expected left time: 0s          
 Analyzing entries 42031 - 42074, now 42061 , sum entries = 43065 . . . Used time: 0s Expected left time: 0s          
 Analyzing entries 42031 - 42074, now 42062 , sum entries = 43065 . . . Used time: 0s Expected left time: 0s          
 Analyzing entries 42031 - 42074, now 42063 , sum entries = 43065 . . . Used time: 0s Expected left time: 0s          
 Analyzing entries 42031 - 42074, now 42064 , sum entries = 43065 . . . Used time: 0s Expected left time: 0s          
 Analyzing entries 42031 - 42074, now 42065 , sum entries = 43065 . . . Used time: 0s Expected left time: 0s          
 Analyzing entries 42031 - 42074, now 42066 , sum entries = 43065 . . . Used time: 0s Expected left time: 0s          
 Analyzing entries 42031 - 42074, now 42067 , sum entries = 43065 . . . Used time: 0s Expected left time: 0s          
 Analyzing entries 42031 - 42074, now 42068 , sum entries = 43065 . . . Used time: 0s Expected left time: 0s          
 Analyzing entries 42031 - 42074, now 42069 , sum entries = 43065 . . . Used time: 0s Expected left time: 0s          
 Analyzing entries 42031 - 42074, now 42070 , sum entries = 43065 . . . Used time: 0s Expected left time: 0s          
 Analyzing entries 42031 - 42074, now 42071 , sum entries = 43065 . . . Used time: 0s Expected left time: 0s          
 Analyzing entries 42031 - 42074, now 42072 , sum entries = 43065 . . . Used time: 0s Expected left time: 0s          
 Analyzing entries 42031 - 42074, now 42073 , sum entries = 43065 . . . Used time: 0s Expected left time: 0s          
 Save to RootFile /extdisk/zlin/Machine_learning/RecoPlanesFeatures/CMS_herwig_HT1000to1500-preVFP_jinitpt450_600_j2pt80_120Reco/Chunk97_Part6.root . . . Used time: 0s Expected left time: 0s          
 Save to RootFile /extdisk/zlin/Machine_learning/RecoPlanesFeatures/CMS_herwig_HT1000to1500-preVFP_jinitpt450_600_j2pt80_120Reco/Chunk97_Part6.root . . . Used time: 0s Expected left time: 0s          
 Save to RootFile /extdisk/zlin/Machine_learning/RecoPlanesFeatures/CMS_herwig_HT1000to1500-preVFP_jinitpt450_600_j2pt80_120Reco/Chunk97_Part6.root . . . Used time: 0s Expected left time: 0s          
 Save to RootFile /extdisk/zlin/Machine_learning/RecoPlanesFeatures/CMS_herwig_HT1000to1500-preVFP_jinitpt450_600_j2pt80_120Reco/Chunk97_Part6.root . . . Used time: 0s Expected left time: 0s          
 Save to RootFile /extdisk/zlin/Machine_learning/RecoPlanesFeatures/CMS_herwig_HT1000to1500-preVFP_jinitpt450_600_j2pt80_120Reco/Chunk97_Part6.root . . . Used time: 0s Expected left time: 0s          
 Analyzing entries 42074 - 42117, now 42074 , sum entries = 43065 . . . Used time: 0s Expected left time: 0s          
 Analyzing entries 42074 - 42117, now 42075 , sum entries = 43065 . . . Used time: 0s Expected left time: 0s          
 Analyzing entries 42074 - 42117, now 42076 , sum entries = 43065 . . . Used time: 0s Expected left time: 0s          
 Analyzing entries 42074 - 42117, now 42077 , sum entries = 43065 . . . Used time: 0s Expected left time: 0s          
 Analyzing entries 42074 - 42117, now 42078 , sum entries = 43065 . . . Used time: 0s Expected left time: 0s          
 Analyzing entries 42074 - 42117, now 42079 , sum entries = 43065 . . . Used time: 0s Expected left time: 0s          
 Analyzing entries 42074 - 42117, now 42080 , sum entries = 43065 . . . Used time: 0s Expected left time: 0s          
 Analyzing entries 42074 - 42117, now 42081 , sum entries = 43065 . . . Used time: 0s Expected left time: 0s          
 Analyzing entries 42074 - 42117, now 42082 , sum entries = 43065 . . . Used time: 0s Expected left time: 0s          
 Analyzing entries 42074 - 42117, now 42083 , sum entries = 43065 . . . Used time: 0s Expected left time: 0s          
 Analyzing entries 42074 - 42117, now 42084 , sum entries = 43065 . . . Used time: 0s Expected left time: 0s          
 Analyzing entries 42074 - 42117, now 42085 , sum entries = 43065 . . . Used time: 0s Expected left time: 0s          
 Analyzing entries 42074 - 42117, now 42086 , sum entries = 43065 . . . Used time: 0s Expected left time: 0s          
 Analyzing entries 42074 - 42117, now 42087 , sum entries = 43065 . . . Used time: 0s Expected left time: 0s          
 Analyzing entries 42074 - 42117, now 42088 , sum entries = 43065 . . . Used time: 0s Expected left time: 0s          
 Analyzing entries 42074 - 42117, now 42089 , sum entries = 43065 . . . Used time: 0s Expected left time: 0s          
 Analyzing entries 42074 - 42117, now 42090 , sum entries = 43065 . . . Used time: 0s Expected left time: 0s          
 Analyzing entries 42074 - 42117, now 42091 , sum entries = 43065 . . . Used time: 0s Expected left time: 0s          
 Analyzing entries 42074 - 42117, now 42092 , sum entries = 43065 . . . Used time: 0s Expected left time: 0s          
 Analyzing entries 42074 - 42117, now 42093 , sum entries = 43065 . . . Used time: 0s Expected left time: 0s          
 Analyzing entries 42074 - 42117, now 42094 , sum entries = 43065 . . . Used time: 0s Expected left time: 0s          
 Analyzing entries 42074 - 42117, now 42095 , sum entries = 43065 . . . Used time: 0s Expected left time: 0s          
 Analyzing entries 42074 - 42117, now 42096 , sum entries = 43065 . . . Used time: 0s Expected left time: 0s          
 Analyzing entries 42074 - 42117, now 42097 , sum entries = 43065 . . . Used time: 0s Expected left time: 0s          
 Analyzing entries 42074 - 42117, now 42098 , sum entries = 43065 . . . Used time: 0s Expected left time: 0s          
 Analyzing entries 42074 - 42117, now 42099 , sum entries = 43065 . . . Used time: 0s Expected left time: 0s          
 Analyzing entries 42074 - 42117, now 42100 , sum entries = 43065 . . . Used time: 0s Expected left time: 0s          
 Analyzing entries 42074 - 42117, now 42101 , sum entries = 43065 . . . Used time: 0s Expected left time: 0s          
 Analyzing entries 42074 - 42117, now 42102 , sum entries = 43065 . . . Used time: 0s Expected left time: 0s          
 Analyzing entries 42074 - 42117, now 42103 , sum entries = 43065 . . . Used time: 0s Expected left time: 0s          
 Analyzing entries 42074 - 42117, now 42104 , sum entries = 43065 . . . Used time: 0s Expected left time: 0s          
 Analyzing entries 42074 - 42117, now 42105 , sum entries = 43065 . . . Used time: 0s Expected left time: 0s          
 Analyzing entries 42074 - 42117, now 42106 , sum entries = 43065 . . . Used time: 0s Expected left time: 0s          
 Analyzing entries 42074 - 42117, now 42107 , sum entries = 43065 . . . Used time: 0s Expected left time: 0s          
 Analyzing entries 42074 - 42117, now 42108 , sum entries = 43065 . . . Used time: 0s Expected left time: 0s          
 Analyzing entries 42074 - 42117, now 42109 , sum entries = 43065 . . . Used time: 0s Expected left time: 0s          
 Analyzing entries 42074 - 42117, now 42110 , sum entries = 43065 . . . Used time: 0s Expected left time: 0s          
 Analyzing entries 42074 - 42117, now 42111 , sum entries = 43065 . . . Used time: 0s Expected left time: 0s          
 Analyzing entries 42074 - 42117, now 42112 , sum entries = 43065 . . . Used time: 0s Expected left time: 0s          
 Analyzing entries 42074 - 42117, now 42113 , sum entries = 43065 . . . Used time: 0s Expected left time: 0s          
 Analyzing entries 42074 - 42117, now 42114 , sum entries = 43065 . . . Used time: 0s Expected left time: 0s          
 Analyzing entries 42074 - 42117, now 42115 , sum entries = 43065 . . . Used time: 0s Expected left time: 0s          
 Analyzing entries 42074 - 42117, now 42116 , sum entries = 43065 . . . Used time: 0s Expected left time: 0s          
 Save to RootFile /extdisk/zlin/Machine_learning/RecoPlanesFeatures/CMS_herwig_HT1000to1500-preVFP_jinitpt450_600_j2pt80_120Reco/Chunk97_Part7.root . . . Used time: 0s Expected left time: 0s          
 Save to RootFile /extdisk/zlin/Machine_learning/RecoPlanesFeatures/CMS_herwig_HT1000to1500-preVFP_jinitpt450_600_j2pt80_120Reco/Chunk97_Part7.root . . . Used time: 0s Expected left time: 0s          
 Analyzing entries 42117 - 42160, now 42117 , sum entries = 43065 . . . Used time: 0s Expected left time: 0s          
 Analyzing entries 42117 - 42160, now 42118 , sum entries = 43065 . . . Used time: 0s Expected left time: 0s          
 Analyzing entries 42117 - 42160, now 42119 , sum entries = 43065 . . . Used time: 0s Expected left time: 0s          
 Analyzing entries 42117 - 42160, now 42120 , sum entries = 43065 . . . Used time: 0s Expected left time: 0s          
 Analyzing entries 42117 - 42160, now 42121 , sum entries = 43065 . . . Used time: 0s Expected left time: 0s          
 Analyzing entries 42117 - 42160, now 42122 , sum entries = 43065 . . . Used time: 0s Expected left time: 0s          
 Analyzing entries 42117 - 42160, now 42123 , sum entries = 43065 . . . Used time: 0s Expected left time: 0s          
 Analyzing entries 42117 - 42160, now 42124 , sum entries = 43065 . . . Used time: 0s Expected left time: 0s          
 Analyzing entries 42117 - 42160, now 42125 , sum entries = 43065 . . . Used time: 0s Expected left time: 0s          
 Analyzing entries 42117 - 42160, now 42126 , sum entries = 43065 . . . Used time: 0s Expected left time: 0s          
 Analyzing entries 42117 - 42160, now 42127 , sum entries = 43065 . . . Used time: 0s Expected left time: 0s          
 Analyzing entries 42117 - 42160, now 42128 , sum entries = 43065 . . . Used time: 0s Expected left time: 0s          
 Analyzing entries 42117 - 42160, now 42129 , sum entries = 43065 . . . Used time: 0s Expected left time: 0s          
 Analyzing entries 42117 - 42160, now 42130 , sum entries = 43065 . . . Used time: 0s Expected left time: 0s          
 Analyzing entries 42117 - 42160, now 42131 , sum entries = 43065 . . . Used time: 0s Expected left time: 0s          
 Analyzing entries 42117 - 42160, now 42132 , sum entries = 43065 . . . Used time: 0s Expected left time: 0s          
 Analyzing entries 42117 - 42160, now 42133 , sum entries = 43065 . . . Used time: 0s Expected left time: 0s          
 Analyzing entries 42117 - 42160, now 42134 , sum entries = 43065 . . . Used time: 0s Expected left time: 0s          
 Analyzing entries 42117 - 42160, now 42135 , sum entries = 43065 . . . Used time: 0s Expected left time: 0s          
 Analyzing entries 42117 - 42160, now 42136 , sum entries = 43065 . . . Used time: 0s Expected left time: 0s          
 Analyzing entries 42117 - 42160, now 42137 , sum entries = 43065 . . . Used time: 0s Expected left time: 0s          
 Analyzing entries 42117 - 42160, now 42138 , sum entries = 43065 . . . Used time: 0s Expected left time: 0s          
 Analyzing entries 42117 - 42160, now 42139 , sum entries = 43065 . . . Used time: 0s Expected left time: 0s          
 Analyzing entries 42117 - 42160, now 42140 , sum entries = 43065 . . . Used time: 0s Expected left time: 0s          
 Analyzing entries 42117 - 42160, now 42141 , sum entries = 43065 . . . Used time: 0s Expected left time: 0s          
 Analyzing entries 42117 - 42160, now 42142 , sum entries = 43065 . . . Used time: 0s Expected left time: 0s          
 Analyzing entries 42117 - 42160, now 42143 , sum entries = 43065 . . . Used time: 0s Expected left time: 0s          
 Analyzing entries 42117 - 42160, now 42144 , sum entries = 43065 . . . Used time: 0s Expected left time: 0s          
 Analyzing entries 42117 - 42160, now 42145 , sum entries = 43065 . . . Used time: 0s Expected left time: 0s          
 Analyzing entries 42117 - 42160, now 42146 , sum entries = 43065 . . . Used time: 0s Expected left time: 0s          
 Analyzing entries 42117 - 42160, now 42147 , sum entries = 43065 . . . Used time: 0s Expected left time: 0s          
 Analyzing entries 42117 - 42160, now 42148 , sum entries = 43065 . . . Used time: 0s Expected left time: 0s          
 Analyzing entries 42117 - 42160, now 42149 , sum entries = 43065 . . . Used time: 0s Expected left time: 0s          
 Analyzing entries 42117 - 42160, now 42150 , sum entries = 43065 . . . Used time: 0s Expected left time: 0s          
 Analyzing entries 42117 - 42160, now 42151 , sum entries = 43065 . . . Used time: 0s Expected left time: 0s          
 Analyzing entries 42117 - 42160, now 42152 , sum entries = 43065 . . . Used time: 0s Expected left time: 0s          
 Analyzing entries 42117 - 42160, now 42153 , sum entries = 43065 . . . Used time: 0s Expected left time: 0s          
 Analyzing entries 42117 - 42160, now 42154 , sum entries = 43065 . . . Used time: 0s Expected left time: 0s          
 Analyzing entries 42117 - 42160, now 42155 , sum entries = 43065 . . . Used time: 0s Expected left time: 0s          
 Analyzing entries 42117 - 42160, now 42156 , sum entries = 43065 . . . Used time: 0s Expected left time: 0s          
 Analyzing entries 42117 - 42160, now 42157 , sum entries = 43065 . . . Used time: 0s Expected left time: 0s          
 Analyzing entries 42117 - 42160, now 42158 , sum entries = 43065 . . . Used time: 0s Expected left time: 0s          
 Analyzing entries 42117 - 42160, now 42159 , sum entries = 43065 . . . Used time: 0s Expected left time: 0s          
 Save to RootFile /extdisk/zlin/Machine_learning/RecoPlanesFeatures/CMS_herwig_HT1000to1500-preVFP_jinitpt450_600_j2pt80_120Reco/Chunk97_Part8.root . . . Used time: 0s Expected left time: 0s          
 Save to RootFile /extdisk/zlin/Machine_learning/RecoPlanesFeatures/CMS_herwig_HT1000to1500-preVFP_jinitpt450_600_j2pt80_120Reco/Chunk97_Part8.root . . . Used time: 0s Expected left time: 0s          
 Save to RootFile /extdisk/zlin/Machine_learning/RecoPlanesFeatures/CMS_herwig_HT1000to1500-preVFP_jinitpt450_600_j2pt80_120Reco/Chunk97_Part8.root . . . Used time: 0s Expected left time: 0s          
 Save to RootFile /extdisk/zlin/Machine_learning/RecoPlanesFeatures/CMS_herwig_HT1000to1500-preVFP_jinitpt450_600_j2pt80_120Reco/Chunk97_Part8.root . . . Used time: 0s Expected left time: 0s          
 Analyzing entries 42160 - 42203, now 42160 , sum entries = 43065 . . . Used time: 0s Expected left time: 0s          
 Analyzing entries 42160 - 42203, now 42161 , sum entries = 43065 . . . Used time: 0s Expected left time: 0s          
 Analyzing entries 42160 - 42203, now 42162 , sum entries = 43065 . . . Used time: 0s Expected left time: 0s          
 Analyzing entries 42160 - 42203, now 42163 , sum entries = 43065 . . . Used time: 0s Expected left time: 0s          
 Analyzing entries 42160 - 42203, now 42164 , sum entries = 43065 . . . Used time: 0s Expected left time: 0s          
 Analyzing entries 42160 - 42203, now 42165 , sum entries = 43065 . . . Used time: 0s Expected left time: 0s          
 Analyzing entries 42160 - 42203, now 42166 , sum entries = 43065 . . . Used time: 0s Expected left time: 0s          
 Analyzing entries 42160 - 42203, now 42167 , sum entries = 43065 . . . Used time: 0s Expected left time: 0s          
 Analyzing entries 42160 - 42203, now 42168 , sum entries = 43065 . . . Used time: 0s Expected left time: 0s          
 Analyzing entries 42160 - 42203, now 42169 , sum entries = 43065 . . . Used time: 0s Expected left time: 0s          
 Analyzing entries 42160 - 42203, now 42170 , sum entries = 43065 . . . Used time: 0s Expected left time: 0s          
 Analyzing entries 42160 - 42203, now 42171 , sum entries = 43065 . . . Used time: 0s Expected left time: 0s          
 Analyzing entries 42160 - 42203, now 42172 , sum entries = 43065 . . . Used time: 0s Expected left time: 0s          
 Analyzing entries 42160 - 42203, now 42173 , sum entries = 43065 . . . Used time: 0s Expected left time: 0s          
 Analyzing entries 42160 - 42203, now 42174 , sum entries = 43065 . . . Used time: 0s Expected left time: 0s          
 Analyzing entries 42160 - 42203, now 42175 , sum entries = 43065 . . . Used time: 0s Expected left time: 0s          
 Analyzing entries 42160 - 42203, now 42176 , sum entries = 43065 . . . Used time: 0s Expected left time: 0s          
 Analyzing entries 42160 - 42203, now 42177 , sum entries = 43065 . . . Used time: 0s Expected left time: 0s          
 Analyzing entries 42160 - 42203, now 42178 , sum entries = 43065 . . . Used time: 0s Expected left time: 0s          
 Analyzing entries 42160 - 42203, now 42179 , sum entries = 43065 . . . Used time: 0s Expected left time: 0s          
 Analyzing entries 42160 - 42203, now 42180 , sum entries = 43065 . . . Used time: 0s Expected left time: 0s          
 Analyzing entries 42160 - 42203, now 42181 , sum entries = 43065 . . . Used time: 0s Expected left time: 0s          
 Analyzing entries 42160 - 42203, now 42182 , sum entries = 43065 . . . Used time: 0s Expected left time: 0s          
 Analyzing entries 42160 - 42203, now 42183 , sum entries = 43065 . . . Used time: 0s Expected left time: 0s          
 Analyzing entries 42160 - 42203, now 42184 , sum entries = 43065 . . . Used time: 0s Expected left time: 0s          
 Analyzing entries 42160 - 42203, now 42185 , sum entries = 43065 . . . Used time: 0s Expected left time: 0s          
 Analyzing entries 42160 - 42203, now 42186 , sum entries = 43065 . . . Used time: 0s Expected left time: 0s          
 Analyzing entries 42160 - 42203, now 42187 , sum entries = 43065 . . . Used time: 0s Expected left time: 0s          
 Analyzing entries 42160 - 42203, now 42188 , sum entries = 43065 . . . Used time: 0s Expected left time: 0s          
 Analyzing entries 42160 - 42203, now 42189 , sum entries = 43065 . . . Used time: 0s Expected left time: 0s          
 Analyzing entries 42160 - 42203, now 42190 , sum entries = 43065 . . . Used time: 0s Expected left time: 0s          
 Analyzing entries 42160 - 42203, now 42191 , sum entries = 43065 . . . Used time: 0s Expected left time: 0s          
 Analyzing entries 42160 - 42203, now 42192 , sum entries = 43065 . . . Used time: 0s Expected left time: 0s          
 Analyzing entries 42160 - 42203, now 42193 , sum entries = 43065 . . . Used time: 0s Expected left time: 0s          
 Analyzing entries 42160 - 42203, now 42194 , sum entries = 43065 . . . Used time: 0s Expected left time: 0s          
 Analyzing entries 42160 - 42203, now 42195 , sum entries = 43065 . . . Used time: 0s Expected left time: 0s          
 Analyzing entries 42160 - 42203, now 42196 , sum entries = 43065 . . . Used time: 0s Expected left time: 0s          
 Analyzing entries 42160 - 42203, now 42197 , sum entries = 43065 . . . Used time: 0s Expected left time: 0s          
 Analyzing entries 42160 - 42203, now 42198 , sum entries = 43065 . . . Used time: 0s Expected left time: 0s          
 Analyzing entries 42160 - 42203, now 42199 , sum entries = 43065 . . . Used time: 0s Expected left time: 0s          
 Analyzing entries 42160 - 42203, now 42200 , sum entries = 43065 . . . Used time: 0s Expected left time: 0s          
 Analyzing entries 42160 - 42203, now 42201 , sum entries = 43065 . . . Used time: 0s Expected left time: 0s          
 Analyzing entries 42160 - 42203, now 42202 , sum entries = 43065 . . . Used time: 0s Expected left time: 0s          
 Save to RootFile /extdisk/zlin/Machine_learning/RecoPlanesFeatures/CMS_herwig_HT1000to1500-preVFP_jinitpt450_600_j2pt80_120Reco/Chunk97_Part9.root . . . Used time: 0s Expected left time: 0s          
 Save to RootFile /extdisk/zlin/Machine_learning/RecoPlanesFeatures/CMS_herwig_HT1000to1500-preVFP_jinitpt450_600_j2pt80_120Reco/Chunk97_Part9.root . . . Used time: 0s Expected left time: 0s          
 Save to RootFile /extdisk/zlin/Machine_learning/RecoPlanesFeatures/CMS_herwig_HT1000to1500-preVFP_jinitpt450_600_j2pt80_120Reco/Chunk97_Part9.root . . . Used time: 0s Expected left time: 0s          
 Save to RootFile /extdisk/zlin/Machine_learning/RecoPlanesFeatures/CMS_herwig_HT1000to1500-preVFP_jinitpt450_600_j2pt80_120Reco/Chunk97_Part9.root . . . Used time: 0s Expected left time: 0s          
