Warning in <TFile::Init>: file /extdisk/zlin/Machine_learning/RecoPlanes/CMS_herwig_HT1000to1500-preVFP/Chunk19_Part0.root probably not closed, trying to recover
Warning in <TFile::Init>: no keys recovered, file has been made a Zombie
Warning in <TFile::Init>: file /extdisk/zlin/Machine_learning/RecoPlanes/CMS_herwig_HT1000to1500-preVFP/Chunk20_Part0.root probably not closed, trying to recover
Warning in <TFile::Init>: no keys recovered, file has been made a Zombie
Warning in <TFile::Init>: file /extdisk/zlin/Machine_learning/RecoPlanes/CMS_herwig_HT1000to1500-preVFP/Chunk39_Part0.root probably not closed, trying to recover
Warning in <TFile::Init>: no keys recovered, file has been made a Zombie
Warning in <TFile::Init>: file /extdisk/zlin/Machine_learning/RecoPlanes/CMS_herwig_HT1000to1500-preVFP/Chunk41_Part0.root probably not closed, trying to recover
Warning in <TFile::Init>: no keys recovered, file has been made a Zombie
Warning in <TFile::Init>: file /extdisk/zlin/Machine_learning/RecoPlanes/CMS_herwig_HT1000to1500-preVFP/Chunk89_Part0.root probably not closed, trying to recover
Warning in <TFile::Init>: no keys recovered, file has been made a Zombie
 Analyzing entries 32063 - 32102, now 32063 , sum entries = 39585 . . . Used time: 0s Expected left time: 0s          
 Analyzing entries 32063 - 32102, now 32064 , sum entries = 39585 . . . Used time: 0s Expected left time: 0s          
 Analyzing entries 32063 - 32102, now 32065 , sum entries = 39585 . . . Used time: 0s Expected left time: 0s          
 Analyzing entries 32063 - 32102, now 32066 , sum entries = 39585 . . . Used time: 0s Expected left time: 0s          
 Analyzing entries 32063 - 32102, now 32067 , sum entries = 39585 . . . Used time: 0s Expected left time: 0s          
 Analyzing entries 32063 - 32102, now 32068 , sum entries = 39585 . . . Used time: 0s Expected left time: 0s          
 Analyzing entries 32063 - 32102, now 32069 , sum entries = 39585 . . . Used time: 0s Expected left time: 0s          
 Analyzing entries 32063 - 32102, now 32070 , sum entries = 39585 . . . Used time: 0s Expected left time: 0s          
 Analyzing entries 32063 - 32102, now 32071 , sum entries = 39585 . . . Used time: 0s Expected left time: 0s          
 Analyzing entries 32063 - 32102, now 32072 , sum entries = 39585 . . . Used time: 0s Expected left time: 0s          
 Analyzing entries 32063 - 32102, now 32073 , sum entries = 39585 . . . Used time: 0s Expected left time: 0s          
 Analyzing entries 32063 - 32102, now 32074 , sum entries = 39585 . . . Used time: 0s Expected left time: 0s          
 Analyzing entries 32063 - 32102, now 32075 , sum entries = 39585 . . . Used time: 0s Expected left time: 0s          
 Analyzing entries 32063 - 32102, now 32076 , sum entries = 39585 . . . Used time: 0s Expected left time: 0s          
 Analyzing entries 32063 - 32102, now 32077 , sum entries = 39585 . . . Used time: 0s Expected left time: 0s          
 Analyzing entries 32063 - 32102, now 32078 , sum entries = 39585 . . . Used time: 0s Expected left time: 0s          
 Analyzing entries 32063 - 32102, now 32079 , sum entries = 39585 . . . Used time: 0s Expected left time: 0s          
 Analyzing entries 32063 - 32102, now 32080 , sum entries = 39585 . . . Used time: 0s Expected left time: 0s          
 Analyzing entries 32063 - 32102, now 32081 , sum entries = 39585 . . . Used time: 0s Expected left time: 0s          
 Analyzing entries 32063 - 32102, now 32082 , sum entries = 39585 . . . Used time: 0s Expected left time: 0s          
 Analyzing entries 32063 - 32102, now 32083 , sum entries = 39585 . . . Used time: 0s Expected left time: 0s          
 Analyzing entries 32063 - 32102, now 32084 , sum entries = 39585 . . . Used time: 0s Expected left time: 0s          
 Analyzing entries 32063 - 32102, now 32085 , sum entries = 39585 . . . Used time: 0s Expected left time: 0s          
 Analyzing entries 32063 - 32102, now 32086 , sum entries = 39585 . . . Used time: 0s Expected left time: 0s          
 Analyzing entries 32063 - 32102, now 32087 , sum entries = 39585 . . . Used time: 0s Expected left time: 0s          
 Analyzing entries 32063 - 32102, now 32088 , sum entries = 39585 . . . Used time: 0s Expected left time: 0s          
 Analyzing entries 32063 - 32102, now 32089 , sum entries = 39585 . . . Used time: 0s Expected left time: 0s          
 Analyzing entries 32063 - 32102, now 32090 , sum entries = 39585 . . . Used time: 0s Expected left time: 0s          
 Analyzing entries 32063 - 32102, now 32091 , sum entries = 39585 . . . Used time: 0s Expected left time: 0s          
 Analyzing entries 32063 - 32102, now 32092 , sum entries = 39585 . . . Used time: 0s Expected left time: 0s          
 Analyzing entries 32063 - 32102, now 32093 , sum entries = 39585 . . . Used time: 0s Expected left time: 0s          
 Analyzing entries 32063 - 32102, now 32094 , sum entries = 39585 . . . Used time: 0s Expected left time: 0s          
 Analyzing entries 32063 - 32102, now 32095 , sum entries = 39585 . . . Used time: 0s Expected left time: 0s          
 Analyzing entries 32063 - 32102, now 32096 , sum entries = 39585 . . . Used time: 0s Expected left time: 0s          
 Analyzing entries 32063 - 32102, now 32097 , sum entries = 39585 . . . Used time: 0s Expected left time: 0s          
 Analyzing entries 32063 - 32102, now 32098 , sum entries = 39585 . . . Used time: 0s Expected left time: 0s          
 Analyzing entries 32063 - 32102, now 32099 , sum entries = 39585 . . . Used time: 0s Expected left time: 0s          
 Analyzing entries 32063 - 32102, now 32100 , sum entries = 39585 . . . Used time: 0s Expected left time: 0s          
 Analyzing entries 32063 - 32102, now 32101 , sum entries = 39585 . . . Used time: 0s Expected left time: 0s          
 Save to RootFile /extdisk/zlin/Machine_learning/RecoPlanesFeatures/CMS_herwig_HT1000to1500-preVFP_jinitpt450_600_j2pt80_120Reco/Chunk81_Part0.root . . . Used time: 0s Expected left time: 0s          
 Save to RootFile /extdisk/zlin/Machine_learning/RecoPlanesFeatures/CMS_herwig_HT1000to1500-preVFP_jinitpt450_600_j2pt80_120Reco/Chunk81_Part0.root . . . Used time: 0s Expected left time: 0s          
 Analyzing entries 32103 - 32142, now 32103 , sum entries = 39585 . . . Used time: 0s Expected left time: 0s          
 Analyzing entries 32103 - 32142, now 32104 , sum entries = 39585 . . . Used time: 0s Expected left time: 0s          
 Analyzing entries 32103 - 32142, now 32105 , sum entries = 39585 . . . Used time: 0s Expected left time: 0s          
 Analyzing entries 32103 - 32142, now 32106 , sum entries = 39585 . . . Used time: 0s Expected left time: 0s          
 Analyzing entries 32103 - 32142, now 32107 , sum entries = 39585 . . . Used time: 0s Expected left time: 0s          
 Analyzing entries 32103 - 32142, now 32108 , sum entries = 39585 . . . Used time: 0s Expected left time: 0s          
 Analyzing entries 32103 - 32142, now 32109 , sum entries = 39585 . . . Used time: 0s Expected left time: 0s          
 Analyzing entries 32103 - 32142, now 32110 , sum entries = 39585 . . . Used time: 0s Expected left time: 0s          
 Analyzing entries 32103 - 32142, now 32111 , sum entries = 39585 . . . Used time: 0s Expected left time: 0s          
 Analyzing entries 32103 - 32142, now 32112 , sum entries = 39585 . . . Used time: 0s Expected left time: 0s          
 Analyzing entries 32103 - 32142, now 32113 , sum entries = 39585 . . . Used time: 0s Expected left time: 0s          
 Analyzing entries 32103 - 32142, now 32114 , sum entries = 39585 . . . Used time: 0s Expected left time: 0s          
 Analyzing entries 32103 - 32142, now 32115 , sum entries = 39585 . . . Used time: 0s Expected left time: 0s          
 Analyzing entries 32103 - 32142, now 32116 , sum entries = 39585 . . . Used time: 0s Expected left time: 0s          
 Analyzing entries 32103 - 32142, now 32117 , sum entries = 39585 . . . Used time: 0s Expected left time: 0s          
 Analyzing entries 32103 - 32142, now 32118 , sum entries = 39585 . . . Used time: 0s Expected left time: 0s          
 Analyzing entries 32103 - 32142, now 32119 , sum entries = 39585 . . . Used time: 0s Expected left time: 0s          
 Analyzing entries 32103 - 32142, now 32120 , sum entries = 39585 . . . Used time: 0s Expected left time: 0s          
 Analyzing entries 32103 - 32142, now 32121 , sum entries = 39585 . . . Used time: 0s Expected left time: 0s          
 Analyzing entries 32103 - 32142, now 32122 , sum entries = 39585 . . . Used time: 0s Expected left time: 0s          
 Analyzing entries 32103 - 32142, now 32123 , sum entries = 39585 . . . Used time: 0s Expected left time: 0s          
 Analyzing entries 32103 - 32142, now 32124 , sum entries = 39585 . . . Used time: 0s Expected left time: 0s          
 Analyzing entries 32103 - 32142, now 32125 , sum entries = 39585 . . . Used time: 0s Expected left time: 0s          
 Analyzing entries 32103 - 32142, now 32126 , sum entries = 39585 . . . Used time: 0s Expected left time: 0s          
 Analyzing entries 32103 - 32142, now 32127 , sum entries = 39585 . . . Used time: 0s Expected left time: 0s          
 Analyzing entries 32103 - 32142, now 32128 , sum entries = 39585 . . . Used time: 0s Expected left time: 0s          
 Analyzing entries 32103 - 32142, now 32129 , sum entries = 39585 . . . Used time: 0s Expected left time: 0s          
 Analyzing entries 32103 - 32142, now 32130 , sum entries = 39585 . . . Used time: 0s Expected left time: 0s          
 Analyzing entries 32103 - 32142, now 32131 , sum entries = 39585 . . . Used time: 0s Expected left time: 0s          
 Analyzing entries 32103 - 32142, now 32132 , sum entries = 39585 . . . Used time: 0s Expected left time: 0s          
 Analyzing entries 32103 - 32142, now 32133 , sum entries = 39585 . . . Used time: 0s Expected left time: 0s          
 Analyzing entries 32103 - 32142, now 32134 , sum entries = 39585 . . . Used time: 0s Expected left time: 0s          
 Analyzing entries 32103 - 32142, now 32135 , sum entries = 39585 . . . Used time: 0s Expected left time: 0s          
 Analyzing entries 32103 - 32142, now 32136 , sum entries = 39585 . . . Used time: 0s Expected left time: 0s          
 Analyzing entries 32103 - 32142, now 32137 , sum entries = 39585 . . . Used time: 0s Expected left time: 0s          
 Analyzing entries 32103 - 32142, now 32138 , sum entries = 39585 . . . Used time: 0s Expected left time: 0s          
 Analyzing entries 32103 - 32142, now 32139 , sum entries = 39585 . . . Used time: 0s Expected left time: 0s          
 Analyzing entries 32103 - 32142, now 32140 , sum entries = 39585 . . . Used time: 0s Expected left time: 0s          
 Analyzing entries 32103 - 32142, now 32141 , sum entries = 39585 . . . Used time: 0s Expected left time: 0s          
 Save to RootFile /extdisk/zlin/Machine_learning/RecoPlanesFeatures/CMS_herwig_HT1000to1500-preVFP_jinitpt450_600_j2pt80_120Reco/Chunk81_Part1.root . . . Used time: 0s Expected left time: 0s          
 Save to RootFile /extdisk/zlin/Machine_learning/RecoPlanesFeatures/CMS_herwig_HT1000to1500-preVFP_jinitpt450_600_j2pt80_120Reco/Chunk81_Part1.root . . . Used time: 0s Expected left time: 0s          
 Save to RootFile /extdisk/zlin/Machine_learning/RecoPlanesFeatures/CMS_herwig_HT1000to1500-preVFP_jinitpt450_600_j2pt80_120Reco/Chunk81_Part1.root . . . Used time: 0s Expected left time: 0s          
 Analyzing entries 32143 - 32182, now 32143 , sum entries = 39585 . . . Used time: 0s Expected left time: 0s          
 Analyzing entries 32143 - 32182, now 32144 , sum entries = 39585 . . . Used time: 0s Expected left time: 0s          
 Analyzing entries 32143 - 32182, now 32145 , sum entries = 39585 . . . Used time: 0s Expected left time: 0s          
 Analyzing entries 32143 - 32182, now 32146 , sum entries = 39585 . . . Used time: 0s Expected left time: 0s          
 Analyzing entries 32143 - 32182, now 32147 , sum entries = 39585 . . . Used time: 0s Expected left time: 0s          
 Analyzing entries 32143 - 32182, now 32148 , sum entries = 39585 . . . Used time: 0s Expected left time: 0s          
 Analyzing entries 32143 - 32182, now 32149 , sum entries = 39585 . . . Used time: 0s Expected left time: 0s          
 Analyzing entries 32143 - 32182, now 32150 , sum entries = 39585 . . . Used time: 0s Expected left time: 0s          
 Analyzing entries 32143 - 32182, now 32151 , sum entries = 39585 . . . Used time: 0s Expected left time: 0s          
 Analyzing entries 32143 - 32182, now 32152 , sum entries = 39585 . . . Used time: 0s Expected left time: 0s          
 Analyzing entries 32143 - 32182, now 32153 , sum entries = 39585 . . . Used time: 0s Expected left time: 0s          
 Analyzing entries 32143 - 32182, now 32154 , sum entries = 39585 . . . Used time: 0s Expected left time: 0s          
 Analyzing entries 32143 - 32182, now 32155 , sum entries = 39585 . . . Used time: 0s Expected left time: 0s          
 Analyzing entries 32143 - 32182, now 32156 , sum entries = 39585 . . . Used time: 0s Expected left time: 0s          
 Analyzing entries 32143 - 32182, now 32157 , sum entries = 39585 . . . Used time: 0s Expected left time: 0s          
 Analyzing entries 32143 - 32182, now 32158 , sum entries = 39585 . . . Used time: 0s Expected left time: 0s          
 Analyzing entries 32143 - 32182, now 32159 , sum entries = 39585 . . . Used time: 0s Expected left time: 0s          
 Analyzing entries 32143 - 32182, now 32160 , sum entries = 39585 . . . Used time: 0s Expected left time: 0s          
 Analyzing entries 32143 - 32182, now 32161 , sum entries = 39585 . . . Used time: 0s Expected left time: 0s          
 Analyzing entries 32143 - 32182, now 32162 , sum entries = 39585 . . . Used time: 0s Expected left time: 0s          
 Analyzing entries 32143 - 32182, now 32163 , sum entries = 39585 . . . Used time: 0s Expected left time: 0s          
 Analyzing entries 32143 - 32182, now 32164 , sum entries = 39585 . . . Used time: 0s Expected left time: 0s          
 Analyzing entries 32143 - 32182, now 32165 , sum entries = 39585 . . . Used time: 0s Expected left time: 0s          
 Analyzing entries 32143 - 32182, now 32166 , sum entries = 39585 . . . Used time: 0s Expected left time: 0s          
 Analyzing entries 32143 - 32182, now 32167 , sum entries = 39585 . . . Used time: 0s Expected left time: 0s          
 Analyzing entries 32143 - 32182, now 32168 , sum entries = 39585 . . . Used time: 0s Expected left time: 0s          
 Analyzing entries 32143 - 32182, now 32169 , sum entries = 39585 . . . Used time: 0s Expected left time: 0s          
 Analyzing entries 32143 - 32182, now 32170 , sum entries = 39585 . . . Used time: 0s Expected left time: 0s          
 Analyzing entries 32143 - 32182, now 32171 , sum entries = 39585 . . . Used time: 0s Expected left time: 0s          
 Analyzing entries 32143 - 32182, now 32172 , sum entries = 39585 . . . Used time: 0s Expected left time: 0s          
 Analyzing entries 32143 - 32182, now 32173 , sum entries = 39585 . . . Used time: 0s Expected left time: 0s          
 Analyzing entries 32143 - 32182, now 32174 , sum entries = 39585 . . . Used time: 0s Expected left time: 0s          
 Analyzing entries 32143 - 32182, now 32175 , sum entries = 39585 . . . Used time: 0s Expected left time: 0s          
 Analyzing entries 32143 - 32182, now 32176 , sum entries = 39585 . . . Used time: 0s Expected left time: 0s          
 Analyzing entries 32143 - 32182, now 32177 , sum entries = 39585 . . . Used time: 0s Expected left time: 0s          
 Analyzing entries 32143 - 32182, now 32178 , sum entries = 39585 . . . Used time: 0s Expected left time: 0s          
 Analyzing entries 32143 - 32182, now 32179 , sum entries = 39585 . . . Used time: 0s Expected left time: 0s          
 Analyzing entries 32143 - 32182, now 32180 , sum entries = 39585 . . . Used time: 0s Expected left time: 0s          
 Analyzing entries 32143 - 32182, now 32181 , sum entries = 39585 . . . Used time: 0s Expected left time: 0s          
 Save to RootFile /extdisk/zlin/Machine_learning/RecoPlanesFeatures/CMS_herwig_HT1000to1500-preVFP_jinitpt450_600_j2pt80_120Reco/Chunk81_Part2.root . . . Used time: 0s Expected left time: 0s          
 Save to RootFile /extdisk/zlin/Machine_learning/RecoPlanesFeatures/CMS_herwig_HT1000to1500-preVFP_jinitpt450_600_j2pt80_120Reco/Chunk81_Part2.root . . . Used time: 0s Expected left time: 0s          
 Save to RootFile /extdisk/zlin/Machine_learning/RecoPlanesFeatures/CMS_herwig_HT1000to1500-preVFP_jinitpt450_600_j2pt80_120Reco/Chunk81_Part2.root . . . Used time: 0s Expected left time: 0s          
 Save to RootFile /extdisk/zlin/Machine_learning/RecoPlanesFeatures/CMS_herwig_HT1000to1500-preVFP_jinitpt450_600_j2pt80_120Reco/Chunk81_Part2.root . . . Used time: 0s Expected left time: 0s          
 Save to RootFile /extdisk/zlin/Machine_learning/RecoPlanesFeatures/CMS_herwig_HT1000to1500-preVFP_jinitpt450_600_j2pt80_120Reco/Chunk81_Part2.root . . . Used time: 0s Expected left time: 0s          
 Analyzing entries 32182 - 32221, now 32182 , sum entries = 39585 . . . Used time: 0s Expected left time: 0s          
 Analyzing entries 32182 - 32221, now 32183 , sum entries = 39585 . . . Used time: 0s Expected left time: 0s          
 Analyzing entries 32182 - 32221, now 32184 , sum entries = 39585 . . . Used time: 0s Expected left time: 0s          
 Analyzing entries 32182 - 32221, now 32185 , sum entries = 39585 . . . Used time: 0s Expected left time: 0s          
 Analyzing entries 32182 - 32221, now 32186 , sum entries = 39585 . . . Used time: 0s Expected left time: 0s          
 Analyzing entries 32182 - 32221, now 32187 , sum entries = 39585 . . . Used time: 0s Expected left time: 0s          
 Analyzing entries 32182 - 32221, now 32188 , sum entries = 39585 . . . Used time: 0s Expected left time: 0s          
 Analyzing entries 32182 - 32221, now 32189 , sum entries = 39585 . . . Used time: 0s Expected left time: 0s          
 Analyzing entries 32182 - 32221, now 32190 , sum entries = 39585 . . . Used time: 0s Expected left time: 0s          
 Analyzing entries 32182 - 32221, now 32191 , sum entries = 39585 . . . Used time: 0s Expected left time: 0s          
 Analyzing entries 32182 - 32221, now 32192 , sum entries = 39585 . . . Used time: 0s Expected left time: 0s          
 Analyzing entries 32182 - 32221, now 32193 , sum entries = 39585 . . . Used time: 0s Expected left time: 0s          
 Analyzing entries 32182 - 32221, now 32194 , sum entries = 39585 . . . Used time: 0s Expected left time: 0s          
 Analyzing entries 32182 - 32221, now 32195 , sum entries = 39585 . . . Used time: 0s Expected left time: 0s          
 Analyzing entries 32182 - 32221, now 32196 , sum entries = 39585 . . . Used time: 0s Expected left time: 0s          
 Analyzing entries 32182 - 32221, now 32197 , sum entries = 39585 . . . Used time: 0s Expected left time: 0s          
 Analyzing entries 32182 - 32221, now 32198 , sum entries = 39585 . . . Used time: 0s Expected left time: 0s          
 Analyzing entries 32182 - 32221, now 32199 , sum entries = 39585 . . . Used time: 0s Expected left time: 0s          
 Analyzing entries 32182 - 32221, now 32200 , sum entries = 39585 . . . Used time: 0s Expected left time: 0s          
 Analyzing entries 32182 - 32221, now 32201 , sum entries = 39585 . . . Used time: 0s Expected left time: 0s          
 Analyzing entries 32182 - 32221, now 32202 , sum entries = 39585 . . . Used time: 0s Expected left time: 0s          
 Analyzing entries 32182 - 32221, now 32203 , sum entries = 39585 . . . Used time: 0s Expected left time: 0s          
 Analyzing entries 32182 - 32221, now 32204 , sum entries = 39585 . . . Used time: 0s Expected left time: 0s          
 Analyzing entries 32182 - 32221, now 32205 , sum entries = 39585 . . . Used time: 0s Expected left time: 0s          
 Analyzing entries 32182 - 32221, now 32206 , sum entries = 39585 . . . Used time: 0s Expected left time: 0s          
 Analyzing entries 32182 - 32221, now 32207 , sum entries = 39585 . . . Used time: 0s Expected left time: 0s          
 Analyzing entries 32182 - 32221, now 32208 , sum entries = 39585 . . . Used time: 0s Expected left time: 0s          
 Analyzing entries 32182 - 32221, now 32209 , sum entries = 39585 . . . Used time: 0s Expected left time: 0s          
 Analyzing entries 32182 - 32221, now 32210 , sum entries = 39585 . . . Used time: 0s Expected left time: 0s          
 Analyzing entries 32182 - 32221, now 32211 , sum entries = 39585 . . . Used time: 0s Expected left time: 0s          
 Analyzing entries 32182 - 32221, now 32212 , sum entries = 39585 . . . Used time: 0s Expected left time: 0s          
 Analyzing entries 32182 - 32221, now 32213 , sum entries = 39585 . . . Used time: 0s Expected left time: 0s          
 Analyzing entries 32182 - 32221, now 32214 , sum entries = 39585 . . . Used time: 0s Expected left time: 0s          
 Analyzing entries 32182 - 32221, now 32215 , sum entries = 39585 . . . Used time: 0s Expected left time: 0s          
 Analyzing entries 32182 - 32221, now 32216 , sum entries = 39585 . . . Used time: 0s Expected left time: 0s          
 Analyzing entries 32182 - 32221, now 32217 , sum entries = 39585 . . . Used time: 0s Expected left time: 0s          
 Analyzing entries 32182 - 32221, now 32218 , sum entries = 39585 . . . Used time: 0s Expected left time: 0s          
 Analyzing entries 32182 - 32221, now 32219 , sum entries = 39585 . . . Used time: 0s Expected left time: 0s          
 Analyzing entries 32182 - 32221, now 32220 , sum entries = 39585 . . . Used time: 0s Expected left time: 0s          
 Save to RootFile /extdisk/zlin/Machine_learning/RecoPlanesFeatures/CMS_herwig_HT1000to1500-preVFP_jinitpt450_600_j2pt80_120Reco/Chunk81_Part3.root . . . Used time: 0s Expected left time: 0s          
 Save to RootFile /extdisk/zlin/Machine_learning/RecoPlanesFeatures/CMS_herwig_HT1000to1500-preVFP_jinitpt450_600_j2pt80_120Reco/Chunk81_Part3.root . . . Used time: 0s Expected left time: 0s          
 Save to RootFile /extdisk/zlin/Machine_learning/RecoPlanesFeatures/CMS_herwig_HT1000to1500-preVFP_jinitpt450_600_j2pt80_120Reco/Chunk81_Part3.root . . . Used time: 0s Expected left time: 0s          
 Save to RootFile /extdisk/zlin/Machine_learning/RecoPlanesFeatures/CMS_herwig_HT1000to1500-preVFP_jinitpt450_600_j2pt80_120Reco/Chunk81_Part3.root . . . Used time: 0s Expected left time: 0s          
 Analyzing entries 32222 - 32261, now 32222 , sum entries = 39585 . . . Used time: 0s Expected left time: 0s          
 Analyzing entries 32222 - 32261, now 32223 , sum entries = 39585 . . . Used time: 0s Expected left time: 0s          
 Analyzing entries 32222 - 32261, now 32224 , sum entries = 39585 . . . Used time: 0s Expected left time: 0s          
 Analyzing entries 32222 - 32261, now 32225 , sum entries = 39585 . . . Used time: 0s Expected left time: 0s          
 Analyzing entries 32222 - 32261, now 32226 , sum entries = 39585 . . . Used time: 0s Expected left time: 0s          
 Analyzing entries 32222 - 32261, now 32227 , sum entries = 39585 . . . Used time: 0s Expected left time: 0s          
 Analyzing entries 32222 - 32261, now 32228 , sum entries = 39585 . . . Used time: 0s Expected left time: 0s          
 Analyzing entries 32222 - 32261, now 32229 , sum entries = 39585 . . . Used time: 0s Expected left time: 0s          
 Analyzing entries 32222 - 32261, now 32230 , sum entries = 39585 . . . Used time: 0s Expected left time: 0s          
 Analyzing entries 32222 - 32261, now 32231 , sum entries = 39585 . . . Used time: 0s Expected left time: 0s          
 Analyzing entries 32222 - 32261, now 32232 , sum entries = 39585 . . . Used time: 0s Expected left time: 0s          
 Analyzing entries 32222 - 32261, now 32233 , sum entries = 39585 . . . Used time: 0s Expected left time: 0s          
 Analyzing entries 32222 - 32261, now 32234 , sum entries = 39585 . . . Used time: 0s Expected left time: 0s          
 Analyzing entries 32222 - 32261, now 32235 , sum entries = 39585 . . . Used time: 0s Expected left time: 0s          
 Analyzing entries 32222 - 32261, now 32236 , sum entries = 39585 . . . Used time: 0s Expected left time: 0s          
 Analyzing entries 32222 - 32261, now 32237 , sum entries = 39585 . . . Used time: 0s Expected left time: 0s          
 Analyzing entries 32222 - 32261, now 32238 , sum entries = 39585 . . . Used time: 0s Expected left time: 0s          
 Analyzing entries 32222 - 32261, now 32239 , sum entries = 39585 . . . Used time: 0s Expected left time: 0s          
 Analyzing entries 32222 - 32261, now 32240 , sum entries = 39585 . . . Used time: 0s Expected left time: 0s          
 Analyzing entries 32222 - 32261, now 32241 , sum entries = 39585 . . . Used time: 0s Expected left time: 0s          
 Analyzing entries 32222 - 32261, now 32242 , sum entries = 39585 . . . Used time: 0s Expected left time: 0s          
 Analyzing entries 32222 - 32261, now 32243 , sum entries = 39585 . . . Used time: 0s Expected left time: 0s          
 Analyzing entries 32222 - 32261, now 32244 , sum entries = 39585 . . . Used time: 0s Expected left time: 0s          
 Analyzing entries 32222 - 32261, now 32245 , sum entries = 39585 . . . Used time: 0s Expected left time: 0s          
 Analyzing entries 32222 - 32261, now 32246 , sum entries = 39585 . . . Used time: 0s Expected left time: 0s          
 Analyzing entries 32222 - 32261, now 32247 , sum entries = 39585 . . . Used time: 0s Expected left time: 0s          
 Analyzing entries 32222 - 32261, now 32248 , sum entries = 39585 . . . Used time: 0s Expected left time: 0s          
 Analyzing entries 32222 - 32261, now 32249 , sum entries = 39585 . . . Used time: 0s Expected left time: 0s          
 Analyzing entries 32222 - 32261, now 32250 , sum entries = 39585 . . . Used time: 0s Expected left time: 0s          
 Analyzing entries 32222 - 32261, now 32251 , sum entries = 39585 . . . Used time: 0s Expected left time: 0s          
 Analyzing entries 32222 - 32261, now 32252 , sum entries = 39585 . . . Used time: 0s Expected left time: 0s          
 Analyzing entries 32222 - 32261, now 32253 , sum entries = 39585 . . . Used time: 0s Expected left time: 0s          
 Analyzing entries 32222 - 32261, now 32254 , sum entries = 39585 . . . Used time: 0s Expected left time: 0s          
 Analyzing entries 32222 - 32261, now 32255 , sum entries = 39585 . . . Used time: 0s Expected left time: 0s          
 Analyzing entries 32222 - 32261, now 32256 , sum entries = 39585 . . . Used time: 0s Expected left time: 0s          
 Analyzing entries 32222 - 32261, now 32257 , sum entries = 39585 . . . Used time: 0s Expected left time: 0s          
 Analyzing entries 32222 - 32261, now 32258 , sum entries = 39585 . . . Used time: 0s Expected left time: 0s          
 Analyzing entries 32222 - 32261, now 32259 , sum entries = 39585 . . . Used time: 0s Expected left time: 0s          
 Analyzing entries 32222 - 32261, now 32260 , sum entries = 39585 . . . Used time: 0s Expected left time: 0s          
 Save to RootFile /extdisk/zlin/Machine_learning/RecoPlanesFeatures/CMS_herwig_HT1000to1500-preVFP_jinitpt450_600_j2pt80_120Reco/Chunk81_Part4.root . . . Used time: 0s Expected left time: 0s          
 Save to RootFile /extdisk/zlin/Machine_learning/RecoPlanesFeatures/CMS_herwig_HT1000to1500-preVFP_jinitpt450_600_j2pt80_120Reco/Chunk81_Part4.root . . . Used time: 0s Expected left time: 0s          
 Save to RootFile /extdisk/zlin/Machine_learning/RecoPlanesFeatures/CMS_herwig_HT1000to1500-preVFP_jinitpt450_600_j2pt80_120Reco/Chunk81_Part4.root . . . Used time: 0s Expected left time: 0s          
 Save to RootFile /extdisk/zlin/Machine_learning/RecoPlanesFeatures/CMS_herwig_HT1000to1500-preVFP_jinitpt450_600_j2pt80_120Reco/Chunk81_Part4.root . . . Used time: 0s Expected left time: 0s          
 Analyzing entries 32261 - 32300, now 32261 , sum entries = 39585 . . . Used time: 0s Expected left time: 0s          
 Analyzing entries 32261 - 32300, now 32262 , sum entries = 39585 . . . Used time: 0s Expected left time: 0s          
 Analyzing entries 32261 - 32300, now 32263 , sum entries = 39585 . . . Used time: 0s Expected left time: 0s          
 Analyzing entries 32261 - 32300, now 32264 , sum entries = 39585 . . . Used time: 0s Expected left time: 0s          
 Analyzing entries 32261 - 32300, now 32265 , sum entries = 39585 . . . Used time: 0s Expected left time: 0s          
 Analyzing entries 32261 - 32300, now 32266 , sum entries = 39585 . . . Used time: 0s Expected left time: 0s          
 Analyzing entries 32261 - 32300, now 32267 , sum entries = 39585 . . . Used time: 0s Expected left time: 0s          
 Analyzing entries 32261 - 32300, now 32268 , sum entries = 39585 . . . Used time: 0s Expected left time: 0s          
 Analyzing entries 32261 - 32300, now 32269 , sum entries = 39585 . . . Used time: 0s Expected left time: 0s          
 Analyzing entries 32261 - 32300, now 32270 , sum entries = 39585 . . . Used time: 0s Expected left time: 0s          
 Analyzing entries 32261 - 32300, now 32271 , sum entries = 39585 . . . Used time: 0s Expected left time: 0s          
 Analyzing entries 32261 - 32300, now 32272 , sum entries = 39585 . . . Used time: 0s Expected left time: 0s          
 Analyzing entries 32261 - 32300, now 32273 , sum entries = 39585 . . . Used time: 0s Expected left time: 0s          
 Analyzing entries 32261 - 32300, now 32274 , sum entries = 39585 . . . Used time: 0s Expected left time: 0s          
 Analyzing entries 32261 - 32300, now 32275 , sum entries = 39585 . . . Used time: 0s Expected left time: 0s          
 Analyzing entries 32261 - 32300, now 32276 , sum entries = 39585 . . . Used time: 0s Expected left time: 0s          
 Analyzing entries 32261 - 32300, now 32277 , sum entries = 39585 . . . Used time: 0s Expected left time: 0s          
 Analyzing entries 32261 - 32300, now 32278 , sum entries = 39585 . . . Used time: 0s Expected left time: 0s          
 Analyzing entries 32261 - 32300, now 32279 , sum entries = 39585 . . . Used time: 0s Expected left time: 0s          
 Analyzing entries 32261 - 32300, now 32280 , sum entries = 39585 . . . Used time: 0s Expected left time: 0s          
 Analyzing entries 32261 - 32300, now 32281 , sum entries = 39585 . . . Used time: 0s Expected left time: 0s          
 Analyzing entries 32261 - 32300, now 32282 , sum entries = 39585 . . . Used time: 0s Expected left time: 0s          
 Analyzing entries 32261 - 32300, now 32283 , sum entries = 39585 . . . Used time: 0s Expected left time: 0s          
 Analyzing entries 32261 - 32300, now 32284 , sum entries = 39585 . . . Used time: 0s Expected left time: 0s          
 Analyzing entries 32261 - 32300, now 32285 , sum entries = 39585 . . . Used time: 0s Expected left time: 0s          
 Analyzing entries 32261 - 32300, now 32286 , sum entries = 39585 . . . Used time: 0s Expected left time: 0s          
 Analyzing entries 32261 - 32300, now 32287 , sum entries = 39585 . . . Used time: 0s Expected left time: 0s          
 Analyzing entries 32261 - 32300, now 32288 , sum entries = 39585 . . . Used time: 0s Expected left time: 0s          
 Analyzing entries 32261 - 32300, now 32289 , sum entries = 39585 . . . Used time: 0s Expected left time: 0s          
 Analyzing entries 32261 - 32300, now 32290 , sum entries = 39585 . . . Used time: 0s Expected left time: 0s          
 Analyzing entries 32261 - 32300, now 32291 , sum entries = 39585 . . . Used time: 0s Expected left time: 0s          
 Analyzing entries 32261 - 32300, now 32292 , sum entries = 39585 . . . Used time: 0s Expected left time: 0s          
 Analyzing entries 32261 - 32300, now 32293 , sum entries = 39585 . . . Used time: 0s Expected left time: 0s          
 Analyzing entries 32261 - 32300, now 32294 , sum entries = 39585 . . . Used time: 0s Expected left time: 0s          
 Analyzing entries 32261 - 32300, now 32295 , sum entries = 39585 . . . Used time: 0s Expected left time: 0s          
 Analyzing entries 32261 - 32300, now 32296 , sum entries = 39585 . . . Used time: 0s Expected left time: 0s          
 Analyzing entries 32261 - 32300, now 32297 , sum entries = 39585 . . . Used time: 0s Expected left time: 0s          
 Analyzing entries 32261 - 32300, now 32298 , sum entries = 39585 . . . Used time: 0s Expected left time: 0s          
 Analyzing entries 32261 - 32300, now 32299 , sum entries = 39585 . . . Used time: 0s Expected left time: 0s          
 Save to RootFile /extdisk/zlin/Machine_learning/RecoPlanesFeatures/CMS_herwig_HT1000to1500-preVFP_jinitpt450_600_j2pt80_120Reco/Chunk81_Part5.root . . . Used time: 0s Expected left time: 0s          
 Save to RootFile /extdisk/zlin/Machine_learning/RecoPlanesFeatures/CMS_herwig_HT1000to1500-preVFP_jinitpt450_600_j2pt80_120Reco/Chunk81_Part5.root . . . Used time: 0s Expected left time: 0s          
 Analyzing entries 32301 - 32340, now 32301 , sum entries = 39585 . . . Used time: 0s Expected left time: 0s          
 Analyzing entries 32301 - 32340, now 32302 , sum entries = 39585 . . . Used time: 0s Expected left time: 0s          
 Analyzing entries 32301 - 32340, now 32303 , sum entries = 39585 . . . Used time: 0s Expected left time: 0s          
 Analyzing entries 32301 - 32340, now 32304 , sum entries = 39585 . . . Used time: 0s Expected left time: 0s          
 Analyzing entries 32301 - 32340, now 32305 , sum entries = 39585 . . . Used time: 0s Expected left time: 0s          
 Analyzing entries 32301 - 32340, now 32306 , sum entries = 39585 . . . Used time: 0s Expected left time: 0s          
 Analyzing entries 32301 - 32340, now 32307 , sum entries = 39585 . . . Used time: 0s Expected left time: 0s          
 Analyzing entries 32301 - 32340, now 32308 , sum entries = 39585 . . . Used time: 0s Expected left time: 0s          
 Analyzing entries 32301 - 32340, now 32309 , sum entries = 39585 . . . Used time: 0s Expected left time: 0s          
 Analyzing entries 32301 - 32340, now 32310 , sum entries = 39585 . . . Used time: 0s Expected left time: 0s          
 Analyzing entries 32301 - 32340, now 32311 , sum entries = 39585 . . . Used time: 0s Expected left time: 0s          
 Analyzing entries 32301 - 32340, now 32312 , sum entries = 39585 . . . Used time: 0s Expected left time: 0s          
 Analyzing entries 32301 - 32340, now 32313 , sum entries = 39585 . . . Used time: 0s Expected left time: 0s          
 Analyzing entries 32301 - 32340, now 32314 , sum entries = 39585 . . . Used time: 0s Expected left time: 0s          
 Analyzing entries 32301 - 32340, now 32315 , sum entries = 39585 . . . Used time: 0s Expected left time: 0s          
 Analyzing entries 32301 - 32340, now 32316 , sum entries = 39585 . . . Used time: 0s Expected left time: 0s          
 Analyzing entries 32301 - 32340, now 32317 , sum entries = 39585 . . . Used time: 0s Expected left time: 0s          
 Analyzing entries 32301 - 32340, now 32318 , sum entries = 39585 . . . Used time: 0s Expected left time: 0s          
 Analyzing entries 32301 - 32340, now 32319 , sum entries = 39585 . . . Used time: 0s Expected left time: 0s          
 Analyzing entries 32301 - 32340, now 32320 , sum entries = 39585 . . . Used time: 0s Expected left time: 0s          
 Analyzing entries 32301 - 32340, now 32321 , sum entries = 39585 . . . Used time: 0s Expected left time: 0s          
 Analyzing entries 32301 - 32340, now 32322 , sum entries = 39585 . . . Used time: 0s Expected left time: 0s          
 Analyzing entries 32301 - 32340, now 32323 , sum entries = 39585 . . . Used time: 0s Expected left time: 0s          
 Analyzing entries 32301 - 32340, now 32324 , sum entries = 39585 . . . Used time: 0s Expected left time: 0s          
 Analyzing entries 32301 - 32340, now 32325 , sum entries = 39585 . . . Used time: 0s Expected left time: 0s          
 Analyzing entries 32301 - 32340, now 32326 , sum entries = 39585 . . . Used time: 0s Expected left time: 0s          
 Analyzing entries 32301 - 32340, now 32327 , sum entries = 39585 . . . Used time: 0s Expected left time: 0s          
 Analyzing entries 32301 - 32340, now 32328 , sum entries = 39585 . . . Used time: 0s Expected left time: 0s          
 Analyzing entries 32301 - 32340, now 32329 , sum entries = 39585 . . . Used time: 0s Expected left time: 0s          
 Analyzing entries 32301 - 32340, now 32330 , sum entries = 39585 . . . Used time: 0s Expected left time: 0s          
 Analyzing entries 32301 - 32340, now 32331 , sum entries = 39585 . . . Used time: 0s Expected left time: 0s          
 Analyzing entries 32301 - 32340, now 32332 , sum entries = 39585 . . . Used time: 0s Expected left time: 0s          
 Analyzing entries 32301 - 32340, now 32333 , sum entries = 39585 . . . Used time: 0s Expected left time: 0s          
 Analyzing entries 32301 - 32340, now 32334 , sum entries = 39585 . . . Used time: 0s Expected left time: 0s          
 Analyzing entries 32301 - 32340, now 32335 , sum entries = 39585 . . . Used time: 0s Expected left time: 0s          
 Analyzing entries 32301 - 32340, now 32336 , sum entries = 39585 . . . Used time: 0s Expected left time: 0s          
 Analyzing entries 32301 - 32340, now 32337 , sum entries = 39585 . . . Used time: 0s Expected left time: 0s          
 Analyzing entries 32301 - 32340, now 32338 , sum entries = 39585 . . . Used time: 0s Expected left time: 0s          
 Analyzing entries 32301 - 32340, now 32339 , sum entries = 39585 . . . Used time: 0s Expected left time: 0s          
 Save to RootFile /extdisk/zlin/Machine_learning/RecoPlanesFeatures/CMS_herwig_HT1000to1500-preVFP_jinitpt450_600_j2pt80_120Reco/Chunk81_Part6.root . . . Used time: 0s Expected left time: 0s          
 Save to RootFile /extdisk/zlin/Machine_learning/RecoPlanesFeatures/CMS_herwig_HT1000to1500-preVFP_jinitpt450_600_j2pt80_120Reco/Chunk81_Part6.root . . . Used time: 0s Expected left time: 0s          
 Save to RootFile /extdisk/zlin/Machine_learning/RecoPlanesFeatures/CMS_herwig_HT1000to1500-preVFP_jinitpt450_600_j2pt80_120Reco/Chunk81_Part6.root . . . Used time: 0s Expected left time: 0s          
 Save to RootFile /extdisk/zlin/Machine_learning/RecoPlanesFeatures/CMS_herwig_HT1000to1500-preVFP_jinitpt450_600_j2pt80_120Reco/Chunk81_Part6.root . . . Used time: 0s Expected left time: 0s          
 Save to RootFile /extdisk/zlin/Machine_learning/RecoPlanesFeatures/CMS_herwig_HT1000to1500-preVFP_jinitpt450_600_j2pt80_120Reco/Chunk81_Part6.root . . . Used time: 0s Expected left time: 0s          
 Save to RootFile /extdisk/zlin/Machine_learning/RecoPlanesFeatures/CMS_herwig_HT1000to1500-preVFP_jinitpt450_600_j2pt80_120Reco/Chunk81_Part6.root . . . Used time: 0s Expected left time: 0s          
 Save to RootFile /extdisk/zlin/Machine_learning/RecoPlanesFeatures/CMS_herwig_HT1000to1500-preVFP_jinitpt450_600_j2pt80_120Reco/Chunk81_Part6.root . . . Used time: 0s Expected left time: 0s          
 Save to RootFile /extdisk/zlin/Machine_learning/RecoPlanesFeatures/CMS_herwig_HT1000to1500-preVFP_jinitpt450_600_j2pt80_120Reco/Chunk81_Part6.root . . . Used time: 0s Expected left time: 0s          
 Save to RootFile /extdisk/zlin/Machine_learning/RecoPlanesFeatures/CMS_herwig_HT1000to1500-preVFP_jinitpt450_600_j2pt80_120Reco/Chunk81_Part6.root . . . Used time: 0s Expected left time: 0s          
 Analyzing entries 32340 - 32379, now 32340 , sum entries = 39585 . . . Used time: 0s Expected left time: 0s          
 Analyzing entries 32340 - 32379, now 32341 , sum entries = 39585 . . . Used time: 0s Expected left time: 0s          
 Analyzing entries 32340 - 32379, now 32342 , sum entries = 39585 . . . Used time: 0s Expected left time: 0s          
 Analyzing entries 32340 - 32379, now 32343 , sum entries = 39585 . . . Used time: 0s Expected left time: 0s          
 Analyzing entries 32340 - 32379, now 32344 , sum entries = 39585 . . . Used time: 0s Expected left time: 0s          
 Analyzing entries 32340 - 32379, now 32345 , sum entries = 39585 . . . Used time: 0s Expected left time: 0s          
 Analyzing entries 32340 - 32379, now 32346 , sum entries = 39585 . . . Used time: 0s Expected left time: 0s          
 Analyzing entries 32340 - 32379, now 32347 , sum entries = 39585 . . . Used time: 0s Expected left time: 0s          
 Analyzing entries 32340 - 32379, now 32348 , sum entries = 39585 . . . Used time: 0s Expected left time: 0s          
 Analyzing entries 32340 - 32379, now 32349 , sum entries = 39585 . . . Used time: 0s Expected left time: 0s          
 Analyzing entries 32340 - 32379, now 32350 , sum entries = 39585 . . . Used time: 0s Expected left time: 0s          
 Analyzing entries 32340 - 32379, now 32351 , sum entries = 39585 . . . Used time: 0s Expected left time: 0s          
 Analyzing entries 32340 - 32379, now 32352 , sum entries = 39585 . . . Used time: 0s Expected left time: 0s          
 Analyzing entries 32340 - 32379, now 32353 , sum entries = 39585 . . . Used time: 0s Expected left time: 0s          
 Analyzing entries 32340 - 32379, now 32354 , sum entries = 39585 . . . Used time: 0s Expected left time: 0s          
 Analyzing entries 32340 - 32379, now 32355 , sum entries = 39585 . . . Used time: 0s Expected left time: 0s          
 Analyzing entries 32340 - 32379, now 32356 , sum entries = 39585 . . . Used time: 0s Expected left time: 0s          
 Analyzing entries 32340 - 32379, now 32357 , sum entries = 39585 . . . Used time: 0s Expected left time: 0s          
 Analyzing entries 32340 - 32379, now 32358 , sum entries = 39585 . . . Used time: 0s Expected left time: 0s          
 Analyzing entries 32340 - 32379, now 32359 , sum entries = 39585 . . . Used time: 0s Expected left time: 0s          
 Analyzing entries 32340 - 32379, now 32360 , sum entries = 39585 . . . Used time: 0s Expected left time: 0s          
 Analyzing entries 32340 - 32379, now 32361 , sum entries = 39585 . . . Used time: 0s Expected left time: 0s          
 Analyzing entries 32340 - 32379, now 32362 , sum entries = 39585 . . . Used time: 0s Expected left time: 0s          
 Analyzing entries 32340 - 32379, now 32363 , sum entries = 39585 . . . Used time: 0s Expected left time: 0s          
 Analyzing entries 32340 - 32379, now 32364 , sum entries = 39585 . . . Used time: 0s Expected left time: 0s          
 Analyzing entries 32340 - 32379, now 32365 , sum entries = 39585 . . . Used time: 0s Expected left time: 0s          
 Analyzing entries 32340 - 32379, now 32366 , sum entries = 39585 . . . Used time: 0s Expected left time: 0s          
 Analyzing entries 32340 - 32379, now 32367 , sum entries = 39585 . . . Used time: 0s Expected left time: 0s          
 Analyzing entries 32340 - 32379, now 32368 , sum entries = 39585 . . . Used time: 0s Expected left time: 0s          
 Analyzing entries 32340 - 32379, now 32369 , sum entries = 39585 . . . Used time: 0s Expected left time: 0s          
 Analyzing entries 32340 - 32379, now 32370 , sum entries = 39585 . . . Used time: 0s Expected left time: 0s          
 Analyzing entries 32340 - 32379, now 32371 , sum entries = 39585 . . . Used time: 0s Expected left time: 0s          
 Analyzing entries 32340 - 32379, now 32372 , sum entries = 39585 . . . Used time: 0s Expected left time: 0s          
 Analyzing entries 32340 - 32379, now 32373 , sum entries = 39585 . . . Used time: 0s Expected left time: 0s          
 Analyzing entries 32340 - 32379, now 32374 , sum entries = 39585 . . . Used time: 0s Expected left time: 0s          
 Analyzing entries 32340 - 32379, now 32375 , sum entries = 39585 . . . Used time: 0s Expected left time: 0s          
 Analyzing entries 32340 - 32379, now 32376 , sum entries = 39585 . . . Used time: 0s Expected left time: 0s          
 Analyzing entries 32340 - 32379, now 32377 , sum entries = 39585 . . . Used time: 0s Expected left time: 0s          
 Analyzing entries 32340 - 32379, now 32378 , sum entries = 39585 . . . Used time: 0s Expected left time: 0s          
 Save to RootFile /extdisk/zlin/Machine_learning/RecoPlanesFeatures/CMS_herwig_HT1000to1500-preVFP_jinitpt450_600_j2pt80_120Reco/Chunk81_Part7.root . . . Used time: 0s Expected left time: 0s          
 Save to RootFile /extdisk/zlin/Machine_learning/RecoPlanesFeatures/CMS_herwig_HT1000to1500-preVFP_jinitpt450_600_j2pt80_120Reco/Chunk81_Part7.root . . . Used time: 0s Expected left time: 0s          
 Save to RootFile /extdisk/zlin/Machine_learning/RecoPlanesFeatures/CMS_herwig_HT1000to1500-preVFP_jinitpt450_600_j2pt80_120Reco/Chunk81_Part7.root . . . Used time: 0s Expected left time: 0s          
 Save to RootFile /extdisk/zlin/Machine_learning/RecoPlanesFeatures/CMS_herwig_HT1000to1500-preVFP_jinitpt450_600_j2pt80_120Reco/Chunk81_Part7.root . . . Used time: 0s Expected left time: 0s          
 Analyzing entries 32380 - 32419, now 32380 , sum entries = 39585 . . . Used time: 0s Expected left time: 0s          
 Analyzing entries 32380 - 32419, now 32381 , sum entries = 39585 . . . Used time: 0s Expected left time: 0s          
 Analyzing entries 32380 - 32419, now 32382 , sum entries = 39585 . . . Used time: 0s Expected left time: 0s          
 Analyzing entries 32380 - 32419, now 32383 , sum entries = 39585 . . . Used time: 0s Expected left time: 0s          
 Analyzing entries 32380 - 32419, now 32384 , sum entries = 39585 . . . Used time: 0s Expected left time: 0s          
 Analyzing entries 32380 - 32419, now 32385 , sum entries = 39585 . . . Used time: 0s Expected left time: 0s          
 Analyzing entries 32380 - 32419, now 32386 , sum entries = 39585 . . . Used time: 0s Expected left time: 0s          
 Analyzing entries 32380 - 32419, now 32387 , sum entries = 39585 . . . Used time: 0s Expected left time: 0s          
 Analyzing entries 32380 - 32419, now 32388 , sum entries = 39585 . . . Used time: 0s Expected left time: 0s          
 Analyzing entries 32380 - 32419, now 32389 , sum entries = 39585 . . . Used time: 0s Expected left time: 0s          
 Analyzing entries 32380 - 32419, now 32390 , sum entries = 39585 . . . Used time: 0s Expected left time: 0s          
 Analyzing entries 32380 - 32419, now 32391 , sum entries = 39585 . . . Used time: 0s Expected left time: 0s          
 Analyzing entries 32380 - 32419, now 32392 , sum entries = 39585 . . . Used time: 0s Expected left time: 0s          
 Analyzing entries 32380 - 32419, now 32393 , sum entries = 39585 . . . Used time: 0s Expected left time: 0s          
 Analyzing entries 32380 - 32419, now 32394 , sum entries = 39585 . . . Used time: 0s Expected left time: 0s          
 Analyzing entries 32380 - 32419, now 32395 , sum entries = 39585 . . . Used time: 0s Expected left time: 0s          
 Analyzing entries 32380 - 32419, now 32396 , sum entries = 39585 . . . Used time: 0s Expected left time: 0s          
 Analyzing entries 32380 - 32419, now 32397 , sum entries = 39585 . . . Used time: 0s Expected left time: 0s          
 Analyzing entries 32380 - 32419, now 32398 , sum entries = 39585 . . . Used time: 0s Expected left time: 0s          
 Analyzing entries 32380 - 32419, now 32399 , sum entries = 39585 . . . Used time: 0s Expected left time: 0s          
 Analyzing entries 32380 - 32419, now 32400 , sum entries = 39585 . . . Used time: 0s Expected left time: 0s          
 Analyzing entries 32380 - 32419, now 32401 , sum entries = 39585 . . . Used time: 0s Expected left time: 0s          
 Analyzing entries 32380 - 32419, now 32402 , sum entries = 39585 . . . Used time: 0s Expected left time: 0s          
 Analyzing entries 32380 - 32419, now 32403 , sum entries = 39585 . . . Used time: 0s Expected left time: 0s          
 Analyzing entries 32380 - 32419, now 32404 , sum entries = 39585 . . . Used time: 0s Expected left time: 0s          
 Analyzing entries 32380 - 32419, now 32405 , sum entries = 39585 . . . Used time: 0s Expected left time: 0s          
 Analyzing entries 32380 - 32419, now 32406 , sum entries = 39585 . . . Used time: 0s Expected left time: 0s          
 Analyzing entries 32380 - 32419, now 32407 , sum entries = 39585 . . . Used time: 0s Expected left time: 0s          
 Analyzing entries 32380 - 32419, now 32408 , sum entries = 39585 . . . Used time: 0s Expected left time: 0s          
 Analyzing entries 32380 - 32419, now 32409 , sum entries = 39585 . . . Used time: 0s Expected left time: 0s          
 Analyzing entries 32380 - 32419, now 32410 , sum entries = 39585 . . . Used time: 0s Expected left time: 0s          
 Analyzing entries 32380 - 32419, now 32411 , sum entries = 39585 . . . Used time: 0s Expected left time: 0s          
 Analyzing entries 32380 - 32419, now 32412 , sum entries = 39585 . . . Used time: 0s Expected left time: 0s          
 Analyzing entries 32380 - 32419, now 32413 , sum entries = 39585 . . . Used time: 0s Expected left time: 0s          
 Analyzing entries 32380 - 32419, now 32414 , sum entries = 39585 . . . Used time: 0s Expected left time: 0s          
 Analyzing entries 32380 - 32419, now 32415 , sum entries = 39585 . . . Used time: 0s Expected left time: 0s          
 Analyzing entries 32380 - 32419, now 32416 , sum entries = 39585 . . . Used time: 0s Expected left time: 0s          
 Analyzing entries 32380 - 32419, now 32417 , sum entries = 39585 . . . Used time: 0s Expected left time: 0s          
 Analyzing entries 32380 - 32419, now 32418 , sum entries = 39585 . . . Used time: 0s Expected left time: 0s          
 Save to RootFile /extdisk/zlin/Machine_learning/RecoPlanesFeatures/CMS_herwig_HT1000to1500-preVFP_jinitpt450_600_j2pt80_120Reco/Chunk81_Part8.root . . . Used time: 0s Expected left time: 0s          
 Save to RootFile /extdisk/zlin/Machine_learning/RecoPlanesFeatures/CMS_herwig_HT1000to1500-preVFP_jinitpt450_600_j2pt80_120Reco/Chunk81_Part8.root . . . Used time: 0s Expected left time: 0s          
 Save to RootFile /extdisk/zlin/Machine_learning/RecoPlanesFeatures/CMS_herwig_HT1000to1500-preVFP_jinitpt450_600_j2pt80_120Reco/Chunk81_Part8.root . . . Used time: 0s Expected left time: 0s          
 Save to RootFile /extdisk/zlin/Machine_learning/RecoPlanesFeatures/CMS_herwig_HT1000to1500-preVFP_jinitpt450_600_j2pt80_120Reco/Chunk81_Part8.root . . . Used time: 0s Expected left time: 0s          
 Save to RootFile /extdisk/zlin/Machine_learning/RecoPlanesFeatures/CMS_herwig_HT1000to1500-preVFP_jinitpt450_600_j2pt80_120Reco/Chunk81_Part8.root . . . Used time: 0s Expected left time: 0s          
 Analyzing entries 32420 - 32459, now 32420 , sum entries = 39585 . . . Used time: 0s Expected left time: 0s          
 Analyzing entries 32420 - 32459, now 32421 , sum entries = 39585 . . . Used time: 0s Expected left time: 0s          
 Analyzing entries 32420 - 32459, now 32422 , sum entries = 39585 . . . Used time: 0s Expected left time: 0s          
 Analyzing entries 32420 - 32459, now 32423 , sum entries = 39585 . . . Used time: 0s Expected left time: 0s          
 Analyzing entries 32420 - 32459, now 32424 , sum entries = 39585 . . . Used time: 0s Expected left time: 0s          
 Analyzing entries 32420 - 32459, now 32425 , sum entries = 39585 . . . Used time: 0s Expected left time: 0s          
 Analyzing entries 32420 - 32459, now 32426 , sum entries = 39585 . . . Used time: 0s Expected left time: 0s          
 Analyzing entries 32420 - 32459, now 32427 , sum entries = 39585 . . . Used time: 0s Expected left time: 0s          
 Analyzing entries 32420 - 32459, now 32428 , sum entries = 39585 . . . Used time: 0s Expected left time: 0s          
 Analyzing entries 32420 - 32459, now 32429 , sum entries = 39585 . . . Used time: 0s Expected left time: 0s          
 Analyzing entries 32420 - 32459, now 32430 , sum entries = 39585 . . . Used time: 0s Expected left time: 0s          
 Analyzing entries 32420 - 32459, now 32431 , sum entries = 39585 . . . Used time: 0s Expected left time: 0s          
 Analyzing entries 32420 - 32459, now 32432 , sum entries = 39585 . . . Used time: 0s Expected left time: 0s          
 Analyzing entries 32420 - 32459, now 32433 , sum entries = 39585 . . . Used time: 0s Expected left time: 0s          
 Analyzing entries 32420 - 32459, now 32434 , sum entries = 39585 . . . Used time: 0s Expected left time: 0s          
 Analyzing entries 32420 - 32459, now 32435 , sum entries = 39585 . . . Used time: 0s Expected left time: 0s          
 Analyzing entries 32420 - 32459, now 32436 , sum entries = 39585 . . . Used time: 0s Expected left time: 0s          
 Analyzing entries 32420 - 32459, now 32437 , sum entries = 39585 . . . Used time: 0s Expected left time: 0s          
 Analyzing entries 32420 - 32459, now 32438 , sum entries = 39585 . . . Used time: 0s Expected left time: 0s          
 Analyzing entries 32420 - 32459, now 32439 , sum entries = 39585 . . . Used time: 0s Expected left time: 0s          
 Analyzing entries 32420 - 32459, now 32440 , sum entries = 39585 . . . Used time: 0s Expected left time: 0s          
 Analyzing entries 32420 - 32459, now 32441 , sum entries = 39585 . . . Used time: 0s Expected left time: 0s          
 Analyzing entries 32420 - 32459, now 32442 , sum entries = 39585 . . . Used time: 0s Expected left time: 0s          
 Analyzing entries 32420 - 32459, now 32443 , sum entries = 39585 . . . Used time: 0s Expected left time: 0s          
 Analyzing entries 32420 - 32459, now 32444 , sum entries = 39585 . . . Used time: 0s Expected left time: 0s          
 Analyzing entries 32420 - 32459, now 32445 , sum entries = 39585 . . . Used time: 0s Expected left time: 0s          
 Analyzing entries 32420 - 32459, now 32446 , sum entries = 39585 . . . Used time: 0s Expected left time: 0s          
 Analyzing entries 32420 - 32459, now 32447 , sum entries = 39585 . . . Used time: 0s Expected left time: 0s          
 Analyzing entries 32420 - 32459, now 32448 , sum entries = 39585 . . . Used time: 0s Expected left time: 0s          
 Analyzing entries 32420 - 32459, now 32449 , sum entries = 39585 . . . Used time: 0s Expected left time: 0s          
 Analyzing entries 32420 - 32459, now 32450 , sum entries = 39585 . . . Used time: 0s Expected left time: 0s          
 Analyzing entries 32420 - 32459, now 32451 , sum entries = 39585 . . . Used time: 0s Expected left time: 0s          
 Analyzing entries 32420 - 32459, now 32452 , sum entries = 39585 . . . Used time: 0s Expected left time: 0s          
 Analyzing entries 32420 - 32459, now 32453 , sum entries = 39585 . . . Used time: 0s Expected left time: 0s          
 Analyzing entries 32420 - 32459, now 32454 , sum entries = 39585 . . . Used time: 0s Expected left time: 0s          
 Analyzing entries 32420 - 32459, now 32455 , sum entries = 39585 . . . Used time: 0s Expected left time: 0s          
 Analyzing entries 32420 - 32459, now 32456 , sum entries = 39585 . . . Used time: 0s Expected left time: 0s          
 Analyzing entries 32420 - 32459, now 32457 , sum entries = 39585 . . . Used time: 0s Expected left time: 0s          
 Analyzing entries 32420 - 32459, now 32458 , sum entries = 39585 . . . Used time: 0s Expected left time: 0s          
 Save to RootFile /extdisk/zlin/Machine_learning/RecoPlanesFeatures/CMS_herwig_HT1000to1500-preVFP_jinitpt450_600_j2pt80_120Reco/Chunk81_Part9.root . . . Used time: 0s Expected left time: 0s          
 Save to RootFile /extdisk/zlin/Machine_learning/RecoPlanesFeatures/CMS_herwig_HT1000to1500-preVFP_jinitpt450_600_j2pt80_120Reco/Chunk81_Part9.root . . . Used time: 0s Expected left time: 0s          
 Save to RootFile /extdisk/zlin/Machine_learning/RecoPlanesFeatures/CMS_herwig_HT1000to1500-preVFP_jinitpt450_600_j2pt80_120Reco/Chunk81_Part9.root . . . Used time: 0s Expected left time: 0s          
 Save to RootFile /extdisk/zlin/Machine_learning/RecoPlanesFeatures/CMS_herwig_HT1000to1500-preVFP_jinitpt450_600_j2pt80_120Reco/Chunk81_Part9.root . . . Used time: 0s Expected left time: 0s          
