Warning in <TFile::Init>: file /extdisk/zlin/Machine_learning/RecoPlanes/CMS_herwig_HT1000to1500-preVFP/Chunk83_Part0.root probably not closed, trying to recover
Info in <TFile::Recover>: /extdisk/zlin/Machine_learning/RecoPlanes/CMS_herwig_HT1000to1500-preVFP/Chunk83_Part0.root, recovered key TTree:DataInfo at address 2189179
Warning in <TFile::Init>: successfully recovered 1 keys
 Analyzing entries 16682 - 16710, now 16682 , sum entries = 28275 . . . Used time: 0s Expected left time: 0s          
 Analyzing entries 16682 - 16710, now 16683 , sum entries = 28275 . . . Used time: 0s Expected left time: 0s          
 Analyzing entries 16682 - 16710, now 16684 , sum entries = 28275 . . . Used time: 0s Expected left time: 0s          
 Analyzing entries 16682 - 16710, now 16685 , sum entries = 28275 . . . Used time: 0s Expected left time: 0s          
 Analyzing entries 16682 - 16710, now 16686 , sum entries = 28275 . . . Used time: 0s Expected left time: 0s          
 Analyzing entries 16682 - 16710, now 16687 , sum entries = 28275 . . . Used time: 0s Expected left time: 0s          
 Analyzing entries 16682 - 16710, now 16688 , sum entries = 28275 . . . Used time: 0s Expected left time: 0s          
 Analyzing entries 16682 - 16710, now 16689 , sum entries = 28275 . . . Used time: 0s Expected left time: 0s          
 Analyzing entries 16682 - 16710, now 16690 , sum entries = 28275 . . . Used time: 0s Expected left time: 0s          
 Analyzing entries 16682 - 16710, now 16691 , sum entries = 28275 . . . Used time: 0s Expected left time: 0s          
 Analyzing entries 16682 - 16710, now 16692 , sum entries = 28275 . . . Used time: 0s Expected left time: 0s          
 Analyzing entries 16682 - 16710, now 16693 , sum entries = 28275 . . . Used time: 0s Expected left time: 0s          
 Analyzing entries 16682 - 16710, now 16694 , sum entries = 28275 . . . Used time: 0s Expected left time: 0s          
 Analyzing entries 16682 - 16710, now 16695 , sum entries = 28275 . . . Used time: 0s Expected left time: 0s          
 Analyzing entries 16682 - 16710, now 16696 , sum entries = 28275 . . . Used time: 0s Expected left time: 0s          
 Analyzing entries 16682 - 16710, now 16697 , sum entries = 28275 . . . Used time: 0s Expected left time: 0s          
 Analyzing entries 16682 - 16710, now 16698 , sum entries = 28275 . . . Used time: 0s Expected left time: 0s          
 Analyzing entries 16682 - 16710, now 16699 , sum entries = 28275 . . . Used time: 0s Expected left time: 0s          
 Analyzing entries 16682 - 16710, now 16700 , sum entries = 28275 . . . Used time: 0s Expected left time: 0s          
 Analyzing entries 16682 - 16710, now 16701 , sum entries = 28275 . . . Used time: 0s Expected left time: 0s          
 Analyzing entries 16682 - 16710, now 16702 , sum entries = 28275 . . . Used time: 0s Expected left time: 0s          
 Analyzing entries 16682 - 16710, now 16703 , sum entries = 28275 . . . Used time: 0s Expected left time: 0s          
 Analyzing entries 16682 - 16710, now 16704 , sum entries = 28275 . . . Used time: 0s Expected left time: 0s          
 Analyzing entries 16682 - 16710, now 16705 , sum entries = 28275 . . . Used time: 0s Expected left time: 0s          
 Analyzing entries 16682 - 16710, now 16706 , sum entries = 28275 . . . Used time: 0s Expected left time: 0s          
 Analyzing entries 16682 - 16710, now 16707 , sum entries = 28275 . . . Used time: 0s Expected left time: 0s          
 Analyzing entries 16682 - 16710, now 16708 , sum entries = 28275 . . . Used time: 0s Expected left time: 0s          
 Analyzing entries 16682 - 16710, now 16709 , sum entries = 28275 . . . Used time: 0s Expected left time: 0s          
 Save to RootFile /extdisk/zlin/Machine_learning/RecoPlanesFeatures/CMS_herwig_HT1000to1500-preVFP_jinitpt450_600_j2pt80_120Reco/Chunk59_Part0.root . . . Used time: 0s Expected left time: 0s          
 Analyzing entries 16710 - 16738, now 16710 , sum entries = 28275 . . . Used time: 0s Expected left time: 0s          
 Analyzing entries 16710 - 16738, now 16711 , sum entries = 28275 . . . Used time: 0s Expected left time: 0s          
 Analyzing entries 16710 - 16738, now 16712 , sum entries = 28275 . . . Used time: 0s Expected left time: 0s          
 Analyzing entries 16710 - 16738, now 16713 , sum entries = 28275 . . . Used time: 0s Expected left time: 0s          
 Analyzing entries 16710 - 16738, now 16714 , sum entries = 28275 . . . Used time: 0s Expected left time: 0s          
 Analyzing entries 16710 - 16738, now 16715 , sum entries = 28275 . . . Used time: 0s Expected left time: 0s          
 Analyzing entries 16710 - 16738, now 16716 , sum entries = 28275 . . . Used time: 0s Expected left time: 0s          
 Analyzing entries 16710 - 16738, now 16717 , sum entries = 28275 . . . Used time: 0s Expected left time: 0s          
 Analyzing entries 16710 - 16738, now 16718 , sum entries = 28275 . . . Used time: 0s Expected left time: 0s          
 Analyzing entries 16710 - 16738, now 16719 , sum entries = 28275 . . . Used time: 0s Expected left time: 0s          
 Analyzing entries 16710 - 16738, now 16720 , sum entries = 28275 . . . Used time: 0s Expected left time: 0s          
 Analyzing entries 16710 - 16738, now 16721 , sum entries = 28275 . . . Used time: 0s Expected left time: 0s          
 Analyzing entries 16710 - 16738, now 16722 , sum entries = 28275 . . . Used time: 0s Expected left time: 0s          
 Analyzing entries 16710 - 16738, now 16723 , sum entries = 28275 . . . Used time: 0s Expected left time: 0s          
 Analyzing entries 16710 - 16738, now 16724 , sum entries = 28275 . . . Used time: 0s Expected left time: 0s          
 Analyzing entries 16710 - 16738, now 16725 , sum entries = 28275 . . . Used time: 0s Expected left time: 0s          
 Analyzing entries 16710 - 16738, now 16726 , sum entries = 28275 . . . Used time: 0s Expected left time: 0s          
 Analyzing entries 16710 - 16738, now 16727 , sum entries = 28275 . . . Used time: 0s Expected left time: 0s          
 Analyzing entries 16710 - 16738, now 16728 , sum entries = 28275 . . . Used time: 0s Expected left time: 0s          
 Analyzing entries 16710 - 16738, now 16729 , sum entries = 28275 . . . Used time: 0s Expected left time: 0s          
 Analyzing entries 16710 - 16738, now 16730 , sum entries = 28275 . . . Used time: 0s Expected left time: 0s          
 Analyzing entries 16710 - 16738, now 16731 , sum entries = 28275 . . . Used time: 0s Expected left time: 0s          
 Analyzing entries 16710 - 16738, now 16732 , sum entries = 28275 . . . Used time: 0s Expected left time: 0s          
 Analyzing entries 16710 - 16738, now 16733 , sum entries = 28275 . . . Used time: 0s Expected left time: 0s          
 Analyzing entries 16710 - 16738, now 16734 , sum entries = 28275 . . . Used time: 0s Expected left time: 0s          
 Analyzing entries 16710 - 16738, now 16735 , sum entries = 28275 . . . Used time: 0s Expected left time: 0s          
 Analyzing entries 16710 - 16738, now 16736 , sum entries = 28275 . . . Used time: 0s Expected left time: 0s          
 Analyzing entries 16710 - 16738, now 16737 , sum entries = 28275 . . . Used time: 0s Expected left time: 0s          
 Save to RootFile /extdisk/zlin/Machine_learning/RecoPlanesFeatures/CMS_herwig_HT1000to1500-preVFP_jinitpt450_600_j2pt80_120Reco/Chunk59_Part1.root . . . Used time: 0s Expected left time: 0s          
 Save to RootFile /extdisk/zlin/Machine_learning/RecoPlanesFeatures/CMS_herwig_HT1000to1500-preVFP_jinitpt450_600_j2pt80_120Reco/Chunk59_Part1.root . . . Used time: 0s Expected left time: 0s          
 Analyzing entries 16738 - 16766, now 16738 , sum entries = 28275 . . . Used time: 0s Expected left time: 0s          
 Analyzing entries 16738 - 16766, now 16739 , sum entries = 28275 . . . Used time: 0s Expected left time: 0s          
 Analyzing entries 16738 - 16766, now 16740 , sum entries = 28275 . . . Used time: 0s Expected left time: 0s          
 Analyzing entries 16738 - 16766, now 16741 , sum entries = 28275 . . . Used time: 0s Expected left time: 0s          
 Analyzing entries 16738 - 16766, now 16742 , sum entries = 28275 . . . Used time: 0s Expected left time: 0s          
 Analyzing entries 16738 - 16766, now 16743 , sum entries = 28275 . . . Used time: 0s Expected left time: 0s          
 Analyzing entries 16738 - 16766, now 16744 , sum entries = 28275 . . . Used time: 0s Expected left time: 0s          
 Analyzing entries 16738 - 16766, now 16745 , sum entries = 28275 . . . Used time: 0s Expected left time: 0s          
 Analyzing entries 16738 - 16766, now 16746 , sum entries = 28275 . . . Used time: 0s Expected left time: 0s          
 Analyzing entries 16738 - 16766, now 16747 , sum entries = 28275 . . . Used time: 0s Expected left time: 0s          
 Analyzing entries 16738 - 16766, now 16748 , sum entries = 28275 . . . Used time: 0s Expected left time: 0s          
 Analyzing entries 16738 - 16766, now 16749 , sum entries = 28275 . . . Used time: 0s Expected left time: 0s          
 Analyzing entries 16738 - 16766, now 16750 , sum entries = 28275 . . . Used time: 0s Expected left time: 0s          
 Analyzing entries 16738 - 16766, now 16751 , sum entries = 28275 . . . Used time: 0s Expected left time: 0s          
 Analyzing entries 16738 - 16766, now 16752 , sum entries = 28275 . . . Used time: 0s Expected left time: 0s          
 Analyzing entries 16738 - 16766, now 16753 , sum entries = 28275 . . . Used time: 0s Expected left time: 0s          
 Analyzing entries 16738 - 16766, now 16754 , sum entries = 28275 . . . Used time: 0s Expected left time: 0s          
 Analyzing entries 16738 - 16766, now 16755 , sum entries = 28275 . . . Used time: 0s Expected left time: 0s          
 Analyzing entries 16738 - 16766, now 16756 , sum entries = 28275 . . . Used time: 0s Expected left time: 0s          
 Analyzing entries 16738 - 16766, now 16757 , sum entries = 28275 . . . Used time: 0s Expected left time: 0s          
 Analyzing entries 16738 - 16766, now 16758 , sum entries = 28275 . . . Used time: 0s Expected left time: 0s          
 Analyzing entries 16738 - 16766, now 16759 , sum entries = 28275 . . . Used time: 0s Expected left time: 0s          
 Analyzing entries 16738 - 16766, now 16760 , sum entries = 28275 . . . Used time: 0s Expected left time: 0s          
 Analyzing entries 16738 - 16766, now 16761 , sum entries = 28275 . . . Used time: 0s Expected left time: 0s          
 Analyzing entries 16738 - 16766, now 16762 , sum entries = 28275 . . . Used time: 0s Expected left time: 0s          
 Analyzing entries 16738 - 16766, now 16763 , sum entries = 28275 . . . Used time: 0s Expected left time: 0s          
 Analyzing entries 16738 - 16766, now 16764 , sum entries = 28275 . . . Used time: 0s Expected left time: 0s          
 Analyzing entries 16738 - 16766, now 16765 , sum entries = 28275 . . . Used time: 0s Expected left time: 0s          
 Save to RootFile /extdisk/zlin/Machine_learning/RecoPlanesFeatures/CMS_herwig_HT1000to1500-preVFP_jinitpt450_600_j2pt80_120Reco/Chunk59_Part2.root . . . Used time: 0s Expected left time: 0s          
 Analyzing entries 16767 - 16795, now 16767 , sum entries = 28275 . . . Used time: 0s Expected left time: 0s          
 Analyzing entries 16767 - 16795, now 16768 , sum entries = 28275 . . . Used time: 0s Expected left time: 0s          
 Analyzing entries 16767 - 16795, now 16769 , sum entries = 28275 . . . Used time: 0s Expected left time: 0s          
 Analyzing entries 16767 - 16795, now 16770 , sum entries = 28275 . . . Used time: 0s Expected left time: 0s          
 Analyzing entries 16767 - 16795, now 16771 , sum entries = 28275 . . . Used time: 0s Expected left time: 0s          
 Analyzing entries 16767 - 16795, now 16772 , sum entries = 28275 . . . Used time: 0s Expected left time: 0s          
 Analyzing entries 16767 - 16795, now 16773 , sum entries = 28275 . . . Used time: 0s Expected left time: 0s          
 Analyzing entries 16767 - 16795, now 16774 , sum entries = 28275 . . . Used time: 0s Expected left time: 0s          
 Analyzing entries 16767 - 16795, now 16775 , sum entries = 28275 . . . Used time: 0s Expected left time: 0s          
 Analyzing entries 16767 - 16795, now 16776 , sum entries = 28275 . . . Used time: 0s Expected left time: 0s          
 Analyzing entries 16767 - 16795, now 16777 , sum entries = 28275 . . . Used time: 0s Expected left time: 0s          
 Analyzing entries 16767 - 16795, now 16778 , sum entries = 28275 . . . Used time: 0s Expected left time: 0s          
 Analyzing entries 16767 - 16795, now 16779 , sum entries = 28275 . . . Used time: 0s Expected left time: 0s          
 Analyzing entries 16767 - 16795, now 16780 , sum entries = 28275 . . . Used time: 0s Expected left time: 0s          
 Analyzing entries 16767 - 16795, now 16781 , sum entries = 28275 . . . Used time: 0s Expected left time: 0s          
 Analyzing entries 16767 - 16795, now 16782 , sum entries = 28275 . . . Used time: 0s Expected left time: 0s          
 Analyzing entries 16767 - 16795, now 16783 , sum entries = 28275 . . . Used time: 0s Expected left time: 0s          
 Analyzing entries 16767 - 16795, now 16784 , sum entries = 28275 . . . Used time: 0s Expected left time: 0s          
 Analyzing entries 16767 - 16795, now 16785 , sum entries = 28275 . . . Used time: 0s Expected left time: 0s          
 Analyzing entries 16767 - 16795, now 16786 , sum entries = 28275 . . . Used time: 0s Expected left time: 0s          
 Analyzing entries 16767 - 16795, now 16787 , sum entries = 28275 . . . Used time: 0s Expected left time: 0s          
 Analyzing entries 16767 - 16795, now 16788 , sum entries = 28275 . . . Used time: 0s Expected left time: 0s          
 Analyzing entries 16767 - 16795, now 16789 , sum entries = 28275 . . . Used time: 0s Expected left time: 0s          
 Analyzing entries 16767 - 16795, now 16790 , sum entries = 28275 . . . Used time: 0s Expected left time: 0s          
 Analyzing entries 16767 - 16795, now 16791 , sum entries = 28275 . . . Used time: 0s Expected left time: 0s          
 Analyzing entries 16767 - 16795, now 16792 , sum entries = 28275 . . . Used time: 0s Expected left time: 0s          
 Analyzing entries 16767 - 16795, now 16793 , sum entries = 28275 . . . Used time: 0s Expected left time: 0s          
 Analyzing entries 16767 - 16795, now 16794 , sum entries = 28275 . . . Used time: 0s Expected left time: 0s          
 Save to RootFile /extdisk/zlin/Machine_learning/RecoPlanesFeatures/CMS_herwig_HT1000to1500-preVFP_jinitpt450_600_j2pt80_120Reco/Chunk59_Part3.root . . . Used time: 0s Expected left time: 0s          
 Save to RootFile /extdisk/zlin/Machine_learning/RecoPlanesFeatures/CMS_herwig_HT1000to1500-preVFP_jinitpt450_600_j2pt80_120Reco/Chunk59_Part3.root . . . Used time: 0s Expected left time: 0s          
 Analyzing entries 16795 - 16823, now 16795 , sum entries = 28275 . . . Used time: 0s Expected left time: 0s          
 Analyzing entries 16795 - 16823, now 16796 , sum entries = 28275 . . . Used time: 0s Expected left time: 0s          
 Analyzing entries 16795 - 16823, now 16797 , sum entries = 28275 . . . Used time: 0s Expected left time: 0s          
 Analyzing entries 16795 - 16823, now 16798 , sum entries = 28275 . . . Used time: 0s Expected left time: 0s          
 Analyzing entries 16795 - 16823, now 16799 , sum entries = 28275 . . . Used time: 0s Expected left time: 0s          
 Analyzing entries 16795 - 16823, now 16800 , sum entries = 28275 . . . Used time: 0s Expected left time: 0s          
 Analyzing entries 16795 - 16823, now 16801 , sum entries = 28275 . . . Used time: 0s Expected left time: 0s          
 Analyzing entries 16795 - 16823, now 16802 , sum entries = 28275 . . . Used time: 0s Expected left time: 0s          
 Analyzing entries 16795 - 16823, now 16803 , sum entries = 28275 . . . Used time: 0s Expected left time: 0s          
 Analyzing entries 16795 - 16823, now 16804 , sum entries = 28275 . . . Used time: 0s Expected left time: 0s          
 Analyzing entries 16795 - 16823, now 16805 , sum entries = 28275 . . . Used time: 0s Expected left time: 0s          
 Analyzing entries 16795 - 16823, now 16806 , sum entries = 28275 . . . Used time: 0s Expected left time: 0s          
 Analyzing entries 16795 - 16823, now 16807 , sum entries = 28275 . . . Used time: 0s Expected left time: 0s          
 Analyzing entries 16795 - 16823, now 16808 , sum entries = 28275 . . . Used time: 0s Expected left time: 0s          
 Analyzing entries 16795 - 16823, now 16809 , sum entries = 28275 . . . Used time: 0s Expected left time: 0s          
 Analyzing entries 16795 - 16823, now 16810 , sum entries = 28275 . . . Used time: 0s Expected left time: 0s          
 Analyzing entries 16795 - 16823, now 16811 , sum entries = 28275 . . . Used time: 0s Expected left time: 0s          
 Analyzing entries 16795 - 16823, now 16812 , sum entries = 28275 . . . Used time: 0s Expected left time: 0s          
 Analyzing entries 16795 - 16823, now 16813 , sum entries = 28275 . . . Used time: 0s Expected left time: 0s          
 Analyzing entries 16795 - 16823, now 16814 , sum entries = 28275 . . . Used time: 0s Expected left time: 0s          
 Analyzing entries 16795 - 16823, now 16815 , sum entries = 28275 . . . Used time: 0s Expected left time: 0s          
 Analyzing entries 16795 - 16823, now 16816 , sum entries = 28275 . . . Used time: 0s Expected left time: 0s          
 Analyzing entries 16795 - 16823, now 16817 , sum entries = 28275 . . . Used time: 0s Expected left time: 0s          
 Analyzing entries 16795 - 16823, now 16818 , sum entries = 28275 . . . Used time: 0s Expected left time: 0s          
 Analyzing entries 16795 - 16823, now 16819 , sum entries = 28275 . . . Used time: 0s Expected left time: 0s          
 Analyzing entries 16795 - 16823, now 16820 , sum entries = 28275 . . . Used time: 0s Expected left time: 0s          
 Analyzing entries 16795 - 16823, now 16821 , sum entries = 28275 . . . Used time: 0s Expected left time: 0s          
 Analyzing entries 16795 - 16823, now 16822 , sum entries = 28275 . . . Used time: 0s Expected left time: 0s          
 Save to RootFile /extdisk/zlin/Machine_learning/RecoPlanesFeatures/CMS_herwig_HT1000to1500-preVFP_jinitpt450_600_j2pt80_120Reco/Chunk59_Part4.root . . . Used time: 0s Expected left time: 0s          
 Save to RootFile /extdisk/zlin/Machine_learning/RecoPlanesFeatures/CMS_herwig_HT1000to1500-preVFP_jinitpt450_600_j2pt80_120Reco/Chunk59_Part4.root . . . Used time: 0s Expected left time: 0s          
 Save to RootFile /extdisk/zlin/Machine_learning/RecoPlanesFeatures/CMS_herwig_HT1000to1500-preVFP_jinitpt450_600_j2pt80_120Reco/Chunk59_Part4.root . . . Used time: 0s Expected left time: 0s          
 Save to RootFile /extdisk/zlin/Machine_learning/RecoPlanesFeatures/CMS_herwig_HT1000to1500-preVFP_jinitpt450_600_j2pt80_120Reco/Chunk59_Part4.root . . . Used time: 0s Expected left time: 0s          
 Save to RootFile /extdisk/zlin/Machine_learning/RecoPlanesFeatures/CMS_herwig_HT1000to1500-preVFP_jinitpt450_600_j2pt80_120Reco/Chunk59_Part4.root . . . Used time: 0s Expected left time: 0s          
 Analyzing entries 16823 - 16851, now 16823 , sum entries = 28275 . . . Used time: 0s Expected left time: 0s          
 Analyzing entries 16823 - 16851, now 16824 , sum entries = 28275 . . . Used time: 0s Expected left time: 0s          
 Analyzing entries 16823 - 16851, now 16825 , sum entries = 28275 . . . Used time: 0s Expected left time: 0s          
 Analyzing entries 16823 - 16851, now 16826 , sum entries = 28275 . . . Used time: 0s Expected left time: 0s          
 Analyzing entries 16823 - 16851, now 16827 , sum entries = 28275 . . . Used time: 0s Expected left time: 0s          
 Analyzing entries 16823 - 16851, now 16828 , sum entries = 28275 . . . Used time: 0s Expected left time: 0s          
 Analyzing entries 16823 - 16851, now 16829 , sum entries = 28275 . . . Used time: 0s Expected left time: 0s          
 Analyzing entries 16823 - 16851, now 16830 , sum entries = 28275 . . . Used time: 0s Expected left time: 0s          
 Analyzing entries 16823 - 16851, now 16831 , sum entries = 28275 . . . Used time: 0s Expected left time: 0s          
 Analyzing entries 16823 - 16851, now 16832 , sum entries = 28275 . . . Used time: 0s Expected left time: 0s          
 Analyzing entries 16823 - 16851, now 16833 , sum entries = 28275 . . . Used time: 0s Expected left time: 0s          
 Analyzing entries 16823 - 16851, now 16834 , sum entries = 28275 . . . Used time: 0s Expected left time: 0s          
 Analyzing entries 16823 - 16851, now 16835 , sum entries = 28275 . . . Used time: 0s Expected left time: 0s          
 Analyzing entries 16823 - 16851, now 16836 , sum entries = 28275 . . . Used time: 0s Expected left time: 0s          
 Analyzing entries 16823 - 16851, now 16837 , sum entries = 28275 . . . Used time: 0s Expected left time: 0s          
 Analyzing entries 16823 - 16851, now 16838 , sum entries = 28275 . . . Used time: 0s Expected left time: 0s          
 Analyzing entries 16823 - 16851, now 16839 , sum entries = 28275 . . . Used time: 0s Expected left time: 0s          
 Analyzing entries 16823 - 16851, now 16840 , sum entries = 28275 . . . Used time: 0s Expected left time: 0s          
 Analyzing entries 16823 - 16851, now 16841 , sum entries = 28275 . . . Used time: 0s Expected left time: 0s          
 Analyzing entries 16823 - 16851, now 16842 , sum entries = 28275 . . . Used time: 0s Expected left time: 0s          
 Analyzing entries 16823 - 16851, now 16843 , sum entries = 28275 . . . Used time: 0s Expected left time: 0s          
 Analyzing entries 16823 - 16851, now 16844 , sum entries = 28275 . . . Used time: 0s Expected left time: 0s          
 Analyzing entries 16823 - 16851, now 16845 , sum entries = 28275 . . . Used time: 0s Expected left time: 0s          
 Analyzing entries 16823 - 16851, now 16846 , sum entries = 28275 . . . Used time: 0s Expected left time: 0s          
 Analyzing entries 16823 - 16851, now 16847 , sum entries = 28275 . . . Used time: 0s Expected left time: 0s          
 Analyzing entries 16823 - 16851, now 16848 , sum entries = 28275 . . . Used time: 0s Expected left time: 0s          
 Analyzing entries 16823 - 16851, now 16849 , sum entries = 28275 . . . Used time: 0s Expected left time: 0s          
 Analyzing entries 16823 - 16851, now 16850 , sum entries = 28275 . . . Used time: 0s Expected left time: 0s          
 Save to RootFile /extdisk/zlin/Machine_learning/RecoPlanesFeatures/CMS_herwig_HT1000to1500-preVFP_jinitpt450_600_j2pt80_120Reco/Chunk59_Part5.root . . . Used time: 0s Expected left time: 0s          
 Save to RootFile /extdisk/zlin/Machine_learning/RecoPlanesFeatures/CMS_herwig_HT1000to1500-preVFP_jinitpt450_600_j2pt80_120Reco/Chunk59_Part5.root . . . Used time: 0s Expected left time: 0s          
 Save to RootFile /extdisk/zlin/Machine_learning/RecoPlanesFeatures/CMS_herwig_HT1000to1500-preVFP_jinitpt450_600_j2pt80_120Reco/Chunk59_Part5.root . . . Used time: 0s Expected left time: 0s          
 Save to RootFile /extdisk/zlin/Machine_learning/RecoPlanesFeatures/CMS_herwig_HT1000to1500-preVFP_jinitpt450_600_j2pt80_120Reco/Chunk59_Part5.root . . . Used time: 0s Expected left time: 0s          
 Save to RootFile /extdisk/zlin/Machine_learning/RecoPlanesFeatures/CMS_herwig_HT1000to1500-preVFP_jinitpt450_600_j2pt80_120Reco/Chunk59_Part5.root . . . Used time: 0s Expected left time: 0s          
 Save to RootFile /extdisk/zlin/Machine_learning/RecoPlanesFeatures/CMS_herwig_HT1000to1500-preVFP_jinitpt450_600_j2pt80_120Reco/Chunk59_Part5.root . . . Used time: 0s Expected left time: 0s          
 Analyzing entries 16851 - 16879, now 16851 , sum entries = 28275 . . . Used time: 0s Expected left time: 0s          
 Analyzing entries 16851 - 16879, now 16852 , sum entries = 28275 . . . Used time: 0s Expected left time: 0s          
 Analyzing entries 16851 - 16879, now 16853 , sum entries = 28275 . . . Used time: 0s Expected left time: 0s          
 Analyzing entries 16851 - 16879, now 16854 , sum entries = 28275 . . . Used time: 0s Expected left time: 0s          
 Analyzing entries 16851 - 16879, now 16855 , sum entries = 28275 . . . Used time: 0s Expected left time: 0s          
 Analyzing entries 16851 - 16879, now 16856 , sum entries = 28275 . . . Used time: 0s Expected left time: 0s          
 Analyzing entries 16851 - 16879, now 16857 , sum entries = 28275 . . . Used time: 0s Expected left time: 0s          
 Analyzing entries 16851 - 16879, now 16858 , sum entries = 28275 . . . Used time: 0s Expected left time: 0s          
 Analyzing entries 16851 - 16879, now 16859 , sum entries = 28275 . . . Used time: 0s Expected left time: 0s          
 Analyzing entries 16851 - 16879, now 16860 , sum entries = 28275 . . . Used time: 0s Expected left time: 0s          
 Analyzing entries 16851 - 16879, now 16861 , sum entries = 28275 . . . Used time: 0s Expected left time: 0s          
 Analyzing entries 16851 - 16879, now 16862 , sum entries = 28275 . . . Used time: 0s Expected left time: 0s          
 Analyzing entries 16851 - 16879, now 16863 , sum entries = 28275 . . . Used time: 0s Expected left time: 0s          
 Analyzing entries 16851 - 16879, now 16864 , sum entries = 28275 . . . Used time: 0s Expected left time: 0s          
 Analyzing entries 16851 - 16879, now 16865 , sum entries = 28275 . . . Used time: 0s Expected left time: 0s          
 Analyzing entries 16851 - 16879, now 16866 , sum entries = 28275 . . . Used time: 0s Expected left time: 0s          
 Analyzing entries 16851 - 16879, now 16867 , sum entries = 28275 . . . Used time: 0s Expected left time: 0s          
 Analyzing entries 16851 - 16879, now 16868 , sum entries = 28275 . . . Used time: 0s Expected left time: 0s          
 Analyzing entries 16851 - 16879, now 16869 , sum entries = 28275 . . . Used time: 0s Expected left time: 0s          
 Analyzing entries 16851 - 16879, now 16870 , sum entries = 28275 . . . Used time: 0s Expected left time: 0s          
 Analyzing entries 16851 - 16879, now 16871 , sum entries = 28275 . . . Used time: 0s Expected left time: 0s          
 Analyzing entries 16851 - 16879, now 16872 , sum entries = 28275 . . . Used time: 0s Expected left time: 0s          
 Analyzing entries 16851 - 16879, now 16873 , sum entries = 28275 . . . Used time: 0s Expected left time: 0s          
 Analyzing entries 16851 - 16879, now 16874 , sum entries = 28275 . . . Used time: 0s Expected left time: 0s          
 Analyzing entries 16851 - 16879, now 16875 , sum entries = 28275 . . . Used time: 0s Expected left time: 0s          
 Analyzing entries 16851 - 16879, now 16876 , sum entries = 28275 . . . Used time: 0s Expected left time: 0s          
 Analyzing entries 16851 - 16879, now 16877 , sum entries = 28275 . . . Used time: 0s Expected left time: 0s          
 Analyzing entries 16851 - 16879, now 16878 , sum entries = 28275 . . . Used time: 0s Expected left time: 0s          
 Save to RootFile /extdisk/zlin/Machine_learning/RecoPlanesFeatures/CMS_herwig_HT1000to1500-preVFP_jinitpt450_600_j2pt80_120Reco/Chunk59_Part6.root . . . Used time: 0s Expected left time: 0s          
 Save to RootFile /extdisk/zlin/Machine_learning/RecoPlanesFeatures/CMS_herwig_HT1000to1500-preVFP_jinitpt450_600_j2pt80_120Reco/Chunk59_Part6.root . . . Used time: 0s Expected left time: 0s          
 Save to RootFile /extdisk/zlin/Machine_learning/RecoPlanesFeatures/CMS_herwig_HT1000to1500-preVFP_jinitpt450_600_j2pt80_120Reco/Chunk59_Part6.root . . . Used time: 0s Expected left time: 0s          
 Analyzing entries 16880 - 16908, now 16880 , sum entries = 28275 . . . Used time: 0s Expected left time: 0s          
 Analyzing entries 16880 - 16908, now 16881 , sum entries = 28275 . . . Used time: 0s Expected left time: 0s          
 Analyzing entries 16880 - 16908, now 16882 , sum entries = 28275 . . . Used time: 0s Expected left time: 0s          
 Analyzing entries 16880 - 16908, now 16883 , sum entries = 28275 . . . Used time: 0s Expected left time: 0s          
 Analyzing entries 16880 - 16908, now 16884 , sum entries = 28275 . . . Used time: 0s Expected left time: 0s          
 Analyzing entries 16880 - 16908, now 16885 , sum entries = 28275 . . . Used time: 0s Expected left time: 0s          
 Analyzing entries 16880 - 16908, now 16886 , sum entries = 28275 . . . Used time: 0s Expected left time: 0s          
 Analyzing entries 16880 - 16908, now 16887 , sum entries = 28275 . . . Used time: 0s Expected left time: 0s          
 Analyzing entries 16880 - 16908, now 16888 , sum entries = 28275 . . . Used time: 0s Expected left time: 0s          
 Analyzing entries 16880 - 16908, now 16889 , sum entries = 28275 . . . Used time: 0s Expected left time: 0s          
 Analyzing entries 16880 - 16908, now 16890 , sum entries = 28275 . . . Used time: 0s Expected left time: 0s          
 Analyzing entries 16880 - 16908, now 16891 , sum entries = 28275 . . . Used time: 0s Expected left time: 0s          
 Analyzing entries 16880 - 16908, now 16892 , sum entries = 28275 . . . Used time: 0s Expected left time: 0s          
 Analyzing entries 16880 - 16908, now 16893 , sum entries = 28275 . . . Used time: 0s Expected left time: 0s          
 Analyzing entries 16880 - 16908, now 16894 , sum entries = 28275 . . . Used time: 0s Expected left time: 0s          
 Analyzing entries 16880 - 16908, now 16895 , sum entries = 28275 . . . Used time: 0s Expected left time: 0s          
 Analyzing entries 16880 - 16908, now 16896 , sum entries = 28275 . . . Used time: 0s Expected left time: 0s          
 Analyzing entries 16880 - 16908, now 16897 , sum entries = 28275 . . . Used time: 0s Expected left time: 0s          
 Analyzing entries 16880 - 16908, now 16898 , sum entries = 28275 . . . Used time: 0s Expected left time: 0s          
 Analyzing entries 16880 - 16908, now 16899 , sum entries = 28275 . . . Used time: 0s Expected left time: 0s          
 Analyzing entries 16880 - 16908, now 16900 , sum entries = 28275 . . . Used time: 0s Expected left time: 0s          
 Analyzing entries 16880 - 16908, now 16901 , sum entries = 28275 . . . Used time: 0s Expected left time: 0s          
 Analyzing entries 16880 - 16908, now 16902 , sum entries = 28275 . . . Used time: 0s Expected left time: 0s          
 Analyzing entries 16880 - 16908, now 16903 , sum entries = 28275 . . . Used time: 0s Expected left time: 0s          
 Analyzing entries 16880 - 16908, now 16904 , sum entries = 28275 . . . Used time: 0s Expected left time: 0s          
 Analyzing entries 16880 - 16908, now 16905 , sum entries = 28275 . . . Used time: 0s Expected left time: 0s          
 Analyzing entries 16880 - 16908, now 16906 , sum entries = 28275 . . . Used time: 0s Expected left time: 0s          
 Analyzing entries 16880 - 16908, now 16907 , sum entries = 28275 . . . Used time: 0s Expected left time: 0s          
 Save to RootFile /extdisk/zlin/Machine_learning/RecoPlanesFeatures/CMS_herwig_HT1000to1500-preVFP_jinitpt450_600_j2pt80_120Reco/Chunk59_Part7.root . . . Used time: 0s Expected left time: 0s          
 Save to RootFile /extdisk/zlin/Machine_learning/RecoPlanesFeatures/CMS_herwig_HT1000to1500-preVFP_jinitpt450_600_j2pt80_120Reco/Chunk59_Part7.root . . . Used time: 0s Expected left time: 0s          
 Save to RootFile /extdisk/zlin/Machine_learning/RecoPlanesFeatures/CMS_herwig_HT1000to1500-preVFP_jinitpt450_600_j2pt80_120Reco/Chunk59_Part7.root . . . Used time: 0s Expected left time: 0s          
 Save to RootFile /extdisk/zlin/Machine_learning/RecoPlanesFeatures/CMS_herwig_HT1000to1500-preVFP_jinitpt450_600_j2pt80_120Reco/Chunk59_Part7.root . . . Used time: 0s Expected left time: 0s          
 Save to RootFile /extdisk/zlin/Machine_learning/RecoPlanesFeatures/CMS_herwig_HT1000to1500-preVFP_jinitpt450_600_j2pt80_120Reco/Chunk59_Part7.root . . . Used time: 0s Expected left time: 0s          
 Save to RootFile /extdisk/zlin/Machine_learning/RecoPlanesFeatures/CMS_herwig_HT1000to1500-preVFP_jinitpt450_600_j2pt80_120Reco/Chunk59_Part7.root . . . Used time: 0s Expected left time: 0s          
 Analyzing entries 16908 - 16936, now 16908 , sum entries = 28275 . . . Used time: 0s Expected left time: 0s          
 Analyzing entries 16908 - 16936, now 16909 , sum entries = 28275 . . . Used time: 0s Expected left time: 0s          
 Analyzing entries 16908 - 16936, now 16910 , sum entries = 28275 . . . Used time: 0s Expected left time: 0s          
 Analyzing entries 16908 - 16936, now 16911 , sum entries = 28275 . . . Used time: 0s Expected left time: 0s          
 Analyzing entries 16908 - 16936, now 16912 , sum entries = 28275 . . . Used time: 0s Expected left time: 0s          
 Analyzing entries 16908 - 16936, now 16913 , sum entries = 28275 . . . Used time: 0s Expected left time: 0s          
 Analyzing entries 16908 - 16936, now 16914 , sum entries = 28275 . . . Used time: 0s Expected left time: 0s          
 Analyzing entries 16908 - 16936, now 16915 , sum entries = 28275 . . . Used time: 0s Expected left time: 0s          
 Analyzing entries 16908 - 16936, now 16916 , sum entries = 28275 . . . Used time: 0s Expected left time: 0s          
 Analyzing entries 16908 - 16936, now 16917 , sum entries = 28275 . . . Used time: 0s Expected left time: 0s          
 Analyzing entries 16908 - 16936, now 16918 , sum entries = 28275 . . . Used time: 0s Expected left time: 0s          
 Analyzing entries 16908 - 16936, now 16919 , sum entries = 28275 . . . Used time: 0s Expected left time: 0s          
 Analyzing entries 16908 - 16936, now 16920 , sum entries = 28275 . . . Used time: 0s Expected left time: 0s          
 Analyzing entries 16908 - 16936, now 16921 , sum entries = 28275 . . . Used time: 0s Expected left time: 0s          
 Analyzing entries 16908 - 16936, now 16922 , sum entries = 28275 . . . Used time: 0s Expected left time: 0s          
 Analyzing entries 16908 - 16936, now 16923 , sum entries = 28275 . . . Used time: 0s Expected left time: 0s          
 Analyzing entries 16908 - 16936, now 16924 , sum entries = 28275 . . . Used time: 0s Expected left time: 0s          
 Analyzing entries 16908 - 16936, now 16925 , sum entries = 28275 . . . Used time: 0s Expected left time: 0s          
 Analyzing entries 16908 - 16936, now 16926 , sum entries = 28275 . . . Used time: 0s Expected left time: 0s          
 Analyzing entries 16908 - 16936, now 16927 , sum entries = 28275 . . . Used time: 0s Expected left time: 0s          
 Analyzing entries 16908 - 16936, now 16928 , sum entries = 28275 . . . Used time: 0s Expected left time: 0s          
 Analyzing entries 16908 - 16936, now 16929 , sum entries = 28275 . . . Used time: 0s Expected left time: 0s          
 Analyzing entries 16908 - 16936, now 16930 , sum entries = 28275 . . . Used time: 0s Expected left time: 0s          
 Analyzing entries 16908 - 16936, now 16931 , sum entries = 28275 . . . Used time: 0s Expected left time: 0s          
 Analyzing entries 16908 - 16936, now 16932 , sum entries = 28275 . . . Used time: 0s Expected left time: 0s          
 Analyzing entries 16908 - 16936, now 16933 , sum entries = 28275 . . . Used time: 0s Expected left time: 0s          
 Analyzing entries 16908 - 16936, now 16934 , sum entries = 28275 . . . Used time: 0s Expected left time: 0s          
 Analyzing entries 16908 - 16936, now 16935 , sum entries = 28275 . . . Used time: 0s Expected left time: 0s          
 Save to RootFile /extdisk/zlin/Machine_learning/RecoPlanesFeatures/CMS_herwig_HT1000to1500-preVFP_jinitpt450_600_j2pt80_120Reco/Chunk59_Part8.root . . . Used time: 0s Expected left time: 0s          
 Save to RootFile /extdisk/zlin/Machine_learning/RecoPlanesFeatures/CMS_herwig_HT1000to1500-preVFP_jinitpt450_600_j2pt80_120Reco/Chunk59_Part8.root . . . Used time: 0s Expected left time: 0s          
 Save to RootFile /extdisk/zlin/Machine_learning/RecoPlanesFeatures/CMS_herwig_HT1000to1500-preVFP_jinitpt450_600_j2pt80_120Reco/Chunk59_Part8.root . . . Used time: 0s Expected left time: 0s          
 Analyzing entries 16936 - 16964, now 16936 , sum entries = 28275 . . . Used time: 0s Expected left time: 0s          
 Analyzing entries 16936 - 16964, now 16937 , sum entries = 28275 . . . Used time: 0s Expected left time: 0s          
 Analyzing entries 16936 - 16964, now 16938 , sum entries = 28275 . . . Used time: 0s Expected left time: 0s          
 Analyzing entries 16936 - 16964, now 16939 , sum entries = 28275 . . . Used time: 0s Expected left time: 0s          
 Analyzing entries 16936 - 16964, now 16940 , sum entries = 28275 . . . Used time: 0s Expected left time: 0s          
 Analyzing entries 16936 - 16964, now 16941 , sum entries = 28275 . . . Used time: 0s Expected left time: 0s          
 Analyzing entries 16936 - 16964, now 16942 , sum entries = 28275 . . . Used time: 0s Expected left time: 0s          
 Analyzing entries 16936 - 16964, now 16943 , sum entries = 28275 . . . Used time: 0s Expected left time: 0s          
 Analyzing entries 16936 - 16964, now 16944 , sum entries = 28275 . . . Used time: 0s Expected left time: 0s          
 Analyzing entries 16936 - 16964, now 16945 , sum entries = 28275 . . . Used time: 0s Expected left time: 0s          
 Analyzing entries 16936 - 16964, now 16946 , sum entries = 28275 . . . Used time: 0s Expected left time: 0s          
 Analyzing entries 16936 - 16964, now 16947 , sum entries = 28275 . . . Used time: 0s Expected left time: 0s          
 Analyzing entries 16936 - 16964, now 16948 , sum entries = 28275 . . . Used time: 0s Expected left time: 0s          
 Analyzing entries 16936 - 16964, now 16949 , sum entries = 28275 . . . Used time: 0s Expected left time: 0s          
 Analyzing entries 16936 - 16964, now 16950 , sum entries = 28275 . . . Used time: 0s Expected left time: 0s          
 Analyzing entries 16936 - 16964, now 16951 , sum entries = 28275 . . . Used time: 0s Expected left time: 0s          
 Analyzing entries 16936 - 16964, now 16952 , sum entries = 28275 . . . Used time: 0s Expected left time: 0s          
 Analyzing entries 16936 - 16964, now 16953 , sum entries = 28275 . . . Used time: 0s Expected left time: 0s          
 Analyzing entries 16936 - 16964, now 16954 , sum entries = 28275 . . . Used time: 0s Expected left time: 0s          
 Analyzing entries 16936 - 16964, now 16955 , sum entries = 28275 . . . Used time: 0s Expected left time: 0s          
 Analyzing entries 16936 - 16964, now 16956 , sum entries = 28275 . . . Used time: 0s Expected left time: 0s          
 Analyzing entries 16936 - 16964, now 16957 , sum entries = 28275 . . . Used time: 0s Expected left time: 0s          
 Analyzing entries 16936 - 16964, now 16958 , sum entries = 28275 . . . Used time: 0s Expected left time: 0s          
 Analyzing entries 16936 - 16964, now 16959 , sum entries = 28275 . . . Used time: 0s Expected left time: 0s          
 Analyzing entries 16936 - 16964, now 16960 , sum entries = 28275 . . . Used time: 0s Expected left time: 0s          
 Analyzing entries 16936 - 16964, now 16961 , sum entries = 28275 . . . Used time: 0s Expected left time: 0s          
 Analyzing entries 16936 - 16964, now 16962 , sum entries = 28275 . . . Used time: 0s Expected left time: 0s          
 Analyzing entries 16936 - 16964, now 16963 , sum entries = 28275 . . . Used time: 0s Expected left time: 0s          
 Save to RootFile /extdisk/zlin/Machine_learning/RecoPlanesFeatures/CMS_herwig_HT1000to1500-preVFP_jinitpt450_600_j2pt80_120Reco/Chunk59_Part9.root . . . Used time: 0s Expected left time: 0s          
 Save to RootFile /extdisk/zlin/Machine_learning/RecoPlanesFeatures/CMS_herwig_HT1000to1500-preVFP_jinitpt450_600_j2pt80_120Reco/Chunk59_Part9.root . . . Used time: 0s Expected left time: 0s          
 Save to RootFile /extdisk/zlin/Machine_learning/RecoPlanesFeatures/CMS_herwig_HT1000to1500-preVFP_jinitpt450_600_j2pt80_120Reco/Chunk59_Part9.root . . . Used time: 0s Expected left time: 0s          
 Save to RootFile /extdisk/zlin/Machine_learning/RecoPlanesFeatures/CMS_herwig_HT1000to1500-preVFP_jinitpt450_600_j2pt80_120Reco/Chunk59_Part9.root . . . Used time: 0s Expected left time: 0s          
 Save to RootFile /extdisk/zlin/Machine_learning/RecoPlanesFeatures/CMS_herwig_HT1000to1500-preVFP_jinitpt450_600_j2pt80_120Reco/Chunk59_Part9.root . . . Used time: 0s Expected left time: 0s          
