Warning in <TFile::Init>: file /extdisk/zlin/Machine_learning/RecoPlanes/CMS_herwig_HT1000to1500-preVFP/Chunk23_Part0.root probably not closed, trying to recover
Warning in <TFile::Init>: no keys recovered, file has been made a Zombie
Warning in <TFile::Init>: file /extdisk/zlin/Machine_learning/RecoPlanes/CMS_herwig_HT1000to1500-preVFP/Chunk25_Part0.root probably not closed, trying to recover
Warning in <TFile::Init>: no keys recovered, file has been made a Zombie
Warning in <TFile::Init>: file /extdisk/zlin/Machine_learning/RecoPlanes/CMS_herwig_HT1000to1500-preVFP/Chunk35_Part0.root probably not closed, trying to recover
Info in <TFile::Recover>: /extdisk/zlin/Machine_learning/RecoPlanes/CMS_herwig_HT1000to1500-preVFP/Chunk35_Part0.root, recovered key TTree:DataInfo at address 2214506
Warning in <TFile::Init>: successfully recovered 1 keys
 Analyzing entries 15607 - 15637, now 15607 , sum entries = 30015 . . . Used time: 0s Expected left time: 0s          
 Analyzing entries 15607 - 15637, now 15608 , sum entries = 30015 . . . Used time: 0s Expected left time: 0s          
 Analyzing entries 15607 - 15637, now 15609 , sum entries = 30015 . . . Used time: 0s Expected left time: 0s          
 Analyzing entries 15607 - 15637, now 15610 , sum entries = 30015 . . . Used time: 0s Expected left time: 0s          
 Analyzing entries 15607 - 15637, now 15611 , sum entries = 30015 . . . Used time: 0s Expected left time: 0s          
 Analyzing entries 15607 - 15637, now 15612 , sum entries = 30015 . . . Used time: 0s Expected left time: 0s          
 Analyzing entries 15607 - 15637, now 15613 , sum entries = 30015 . . . Used time: 0s Expected left time: 0s          
 Analyzing entries 15607 - 15637, now 15614 , sum entries = 30015 . . . Used time: 0s Expected left time: 0s          
 Analyzing entries 15607 - 15637, now 15615 , sum entries = 30015 . . . Used time: 0s Expected left time: 0s          
 Analyzing entries 15607 - 15637, now 15616 , sum entries = 30015 . . . Used time: 0s Expected left time: 0s          
 Analyzing entries 15607 - 15637, now 15617 , sum entries = 30015 . . . Used time: 0s Expected left time: 0s          
 Analyzing entries 15607 - 15637, now 15618 , sum entries = 30015 . . . Used time: 0s Expected left time: 0s          
 Analyzing entries 15607 - 15637, now 15619 , sum entries = 30015 . . . Used time: 0s Expected left time: 0s          
 Analyzing entries 15607 - 15637, now 15620 , sum entries = 30015 . . . Used time: 0s Expected left time: 0s          
 Analyzing entries 15607 - 15637, now 15621 , sum entries = 30015 . . . Used time: 0s Expected left time: 0s          
 Analyzing entries 15607 - 15637, now 15622 , sum entries = 30015 . . . Used time: 0s Expected left time: 0s          
 Analyzing entries 15607 - 15637, now 15623 , sum entries = 30015 . . . Used time: 0s Expected left time: 0s          
 Analyzing entries 15607 - 15637, now 15624 , sum entries = 30015 . . . Used time: 0s Expected left time: 0s          
 Analyzing entries 15607 - 15637, now 15625 , sum entries = 30015 . . . Used time: 0s Expected left time: 0s          
 Analyzing entries 15607 - 15637, now 15626 , sum entries = 30015 . . . Used time: 0s Expected left time: 0s          
 Analyzing entries 15607 - 15637, now 15627 , sum entries = 30015 . . . Used time: 0s Expected left time: 0s          
 Analyzing entries 15607 - 15637, now 15628 , sum entries = 30015 . . . Used time: 0s Expected left time: 0s          
 Analyzing entries 15607 - 15637, now 15629 , sum entries = 30015 . . . Used time: 0s Expected left time: 0s          
 Analyzing entries 15607 - 15637, now 15630 , sum entries = 30015 . . . Used time: 0s Expected left time: 0s          
 Analyzing entries 15607 - 15637, now 15631 , sum entries = 30015 . . . Used time: 0s Expected left time: 0s          
 Analyzing entries 15607 - 15637, now 15632 , sum entries = 30015 . . . Used time: 0s Expected left time: 0s          
 Analyzing entries 15607 - 15637, now 15633 , sum entries = 30015 . . . Used time: 0s Expected left time: 0s          
 Analyzing entries 15607 - 15637, now 15634 , sum entries = 30015 . . . Used time: 0s Expected left time: 0s          
 Analyzing entries 15607 - 15637, now 15635 , sum entries = 30015 . . . Used time: 0s Expected left time: 0s          
 Analyzing entries 15607 - 15637, now 15636 , sum entries = 30015 . . . Used time: 0s Expected left time: 0s          
 Save to RootFile /extdisk/zlin/Machine_learning/RecoPlanesFeatures/CMS_herwig_HT1000to1500-preVFP_jinitpt450_600_j2pt80_120Reco/Chunk52_Part0.root . . . Used time: 0s Expected left time: 0s          
 Save to RootFile /extdisk/zlin/Machine_learning/RecoPlanesFeatures/CMS_herwig_HT1000to1500-preVFP_jinitpt450_600_j2pt80_120Reco/Chunk52_Part0.root . . . Used time: 0s Expected left time: 0s          
 Save to RootFile /extdisk/zlin/Machine_learning/RecoPlanesFeatures/CMS_herwig_HT1000to1500-preVFP_jinitpt450_600_j2pt80_120Reco/Chunk52_Part0.root . . . Used time: 0s Expected left time: 0s          
 Save to RootFile /extdisk/zlin/Machine_learning/RecoPlanesFeatures/CMS_herwig_HT1000to1500-preVFP_jinitpt450_600_j2pt80_120Reco/Chunk52_Part0.root . . . Used time: 0s Expected left time: 0s          
 Save to RootFile /extdisk/zlin/Machine_learning/RecoPlanesFeatures/CMS_herwig_HT1000to1500-preVFP_jinitpt450_600_j2pt80_120Reco/Chunk52_Part0.root . . . Used time: 0s Expected left time: 0s          
 Save to RootFile /extdisk/zlin/Machine_learning/RecoPlanesFeatures/CMS_herwig_HT1000to1500-preVFP_jinitpt450_600_j2pt80_120Reco/Chunk52_Part0.root . . . Used time: 0s Expected left time: 0s          
 Analyzing entries 15637 - 15667, now 15637 , sum entries = 30015 . . . Used time: 0s Expected left time: 0s          
 Analyzing entries 15637 - 15667, now 15638 , sum entries = 30015 . . . Used time: 0s Expected left time: 0s          
 Analyzing entries 15637 - 15667, now 15639 , sum entries = 30015 . . . Used time: 0s Expected left time: 0s          
 Analyzing entries 15637 - 15667, now 15640 , sum entries = 30015 . . . Used time: 0s Expected left time: 0s          
 Analyzing entries 15637 - 15667, now 15641 , sum entries = 30015 . . . Used time: 0s Expected left time: 0s          
 Analyzing entries 15637 - 15667, now 15642 , sum entries = 30015 . . . Used time: 0s Expected left time: 0s          
 Analyzing entries 15637 - 15667, now 15643 , sum entries = 30015 . . . Used time: 0s Expected left time: 0s          
 Analyzing entries 15637 - 15667, now 15644 , sum entries = 30015 . . . Used time: 0s Expected left time: 0s          
 Analyzing entries 15637 - 15667, now 15645 , sum entries = 30015 . . . Used time: 0s Expected left time: 0s          
 Analyzing entries 15637 - 15667, now 15646 , sum entries = 30015 . . . Used time: 0s Expected left time: 0s          
 Analyzing entries 15637 - 15667, now 15647 , sum entries = 30015 . . . Used time: 0s Expected left time: 0s          
 Analyzing entries 15637 - 15667, now 15648 , sum entries = 30015 . . . Used time: 0s Expected left time: 0s          
 Analyzing entries 15637 - 15667, now 15649 , sum entries = 30015 . . . Used time: 0s Expected left time: 0s          
 Analyzing entries 15637 - 15667, now 15650 , sum entries = 30015 . . . Used time: 0s Expected left time: 0s          
 Analyzing entries 15637 - 15667, now 15651 , sum entries = 30015 . . . Used time: 0s Expected left time: 0s          
 Analyzing entries 15637 - 15667, now 15652 , sum entries = 30015 . . . Used time: 0s Expected left time: 0s          
 Analyzing entries 15637 - 15667, now 15653 , sum entries = 30015 . . . Used time: 0s Expected left time: 0s          
 Analyzing entries 15637 - 15667, now 15654 , sum entries = 30015 . . . Used time: 0s Expected left time: 0s          
 Analyzing entries 15637 - 15667, now 15655 , sum entries = 30015 . . . Used time: 0s Expected left time: 0s          
 Analyzing entries 15637 - 15667, now 15656 , sum entries = 30015 . . . Used time: 0s Expected left time: 0s          
 Analyzing entries 15637 - 15667, now 15657 , sum entries = 30015 . . . Used time: 0s Expected left time: 0s          
 Analyzing entries 15637 - 15667, now 15658 , sum entries = 30015 . . . Used time: 0s Expected left time: 0s          
 Analyzing entries 15637 - 15667, now 15659 , sum entries = 30015 . . . Used time: 0s Expected left time: 0s          
 Analyzing entries 15637 - 15667, now 15660 , sum entries = 30015 . . . Used time: 0s Expected left time: 0s          
 Analyzing entries 15637 - 15667, now 15661 , sum entries = 30015 . . . Used time: 0s Expected left time: 0s          
 Analyzing entries 15637 - 15667, now 15662 , sum entries = 30015 . . . Used time: 0s Expected left time: 0s          
 Analyzing entries 15637 - 15667, now 15663 , sum entries = 30015 . . . Used time: 0s Expected left time: 0s          
 Analyzing entries 15637 - 15667, now 15664 , sum entries = 30015 . . . Used time: 0s Expected left time: 0s          
 Analyzing entries 15637 - 15667, now 15665 , sum entries = 30015 . . . Used time: 0s Expected left time: 0s          
 Analyzing entries 15637 - 15667, now 15666 , sum entries = 30015 . . . Used time: 0s Expected left time: 0s          
 Save to RootFile /extdisk/zlin/Machine_learning/RecoPlanesFeatures/CMS_herwig_HT1000to1500-preVFP_jinitpt450_600_j2pt80_120Reco/Chunk52_Part1.root . . . Used time: 0s Expected left time: 0s          
 Save to RootFile /extdisk/zlin/Machine_learning/RecoPlanesFeatures/CMS_herwig_HT1000to1500-preVFP_jinitpt450_600_j2pt80_120Reco/Chunk52_Part1.root . . . Used time: 0s Expected left time: 0s          
 Save to RootFile /extdisk/zlin/Machine_learning/RecoPlanesFeatures/CMS_herwig_HT1000to1500-preVFP_jinitpt450_600_j2pt80_120Reco/Chunk52_Part1.root . . . Used time: 0s Expected left time: 0s          
 Analyzing entries 15667 - 15697, now 15667 , sum entries = 30015 . . . Used time: 0s Expected left time: 0s          
 Analyzing entries 15667 - 15697, now 15668 , sum entries = 30015 . . . Used time: 0s Expected left time: 0s          
 Analyzing entries 15667 - 15697, now 15669 , sum entries = 30015 . . . Used time: 0s Expected left time: 0s          
 Analyzing entries 15667 - 15697, now 15670 , sum entries = 30015 . . . Used time: 0s Expected left time: 0s          
 Analyzing entries 15667 - 15697, now 15671 , sum entries = 30015 . . . Used time: 0s Expected left time: 0s          
 Analyzing entries 15667 - 15697, now 15672 , sum entries = 30015 . . . Used time: 0s Expected left time: 0s          
 Analyzing entries 15667 - 15697, now 15673 , sum entries = 30015 . . . Used time: 0s Expected left time: 0s          
 Analyzing entries 15667 - 15697, now 15674 , sum entries = 30015 . . . Used time: 0s Expected left time: 0s          
 Analyzing entries 15667 - 15697, now 15675 , sum entries = 30015 . . . Used time: 0s Expected left time: 0s          
 Analyzing entries 15667 - 15697, now 15676 , sum entries = 30015 . . . Used time: 0s Expected left time: 0s          
 Analyzing entries 15667 - 15697, now 15677 , sum entries = 30015 . . . Used time: 0s Expected left time: 0s          
 Analyzing entries 15667 - 15697, now 15678 , sum entries = 30015 . . . Used time: 0s Expected left time: 0s          
 Analyzing entries 15667 - 15697, now 15679 , sum entries = 30015 . . . Used time: 0s Expected left time: 0s          
 Analyzing entries 15667 - 15697, now 15680 , sum entries = 30015 . . . Used time: 0s Expected left time: 0s          
 Analyzing entries 15667 - 15697, now 15681 , sum entries = 30015 . . . Used time: 0s Expected left time: 0s          
 Analyzing entries 15667 - 15697, now 15682 , sum entries = 30015 . . . Used time: 0s Expected left time: 0s          
 Analyzing entries 15667 - 15697, now 15683 , sum entries = 30015 . . . Used time: 0s Expected left time: 0s          
 Analyzing entries 15667 - 15697, now 15684 , sum entries = 30015 . . . Used time: 0s Expected left time: 0s          
 Analyzing entries 15667 - 15697, now 15685 , sum entries = 30015 . . . Used time: 0s Expected left time: 0s          
 Analyzing entries 15667 - 15697, now 15686 , sum entries = 30015 . . . Used time: 0s Expected left time: 0s          
 Analyzing entries 15667 - 15697, now 15687 , sum entries = 30015 . . . Used time: 0s Expected left time: 0s          
 Analyzing entries 15667 - 15697, now 15688 , sum entries = 30015 . . . Used time: 0s Expected left time: 0s          
 Analyzing entries 15667 - 15697, now 15689 , sum entries = 30015 . . . Used time: 0s Expected left time: 0s          
 Analyzing entries 15667 - 15697, now 15690 , sum entries = 30015 . . . Used time: 0s Expected left time: 0s          
 Analyzing entries 15667 - 15697, now 15691 , sum entries = 30015 . . . Used time: 0s Expected left time: 0s          
 Analyzing entries 15667 - 15697, now 15692 , sum entries = 30015 . . . Used time: 0s Expected left time: 0s          
 Analyzing entries 15667 - 15697, now 15693 , sum entries = 30015 . . . Used time: 0s Expected left time: 0s          
 Analyzing entries 15667 - 15697, now 15694 , sum entries = 30015 . . . Used time: 0s Expected left time: 0s          
 Analyzing entries 15667 - 15697, now 15695 , sum entries = 30015 . . . Used time: 0s Expected left time: 0s          
 Analyzing entries 15667 - 15697, now 15696 , sum entries = 30015 . . . Used time: 0s Expected left time: 0s          
 Save to RootFile /extdisk/zlin/Machine_learning/RecoPlanesFeatures/CMS_herwig_HT1000to1500-preVFP_jinitpt450_600_j2pt80_120Reco/Chunk52_Part2.root . . . Used time: 0s Expected left time: 0s          
 Save to RootFile /extdisk/zlin/Machine_learning/RecoPlanesFeatures/CMS_herwig_HT1000to1500-preVFP_jinitpt450_600_j2pt80_120Reco/Chunk52_Part2.root . . . Used time: 0s Expected left time: 0s          
 Analyzing entries 15697 - 15727, now 15697 , sum entries = 30015 . . . Used time: 0s Expected left time: 0s          
 Analyzing entries 15697 - 15727, now 15698 , sum entries = 30015 . . . Used time: 0s Expected left time: 0s          
 Analyzing entries 15697 - 15727, now 15699 , sum entries = 30015 . . . Used time: 0s Expected left time: 0s          
 Analyzing entries 15697 - 15727, now 15700 , sum entries = 30015 . . . Used time: 0s Expected left time: 0s          
 Analyzing entries 15697 - 15727, now 15701 , sum entries = 30015 . . . Used time: 0s Expected left time: 0s          
 Analyzing entries 15697 - 15727, now 15702 , sum entries = 30015 . . . Used time: 0s Expected left time: 0s          
 Analyzing entries 15697 - 15727, now 15703 , sum entries = 30015 . . . Used time: 0s Expected left time: 0s          
 Analyzing entries 15697 - 15727, now 15704 , sum entries = 30015 . . . Used time: 0s Expected left time: 0s          
 Analyzing entries 15697 - 15727, now 15705 , sum entries = 30015 . . . Used time: 0s Expected left time: 0s          
 Analyzing entries 15697 - 15727, now 15706 , sum entries = 30015 . . . Used time: 0s Expected left time: 0s          
 Analyzing entries 15697 - 15727, now 15707 , sum entries = 30015 . . . Used time: 0s Expected left time: 0s          
 Analyzing entries 15697 - 15727, now 15708 , sum entries = 30015 . . . Used time: 0s Expected left time: 0s          
 Analyzing entries 15697 - 15727, now 15709 , sum entries = 30015 . . . Used time: 0s Expected left time: 0s          
 Analyzing entries 15697 - 15727, now 15710 , sum entries = 30015 . . . Used time: 0s Expected left time: 0s          
 Analyzing entries 15697 - 15727, now 15711 , sum entries = 30015 . . . Used time: 0s Expected left time: 0s          
 Analyzing entries 15697 - 15727, now 15712 , sum entries = 30015 . . . Used time: 0s Expected left time: 0s          
 Analyzing entries 15697 - 15727, now 15713 , sum entries = 30015 . . . Used time: 0s Expected left time: 0s          
 Analyzing entries 15697 - 15727, now 15714 , sum entries = 30015 . . . Used time: 0s Expected left time: 0s          
 Analyzing entries 15697 - 15727, now 15715 , sum entries = 30015 . . . Used time: 0s Expected left time: 0s          
 Analyzing entries 15697 - 15727, now 15716 , sum entries = 30015 . . . Used time: 0s Expected left time: 0s          
 Analyzing entries 15697 - 15727, now 15717 , sum entries = 30015 . . . Used time: 0s Expected left time: 0s          
 Analyzing entries 15697 - 15727, now 15718 , sum entries = 30015 . . . Used time: 0s Expected left time: 0s          
 Analyzing entries 15697 - 15727, now 15719 , sum entries = 30015 . . . Used time: 0s Expected left time: 0s          
 Analyzing entries 15697 - 15727, now 15720 , sum entries = 30015 . . . Used time: 0s Expected left time: 0s          
 Analyzing entries 15697 - 15727, now 15721 , sum entries = 30015 . . . Used time: 0s Expected left time: 0s          
 Analyzing entries 15697 - 15727, now 15722 , sum entries = 30015 . . . Used time: 0s Expected left time: 0s          
 Analyzing entries 15697 - 15727, now 15723 , sum entries = 30015 . . . Used time: 0s Expected left time: 0s          
 Analyzing entries 15697 - 15727, now 15724 , sum entries = 30015 . . . Used time: 0s Expected left time: 0s          
 Analyzing entries 15697 - 15727, now 15725 , sum entries = 30015 . . . Used time: 0s Expected left time: 0s          
 Analyzing entries 15697 - 15727, now 15726 , sum entries = 30015 . . . Used time: 0s Expected left time: 0s          
 Save to RootFile /extdisk/zlin/Machine_learning/RecoPlanesFeatures/CMS_herwig_HT1000to1500-preVFP_jinitpt450_600_j2pt80_120Reco/Chunk52_Part3.root . . . Used time: 0s Expected left time: 0s          
 Save to RootFile /extdisk/zlin/Machine_learning/RecoPlanesFeatures/CMS_herwig_HT1000to1500-preVFP_jinitpt450_600_j2pt80_120Reco/Chunk52_Part3.root . . . Used time: 0s Expected left time: 0s          
 Save to RootFile /extdisk/zlin/Machine_learning/RecoPlanesFeatures/CMS_herwig_HT1000to1500-preVFP_jinitpt450_600_j2pt80_120Reco/Chunk52_Part3.root . . . Used time: 0s Expected left time: 0s          
 Analyzing entries 15727 - 15757, now 15727 , sum entries = 30015 . . . Used time: 0s Expected left time: 0s          
 Analyzing entries 15727 - 15757, now 15728 , sum entries = 30015 . . . Used time: 0s Expected left time: 0s          
 Analyzing entries 15727 - 15757, now 15729 , sum entries = 30015 . . . Used time: 0s Expected left time: 0s          
 Analyzing entries 15727 - 15757, now 15730 , sum entries = 30015 . . . Used time: 0s Expected left time: 0s          
 Analyzing entries 15727 - 15757, now 15731 , sum entries = 30015 . . . Used time: 0s Expected left time: 0s          
 Analyzing entries 15727 - 15757, now 15732 , sum entries = 30015 . . . Used time: 0s Expected left time: 0s          
 Analyzing entries 15727 - 15757, now 15733 , sum entries = 30015 . . . Used time: 0s Expected left time: 0s          
 Analyzing entries 15727 - 15757, now 15734 , sum entries = 30015 . . . Used time: 0s Expected left time: 0s          
 Analyzing entries 15727 - 15757, now 15735 , sum entries = 30015 . . . Used time: 0s Expected left time: 0s          
 Analyzing entries 15727 - 15757, now 15736 , sum entries = 30015 . . . Used time: 0s Expected left time: 0s          
 Analyzing entries 15727 - 15757, now 15737 , sum entries = 30015 . . . Used time: 0s Expected left time: 0s          
 Analyzing entries 15727 - 15757, now 15738 , sum entries = 30015 . . . Used time: 0s Expected left time: 0s          
 Analyzing entries 15727 - 15757, now 15739 , sum entries = 30015 . . . Used time: 0s Expected left time: 0s          
 Analyzing entries 15727 - 15757, now 15740 , sum entries = 30015 . . . Used time: 0s Expected left time: 0s          
 Analyzing entries 15727 - 15757, now 15741 , sum entries = 30015 . . . Used time: 0s Expected left time: 0s          
 Analyzing entries 15727 - 15757, now 15742 , sum entries = 30015 . . . Used time: 0s Expected left time: 0s          
 Analyzing entries 15727 - 15757, now 15743 , sum entries = 30015 . . . Used time: 0s Expected left time: 0s          
 Analyzing entries 15727 - 15757, now 15744 , sum entries = 30015 . . . Used time: 0s Expected left time: 0s          
 Analyzing entries 15727 - 15757, now 15745 , sum entries = 30015 . . . Used time: 0s Expected left time: 0s          
 Analyzing entries 15727 - 15757, now 15746 , sum entries = 30015 . . . Used time: 0s Expected left time: 0s          
 Analyzing entries 15727 - 15757, now 15747 , sum entries = 30015 . . . Used time: 0s Expected left time: 0s          
 Analyzing entries 15727 - 15757, now 15748 , sum entries = 30015 . . . Used time: 0s Expected left time: 0s          
 Analyzing entries 15727 - 15757, now 15749 , sum entries = 30015 . . . Used time: 0s Expected left time: 0s          
 Analyzing entries 15727 - 15757, now 15750 , sum entries = 30015 . . . Used time: 0s Expected left time: 0s          
 Analyzing entries 15727 - 15757, now 15751 , sum entries = 30015 . . . Used time: 0s Expected left time: 0s          
 Analyzing entries 15727 - 15757, now 15752 , sum entries = 30015 . . . Used time: 0s Expected left time: 0s          
 Analyzing entries 15727 - 15757, now 15753 , sum entries = 30015 . . . Used time: 0s Expected left time: 0s          
 Analyzing entries 15727 - 15757, now 15754 , sum entries = 30015 . . . Used time: 0s Expected left time: 0s          
 Analyzing entries 15727 - 15757, now 15755 , sum entries = 30015 . . . Used time: 0s Expected left time: 0s          
 Analyzing entries 15727 - 15757, now 15756 , sum entries = 30015 . . . Used time: 0s Expected left time: 0s          
 Save to RootFile /extdisk/zlin/Machine_learning/RecoPlanesFeatures/CMS_herwig_HT1000to1500-preVFP_jinitpt450_600_j2pt80_120Reco/Chunk52_Part4.root . . . Used time: 0s Expected left time: 0s          
 Save to RootFile /extdisk/zlin/Machine_learning/RecoPlanesFeatures/CMS_herwig_HT1000to1500-preVFP_jinitpt450_600_j2pt80_120Reco/Chunk52_Part4.root . . . Used time: 0s Expected left time: 0s          
 Save to RootFile /extdisk/zlin/Machine_learning/RecoPlanesFeatures/CMS_herwig_HT1000to1500-preVFP_jinitpt450_600_j2pt80_120Reco/Chunk52_Part4.root . . . Used time: 0s Expected left time: 0s          
 Save to RootFile /extdisk/zlin/Machine_learning/RecoPlanesFeatures/CMS_herwig_HT1000to1500-preVFP_jinitpt450_600_j2pt80_120Reco/Chunk52_Part4.root . . . Used time: 0s Expected left time: 0s          
 Save to RootFile /extdisk/zlin/Machine_learning/RecoPlanesFeatures/CMS_herwig_HT1000to1500-preVFP_jinitpt450_600_j2pt80_120Reco/Chunk52_Part4.root . . . Used time: 0s Expected left time: 0s          
 Analyzing entries 15757 - 15787, now 15757 , sum entries = 30015 . . . Used time: 0s Expected left time: 0s          
 Analyzing entries 15757 - 15787, now 15758 , sum entries = 30015 . . . Used time: 0s Expected left time: 0s          
 Analyzing entries 15757 - 15787, now 15759 , sum entries = 30015 . . . Used time: 0s Expected left time: 0s          
 Analyzing entries 15757 - 15787, now 15760 , sum entries = 30015 . . . Used time: 0s Expected left time: 0s          
 Analyzing entries 15757 - 15787, now 15761 , sum entries = 30015 . . . Used time: 0s Expected left time: 0s          
 Analyzing entries 15757 - 15787, now 15762 , sum entries = 30015 . . . Used time: 0s Expected left time: 0s          
 Analyzing entries 15757 - 15787, now 15763 , sum entries = 30015 . . . Used time: 0s Expected left time: 0s          
 Analyzing entries 15757 - 15787, now 15764 , sum entries = 30015 . . . Used time: 0s Expected left time: 0s          
 Analyzing entries 15757 - 15787, now 15765 , sum entries = 30015 . . . Used time: 0s Expected left time: 0s          
 Analyzing entries 15757 - 15787, now 15766 , sum entries = 30015 . . . Used time: 0s Expected left time: 0s          
 Analyzing entries 15757 - 15787, now 15767 , sum entries = 30015 . . . Used time: 0s Expected left time: 0s          
 Analyzing entries 15757 - 15787, now 15768 , sum entries = 30015 . . . Used time: 0s Expected left time: 0s          
 Analyzing entries 15757 - 15787, now 15769 , sum entries = 30015 . . . Used time: 0s Expected left time: 0s          
 Analyzing entries 15757 - 15787, now 15770 , sum entries = 30015 . . . Used time: 0s Expected left time: 0s          
 Analyzing entries 15757 - 15787, now 15771 , sum entries = 30015 . . . Used time: 0s Expected left time: 0s          
 Analyzing entries 15757 - 15787, now 15772 , sum entries = 30015 . . . Used time: 0s Expected left time: 0s          
 Analyzing entries 15757 - 15787, now 15773 , sum entries = 30015 . . . Used time: 0s Expected left time: 0s          
 Analyzing entries 15757 - 15787, now 15774 , sum entries = 30015 . . . Used time: 0s Expected left time: 0s          
 Analyzing entries 15757 - 15787, now 15775 , sum entries = 30015 . . . Used time: 0s Expected left time: 0s          
 Analyzing entries 15757 - 15787, now 15776 , sum entries = 30015 . . . Used time: 0s Expected left time: 0s          
 Analyzing entries 15757 - 15787, now 15777 , sum entries = 30015 . . . Used time: 0s Expected left time: 0s          
 Analyzing entries 15757 - 15787, now 15778 , sum entries = 30015 . . . Used time: 0s Expected left time: 0s          
 Analyzing entries 15757 - 15787, now 15779 , sum entries = 30015 . . . Used time: 0s Expected left time: 0s          
 Analyzing entries 15757 - 15787, now 15780 , sum entries = 30015 . . . Used time: 0s Expected left time: 0s          
 Analyzing entries 15757 - 15787, now 15781 , sum entries = 30015 . . . Used time: 0s Expected left time: 0s          
 Analyzing entries 15757 - 15787, now 15782 , sum entries = 30015 . . . Used time: 0s Expected left time: 0s          
 Analyzing entries 15757 - 15787, now 15783 , sum entries = 30015 . . . Used time: 0s Expected left time: 0s          
 Analyzing entries 15757 - 15787, now 15784 , sum entries = 30015 . . . Used time: 0s Expected left time: 0s          
 Analyzing entries 15757 - 15787, now 15785 , sum entries = 30015 . . . Used time: 0s Expected left time: 0s          
 Analyzing entries 15757 - 15787, now 15786 , sum entries = 30015 . . . Used time: 0s Expected left time: 0s          
 Save to RootFile /extdisk/zlin/Machine_learning/RecoPlanesFeatures/CMS_herwig_HT1000to1500-preVFP_jinitpt450_600_j2pt80_120Reco/Chunk52_Part5.root . . . Used time: 0s Expected left time: 0s          
 Save to RootFile /extdisk/zlin/Machine_learning/RecoPlanesFeatures/CMS_herwig_HT1000to1500-preVFP_jinitpt450_600_j2pt80_120Reco/Chunk52_Part5.root . . . Used time: 0s Expected left time: 0s          
 Save to RootFile /extdisk/zlin/Machine_learning/RecoPlanesFeatures/CMS_herwig_HT1000to1500-preVFP_jinitpt450_600_j2pt80_120Reco/Chunk52_Part5.root . . . Used time: 0s Expected left time: 0s          
 Save to RootFile /extdisk/zlin/Machine_learning/RecoPlanesFeatures/CMS_herwig_HT1000to1500-preVFP_jinitpt450_600_j2pt80_120Reco/Chunk52_Part5.root . . . Used time: 0s Expected left time: 0s          
 Save to RootFile /extdisk/zlin/Machine_learning/RecoPlanesFeatures/CMS_herwig_HT1000to1500-preVFP_jinitpt450_600_j2pt80_120Reco/Chunk52_Part5.root . . . Used time: 0s Expected left time: 0s          
 Analyzing entries 15787 - 15817, now 15787 , sum entries = 30015 . . . Used time: 0s Expected left time: 0s          
 Analyzing entries 15787 - 15817, now 15788 , sum entries = 30015 . . . Used time: 0s Expected left time: 0s          
 Analyzing entries 15787 - 15817, now 15789 , sum entries = 30015 . . . Used time: 0s Expected left time: 0s          
 Analyzing entries 15787 - 15817, now 15790 , sum entries = 30015 . . . Used time: 0s Expected left time: 0s          
 Analyzing entries 15787 - 15817, now 15791 , sum entries = 30015 . . . Used time: 0s Expected left time: 0s          
 Analyzing entries 15787 - 15817, now 15792 , sum entries = 30015 . . . Used time: 0s Expected left time: 0s          
 Analyzing entries 15787 - 15817, now 15793 , sum entries = 30015 . . . Used time: 0s Expected left time: 0s          
 Analyzing entries 15787 - 15817, now 15794 , sum entries = 30015 . . . Used time: 0s Expected left time: 0s          
 Analyzing entries 15787 - 15817, now 15795 , sum entries = 30015 . . . Used time: 0s Expected left time: 0s          
 Analyzing entries 15787 - 15817, now 15796 , sum entries = 30015 . . . Used time: 0s Expected left time: 0s          
 Analyzing entries 15787 - 15817, now 15797 , sum entries = 30015 . . . Used time: 0s Expected left time: 0s          
 Analyzing entries 15787 - 15817, now 15798 , sum entries = 30015 . . . Used time: 0s Expected left time: 0s          
 Analyzing entries 15787 - 15817, now 15799 , sum entries = 30015 . . . Used time: 0s Expected left time: 0s          
 Analyzing entries 15787 - 15817, now 15800 , sum entries = 30015 . . . Used time: 0s Expected left time: 0s          
 Analyzing entries 15787 - 15817, now 15801 , sum entries = 30015 . . . Used time: 0s Expected left time: 0s          
 Analyzing entries 15787 - 15817, now 15802 , sum entries = 30015 . . . Used time: 0s Expected left time: 0s          
 Analyzing entries 15787 - 15817, now 15803 , sum entries = 30015 . . . Used time: 0s Expected left time: 0s          
 Analyzing entries 15787 - 15817, now 15804 , sum entries = 30015 . . . Used time: 0s Expected left time: 0s          
 Analyzing entries 15787 - 15817, now 15805 , sum entries = 30015 . . . Used time: 0s Expected left time: 0s          
 Analyzing entries 15787 - 15817, now 15806 , sum entries = 30015 . . . Used time: 0s Expected left time: 0s          
 Analyzing entries 15787 - 15817, now 15807 , sum entries = 30015 . . . Used time: 0s Expected left time: 0s          
 Analyzing entries 15787 - 15817, now 15808 , sum entries = 30015 . . . Used time: 0s Expected left time: 0s          
 Analyzing entries 15787 - 15817, now 15809 , sum entries = 30015 . . . Used time: 0s Expected left time: 0s          
 Analyzing entries 15787 - 15817, now 15810 , sum entries = 30015 . . . Used time: 0s Expected left time: 0s          
 Analyzing entries 15787 - 15817, now 15811 , sum entries = 30015 . . . Used time: 0s Expected left time: 0s          
 Analyzing entries 15787 - 15817, now 15812 , sum entries = 30015 . . . Used time: 0s Expected left time: 0s          
 Analyzing entries 15787 - 15817, now 15813 , sum entries = 30015 . . . Used time: 0s Expected left time: 0s          
 Analyzing entries 15787 - 15817, now 15814 , sum entries = 30015 . . . Used time: 0s Expected left time: 0s          
 Analyzing entries 15787 - 15817, now 15815 , sum entries = 30015 . . . Used time: 0s Expected left time: 0s          
 Analyzing entries 15787 - 15817, now 15816 , sum entries = 30015 . . . Used time: 0s Expected left time: 0s          
 Save to RootFile /extdisk/zlin/Machine_learning/RecoPlanesFeatures/CMS_herwig_HT1000to1500-preVFP_jinitpt450_600_j2pt80_120Reco/Chunk52_Part6.root . . . Used time: 0s Expected left time: 0s          
 Save to RootFile /extdisk/zlin/Machine_learning/RecoPlanesFeatures/CMS_herwig_HT1000to1500-preVFP_jinitpt450_600_j2pt80_120Reco/Chunk52_Part6.root . . . Used time: 0s Expected left time: 0s          
 Save to RootFile /extdisk/zlin/Machine_learning/RecoPlanesFeatures/CMS_herwig_HT1000to1500-preVFP_jinitpt450_600_j2pt80_120Reco/Chunk52_Part6.root . . . Used time: 0s Expected left time: 0s          
 Save to RootFile /extdisk/zlin/Machine_learning/RecoPlanesFeatures/CMS_herwig_HT1000to1500-preVFP_jinitpt450_600_j2pt80_120Reco/Chunk52_Part6.root . . . Used time: 0s Expected left time: 0s          
 Analyzing entries 15817 - 15847, now 15817 , sum entries = 30015 . . . Used time: 0s Expected left time: 0s          
 Analyzing entries 15817 - 15847, now 15818 , sum entries = 30015 . . . Used time: 0s Expected left time: 0s          
 Analyzing entries 15817 - 15847, now 15819 , sum entries = 30015 . . . Used time: 0s Expected left time: 0s          
 Analyzing entries 15817 - 15847, now 15820 , sum entries = 30015 . . . Used time: 0s Expected left time: 0s          
 Analyzing entries 15817 - 15847, now 15821 , sum entries = 30015 . . . Used time: 0s Expected left time: 0s          
 Analyzing entries 15817 - 15847, now 15822 , sum entries = 30015 . . . Used time: 0s Expected left time: 0s          
 Analyzing entries 15817 - 15847, now 15823 , sum entries = 30015 . . . Used time: 0s Expected left time: 0s          
 Analyzing entries 15817 - 15847, now 15824 , sum entries = 30015 . . . Used time: 0s Expected left time: 0s          
 Analyzing entries 15817 - 15847, now 15825 , sum entries = 30015 . . . Used time: 0s Expected left time: 0s          
 Analyzing entries 15817 - 15847, now 15826 , sum entries = 30015 . . . Used time: 0s Expected left time: 0s          
 Analyzing entries 15817 - 15847, now 15827 , sum entries = 30015 . . . Used time: 0s Expected left time: 0s          
 Analyzing entries 15817 - 15847, now 15828 , sum entries = 30015 . . . Used time: 0s Expected left time: 0s          
 Analyzing entries 15817 - 15847, now 15829 , sum entries = 30015 . . . Used time: 0s Expected left time: 0s          
 Analyzing entries 15817 - 15847, now 15830 , sum entries = 30015 . . . Used time: 0s Expected left time: 0s          
 Analyzing entries 15817 - 15847, now 15831 , sum entries = 30015 . . . Used time: 0s Expected left time: 0s          
 Analyzing entries 15817 - 15847, now 15832 , sum entries = 30015 . . . Used time: 0s Expected left time: 0s          
 Analyzing entries 15817 - 15847, now 15833 , sum entries = 30015 . . . Used time: 0s Expected left time: 0s          
 Analyzing entries 15817 - 15847, now 15834 , sum entries = 30015 . . . Used time: 0s Expected left time: 0s          
 Analyzing entries 15817 - 15847, now 15835 , sum entries = 30015 . . . Used time: 0s Expected left time: 0s          
 Analyzing entries 15817 - 15847, now 15836 , sum entries = 30015 . . . Used time: 0s Expected left time: 0s          
 Analyzing entries 15817 - 15847, now 15837 , sum entries = 30015 . . . Used time: 0s Expected left time: 0s          
 Analyzing entries 15817 - 15847, now 15838 , sum entries = 30015 . . . Used time: 0s Expected left time: 0s          
 Analyzing entries 15817 - 15847, now 15839 , sum entries = 30015 . . . Used time: 0s Expected left time: 0s          
 Analyzing entries 15817 - 15847, now 15840 , sum entries = 30015 . . . Used time: 0s Expected left time: 0s          
 Analyzing entries 15817 - 15847, now 15841 , sum entries = 30015 . . . Used time: 0s Expected left time: 0s          
 Analyzing entries 15817 - 15847, now 15842 , sum entries = 30015 . . . Used time: 0s Expected left time: 0s          
 Analyzing entries 15817 - 15847, now 15843 , sum entries = 30015 . . . Used time: 0s Expected left time: 0s          
 Analyzing entries 15817 - 15847, now 15844 , sum entries = 30015 . . . Used time: 0s Expected left time: 0s          
 Analyzing entries 15817 - 15847, now 15845 , sum entries = 30015 . . . Used time: 0s Expected left time: 0s          
 Analyzing entries 15817 - 15847, now 15846 , sum entries = 30015 . . . Used time: 0s Expected left time: 0s          
 Save to RootFile /extdisk/zlin/Machine_learning/RecoPlanesFeatures/CMS_herwig_HT1000to1500-preVFP_jinitpt450_600_j2pt80_120Reco/Chunk52_Part7.root . . . Used time: 0s Expected left time: 0s          
 Save to RootFile /extdisk/zlin/Machine_learning/RecoPlanesFeatures/CMS_herwig_HT1000to1500-preVFP_jinitpt450_600_j2pt80_120Reco/Chunk52_Part7.root . . . Used time: 0s Expected left time: 0s          
 Save to RootFile /extdisk/zlin/Machine_learning/RecoPlanesFeatures/CMS_herwig_HT1000to1500-preVFP_jinitpt450_600_j2pt80_120Reco/Chunk52_Part7.root . . . Used time: 0s Expected left time: 0s          
 Analyzing entries 15847 - 15877, now 15847 , sum entries = 30015 . . . Used time: 0s Expected left time: 0s          
 Analyzing entries 15847 - 15877, now 15848 , sum entries = 30015 . . . Used time: 0s Expected left time: 0s          
 Analyzing entries 15847 - 15877, now 15849 , sum entries = 30015 . . . Used time: 0s Expected left time: 0s          
 Analyzing entries 15847 - 15877, now 15850 , sum entries = 30015 . . . Used time: 0s Expected left time: 0s          
 Analyzing entries 15847 - 15877, now 15851 , sum entries = 30015 . . . Used time: 0s Expected left time: 0s          
 Analyzing entries 15847 - 15877, now 15852 , sum entries = 30015 . . . Used time: 0s Expected left time: 0s          
 Analyzing entries 15847 - 15877, now 15853 , sum entries = 30015 . . . Used time: 0s Expected left time: 0s          
 Analyzing entries 15847 - 15877, now 15854 , sum entries = 30015 . . . Used time: 0s Expected left time: 0s          
 Analyzing entries 15847 - 15877, now 15855 , sum entries = 30015 . . . Used time: 0s Expected left time: 0s          
 Analyzing entries 15847 - 15877, now 15856 , sum entries = 30015 . . . Used time: 0s Expected left time: 0s          
 Analyzing entries 15847 - 15877, now 15857 , sum entries = 30015 . . . Used time: 0s Expected left time: 0s          
 Analyzing entries 15847 - 15877, now 15858 , sum entries = 30015 . . . Used time: 0s Expected left time: 0s          
 Analyzing entries 15847 - 15877, now 15859 , sum entries = 30015 . . . Used time: 0s Expected left time: 0s          
 Analyzing entries 15847 - 15877, now 15860 , sum entries = 30015 . . . Used time: 0s Expected left time: 0s          
 Analyzing entries 15847 - 15877, now 15861 , sum entries = 30015 . . . Used time: 0s Expected left time: 0s          
 Analyzing entries 15847 - 15877, now 15862 , sum entries = 30015 . . . Used time: 0s Expected left time: 0s          
 Analyzing entries 15847 - 15877, now 15863 , sum entries = 30015 . . . Used time: 0s Expected left time: 0s          
 Analyzing entries 15847 - 15877, now 15864 , sum entries = 30015 . . . Used time: 0s Expected left time: 0s          
 Analyzing entries 15847 - 15877, now 15865 , sum entries = 30015 . . . Used time: 0s Expected left time: 0s          
 Analyzing entries 15847 - 15877, now 15866 , sum entries = 30015 . . . Used time: 0s Expected left time: 0s          
 Analyzing entries 15847 - 15877, now 15867 , sum entries = 30015 . . . Used time: 0s Expected left time: 0s          
 Analyzing entries 15847 - 15877, now 15868 , sum entries = 30015 . . . Used time: 0s Expected left time: 0s          
 Analyzing entries 15847 - 15877, now 15869 , sum entries = 30015 . . . Used time: 0s Expected left time: 0s          
 Analyzing entries 15847 - 15877, now 15870 , sum entries = 30015 . . . Used time: 0s Expected left time: 0s          
 Analyzing entries 15847 - 15877, now 15871 , sum entries = 30015 . . . Used time: 0s Expected left time: 0s          
 Analyzing entries 15847 - 15877, now 15872 , sum entries = 30015 . . . Used time: 0s Expected left time: 0s          
 Analyzing entries 15847 - 15877, now 15873 , sum entries = 30015 . . . Used time: 0s Expected left time: 0s          
 Analyzing entries 15847 - 15877, now 15874 , sum entries = 30015 . . . Used time: 0s Expected left time: 0s          
 Analyzing entries 15847 - 15877, now 15875 , sum entries = 30015 . . . Used time: 0s Expected left time: 0s          
 Analyzing entries 15847 - 15877, now 15876 , sum entries = 30015 . . . Used time: 0s Expected left time: 0s          
 Save to RootFile /extdisk/zlin/Machine_learning/RecoPlanesFeatures/CMS_herwig_HT1000to1500-preVFP_jinitpt450_600_j2pt80_120Reco/Chunk52_Part8.root . . . Used time: 0s Expected left time: 0s          
 Save to RootFile /extdisk/zlin/Machine_learning/RecoPlanesFeatures/CMS_herwig_HT1000to1500-preVFP_jinitpt450_600_j2pt80_120Reco/Chunk52_Part8.root . . . Used time: 0s Expected left time: 0s          
 Analyzing entries 15877 - 15907, now 15877 , sum entries = 30015 . . . Used time: 0s Expected left time: 0s          
 Analyzing entries 15877 - 15907, now 15878 , sum entries = 30015 . . . Used time: 0s Expected left time: 0s          
 Analyzing entries 15877 - 15907, now 15879 , sum entries = 30015 . . . Used time: 0s Expected left time: 0s          
 Analyzing entries 15877 - 15907, now 15880 , sum entries = 30015 . . . Used time: 0s Expected left time: 0s          
 Analyzing entries 15877 - 15907, now 15881 , sum entries = 30015 . . . Used time: 0s Expected left time: 0s          
 Analyzing entries 15877 - 15907, now 15882 , sum entries = 30015 . . . Used time: 0s Expected left time: 0s          
 Analyzing entries 15877 - 15907, now 15883 , sum entries = 30015 . . . Used time: 0s Expected left time: 0s          
 Analyzing entries 15877 - 15907, now 15884 , sum entries = 30015 . . . Used time: 0s Expected left time: 0s          
 Analyzing entries 15877 - 15907, now 15885 , sum entries = 30015 . . . Used time: 0s Expected left time: 0s          
 Analyzing entries 15877 - 15907, now 15886 , sum entries = 30015 . . . Used time: 0s Expected left time: 0s          
 Analyzing entries 15877 - 15907, now 15887 , sum entries = 30015 . . . Used time: 0s Expected left time: 0s          
 Analyzing entries 15877 - 15907, now 15888 , sum entries = 30015 . . . Used time: 0s Expected left time: 0s          
 Analyzing entries 15877 - 15907, now 15889 , sum entries = 30015 . . . Used time: 0s Expected left time: 0s          
 Analyzing entries 15877 - 15907, now 15890 , sum entries = 30015 . . . Used time: 0s Expected left time: 0s          
 Analyzing entries 15877 - 15907, now 15891 , sum entries = 30015 . . . Used time: 0s Expected left time: 0s          
 Analyzing entries 15877 - 15907, now 15892 , sum entries = 30015 . . . Used time: 0s Expected left time: 0s          
 Analyzing entries 15877 - 15907, now 15893 , sum entries = 30015 . . . Used time: 0s Expected left time: 0s          
 Analyzing entries 15877 - 15907, now 15894 , sum entries = 30015 . . . Used time: 0s Expected left time: 0s          
 Analyzing entries 15877 - 15907, now 15895 , sum entries = 30015 . . . Used time: 0s Expected left time: 0s          
 Analyzing entries 15877 - 15907, now 15896 , sum entries = 30015 . . . Used time: 0s Expected left time: 0s          
 Analyzing entries 15877 - 15907, now 15897 , sum entries = 30015 . . . Used time: 0s Expected left time: 0s          
 Analyzing entries 15877 - 15907, now 15898 , sum entries = 30015 . . . Used time: 0s Expected left time: 0s          
 Analyzing entries 15877 - 15907, now 15899 , sum entries = 30015 . . . Used time: 0s Expected left time: 0s          
 Analyzing entries 15877 - 15907, now 15900 , sum entries = 30015 . . . Used time: 0s Expected left time: 0s          
 Analyzing entries 15877 - 15907, now 15901 , sum entries = 30015 . . . Used time: 0s Expected left time: 0s          
 Analyzing entries 15877 - 15907, now 15902 , sum entries = 30015 . . . Used time: 0s Expected left time: 0s          
 Analyzing entries 15877 - 15907, now 15903 , sum entries = 30015 . . . Used time: 0s Expected left time: 0s          
 Analyzing entries 15877 - 15907, now 15904 , sum entries = 30015 . . . Used time: 0s Expected left time: 0s          
 Analyzing entries 15877 - 15907, now 15905 , sum entries = 30015 . . . Used time: 0s Expected left time: 0s          
 Analyzing entries 15877 - 15907, now 15906 , sum entries = 30015 . . . Used time: 0s Expected left time: 0s          
terminate called after throwing an instance of 'std::out_of_range'
  what():  vector::_M_range_check: __n (which is 0) >= this->size() (which is 0)
