Warning in <TFile::Init>: file /extdisk/zlin/Machine_learning/RecoPlanes/CMS_herwig_HT1000to1500-preVFP/Chunk19_Part0.root probably not closed, trying to recover
Warning in <TFile::Init>: no keys recovered, file has been made a Zombie
Warning in <TFile::Init>: file /extdisk/zlin/Machine_learning/RecoPlanes/CMS_herwig_HT1000to1500-preVFP/Chunk29_Part1.root probably not closed, trying to recover
Warning in <TFile::Init>: no keys recovered, file has been made a Zombie
Warning in <TFile::Init>: file /extdisk/zlin/Machine_learning/RecoPlanes/CMS_herwig_HT1000to1500-preVFP/Chunk52_Part0.root probably not closed, trying to recover
Warning in <TFile::Init>: no keys recovered, file has been made a Zombie
Warning in <TFile::Init>: file /extdisk/zlin/Machine_learning/RecoPlanes/CMS_herwig_HT1000to1500-preVFP/Chunk58_Part0.root probably not closed, trying to recover
Info in <TFile::Recover>: /extdisk/zlin/Machine_learning/RecoPlanes/CMS_herwig_HT1000to1500-preVFP/Chunk58_Part0.root, recovered key TTree:DataInfo at address 2168452
Warning in <TFile::Init>: successfully recovered 1 keys
 Analyzing entries 43926 - 43970, now 43926 , sum entries = 44370 . . . Used time: 0s Expected left time: 0s          
 Analyzing entries 43926 - 43970, now 43927 , sum entries = 44370 . . . Used time: 0s Expected left time: 0s          
 Analyzing entries 43926 - 43970, now 43928 , sum entries = 44370 . . . Used time: 0s Expected left time: 0s          
 Analyzing entries 43926 - 43970, now 43929 , sum entries = 44370 . . . Used time: 0s Expected left time: 0s          
 Analyzing entries 43926 - 43970, now 43930 , sum entries = 44370 . . . Used time: 0s Expected left time: 0s          
 Analyzing entries 43926 - 43970, now 43931 , sum entries = 44370 . . . Used time: 0s Expected left time: 0s          
 Analyzing entries 43926 - 43970, now 43932 , sum entries = 44370 . . . Used time: 0s Expected left time: 0s          
 Analyzing entries 43926 - 43970, now 43933 , sum entries = 44370 . . . Used time: 0s Expected left time: 0s          
 Analyzing entries 43926 - 43970, now 43934 , sum entries = 44370 . . . Used time: 0s Expected left time: 0s          
 Analyzing entries 43926 - 43970, now 43935 , sum entries = 44370 . . . Used time: 0s Expected left time: 0s          
 Analyzing entries 43926 - 43970, now 43936 , sum entries = 44370 . . . Used time: 0s Expected left time: 0s          
 Analyzing entries 43926 - 43970, now 43937 , sum entries = 44370 . . . Used time: 0s Expected left time: 0s          
 Analyzing entries 43926 - 43970, now 43938 , sum entries = 44370 . . . Used time: 0s Expected left time: 0s          
 Analyzing entries 43926 - 43970, now 43939 , sum entries = 44370 . . . Used time: 0s Expected left time: 0s          
 Analyzing entries 43926 - 43970, now 43940 , sum entries = 44370 . . . Used time: 0s Expected left time: 0s          
 Analyzing entries 43926 - 43970, now 43941 , sum entries = 44370 . . . Used time: 0s Expected left time: 0s          
 Analyzing entries 43926 - 43970, now 43942 , sum entries = 44370 . . . Used time: 0s Expected left time: 0s          
 Analyzing entries 43926 - 43970, now 43943 , sum entries = 44370 . . . Used time: 0s Expected left time: 0s          
 Analyzing entries 43926 - 43970, now 43944 , sum entries = 44370 . . . Used time: 0s Expected left time: 0s          
 Analyzing entries 43926 - 43970, now 43945 , sum entries = 44370 . . . Used time: 0s Expected left time: 0s          
 Analyzing entries 43926 - 43970, now 43946 , sum entries = 44370 . . . Used time: 0s Expected left time: 0s          
 Analyzing entries 43926 - 43970, now 43947 , sum entries = 44370 . . . Used time: 0s Expected left time: 0s          
 Analyzing entries 43926 - 43970, now 43948 , sum entries = 44370 . . . Used time: 0s Expected left time: 0s          
 Analyzing entries 43926 - 43970, now 43949 , sum entries = 44370 . . . Used time: 0s Expected left time: 0s          
 Analyzing entries 43926 - 43970, now 43950 , sum entries = 44370 . . . Used time: 0s Expected left time: 0s          
 Analyzing entries 43926 - 43970, now 43951 , sum entries = 44370 . . . Used time: 0s Expected left time: 0s          
 Analyzing entries 43926 - 43970, now 43952 , sum entries = 44370 . . . Used time: 0s Expected left time: 0s          
 Analyzing entries 43926 - 43970, now 43953 , sum entries = 44370 . . . Used time: 0s Expected left time: 0s          
 Analyzing entries 43926 - 43970, now 43954 , sum entries = 44370 . . . Used time: 0s Expected left time: 0s          
 Analyzing entries 43926 - 43970, now 43955 , sum entries = 44370 . . . Used time: 0s Expected left time: 0s          
 Analyzing entries 43926 - 43970, now 43956 , sum entries = 44370 . . . Used time: 0s Expected left time: 0s          
 Analyzing entries 43926 - 43970, now 43957 , sum entries = 44370 . . . Used time: 0s Expected left time: 0s          
 Analyzing entries 43926 - 43970, now 43958 , sum entries = 44370 . . . Used time: 0s Expected left time: 0s          
 Analyzing entries 43926 - 43970, now 43959 , sum entries = 44370 . . . Used time: 0s Expected left time: 0s          
 Analyzing entries 43926 - 43970, now 43960 , sum entries = 44370 . . . Used time: 0s Expected left time: 0s          
 Analyzing entries 43926 - 43970, now 43961 , sum entries = 44370 . . . Used time: 0s Expected left time: 0s          
 Analyzing entries 43926 - 43970, now 43962 , sum entries = 44370 . . . Used time: 0s Expected left time: 0s          
 Analyzing entries 43926 - 43970, now 43963 , sum entries = 44370 . . . Used time: 0s Expected left time: 0s          
 Analyzing entries 43926 - 43970, now 43964 , sum entries = 44370 . . . Used time: 0s Expected left time: 0s          
 Analyzing entries 43926 - 43970, now 43965 , sum entries = 44370 . . . Used time: 0s Expected left time: 0s          
 Analyzing entries 43926 - 43970, now 43966 , sum entries = 44370 . . . Used time: 0s Expected left time: 0s          
 Analyzing entries 43926 - 43970, now 43967 , sum entries = 44370 . . . Used time: 0s Expected left time: 0s          
 Analyzing entries 43926 - 43970, now 43968 , sum entries = 44370 . . . Used time: 0s Expected left time: 0s          
 Analyzing entries 43926 - 43970, now 43969 , sum entries = 44370 . . . Used time: 0s Expected left time: 0s          
 Save to RootFile /extdisk/zlin/Machine_learning/RecoPlanesFeatures/CMS_herwig_HT1000to1500-preVFP_jinitpt450_600_j2pt80_120Reco/Chunk99_Part0.root . . . Used time: 0s Expected left time: 0s          
 Save to RootFile /extdisk/zlin/Machine_learning/RecoPlanesFeatures/CMS_herwig_HT1000to1500-preVFP_jinitpt450_600_j2pt80_120Reco/Chunk99_Part0.root . . . Used time: 0s Expected left time: 0s          
 Save to RootFile /extdisk/zlin/Machine_learning/RecoPlanesFeatures/CMS_herwig_HT1000to1500-preVFP_jinitpt450_600_j2pt80_120Reco/Chunk99_Part0.root . . . Used time: 0s Expected left time: 0s          
 Save to RootFile /extdisk/zlin/Machine_learning/RecoPlanesFeatures/CMS_herwig_HT1000to1500-preVFP_jinitpt450_600_j2pt80_120Reco/Chunk99_Part0.root . . . Used time: 0s Expected left time: 0s          
 Save to RootFile /extdisk/zlin/Machine_learning/RecoPlanesFeatures/CMS_herwig_HT1000to1500-preVFP_jinitpt450_600_j2pt80_120Reco/Chunk99_Part0.root . . . Used time: 0s Expected left time: 0s          
 Save to RootFile /extdisk/zlin/Machine_learning/RecoPlanesFeatures/CMS_herwig_HT1000to1500-preVFP_jinitpt450_600_j2pt80_120Reco/Chunk99_Part0.root . . . Used time: 0s Expected left time: 0s          
 Save to RootFile /extdisk/zlin/Machine_learning/RecoPlanesFeatures/CMS_herwig_HT1000to1500-preVFP_jinitpt450_600_j2pt80_120Reco/Chunk99_Part0.root . . . Used time: 0s Expected left time: 0s          
 Save to RootFile /extdisk/zlin/Machine_learning/RecoPlanesFeatures/CMS_herwig_HT1000to1500-preVFP_jinitpt450_600_j2pt80_120Reco/Chunk99_Part0.root . . . Used time: 0s Expected left time: 0s          
 Analyzing entries 43970 - 44014, now 43970 , sum entries = 44370 . . . Used time: 0s Expected left time: 0s          
 Analyzing entries 43970 - 44014, now 43971 , sum entries = 44370 . . . Used time: 0s Expected left time: 0s          
 Analyzing entries 43970 - 44014, now 43972 , sum entries = 44370 . . . Used time: 0s Expected left time: 0s          
 Analyzing entries 43970 - 44014, now 43973 , sum entries = 44370 . . . Used time: 0s Expected left time: 0s          
 Analyzing entries 43970 - 44014, now 43974 , sum entries = 44370 . . . Used time: 0s Expected left time: 0s          
 Analyzing entries 43970 - 44014, now 43975 , sum entries = 44370 . . . Used time: 0s Expected left time: 0s          
 Analyzing entries 43970 - 44014, now 43976 , sum entries = 44370 . . . Used time: 0s Expected left time: 0s          
 Analyzing entries 43970 - 44014, now 43977 , sum entries = 44370 . . . Used time: 0s Expected left time: 0s          
 Analyzing entries 43970 - 44014, now 43978 , sum entries = 44370 . . . Used time: 0s Expected left time: 0s          
 Analyzing entries 43970 - 44014, now 43979 , sum entries = 44370 . . . Used time: 0s Expected left time: 0s          
 Analyzing entries 43970 - 44014, now 43980 , sum entries = 44370 . . . Used time: 0s Expected left time: 0s          
 Analyzing entries 43970 - 44014, now 43981 , sum entries = 44370 . . . Used time: 0s Expected left time: 0s          
 Analyzing entries 43970 - 44014, now 43982 , sum entries = 44370 . . . Used time: 0s Expected left time: 0s          
 Analyzing entries 43970 - 44014, now 43983 , sum entries = 44370 . . . Used time: 0s Expected left time: 0s          
 Analyzing entries 43970 - 44014, now 43984 , sum entries = 44370 . . . Used time: 0s Expected left time: 0s          
 Analyzing entries 43970 - 44014, now 43985 , sum entries = 44370 . . . Used time: 0s Expected left time: 0s          
 Analyzing entries 43970 - 44014, now 43986 , sum entries = 44370 . . . Used time: 0s Expected left time: 0s          
 Analyzing entries 43970 - 44014, now 43987 , sum entries = 44370 . . . Used time: 0s Expected left time: 0s          
 Analyzing entries 43970 - 44014, now 43988 , sum entries = 44370 . . . Used time: 0s Expected left time: 0s          
 Analyzing entries 43970 - 44014, now 43989 , sum entries = 44370 . . . Used time: 0s Expected left time: 0s          
 Analyzing entries 43970 - 44014, now 43990 , sum entries = 44370 . . . Used time: 0s Expected left time: 0s          
 Analyzing entries 43970 - 44014, now 43991 , sum entries = 44370 . . . Used time: 0s Expected left time: 0s          
 Analyzing entries 43970 - 44014, now 43992 , sum entries = 44370 . . . Used time: 0s Expected left time: 0s          
 Analyzing entries 43970 - 44014, now 43993 , sum entries = 44370 . . . Used time: 0s Expected left time: 0s          
 Analyzing entries 43970 - 44014, now 43994 , sum entries = 44370 . . . Used time: 0s Expected left time: 0s          
 Analyzing entries 43970 - 44014, now 43995 , sum entries = 44370 . . . Used time: 0s Expected left time: 0s          
 Analyzing entries 43970 - 44014, now 43996 , sum entries = 44370 . . . Used time: 0s Expected left time: 0s          
 Analyzing entries 43970 - 44014, now 43997 , sum entries = 44370 . . . Used time: 0s Expected left time: 0s          
 Analyzing entries 43970 - 44014, now 43998 , sum entries = 44370 . . . Used time: 0s Expected left time: 0s          
 Analyzing entries 43970 - 44014, now 43999 , sum entries = 44370 . . . Used time: 0s Expected left time: 0s          
 Analyzing entries 43970 - 44014, now 44000 , sum entries = 44370 . . . Used time: 0s Expected left time: 0s          
 Analyzing entries 43970 - 44014, now 44001 , sum entries = 44370 . . . Used time: 0s Expected left time: 0s          
 Analyzing entries 43970 - 44014, now 44002 , sum entries = 44370 . . . Used time: 0s Expected left time: 0s          
 Analyzing entries 43970 - 44014, now 44003 , sum entries = 44370 . . . Used time: 0s Expected left time: 0s          
 Analyzing entries 43970 - 44014, now 44004 , sum entries = 44370 . . . Used time: 0s Expected left time: 0s          
 Analyzing entries 43970 - 44014, now 44005 , sum entries = 44370 . . . Used time: 0s Expected left time: 0s          
 Analyzing entries 43970 - 44014, now 44006 , sum entries = 44370 . . . Used time: 0s Expected left time: 0s          
 Analyzing entries 43970 - 44014, now 44007 , sum entries = 44370 . . . Used time: 0s Expected left time: 0s          
 Analyzing entries 43970 - 44014, now 44008 , sum entries = 44370 . . . Used time: 0s Expected left time: 0s          
 Analyzing entries 43970 - 44014, now 44009 , sum entries = 44370 . . . Used time: 0s Expected left time: 0s          
 Analyzing entries 43970 - 44014, now 44010 , sum entries = 44370 . . . Used time: 0s Expected left time: 0s          
 Analyzing entries 43970 - 44014, now 44011 , sum entries = 44370 . . . Used time: 0s Expected left time: 0s          
 Analyzing entries 43970 - 44014, now 44012 , sum entries = 44370 . . . Used time: 0s Expected left time: 0s          
 Analyzing entries 43970 - 44014, now 44013 , sum entries = 44370 . . . Used time: 0s Expected left time: 0s          
 Save to RootFile /extdisk/zlin/Machine_learning/RecoPlanesFeatures/CMS_herwig_HT1000to1500-preVFP_jinitpt450_600_j2pt80_120Reco/Chunk99_Part1.root . . . Used time: 0s Expected left time: 0s          
 Save to RootFile /extdisk/zlin/Machine_learning/RecoPlanesFeatures/CMS_herwig_HT1000to1500-preVFP_jinitpt450_600_j2pt80_120Reco/Chunk99_Part1.root . . . Used time: 0s Expected left time: 0s          
 Save to RootFile /extdisk/zlin/Machine_learning/RecoPlanesFeatures/CMS_herwig_HT1000to1500-preVFP_jinitpt450_600_j2pt80_120Reco/Chunk99_Part1.root . . . Used time: 0s Expected left time: 0s          
 Save to RootFile /extdisk/zlin/Machine_learning/RecoPlanesFeatures/CMS_herwig_HT1000to1500-preVFP_jinitpt450_600_j2pt80_120Reco/Chunk99_Part1.root . . . Used time: 0s Expected left time: 0s          
 Save to RootFile /extdisk/zlin/Machine_learning/RecoPlanesFeatures/CMS_herwig_HT1000to1500-preVFP_jinitpt450_600_j2pt80_120Reco/Chunk99_Part1.root . . . Used time: 0s Expected left time: 0s          
 Save to RootFile /extdisk/zlin/Machine_learning/RecoPlanesFeatures/CMS_herwig_HT1000to1500-preVFP_jinitpt450_600_j2pt80_120Reco/Chunk99_Part1.root . . . Used time: 0s Expected left time: 0s          
 Analyzing entries 44015 - 44059, now 44015 , sum entries = 44370 . . . Used time: 0s Expected left time: 0s          
 Analyzing entries 44015 - 44059, now 44016 , sum entries = 44370 . . . Used time: 0s Expected left time: 0s          
 Analyzing entries 44015 - 44059, now 44017 , sum entries = 44370 . . . Used time: 0s Expected left time: 0s          
 Analyzing entries 44015 - 44059, now 44018 , sum entries = 44370 . . . Used time: 0s Expected left time: 0s          
 Analyzing entries 44015 - 44059, now 44019 , sum entries = 44370 . . . Used time: 0s Expected left time: 0s          
 Analyzing entries 44015 - 44059, now 44020 , sum entries = 44370 . . . Used time: 0s Expected left time: 0s          
 Analyzing entries 44015 - 44059, now 44021 , sum entries = 44370 . . . Used time: 0s Expected left time: 0s          
 Analyzing entries 44015 - 44059, now 44022 , sum entries = 44370 . . . Used time: 0s Expected left time: 0s          
 Analyzing entries 44015 - 44059, now 44023 , sum entries = 44370 . . . Used time: 0s Expected left time: 0s          
 Analyzing entries 44015 - 44059, now 44024 , sum entries = 44370 . . . Used time: 0s Expected left time: 0s          
 Analyzing entries 44015 - 44059, now 44025 , sum entries = 44370 . . . Used time: 0s Expected left time: 0s          
 Analyzing entries 44015 - 44059, now 44026 , sum entries = 44370 . . . Used time: 0s Expected left time: 0s          
 Analyzing entries 44015 - 44059, now 44027 , sum entries = 44370 . . . Used time: 0s Expected left time: 0s          
 Analyzing entries 44015 - 44059, now 44028 , sum entries = 44370 . . . Used time: 0s Expected left time: 0s          
 Analyzing entries 44015 - 44059, now 44029 , sum entries = 44370 . . . Used time: 0s Expected left time: 0s          
 Analyzing entries 44015 - 44059, now 44030 , sum entries = 44370 . . . Used time: 0s Expected left time: 0s          
 Analyzing entries 44015 - 44059, now 44031 , sum entries = 44370 . . . Used time: 0s Expected left time: 0s          
 Analyzing entries 44015 - 44059, now 44032 , sum entries = 44370 . . . Used time: 0s Expected left time: 0s          
 Analyzing entries 44015 - 44059, now 44033 , sum entries = 44370 . . . Used time: 0s Expected left time: 0s          
 Analyzing entries 44015 - 44059, now 44034 , sum entries = 44370 . . . Used time: 0s Expected left time: 0s          
 Analyzing entries 44015 - 44059, now 44035 , sum entries = 44370 . . . Used time: 0s Expected left time: 0s          
 Analyzing entries 44015 - 44059, now 44036 , sum entries = 44370 . . . Used time: 0s Expected left time: 0s          
 Analyzing entries 44015 - 44059, now 44037 , sum entries = 44370 . . . Used time: 0s Expected left time: 0s          
 Analyzing entries 44015 - 44059, now 44038 , sum entries = 44370 . . . Used time: 0s Expected left time: 0s          
 Analyzing entries 44015 - 44059, now 44039 , sum entries = 44370 . . . Used time: 0s Expected left time: 0s          
 Analyzing entries 44015 - 44059, now 44040 , sum entries = 44370 . . . Used time: 0s Expected left time: 0s          
 Analyzing entries 44015 - 44059, now 44041 , sum entries = 44370 . . . Used time: 0s Expected left time: 0s          
 Analyzing entries 44015 - 44059, now 44042 , sum entries = 44370 . . . Used time: 0s Expected left time: 0s          
 Analyzing entries 44015 - 44059, now 44043 , sum entries = 44370 . . . Used time: 0s Expected left time: 0s          
 Analyzing entries 44015 - 44059, now 44044 , sum entries = 44370 . . . Used time: 0s Expected left time: 0s          
 Analyzing entries 44015 - 44059, now 44045 , sum entries = 44370 . . . Used time: 0s Expected left time: 0s          
 Analyzing entries 44015 - 44059, now 44046 , sum entries = 44370 . . . Used time: 0s Expected left time: 0s          
 Analyzing entries 44015 - 44059, now 44047 , sum entries = 44370 . . . Used time: 0s Expected left time: 0s          
 Analyzing entries 44015 - 44059, now 44048 , sum entries = 44370 . . . Used time: 0s Expected left time: 0s          
 Analyzing entries 44015 - 44059, now 44049 , sum entries = 44370 . . . Used time: 0s Expected left time: 0s          
 Analyzing entries 44015 - 44059, now 44050 , sum entries = 44370 . . . Used time: 0s Expected left time: 0s          
 Analyzing entries 44015 - 44059, now 44051 , sum entries = 44370 . . . Used time: 0s Expected left time: 0s          
 Analyzing entries 44015 - 44059, now 44052 , sum entries = 44370 . . . Used time: 0s Expected left time: 0s          
 Analyzing entries 44015 - 44059, now 44053 , sum entries = 44370 . . . Used time: 0s Expected left time: 0s          
 Analyzing entries 44015 - 44059, now 44054 , sum entries = 44370 . . . Used time: 0s Expected left time: 0s          
 Analyzing entries 44015 - 44059, now 44055 , sum entries = 44370 . . . Used time: 0s Expected left time: 0s          
 Analyzing entries 44015 - 44059, now 44056 , sum entries = 44370 . . . Used time: 0s Expected left time: 0s          
 Analyzing entries 44015 - 44059, now 44057 , sum entries = 44370 . . . Used time: 0s Expected left time: 0s          
 Analyzing entries 44015 - 44059, now 44058 , sum entries = 44370 . . . Used time: 0s Expected left time: 0s          
 Save to RootFile /extdisk/zlin/Machine_learning/RecoPlanesFeatures/CMS_herwig_HT1000to1500-preVFP_jinitpt450_600_j2pt80_120Reco/Chunk99_Part2.root . . . Used time: 0s Expected left time: 0s          
 Save to RootFile /extdisk/zlin/Machine_learning/RecoPlanesFeatures/CMS_herwig_HT1000to1500-preVFP_jinitpt450_600_j2pt80_120Reco/Chunk99_Part2.root . . . Used time: 0s Expected left time: 0s          
 Save to RootFile /extdisk/zlin/Machine_learning/RecoPlanesFeatures/CMS_herwig_HT1000to1500-preVFP_jinitpt450_600_j2pt80_120Reco/Chunk99_Part2.root . . . Used time: 0s Expected left time: 0s          
 Save to RootFile /extdisk/zlin/Machine_learning/RecoPlanesFeatures/CMS_herwig_HT1000to1500-preVFP_jinitpt450_600_j2pt80_120Reco/Chunk99_Part2.root . . . Used time: 0s Expected left time: 0s          
 Save to RootFile /extdisk/zlin/Machine_learning/RecoPlanesFeatures/CMS_herwig_HT1000to1500-preVFP_jinitpt450_600_j2pt80_120Reco/Chunk99_Part2.root . . . Used time: 0s Expected left time: 0s          
 Save to RootFile /extdisk/zlin/Machine_learning/RecoPlanesFeatures/CMS_herwig_HT1000to1500-preVFP_jinitpt450_600_j2pt80_120Reco/Chunk99_Part2.root . . . Used time: 0s Expected left time: 0s          
 Save to RootFile /extdisk/zlin/Machine_learning/RecoPlanesFeatures/CMS_herwig_HT1000to1500-preVFP_jinitpt450_600_j2pt80_120Reco/Chunk99_Part2.root . . . Used time: 0s Expected left time: 0s          
 Save to RootFile /extdisk/zlin/Machine_learning/RecoPlanesFeatures/CMS_herwig_HT1000to1500-preVFP_jinitpt450_600_j2pt80_120Reco/Chunk99_Part2.root . . . Used time: 0s Expected left time: 0s          
 Analyzing entries 44059 - 44103, now 44059 , sum entries = 44370 . . . Used time: 0s Expected left time: 0s          
 Analyzing entries 44059 - 44103, now 44060 , sum entries = 44370 . . . Used time: 0s Expected left time: 0s          
 Analyzing entries 44059 - 44103, now 44061 , sum entries = 44370 . . . Used time: 0s Expected left time: 0s          
 Analyzing entries 44059 - 44103, now 44062 , sum entries = 44370 . . . Used time: 0s Expected left time: 0s          
 Analyzing entries 44059 - 44103, now 44063 , sum entries = 44370 . . . Used time: 0s Expected left time: 0s          
 Analyzing entries 44059 - 44103, now 44064 , sum entries = 44370 . . . Used time: 0s Expected left time: 0s          
 Analyzing entries 44059 - 44103, now 44065 , sum entries = 44370 . . . Used time: 0s Expected left time: 0s          
 Analyzing entries 44059 - 44103, now 44066 , sum entries = 44370 . . . Used time: 0s Expected left time: 0s          
 Analyzing entries 44059 - 44103, now 44067 , sum entries = 44370 . . . Used time: 0s Expected left time: 0s          
 Analyzing entries 44059 - 44103, now 44068 , sum entries = 44370 . . . Used time: 0s Expected left time: 0s          
 Analyzing entries 44059 - 44103, now 44069 , sum entries = 44370 . . . Used time: 0s Expected left time: 0s          
 Analyzing entries 44059 - 44103, now 44070 , sum entries = 44370 . . . Used time: 0s Expected left time: 0s          
 Analyzing entries 44059 - 44103, now 44071 , sum entries = 44370 . . . Used time: 0s Expected left time: 0s          
 Analyzing entries 44059 - 44103, now 44072 , sum entries = 44370 . . . Used time: 0s Expected left time: 0s          
 Analyzing entries 44059 - 44103, now 44073 , sum entries = 44370 . . . Used time: 0s Expected left time: 0s          
 Analyzing entries 44059 - 44103, now 44074 , sum entries = 44370 . . . Used time: 0s Expected left time: 0s          
 Analyzing entries 44059 - 44103, now 44075 , sum entries = 44370 . . . Used time: 0s Expected left time: 0s          
 Analyzing entries 44059 - 44103, now 44076 , sum entries = 44370 . . . Used time: 0s Expected left time: 0s          
 Analyzing entries 44059 - 44103, now 44077 , sum entries = 44370 . . . Used time: 0s Expected left time: 0s          
 Analyzing entries 44059 - 44103, now 44078 , sum entries = 44370 . . . Used time: 0s Expected left time: 0s          
 Analyzing entries 44059 - 44103, now 44079 , sum entries = 44370 . . . Used time: 0s Expected left time: 0s          
 Analyzing entries 44059 - 44103, now 44080 , sum entries = 44370 . . . Used time: 0s Expected left time: 0s          
 Analyzing entries 44059 - 44103, now 44081 , sum entries = 44370 . . . Used time: 0s Expected left time: 0s          
 Analyzing entries 44059 - 44103, now 44082 , sum entries = 44370 . . . Used time: 0s Expected left time: 0s          
 Analyzing entries 44059 - 44103, now 44083 , sum entries = 44370 . . . Used time: 0s Expected left time: 0s          
 Analyzing entries 44059 - 44103, now 44084 , sum entries = 44370 . . . Used time: 0s Expected left time: 0s          
 Analyzing entries 44059 - 44103, now 44085 , sum entries = 44370 . . . Used time: 0s Expected left time: 0s          
 Analyzing entries 44059 - 44103, now 44086 , sum entries = 44370 . . . Used time: 0s Expected left time: 0s          
 Analyzing entries 44059 - 44103, now 44087 , sum entries = 44370 . . . Used time: 0s Expected left time: 0s          
 Analyzing entries 44059 - 44103, now 44088 , sum entries = 44370 . . . Used time: 0s Expected left time: 0s          
 Analyzing entries 44059 - 44103, now 44089 , sum entries = 44370 . . . Used time: 0s Expected left time: 0s          
 Analyzing entries 44059 - 44103, now 44090 , sum entries = 44370 . . . Used time: 0s Expected left time: 0s          
 Analyzing entries 44059 - 44103, now 44091 , sum entries = 44370 . . . Used time: 0s Expected left time: 0s          
 Analyzing entries 44059 - 44103, now 44092 , sum entries = 44370 . . . Used time: 0s Expected left time: 0s          
 Analyzing entries 44059 - 44103, now 44093 , sum entries = 44370 . . . Used time: 0s Expected left time: 0s          
 Analyzing entries 44059 - 44103, now 44094 , sum entries = 44370 . . . Used time: 0s Expected left time: 0s          
 Analyzing entries 44059 - 44103, now 44095 , sum entries = 44370 . . . Used time: 0s Expected left time: 0s          
 Analyzing entries 44059 - 44103, now 44096 , sum entries = 44370 . . . Used time: 0s Expected left time: 0s          
 Analyzing entries 44059 - 44103, now 44097 , sum entries = 44370 . . . Used time: 0s Expected left time: 0s          
 Analyzing entries 44059 - 44103, now 44098 , sum entries = 44370 . . . Used time: 0s Expected left time: 0s          
 Analyzing entries 44059 - 44103, now 44099 , sum entries = 44370 . . . Used time: 0s Expected left time: 0s          
 Analyzing entries 44059 - 44103, now 44100 , sum entries = 44370 . . . Used time: 0s Expected left time: 0s          
 Analyzing entries 44059 - 44103, now 44101 , sum entries = 44370 . . . Used time: 0s Expected left time: 0s          
 Analyzing entries 44059 - 44103, now 44102 , sum entries = 44370 . . . Used time: 0s Expected left time: 0s          
 Save to RootFile /extdisk/zlin/Machine_learning/RecoPlanesFeatures/CMS_herwig_HT1000to1500-preVFP_jinitpt450_600_j2pt80_120Reco/Chunk99_Part3.root . . . Used time: 0s Expected left time: 0s          
 Save to RootFile /extdisk/zlin/Machine_learning/RecoPlanesFeatures/CMS_herwig_HT1000to1500-preVFP_jinitpt450_600_j2pt80_120Reco/Chunk99_Part3.root . . . Used time: 0s Expected left time: 0s          
 Save to RootFile /extdisk/zlin/Machine_learning/RecoPlanesFeatures/CMS_herwig_HT1000to1500-preVFP_jinitpt450_600_j2pt80_120Reco/Chunk99_Part3.root . . . Used time: 0s Expected left time: 0s          
 Save to RootFile /extdisk/zlin/Machine_learning/RecoPlanesFeatures/CMS_herwig_HT1000to1500-preVFP_jinitpt450_600_j2pt80_120Reco/Chunk99_Part3.root . . . Used time: 0s Expected left time: 0s          
 Save to RootFile /extdisk/zlin/Machine_learning/RecoPlanesFeatures/CMS_herwig_HT1000to1500-preVFP_jinitpt450_600_j2pt80_120Reco/Chunk99_Part3.root . . . Used time: 0s Expected left time: 0s          
 Analyzing entries 44103 - 44147, now 44103 , sum entries = 44370 . . . Used time: 0s Expected left time: 0s          
 Analyzing entries 44103 - 44147, now 44104 , sum entries = 44370 . . . Used time: 0s Expected left time: 0s          
 Analyzing entries 44103 - 44147, now 44105 , sum entries = 44370 . . . Used time: 0s Expected left time: 0s          
 Analyzing entries 44103 - 44147, now 44106 , sum entries = 44370 . . . Used time: 0s Expected left time: 0s          
 Analyzing entries 44103 - 44147, now 44107 , sum entries = 44370 . . . Used time: 0s Expected left time: 0s          
 Analyzing entries 44103 - 44147, now 44108 , sum entries = 44370 . . . Used time: 0s Expected left time: 0s          
 Analyzing entries 44103 - 44147, now 44109 , sum entries = 44370 . . . Used time: 0s Expected left time: 0s          
 Analyzing entries 44103 - 44147, now 44110 , sum entries = 44370 . . . Used time: 0s Expected left time: 0s          
 Analyzing entries 44103 - 44147, now 44111 , sum entries = 44370 . . . Used time: 0s Expected left time: 0s          
 Analyzing entries 44103 - 44147, now 44112 , sum entries = 44370 . . . Used time: 0s Expected left time: 0s          
 Analyzing entries 44103 - 44147, now 44113 , sum entries = 44370 . . . Used time: 0s Expected left time: 0s          
 Analyzing entries 44103 - 44147, now 44114 , sum entries = 44370 . . . Used time: 0s Expected left time: 0s          
 Analyzing entries 44103 - 44147, now 44115 , sum entries = 44370 . . . Used time: 0s Expected left time: 0s          
 Analyzing entries 44103 - 44147, now 44116 , sum entries = 44370 . . . Used time: 0s Expected left time: 0s          
 Analyzing entries 44103 - 44147, now 44117 , sum entries = 44370 . . . Used time: 0s Expected left time: 0s          
 Analyzing entries 44103 - 44147, now 44118 , sum entries = 44370 . . . Used time: 0s Expected left time: 0s          
 Analyzing entries 44103 - 44147, now 44119 , sum entries = 44370 . . . Used time: 0s Expected left time: 0s          
 Analyzing entries 44103 - 44147, now 44120 , sum entries = 44370 . . . Used time: 0s Expected left time: 0s          
 Analyzing entries 44103 - 44147, now 44121 , sum entries = 44370 . . . Used time: 0s Expected left time: 0s          
 Analyzing entries 44103 - 44147, now 44122 , sum entries = 44370 . . . Used time: 0s Expected left time: 0s          
 Analyzing entries 44103 - 44147, now 44123 , sum entries = 44370 . . . Used time: 0s Expected left time: 0s          
 Analyzing entries 44103 - 44147, now 44124 , sum entries = 44370 . . . Used time: 0s Expected left time: 0s          
 Analyzing entries 44103 - 44147, now 44125 , sum entries = 44370 . . . Used time: 0s Expected left time: 0s          
 Analyzing entries 44103 - 44147, now 44126 , sum entries = 44370 . . . Used time: 0s Expected left time: 0s          
 Analyzing entries 44103 - 44147, now 44127 , sum entries = 44370 . . . Used time: 0s Expected left time: 0s          
 Analyzing entries 44103 - 44147, now 44128 , sum entries = 44370 . . . Used time: 0s Expected left time: 0s          
 Analyzing entries 44103 - 44147, now 44129 , sum entries = 44370 . . . Used time: 0s Expected left time: 0s          
 Analyzing entries 44103 - 44147, now 44130 , sum entries = 44370 . . . Used time: 0s Expected left time: 0s          
 Analyzing entries 44103 - 44147, now 44131 , sum entries = 44370 . . . Used time: 0s Expected left time: 0s          
 Analyzing entries 44103 - 44147, now 44132 , sum entries = 44370 . . . Used time: 0s Expected left time: 0s          
 Analyzing entries 44103 - 44147, now 44133 , sum entries = 44370 . . . Used time: 0s Expected left time: 0s          
 Analyzing entries 44103 - 44147, now 44134 , sum entries = 44370 . . . Used time: 0s Expected left time: 0s          
 Analyzing entries 44103 - 44147, now 44135 , sum entries = 44370 . . . Used time: 0s Expected left time: 0s          
 Analyzing entries 44103 - 44147, now 44136 , sum entries = 44370 . . . Used time: 0s Expected left time: 0s          
 Analyzing entries 44103 - 44147, now 44137 , sum entries = 44370 . . . Used time: 0s Expected left time: 0s          
 Analyzing entries 44103 - 44147, now 44138 , sum entries = 44370 . . . Used time: 0s Expected left time: 0s          
 Analyzing entries 44103 - 44147, now 44139 , sum entries = 44370 . . . Used time: 0s Expected left time: 0s          
 Analyzing entries 44103 - 44147, now 44140 , sum entries = 44370 . . . Used time: 0s Expected left time: 0s          
 Analyzing entries 44103 - 44147, now 44141 , sum entries = 44370 . . . Used time: 0s Expected left time: 0s          
 Analyzing entries 44103 - 44147, now 44142 , sum entries = 44370 . . . Used time: 0s Expected left time: 0s          
 Analyzing entries 44103 - 44147, now 44143 , sum entries = 44370 . . . Used time: 0s Expected left time: 0s          
 Analyzing entries 44103 - 44147, now 44144 , sum entries = 44370 . . . Used time: 0s Expected left time: 0s          
 Analyzing entries 44103 - 44147, now 44145 , sum entries = 44370 . . . Used time: 0s Expected left time: 0s          
 Analyzing entries 44103 - 44147, now 44146 , sum entries = 44370 . . . Used time: 0s Expected left time: 0s          
 Save to RootFile /extdisk/zlin/Machine_learning/RecoPlanesFeatures/CMS_herwig_HT1000to1500-preVFP_jinitpt450_600_j2pt80_120Reco/Chunk99_Part4.root . . . Used time: 0s Expected left time: 0s          
 Save to RootFile /extdisk/zlin/Machine_learning/RecoPlanesFeatures/CMS_herwig_HT1000to1500-preVFP_jinitpt450_600_j2pt80_120Reco/Chunk99_Part4.root . . . Used time: 0s Expected left time: 0s          
 Save to RootFile /extdisk/zlin/Machine_learning/RecoPlanesFeatures/CMS_herwig_HT1000to1500-preVFP_jinitpt450_600_j2pt80_120Reco/Chunk99_Part4.root . . . Used time: 0s Expected left time: 0s          
 Save to RootFile /extdisk/zlin/Machine_learning/RecoPlanesFeatures/CMS_herwig_HT1000to1500-preVFP_jinitpt450_600_j2pt80_120Reco/Chunk99_Part4.root . . . Used time: 0s Expected left time: 0s          
 Analyzing entries 44148 - 44192, now 44148 , sum entries = 44370 . . . Used time: 0s Expected left time: 0s          
 Analyzing entries 44148 - 44192, now 44149 , sum entries = 44370 . . . Used time: 0s Expected left time: 0s          
 Analyzing entries 44148 - 44192, now 44150 , sum entries = 44370 . . . Used time: 0s Expected left time: 0s          
 Analyzing entries 44148 - 44192, now 44151 , sum entries = 44370 . . . Used time: 0s Expected left time: 0s          
 Analyzing entries 44148 - 44192, now 44152 , sum entries = 44370 . . . Used time: 0s Expected left time: 0s          
 Analyzing entries 44148 - 44192, now 44153 , sum entries = 44370 . . . Used time: 0s Expected left time: 0s          
 Analyzing entries 44148 - 44192, now 44154 , sum entries = 44370 . . . Used time: 0s Expected left time: 0s          
 Analyzing entries 44148 - 44192, now 44155 , sum entries = 44370 . . . Used time: 0s Expected left time: 0s          
 Analyzing entries 44148 - 44192, now 44156 , sum entries = 44370 . . . Used time: 0s Expected left time: 0s          
 Analyzing entries 44148 - 44192, now 44157 , sum entries = 44370 . . . Used time: 0s Expected left time: 0s          
 Analyzing entries 44148 - 44192, now 44158 , sum entries = 44370 . . . Used time: 0s Expected left time: 0s          
 Analyzing entries 44148 - 44192, now 44159 , sum entries = 44370 . . . Used time: 0s Expected left time: 0s          
 Analyzing entries 44148 - 44192, now 44160 , sum entries = 44370 . . . Used time: 0s Expected left time: 0s          
 Analyzing entries 44148 - 44192, now 44161 , sum entries = 44370 . . . Used time: 0s Expected left time: 0s          
 Analyzing entries 44148 - 44192, now 44162 , sum entries = 44370 . . . Used time: 0s Expected left time: 0s          
 Analyzing entries 44148 - 44192, now 44163 , sum entries = 44370 . . . Used time: 0s Expected left time: 0s          
 Analyzing entries 44148 - 44192, now 44164 , sum entries = 44370 . . . Used time: 0s Expected left time: 0s          
 Analyzing entries 44148 - 44192, now 44165 , sum entries = 44370 . . . Used time: 0s Expected left time: 0s          
 Analyzing entries 44148 - 44192, now 44166 , sum entries = 44370 . . . Used time: 0s Expected left time: 0s          
 Analyzing entries 44148 - 44192, now 44167 , sum entries = 44370 . . . Used time: 0s Expected left time: 0s          
 Analyzing entries 44148 - 44192, now 44168 , sum entries = 44370 . . . Used time: 0s Expected left time: 0s          
 Analyzing entries 44148 - 44192, now 44169 , sum entries = 44370 . . . Used time: 0s Expected left time: 0s          
 Analyzing entries 44148 - 44192, now 44170 , sum entries = 44370 . . . Used time: 0s Expected left time: 0s          
 Analyzing entries 44148 - 44192, now 44171 , sum entries = 44370 . . . Used time: 0s Expected left time: 0s          
 Analyzing entries 44148 - 44192, now 44172 , sum entries = 44370 . . . Used time: 0s Expected left time: 0s          
 Analyzing entries 44148 - 44192, now 44173 , sum entries = 44370 . . . Used time: 0s Expected left time: 0s          
 Analyzing entries 44148 - 44192, now 44174 , sum entries = 44370 . . . Used time: 0s Expected left time: 0s          
 Analyzing entries 44148 - 44192, now 44175 , sum entries = 44370 . . . Used time: 0s Expected left time: 0s          
 Analyzing entries 44148 - 44192, now 44176 , sum entries = 44370 . . . Used time: 0s Expected left time: 0s          
 Analyzing entries 44148 - 44192, now 44177 , sum entries = 44370 . . . Used time: 0s Expected left time: 0s          
 Analyzing entries 44148 - 44192, now 44178 , sum entries = 44370 . . . Used time: 0s Expected left time: 0s          
 Analyzing entries 44148 - 44192, now 44179 , sum entries = 44370 . . . Used time: 0s Expected left time: 0s          
 Analyzing entries 44148 - 44192, now 44180 , sum entries = 44370 . . . Used time: 0s Expected left time: 0s          
 Analyzing entries 44148 - 44192, now 44181 , sum entries = 44370 . . . Used time: 0s Expected left time: 0s          
 Analyzing entries 44148 - 44192, now 44182 , sum entries = 44370 . . . Used time: 0s Expected left time: 0s          
 Analyzing entries 44148 - 44192, now 44183 , sum entries = 44370 . . . Used time: 0s Expected left time: 0s          
 Analyzing entries 44148 - 44192, now 44184 , sum entries = 44370 . . . Used time: 0s Expected left time: 0s          
 Analyzing entries 44148 - 44192, now 44185 , sum entries = 44370 . . . Used time: 0s Expected left time: 0s          
 Analyzing entries 44148 - 44192, now 44186 , sum entries = 44370 . . . Used time: 0s Expected left time: 0s          
 Analyzing entries 44148 - 44192, now 44187 , sum entries = 44370 . . . Used time: 0s Expected left time: 0s          
 Analyzing entries 44148 - 44192, now 44188 , sum entries = 44370 . . . Used time: 0s Expected left time: 0s          
 Analyzing entries 44148 - 44192, now 44189 , sum entries = 44370 . . . Used time: 0s Expected left time: 0s          
 Analyzing entries 44148 - 44192, now 44190 , sum entries = 44370 . . . Used time: 0s Expected left time: 0s          
 Analyzing entries 44148 - 44192, now 44191 , sum entries = 44370 . . . Used time: 0s Expected left time: 0s          
 Save to RootFile /extdisk/zlin/Machine_learning/RecoPlanesFeatures/CMS_herwig_HT1000to1500-preVFP_jinitpt450_600_j2pt80_120Reco/Chunk99_Part5.root . . . Used time: 0s Expected left time: 0s          
 Save to RootFile /extdisk/zlin/Machine_learning/RecoPlanesFeatures/CMS_herwig_HT1000to1500-preVFP_jinitpt450_600_j2pt80_120Reco/Chunk99_Part5.root . . . Used time: 0s Expected left time: 0s          
 Save to RootFile /extdisk/zlin/Machine_learning/RecoPlanesFeatures/CMS_herwig_HT1000to1500-preVFP_jinitpt450_600_j2pt80_120Reco/Chunk99_Part5.root . . . Used time: 0s Expected left time: 0s          
 Save to RootFile /extdisk/zlin/Machine_learning/RecoPlanesFeatures/CMS_herwig_HT1000to1500-preVFP_jinitpt450_600_j2pt80_120Reco/Chunk99_Part5.root . . . Used time: 0s Expected left time: 0s          
 Save to RootFile /extdisk/zlin/Machine_learning/RecoPlanesFeatures/CMS_herwig_HT1000to1500-preVFP_jinitpt450_600_j2pt80_120Reco/Chunk99_Part5.root . . . Used time: 0s Expected left time: 0s          
 Save to RootFile /extdisk/zlin/Machine_learning/RecoPlanesFeatures/CMS_herwig_HT1000to1500-preVFP_jinitpt450_600_j2pt80_120Reco/Chunk99_Part5.root . . . Used time: 0s Expected left time: 0s          
 Analyzing entries 44192 - 44236, now 44192 , sum entries = 44370 . . . Used time: 0s Expected left time: 0s          
 Analyzing entries 44192 - 44236, now 44193 , sum entries = 44370 . . . Used time: 0s Expected left time: 0s          
 Analyzing entries 44192 - 44236, now 44194 , sum entries = 44370 . . . Used time: 0s Expected left time: 0s          
 Analyzing entries 44192 - 44236, now 44195 , sum entries = 44370 . . . Used time: 0s Expected left time: 0s          
 Analyzing entries 44192 - 44236, now 44196 , sum entries = 44370 . . . Used time: 0s Expected left time: 0s          
 Analyzing entries 44192 - 44236, now 44197 , sum entries = 44370 . . . Used time: 0s Expected left time: 0s          
 Analyzing entries 44192 - 44236, now 44198 , sum entries = 44370 . . . Used time: 0s Expected left time: 0s          
 Analyzing entries 44192 - 44236, now 44199 , sum entries = 44370 . . . Used time: 0s Expected left time: 0s          
 Analyzing entries 44192 - 44236, now 44200 , sum entries = 44370 . . . Used time: 0s Expected left time: 0s          
 Analyzing entries 44192 - 44236, now 44201 , sum entries = 44370 . . . Used time: 0s Expected left time: 0s          
 Analyzing entries 44192 - 44236, now 44202 , sum entries = 44370 . . . Used time: 0s Expected left time: 0s          
 Analyzing entries 44192 - 44236, now 44203 , sum entries = 44370 . . . Used time: 0s Expected left time: 0s          
 Analyzing entries 44192 - 44236, now 44204 , sum entries = 44370 . . . Used time: 0s Expected left time: 0s          
 Analyzing entries 44192 - 44236, now 44205 , sum entries = 44370 . . . Used time: 0s Expected left time: 0s          
 Analyzing entries 44192 - 44236, now 44206 , sum entries = 44370 . . . Used time: 0s Expected left time: 0s          
 Analyzing entries 44192 - 44236, now 44207 , sum entries = 44370 . . . Used time: 0s Expected left time: 0s          
 Analyzing entries 44192 - 44236, now 44208 , sum entries = 44370 . . . Used time: 0s Expected left time: 0s          
 Analyzing entries 44192 - 44236, now 44209 , sum entries = 44370 . . . Used time: 0s Expected left time: 0s          
 Analyzing entries 44192 - 44236, now 44210 , sum entries = 44370 . . . Used time: 0s Expected left time: 0s          
 Analyzing entries 44192 - 44236, now 44211 , sum entries = 44370 . . . Used time: 0s Expected left time: 0s          
 Analyzing entries 44192 - 44236, now 44212 , sum entries = 44370 . . . Used time: 0s Expected left time: 0s          
 Analyzing entries 44192 - 44236, now 44213 , sum entries = 44370 . . . Used time: 0s Expected left time: 0s          
 Analyzing entries 44192 - 44236, now 44214 , sum entries = 44370 . . . Used time: 0s Expected left time: 0s          
 Analyzing entries 44192 - 44236, now 44215 , sum entries = 44370 . . . Used time: 0s Expected left time: 0s          
 Analyzing entries 44192 - 44236, now 44216 , sum entries = 44370 . . . Used time: 0s Expected left time: 0s          
 Analyzing entries 44192 - 44236, now 44217 , sum entries = 44370 . . . Used time: 0s Expected left time: 0s          
 Analyzing entries 44192 - 44236, now 44218 , sum entries = 44370 . . . Used time: 0s Expected left time: 0s          
 Analyzing entries 44192 - 44236, now 44219 , sum entries = 44370 . . . Used time: 0s Expected left time: 0s          
 Analyzing entries 44192 - 44236, now 44220 , sum entries = 44370 . . . Used time: 0s Expected left time: 0s          
 Analyzing entries 44192 - 44236, now 44221 , sum entries = 44370 . . . Used time: 0s Expected left time: 0s          
 Analyzing entries 44192 - 44236, now 44222 , sum entries = 44370 . . . Used time: 0s Expected left time: 0s          
 Analyzing entries 44192 - 44236, now 44223 , sum entries = 44370 . . . Used time: 0s Expected left time: 0s          
 Analyzing entries 44192 - 44236, now 44224 , sum entries = 44370 . . . Used time: 0s Expected left time: 0s          
 Analyzing entries 44192 - 44236, now 44225 , sum entries = 44370 . . . Used time: 0s Expected left time: 0s          
 Analyzing entries 44192 - 44236, now 44226 , sum entries = 44370 . . . Used time: 0s Expected left time: 0s          
 Analyzing entries 44192 - 44236, now 44227 , sum entries = 44370 . . . Used time: 0s Expected left time: 0s          
 Analyzing entries 44192 - 44236, now 44228 , sum entries = 44370 . . . Used time: 0s Expected left time: 0s          
 Analyzing entries 44192 - 44236, now 44229 , sum entries = 44370 . . . Used time: 0s Expected left time: 0s          
 Analyzing entries 44192 - 44236, now 44230 , sum entries = 44370 . . . Used time: 0s Expected left time: 0s          
 Analyzing entries 44192 - 44236, now 44231 , sum entries = 44370 . . . Used time: 0s Expected left time: 0s          
 Analyzing entries 44192 - 44236, now 44232 , sum entries = 44370 . . . Used time: 0s Expected left time: 0s          
 Analyzing entries 44192 - 44236, now 44233 , sum entries = 44370 . . . Used time: 0s Expected left time: 0s          
 Analyzing entries 44192 - 44236, now 44234 , sum entries = 44370 . . . Used time: 0s Expected left time: 0s          
 Analyzing entries 44192 - 44236, now 44235 , sum entries = 44370 . . . Used time: 0s Expected left time: 0s          
 Save to RootFile /extdisk/zlin/Machine_learning/RecoPlanesFeatures/CMS_herwig_HT1000to1500-preVFP_jinitpt450_600_j2pt80_120Reco/Chunk99_Part6.root . . . Used time: 0s Expected left time: 0s          
 Save to RootFile /extdisk/zlin/Machine_learning/RecoPlanesFeatures/CMS_herwig_HT1000to1500-preVFP_jinitpt450_600_j2pt80_120Reco/Chunk99_Part6.root . . . Used time: 0s Expected left time: 0s          
 Save to RootFile /extdisk/zlin/Machine_learning/RecoPlanesFeatures/CMS_herwig_HT1000to1500-preVFP_jinitpt450_600_j2pt80_120Reco/Chunk99_Part6.root . . . Used time: 0s Expected left time: 0s          
 Analyzing entries 44236 - 44280, now 44236 , sum entries = 44370 . . . Used time: 0s Expected left time: 0s          
 Analyzing entries 44236 - 44280, now 44237 , sum entries = 44370 . . . Used time: 0s Expected left time: 0s          
 Analyzing entries 44236 - 44280, now 44238 , sum entries = 44370 . . . Used time: 0s Expected left time: 0s          
 Analyzing entries 44236 - 44280, now 44239 , sum entries = 44370 . . . Used time: 0s Expected left time: 0s          
 Analyzing entries 44236 - 44280, now 44240 , sum entries = 44370 . . . Used time: 0s Expected left time: 0s          
 Analyzing entries 44236 - 44280, now 44241 , sum entries = 44370 . . . Used time: 0s Expected left time: 0s          
 Analyzing entries 44236 - 44280, now 44242 , sum entries = 44370 . . . Used time: 0s Expected left time: 0s          
 Analyzing entries 44236 - 44280, now 44243 , sum entries = 44370 . . . Used time: 0s Expected left time: 0s          
 Analyzing entries 44236 - 44280, now 44244 , sum entries = 44370 . . . Used time: 0s Expected left time: 0s          
 Analyzing entries 44236 - 44280, now 44245 , sum entries = 44370 . . . Used time: 0s Expected left time: 0s          
 Analyzing entries 44236 - 44280, now 44246 , sum entries = 44370 . . . Used time: 0s Expected left time: 0s          
 Analyzing entries 44236 - 44280, now 44247 , sum entries = 44370 . . . Used time: 0s Expected left time: 0s          
 Analyzing entries 44236 - 44280, now 44248 , sum entries = 44370 . . . Used time: 0s Expected left time: 0s          
 Analyzing entries 44236 - 44280, now 44249 , sum entries = 44370 . . . Used time: 0s Expected left time: 0s          
 Analyzing entries 44236 - 44280, now 44250 , sum entries = 44370 . . . Used time: 0s Expected left time: 0s          
 Analyzing entries 44236 - 44280, now 44251 , sum entries = 44370 . . . Used time: 0s Expected left time: 0s          
 Analyzing entries 44236 - 44280, now 44252 , sum entries = 44370 . . . Used time: 0s Expected left time: 0s          
 Analyzing entries 44236 - 44280, now 44253 , sum entries = 44370 . . . Used time: 0s Expected left time: 0s          
 Analyzing entries 44236 - 44280, now 44254 , sum entries = 44370 . . . Used time: 0s Expected left time: 0s          
 Analyzing entries 44236 - 44280, now 44255 , sum entries = 44370 . . . Used time: 0s Expected left time: 0s          
 Analyzing entries 44236 - 44280, now 44256 , sum entries = 44370 . . . Used time: 0s Expected left time: 0s          
 Analyzing entries 44236 - 44280, now 44257 , sum entries = 44370 . . . Used time: 0s Expected left time: 0s          
 Analyzing entries 44236 - 44280, now 44258 , sum entries = 44370 . . . Used time: 0s Expected left time: 0s          
 Analyzing entries 44236 - 44280, now 44259 , sum entries = 44370 . . . Used time: 0s Expected left time: 0s          
 Analyzing entries 44236 - 44280, now 44260 , sum entries = 44370 . . . Used time: 0s Expected left time: 0s          
 Analyzing entries 44236 - 44280, now 44261 , sum entries = 44370 . . . Used time: 0s Expected left time: 0s          
 Analyzing entries 44236 - 44280, now 44262 , sum entries = 44370 . . . Used time: 0s Expected left time: 0s          
 Analyzing entries 44236 - 44280, now 44263 , sum entries = 44370 . . . Used time: 0s Expected left time: 0s          
 Analyzing entries 44236 - 44280, now 44264 , sum entries = 44370 . . . Used time: 0s Expected left time: 0s          
 Analyzing entries 44236 - 44280, now 44265 , sum entries = 44370 . . . Used time: 0s Expected left time: 0s          
 Analyzing entries 44236 - 44280, now 44266 , sum entries = 44370 . . . Used time: 0s Expected left time: 0s          
 Analyzing entries 44236 - 44280, now 44267 , sum entries = 44370 . . . Used time: 0s Expected left time: 0s          
 Analyzing entries 44236 - 44280, now 44268 , sum entries = 44370 . . . Used time: 0s Expected left time: 0s          
 Analyzing entries 44236 - 44280, now 44269 , sum entries = 44370 . . . Used time: 0s Expected left time: 0s          
 Analyzing entries 44236 - 44280, now 44270 , sum entries = 44370 . . . Used time: 0s Expected left time: 0s          
 Analyzing entries 44236 - 44280, now 44271 , sum entries = 44370 . . . Used time: 0s Expected left time: 0s          
 Analyzing entries 44236 - 44280, now 44272 , sum entries = 44370 . . . Used time: 0s Expected left time: 0s          
 Analyzing entries 44236 - 44280, now 44273 , sum entries = 44370 . . . Used time: 0s Expected left time: 0s          
 Analyzing entries 44236 - 44280, now 44274 , sum entries = 44370 . . . Used time: 0s Expected left time: 0s          
 Analyzing entries 44236 - 44280, now 44275 , sum entries = 44370 . . . Used time: 0s Expected left time: 0s          
 Analyzing entries 44236 - 44280, now 44276 , sum entries = 44370 . . . Used time: 0s Expected left time: 0s          
 Analyzing entries 44236 - 44280, now 44277 , sum entries = 44370 . . . Used time: 0s Expected left time: 0s          
 Analyzing entries 44236 - 44280, now 44278 , sum entries = 44370 . . . Used time: 0s Expected left time: 0s          
 Analyzing entries 44236 - 44280, now 44279 , sum entries = 44370 . . . Used time: 0s Expected left time: 0s          
 Save to RootFile /extdisk/zlin/Machine_learning/RecoPlanesFeatures/CMS_herwig_HT1000to1500-preVFP_jinitpt450_600_j2pt80_120Reco/Chunk99_Part7.root . . . Used time: 0s Expected left time: 0s          
 Save to RootFile /extdisk/zlin/Machine_learning/RecoPlanesFeatures/CMS_herwig_HT1000to1500-preVFP_jinitpt450_600_j2pt80_120Reco/Chunk99_Part7.root . . . Used time: 0s Expected left time: 0s          
 Save to RootFile /extdisk/zlin/Machine_learning/RecoPlanesFeatures/CMS_herwig_HT1000to1500-preVFP_jinitpt450_600_j2pt80_120Reco/Chunk99_Part7.root . . . Used time: 0s Expected left time: 0s          
 Save to RootFile /extdisk/zlin/Machine_learning/RecoPlanesFeatures/CMS_herwig_HT1000to1500-preVFP_jinitpt450_600_j2pt80_120Reco/Chunk99_Part7.root . . . Used time: 0s Expected left time: 0s          
 Save to RootFile /extdisk/zlin/Machine_learning/RecoPlanesFeatures/CMS_herwig_HT1000to1500-preVFP_jinitpt450_600_j2pt80_120Reco/Chunk99_Part7.root . . . Used time: 0s Expected left time: 0s          
 Save to RootFile /extdisk/zlin/Machine_learning/RecoPlanesFeatures/CMS_herwig_HT1000to1500-preVFP_jinitpt450_600_j2pt80_120Reco/Chunk99_Part7.root . . . Used time: 0s Expected left time: 0s          
 Save to RootFile /extdisk/zlin/Machine_learning/RecoPlanesFeatures/CMS_herwig_HT1000to1500-preVFP_jinitpt450_600_j2pt80_120Reco/Chunk99_Part7.root . . . Used time: 0s Expected left time: 0s          
 Save to RootFile /extdisk/zlin/Machine_learning/RecoPlanesFeatures/CMS_herwig_HT1000to1500-preVFP_jinitpt450_600_j2pt80_120Reco/Chunk99_Part7.root . . . Used time: 0s Expected left time: 0s          
 Analyzing entries 44281 - 44325, now 44281 , sum entries = 44370 . . . Used time: 0s Expected left time: 0s          
 Analyzing entries 44281 - 44325, now 44282 , sum entries = 44370 . . . Used time: 0s Expected left time: 0s          
 Analyzing entries 44281 - 44325, now 44283 , sum entries = 44370 . . . Used time: 0s Expected left time: 0s          
 Analyzing entries 44281 - 44325, now 44284 , sum entries = 44370 . . . Used time: 0s Expected left time: 0s          
 Analyzing entries 44281 - 44325, now 44285 , sum entries = 44370 . . . Used time: 0s Expected left time: 0s          
 Analyzing entries 44281 - 44325, now 44286 , sum entries = 44370 . . . Used time: 0s Expected left time: 0s          
 Analyzing entries 44281 - 44325, now 44287 , sum entries = 44370 . . . Used time: 0s Expected left time: 0s          
 Analyzing entries 44281 - 44325, now 44288 , sum entries = 44370 . . . Used time: 0s Expected left time: 0s          
 Analyzing entries 44281 - 44325, now 44289 , sum entries = 44370 . . . Used time: 0s Expected left time: 0s          
 Analyzing entries 44281 - 44325, now 44290 , sum entries = 44370 . . . Used time: 0s Expected left time: 0s          
 Analyzing entries 44281 - 44325, now 44291 , sum entries = 44370 . . . Used time: 0s Expected left time: 0s          
 Analyzing entries 44281 - 44325, now 44292 , sum entries = 44370 . . . Used time: 0s Expected left time: 0s          
 Analyzing entries 44281 - 44325, now 44293 , sum entries = 44370 . . . Used time: 0s Expected left time: 0s          
 Analyzing entries 44281 - 44325, now 44294 , sum entries = 44370 . . . Used time: 0s Expected left time: 0s          
 Analyzing entries 44281 - 44325, now 44295 , sum entries = 44370 . . . Used time: 0s Expected left time: 0s          
 Analyzing entries 44281 - 44325, now 44296 , sum entries = 44370 . . . Used time: 0s Expected left time: 0s          
 Analyzing entries 44281 - 44325, now 44297 , sum entries = 44370 . . . Used time: 0s Expected left time: 0s          
 Analyzing entries 44281 - 44325, now 44298 , sum entries = 44370 . . . Used time: 0s Expected left time: 0s          
 Analyzing entries 44281 - 44325, now 44299 , sum entries = 44370 . . . Used time: 0s Expected left time: 0s          
 Analyzing entries 44281 - 44325, now 44300 , sum entries = 44370 . . . Used time: 0s Expected left time: 0s          
 Analyzing entries 44281 - 44325, now 44301 , sum entries = 44370 . . . Used time: 0s Expected left time: 0s          
 Analyzing entries 44281 - 44325, now 44302 , sum entries = 44370 . . . Used time: 0s Expected left time: 0s          
 Analyzing entries 44281 - 44325, now 44303 , sum entries = 44370 . . . Used time: 0s Expected left time: 0s          
 Analyzing entries 44281 - 44325, now 44304 , sum entries = 44370 . . . Used time: 0s Expected left time: 0s          
 Analyzing entries 44281 - 44325, now 44305 , sum entries = 44370 . . . Used time: 0s Expected left time: 0s          
 Analyzing entries 44281 - 44325, now 44306 , sum entries = 44370 . . . Used time: 0s Expected left time: 0s          
 Analyzing entries 44281 - 44325, now 44307 , sum entries = 44370 . . . Used time: 0s Expected left time: 0s          
 Analyzing entries 44281 - 44325, now 44308 , sum entries = 44370 . . . Used time: 0s Expected left time: 0s          
 Analyzing entries 44281 - 44325, now 44309 , sum entries = 44370 . . . Used time: 0s Expected left time: 0s          
 Analyzing entries 44281 - 44325, now 44310 , sum entries = 44370 . . . Used time: 0s Expected left time: 0s          
 Analyzing entries 44281 - 44325, now 44311 , sum entries = 44370 . . . Used time: 0s Expected left time: 0s          
 Analyzing entries 44281 - 44325, now 44312 , sum entries = 44370 . . . Used time: 0s Expected left time: 0s          
 Analyzing entries 44281 - 44325, now 44313 , sum entries = 44370 . . . Used time: 0s Expected left time: 0s          
 Analyzing entries 44281 - 44325, now 44314 , sum entries = 44370 . . . Used time: 0s Expected left time: 0s          
 Analyzing entries 44281 - 44325, now 44315 , sum entries = 44370 . . . Used time: 0s Expected left time: 0s          
 Analyzing entries 44281 - 44325, now 44316 , sum entries = 44370 . . . Used time: 0s Expected left time: 0s          
 Analyzing entries 44281 - 44325, now 44317 , sum entries = 44370 . . . Used time: 0s Expected left time: 0s          
 Analyzing entries 44281 - 44325, now 44318 , sum entries = 44370 . . . Used time: 0s Expected left time: 0s          
 Analyzing entries 44281 - 44325, now 44319 , sum entries = 44370 . . . Used time: 0s Expected left time: 0s          
 Analyzing entries 44281 - 44325, now 44320 , sum entries = 44370 . . . Used time: 0s Expected left time: 0s          
 Analyzing entries 44281 - 44325, now 44321 , sum entries = 44370 . . . Used time: 0s Expected left time: 0s          
 Analyzing entries 44281 - 44325, now 44322 , sum entries = 44370 . . . Used time: 0s Expected left time: 0s          
 Analyzing entries 44281 - 44325, now 44323 , sum entries = 44370 . . . Used time: 0s Expected left time: 0s          
 Analyzing entries 44281 - 44325, now 44324 , sum entries = 44370 . . . Used time: 0s Expected left time: 0s          
 Save to RootFile /extdisk/zlin/Machine_learning/RecoPlanesFeatures/CMS_herwig_HT1000to1500-preVFP_jinitpt450_600_j2pt80_120Reco/Chunk99_Part8.root . . . Used time: 0s Expected left time: 0s          
 Save to RootFile /extdisk/zlin/Machine_learning/RecoPlanesFeatures/CMS_herwig_HT1000to1500-preVFP_jinitpt450_600_j2pt80_120Reco/Chunk99_Part8.root . . . Used time: 0s Expected left time: 0s          
 Save to RootFile /extdisk/zlin/Machine_learning/RecoPlanesFeatures/CMS_herwig_HT1000to1500-preVFP_jinitpt450_600_j2pt80_120Reco/Chunk99_Part8.root . . . Used time: 0s Expected left time: 0s          
 Save to RootFile /extdisk/zlin/Machine_learning/RecoPlanesFeatures/CMS_herwig_HT1000to1500-preVFP_jinitpt450_600_j2pt80_120Reco/Chunk99_Part8.root . . . Used time: 0s Expected left time: 0s          
 Save to RootFile /extdisk/zlin/Machine_learning/RecoPlanesFeatures/CMS_herwig_HT1000to1500-preVFP_jinitpt450_600_j2pt80_120Reco/Chunk99_Part8.root . . . Used time: 0s Expected left time: 0s          
 Save to RootFile /extdisk/zlin/Machine_learning/RecoPlanesFeatures/CMS_herwig_HT1000to1500-preVFP_jinitpt450_600_j2pt80_120Reco/Chunk99_Part8.root . . . Used time: 0s Expected left time: 0s          
 Save to RootFile /extdisk/zlin/Machine_learning/RecoPlanesFeatures/CMS_herwig_HT1000to1500-preVFP_jinitpt450_600_j2pt80_120Reco/Chunk99_Part8.root . . . Used time: 0s Expected left time: 0s          
 Analyzing entries 44325 - 44369, now 44325 , sum entries = 44370 . . . Used time: 0s Expected left time: 0s          
 Analyzing entries 44325 - 44369, now 44326 , sum entries = 44370 . . . Used time: 0s Expected left time: 0s          
 Analyzing entries 44325 - 44369, now 44327 , sum entries = 44370 . . . Used time: 0s Expected left time: 0s          
 Analyzing entries 44325 - 44369, now 44328 , sum entries = 44370 . . . Used time: 0s Expected left time: 0s          
 Analyzing entries 44325 - 44369, now 44329 , sum entries = 44370 . . . Used time: 0s Expected left time: 0s          
 Analyzing entries 44325 - 44369, now 44330 , sum entries = 44370 . . . Used time: 0s Expected left time: 0s          
 Analyzing entries 44325 - 44369, now 44331 , sum entries = 44370 . . . Used time: 0s Expected left time: 0s          
 Analyzing entries 44325 - 44369, now 44332 , sum entries = 44370 . . . Used time: 0s Expected left time: 0s          
 Analyzing entries 44325 - 44369, now 44333 , sum entries = 44370 . . . Used time: 0s Expected left time: 0s          
 Analyzing entries 44325 - 44369, now 44334 , sum entries = 44370 . . . Used time: 0s Expected left time: 0s          
 Analyzing entries 44325 - 44369, now 44335 , sum entries = 44370 . . . Used time: 0s Expected left time: 0s          
 Analyzing entries 44325 - 44369, now 44336 , sum entries = 44370 . . . Used time: 0s Expected left time: 0s          
 Analyzing entries 44325 - 44369, now 44337 , sum entries = 44370 . . . Used time: 0s Expected left time: 0s          
 Analyzing entries 44325 - 44369, now 44338 , sum entries = 44370 . . . Used time: 0s Expected left time: 0s          
 Analyzing entries 44325 - 44369, now 44339 , sum entries = 44370 . . . Used time: 0s Expected left time: 0s          
 Analyzing entries 44325 - 44369, now 44340 , sum entries = 44370 . . . Used time: 0s Expected left time: 0s          
 Analyzing entries 44325 - 44369, now 44341 , sum entries = 44370 . . . Used time: 0s Expected left time: 0s          
 Analyzing entries 44325 - 44369, now 44342 , sum entries = 44370 . . . Used time: 0s Expected left time: 0s          
 Analyzing entries 44325 - 44369, now 44343 , sum entries = 44370 . . . Used time: 0s Expected left time: 0s          
 Analyzing entries 44325 - 44369, now 44344 , sum entries = 44370 . . . Used time: 0s Expected left time: 0s          
 Analyzing entries 44325 - 44369, now 44345 , sum entries = 44370 . . . Used time: 0s Expected left time: 0s          
 Analyzing entries 44325 - 44369, now 44346 , sum entries = 44370 . . . Used time: 0s Expected left time: 0s          
 Analyzing entries 44325 - 44369, now 44347 , sum entries = 44370 . . . Used time: 0s Expected left time: 0s          
 Analyzing entries 44325 - 44369, now 44348 , sum entries = 44370 . . . Used time: 0s Expected left time: 0s          
 Analyzing entries 44325 - 44369, now 44349 , sum entries = 44370 . . . Used time: 0s Expected left time: 0s          
 Analyzing entries 44325 - 44369, now 44350 , sum entries = 44370 . . . Used time: 0s Expected left time: 0s          
 Analyzing entries 44325 - 44369, now 44351 , sum entries = 44370 . . . Used time: 0s Expected left time: 0s          
 Analyzing entries 44325 - 44369, now 44352 , sum entries = 44370 . . . Used time: 0s Expected left time: 0s          
 Analyzing entries 44325 - 44369, now 44353 , sum entries = 44370 . . . Used time: 0s Expected left time: 0s          
 Analyzing entries 44325 - 44369, now 44354 , sum entries = 44370 . . . Used time: 0s Expected left time: 0s          
 Analyzing entries 44325 - 44369, now 44355 , sum entries = 44370 . . . Used time: 0s Expected left time: 0s          
 Analyzing entries 44325 - 44369, now 44356 , sum entries = 44370 . . . Used time: 0s Expected left time: 0s          
 Analyzing entries 44325 - 44369, now 44357 , sum entries = 44370 . . . Used time: 0s Expected left time: 0s          
 Analyzing entries 44325 - 44369, now 44358 , sum entries = 44370 . . . Used time: 0s Expected left time: 0s          
 Analyzing entries 44325 - 44369, now 44359 , sum entries = 44370 . . . Used time: 0s Expected left time: 0s          
 Analyzing entries 44325 - 44369, now 44360 , sum entries = 44370 . . . Used time: 0s Expected left time: 0s          
 Analyzing entries 44325 - 44369, now 44361 , sum entries = 44370 . . . Used time: 0s Expected left time: 0s          
 Analyzing entries 44325 - 44369, now 44362 , sum entries = 44370 . . . Used time: 0s Expected left time: 0s          
 Analyzing entries 44325 - 44369, now 44363 , sum entries = 44370 . . . Used time: 0s Expected left time: 0s          
 Analyzing entries 44325 - 44369, now 44364 , sum entries = 44370 . . . Used time: 0s Expected left time: 0s          
 Analyzing entries 44325 - 44369, now 44365 , sum entries = 44370 . . . Used time: 0s Expected left time: 0s          
 Analyzing entries 44325 - 44369, now 44366 , sum entries = 44370 . . . Used time: 0s Expected left time: 0s          
 Analyzing entries 44325 - 44369, now 44367 , sum entries = 44370 . . . Used time: 0s Expected left time: 0s          
 Analyzing entries 44325 - 44369, now 44368 , sum entries = 44370 . . . Used time: 0s Expected left time: 0s          
 Save to RootFile /extdisk/zlin/Machine_learning/RecoPlanesFeatures/CMS_herwig_HT1000to1500-preVFP_jinitpt450_600_j2pt80_120Reco/Chunk99_Part9.root . . . Used time: 0s Expected left time: 0s          
 Save to RootFile /extdisk/zlin/Machine_learning/RecoPlanesFeatures/CMS_herwig_HT1000to1500-preVFP_jinitpt450_600_j2pt80_120Reco/Chunk99_Part9.root . . . Used time: 0s Expected left time: 0s          
 Save to RootFile /extdisk/zlin/Machine_learning/RecoPlanesFeatures/CMS_herwig_HT1000to1500-preVFP_jinitpt450_600_j2pt80_120Reco/Chunk99_Part9.root . . . Used time: 0s Expected left time: 0s          
 Save to RootFile /extdisk/zlin/Machine_learning/RecoPlanesFeatures/CMS_herwig_HT1000to1500-preVFP_jinitpt450_600_j2pt80_120Reco/Chunk99_Part9.root . . . Used time: 0s Expected left time: 0s          
