Warning in <TFile::Init>: file /extdisk/zlin/Machine_learning/RecoPlanes/CMS_herwig_HT1000to1500-preVFP/Chunk25_Part0.root probably not closed, trying to recover
Warning in <TFile::Init>: no keys recovered, file has been made a Zombie
Warning in <TFile::Init>: file /extdisk/zlin/Machine_learning/RecoPlanes/CMS_herwig_HT1000to1500-preVFP/Chunk39_Part0.root probably not closed, trying to recover
Warning in <TFile::Init>: no keys recovered, file has been made a Zombie
 Analyzing entries 19766 - 19796, now 19766 , sum entries = 30885 . . . Used time: 0s Expected left time: 0s          
 Analyzing entries 19766 - 19796, now 19767 , sum entries = 30885 . . . Used time: 0s Expected left time: 0s          
 Analyzing entries 19766 - 19796, now 19768 , sum entries = 30885 . . . Used time: 0s Expected left time: 0s          
 Analyzing entries 19766 - 19796, now 19769 , sum entries = 30885 . . . Used time: 0s Expected left time: 0s          
 Analyzing entries 19766 - 19796, now 19770 , sum entries = 30885 . . . Used time: 0s Expected left time: 0s          
 Analyzing entries 19766 - 19796, now 19771 , sum entries = 30885 . . . Used time: 0s Expected left time: 0s          
 Analyzing entries 19766 - 19796, now 19772 , sum entries = 30885 . . . Used time: 0s Expected left time: 0s          
 Analyzing entries 19766 - 19796, now 19773 , sum entries = 30885 . . . Used time: 0s Expected left time: 0s          
 Analyzing entries 19766 - 19796, now 19774 , sum entries = 30885 . . . Used time: 0s Expected left time: 0s          
 Analyzing entries 19766 - 19796, now 19775 , sum entries = 30885 . . . Used time: 0s Expected left time: 0s          
 Analyzing entries 19766 - 19796, now 19776 , sum entries = 30885 . . . Used time: 0s Expected left time: 0s          
 Analyzing entries 19766 - 19796, now 19777 , sum entries = 30885 . . . Used time: 0s Expected left time: 0s          
 Analyzing entries 19766 - 19796, now 19778 , sum entries = 30885 . . . Used time: 0s Expected left time: 0s          
 Analyzing entries 19766 - 19796, now 19779 , sum entries = 30885 . . . Used time: 0s Expected left time: 0s          
 Analyzing entries 19766 - 19796, now 19780 , sum entries = 30885 . . . Used time: 0s Expected left time: 0s          
 Analyzing entries 19766 - 19796, now 19781 , sum entries = 30885 . . . Used time: 0s Expected left time: 0s          
 Analyzing entries 19766 - 19796, now 19782 , sum entries = 30885 . . . Used time: 0s Expected left time: 0s          
 Analyzing entries 19766 - 19796, now 19783 , sum entries = 30885 . . . Used time: 0s Expected left time: 0s          
 Analyzing entries 19766 - 19796, now 19784 , sum entries = 30885 . . . Used time: 0s Expected left time: 0s          
 Analyzing entries 19766 - 19796, now 19785 , sum entries = 30885 . . . Used time: 0s Expected left time: 0s          
 Analyzing entries 19766 - 19796, now 19786 , sum entries = 30885 . . . Used time: 0s Expected left time: 0s          
 Analyzing entries 19766 - 19796, now 19787 , sum entries = 30885 . . . Used time: 0s Expected left time: 0s          
 Analyzing entries 19766 - 19796, now 19788 , sum entries = 30885 . . . Used time: 0s Expected left time: 0s          
 Analyzing entries 19766 - 19796, now 19789 , sum entries = 30885 . . . Used time: 0s Expected left time: 0s          
 Analyzing entries 19766 - 19796, now 19790 , sum entries = 30885 . . . Used time: 0s Expected left time: 0s          
 Analyzing entries 19766 - 19796, now 19791 , sum entries = 30885 . . . Used time: 0s Expected left time: 0s          
 Analyzing entries 19766 - 19796, now 19792 , sum entries = 30885 . . . Used time: 0s Expected left time: 0s          
 Analyzing entries 19766 - 19796, now 19793 , sum entries = 30885 . . . Used time: 0s Expected left time: 0s          
 Analyzing entries 19766 - 19796, now 19794 , sum entries = 30885 . . . Used time: 0s Expected left time: 0s          
 Analyzing entries 19766 - 19796, now 19795 , sum entries = 30885 . . . Used time: 0s Expected left time: 0s          
 Save to RootFile /extdisk/zlin/Machine_learning/RecoPlanesFeatures/CMS_herwig_HT1000to1500-preVFP_jinitpt450_600_j2pt80_120Reco/Chunk64_Part0.root . . . Used time: 0s Expected left time: 0s          
 Save to RootFile /extdisk/zlin/Machine_learning/RecoPlanesFeatures/CMS_herwig_HT1000to1500-preVFP_jinitpt450_600_j2pt80_120Reco/Chunk64_Part0.root . . . Used time: 0s Expected left time: 0s          
 Save to RootFile /extdisk/zlin/Machine_learning/RecoPlanesFeatures/CMS_herwig_HT1000to1500-preVFP_jinitpt450_600_j2pt80_120Reco/Chunk64_Part0.root . . . Used time: 0s Expected left time: 0s          
 Analyzing entries 19797 - 19827, now 19797 , sum entries = 30885 . . . Used time: 0s Expected left time: 0s          
 Analyzing entries 19797 - 19827, now 19798 , sum entries = 30885 . . . Used time: 0s Expected left time: 0s          
 Analyzing entries 19797 - 19827, now 19799 , sum entries = 30885 . . . Used time: 0s Expected left time: 0s          
 Analyzing entries 19797 - 19827, now 19800 , sum entries = 30885 . . . Used time: 0s Expected left time: 0s          
 Analyzing entries 19797 - 19827, now 19801 , sum entries = 30885 . . . Used time: 0s Expected left time: 0s          
 Analyzing entries 19797 - 19827, now 19802 , sum entries = 30885 . . . Used time: 0s Expected left time: 0s          
 Analyzing entries 19797 - 19827, now 19803 , sum entries = 30885 . . . Used time: 0s Expected left time: 0s          
 Analyzing entries 19797 - 19827, now 19804 , sum entries = 30885 . . . Used time: 0s Expected left time: 0s          
 Analyzing entries 19797 - 19827, now 19805 , sum entries = 30885 . . . Used time: 0s Expected left time: 0s          
 Analyzing entries 19797 - 19827, now 19806 , sum entries = 30885 . . . Used time: 0s Expected left time: 0s          
 Analyzing entries 19797 - 19827, now 19807 , sum entries = 30885 . . . Used time: 0s Expected left time: 0s          
 Analyzing entries 19797 - 19827, now 19808 , sum entries = 30885 . . . Used time: 0s Expected left time: 0s          
 Analyzing entries 19797 - 19827, now 19809 , sum entries = 30885 . . . Used time: 0s Expected left time: 0s          
 Analyzing entries 19797 - 19827, now 19810 , sum entries = 30885 . . . Used time: 0s Expected left time: 0s          
 Analyzing entries 19797 - 19827, now 19811 , sum entries = 30885 . . . Used time: 0s Expected left time: 0s          
 Analyzing entries 19797 - 19827, now 19812 , sum entries = 30885 . . . Used time: 0s Expected left time: 0s          
 Analyzing entries 19797 - 19827, now 19813 , sum entries = 30885 . . . Used time: 0s Expected left time: 0s          
 Analyzing entries 19797 - 19827, now 19814 , sum entries = 30885 . . . Used time: 0s Expected left time: 0s          
 Analyzing entries 19797 - 19827, now 19815 , sum entries = 30885 . . . Used time: 0s Expected left time: 0s          
 Analyzing entries 19797 - 19827, now 19816 , sum entries = 30885 . . . Used time: 0s Expected left time: 0s          
 Analyzing entries 19797 - 19827, now 19817 , sum entries = 30885 . . . Used time: 0s Expected left time: 0s          
 Analyzing entries 19797 - 19827, now 19818 , sum entries = 30885 . . . Used time: 0s Expected left time: 0s          
 Analyzing entries 19797 - 19827, now 19819 , sum entries = 30885 . . . Used time: 0s Expected left time: 0s          
 Analyzing entries 19797 - 19827, now 19820 , sum entries = 30885 . . . Used time: 0s Expected left time: 0s          
 Analyzing entries 19797 - 19827, now 19821 , sum entries = 30885 . . . Used time: 0s Expected left time: 0s          
 Analyzing entries 19797 - 19827, now 19822 , sum entries = 30885 . . . Used time: 0s Expected left time: 0s          
 Analyzing entries 19797 - 19827, now 19823 , sum entries = 30885 . . . Used time: 0s Expected left time: 0s          
 Analyzing entries 19797 - 19827, now 19824 , sum entries = 30885 . . . Used time: 0s Expected left time: 0s          
 Analyzing entries 19797 - 19827, now 19825 , sum entries = 30885 . . . Used time: 0s Expected left time: 0s          
 Analyzing entries 19797 - 19827, now 19826 , sum entries = 30885 . . . Used time: 0s Expected left time: 0s          
 Save to RootFile /extdisk/zlin/Machine_learning/RecoPlanesFeatures/CMS_herwig_HT1000to1500-preVFP_jinitpt450_600_j2pt80_120Reco/Chunk64_Part1.root . . . Used time: 0s Expected left time: 0s          
 Save to RootFile /extdisk/zlin/Machine_learning/RecoPlanesFeatures/CMS_herwig_HT1000to1500-preVFP_jinitpt450_600_j2pt80_120Reco/Chunk64_Part1.root . . . Used time: 0s Expected left time: 0s          
 Save to RootFile /extdisk/zlin/Machine_learning/RecoPlanesFeatures/CMS_herwig_HT1000to1500-preVFP_jinitpt450_600_j2pt80_120Reco/Chunk64_Part1.root . . . Used time: 0s Expected left time: 0s          
 Save to RootFile /extdisk/zlin/Machine_learning/RecoPlanesFeatures/CMS_herwig_HT1000to1500-preVFP_jinitpt450_600_j2pt80_120Reco/Chunk64_Part1.root . . . Used time: 0s Expected left time: 0s          
 Analyzing entries 19828 - 19858, now 19828 , sum entries = 30885 . . . Used time: 0s Expected left time: 0s          
 Analyzing entries 19828 - 19858, now 19829 , sum entries = 30885 . . . Used time: 0s Expected left time: 0s          
 Analyzing entries 19828 - 19858, now 19830 , sum entries = 30885 . . . Used time: 0s Expected left time: 0s          
 Analyzing entries 19828 - 19858, now 19831 , sum entries = 30885 . . . Used time: 0s Expected left time: 0s          
 Analyzing entries 19828 - 19858, now 19832 , sum entries = 30885 . . . Used time: 0s Expected left time: 0s          
 Analyzing entries 19828 - 19858, now 19833 , sum entries = 30885 . . . Used time: 0s Expected left time: 0s          
 Analyzing entries 19828 - 19858, now 19834 , sum entries = 30885 . . . Used time: 0s Expected left time: 0s          
 Analyzing entries 19828 - 19858, now 19835 , sum entries = 30885 . . . Used time: 0s Expected left time: 0s          
 Analyzing entries 19828 - 19858, now 19836 , sum entries = 30885 . . . Used time: 0s Expected left time: 0s          
 Analyzing entries 19828 - 19858, now 19837 , sum entries = 30885 . . . Used time: 0s Expected left time: 0s          
 Analyzing entries 19828 - 19858, now 19838 , sum entries = 30885 . . . Used time: 0s Expected left time: 0s          
 Analyzing entries 19828 - 19858, now 19839 , sum entries = 30885 . . . Used time: 0s Expected left time: 0s          
 Analyzing entries 19828 - 19858, now 19840 , sum entries = 30885 . . . Used time: 0s Expected left time: 0s          
 Analyzing entries 19828 - 19858, now 19841 , sum entries = 30885 . . . Used time: 0s Expected left time: 0s          
 Analyzing entries 19828 - 19858, now 19842 , sum entries = 30885 . . . Used time: 0s Expected left time: 0s          
 Analyzing entries 19828 - 19858, now 19843 , sum entries = 30885 . . . Used time: 0s Expected left time: 0s          
 Analyzing entries 19828 - 19858, now 19844 , sum entries = 30885 . . . Used time: 0s Expected left time: 0s          
 Analyzing entries 19828 - 19858, now 19845 , sum entries = 30885 . . . Used time: 0s Expected left time: 0s          
 Analyzing entries 19828 - 19858, now 19846 , sum entries = 30885 . . . Used time: 0s Expected left time: 0s          
 Analyzing entries 19828 - 19858, now 19847 , sum entries = 30885 . . . Used time: 0s Expected left time: 0s          
 Analyzing entries 19828 - 19858, now 19848 , sum entries = 30885 . . . Used time: 0s Expected left time: 0s          
 Analyzing entries 19828 - 19858, now 19849 , sum entries = 30885 . . . Used time: 0s Expected left time: 0s          
 Analyzing entries 19828 - 19858, now 19850 , sum entries = 30885 . . . Used time: 0s Expected left time: 0s          
 Analyzing entries 19828 - 19858, now 19851 , sum entries = 30885 . . . Used time: 0s Expected left time: 0s          
 Analyzing entries 19828 - 19858, now 19852 , sum entries = 30885 . . . Used time: 0s Expected left time: 0s          
 Analyzing entries 19828 - 19858, now 19853 , sum entries = 30885 . . . Used time: 0s Expected left time: 0s          
 Analyzing entries 19828 - 19858, now 19854 , sum entries = 30885 . . . Used time: 0s Expected left time: 0s          
 Analyzing entries 19828 - 19858, now 19855 , sum entries = 30885 . . . Used time: 0s Expected left time: 0s          
 Analyzing entries 19828 - 19858, now 19856 , sum entries = 30885 . . . Used time: 0s Expected left time: 0s          
 Analyzing entries 19828 - 19858, now 19857 , sum entries = 30885 . . . Used time: 0s Expected left time: 0s          
 Save to RootFile /extdisk/zlin/Machine_learning/RecoPlanesFeatures/CMS_herwig_HT1000to1500-preVFP_jinitpt450_600_j2pt80_120Reco/Chunk64_Part2.root . . . Used time: 0s Expected left time: 0s          
 Save to RootFile /extdisk/zlin/Machine_learning/RecoPlanesFeatures/CMS_herwig_HT1000to1500-preVFP_jinitpt450_600_j2pt80_120Reco/Chunk64_Part2.root . . . Used time: 0s Expected left time: 0s          
 Save to RootFile /extdisk/zlin/Machine_learning/RecoPlanesFeatures/CMS_herwig_HT1000to1500-preVFP_jinitpt450_600_j2pt80_120Reco/Chunk64_Part2.root . . . Used time: 0s Expected left time: 0s          
 Save to RootFile /extdisk/zlin/Machine_learning/RecoPlanesFeatures/CMS_herwig_HT1000to1500-preVFP_jinitpt450_600_j2pt80_120Reco/Chunk64_Part2.root . . . Used time: 0s Expected left time: 0s          
 Save to RootFile /extdisk/zlin/Machine_learning/RecoPlanesFeatures/CMS_herwig_HT1000to1500-preVFP_jinitpt450_600_j2pt80_120Reco/Chunk64_Part2.root . . . Used time: 0s Expected left time: 0s          
 Analyzing entries 19859 - 19889, now 19859 , sum entries = 30885 . . . Used time: 0s Expected left time: 0s          
 Analyzing entries 19859 - 19889, now 19860 , sum entries = 30885 . . . Used time: 0s Expected left time: 0s          
 Analyzing entries 19859 - 19889, now 19861 , sum entries = 30885 . . . Used time: 0s Expected left time: 0s          
 Analyzing entries 19859 - 19889, now 19862 , sum entries = 30885 . . . Used time: 0s Expected left time: 0s          
 Analyzing entries 19859 - 19889, now 19863 , sum entries = 30885 . . . Used time: 0s Expected left time: 0s          
 Analyzing entries 19859 - 19889, now 19864 , sum entries = 30885 . . . Used time: 0s Expected left time: 0s          
 Analyzing entries 19859 - 19889, now 19865 , sum entries = 30885 . . . Used time: 0s Expected left time: 0s          
 Analyzing entries 19859 - 19889, now 19866 , sum entries = 30885 . . . Used time: 0s Expected left time: 0s          
 Analyzing entries 19859 - 19889, now 19867 , sum entries = 30885 . . . Used time: 0s Expected left time: 0s          
 Analyzing entries 19859 - 19889, now 19868 , sum entries = 30885 . . . Used time: 0s Expected left time: 0s          
 Analyzing entries 19859 - 19889, now 19869 , sum entries = 30885 . . . Used time: 0s Expected left time: 0s          
 Analyzing entries 19859 - 19889, now 19870 , sum entries = 30885 . . . Used time: 0s Expected left time: 0s          
 Analyzing entries 19859 - 19889, now 19871 , sum entries = 30885 . . . Used time: 0s Expected left time: 0s          
 Analyzing entries 19859 - 19889, now 19872 , sum entries = 30885 . . . Used time: 0s Expected left time: 0s          
 Analyzing entries 19859 - 19889, now 19873 , sum entries = 30885 . . . Used time: 0s Expected left time: 0s          
 Analyzing entries 19859 - 19889, now 19874 , sum entries = 30885 . . . Used time: 0s Expected left time: 0s          
 Analyzing entries 19859 - 19889, now 19875 , sum entries = 30885 . . . Used time: 0s Expected left time: 0s          
 Analyzing entries 19859 - 19889, now 19876 , sum entries = 30885 . . . Used time: 0s Expected left time: 0s          
 Analyzing entries 19859 - 19889, now 19877 , sum entries = 30885 . . . Used time: 0s Expected left time: 0s          
 Analyzing entries 19859 - 19889, now 19878 , sum entries = 30885 . . . Used time: 0s Expected left time: 0s          
 Analyzing entries 19859 - 19889, now 19879 , sum entries = 30885 . . . Used time: 0s Expected left time: 0s          
 Analyzing entries 19859 - 19889, now 19880 , sum entries = 30885 . . . Used time: 0s Expected left time: 0s          
 Analyzing entries 19859 - 19889, now 19881 , sum entries = 30885 . . . Used time: 0s Expected left time: 0s          
 Analyzing entries 19859 - 19889, now 19882 , sum entries = 30885 . . . Used time: 0s Expected left time: 0s          
 Analyzing entries 19859 - 19889, now 19883 , sum entries = 30885 . . . Used time: 0s Expected left time: 0s          
 Analyzing entries 19859 - 19889, now 19884 , sum entries = 30885 . . . Used time: 0s Expected left time: 0s          
 Analyzing entries 19859 - 19889, now 19885 , sum entries = 30885 . . . Used time: 0s Expected left time: 0s          
 Analyzing entries 19859 - 19889, now 19886 , sum entries = 30885 . . . Used time: 0s Expected left time: 0s          
 Analyzing entries 19859 - 19889, now 19887 , sum entries = 30885 . . . Used time: 0s Expected left time: 0s          
 Analyzing entries 19859 - 19889, now 19888 , sum entries = 30885 . . . Used time: 0s Expected left time: 0s          
 Save to RootFile /extdisk/zlin/Machine_learning/RecoPlanesFeatures/CMS_herwig_HT1000to1500-preVFP_jinitpt450_600_j2pt80_120Reco/Chunk64_Part3.root . . . Used time: 0s Expected left time: 0s          
 Save to RootFile /extdisk/zlin/Machine_learning/RecoPlanesFeatures/CMS_herwig_HT1000to1500-preVFP_jinitpt450_600_j2pt80_120Reco/Chunk64_Part3.root . . . Used time: 0s Expected left time: 0s          
 Save to RootFile /extdisk/zlin/Machine_learning/RecoPlanesFeatures/CMS_herwig_HT1000to1500-preVFP_jinitpt450_600_j2pt80_120Reco/Chunk64_Part3.root . . . Used time: 0s Expected left time: 0s          
 Save to RootFile /extdisk/zlin/Machine_learning/RecoPlanesFeatures/CMS_herwig_HT1000to1500-preVFP_jinitpt450_600_j2pt80_120Reco/Chunk64_Part3.root . . . Used time: 0s Expected left time: 0s          
 Save to RootFile /extdisk/zlin/Machine_learning/RecoPlanesFeatures/CMS_herwig_HT1000to1500-preVFP_jinitpt450_600_j2pt80_120Reco/Chunk64_Part3.root . . . Used time: 0s Expected left time: 0s          
 Save to RootFile /extdisk/zlin/Machine_learning/RecoPlanesFeatures/CMS_herwig_HT1000to1500-preVFP_jinitpt450_600_j2pt80_120Reco/Chunk64_Part3.root . . . Used time: 0s Expected left time: 0s          
 Save to RootFile /extdisk/zlin/Machine_learning/RecoPlanesFeatures/CMS_herwig_HT1000to1500-preVFP_jinitpt450_600_j2pt80_120Reco/Chunk64_Part3.root . . . Used time: 0s Expected left time: 0s          
 Analyzing entries 19889 - 19919, now 19889 , sum entries = 30885 . . . Used time: 0s Expected left time: 0s          
 Analyzing entries 19889 - 19919, now 19890 , sum entries = 30885 . . . Used time: 0s Expected left time: 0s          
 Analyzing entries 19889 - 19919, now 19891 , sum entries = 30885 . . . Used time: 0s Expected left time: 0s          
 Analyzing entries 19889 - 19919, now 19892 , sum entries = 30885 . . . Used time: 0s Expected left time: 0s          
 Analyzing entries 19889 - 19919, now 19893 , sum entries = 30885 . . . Used time: 0s Expected left time: 0s          
 Analyzing entries 19889 - 19919, now 19894 , sum entries = 30885 . . . Used time: 0s Expected left time: 0s          
 Analyzing entries 19889 - 19919, now 19895 , sum entries = 30885 . . . Used time: 0s Expected left time: 0s          
 Analyzing entries 19889 - 19919, now 19896 , sum entries = 30885 . . . Used time: 0s Expected left time: 0s          
 Analyzing entries 19889 - 19919, now 19897 , sum entries = 30885 . . . Used time: 0s Expected left time: 0s          
 Analyzing entries 19889 - 19919, now 19898 , sum entries = 30885 . . . Used time: 0s Expected left time: 0s          
 Analyzing entries 19889 - 19919, now 19899 , sum entries = 30885 . . . Used time: 0s Expected left time: 0s          
 Analyzing entries 19889 - 19919, now 19900 , sum entries = 30885 . . . Used time: 0s Expected left time: 0s          
 Analyzing entries 19889 - 19919, now 19901 , sum entries = 30885 . . . Used time: 0s Expected left time: 0s          
 Analyzing entries 19889 - 19919, now 19902 , sum entries = 30885 . . . Used time: 0s Expected left time: 0s          
 Analyzing entries 19889 - 19919, now 19903 , sum entries = 30885 . . . Used time: 0s Expected left time: 0s          
 Analyzing entries 19889 - 19919, now 19904 , sum entries = 30885 . . . Used time: 0s Expected left time: 0s          
 Analyzing entries 19889 - 19919, now 19905 , sum entries = 30885 . . . Used time: 0s Expected left time: 0s          
 Analyzing entries 19889 - 19919, now 19906 , sum entries = 30885 . . . Used time: 0s Expected left time: 0s          
 Analyzing entries 19889 - 19919, now 19907 , sum entries = 30885 . . . Used time: 0s Expected left time: 0s          
 Analyzing entries 19889 - 19919, now 19908 , sum entries = 30885 . . . Used time: 0s Expected left time: 0s          
 Analyzing entries 19889 - 19919, now 19909 , sum entries = 30885 . . . Used time: 0s Expected left time: 0s          
 Analyzing entries 19889 - 19919, now 19910 , sum entries = 30885 . . . Used time: 0s Expected left time: 0s          
 Analyzing entries 19889 - 19919, now 19911 , sum entries = 30885 . . . Used time: 0s Expected left time: 0s          
 Analyzing entries 19889 - 19919, now 19912 , sum entries = 30885 . . . Used time: 0s Expected left time: 0s          
 Analyzing entries 19889 - 19919, now 19913 , sum entries = 30885 . . . Used time: 0s Expected left time: 0s          
 Analyzing entries 19889 - 19919, now 19914 , sum entries = 30885 . . . Used time: 0s Expected left time: 0s          
 Analyzing entries 19889 - 19919, now 19915 , sum entries = 30885 . . . Used time: 0s Expected left time: 0s          
 Analyzing entries 19889 - 19919, now 19916 , sum entries = 30885 . . . Used time: 0s Expected left time: 0s          
 Analyzing entries 19889 - 19919, now 19917 , sum entries = 30885 . . . Used time: 0s Expected left time: 0s          
 Analyzing entries 19889 - 19919, now 19918 , sum entries = 30885 . . . Used time: 0s Expected left time: 0s          
 Save to RootFile /extdisk/zlin/Machine_learning/RecoPlanesFeatures/CMS_herwig_HT1000to1500-preVFP_jinitpt450_600_j2pt80_120Reco/Chunk64_Part4.root . . . Used time: 0s Expected left time: 0s          
 Save to RootFile /extdisk/zlin/Machine_learning/RecoPlanesFeatures/CMS_herwig_HT1000to1500-preVFP_jinitpt450_600_j2pt80_120Reco/Chunk64_Part4.root . . . Used time: 0s Expected left time: 0s          
 Save to RootFile /extdisk/zlin/Machine_learning/RecoPlanesFeatures/CMS_herwig_HT1000to1500-preVFP_jinitpt450_600_j2pt80_120Reco/Chunk64_Part4.root . . . Used time: 0s Expected left time: 0s          
 Save to RootFile /extdisk/zlin/Machine_learning/RecoPlanesFeatures/CMS_herwig_HT1000to1500-preVFP_jinitpt450_600_j2pt80_120Reco/Chunk64_Part4.root . . . Used time: 0s Expected left time: 0s          
 Analyzing entries 19920 - 19950, now 19920 , sum entries = 30885 . . . Used time: 0s Expected left time: 0s          
 Analyzing entries 19920 - 19950, now 19921 , sum entries = 30885 . . . Used time: 0s Expected left time: 0s          
 Analyzing entries 19920 - 19950, now 19922 , sum entries = 30885 . . . Used time: 0s Expected left time: 0s          
 Analyzing entries 19920 - 19950, now 19923 , sum entries = 30885 . . . Used time: 0s Expected left time: 0s          
 Analyzing entries 19920 - 19950, now 19924 , sum entries = 30885 . . . Used time: 0s Expected left time: 0s          
 Analyzing entries 19920 - 19950, now 19925 , sum entries = 30885 . . . Used time: 0s Expected left time: 0s          
 Analyzing entries 19920 - 19950, now 19926 , sum entries = 30885 . . . Used time: 0s Expected left time: 0s          
 Analyzing entries 19920 - 19950, now 19927 , sum entries = 30885 . . . Used time: 0s Expected left time: 0s          
 Analyzing entries 19920 - 19950, now 19928 , sum entries = 30885 . . . Used time: 0s Expected left time: 0s          
 Analyzing entries 19920 - 19950, now 19929 , sum entries = 30885 . . . Used time: 0s Expected left time: 0s          
 Analyzing entries 19920 - 19950, now 19930 , sum entries = 30885 . . . Used time: 0s Expected left time: 0s          
 Analyzing entries 19920 - 19950, now 19931 , sum entries = 30885 . . . Used time: 0s Expected left time: 0s          
 Analyzing entries 19920 - 19950, now 19932 , sum entries = 30885 . . . Used time: 0s Expected left time: 0s          
 Analyzing entries 19920 - 19950, now 19933 , sum entries = 30885 . . . Used time: 0s Expected left time: 0s          
 Analyzing entries 19920 - 19950, now 19934 , sum entries = 30885 . . . Used time: 0s Expected left time: 0s          
 Analyzing entries 19920 - 19950, now 19935 , sum entries = 30885 . . . Used time: 0s Expected left time: 0s          
 Analyzing entries 19920 - 19950, now 19936 , sum entries = 30885 . . . Used time: 0s Expected left time: 0s          
 Analyzing entries 19920 - 19950, now 19937 , sum entries = 30885 . . . Used time: 0s Expected left time: 0s          
 Analyzing entries 19920 - 19950, now 19938 , sum entries = 30885 . . . Used time: 0s Expected left time: 0s          
 Analyzing entries 19920 - 19950, now 19939 , sum entries = 30885 . . . Used time: 0s Expected left time: 0s          
 Analyzing entries 19920 - 19950, now 19940 , sum entries = 30885 . . . Used time: 0s Expected left time: 0s          
 Analyzing entries 19920 - 19950, now 19941 , sum entries = 30885 . . . Used time: 0s Expected left time: 0s          
 Analyzing entries 19920 - 19950, now 19942 , sum entries = 30885 . . . Used time: 0s Expected left time: 0s          
 Analyzing entries 19920 - 19950, now 19943 , sum entries = 30885 . . . Used time: 0s Expected left time: 0s          
 Analyzing entries 19920 - 19950, now 19944 , sum entries = 30885 . . . Used time: 0s Expected left time: 0s          
 Analyzing entries 19920 - 19950, now 19945 , sum entries = 30885 . . . Used time: 0s Expected left time: 0s          
 Analyzing entries 19920 - 19950, now 19946 , sum entries = 30885 . . . Used time: 0s Expected left time: 0s          
 Analyzing entries 19920 - 19950, now 19947 , sum entries = 30885 . . . Used time: 0s Expected left time: 0s          
 Analyzing entries 19920 - 19950, now 19948 , sum entries = 30885 . . . Used time: 0s Expected left time: 0s          
 Analyzing entries 19920 - 19950, now 19949 , sum entries = 30885 . . . Used time: 0s Expected left time: 0s          
 Save to RootFile /extdisk/zlin/Machine_learning/RecoPlanesFeatures/CMS_herwig_HT1000to1500-preVFP_jinitpt450_600_j2pt80_120Reco/Chunk64_Part5.root . . . Used time: 0s Expected left time: 0s          
 Save to RootFile /extdisk/zlin/Machine_learning/RecoPlanesFeatures/CMS_herwig_HT1000to1500-preVFP_jinitpt450_600_j2pt80_120Reco/Chunk64_Part5.root . . . Used time: 0s Expected left time: 0s          
 Save to RootFile /extdisk/zlin/Machine_learning/RecoPlanesFeatures/CMS_herwig_HT1000to1500-preVFP_jinitpt450_600_j2pt80_120Reco/Chunk64_Part5.root . . . Used time: 0s Expected left time: 0s          
 Save to RootFile /extdisk/zlin/Machine_learning/RecoPlanesFeatures/CMS_herwig_HT1000to1500-preVFP_jinitpt450_600_j2pt80_120Reco/Chunk64_Part5.root . . . Used time: 0s Expected left time: 0s          
 Analyzing entries 19951 - 19981, now 19951 , sum entries = 30885 . . . Used time: 0s Expected left time: 0s          
 Analyzing entries 19951 - 19981, now 19952 , sum entries = 30885 . . . Used time: 0s Expected left time: 0s          
 Analyzing entries 19951 - 19981, now 19953 , sum entries = 30885 . . . Used time: 0s Expected left time: 0s          
 Analyzing entries 19951 - 19981, now 19954 , sum entries = 30885 . . . Used time: 0s Expected left time: 0s          
 Analyzing entries 19951 - 19981, now 19955 , sum entries = 30885 . . . Used time: 0s Expected left time: 0s          
 Analyzing entries 19951 - 19981, now 19956 , sum entries = 30885 . . . Used time: 0s Expected left time: 0s          
 Analyzing entries 19951 - 19981, now 19957 , sum entries = 30885 . . . Used time: 0s Expected left time: 0s          
 Analyzing entries 19951 - 19981, now 19958 , sum entries = 30885 . . . Used time: 0s Expected left time: 0s          
 Analyzing entries 19951 - 19981, now 19959 , sum entries = 30885 . . . Used time: 0s Expected left time: 0s          
 Analyzing entries 19951 - 19981, now 19960 , sum entries = 30885 . . . Used time: 0s Expected left time: 0s          
 Analyzing entries 19951 - 19981, now 19961 , sum entries = 30885 . . . Used time: 0s Expected left time: 0s          
 Analyzing entries 19951 - 19981, now 19962 , sum entries = 30885 . . . Used time: 0s Expected left time: 0s          
 Analyzing entries 19951 - 19981, now 19963 , sum entries = 30885 . . . Used time: 0s Expected left time: 0s          
 Analyzing entries 19951 - 19981, now 19964 , sum entries = 30885 . . . Used time: 0s Expected left time: 0s          
 Analyzing entries 19951 - 19981, now 19965 , sum entries = 30885 . . . Used time: 0s Expected left time: 0s          
 Analyzing entries 19951 - 19981, now 19966 , sum entries = 30885 . . . Used time: 0s Expected left time: 0s          
 Analyzing entries 19951 - 19981, now 19967 , sum entries = 30885 . . . Used time: 0s Expected left time: 0s          
 Analyzing entries 19951 - 19981, now 19968 , sum entries = 30885 . . . Used time: 0s Expected left time: 0s          
 Analyzing entries 19951 - 19981, now 19969 , sum entries = 30885 . . . Used time: 0s Expected left time: 0s          
 Analyzing entries 19951 - 19981, now 19970 , sum entries = 30885 . . . Used time: 0s Expected left time: 0s          
 Analyzing entries 19951 - 19981, now 19971 , sum entries = 30885 . . . Used time: 0s Expected left time: 0s          
 Analyzing entries 19951 - 19981, now 19972 , sum entries = 30885 . . . Used time: 0s Expected left time: 0s          
 Analyzing entries 19951 - 19981, now 19973 , sum entries = 30885 . . . Used time: 0s Expected left time: 0s          
 Analyzing entries 19951 - 19981, now 19974 , sum entries = 30885 . . . Used time: 0s Expected left time: 0s          
 Analyzing entries 19951 - 19981, now 19975 , sum entries = 30885 . . . Used time: 0s Expected left time: 0s          
 Analyzing entries 19951 - 19981, now 19976 , sum entries = 30885 . . . Used time: 0s Expected left time: 0s          
 Analyzing entries 19951 - 19981, now 19977 , sum entries = 30885 . . . Used time: 0s Expected left time: 0s          
 Analyzing entries 19951 - 19981, now 19978 , sum entries = 30885 . . . Used time: 0s Expected left time: 0s          
 Analyzing entries 19951 - 19981, now 19979 , sum entries = 30885 . . . Used time: 0s Expected left time: 0s          
 Analyzing entries 19951 - 19981, now 19980 , sum entries = 30885 . . . Used time: 0s Expected left time: 0s          
 Save to RootFile /extdisk/zlin/Machine_learning/RecoPlanesFeatures/CMS_herwig_HT1000to1500-preVFP_jinitpt450_600_j2pt80_120Reco/Chunk64_Part6.root . . . Used time: 0s Expected left time: 0s          
 Save to RootFile /extdisk/zlin/Machine_learning/RecoPlanesFeatures/CMS_herwig_HT1000to1500-preVFP_jinitpt450_600_j2pt80_120Reco/Chunk64_Part6.root . . . Used time: 0s Expected left time: 0s          
 Save to RootFile /extdisk/zlin/Machine_learning/RecoPlanesFeatures/CMS_herwig_HT1000to1500-preVFP_jinitpt450_600_j2pt80_120Reco/Chunk64_Part6.root . . . Used time: 0s Expected left time: 0s          
 Save to RootFile /extdisk/zlin/Machine_learning/RecoPlanesFeatures/CMS_herwig_HT1000to1500-preVFP_jinitpt450_600_j2pt80_120Reco/Chunk64_Part6.root . . . Used time: 0s Expected left time: 0s          
 Analyzing entries 19982 - 20012, now 19982 , sum entries = 30885 . . . Used time: 0s Expected left time: 0s          
 Analyzing entries 19982 - 20012, now 19983 , sum entries = 30885 . . . Used time: 0s Expected left time: 0s          
 Analyzing entries 19982 - 20012, now 19984 , sum entries = 30885 . . . Used time: 0s Expected left time: 0s          
 Analyzing entries 19982 - 20012, now 19985 , sum entries = 30885 . . . Used time: 0s Expected left time: 0s          
 Analyzing entries 19982 - 20012, now 19986 , sum entries = 30885 . . . Used time: 0s Expected left time: 0s          
 Analyzing entries 19982 - 20012, now 19987 , sum entries = 30885 . . . Used time: 0s Expected left time: 0s          
 Analyzing entries 19982 - 20012, now 19988 , sum entries = 30885 . . . Used time: 0s Expected left time: 0s          
 Analyzing entries 19982 - 20012, now 19989 , sum entries = 30885 . . . Used time: 0s Expected left time: 0s          
 Analyzing entries 19982 - 20012, now 19990 , sum entries = 30885 . . . Used time: 0s Expected left time: 0s          
 Analyzing entries 19982 - 20012, now 19991 , sum entries = 30885 . . . Used time: 0s Expected left time: 0s          
 Analyzing entries 19982 - 20012, now 19992 , sum entries = 30885 . . . Used time: 0s Expected left time: 0s          
 Analyzing entries 19982 - 20012, now 19993 , sum entries = 30885 . . . Used time: 0s Expected left time: 0s          
 Analyzing entries 19982 - 20012, now 19994 , sum entries = 30885 . . . Used time: 0s Expected left time: 0s          
 Analyzing entries 19982 - 20012, now 19995 , sum entries = 30885 . . . Used time: 0s Expected left time: 0s          
 Analyzing entries 19982 - 20012, now 19996 , sum entries = 30885 . . . Used time: 0s Expected left time: 0s          
 Analyzing entries 19982 - 20012, now 19997 , sum entries = 30885 . . . Used time: 0s Expected left time: 0s          
 Analyzing entries 19982 - 20012, now 19998 , sum entries = 30885 . . . Used time: 0s Expected left time: 0s          
 Analyzing entries 19982 - 20012, now 19999 , sum entries = 30885 . . . Used time: 0s Expected left time: 0s          
 Analyzing entries 19982 - 20012, now 20000 , sum entries = 30885 . . . Used time: 0s Expected left time: 0s          
 Analyzing entries 19982 - 20012, now 20001 , sum entries = 30885 . . . Used time: 0s Expected left time: 0s          
 Analyzing entries 19982 - 20012, now 20002 , sum entries = 30885 . . . Used time: 0s Expected left time: 0s          
 Analyzing entries 19982 - 20012, now 20003 , sum entries = 30885 . . . Used time: 0s Expected left time: 0s          
 Analyzing entries 19982 - 20012, now 20004 , sum entries = 30885 . . . Used time: 0s Expected left time: 0s          
 Analyzing entries 19982 - 20012, now 20005 , sum entries = 30885 . . . Used time: 0s Expected left time: 0s          
 Analyzing entries 19982 - 20012, now 20006 , sum entries = 30885 . . . Used time: 0s Expected left time: 0s          
 Analyzing entries 19982 - 20012, now 20007 , sum entries = 30885 . . . Used time: 0s Expected left time: 0s          
 Analyzing entries 19982 - 20012, now 20008 , sum entries = 30885 . . . Used time: 0s Expected left time: 0s          
 Analyzing entries 19982 - 20012, now 20009 , sum entries = 30885 . . . Used time: 0s Expected left time: 0s          
 Analyzing entries 19982 - 20012, now 20010 , sum entries = 30885 . . . Used time: 0s Expected left time: 0s          
 Analyzing entries 19982 - 20012, now 20011 , sum entries = 30885 . . . Used time: 0s Expected left time: 0s          
 Save to RootFile /extdisk/zlin/Machine_learning/RecoPlanesFeatures/CMS_herwig_HT1000to1500-preVFP_jinitpt450_600_j2pt80_120Reco/Chunk64_Part7.root . . . Used time: 0s Expected left time: 0s          
 Save to RootFile /extdisk/zlin/Machine_learning/RecoPlanesFeatures/CMS_herwig_HT1000to1500-preVFP_jinitpt450_600_j2pt80_120Reco/Chunk64_Part7.root . . . Used time: 0s Expected left time: 0s          
 Save to RootFile /extdisk/zlin/Machine_learning/RecoPlanesFeatures/CMS_herwig_HT1000to1500-preVFP_jinitpt450_600_j2pt80_120Reco/Chunk64_Part7.root . . . Used time: 0s Expected left time: 0s          
 Save to RootFile /extdisk/zlin/Machine_learning/RecoPlanesFeatures/CMS_herwig_HT1000to1500-preVFP_jinitpt450_600_j2pt80_120Reco/Chunk64_Part7.root . . . Used time: 0s Expected left time: 0s          
 Analyzing entries 20013 - 20043, now 20013 , sum entries = 30885 . . . Used time: 0s Expected left time: 0s          
 Analyzing entries 20013 - 20043, now 20014 , sum entries = 30885 . . . Used time: 0s Expected left time: 0s          
 Analyzing entries 20013 - 20043, now 20015 , sum entries = 30885 . . . Used time: 0s Expected left time: 0s          
 Analyzing entries 20013 - 20043, now 20016 , sum entries = 30885 . . . Used time: 0s Expected left time: 0s          
 Analyzing entries 20013 - 20043, now 20017 , sum entries = 30885 . . . Used time: 0s Expected left time: 0s          
 Analyzing entries 20013 - 20043, now 20018 , sum entries = 30885 . . . Used time: 0s Expected left time: 0s          
 Analyzing entries 20013 - 20043, now 20019 , sum entries = 30885 . . . Used time: 0s Expected left time: 0s          
 Analyzing entries 20013 - 20043, now 20020 , sum entries = 30885 . . . Used time: 0s Expected left time: 0s          
 Analyzing entries 20013 - 20043, now 20021 , sum entries = 30885 . . . Used time: 0s Expected left time: 0s          
 Analyzing entries 20013 - 20043, now 20022 , sum entries = 30885 . . . Used time: 0s Expected left time: 0s          
 Analyzing entries 20013 - 20043, now 20023 , sum entries = 30885 . . . Used time: 0s Expected left time: 0s          
 Analyzing entries 20013 - 20043, now 20024 , sum entries = 30885 . . . Used time: 0s Expected left time: 0s          
 Analyzing entries 20013 - 20043, now 20025 , sum entries = 30885 . . . Used time: 0s Expected left time: 0s          
 Analyzing entries 20013 - 20043, now 20026 , sum entries = 30885 . . . Used time: 0s Expected left time: 0s          
 Analyzing entries 20013 - 20043, now 20027 , sum entries = 30885 . . . Used time: 0s Expected left time: 0s          
 Analyzing entries 20013 - 20043, now 20028 , sum entries = 30885 . . . Used time: 0s Expected left time: 0s          
 Analyzing entries 20013 - 20043, now 20029 , sum entries = 30885 . . . Used time: 0s Expected left time: 0s          
 Analyzing entries 20013 - 20043, now 20030 , sum entries = 30885 . . . Used time: 0s Expected left time: 0s          
 Analyzing entries 20013 - 20043, now 20031 , sum entries = 30885 . . . Used time: 0s Expected left time: 0s          
 Analyzing entries 20013 - 20043, now 20032 , sum entries = 30885 . . . Used time: 0s Expected left time: 0s          
 Analyzing entries 20013 - 20043, now 20033 , sum entries = 30885 . . . Used time: 0s Expected left time: 0s          
 Analyzing entries 20013 - 20043, now 20034 , sum entries = 30885 . . . Used time: 0s Expected left time: 0s          
 Analyzing entries 20013 - 20043, now 20035 , sum entries = 30885 . . . Used time: 0s Expected left time: 0s          
 Analyzing entries 20013 - 20043, now 20036 , sum entries = 30885 . . . Used time: 0s Expected left time: 0s          
 Analyzing entries 20013 - 20043, now 20037 , sum entries = 30885 . . . Used time: 0s Expected left time: 0s          
 Analyzing entries 20013 - 20043, now 20038 , sum entries = 30885 . . . Used time: 0s Expected left time: 0s          
 Analyzing entries 20013 - 20043, now 20039 , sum entries = 30885 . . . Used time: 0s Expected left time: 0s          
 Analyzing entries 20013 - 20043, now 20040 , sum entries = 30885 . . . Used time: 0s Expected left time: 0s          
 Analyzing entries 20013 - 20043, now 20041 , sum entries = 30885 . . . Used time: 0s Expected left time: 0s          
 Analyzing entries 20013 - 20043, now 20042 , sum entries = 30885 . . . Used time: 0s Expected left time: 0s          
 Save to RootFile /extdisk/zlin/Machine_learning/RecoPlanesFeatures/CMS_herwig_HT1000to1500-preVFP_jinitpt450_600_j2pt80_120Reco/Chunk64_Part8.root . . . Used time: 0s Expected left time: 0s          
 Save to RootFile /extdisk/zlin/Machine_learning/RecoPlanesFeatures/CMS_herwig_HT1000to1500-preVFP_jinitpt450_600_j2pt80_120Reco/Chunk64_Part8.root . . . Used time: 0s Expected left time: 0s          
 Save to RootFile /extdisk/zlin/Machine_learning/RecoPlanesFeatures/CMS_herwig_HT1000to1500-preVFP_jinitpt450_600_j2pt80_120Reco/Chunk64_Part8.root . . . Used time: 0s Expected left time: 0s          
 Save to RootFile /extdisk/zlin/Machine_learning/RecoPlanesFeatures/CMS_herwig_HT1000to1500-preVFP_jinitpt450_600_j2pt80_120Reco/Chunk64_Part8.root . . . Used time: 0s Expected left time: 0s          
 Analyzing entries 20044 - 20074, now 20044 , sum entries = 30885 . . . Used time: 0s Expected left time: 0s          
 Analyzing entries 20044 - 20074, now 20045 , sum entries = 30885 . . . Used time: 0s Expected left time: 0s          
 Analyzing entries 20044 - 20074, now 20046 , sum entries = 30885 . . . Used time: 0s Expected left time: 0s          
 Analyzing entries 20044 - 20074, now 20047 , sum entries = 30885 . . . Used time: 0s Expected left time: 0s          
 Analyzing entries 20044 - 20074, now 20048 , sum entries = 30885 . . . Used time: 0s Expected left time: 0s          
 Analyzing entries 20044 - 20074, now 20049 , sum entries = 30885 . . . Used time: 0s Expected left time: 0s          
 Analyzing entries 20044 - 20074, now 20050 , sum entries = 30885 . . . Used time: 0s Expected left time: 0s          
 Analyzing entries 20044 - 20074, now 20051 , sum entries = 30885 . . . Used time: 0s Expected left time: 0s          
 Analyzing entries 20044 - 20074, now 20052 , sum entries = 30885 . . . Used time: 0s Expected left time: 0s          
 Analyzing entries 20044 - 20074, now 20053 , sum entries = 30885 . . . Used time: 0s Expected left time: 0s          
 Analyzing entries 20044 - 20074, now 20054 , sum entries = 30885 . . . Used time: 0s Expected left time: 0s          
 Analyzing entries 20044 - 20074, now 20055 , sum entries = 30885 . . . Used time: 0s Expected left time: 0s          
 Analyzing entries 20044 - 20074, now 20056 , sum entries = 30885 . . . Used time: 0s Expected left time: 0s          
 Analyzing entries 20044 - 20074, now 20057 , sum entries = 30885 . . . Used time: 0s Expected left time: 0s          
 Analyzing entries 20044 - 20074, now 20058 , sum entries = 30885 . . . Used time: 0s Expected left time: 0s          
 Analyzing entries 20044 - 20074, now 20059 , sum entries = 30885 . . . Used time: 0s Expected left time: 0s          
 Analyzing entries 20044 - 20074, now 20060 , sum entries = 30885 . . . Used time: 0s Expected left time: 0s          
 Analyzing entries 20044 - 20074, now 20061 , sum entries = 30885 . . . Used time: 0s Expected left time: 0s          
 Analyzing entries 20044 - 20074, now 20062 , sum entries = 30885 . . . Used time: 0s Expected left time: 0s          
 Analyzing entries 20044 - 20074, now 20063 , sum entries = 30885 . . . Used time: 0s Expected left time: 0s          
 Analyzing entries 20044 - 20074, now 20064 , sum entries = 30885 . . . Used time: 0s Expected left time: 0s          
 Analyzing entries 20044 - 20074, now 20065 , sum entries = 30885 . . . Used time: 0s Expected left time: 0s          
 Analyzing entries 20044 - 20074, now 20066 , sum entries = 30885 . . . Used time: 0s Expected left time: 0s          
 Analyzing entries 20044 - 20074, now 20067 , sum entries = 30885 . . . Used time: 0s Expected left time: 0s          
 Analyzing entries 20044 - 20074, now 20068 , sum entries = 30885 . . . Used time: 0s Expected left time: 0s          
 Analyzing entries 20044 - 20074, now 20069 , sum entries = 30885 . . . Used time: 0s Expected left time: 0s          
 Analyzing entries 20044 - 20074, now 20070 , sum entries = 30885 . . . Used time: 0s Expected left time: 0s          
 Analyzing entries 20044 - 20074, now 20071 , sum entries = 30885 . . . Used time: 0s Expected left time: 0s          
 Analyzing entries 20044 - 20074, now 20072 , sum entries = 30885 . . . Used time: 0s Expected left time: 0s          
 Analyzing entries 20044 - 20074, now 20073 , sum entries = 30885 . . . Used time: 0s Expected left time: 0s          
 Save to RootFile /extdisk/zlin/Machine_learning/RecoPlanesFeatures/CMS_herwig_HT1000to1500-preVFP_jinitpt450_600_j2pt80_120Reco/Chunk64_Part9.root . . . Used time: 0s Expected left time: 0s          
 Save to RootFile /extdisk/zlin/Machine_learning/RecoPlanesFeatures/CMS_herwig_HT1000to1500-preVFP_jinitpt450_600_j2pt80_120Reco/Chunk64_Part9.root . . . Used time: 0s Expected left time: 0s          
 Save to RootFile /extdisk/zlin/Machine_learning/RecoPlanesFeatures/CMS_herwig_HT1000to1500-preVFP_jinitpt450_600_j2pt80_120Reco/Chunk64_Part9.root . . . Used time: 0s Expected left time: 0s          
 Save to RootFile /extdisk/zlin/Machine_learning/RecoPlanesFeatures/CMS_herwig_HT1000to1500-preVFP_jinitpt450_600_j2pt80_120Reco/Chunk64_Part9.root . . . Used time: 0s Expected left time: 0s          
