Warning in <TFile::Init>: file /extdisk/zlin/Machine_learning/RecoPlanes/CMS_herwig_HT1000to1500-preVFP/Chunk25_Part0.root probably not closed, trying to recover
Warning in <TFile::Init>: no keys recovered, file has been made a Zombie
Warning in <TFile::Init>: file /extdisk/zlin/Machine_learning/RecoPlanes/CMS_herwig_HT1000to1500-preVFP/Chunk39_Part0.root probably not closed, trying to recover
Warning in <TFile::Init>: no keys recovered, file has been made a Zombie
 Analyzing entries 24116 - 24147, now 24116 , sum entries = 31320 . . . Used time: 0s Expected left time: 0s          
 Analyzing entries 24116 - 24147, now 24117 , sum entries = 31320 . . . Used time: 0s Expected left time: 0s          
 Analyzing entries 24116 - 24147, now 24118 , sum entries = 31320 . . . Used time: 0s Expected left time: 0s          
 Analyzing entries 24116 - 24147, now 24119 , sum entries = 31320 . . . Used time: 0s Expected left time: 0s          
 Analyzing entries 24116 - 24147, now 24120 , sum entries = 31320 . . . Used time: 0s Expected left time: 0s          
 Analyzing entries 24116 - 24147, now 24121 , sum entries = 31320 . . . Used time: 0s Expected left time: 0s          
 Analyzing entries 24116 - 24147, now 24122 , sum entries = 31320 . . . Used time: 0s Expected left time: 0s          
 Analyzing entries 24116 - 24147, now 24123 , sum entries = 31320 . . . Used time: 0s Expected left time: 0s          
 Analyzing entries 24116 - 24147, now 24124 , sum entries = 31320 . . . Used time: 0s Expected left time: 0s          
 Analyzing entries 24116 - 24147, now 24125 , sum entries = 31320 . . . Used time: 0s Expected left time: 0s          
 Analyzing entries 24116 - 24147, now 24126 , sum entries = 31320 . . . Used time: 0s Expected left time: 0s          
 Analyzing entries 24116 - 24147, now 24127 , sum entries = 31320 . . . Used time: 0s Expected left time: 0s          
 Analyzing entries 24116 - 24147, now 24128 , sum entries = 31320 . . . Used time: 0s Expected left time: 0s          
 Analyzing entries 24116 - 24147, now 24129 , sum entries = 31320 . . . Used time: 0s Expected left time: 0s          
 Analyzing entries 24116 - 24147, now 24130 , sum entries = 31320 . . . Used time: 0s Expected left time: 0s          
 Analyzing entries 24116 - 24147, now 24131 , sum entries = 31320 . . . Used time: 0s Expected left time: 0s          
 Analyzing entries 24116 - 24147, now 24132 , sum entries = 31320 . . . Used time: 0s Expected left time: 0s          
 Analyzing entries 24116 - 24147, now 24133 , sum entries = 31320 . . . Used time: 0s Expected left time: 0s          
 Analyzing entries 24116 - 24147, now 24134 , sum entries = 31320 . . . Used time: 0s Expected left time: 0s          
 Analyzing entries 24116 - 24147, now 24135 , sum entries = 31320 . . . Used time: 0s Expected left time: 0s          
 Analyzing entries 24116 - 24147, now 24136 , sum entries = 31320 . . . Used time: 0s Expected left time: 0s          
 Analyzing entries 24116 - 24147, now 24137 , sum entries = 31320 . . . Used time: 0s Expected left time: 0s          
 Analyzing entries 24116 - 24147, now 24138 , sum entries = 31320 . . . Used time: 0s Expected left time: 0s          
 Analyzing entries 24116 - 24147, now 24139 , sum entries = 31320 . . . Used time: 0s Expected left time: 0s          
 Analyzing entries 24116 - 24147, now 24140 , sum entries = 31320 . . . Used time: 0s Expected left time: 0s          
 Analyzing entries 24116 - 24147, now 24141 , sum entries = 31320 . . . Used time: 0s Expected left time: 0s          
 Analyzing entries 24116 - 24147, now 24142 , sum entries = 31320 . . . Used time: 0s Expected left time: 0s          
 Analyzing entries 24116 - 24147, now 24143 , sum entries = 31320 . . . Used time: 0s Expected left time: 0s          
 Analyzing entries 24116 - 24147, now 24144 , sum entries = 31320 . . . Used time: 0s Expected left time: 0s          
 Analyzing entries 24116 - 24147, now 24145 , sum entries = 31320 . . . Used time: 0s Expected left time: 0s          
 Analyzing entries 24116 - 24147, now 24146 , sum entries = 31320 . . . Used time: 0s Expected left time: 0s          
 Save to RootFile /extdisk/zlin/Machine_learning/RecoPlanesFeatures/CMS_herwig_HT1000to1500-preVFP_jinitpt450_600_j2pt80_120Reco/Chunk77_Part0.root . . . Used time: 0s Expected left time: 0s          
 Save to RootFile /extdisk/zlin/Machine_learning/RecoPlanesFeatures/CMS_herwig_HT1000to1500-preVFP_jinitpt450_600_j2pt80_120Reco/Chunk77_Part0.root . . . Used time: 0s Expected left time: 0s          
 Save to RootFile /extdisk/zlin/Machine_learning/RecoPlanesFeatures/CMS_herwig_HT1000to1500-preVFP_jinitpt450_600_j2pt80_120Reco/Chunk77_Part0.root . . . Used time: 0s Expected left time: 0s          
 Analyzing entries 24147 - 24178, now 24147 , sum entries = 31320 . . . Used time: 0s Expected left time: 0s          
 Analyzing entries 24147 - 24178, now 24148 , sum entries = 31320 . . . Used time: 0s Expected left time: 0s          
 Analyzing entries 24147 - 24178, now 24149 , sum entries = 31320 . . . Used time: 0s Expected left time: 0s          
 Analyzing entries 24147 - 24178, now 24150 , sum entries = 31320 . . . Used time: 0s Expected left time: 0s          
 Analyzing entries 24147 - 24178, now 24151 , sum entries = 31320 . . . Used time: 0s Expected left time: 0s          
 Analyzing entries 24147 - 24178, now 24152 , sum entries = 31320 . . . Used time: 0s Expected left time: 0s          
 Analyzing entries 24147 - 24178, now 24153 , sum entries = 31320 . . . Used time: 0s Expected left time: 0s          
 Analyzing entries 24147 - 24178, now 24154 , sum entries = 31320 . . . Used time: 0s Expected left time: 0s          
 Analyzing entries 24147 - 24178, now 24155 , sum entries = 31320 . . . Used time: 0s Expected left time: 0s          
 Analyzing entries 24147 - 24178, now 24156 , sum entries = 31320 . . . Used time: 0s Expected left time: 0s          
 Analyzing entries 24147 - 24178, now 24157 , sum entries = 31320 . . . Used time: 0s Expected left time: 0s          
 Analyzing entries 24147 - 24178, now 24158 , sum entries = 31320 . . . Used time: 0s Expected left time: 0s          
 Analyzing entries 24147 - 24178, now 24159 , sum entries = 31320 . . . Used time: 0s Expected left time: 0s          
 Analyzing entries 24147 - 24178, now 24160 , sum entries = 31320 . . . Used time: 0s Expected left time: 0s          
 Analyzing entries 24147 - 24178, now 24161 , sum entries = 31320 . . . Used time: 0s Expected left time: 0s          
 Analyzing entries 24147 - 24178, now 24162 , sum entries = 31320 . . . Used time: 0s Expected left time: 0s          
 Analyzing entries 24147 - 24178, now 24163 , sum entries = 31320 . . . Used time: 0s Expected left time: 0s          
 Analyzing entries 24147 - 24178, now 24164 , sum entries = 31320 . . . Used time: 0s Expected left time: 0s          
 Analyzing entries 24147 - 24178, now 24165 , sum entries = 31320 . . . Used time: 0s Expected left time: 0s          
 Analyzing entries 24147 - 24178, now 24166 , sum entries = 31320 . . . Used time: 0s Expected left time: 0s          
 Analyzing entries 24147 - 24178, now 24167 , sum entries = 31320 . . . Used time: 0s Expected left time: 0s          
 Analyzing entries 24147 - 24178, now 24168 , sum entries = 31320 . . . Used time: 0s Expected left time: 0s          
 Analyzing entries 24147 - 24178, now 24169 , sum entries = 31320 . . . Used time: 0s Expected left time: 0s          
 Analyzing entries 24147 - 24178, now 24170 , sum entries = 31320 . . . Used time: 0s Expected left time: 0s          
 Analyzing entries 24147 - 24178, now 24171 , sum entries = 31320 . . . Used time: 0s Expected left time: 0s          
 Analyzing entries 24147 - 24178, now 24172 , sum entries = 31320 . . . Used time: 0s Expected left time: 0s          
 Analyzing entries 24147 - 24178, now 24173 , sum entries = 31320 . . . Used time: 0s Expected left time: 0s          
 Analyzing entries 24147 - 24178, now 24174 , sum entries = 31320 . . . Used time: 0s Expected left time: 0s          
 Analyzing entries 24147 - 24178, now 24175 , sum entries = 31320 . . . Used time: 0s Expected left time: 0s          
 Analyzing entries 24147 - 24178, now 24176 , sum entries = 31320 . . . Used time: 0s Expected left time: 0s          
 Analyzing entries 24147 - 24178, now 24177 , sum entries = 31320 . . . Used time: 0s Expected left time: 0s          
 Save to RootFile /extdisk/zlin/Machine_learning/RecoPlanesFeatures/CMS_herwig_HT1000to1500-preVFP_jinitpt450_600_j2pt80_120Reco/Chunk77_Part1.root . . . Used time: 0s Expected left time: 0s          
 Save to RootFile /extdisk/zlin/Machine_learning/RecoPlanesFeatures/CMS_herwig_HT1000to1500-preVFP_jinitpt450_600_j2pt80_120Reco/Chunk77_Part1.root . . . Used time: 0s Expected left time: 0s          
 Save to RootFile /extdisk/zlin/Machine_learning/RecoPlanesFeatures/CMS_herwig_HT1000to1500-preVFP_jinitpt450_600_j2pt80_120Reco/Chunk77_Part1.root . . . Used time: 0s Expected left time: 0s          
 Save to RootFile /extdisk/zlin/Machine_learning/RecoPlanesFeatures/CMS_herwig_HT1000to1500-preVFP_jinitpt450_600_j2pt80_120Reco/Chunk77_Part1.root . . . Used time: 0s Expected left time: 0s          
 Analyzing entries 24179 - 24210, now 24179 , sum entries = 31320 . . . Used time: 0s Expected left time: 0s          
 Analyzing entries 24179 - 24210, now 24180 , sum entries = 31320 . . . Used time: 0s Expected left time: 0s          
 Analyzing entries 24179 - 24210, now 24181 , sum entries = 31320 . . . Used time: 0s Expected left time: 0s          
 Analyzing entries 24179 - 24210, now 24182 , sum entries = 31320 . . . Used time: 0s Expected left time: 0s          
 Analyzing entries 24179 - 24210, now 24183 , sum entries = 31320 . . . Used time: 0s Expected left time: 0s          
 Analyzing entries 24179 - 24210, now 24184 , sum entries = 31320 . . . Used time: 0s Expected left time: 0s          
 Analyzing entries 24179 - 24210, now 24185 , sum entries = 31320 . . . Used time: 0s Expected left time: 0s          
 Analyzing entries 24179 - 24210, now 24186 , sum entries = 31320 . . . Used time: 0s Expected left time: 0s          
 Analyzing entries 24179 - 24210, now 24187 , sum entries = 31320 . . . Used time: 0s Expected left time: 0s          
 Analyzing entries 24179 - 24210, now 24188 , sum entries = 31320 . . . Used time: 0s Expected left time: 0s          
 Analyzing entries 24179 - 24210, now 24189 , sum entries = 31320 . . . Used time: 0s Expected left time: 0s          
 Analyzing entries 24179 - 24210, now 24190 , sum entries = 31320 . . . Used time: 0s Expected left time: 0s          
 Analyzing entries 24179 - 24210, now 24191 , sum entries = 31320 . . . Used time: 0s Expected left time: 0s          
 Analyzing entries 24179 - 24210, now 24192 , sum entries = 31320 . . . Used time: 0s Expected left time: 0s          
 Analyzing entries 24179 - 24210, now 24193 , sum entries = 31320 . . . Used time: 0s Expected left time: 0s          
 Analyzing entries 24179 - 24210, now 24194 , sum entries = 31320 . . . Used time: 0s Expected left time: 0s          
 Analyzing entries 24179 - 24210, now 24195 , sum entries = 31320 . . . Used time: 0s Expected left time: 0s          
 Analyzing entries 24179 - 24210, now 24196 , sum entries = 31320 . . . Used time: 0s Expected left time: 0s          
 Analyzing entries 24179 - 24210, now 24197 , sum entries = 31320 . . . Used time: 0s Expected left time: 0s          
 Analyzing entries 24179 - 24210, now 24198 , sum entries = 31320 . . . Used time: 0s Expected left time: 0s          
 Analyzing entries 24179 - 24210, now 24199 , sum entries = 31320 . . . Used time: 0s Expected left time: 0s          
 Analyzing entries 24179 - 24210, now 24200 , sum entries = 31320 . . . Used time: 0s Expected left time: 0s          
 Analyzing entries 24179 - 24210, now 24201 , sum entries = 31320 . . . Used time: 0s Expected left time: 0s          
 Analyzing entries 24179 - 24210, now 24202 , sum entries = 31320 . . . Used time: 0s Expected left time: 0s          
 Analyzing entries 24179 - 24210, now 24203 , sum entries = 31320 . . . Used time: 0s Expected left time: 0s          
 Analyzing entries 24179 - 24210, now 24204 , sum entries = 31320 . . . Used time: 0s Expected left time: 0s          
 Analyzing entries 24179 - 24210, now 24205 , sum entries = 31320 . . . Used time: 0s Expected left time: 0s          
 Analyzing entries 24179 - 24210, now 24206 , sum entries = 31320 . . . Used time: 0s Expected left time: 0s          
 Analyzing entries 24179 - 24210, now 24207 , sum entries = 31320 . . . Used time: 0s Expected left time: 0s          
 Analyzing entries 24179 - 24210, now 24208 , sum entries = 31320 . . . Used time: 0s Expected left time: 0s          
 Analyzing entries 24179 - 24210, now 24209 , sum entries = 31320 . . . Used time: 0s Expected left time: 0s          
 Save to RootFile /extdisk/zlin/Machine_learning/RecoPlanesFeatures/CMS_herwig_HT1000to1500-preVFP_jinitpt450_600_j2pt80_120Reco/Chunk77_Part2.root . . . Used time: 0s Expected left time: 0s          
 Save to RootFile /extdisk/zlin/Machine_learning/RecoPlanesFeatures/CMS_herwig_HT1000to1500-preVFP_jinitpt450_600_j2pt80_120Reco/Chunk77_Part2.root . . . Used time: 0s Expected left time: 0s          
 Save to RootFile /extdisk/zlin/Machine_learning/RecoPlanesFeatures/CMS_herwig_HT1000to1500-preVFP_jinitpt450_600_j2pt80_120Reco/Chunk77_Part2.root . . . Used time: 0s Expected left time: 0s          
 Save to RootFile /extdisk/zlin/Machine_learning/RecoPlanesFeatures/CMS_herwig_HT1000to1500-preVFP_jinitpt450_600_j2pt80_120Reco/Chunk77_Part2.root . . . Used time: 0s Expected left time: 0s          
 Analyzing entries 24210 - 24241, now 24210 , sum entries = 31320 . . . Used time: 0s Expected left time: 0s          
 Analyzing entries 24210 - 24241, now 24211 , sum entries = 31320 . . . Used time: 0s Expected left time: 0s          
 Analyzing entries 24210 - 24241, now 24212 , sum entries = 31320 . . . Used time: 0s Expected left time: 0s          
 Analyzing entries 24210 - 24241, now 24213 , sum entries = 31320 . . . Used time: 0s Expected left time: 0s          
 Analyzing entries 24210 - 24241, now 24214 , sum entries = 31320 . . . Used time: 0s Expected left time: 0s          
 Analyzing entries 24210 - 24241, now 24215 , sum entries = 31320 . . . Used time: 0s Expected left time: 0s          
 Analyzing entries 24210 - 24241, now 24216 , sum entries = 31320 . . . Used time: 0s Expected left time: 0s          
 Analyzing entries 24210 - 24241, now 24217 , sum entries = 31320 . . . Used time: 0s Expected left time: 0s          
 Analyzing entries 24210 - 24241, now 24218 , sum entries = 31320 . . . Used time: 0s Expected left time: 0s          
 Analyzing entries 24210 - 24241, now 24219 , sum entries = 31320 . . . Used time: 0s Expected left time: 0s          
 Analyzing entries 24210 - 24241, now 24220 , sum entries = 31320 . . . Used time: 0s Expected left time: 0s          
 Analyzing entries 24210 - 24241, now 24221 , sum entries = 31320 . . . Used time: 0s Expected left time: 0s          
 Analyzing entries 24210 - 24241, now 24222 , sum entries = 31320 . . . Used time: 0s Expected left time: 0s          
 Analyzing entries 24210 - 24241, now 24223 , sum entries = 31320 . . . Used time: 0s Expected left time: 0s          
 Analyzing entries 24210 - 24241, now 24224 , sum entries = 31320 . . . Used time: 0s Expected left time: 0s          
 Analyzing entries 24210 - 24241, now 24225 , sum entries = 31320 . . . Used time: 0s Expected left time: 0s          
 Analyzing entries 24210 - 24241, now 24226 , sum entries = 31320 . . . Used time: 0s Expected left time: 0s          
 Analyzing entries 24210 - 24241, now 24227 , sum entries = 31320 . . . Used time: 0s Expected left time: 0s          
 Analyzing entries 24210 - 24241, now 24228 , sum entries = 31320 . . . Used time: 0s Expected left time: 0s          
 Analyzing entries 24210 - 24241, now 24229 , sum entries = 31320 . . . Used time: 0s Expected left time: 0s          
 Analyzing entries 24210 - 24241, now 24230 , sum entries = 31320 . . . Used time: 0s Expected left time: 0s          
 Analyzing entries 24210 - 24241, now 24231 , sum entries = 31320 . . . Used time: 0s Expected left time: 0s          
 Analyzing entries 24210 - 24241, now 24232 , sum entries = 31320 . . . Used time: 0s Expected left time: 0s          
 Analyzing entries 24210 - 24241, now 24233 , sum entries = 31320 . . . Used time: 0s Expected left time: 0s          
 Analyzing entries 24210 - 24241, now 24234 , sum entries = 31320 . . . Used time: 0s Expected left time: 0s          
 Analyzing entries 24210 - 24241, now 24235 , sum entries = 31320 . . . Used time: 0s Expected left time: 0s          
 Analyzing entries 24210 - 24241, now 24236 , sum entries = 31320 . . . Used time: 0s Expected left time: 0s          
 Analyzing entries 24210 - 24241, now 24237 , sum entries = 31320 . . . Used time: 0s Expected left time: 0s          
 Analyzing entries 24210 - 24241, now 24238 , sum entries = 31320 . . . Used time: 0s Expected left time: 0s          
 Analyzing entries 24210 - 24241, now 24239 , sum entries = 31320 . . . Used time: 0s Expected left time: 0s          
 Analyzing entries 24210 - 24241, now 24240 , sum entries = 31320 . . . Used time: 0s Expected left time: 0s          
 Save to RootFile /extdisk/zlin/Machine_learning/RecoPlanesFeatures/CMS_herwig_HT1000to1500-preVFP_jinitpt450_600_j2pt80_120Reco/Chunk77_Part3.root . . . Used time: 0s Expected left time: 0s          
 Save to RootFile /extdisk/zlin/Machine_learning/RecoPlanesFeatures/CMS_herwig_HT1000to1500-preVFP_jinitpt450_600_j2pt80_120Reco/Chunk77_Part3.root . . . Used time: 0s Expected left time: 0s          
 Save to RootFile /extdisk/zlin/Machine_learning/RecoPlanesFeatures/CMS_herwig_HT1000to1500-preVFP_jinitpt450_600_j2pt80_120Reco/Chunk77_Part3.root . . . Used time: 0s Expected left time: 0s          
 Save to RootFile /extdisk/zlin/Machine_learning/RecoPlanesFeatures/CMS_herwig_HT1000to1500-preVFP_jinitpt450_600_j2pt80_120Reco/Chunk77_Part3.root . . . Used time: 0s Expected left time: 0s          
 Save to RootFile /extdisk/zlin/Machine_learning/RecoPlanesFeatures/CMS_herwig_HT1000to1500-preVFP_jinitpt450_600_j2pt80_120Reco/Chunk77_Part3.root . . . Used time: 0s Expected left time: 0s          
 Analyzing entries 24241 - 24272, now 24241 , sum entries = 31320 . . . Used time: 0s Expected left time: 0s          
 Analyzing entries 24241 - 24272, now 24242 , sum entries = 31320 . . . Used time: 0s Expected left time: 0s          
 Analyzing entries 24241 - 24272, now 24243 , sum entries = 31320 . . . Used time: 0s Expected left time: 0s          
 Analyzing entries 24241 - 24272, now 24244 , sum entries = 31320 . . . Used time: 0s Expected left time: 0s          
 Analyzing entries 24241 - 24272, now 24245 , sum entries = 31320 . . . Used time: 0s Expected left time: 0s          
 Analyzing entries 24241 - 24272, now 24246 , sum entries = 31320 . . . Used time: 0s Expected left time: 0s          
 Analyzing entries 24241 - 24272, now 24247 , sum entries = 31320 . . . Used time: 0s Expected left time: 0s          
 Analyzing entries 24241 - 24272, now 24248 , sum entries = 31320 . . . Used time: 0s Expected left time: 0s          
 Analyzing entries 24241 - 24272, now 24249 , sum entries = 31320 . . . Used time: 0s Expected left time: 0s          
 Analyzing entries 24241 - 24272, now 24250 , sum entries = 31320 . . . Used time: 0s Expected left time: 0s          
 Analyzing entries 24241 - 24272, now 24251 , sum entries = 31320 . . . Used time: 0s Expected left time: 0s          
 Analyzing entries 24241 - 24272, now 24252 , sum entries = 31320 . . . Used time: 0s Expected left time: 0s          
 Analyzing entries 24241 - 24272, now 24253 , sum entries = 31320 . . . Used time: 0s Expected left time: 0s          
 Analyzing entries 24241 - 24272, now 24254 , sum entries = 31320 . . . Used time: 0s Expected left time: 0s          
 Analyzing entries 24241 - 24272, now 24255 , sum entries = 31320 . . . Used time: 0s Expected left time: 0s          
 Analyzing entries 24241 - 24272, now 24256 , sum entries = 31320 . . . Used time: 0s Expected left time: 0s          
 Analyzing entries 24241 - 24272, now 24257 , sum entries = 31320 . . . Used time: 0s Expected left time: 0s          
 Analyzing entries 24241 - 24272, now 24258 , sum entries = 31320 . . . Used time: 0s Expected left time: 0s          
 Analyzing entries 24241 - 24272, now 24259 , sum entries = 31320 . . . Used time: 0s Expected left time: 0s          
 Analyzing entries 24241 - 24272, now 24260 , sum entries = 31320 . . . Used time: 0s Expected left time: 0s          
 Analyzing entries 24241 - 24272, now 24261 , sum entries = 31320 . . . Used time: 0s Expected left time: 0s          
 Analyzing entries 24241 - 24272, now 24262 , sum entries = 31320 . . . Used time: 0s Expected left time: 0s          
 Analyzing entries 24241 - 24272, now 24263 , sum entries = 31320 . . . Used time: 0s Expected left time: 0s          
 Analyzing entries 24241 - 24272, now 24264 , sum entries = 31320 . . . Used time: 0s Expected left time: 0s          
 Analyzing entries 24241 - 24272, now 24265 , sum entries = 31320 . . . Used time: 0s Expected left time: 0s          
 Analyzing entries 24241 - 24272, now 24266 , sum entries = 31320 . . . Used time: 0s Expected left time: 0s          
 Analyzing entries 24241 - 24272, now 24267 , sum entries = 31320 . . . Used time: 0s Expected left time: 0s          
 Analyzing entries 24241 - 24272, now 24268 , sum entries = 31320 . . . Used time: 0s Expected left time: 0s          
 Analyzing entries 24241 - 24272, now 24269 , sum entries = 31320 . . . Used time: 0s Expected left time: 0s          
 Analyzing entries 24241 - 24272, now 24270 , sum entries = 31320 . . . Used time: 0s Expected left time: 0s          
 Analyzing entries 24241 - 24272, now 24271 , sum entries = 31320 . . . Used time: 0s Expected left time: 0s          
 Save to RootFile /extdisk/zlin/Machine_learning/RecoPlanesFeatures/CMS_herwig_HT1000to1500-preVFP_jinitpt450_600_j2pt80_120Reco/Chunk77_Part4.root . . . Used time: 0s Expected left time: 0s          
 Save to RootFile /extdisk/zlin/Machine_learning/RecoPlanesFeatures/CMS_herwig_HT1000to1500-preVFP_jinitpt450_600_j2pt80_120Reco/Chunk77_Part4.root . . . Used time: 0s Expected left time: 0s          
 Save to RootFile /extdisk/zlin/Machine_learning/RecoPlanesFeatures/CMS_herwig_HT1000to1500-preVFP_jinitpt450_600_j2pt80_120Reco/Chunk77_Part4.root . . . Used time: 0s Expected left time: 0s          
 Analyzing entries 24273 - 24304, now 24273 , sum entries = 31320 . . . Used time: 0s Expected left time: 0s          
 Analyzing entries 24273 - 24304, now 24274 , sum entries = 31320 . . . Used time: 0s Expected left time: 0s          
 Analyzing entries 24273 - 24304, now 24275 , sum entries = 31320 . . . Used time: 0s Expected left time: 0s          
 Analyzing entries 24273 - 24304, now 24276 , sum entries = 31320 . . . Used time: 0s Expected left time: 0s          
 Analyzing entries 24273 - 24304, now 24277 , sum entries = 31320 . . . Used time: 0s Expected left time: 0s          
 Analyzing entries 24273 - 24304, now 24278 , sum entries = 31320 . . . Used time: 0s Expected left time: 0s          
 Analyzing entries 24273 - 24304, now 24279 , sum entries = 31320 . . . Used time: 0s Expected left time: 0s          
 Analyzing entries 24273 - 24304, now 24280 , sum entries = 31320 . . . Used time: 0s Expected left time: 0s          
 Analyzing entries 24273 - 24304, now 24281 , sum entries = 31320 . . . Used time: 0s Expected left time: 0s          
 Analyzing entries 24273 - 24304, now 24282 , sum entries = 31320 . . . Used time: 0s Expected left time: 0s          
 Analyzing entries 24273 - 24304, now 24283 , sum entries = 31320 . . . Used time: 0s Expected left time: 0s          
 Analyzing entries 24273 - 24304, now 24284 , sum entries = 31320 . . . Used time: 0s Expected left time: 0s          
 Analyzing entries 24273 - 24304, now 24285 , sum entries = 31320 . . . Used time: 0s Expected left time: 0s          
 Analyzing entries 24273 - 24304, now 24286 , sum entries = 31320 . . . Used time: 0s Expected left time: 0s          
 Analyzing entries 24273 - 24304, now 24287 , sum entries = 31320 . . . Used time: 0s Expected left time: 0s          
 Analyzing entries 24273 - 24304, now 24288 , sum entries = 31320 . . . Used time: 0s Expected left time: 0s          
 Analyzing entries 24273 - 24304, now 24289 , sum entries = 31320 . . . Used time: 0s Expected left time: 0s          
 Analyzing entries 24273 - 24304, now 24290 , sum entries = 31320 . . . Used time: 0s Expected left time: 0s          
 Analyzing entries 24273 - 24304, now 24291 , sum entries = 31320 . . . Used time: 0s Expected left time: 0s          
 Analyzing entries 24273 - 24304, now 24292 , sum entries = 31320 . . . Used time: 0s Expected left time: 0s          
 Analyzing entries 24273 - 24304, now 24293 , sum entries = 31320 . . . Used time: 0s Expected left time: 0s          
 Analyzing entries 24273 - 24304, now 24294 , sum entries = 31320 . . . Used time: 0s Expected left time: 0s          
 Analyzing entries 24273 - 24304, now 24295 , sum entries = 31320 . . . Used time: 0s Expected left time: 0s          
 Analyzing entries 24273 - 24304, now 24296 , sum entries = 31320 . . . Used time: 0s Expected left time: 0s          
 Analyzing entries 24273 - 24304, now 24297 , sum entries = 31320 . . . Used time: 0s Expected left time: 0s          
 Analyzing entries 24273 - 24304, now 24298 , sum entries = 31320 . . . Used time: 0s Expected left time: 0s          
 Analyzing entries 24273 - 24304, now 24299 , sum entries = 31320 . . . Used time: 0s Expected left time: 0s          
 Analyzing entries 24273 - 24304, now 24300 , sum entries = 31320 . . . Used time: 0s Expected left time: 0s          
 Analyzing entries 24273 - 24304, now 24301 , sum entries = 31320 . . . Used time: 0s Expected left time: 0s          
 Analyzing entries 24273 - 24304, now 24302 , sum entries = 31320 . . . Used time: 0s Expected left time: 0s          
 Analyzing entries 24273 - 24304, now 24303 , sum entries = 31320 . . . Used time: 0s Expected left time: 0s          
 Save to RootFile /extdisk/zlin/Machine_learning/RecoPlanesFeatures/CMS_herwig_HT1000to1500-preVFP_jinitpt450_600_j2pt80_120Reco/Chunk77_Part5.root . . . Used time: 0s Expected left time: 0s          
 Save to RootFile /extdisk/zlin/Machine_learning/RecoPlanesFeatures/CMS_herwig_HT1000to1500-preVFP_jinitpt450_600_j2pt80_120Reco/Chunk77_Part5.root . . . Used time: 0s Expected left time: 0s          
 Save to RootFile /extdisk/zlin/Machine_learning/RecoPlanesFeatures/CMS_herwig_HT1000to1500-preVFP_jinitpt450_600_j2pt80_120Reco/Chunk77_Part5.root . . . Used time: 0s Expected left time: 0s          
 Save to RootFile /extdisk/zlin/Machine_learning/RecoPlanesFeatures/CMS_herwig_HT1000to1500-preVFP_jinitpt450_600_j2pt80_120Reco/Chunk77_Part5.root . . . Used time: 0s Expected left time: 0s          
 Save to RootFile /extdisk/zlin/Machine_learning/RecoPlanesFeatures/CMS_herwig_HT1000to1500-preVFP_jinitpt450_600_j2pt80_120Reco/Chunk77_Part5.root . . . Used time: 0s Expected left time: 0s          
 Analyzing entries 24304 - 24335, now 24304 , sum entries = 31320 . . . Used time: 0s Expected left time: 0s          
 Analyzing entries 24304 - 24335, now 24305 , sum entries = 31320 . . . Used time: 0s Expected left time: 0s          
 Analyzing entries 24304 - 24335, now 24306 , sum entries = 31320 . . . Used time: 0s Expected left time: 0s          
 Analyzing entries 24304 - 24335, now 24307 , sum entries = 31320 . . . Used time: 0s Expected left time: 0s          
 Analyzing entries 24304 - 24335, now 24308 , sum entries = 31320 . . . Used time: 0s Expected left time: 0s          
 Analyzing entries 24304 - 24335, now 24309 , sum entries = 31320 . . . Used time: 0s Expected left time: 0s          
 Analyzing entries 24304 - 24335, now 24310 , sum entries = 31320 . . . Used time: 0s Expected left time: 0s          
 Analyzing entries 24304 - 24335, now 24311 , sum entries = 31320 . . . Used time: 0s Expected left time: 0s          
 Analyzing entries 24304 - 24335, now 24312 , sum entries = 31320 . . . Used time: 0s Expected left time: 0s          
 Analyzing entries 24304 - 24335, now 24313 , sum entries = 31320 . . . Used time: 0s Expected left time: 0s          
 Analyzing entries 24304 - 24335, now 24314 , sum entries = 31320 . . . Used time: 0s Expected left time: 0s          
 Analyzing entries 24304 - 24335, now 24315 , sum entries = 31320 . . . Used time: 0s Expected left time: 0s          
 Analyzing entries 24304 - 24335, now 24316 , sum entries = 31320 . . . Used time: 0s Expected left time: 0s          
 Analyzing entries 24304 - 24335, now 24317 , sum entries = 31320 . . . Used time: 0s Expected left time: 0s          
 Analyzing entries 24304 - 24335, now 24318 , sum entries = 31320 . . . Used time: 0s Expected left time: 0s          
 Analyzing entries 24304 - 24335, now 24319 , sum entries = 31320 . . . Used time: 0s Expected left time: 0s          
 Analyzing entries 24304 - 24335, now 24320 , sum entries = 31320 . . . Used time: 0s Expected left time: 0s          
 Analyzing entries 24304 - 24335, now 24321 , sum entries = 31320 . . . Used time: 0s Expected left time: 0s          
 Analyzing entries 24304 - 24335, now 24322 , sum entries = 31320 . . . Used time: 0s Expected left time: 0s          
 Analyzing entries 24304 - 24335, now 24323 , sum entries = 31320 . . . Used time: 0s Expected left time: 0s          
 Analyzing entries 24304 - 24335, now 24324 , sum entries = 31320 . . . Used time: 0s Expected left time: 0s          
 Analyzing entries 24304 - 24335, now 24325 , sum entries = 31320 . . . Used time: 0s Expected left time: 0s          
 Analyzing entries 24304 - 24335, now 24326 , sum entries = 31320 . . . Used time: 0s Expected left time: 0s          
 Analyzing entries 24304 - 24335, now 24327 , sum entries = 31320 . . . Used time: 0s Expected left time: 0s          
 Analyzing entries 24304 - 24335, now 24328 , sum entries = 31320 . . . Used time: 0s Expected left time: 0s          
 Analyzing entries 24304 - 24335, now 24329 , sum entries = 31320 . . . Used time: 0s Expected left time: 0s          
 Analyzing entries 24304 - 24335, now 24330 , sum entries = 31320 . . . Used time: 0s Expected left time: 0s          
 Analyzing entries 24304 - 24335, now 24331 , sum entries = 31320 . . . Used time: 0s Expected left time: 0s          
 Analyzing entries 24304 - 24335, now 24332 , sum entries = 31320 . . . Used time: 0s Expected left time: 0s          
 Analyzing entries 24304 - 24335, now 24333 , sum entries = 31320 . . . Used time: 0s Expected left time: 0s          
 Analyzing entries 24304 - 24335, now 24334 , sum entries = 31320 . . . Used time: 0s Expected left time: 0s          
 Save to RootFile /extdisk/zlin/Machine_learning/RecoPlanesFeatures/CMS_herwig_HT1000to1500-preVFP_jinitpt450_600_j2pt80_120Reco/Chunk77_Part6.root . . . Used time: 0s Expected left time: 0s          
 Save to RootFile /extdisk/zlin/Machine_learning/RecoPlanesFeatures/CMS_herwig_HT1000to1500-preVFP_jinitpt450_600_j2pt80_120Reco/Chunk77_Part6.root . . . Used time: 0s Expected left time: 0s          
 Save to RootFile /extdisk/zlin/Machine_learning/RecoPlanesFeatures/CMS_herwig_HT1000to1500-preVFP_jinitpt450_600_j2pt80_120Reco/Chunk77_Part6.root . . . Used time: 0s Expected left time: 0s          
 Save to RootFile /extdisk/zlin/Machine_learning/RecoPlanesFeatures/CMS_herwig_HT1000to1500-preVFP_jinitpt450_600_j2pt80_120Reco/Chunk77_Part6.root . . . Used time: 0s Expected left time: 0s          
 Save to RootFile /extdisk/zlin/Machine_learning/RecoPlanesFeatures/CMS_herwig_HT1000to1500-preVFP_jinitpt450_600_j2pt80_120Reco/Chunk77_Part6.root . . . Used time: 0s Expected left time: 0s          
 Save to RootFile /extdisk/zlin/Machine_learning/RecoPlanesFeatures/CMS_herwig_HT1000to1500-preVFP_jinitpt450_600_j2pt80_120Reco/Chunk77_Part6.root . . . Used time: 0s Expected left time: 0s          
 Analyzing entries 24335 - 24366, now 24335 , sum entries = 31320 . . . Used time: 0s Expected left time: 0s          
 Analyzing entries 24335 - 24366, now 24336 , sum entries = 31320 . . . Used time: 0s Expected left time: 0s          
 Analyzing entries 24335 - 24366, now 24337 , sum entries = 31320 . . . Used time: 0s Expected left time: 0s          
 Analyzing entries 24335 - 24366, now 24338 , sum entries = 31320 . . . Used time: 0s Expected left time: 0s          
 Analyzing entries 24335 - 24366, now 24339 , sum entries = 31320 . . . Used time: 0s Expected left time: 0s          
 Analyzing entries 24335 - 24366, now 24340 , sum entries = 31320 . . . Used time: 0s Expected left time: 0s          
 Analyzing entries 24335 - 24366, now 24341 , sum entries = 31320 . . . Used time: 0s Expected left time: 0s          
 Analyzing entries 24335 - 24366, now 24342 , sum entries = 31320 . . . Used time: 0s Expected left time: 0s          
 Analyzing entries 24335 - 24366, now 24343 , sum entries = 31320 . . . Used time: 0s Expected left time: 0s          
 Analyzing entries 24335 - 24366, now 24344 , sum entries = 31320 . . . Used time: 0s Expected left time: 0s          
 Analyzing entries 24335 - 24366, now 24345 , sum entries = 31320 . . . Used time: 0s Expected left time: 0s          
 Analyzing entries 24335 - 24366, now 24346 , sum entries = 31320 . . . Used time: 0s Expected left time: 0s          
 Analyzing entries 24335 - 24366, now 24347 , sum entries = 31320 . . . Used time: 0s Expected left time: 0s          
 Analyzing entries 24335 - 24366, now 24348 , sum entries = 31320 . . . Used time: 0s Expected left time: 0s          
 Analyzing entries 24335 - 24366, now 24349 , sum entries = 31320 . . . Used time: 0s Expected left time: 0s          
 Analyzing entries 24335 - 24366, now 24350 , sum entries = 31320 . . . Used time: 0s Expected left time: 0s          
 Analyzing entries 24335 - 24366, now 24351 , sum entries = 31320 . . . Used time: 0s Expected left time: 0s          
 Analyzing entries 24335 - 24366, now 24352 , sum entries = 31320 . . . Used time: 0s Expected left time: 0s          
 Analyzing entries 24335 - 24366, now 24353 , sum entries = 31320 . . . Used time: 0s Expected left time: 0s          
 Analyzing entries 24335 - 24366, now 24354 , sum entries = 31320 . . . Used time: 0s Expected left time: 0s          
 Analyzing entries 24335 - 24366, now 24355 , sum entries = 31320 . . . Used time: 0s Expected left time: 0s          
 Analyzing entries 24335 - 24366, now 24356 , sum entries = 31320 . . . Used time: 0s Expected left time: 0s          
 Analyzing entries 24335 - 24366, now 24357 , sum entries = 31320 . . . Used time: 0s Expected left time: 0s          
 Analyzing entries 24335 - 24366, now 24358 , sum entries = 31320 . . . Used time: 0s Expected left time: 0s          
 Analyzing entries 24335 - 24366, now 24359 , sum entries = 31320 . . . Used time: 0s Expected left time: 0s          
 Analyzing entries 24335 - 24366, now 24360 , sum entries = 31320 . . . Used time: 0s Expected left time: 0s          
 Analyzing entries 24335 - 24366, now 24361 , sum entries = 31320 . . . Used time: 0s Expected left time: 0s          
 Analyzing entries 24335 - 24366, now 24362 , sum entries = 31320 . . . Used time: 0s Expected left time: 0s          
 Analyzing entries 24335 - 24366, now 24363 , sum entries = 31320 . . . Used time: 0s Expected left time: 0s          
 Analyzing entries 24335 - 24366, now 24364 , sum entries = 31320 . . . Used time: 0s Expected left time: 0s          
 Analyzing entries 24335 - 24366, now 24365 , sum entries = 31320 . . . Used time: 0s Expected left time: 0s          
 Save to RootFile /extdisk/zlin/Machine_learning/RecoPlanesFeatures/CMS_herwig_HT1000to1500-preVFP_jinitpt450_600_j2pt80_120Reco/Chunk77_Part7.root . . . Used time: 0s Expected left time: 0s          
 Save to RootFile /extdisk/zlin/Machine_learning/RecoPlanesFeatures/CMS_herwig_HT1000to1500-preVFP_jinitpt450_600_j2pt80_120Reco/Chunk77_Part7.root . . . Used time: 0s Expected left time: 0s          
 Save to RootFile /extdisk/zlin/Machine_learning/RecoPlanesFeatures/CMS_herwig_HT1000to1500-preVFP_jinitpt450_600_j2pt80_120Reco/Chunk77_Part7.root . . . Used time: 0s Expected left time: 0s          
 Analyzing entries 24366 - 24397, now 24366 , sum entries = 31320 . . . Used time: 0s Expected left time: 0s          
 Analyzing entries 24366 - 24397, now 24367 , sum entries = 31320 . . . Used time: 0s Expected left time: 0s          
 Analyzing entries 24366 - 24397, now 24368 , sum entries = 31320 . . . Used time: 0s Expected left time: 0s          
 Analyzing entries 24366 - 24397, now 24369 , sum entries = 31320 . . . Used time: 0s Expected left time: 0s          
 Analyzing entries 24366 - 24397, now 24370 , sum entries = 31320 . . . Used time: 0s Expected left time: 0s          
 Analyzing entries 24366 - 24397, now 24371 , sum entries = 31320 . . . Used time: 0s Expected left time: 0s          
 Analyzing entries 24366 - 24397, now 24372 , sum entries = 31320 . . . Used time: 0s Expected left time: 0s          
 Analyzing entries 24366 - 24397, now 24373 , sum entries = 31320 . . . Used time: 0s Expected left time: 0s          
 Analyzing entries 24366 - 24397, now 24374 , sum entries = 31320 . . . Used time: 0s Expected left time: 0s          
 Analyzing entries 24366 - 24397, now 24375 , sum entries = 31320 . . . Used time: 0s Expected left time: 0s          
 Analyzing entries 24366 - 24397, now 24376 , sum entries = 31320 . . . Used time: 0s Expected left time: 0s          
 Analyzing entries 24366 - 24397, now 24377 , sum entries = 31320 . . . Used time: 0s Expected left time: 0s          
 Analyzing entries 24366 - 24397, now 24378 , sum entries = 31320 . . . Used time: 0s Expected left time: 0s          
 Analyzing entries 24366 - 24397, now 24379 , sum entries = 31320 . . . Used time: 0s Expected left time: 0s          
 Analyzing entries 24366 - 24397, now 24380 , sum entries = 31320 . . . Used time: 0s Expected left time: 0s          
 Analyzing entries 24366 - 24397, now 24381 , sum entries = 31320 . . . Used time: 0s Expected left time: 0s          
 Analyzing entries 24366 - 24397, now 24382 , sum entries = 31320 . . . Used time: 0s Expected left time: 0s          
 Analyzing entries 24366 - 24397, now 24383 , sum entries = 31320 . . . Used time: 0s Expected left time: 0s          
 Analyzing entries 24366 - 24397, now 24384 , sum entries = 31320 . . . Used time: 0s Expected left time: 0s          
 Analyzing entries 24366 - 24397, now 24385 , sum entries = 31320 . . . Used time: 0s Expected left time: 0s          
 Analyzing entries 24366 - 24397, now 24386 , sum entries = 31320 . . . Used time: 0s Expected left time: 0s          
 Analyzing entries 24366 - 24397, now 24387 , sum entries = 31320 . . . Used time: 0s Expected left time: 0s          
 Analyzing entries 24366 - 24397, now 24388 , sum entries = 31320 . . . Used time: 0s Expected left time: 0s          
 Analyzing entries 24366 - 24397, now 24389 , sum entries = 31320 . . . Used time: 0s Expected left time: 0s          
 Analyzing entries 24366 - 24397, now 24390 , sum entries = 31320 . . . Used time: 0s Expected left time: 0s          
 Analyzing entries 24366 - 24397, now 24391 , sum entries = 31320 . . . Used time: 0s Expected left time: 0s          
 Analyzing entries 24366 - 24397, now 24392 , sum entries = 31320 . . . Used time: 0s Expected left time: 0s          
 Analyzing entries 24366 - 24397, now 24393 , sum entries = 31320 . . . Used time: 0s Expected left time: 0s          
 Analyzing entries 24366 - 24397, now 24394 , sum entries = 31320 . . . Used time: 0s Expected left time: 0s          
 Analyzing entries 24366 - 24397, now 24395 , sum entries = 31320 . . . Used time: 0s Expected left time: 0s          
 Analyzing entries 24366 - 24397, now 24396 , sum entries = 31320 . . . Used time: 0s Expected left time: 0s          
 Save to RootFile /extdisk/zlin/Machine_learning/RecoPlanesFeatures/CMS_herwig_HT1000to1500-preVFP_jinitpt450_600_j2pt80_120Reco/Chunk77_Part8.root . . . Used time: 0s Expected left time: 0s          
 Save to RootFile /extdisk/zlin/Machine_learning/RecoPlanesFeatures/CMS_herwig_HT1000to1500-preVFP_jinitpt450_600_j2pt80_120Reco/Chunk77_Part8.root . . . Used time: 0s Expected left time: 0s          
 Analyzing entries 24398 - 24429, now 24398 , sum entries = 31320 . . . Used time: 0s Expected left time: 0s          
 Analyzing entries 24398 - 24429, now 24399 , sum entries = 31320 . . . Used time: 0s Expected left time: 0s          
 Analyzing entries 24398 - 24429, now 24400 , sum entries = 31320 . . . Used time: 0s Expected left time: 0s          
 Analyzing entries 24398 - 24429, now 24401 , sum entries = 31320 . . . Used time: 0s Expected left time: 0s          
 Analyzing entries 24398 - 24429, now 24402 , sum entries = 31320 . . . Used time: 0s Expected left time: 0s          
 Analyzing entries 24398 - 24429, now 24403 , sum entries = 31320 . . . Used time: 0s Expected left time: 0s          
 Analyzing entries 24398 - 24429, now 24404 , sum entries = 31320 . . . Used time: 0s Expected left time: 0s          
 Analyzing entries 24398 - 24429, now 24405 , sum entries = 31320 . . . Used time: 0s Expected left time: 0s          
 Analyzing entries 24398 - 24429, now 24406 , sum entries = 31320 . . . Used time: 0s Expected left time: 0s          
 Analyzing entries 24398 - 24429, now 24407 , sum entries = 31320 . . . Used time: 0s Expected left time: 0s          
 Analyzing entries 24398 - 24429, now 24408 , sum entries = 31320 . . . Used time: 0s Expected left time: 0s          
 Analyzing entries 24398 - 24429, now 24409 , sum entries = 31320 . . . Used time: 0s Expected left time: 0s          
 Analyzing entries 24398 - 24429, now 24410 , sum entries = 31320 . . . Used time: 0s Expected left time: 0s          
 Analyzing entries 24398 - 24429, now 24411 , sum entries = 31320 . . . Used time: 0s Expected left time: 0s          
 Analyzing entries 24398 - 24429, now 24412 , sum entries = 31320 . . . Used time: 0s Expected left time: 0s          
 Analyzing entries 24398 - 24429, now 24413 , sum entries = 31320 . . . Used time: 0s Expected left time: 0s          
 Analyzing entries 24398 - 24429, now 24414 , sum entries = 31320 . . . Used time: 0s Expected left time: 0s          
 Analyzing entries 24398 - 24429, now 24415 , sum entries = 31320 . . . Used time: 0s Expected left time: 0s          
 Analyzing entries 24398 - 24429, now 24416 , sum entries = 31320 . . . Used time: 0s Expected left time: 0s          
 Analyzing entries 24398 - 24429, now 24417 , sum entries = 31320 . . . Used time: 0s Expected left time: 0s          
 Analyzing entries 24398 - 24429, now 24418 , sum entries = 31320 . . . Used time: 0s Expected left time: 0s          
 Analyzing entries 24398 - 24429, now 24419 , sum entries = 31320 . . . Used time: 0s Expected left time: 0s          
 Analyzing entries 24398 - 24429, now 24420 , sum entries = 31320 . . . Used time: 0s Expected left time: 0s          
 Analyzing entries 24398 - 24429, now 24421 , sum entries = 31320 . . . Used time: 0s Expected left time: 0s          
 Analyzing entries 24398 - 24429, now 24422 , sum entries = 31320 . . . Used time: 0s Expected left time: 0s          
 Analyzing entries 24398 - 24429, now 24423 , sum entries = 31320 . . . Used time: 0s Expected left time: 0s          
 Analyzing entries 24398 - 24429, now 24424 , sum entries = 31320 . . . Used time: 0s Expected left time: 0s          
 Analyzing entries 24398 - 24429, now 24425 , sum entries = 31320 . . . Used time: 0s Expected left time: 0s          
 Analyzing entries 24398 - 24429, now 24426 , sum entries = 31320 . . . Used time: 0s Expected left time: 0s          
 Analyzing entries 24398 - 24429, now 24427 , sum entries = 31320 . . . Used time: 0s Expected left time: 0s          
 Analyzing entries 24398 - 24429, now 24428 , sum entries = 31320 . . . Used time: 0s Expected left time: 0s          
 Save to RootFile /extdisk/zlin/Machine_learning/RecoPlanesFeatures/CMS_herwig_HT1000to1500-preVFP_jinitpt450_600_j2pt80_120Reco/Chunk77_Part9.root . . . Used time: 0s Expected left time: 0s          
 Save to RootFile /extdisk/zlin/Machine_learning/RecoPlanesFeatures/CMS_herwig_HT1000to1500-preVFP_jinitpt450_600_j2pt80_120Reco/Chunk77_Part9.root . . . Used time: 0s Expected left time: 0s          
 Save to RootFile /extdisk/zlin/Machine_learning/RecoPlanesFeatures/CMS_herwig_HT1000to1500-preVFP_jinitpt450_600_j2pt80_120Reco/Chunk77_Part9.root . . . Used time: 0s Expected left time: 0s          
 Save to RootFile /extdisk/zlin/Machine_learning/RecoPlanesFeatures/CMS_herwig_HT1000to1500-preVFP_jinitpt450_600_j2pt80_120Reco/Chunk77_Part9.root . . . Used time: 0s Expected left time: 0s          
