Warning in <TFile::Init>: file /extdisk/zlin/Machine_learning/RecoPlanes/CMS_herwig_HT1000to1500-preVFP/Chunk19_Part0.root probably not closed, trying to recover
Warning in <TFile::Init>: no keys recovered, file has been made a Zombie
Warning in <TFile::Init>: file /extdisk/zlin/Machine_learning/RecoPlanes/CMS_herwig_HT1000to1500-preVFP/Chunk20_Part0.root probably not closed, trying to recover
Info in <TFile::Recover>: /extdisk/zlin/Machine_learning/RecoPlanes/CMS_herwig_HT1000to1500-preVFP/Chunk20_Part0.root, recovered key TTree:DataInfo at address 2152193
Warning in <TFile::Init>: successfully recovered 1 keys
Warning in <TFile::Init>: file /extdisk/zlin/Machine_learning/RecoPlanes/CMS_herwig_HT1000to1500-preVFP/Chunk39_Part0.root probably not closed, trying to recover
Warning in <TFile::Init>: no keys recovered, file has been made a Zombie
 Analyzing entries 38836 - 38876, now 38836 , sum entries = 40455 . . . Used time: 0s Expected left time: 0s          
 Analyzing entries 38836 - 38876, now 38837 , sum entries = 40455 . . . Used time: 0s Expected left time: 0s          
 Analyzing entries 38836 - 38876, now 38838 , sum entries = 40455 . . . Used time: 0s Expected left time: 0s          
 Analyzing entries 38836 - 38876, now 38839 , sum entries = 40455 . . . Used time: 0s Expected left time: 0s          
 Analyzing entries 38836 - 38876, now 38840 , sum entries = 40455 . . . Used time: 0s Expected left time: 0s          
 Analyzing entries 38836 - 38876, now 38841 , sum entries = 40455 . . . Used time: 0s Expected left time: 0s          
 Analyzing entries 38836 - 38876, now 38842 , sum entries = 40455 . . . Used time: 0s Expected left time: 0s          
 Analyzing entries 38836 - 38876, now 38843 , sum entries = 40455 . . . Used time: 0s Expected left time: 0s          
 Analyzing entries 38836 - 38876, now 38844 , sum entries = 40455 . . . Used time: 0s Expected left time: 0s          
 Analyzing entries 38836 - 38876, now 38845 , sum entries = 40455 . . . Used time: 0s Expected left time: 0s          
 Analyzing entries 38836 - 38876, now 38846 , sum entries = 40455 . . . Used time: 0s Expected left time: 0s          
 Analyzing entries 38836 - 38876, now 38847 , sum entries = 40455 . . . Used time: 0s Expected left time: 0s          
 Analyzing entries 38836 - 38876, now 38848 , sum entries = 40455 . . . Used time: 0s Expected left time: 0s          
 Analyzing entries 38836 - 38876, now 38849 , sum entries = 40455 . . . Used time: 0s Expected left time: 0s          
 Analyzing entries 38836 - 38876, now 38850 , sum entries = 40455 . . . Used time: 0s Expected left time: 0s          
 Analyzing entries 38836 - 38876, now 38851 , sum entries = 40455 . . . Used time: 0s Expected left time: 0s          
 Analyzing entries 38836 - 38876, now 38852 , sum entries = 40455 . . . Used time: 0s Expected left time: 0s          
 Analyzing entries 38836 - 38876, now 38853 , sum entries = 40455 . . . Used time: 0s Expected left time: 0s          
 Analyzing entries 38836 - 38876, now 38854 , sum entries = 40455 . . . Used time: 0s Expected left time: 0s          
 Analyzing entries 38836 - 38876, now 38855 , sum entries = 40455 . . . Used time: 0s Expected left time: 0s          
 Analyzing entries 38836 - 38876, now 38856 , sum entries = 40455 . . . Used time: 0s Expected left time: 0s          
 Analyzing entries 38836 - 38876, now 38857 , sum entries = 40455 . . . Used time: 0s Expected left time: 0s          
 Analyzing entries 38836 - 38876, now 38858 , sum entries = 40455 . . . Used time: 0s Expected left time: 0s          
 Analyzing entries 38836 - 38876, now 38859 , sum entries = 40455 . . . Used time: 0s Expected left time: 0s          
 Analyzing entries 38836 - 38876, now 38860 , sum entries = 40455 . . . Used time: 0s Expected left time: 0s          
 Analyzing entries 38836 - 38876, now 38861 , sum entries = 40455 . . . Used time: 0s Expected left time: 0s          
 Analyzing entries 38836 - 38876, now 38862 , sum entries = 40455 . . . Used time: 0s Expected left time: 0s          
 Analyzing entries 38836 - 38876, now 38863 , sum entries = 40455 . . . Used time: 0s Expected left time: 0s          
 Analyzing entries 38836 - 38876, now 38864 , sum entries = 40455 . . . Used time: 0s Expected left time: 0s          
 Analyzing entries 38836 - 38876, now 38865 , sum entries = 40455 . . . Used time: 0s Expected left time: 0s          
 Analyzing entries 38836 - 38876, now 38866 , sum entries = 40455 . . . Used time: 0s Expected left time: 0s          
 Analyzing entries 38836 - 38876, now 38867 , sum entries = 40455 . . . Used time: 0s Expected left time: 0s          
 Analyzing entries 38836 - 38876, now 38868 , sum entries = 40455 . . . Used time: 0s Expected left time: 0s          
 Analyzing entries 38836 - 38876, now 38869 , sum entries = 40455 . . . Used time: 0s Expected left time: 0s          
 Analyzing entries 38836 - 38876, now 38870 , sum entries = 40455 . . . Used time: 0s Expected left time: 0s          
 Analyzing entries 38836 - 38876, now 38871 , sum entries = 40455 . . . Used time: 0s Expected left time: 0s          
 Analyzing entries 38836 - 38876, now 38872 , sum entries = 40455 . . . Used time: 0s Expected left time: 0s          
 Analyzing entries 38836 - 38876, now 38873 , sum entries = 40455 . . . Used time: 0s Expected left time: 0s          
 Analyzing entries 38836 - 38876, now 38874 , sum entries = 40455 . . . Used time: 0s Expected left time: 0s          
 Analyzing entries 38836 - 38876, now 38875 , sum entries = 40455 . . . Used time: 0s Expected left time: 0s          
 Save to RootFile /extdisk/zlin/Machine_learning/RecoPlanesFeatures/CMS_herwig_HT1000to1500-preVFP_jinitpt450_600_j2pt80_120Reco/Chunk96_Part0.root . . . Used time: 0s Expected left time: 0s          
 Save to RootFile /extdisk/zlin/Machine_learning/RecoPlanesFeatures/CMS_herwig_HT1000to1500-preVFP_jinitpt450_600_j2pt80_120Reco/Chunk96_Part0.root . . . Used time: 0s Expected left time: 0s          
 Save to RootFile /extdisk/zlin/Machine_learning/RecoPlanesFeatures/CMS_herwig_HT1000to1500-preVFP_jinitpt450_600_j2pt80_120Reco/Chunk96_Part0.root . . . Used time: 0s Expected left time: 0s          
 Save to RootFile /extdisk/zlin/Machine_learning/RecoPlanesFeatures/CMS_herwig_HT1000to1500-preVFP_jinitpt450_600_j2pt80_120Reco/Chunk96_Part0.root . . . Used time: 0s Expected left time: 0s          
 Save to RootFile /extdisk/zlin/Machine_learning/RecoPlanesFeatures/CMS_herwig_HT1000to1500-preVFP_jinitpt450_600_j2pt80_120Reco/Chunk96_Part0.root . . . Used time: 0s Expected left time: 0s          
 Save to RootFile /extdisk/zlin/Machine_learning/RecoPlanesFeatures/CMS_herwig_HT1000to1500-preVFP_jinitpt450_600_j2pt80_120Reco/Chunk96_Part0.root . . . Used time: 0s Expected left time: 0s          
 Save to RootFile /extdisk/zlin/Machine_learning/RecoPlanesFeatures/CMS_herwig_HT1000to1500-preVFP_jinitpt450_600_j2pt80_120Reco/Chunk96_Part0.root . . . Used time: 0s Expected left time: 0s          
 Analyzing entries 38877 - 38917, now 38877 , sum entries = 40455 . . . Used time: 0s Expected left time: 0s          
 Analyzing entries 38877 - 38917, now 38878 , sum entries = 40455 . . . Used time: 0s Expected left time: 0s          
 Analyzing entries 38877 - 38917, now 38879 , sum entries = 40455 . . . Used time: 0s Expected left time: 0s          
 Analyzing entries 38877 - 38917, now 38880 , sum entries = 40455 . . . Used time: 0s Expected left time: 0s          
 Analyzing entries 38877 - 38917, now 38881 , sum entries = 40455 . . . Used time: 0s Expected left time: 0s          
 Analyzing entries 38877 - 38917, now 38882 , sum entries = 40455 . . . Used time: 0s Expected left time: 0s          
 Analyzing entries 38877 - 38917, now 38883 , sum entries = 40455 . . . Used time: 0s Expected left time: 0s          
 Analyzing entries 38877 - 38917, now 38884 , sum entries = 40455 . . . Used time: 0s Expected left time: 0s          
 Analyzing entries 38877 - 38917, now 38885 , sum entries = 40455 . . . Used time: 0s Expected left time: 0s          
 Analyzing entries 38877 - 38917, now 38886 , sum entries = 40455 . . . Used time: 0s Expected left time: 0s          
 Analyzing entries 38877 - 38917, now 38887 , sum entries = 40455 . . . Used time: 0s Expected left time: 0s          
 Analyzing entries 38877 - 38917, now 38888 , sum entries = 40455 . . . Used time: 0s Expected left time: 0s          
 Analyzing entries 38877 - 38917, now 38889 , sum entries = 40455 . . . Used time: 0s Expected left time: 0s          
 Analyzing entries 38877 - 38917, now 38890 , sum entries = 40455 . . . Used time: 0s Expected left time: 0s          
 Analyzing entries 38877 - 38917, now 38891 , sum entries = 40455 . . . Used time: 0s Expected left time: 0s          
 Analyzing entries 38877 - 38917, now 38892 , sum entries = 40455 . . . Used time: 0s Expected left time: 0s          
 Analyzing entries 38877 - 38917, now 38893 , sum entries = 40455 . . . Used time: 0s Expected left time: 0s          
 Analyzing entries 38877 - 38917, now 38894 , sum entries = 40455 . . . Used time: 0s Expected left time: 0s          
 Analyzing entries 38877 - 38917, now 38895 , sum entries = 40455 . . . Used time: 0s Expected left time: 0s          
 Analyzing entries 38877 - 38917, now 38896 , sum entries = 40455 . . . Used time: 0s Expected left time: 0s          
 Analyzing entries 38877 - 38917, now 38897 , sum entries = 40455 . . . Used time: 0s Expected left time: 0s          
 Analyzing entries 38877 - 38917, now 38898 , sum entries = 40455 . . . Used time: 0s Expected left time: 0s          
 Analyzing entries 38877 - 38917, now 38899 , sum entries = 40455 . . . Used time: 0s Expected left time: 0s          
 Analyzing entries 38877 - 38917, now 38900 , sum entries = 40455 . . . Used time: 0s Expected left time: 0s          
 Analyzing entries 38877 - 38917, now 38901 , sum entries = 40455 . . . Used time: 0s Expected left time: 0s          
 Analyzing entries 38877 - 38917, now 38902 , sum entries = 40455 . . . Used time: 0s Expected left time: 0s          
 Analyzing entries 38877 - 38917, now 38903 , sum entries = 40455 . . . Used time: 0s Expected left time: 0s          
 Analyzing entries 38877 - 38917, now 38904 , sum entries = 40455 . . . Used time: 0s Expected left time: 0s          
 Analyzing entries 38877 - 38917, now 38905 , sum entries = 40455 . . . Used time: 0s Expected left time: 0s          
 Analyzing entries 38877 - 38917, now 38906 , sum entries = 40455 . . . Used time: 0s Expected left time: 0s          
 Analyzing entries 38877 - 38917, now 38907 , sum entries = 40455 . . . Used time: 0s Expected left time: 0s          
 Analyzing entries 38877 - 38917, now 38908 , sum entries = 40455 . . . Used time: 0s Expected left time: 0s          
 Analyzing entries 38877 - 38917, now 38909 , sum entries = 40455 . . . Used time: 0s Expected left time: 0s          
 Analyzing entries 38877 - 38917, now 38910 , sum entries = 40455 . . . Used time: 0s Expected left time: 0s          
 Analyzing entries 38877 - 38917, now 38911 , sum entries = 40455 . . . Used time: 0s Expected left time: 0s          
 Analyzing entries 38877 - 38917, now 38912 , sum entries = 40455 . . . Used time: 0s Expected left time: 0s          
 Analyzing entries 38877 - 38917, now 38913 , sum entries = 40455 . . . Used time: 0s Expected left time: 0s          
 Analyzing entries 38877 - 38917, now 38914 , sum entries = 40455 . . . Used time: 0s Expected left time: 0s          
 Analyzing entries 38877 - 38917, now 38915 , sum entries = 40455 . . . Used time: 0s Expected left time: 0s          
 Analyzing entries 38877 - 38917, now 38916 , sum entries = 40455 . . . Used time: 0s Expected left time: 0s          
 Save to RootFile /extdisk/zlin/Machine_learning/RecoPlanesFeatures/CMS_herwig_HT1000to1500-preVFP_jinitpt450_600_j2pt80_120Reco/Chunk96_Part1.root . . . Used time: 0s Expected left time: 0s          
 Save to RootFile /extdisk/zlin/Machine_learning/RecoPlanesFeatures/CMS_herwig_HT1000to1500-preVFP_jinitpt450_600_j2pt80_120Reco/Chunk96_Part1.root . . . Used time: 0s Expected left time: 0s          
 Save to RootFile /extdisk/zlin/Machine_learning/RecoPlanesFeatures/CMS_herwig_HT1000to1500-preVFP_jinitpt450_600_j2pt80_120Reco/Chunk96_Part1.root . . . Used time: 0s Expected left time: 0s          
 Save to RootFile /extdisk/zlin/Machine_learning/RecoPlanesFeatures/CMS_herwig_HT1000to1500-preVFP_jinitpt450_600_j2pt80_120Reco/Chunk96_Part1.root . . . Used time: 0s Expected left time: 0s          
 Save to RootFile /extdisk/zlin/Machine_learning/RecoPlanesFeatures/CMS_herwig_HT1000to1500-preVFP_jinitpt450_600_j2pt80_120Reco/Chunk96_Part1.root . . . Used time: 0s Expected left time: 0s          
 Analyzing entries 38917 - 38957, now 38917 , sum entries = 40455 . . . Used time: 0s Expected left time: 0s          
 Analyzing entries 38917 - 38957, now 38918 , sum entries = 40455 . . . Used time: 0s Expected left time: 0s          
 Analyzing entries 38917 - 38957, now 38919 , sum entries = 40455 . . . Used time: 0s Expected left time: 0s          
 Analyzing entries 38917 - 38957, now 38920 , sum entries = 40455 . . . Used time: 0s Expected left time: 0s          
 Analyzing entries 38917 - 38957, now 38921 , sum entries = 40455 . . . Used time: 0s Expected left time: 0s          
 Analyzing entries 38917 - 38957, now 38922 , sum entries = 40455 . . . Used time: 0s Expected left time: 0s          
 Analyzing entries 38917 - 38957, now 38923 , sum entries = 40455 . . . Used time: 0s Expected left time: 0s          
 Analyzing entries 38917 - 38957, now 38924 , sum entries = 40455 . . . Used time: 0s Expected left time: 0s          
 Analyzing entries 38917 - 38957, now 38925 , sum entries = 40455 . . . Used time: 0s Expected left time: 0s          
 Analyzing entries 38917 - 38957, now 38926 , sum entries = 40455 . . . Used time: 0s Expected left time: 0s          
 Analyzing entries 38917 - 38957, now 38927 , sum entries = 40455 . . . Used time: 0s Expected left time: 0s          
 Analyzing entries 38917 - 38957, now 38928 , sum entries = 40455 . . . Used time: 0s Expected left time: 0s          
 Analyzing entries 38917 - 38957, now 38929 , sum entries = 40455 . . . Used time: 0s Expected left time: 0s          
 Analyzing entries 38917 - 38957, now 38930 , sum entries = 40455 . . . Used time: 0s Expected left time: 0s          
 Analyzing entries 38917 - 38957, now 38931 , sum entries = 40455 . . . Used time: 0s Expected left time: 0s          
 Analyzing entries 38917 - 38957, now 38932 , sum entries = 40455 . . . Used time: 0s Expected left time: 0s          
 Analyzing entries 38917 - 38957, now 38933 , sum entries = 40455 . . . Used time: 0s Expected left time: 0s          
 Analyzing entries 38917 - 38957, now 38934 , sum entries = 40455 . . . Used time: 0s Expected left time: 0s          
 Analyzing entries 38917 - 38957, now 38935 , sum entries = 40455 . . . Used time: 0s Expected left time: 0s          
 Analyzing entries 38917 - 38957, now 38936 , sum entries = 40455 . . . Used time: 0s Expected left time: 0s          
 Analyzing entries 38917 - 38957, now 38937 , sum entries = 40455 . . . Used time: 0s Expected left time: 0s          
 Analyzing entries 38917 - 38957, now 38938 , sum entries = 40455 . . . Used time: 0s Expected left time: 0s          
 Analyzing entries 38917 - 38957, now 38939 , sum entries = 40455 . . . Used time: 0s Expected left time: 0s          
 Analyzing entries 38917 - 38957, now 38940 , sum entries = 40455 . . . Used time: 0s Expected left time: 0s          
 Analyzing entries 38917 - 38957, now 38941 , sum entries = 40455 . . . Used time: 0s Expected left time: 0s          
 Analyzing entries 38917 - 38957, now 38942 , sum entries = 40455 . . . Used time: 0s Expected left time: 0s          
 Analyzing entries 38917 - 38957, now 38943 , sum entries = 40455 . . . Used time: 0s Expected left time: 0s          
 Analyzing entries 38917 - 38957, now 38944 , sum entries = 40455 . . . Used time: 0s Expected left time: 0s          
 Analyzing entries 38917 - 38957, now 38945 , sum entries = 40455 . . . Used time: 0s Expected left time: 0s          
 Analyzing entries 38917 - 38957, now 38946 , sum entries = 40455 . . . Used time: 0s Expected left time: 0s          
 Analyzing entries 38917 - 38957, now 38947 , sum entries = 40455 . . . Used time: 0s Expected left time: 0s          
 Analyzing entries 38917 - 38957, now 38948 , sum entries = 40455 . . . Used time: 0s Expected left time: 0s          
 Analyzing entries 38917 - 38957, now 38949 , sum entries = 40455 . . . Used time: 0s Expected left time: 0s          
 Analyzing entries 38917 - 38957, now 38950 , sum entries = 40455 . . . Used time: 0s Expected left time: 0s          
 Analyzing entries 38917 - 38957, now 38951 , sum entries = 40455 . . . Used time: 0s Expected left time: 0s          
 Analyzing entries 38917 - 38957, now 38952 , sum entries = 40455 . . . Used time: 0s Expected left time: 0s          
 Analyzing entries 38917 - 38957, now 38953 , sum entries = 40455 . . . Used time: 0s Expected left time: 0s          
 Analyzing entries 38917 - 38957, now 38954 , sum entries = 40455 . . . Used time: 0s Expected left time: 0s          
 Analyzing entries 38917 - 38957, now 38955 , sum entries = 40455 . . . Used time: 0s Expected left time: 0s          
 Analyzing entries 38917 - 38957, now 38956 , sum entries = 40455 . . . Used time: 0s Expected left time: 0s          
 Save to RootFile /extdisk/zlin/Machine_learning/RecoPlanesFeatures/CMS_herwig_HT1000to1500-preVFP_jinitpt450_600_j2pt80_120Reco/Chunk96_Part2.root . . . Used time: 0s Expected left time: 0s          
 Save to RootFile /extdisk/zlin/Machine_learning/RecoPlanesFeatures/CMS_herwig_HT1000to1500-preVFP_jinitpt450_600_j2pt80_120Reco/Chunk96_Part2.root . . . Used time: 0s Expected left time: 0s          
 Save to RootFile /extdisk/zlin/Machine_learning/RecoPlanesFeatures/CMS_herwig_HT1000to1500-preVFP_jinitpt450_600_j2pt80_120Reco/Chunk96_Part2.root . . . Used time: 0s Expected left time: 0s          
 Save to RootFile /extdisk/zlin/Machine_learning/RecoPlanesFeatures/CMS_herwig_HT1000to1500-preVFP_jinitpt450_600_j2pt80_120Reco/Chunk96_Part2.root . . . Used time: 0s Expected left time: 0s          
 Save to RootFile /extdisk/zlin/Machine_learning/RecoPlanesFeatures/CMS_herwig_HT1000to1500-preVFP_jinitpt450_600_j2pt80_120Reco/Chunk96_Part2.root . . . Used time: 0s Expected left time: 0s          
 Analyzing entries 38958 - 38998, now 38958 , sum entries = 40455 . . . Used time: 0s Expected left time: 0s          
 Analyzing entries 38958 - 38998, now 38959 , sum entries = 40455 . . . Used time: 0s Expected left time: 0s          
 Analyzing entries 38958 - 38998, now 38960 , sum entries = 40455 . . . Used time: 0s Expected left time: 0s          
 Analyzing entries 38958 - 38998, now 38961 , sum entries = 40455 . . . Used time: 0s Expected left time: 0s          
 Analyzing entries 38958 - 38998, now 38962 , sum entries = 40455 . . . Used time: 0s Expected left time: 0s          
 Analyzing entries 38958 - 38998, now 38963 , sum entries = 40455 . . . Used time: 0s Expected left time: 0s          
 Analyzing entries 38958 - 38998, now 38964 , sum entries = 40455 . . . Used time: 0s Expected left time: 0s          
 Analyzing entries 38958 - 38998, now 38965 , sum entries = 40455 . . . Used time: 0s Expected left time: 0s          
 Analyzing entries 38958 - 38998, now 38966 , sum entries = 40455 . . . Used time: 0s Expected left time: 0s          
 Analyzing entries 38958 - 38998, now 38967 , sum entries = 40455 . . . Used time: 0s Expected left time: 0s          
 Analyzing entries 38958 - 38998, now 38968 , sum entries = 40455 . . . Used time: 0s Expected left time: 0s          
 Analyzing entries 38958 - 38998, now 38969 , sum entries = 40455 . . . Used time: 0s Expected left time: 0s          
 Analyzing entries 38958 - 38998, now 38970 , sum entries = 40455 . . . Used time: 0s Expected left time: 0s          
 Analyzing entries 38958 - 38998, now 38971 , sum entries = 40455 . . . Used time: 0s Expected left time: 0s          
 Analyzing entries 38958 - 38998, now 38972 , sum entries = 40455 . . . Used time: 0s Expected left time: 0s          
 Analyzing entries 38958 - 38998, now 38973 , sum entries = 40455 . . . Used time: 0s Expected left time: 0s          
 Analyzing entries 38958 - 38998, now 38974 , sum entries = 40455 . . . Used time: 0s Expected left time: 0s          
 Analyzing entries 38958 - 38998, now 38975 , sum entries = 40455 . . . Used time: 0s Expected left time: 0s          
 Analyzing entries 38958 - 38998, now 38976 , sum entries = 40455 . . . Used time: 0s Expected left time: 0s          
 Analyzing entries 38958 - 38998, now 38977 , sum entries = 40455 . . . Used time: 0s Expected left time: 0s          
 Analyzing entries 38958 - 38998, now 38978 , sum entries = 40455 . . . Used time: 0s Expected left time: 0s          
 Analyzing entries 38958 - 38998, now 38979 , sum entries = 40455 . . . Used time: 0s Expected left time: 0s          
 Analyzing entries 38958 - 38998, now 38980 , sum entries = 40455 . . . Used time: 0s Expected left time: 0s          
 Analyzing entries 38958 - 38998, now 38981 , sum entries = 40455 . . . Used time: 0s Expected left time: 0s          
 Analyzing entries 38958 - 38998, now 38982 , sum entries = 40455 . . . Used time: 0s Expected left time: 0s          
 Analyzing entries 38958 - 38998, now 38983 , sum entries = 40455 . . . Used time: 0s Expected left time: 0s          
 Analyzing entries 38958 - 38998, now 38984 , sum entries = 40455 . . . Used time: 0s Expected left time: 0s          
 Analyzing entries 38958 - 38998, now 38985 , sum entries = 40455 . . . Used time: 0s Expected left time: 0s          
 Analyzing entries 38958 - 38998, now 38986 , sum entries = 40455 . . . Used time: 0s Expected left time: 0s          
 Analyzing entries 38958 - 38998, now 38987 , sum entries = 40455 . . . Used time: 0s Expected left time: 0s          
 Analyzing entries 38958 - 38998, now 38988 , sum entries = 40455 . . . Used time: 0s Expected left time: 0s          
 Analyzing entries 38958 - 38998, now 38989 , sum entries = 40455 . . . Used time: 0s Expected left time: 0s          
 Analyzing entries 38958 - 38998, now 38990 , sum entries = 40455 . . . Used time: 0s Expected left time: 0s          
 Analyzing entries 38958 - 38998, now 38991 , sum entries = 40455 . . . Used time: 0s Expected left time: 0s          
 Analyzing entries 38958 - 38998, now 38992 , sum entries = 40455 . . . Used time: 0s Expected left time: 0s          
 Analyzing entries 38958 - 38998, now 38993 , sum entries = 40455 . . . Used time: 0s Expected left time: 0s          
 Analyzing entries 38958 - 38998, now 38994 , sum entries = 40455 . . . Used time: 0s Expected left time: 0s          
 Analyzing entries 38958 - 38998, now 38995 , sum entries = 40455 . . . Used time: 0s Expected left time: 0s          
 Analyzing entries 38958 - 38998, now 38996 , sum entries = 40455 . . . Used time: 0s Expected left time: 0s          
 Analyzing entries 38958 - 38998, now 38997 , sum entries = 40455 . . . Used time: 0s Expected left time: 0s          
 Save to RootFile /extdisk/zlin/Machine_learning/RecoPlanesFeatures/CMS_herwig_HT1000to1500-preVFP_jinitpt450_600_j2pt80_120Reco/Chunk96_Part3.root . . . Used time: 0s Expected left time: 0s          
 Save to RootFile /extdisk/zlin/Machine_learning/RecoPlanesFeatures/CMS_herwig_HT1000to1500-preVFP_jinitpt450_600_j2pt80_120Reco/Chunk96_Part3.root . . . Used time: 0s Expected left time: 0s          
 Save to RootFile /extdisk/zlin/Machine_learning/RecoPlanesFeatures/CMS_herwig_HT1000to1500-preVFP_jinitpt450_600_j2pt80_120Reco/Chunk96_Part3.root . . . Used time: 0s Expected left time: 0s          
 Save to RootFile /extdisk/zlin/Machine_learning/RecoPlanesFeatures/CMS_herwig_HT1000to1500-preVFP_jinitpt450_600_j2pt80_120Reco/Chunk96_Part3.root . . . Used time: 0s Expected left time: 0s          
 Save to RootFile /extdisk/zlin/Machine_learning/RecoPlanesFeatures/CMS_herwig_HT1000to1500-preVFP_jinitpt450_600_j2pt80_120Reco/Chunk96_Part3.root . . . Used time: 0s Expected left time: 0s          
 Save to RootFile /extdisk/zlin/Machine_learning/RecoPlanesFeatures/CMS_herwig_HT1000to1500-preVFP_jinitpt450_600_j2pt80_120Reco/Chunk96_Part3.root . . . Used time: 0s Expected left time: 0s          
 Analyzing entries 38998 - 39038, now 38998 , sum entries = 40455 . . . Used time: 0s Expected left time: 0s          
 Analyzing entries 38998 - 39038, now 38999 , sum entries = 40455 . . . Used time: 0s Expected left time: 0s          
 Analyzing entries 38998 - 39038, now 39000 , sum entries = 40455 . . . Used time: 0s Expected left time: 0s          
 Analyzing entries 38998 - 39038, now 39001 , sum entries = 40455 . . . Used time: 0s Expected left time: 0s          
 Analyzing entries 38998 - 39038, now 39002 , sum entries = 40455 . . . Used time: 0s Expected left time: 0s          
 Analyzing entries 38998 - 39038, now 39003 , sum entries = 40455 . . . Used time: 0s Expected left time: 0s          
 Analyzing entries 38998 - 39038, now 39004 , sum entries = 40455 . . . Used time: 0s Expected left time: 0s          
 Analyzing entries 38998 - 39038, now 39005 , sum entries = 40455 . . . Used time: 0s Expected left time: 0s          
 Analyzing entries 38998 - 39038, now 39006 , sum entries = 40455 . . . Used time: 0s Expected left time: 0s          
 Analyzing entries 38998 - 39038, now 39007 , sum entries = 40455 . . . Used time: 0s Expected left time: 0s          
 Analyzing entries 38998 - 39038, now 39008 , sum entries = 40455 . . . Used time: 0s Expected left time: 0s          
 Analyzing entries 38998 - 39038, now 39009 , sum entries = 40455 . . . Used time: 0s Expected left time: 0s          
 Analyzing entries 38998 - 39038, now 39010 , sum entries = 40455 . . . Used time: 0s Expected left time: 0s          
 Analyzing entries 38998 - 39038, now 39011 , sum entries = 40455 . . . Used time: 0s Expected left time: 0s          
 Analyzing entries 38998 - 39038, now 39012 , sum entries = 40455 . . . Used time: 0s Expected left time: 0s          
 Analyzing entries 38998 - 39038, now 39013 , sum entries = 40455 . . . Used time: 0s Expected left time: 0s          
 Analyzing entries 38998 - 39038, now 39014 , sum entries = 40455 . . . Used time: 0s Expected left time: 0s          
 Analyzing entries 38998 - 39038, now 39015 , sum entries = 40455 . . . Used time: 0s Expected left time: 0s          
 Analyzing entries 38998 - 39038, now 39016 , sum entries = 40455 . . . Used time: 0s Expected left time: 0s          
 Analyzing entries 38998 - 39038, now 39017 , sum entries = 40455 . . . Used time: 0s Expected left time: 0s          
 Analyzing entries 38998 - 39038, now 39018 , sum entries = 40455 . . . Used time: 0s Expected left time: 0s          
 Analyzing entries 38998 - 39038, now 39019 , sum entries = 40455 . . . Used time: 0s Expected left time: 0s          
 Analyzing entries 38998 - 39038, now 39020 , sum entries = 40455 . . . Used time: 0s Expected left time: 0s          
 Analyzing entries 38998 - 39038, now 39021 , sum entries = 40455 . . . Used time: 0s Expected left time: 0s          
 Analyzing entries 38998 - 39038, now 39022 , sum entries = 40455 . . . Used time: 0s Expected left time: 0s          
 Analyzing entries 38998 - 39038, now 39023 , sum entries = 40455 . . . Used time: 0s Expected left time: 0s          
 Analyzing entries 38998 - 39038, now 39024 , sum entries = 40455 . . . Used time: 0s Expected left time: 0s          
 Analyzing entries 38998 - 39038, now 39025 , sum entries = 40455 . . . Used time: 0s Expected left time: 0s          
 Analyzing entries 38998 - 39038, now 39026 , sum entries = 40455 . . . Used time: 0s Expected left time: 0s          
 Analyzing entries 38998 - 39038, now 39027 , sum entries = 40455 . . . Used time: 0s Expected left time: 0s          
 Analyzing entries 38998 - 39038, now 39028 , sum entries = 40455 . . . Used time: 0s Expected left time: 0s          
 Analyzing entries 38998 - 39038, now 39029 , sum entries = 40455 . . . Used time: 0s Expected left time: 0s          
 Analyzing entries 38998 - 39038, now 39030 , sum entries = 40455 . . . Used time: 0s Expected left time: 0s          
 Analyzing entries 38998 - 39038, now 39031 , sum entries = 40455 . . . Used time: 0s Expected left time: 0s          
 Analyzing entries 38998 - 39038, now 39032 , sum entries = 40455 . . . Used time: 0s Expected left time: 0s          
 Analyzing entries 38998 - 39038, now 39033 , sum entries = 40455 . . . Used time: 0s Expected left time: 0s          
 Analyzing entries 38998 - 39038, now 39034 , sum entries = 40455 . . . Used time: 0s Expected left time: 0s          
 Analyzing entries 38998 - 39038, now 39035 , sum entries = 40455 . . . Used time: 0s Expected left time: 0s          
 Analyzing entries 38998 - 39038, now 39036 , sum entries = 40455 . . . Used time: 0s Expected left time: 0s          
 Analyzing entries 38998 - 39038, now 39037 , sum entries = 40455 . . . Used time: 0s Expected left time: 0s          
 Save to RootFile /extdisk/zlin/Machine_learning/RecoPlanesFeatures/CMS_herwig_HT1000to1500-preVFP_jinitpt450_600_j2pt80_120Reco/Chunk96_Part4.root . . . Used time: 0s Expected left time: 0s          
 Save to RootFile /extdisk/zlin/Machine_learning/RecoPlanesFeatures/CMS_herwig_HT1000to1500-preVFP_jinitpt450_600_j2pt80_120Reco/Chunk96_Part4.root . . . Used time: 0s Expected left time: 0s          
 Save to RootFile /extdisk/zlin/Machine_learning/RecoPlanesFeatures/CMS_herwig_HT1000to1500-preVFP_jinitpt450_600_j2pt80_120Reco/Chunk96_Part4.root . . . Used time: 0s Expected left time: 0s          
 Save to RootFile /extdisk/zlin/Machine_learning/RecoPlanesFeatures/CMS_herwig_HT1000to1500-preVFP_jinitpt450_600_j2pt80_120Reco/Chunk96_Part4.root . . . Used time: 0s Expected left time: 0s          
 Save to RootFile /extdisk/zlin/Machine_learning/RecoPlanesFeatures/CMS_herwig_HT1000to1500-preVFP_jinitpt450_600_j2pt80_120Reco/Chunk96_Part4.root . . . Used time: 0s Expected left time: 0s          
 Analyzing entries 39039 - 39079, now 39039 , sum entries = 40455 . . . Used time: 0s Expected left time: 0s          
 Analyzing entries 39039 - 39079, now 39040 , sum entries = 40455 . . . Used time: 0s Expected left time: 0s          
 Analyzing entries 39039 - 39079, now 39041 , sum entries = 40455 . . . Used time: 0s Expected left time: 0s          
 Analyzing entries 39039 - 39079, now 39042 , sum entries = 40455 . . . Used time: 0s Expected left time: 0s          
 Analyzing entries 39039 - 39079, now 39043 , sum entries = 40455 . . . Used time: 0s Expected left time: 0s          
 Analyzing entries 39039 - 39079, now 39044 , sum entries = 40455 . . . Used time: 0s Expected left time: 0s          
 Analyzing entries 39039 - 39079, now 39045 , sum entries = 40455 . . . Used time: 0s Expected left time: 0s          
 Analyzing entries 39039 - 39079, now 39046 , sum entries = 40455 . . . Used time: 0s Expected left time: 0s          
 Analyzing entries 39039 - 39079, now 39047 , sum entries = 40455 . . . Used time: 0s Expected left time: 0s          
 Analyzing entries 39039 - 39079, now 39048 , sum entries = 40455 . . . Used time: 0s Expected left time: 0s          
 Analyzing entries 39039 - 39079, now 39049 , sum entries = 40455 . . . Used time: 0s Expected left time: 0s          
 Analyzing entries 39039 - 39079, now 39050 , sum entries = 40455 . . . Used time: 0s Expected left time: 0s          
 Analyzing entries 39039 - 39079, now 39051 , sum entries = 40455 . . . Used time: 0s Expected left time: 0s          
 Analyzing entries 39039 - 39079, now 39052 , sum entries = 40455 . . . Used time: 0s Expected left time: 0s          
 Analyzing entries 39039 - 39079, now 39053 , sum entries = 40455 . . . Used time: 0s Expected left time: 0s          
 Analyzing entries 39039 - 39079, now 39054 , sum entries = 40455 . . . Used time: 0s Expected left time: 0s          
 Analyzing entries 39039 - 39079, now 39055 , sum entries = 40455 . . . Used time: 0s Expected left time: 0s          
 Analyzing entries 39039 - 39079, now 39056 , sum entries = 40455 . . . Used time: 0s Expected left time: 0s          
 Analyzing entries 39039 - 39079, now 39057 , sum entries = 40455 . . . Used time: 0s Expected left time: 0s          
 Analyzing entries 39039 - 39079, now 39058 , sum entries = 40455 . . . Used time: 0s Expected left time: 0s          
 Analyzing entries 39039 - 39079, now 39059 , sum entries = 40455 . . . Used time: 0s Expected left time: 0s          
 Analyzing entries 39039 - 39079, now 39060 , sum entries = 40455 . . . Used time: 0s Expected left time: 0s          
 Analyzing entries 39039 - 39079, now 39061 , sum entries = 40455 . . . Used time: 0s Expected left time: 0s          
 Analyzing entries 39039 - 39079, now 39062 , sum entries = 40455 . . . Used time: 0s Expected left time: 0s          
 Analyzing entries 39039 - 39079, now 39063 , sum entries = 40455 . . . Used time: 0s Expected left time: 0s          
 Analyzing entries 39039 - 39079, now 39064 , sum entries = 40455 . . . Used time: 0s Expected left time: 0s          
 Analyzing entries 39039 - 39079, now 39065 , sum entries = 40455 . . . Used time: 0s Expected left time: 0s          
 Analyzing entries 39039 - 39079, now 39066 , sum entries = 40455 . . . Used time: 0s Expected left time: 0s          
 Analyzing entries 39039 - 39079, now 39067 , sum entries = 40455 . . . Used time: 0s Expected left time: 0s          
 Analyzing entries 39039 - 39079, now 39068 , sum entries = 40455 . . . Used time: 0s Expected left time: 0s          
 Analyzing entries 39039 - 39079, now 39069 , sum entries = 40455 . . . Used time: 0s Expected left time: 0s          
 Analyzing entries 39039 - 39079, now 39070 , sum entries = 40455 . . . Used time: 0s Expected left time: 0s          
 Analyzing entries 39039 - 39079, now 39071 , sum entries = 40455 . . . Used time: 0s Expected left time: 0s          
 Analyzing entries 39039 - 39079, now 39072 , sum entries = 40455 . . . Used time: 0s Expected left time: 0s          
 Analyzing entries 39039 - 39079, now 39073 , sum entries = 40455 . . . Used time: 0s Expected left time: 0s          
 Analyzing entries 39039 - 39079, now 39074 , sum entries = 40455 . . . Used time: 0s Expected left time: 0s          
 Analyzing entries 39039 - 39079, now 39075 , sum entries = 40455 . . . Used time: 0s Expected left time: 0s          
 Analyzing entries 39039 - 39079, now 39076 , sum entries = 40455 . . . Used time: 0s Expected left time: 0s          
 Analyzing entries 39039 - 39079, now 39077 , sum entries = 40455 . . . Used time: 0s Expected left time: 0s          
 Analyzing entries 39039 - 39079, now 39078 , sum entries = 40455 . . . Used time: 0s Expected left time: 0s          
 Save to RootFile /extdisk/zlin/Machine_learning/RecoPlanesFeatures/CMS_herwig_HT1000to1500-preVFP_jinitpt450_600_j2pt80_120Reco/Chunk96_Part5.root . . . Used time: 0s Expected left time: 0s          
 Save to RootFile /extdisk/zlin/Machine_learning/RecoPlanesFeatures/CMS_herwig_HT1000to1500-preVFP_jinitpt450_600_j2pt80_120Reco/Chunk96_Part5.root . . . Used time: 0s Expected left time: 0s          
 Save to RootFile /extdisk/zlin/Machine_learning/RecoPlanesFeatures/CMS_herwig_HT1000to1500-preVFP_jinitpt450_600_j2pt80_120Reco/Chunk96_Part5.root . . . Used time: 0s Expected left time: 0s          
 Save to RootFile /extdisk/zlin/Machine_learning/RecoPlanesFeatures/CMS_herwig_HT1000to1500-preVFP_jinitpt450_600_j2pt80_120Reco/Chunk96_Part5.root . . . Used time: 0s Expected left time: 0s          
 Save to RootFile /extdisk/zlin/Machine_learning/RecoPlanesFeatures/CMS_herwig_HT1000to1500-preVFP_jinitpt450_600_j2pt80_120Reco/Chunk96_Part5.root . . . Used time: 0s Expected left time: 0s          
 Analyzing entries 39079 - 39119, now 39079 , sum entries = 40455 . . . Used time: 0s Expected left time: 0s          
 Analyzing entries 39079 - 39119, now 39080 , sum entries = 40455 . . . Used time: 0s Expected left time: 0s          
 Analyzing entries 39079 - 39119, now 39081 , sum entries = 40455 . . . Used time: 0s Expected left time: 0s          
 Analyzing entries 39079 - 39119, now 39082 , sum entries = 40455 . . . Used time: 0s Expected left time: 0s          
 Analyzing entries 39079 - 39119, now 39083 , sum entries = 40455 . . . Used time: 0s Expected left time: 0s          
 Analyzing entries 39079 - 39119, now 39084 , sum entries = 40455 . . . Used time: 0s Expected left time: 0s          
 Analyzing entries 39079 - 39119, now 39085 , sum entries = 40455 . . . Used time: 0s Expected left time: 0s          
 Analyzing entries 39079 - 39119, now 39086 , sum entries = 40455 . . . Used time: 0s Expected left time: 0s          
 Analyzing entries 39079 - 39119, now 39087 , sum entries = 40455 . . . Used time: 0s Expected left time: 0s          
 Analyzing entries 39079 - 39119, now 39088 , sum entries = 40455 . . . Used time: 0s Expected left time: 0s          
 Analyzing entries 39079 - 39119, now 39089 , sum entries = 40455 . . . Used time: 0s Expected left time: 0s          
 Analyzing entries 39079 - 39119, now 39090 , sum entries = 40455 . . . Used time: 0s Expected left time: 0s          
 Analyzing entries 39079 - 39119, now 39091 , sum entries = 40455 . . . Used time: 0s Expected left time: 0s          
 Analyzing entries 39079 - 39119, now 39092 , sum entries = 40455 . . . Used time: 0s Expected left time: 0s          
 Analyzing entries 39079 - 39119, now 39093 , sum entries = 40455 . . . Used time: 0s Expected left time: 0s          
 Analyzing entries 39079 - 39119, now 39094 , sum entries = 40455 . . . Used time: 0s Expected left time: 0s          
 Analyzing entries 39079 - 39119, now 39095 , sum entries = 40455 . . . Used time: 0s Expected left time: 0s          
 Analyzing entries 39079 - 39119, now 39096 , sum entries = 40455 . . . Used time: 0s Expected left time: 0s          
 Analyzing entries 39079 - 39119, now 39097 , sum entries = 40455 . . . Used time: 0s Expected left time: 0s          
 Analyzing entries 39079 - 39119, now 39098 , sum entries = 40455 . . . Used time: 0s Expected left time: 0s          
 Analyzing entries 39079 - 39119, now 39099 , sum entries = 40455 . . . Used time: 0s Expected left time: 0s          
 Analyzing entries 39079 - 39119, now 39100 , sum entries = 40455 . . . Used time: 0s Expected left time: 0s          
 Analyzing entries 39079 - 39119, now 39101 , sum entries = 40455 . . . Used time: 0s Expected left time: 0s          
 Analyzing entries 39079 - 39119, now 39102 , sum entries = 40455 . . . Used time: 0s Expected left time: 0s          
 Analyzing entries 39079 - 39119, now 39103 , sum entries = 40455 . . . Used time: 0s Expected left time: 0s          
 Analyzing entries 39079 - 39119, now 39104 , sum entries = 40455 . . . Used time: 0s Expected left time: 0s          
 Analyzing entries 39079 - 39119, now 39105 , sum entries = 40455 . . . Used time: 0s Expected left time: 0s          
 Analyzing entries 39079 - 39119, now 39106 , sum entries = 40455 . . . Used time: 0s Expected left time: 0s          
 Analyzing entries 39079 - 39119, now 39107 , sum entries = 40455 . . . Used time: 0s Expected left time: 0s          
 Analyzing entries 39079 - 39119, now 39108 , sum entries = 40455 . . . Used time: 0s Expected left time: 0s          
 Analyzing entries 39079 - 39119, now 39109 , sum entries = 40455 . . . Used time: 0s Expected left time: 0s          
 Analyzing entries 39079 - 39119, now 39110 , sum entries = 40455 . . . Used time: 0s Expected left time: 0s          
 Analyzing entries 39079 - 39119, now 39111 , sum entries = 40455 . . . Used time: 0s Expected left time: 0s          
 Analyzing entries 39079 - 39119, now 39112 , sum entries = 40455 . . . Used time: 0s Expected left time: 0s          
 Analyzing entries 39079 - 39119, now 39113 , sum entries = 40455 . . . Used time: 0s Expected left time: 0s          
 Analyzing entries 39079 - 39119, now 39114 , sum entries = 40455 . . . Used time: 0s Expected left time: 0s          
 Analyzing entries 39079 - 39119, now 39115 , sum entries = 40455 . . . Used time: 0s Expected left time: 0s          
 Analyzing entries 39079 - 39119, now 39116 , sum entries = 40455 . . . Used time: 0s Expected left time: 0s          
 Analyzing entries 39079 - 39119, now 39117 , sum entries = 40455 . . . Used time: 0s Expected left time: 0s          
 Analyzing entries 39079 - 39119, now 39118 , sum entries = 40455 . . . Used time: 0s Expected left time: 0s          
 Save to RootFile /extdisk/zlin/Machine_learning/RecoPlanesFeatures/CMS_herwig_HT1000to1500-preVFP_jinitpt450_600_j2pt80_120Reco/Chunk96_Part6.root . . . Used time: 0s Expected left time: 0s          
 Save to RootFile /extdisk/zlin/Machine_learning/RecoPlanesFeatures/CMS_herwig_HT1000to1500-preVFP_jinitpt450_600_j2pt80_120Reco/Chunk96_Part6.root . . . Used time: 0s Expected left time: 0s          
 Save to RootFile /extdisk/zlin/Machine_learning/RecoPlanesFeatures/CMS_herwig_HT1000to1500-preVFP_jinitpt450_600_j2pt80_120Reco/Chunk96_Part6.root . . . Used time: 0s Expected left time: 0s          
 Analyzing entries 39119 - 39159, now 39119 , sum entries = 40455 . . . Used time: 0s Expected left time: 0s          
 Analyzing entries 39119 - 39159, now 39120 , sum entries = 40455 . . . Used time: 0s Expected left time: 0s          
 Analyzing entries 39119 - 39159, now 39121 , sum entries = 40455 . . . Used time: 0s Expected left time: 0s          
 Analyzing entries 39119 - 39159, now 39122 , sum entries = 40455 . . . Used time: 0s Expected left time: 0s          
 Analyzing entries 39119 - 39159, now 39123 , sum entries = 40455 . . . Used time: 0s Expected left time: 0s          
 Analyzing entries 39119 - 39159, now 39124 , sum entries = 40455 . . . Used time: 0s Expected left time: 0s          
 Analyzing entries 39119 - 39159, now 39125 , sum entries = 40455 . . . Used time: 0s Expected left time: 0s          
 Analyzing entries 39119 - 39159, now 39126 , sum entries = 40455 . . . Used time: 0s Expected left time: 0s          
 Analyzing entries 39119 - 39159, now 39127 , sum entries = 40455 . . . Used time: 0s Expected left time: 0s          
 Analyzing entries 39119 - 39159, now 39128 , sum entries = 40455 . . . Used time: 0s Expected left time: 0s          
 Analyzing entries 39119 - 39159, now 39129 , sum entries = 40455 . . . Used time: 0s Expected left time: 0s          
 Analyzing entries 39119 - 39159, now 39130 , sum entries = 40455 . . . Used time: 0s Expected left time: 0s          
 Analyzing entries 39119 - 39159, now 39131 , sum entries = 40455 . . . Used time: 0s Expected left time: 0s          
 Analyzing entries 39119 - 39159, now 39132 , sum entries = 40455 . . . Used time: 0s Expected left time: 0s          
 Analyzing entries 39119 - 39159, now 39133 , sum entries = 40455 . . . Used time: 0s Expected left time: 0s          
 Analyzing entries 39119 - 39159, now 39134 , sum entries = 40455 . . . Used time: 0s Expected left time: 0s          
 Analyzing entries 39119 - 39159, now 39135 , sum entries = 40455 . . . Used time: 0s Expected left time: 0s          
 Analyzing entries 39119 - 39159, now 39136 , sum entries = 40455 . . . Used time: 0s Expected left time: 0s          
 Analyzing entries 39119 - 39159, now 39137 , sum entries = 40455 . . . Used time: 0s Expected left time: 0s          
 Analyzing entries 39119 - 39159, now 39138 , sum entries = 40455 . . . Used time: 0s Expected left time: 0s          
 Analyzing entries 39119 - 39159, now 39139 , sum entries = 40455 . . . Used time: 0s Expected left time: 0s          
 Analyzing entries 39119 - 39159, now 39140 , sum entries = 40455 . . . Used time: 0s Expected left time: 0s          
 Analyzing entries 39119 - 39159, now 39141 , sum entries = 40455 . . . Used time: 0s Expected left time: 0s          
 Analyzing entries 39119 - 39159, now 39142 , sum entries = 40455 . . . Used time: 0s Expected left time: 0s          
 Analyzing entries 39119 - 39159, now 39143 , sum entries = 40455 . . . Used time: 0s Expected left time: 0s          
 Analyzing entries 39119 - 39159, now 39144 , sum entries = 40455 . . . Used time: 0s Expected left time: 0s          
 Analyzing entries 39119 - 39159, now 39145 , sum entries = 40455 . . . Used time: 0s Expected left time: 0s          
 Analyzing entries 39119 - 39159, now 39146 , sum entries = 40455 . . . Used time: 0s Expected left time: 0s          
 Analyzing entries 39119 - 39159, now 39147 , sum entries = 40455 . . . Used time: 0s Expected left time: 0s          
 Analyzing entries 39119 - 39159, now 39148 , sum entries = 40455 . . . Used time: 0s Expected left time: 0s          
 Analyzing entries 39119 - 39159, now 39149 , sum entries = 40455 . . . Used time: 0s Expected left time: 0s          
 Analyzing entries 39119 - 39159, now 39150 , sum entries = 40455 . . . Used time: 0s Expected left time: 0s          
 Analyzing entries 39119 - 39159, now 39151 , sum entries = 40455 . . . Used time: 0s Expected left time: 0s          
 Analyzing entries 39119 - 39159, now 39152 , sum entries = 40455 . . . Used time: 0s Expected left time: 0s          
 Analyzing entries 39119 - 39159, now 39153 , sum entries = 40455 . . . Used time: 0s Expected left time: 0s          
 Analyzing entries 39119 - 39159, now 39154 , sum entries = 40455 . . . Used time: 0s Expected left time: 0s          
 Analyzing entries 39119 - 39159, now 39155 , sum entries = 40455 . . . Used time: 0s Expected left time: 0s          
 Analyzing entries 39119 - 39159, now 39156 , sum entries = 40455 . . . Used time: 0s Expected left time: 0s          
 Analyzing entries 39119 - 39159, now 39157 , sum entries = 40455 . . . Used time: 0s Expected left time: 0s          
 Analyzing entries 39119 - 39159, now 39158 , sum entries = 40455 . . . Used time: 0s Expected left time: 0s          
 Save to RootFile /extdisk/zlin/Machine_learning/RecoPlanesFeatures/CMS_herwig_HT1000to1500-preVFP_jinitpt450_600_j2pt80_120Reco/Chunk96_Part7.root . . . Used time: 0s Expected left time: 0s          
 Save to RootFile /extdisk/zlin/Machine_learning/RecoPlanesFeatures/CMS_herwig_HT1000to1500-preVFP_jinitpt450_600_j2pt80_120Reco/Chunk96_Part7.root . . . Used time: 0s Expected left time: 0s          
 Analyzing entries 39160 - 39200, now 39160 , sum entries = 40455 . . . Used time: 0s Expected left time: 0s          
 Analyzing entries 39160 - 39200, now 39161 , sum entries = 40455 . . . Used time: 0s Expected left time: 0s          
 Analyzing entries 39160 - 39200, now 39162 , sum entries = 40455 . . . Used time: 0s Expected left time: 0s          
 Analyzing entries 39160 - 39200, now 39163 , sum entries = 40455 . . . Used time: 0s Expected left time: 0s          
 Analyzing entries 39160 - 39200, now 39164 , sum entries = 40455 . . . Used time: 0s Expected left time: 0s          
 Analyzing entries 39160 - 39200, now 39165 , sum entries = 40455 . . . Used time: 0s Expected left time: 0s          
 Analyzing entries 39160 - 39200, now 39166 , sum entries = 40455 . . . Used time: 0s Expected left time: 0s          
 Analyzing entries 39160 - 39200, now 39167 , sum entries = 40455 . . . Used time: 0s Expected left time: 0s          
 Analyzing entries 39160 - 39200, now 39168 , sum entries = 40455 . . . Used time: 0s Expected left time: 0s          
 Analyzing entries 39160 - 39200, now 39169 , sum entries = 40455 . . . Used time: 0s Expected left time: 0s          
 Analyzing entries 39160 - 39200, now 39170 , sum entries = 40455 . . . Used time: 0s Expected left time: 0s          
 Analyzing entries 39160 - 39200, now 39171 , sum entries = 40455 . . . Used time: 0s Expected left time: 0s          
 Analyzing entries 39160 - 39200, now 39172 , sum entries = 40455 . . . Used time: 0s Expected left time: 0s          
 Analyzing entries 39160 - 39200, now 39173 , sum entries = 40455 . . . Used time: 0s Expected left time: 0s          
 Analyzing entries 39160 - 39200, now 39174 , sum entries = 40455 . . . Used time: 0s Expected left time: 0s          
 Analyzing entries 39160 - 39200, now 39175 , sum entries = 40455 . . . Used time: 0s Expected left time: 0s          
 Analyzing entries 39160 - 39200, now 39176 , sum entries = 40455 . . . Used time: 0s Expected left time: 0s          
 Analyzing entries 39160 - 39200, now 39177 , sum entries = 40455 . . . Used time: 0s Expected left time: 0s          
 Analyzing entries 39160 - 39200, now 39178 , sum entries = 40455 . . . Used time: 0s Expected left time: 0s          
 Analyzing entries 39160 - 39200, now 39179 , sum entries = 40455 . . . Used time: 0s Expected left time: 0s          
 Analyzing entries 39160 - 39200, now 39180 , sum entries = 40455 . . . Used time: 0s Expected left time: 0s          
 Analyzing entries 39160 - 39200, now 39181 , sum entries = 40455 . . . Used time: 0s Expected left time: 0s          
 Analyzing entries 39160 - 39200, now 39182 , sum entries = 40455 . . . Used time: 0s Expected left time: 0s          
 Analyzing entries 39160 - 39200, now 39183 , sum entries = 40455 . . . Used time: 0s Expected left time: 0s          
 Analyzing entries 39160 - 39200, now 39184 , sum entries = 40455 . . . Used time: 0s Expected left time: 0s          
 Analyzing entries 39160 - 39200, now 39185 , sum entries = 40455 . . . Used time: 0s Expected left time: 0s          
 Analyzing entries 39160 - 39200, now 39186 , sum entries = 40455 . . . Used time: 0s Expected left time: 0s          
 Analyzing entries 39160 - 39200, now 39187 , sum entries = 40455 . . . Used time: 0s Expected left time: 0s          
 Analyzing entries 39160 - 39200, now 39188 , sum entries = 40455 . . . Used time: 0s Expected left time: 0s          
 Analyzing entries 39160 - 39200, now 39189 , sum entries = 40455 . . . Used time: 0s Expected left time: 0s          
 Analyzing entries 39160 - 39200, now 39190 , sum entries = 40455 . . . Used time: 0s Expected left time: 0s          
 Analyzing entries 39160 - 39200, now 39191 , sum entries = 40455 . . . Used time: 0s Expected left time: 0s          
 Analyzing entries 39160 - 39200, now 39192 , sum entries = 40455 . . . Used time: 0s Expected left time: 0s          
 Analyzing entries 39160 - 39200, now 39193 , sum entries = 40455 . . . Used time: 0s Expected left time: 0s          
 Analyzing entries 39160 - 39200, now 39194 , sum entries = 40455 . . . Used time: 0s Expected left time: 0s          
 Analyzing entries 39160 - 39200, now 39195 , sum entries = 40455 . . . Used time: 0s Expected left time: 0s          
 Analyzing entries 39160 - 39200, now 39196 , sum entries = 40455 . . . Used time: 0s Expected left time: 0s          
 Analyzing entries 39160 - 39200, now 39197 , sum entries = 40455 . . . Used time: 0s Expected left time: 0s          
 Analyzing entries 39160 - 39200, now 39198 , sum entries = 40455 . . . Used time: 0s Expected left time: 0s          
 Analyzing entries 39160 - 39200, now 39199 , sum entries = 40455 . . . Used time: 0s Expected left time: 0s          
 Save to RootFile /extdisk/zlin/Machine_learning/RecoPlanesFeatures/CMS_herwig_HT1000to1500-preVFP_jinitpt450_600_j2pt80_120Reco/Chunk96_Part8.root . . . Used time: 0s Expected left time: 0s          
 Save to RootFile /extdisk/zlin/Machine_learning/RecoPlanesFeatures/CMS_herwig_HT1000to1500-preVFP_jinitpt450_600_j2pt80_120Reco/Chunk96_Part8.root . . . Used time: 0s Expected left time: 0s          
 Save to RootFile /extdisk/zlin/Machine_learning/RecoPlanesFeatures/CMS_herwig_HT1000to1500-preVFP_jinitpt450_600_j2pt80_120Reco/Chunk96_Part8.root . . . Used time: 0s Expected left time: 0s          
 Analyzing entries 39200 - 39240, now 39200 , sum entries = 40455 . . . Used time: 0s Expected left time: 0s          
 Analyzing entries 39200 - 39240, now 39201 , sum entries = 40455 . . . Used time: 0s Expected left time: 0s          
 Analyzing entries 39200 - 39240, now 39202 , sum entries = 40455 . . . Used time: 0s Expected left time: 0s          
 Analyzing entries 39200 - 39240, now 39203 , sum entries = 40455 . . . Used time: 0s Expected left time: 0s          
 Analyzing entries 39200 - 39240, now 39204 , sum entries = 40455 . . . Used time: 0s Expected left time: 0s          
 Analyzing entries 39200 - 39240, now 39205 , sum entries = 40455 . . . Used time: 0s Expected left time: 0s          
 Analyzing entries 39200 - 39240, now 39206 , sum entries = 40455 . . . Used time: 0s Expected left time: 0s          
 Analyzing entries 39200 - 39240, now 39207 , sum entries = 40455 . . . Used time: 0s Expected left time: 0s          
 Analyzing entries 39200 - 39240, now 39208 , sum entries = 40455 . . . Used time: 0s Expected left time: 0s          
 Analyzing entries 39200 - 39240, now 39209 , sum entries = 40455 . . . Used time: 0s Expected left time: 0s          
 Analyzing entries 39200 - 39240, now 39210 , sum entries = 40455 . . . Used time: 0s Expected left time: 0s          
 Analyzing entries 39200 - 39240, now 39211 , sum entries = 40455 . . . Used time: 0s Expected left time: 0s          
 Analyzing entries 39200 - 39240, now 39212 , sum entries = 40455 . . . Used time: 0s Expected left time: 0s          
 Analyzing entries 39200 - 39240, now 39213 , sum entries = 40455 . . . Used time: 0s Expected left time: 0s          
 Analyzing entries 39200 - 39240, now 39214 , sum entries = 40455 . . . Used time: 0s Expected left time: 0s          
 Analyzing entries 39200 - 39240, now 39215 , sum entries = 40455 . . . Used time: 0s Expected left time: 0s          
 Analyzing entries 39200 - 39240, now 39216 , sum entries = 40455 . . . Used time: 0s Expected left time: 0s          
 Analyzing entries 39200 - 39240, now 39217 , sum entries = 40455 . . . Used time: 0s Expected left time: 0s          
 Analyzing entries 39200 - 39240, now 39218 , sum entries = 40455 . . . Used time: 0s Expected left time: 0s          
 Analyzing entries 39200 - 39240, now 39219 , sum entries = 40455 . . . Used time: 0s Expected left time: 0s          
 Analyzing entries 39200 - 39240, now 39220 , sum entries = 40455 . . . Used time: 0s Expected left time: 0s          
 Analyzing entries 39200 - 39240, now 39221 , sum entries = 40455 . . . Used time: 0s Expected left time: 0s          
 Analyzing entries 39200 - 39240, now 39222 , sum entries = 40455 . . . Used time: 0s Expected left time: 0s          
 Analyzing entries 39200 - 39240, now 39223 , sum entries = 40455 . . . Used time: 0s Expected left time: 0s          
 Analyzing entries 39200 - 39240, now 39224 , sum entries = 40455 . . . Used time: 0s Expected left time: 0s          
 Analyzing entries 39200 - 39240, now 39225 , sum entries = 40455 . . . Used time: 0s Expected left time: 0s          
 Analyzing entries 39200 - 39240, now 39226 , sum entries = 40455 . . . Used time: 0s Expected left time: 0s          
 Analyzing entries 39200 - 39240, now 39227 , sum entries = 40455 . . . Used time: 0s Expected left time: 0s          
 Analyzing entries 39200 - 39240, now 39228 , sum entries = 40455 . . . Used time: 0s Expected left time: 0s          
 Analyzing entries 39200 - 39240, now 39229 , sum entries = 40455 . . . Used time: 0s Expected left time: 0s          
 Analyzing entries 39200 - 39240, now 39230 , sum entries = 40455 . . . Used time: 0s Expected left time: 0s          
 Analyzing entries 39200 - 39240, now 39231 , sum entries = 40455 . . . Used time: 0s Expected left time: 0s          
 Analyzing entries 39200 - 39240, now 39232 , sum entries = 40455 . . . Used time: 0s Expected left time: 0s          
 Analyzing entries 39200 - 39240, now 39233 , sum entries = 40455 . . . Used time: 0s Expected left time: 0s          
 Analyzing entries 39200 - 39240, now 39234 , sum entries = 40455 . . . Used time: 0s Expected left time: 0s          
 Analyzing entries 39200 - 39240, now 39235 , sum entries = 40455 . . . Used time: 0s Expected left time: 0s          
 Analyzing entries 39200 - 39240, now 39236 , sum entries = 40455 . . . Used time: 0s Expected left time: 0s          
 Analyzing entries 39200 - 39240, now 39237 , sum entries = 40455 . . . Used time: 0s Expected left time: 0s          
 Analyzing entries 39200 - 39240, now 39238 , sum entries = 40455 . . . Used time: 0s Expected left time: 0s          
 Analyzing entries 39200 - 39240, now 39239 , sum entries = 40455 . . . Used time: 0s Expected left time: 0s          
 Save to RootFile /extdisk/zlin/Machine_learning/RecoPlanesFeatures/CMS_herwig_HT1000to1500-preVFP_jinitpt450_600_j2pt80_120Reco/Chunk96_Part9.root . . . Used time: 0s Expected left time: 0s          
 Save to RootFile /extdisk/zlin/Machine_learning/RecoPlanesFeatures/CMS_herwig_HT1000to1500-preVFP_jinitpt450_600_j2pt80_120Reco/Chunk96_Part9.root . . . Used time: 0s Expected left time: 0s          
 Save to RootFile /extdisk/zlin/Machine_learning/RecoPlanesFeatures/CMS_herwig_HT1000to1500-preVFP_jinitpt450_600_j2pt80_120Reco/Chunk96_Part9.root . . . Used time: 0s Expected left time: 0s          
 Save to RootFile /extdisk/zlin/Machine_learning/RecoPlanesFeatures/CMS_herwig_HT1000to1500-preVFP_jinitpt450_600_j2pt80_120Reco/Chunk96_Part9.root . . . Used time: 0s Expected left time: 0s          
 Save to RootFile /extdisk/zlin/Machine_learning/RecoPlanesFeatures/CMS_herwig_HT1000to1500-preVFP_jinitpt450_600_j2pt80_120Reco/Chunk96_Part9.root . . . Used time: 0s Expected left time: 0s          
 Save to RootFile /extdisk/zlin/Machine_learning/RecoPlanesFeatures/CMS_herwig_HT1000to1500-preVFP_jinitpt450_600_j2pt80_120Reco/Chunk96_Part9.root . . . Used time: 0s Expected left time: 0s          
 Save to RootFile /extdisk/zlin/Machine_learning/RecoPlanesFeatures/CMS_herwig_HT1000to1500-preVFP_jinitpt450_600_j2pt80_120Reco/Chunk96_Part9.root . . . Used time: 0s Expected left time: 0s          
