Warning in <TFile::Init>: file /extdisk/zlin/Machine_learning/RecoPlanes/CMS_herwig_HT1000to1500-preVFP/Chunk23_Part0.root probably not closed, trying to recover
Warning in <TFile::Init>: no keys recovered, file has been made a Zombie
Warning in <TFile::Init>: file /extdisk/zlin/Machine_learning/RecoPlanes/CMS_herwig_HT1000to1500-preVFP/Chunk25_Part0.root probably not closed, trying to recover
Warning in <TFile::Init>: no keys recovered, file has been made a Zombie
Warning in <TFile::Init>: file /extdisk/zlin/Machine_learning/RecoPlanes/CMS_herwig_HT1000to1500-preVFP/Chunk35_Part0.root probably not closed, trying to recover
Warning in <TFile::Init>: no keys recovered, file has been made a Zombie
Warning in <TFile::Init>: file /extdisk/zlin/Machine_learning/RecoPlanes/CMS_herwig_HT1000to1500-preVFP/Chunk62_Part0.root probably not closed, trying to recover
Warning in <TFile::Init>: no keys recovered, file has been made a Zombie
Warning in <TFile::Init>: file /extdisk/zlin/Machine_learning/RecoPlanes/CMS_herwig_HT1000to1500-preVFP/Chunk74_Part0.root probably not closed, trying to recover
Info in <TFile::Recover>: /extdisk/zlin/Machine_learning/RecoPlanes/CMS_herwig_HT1000to1500-preVFP/Chunk74_Part0.root, recovered key TTree:DataInfo at address 2174216
Warning in <TFile::Init>: successfully recovered 1 keys
 Analyzing entries 15973 - 16002, now 15973 , sum entries = 29580 . . . Used time: 0s Expected left time: 0s          
 Analyzing entries 15973 - 16002, now 15974 , sum entries = 29580 . . . Used time: 0s Expected left time: 0s          
 Analyzing entries 15973 - 16002, now 15975 , sum entries = 29580 . . . Used time: 0s Expected left time: 0s          
 Analyzing entries 15973 - 16002, now 15976 , sum entries = 29580 . . . Used time: 0s Expected left time: 0s          
 Analyzing entries 15973 - 16002, now 15977 , sum entries = 29580 . . . Used time: 0s Expected left time: 0s          
 Analyzing entries 15973 - 16002, now 15978 , sum entries = 29580 . . . Used time: 0s Expected left time: 0s          
 Analyzing entries 15973 - 16002, now 15979 , sum entries = 29580 . . . Used time: 0s Expected left time: 0s          
 Analyzing entries 15973 - 16002, now 15980 , sum entries = 29580 . . . Used time: 0s Expected left time: 0s          
 Analyzing entries 15973 - 16002, now 15981 , sum entries = 29580 . . . Used time: 0s Expected left time: 0s          
 Analyzing entries 15973 - 16002, now 15982 , sum entries = 29580 . . . Used time: 0s Expected left time: 0s          
 Analyzing entries 15973 - 16002, now 15983 , sum entries = 29580 . . . Used time: 0s Expected left time: 0s          
 Analyzing entries 15973 - 16002, now 15984 , sum entries = 29580 . . . Used time: 0s Expected left time: 0s          
 Analyzing entries 15973 - 16002, now 15985 , sum entries = 29580 . . . Used time: 0s Expected left time: 0s          
 Analyzing entries 15973 - 16002, now 15986 , sum entries = 29580 . . . Used time: 0s Expected left time: 0s          
 Analyzing entries 15973 - 16002, now 15987 , sum entries = 29580 . . . Used time: 0s Expected left time: 0s          
 Analyzing entries 15973 - 16002, now 15988 , sum entries = 29580 . . . Used time: 0s Expected left time: 0s          
 Analyzing entries 15973 - 16002, now 15989 , sum entries = 29580 . . . Used time: 0s Expected left time: 0s          
 Analyzing entries 15973 - 16002, now 15990 , sum entries = 29580 . . . Used time: 0s Expected left time: 0s          
 Analyzing entries 15973 - 16002, now 15991 , sum entries = 29580 . . . Used time: 0s Expected left time: 0s          
 Analyzing entries 15973 - 16002, now 15992 , sum entries = 29580 . . . Used time: 0s Expected left time: 0s          
 Analyzing entries 15973 - 16002, now 15993 , sum entries = 29580 . . . Used time: 0s Expected left time: 0s          
 Analyzing entries 15973 - 16002, now 15994 , sum entries = 29580 . . . Used time: 0s Expected left time: 0s          
 Analyzing entries 15973 - 16002, now 15995 , sum entries = 29580 . . . Used time: 0s Expected left time: 0s          
 Analyzing entries 15973 - 16002, now 15996 , sum entries = 29580 . . . Used time: 0s Expected left time: 0s          
 Analyzing entries 15973 - 16002, now 15997 , sum entries = 29580 . . . Used time: 0s Expected left time: 0s          
 Analyzing entries 15973 - 16002, now 15998 , sum entries = 29580 . . . Used time: 0s Expected left time: 0s          
 Analyzing entries 15973 - 16002, now 15999 , sum entries = 29580 . . . Used time: 0s Expected left time: 0s          
 Analyzing entries 15973 - 16002, now 16000 , sum entries = 29580 . . . Used time: 0s Expected left time: 0s          
 Analyzing entries 15973 - 16002, now 16001 , sum entries = 29580 . . . Used time: 0s Expected left time: 0s          
 Save to RootFile /extdisk/zlin/Machine_learning/RecoPlanesFeatures/CMS_herwig_HT1000to1500-preVFP_jinitpt450_600_j2pt80_120Reco/Chunk54_Part0.root . . . Used time: 0s Expected left time: 0s          
 Save to RootFile /extdisk/zlin/Machine_learning/RecoPlanesFeatures/CMS_herwig_HT1000to1500-preVFP_jinitpt450_600_j2pt80_120Reco/Chunk54_Part0.root . . . Used time: 0s Expected left time: 0s          
 Save to RootFile /extdisk/zlin/Machine_learning/RecoPlanesFeatures/CMS_herwig_HT1000to1500-preVFP_jinitpt450_600_j2pt80_120Reco/Chunk54_Part0.root . . . Used time: 0s Expected left time: 0s          
 Save to RootFile /extdisk/zlin/Machine_learning/RecoPlanesFeatures/CMS_herwig_HT1000to1500-preVFP_jinitpt450_600_j2pt80_120Reco/Chunk54_Part0.root . . . Used time: 0s Expected left time: 0s          
 Save to RootFile /extdisk/zlin/Machine_learning/RecoPlanesFeatures/CMS_herwig_HT1000to1500-preVFP_jinitpt450_600_j2pt80_120Reco/Chunk54_Part0.root . . . Used time: 0s Expected left time: 0s          
 Save to RootFile /extdisk/zlin/Machine_learning/RecoPlanesFeatures/CMS_herwig_HT1000to1500-preVFP_jinitpt450_600_j2pt80_120Reco/Chunk54_Part0.root . . . Used time: 0s Expected left time: 0s          
 Analyzing entries 16002 - 16031, now 16002 , sum entries = 29580 . . . Used time: 0s Expected left time: 0s          
 Analyzing entries 16002 - 16031, now 16003 , sum entries = 29580 . . . Used time: 0s Expected left time: 0s          
 Analyzing entries 16002 - 16031, now 16004 , sum entries = 29580 . . . Used time: 0s Expected left time: 0s          
 Analyzing entries 16002 - 16031, now 16005 , sum entries = 29580 . . . Used time: 0s Expected left time: 0s          
 Analyzing entries 16002 - 16031, now 16006 , sum entries = 29580 . . . Used time: 0s Expected left time: 0s          
 Analyzing entries 16002 - 16031, now 16007 , sum entries = 29580 . . . Used time: 0s Expected left time: 0s          
 Analyzing entries 16002 - 16031, now 16008 , sum entries = 29580 . . . Used time: 0s Expected left time: 0s          
 Analyzing entries 16002 - 16031, now 16009 , sum entries = 29580 . . . Used time: 0s Expected left time: 0s          
 Analyzing entries 16002 - 16031, now 16010 , sum entries = 29580 . . . Used time: 0s Expected left time: 0s          
 Analyzing entries 16002 - 16031, now 16011 , sum entries = 29580 . . . Used time: 0s Expected left time: 0s          
 Analyzing entries 16002 - 16031, now 16012 , sum entries = 29580 . . . Used time: 0s Expected left time: 0s          
 Analyzing entries 16002 - 16031, now 16013 , sum entries = 29580 . . . Used time: 0s Expected left time: 0s          
 Analyzing entries 16002 - 16031, now 16014 , sum entries = 29580 . . . Used time: 0s Expected left time: 0s          
 Analyzing entries 16002 - 16031, now 16015 , sum entries = 29580 . . . Used time: 0s Expected left time: 0s          
 Analyzing entries 16002 - 16031, now 16016 , sum entries = 29580 . . . Used time: 0s Expected left time: 0s          
 Analyzing entries 16002 - 16031, now 16017 , sum entries = 29580 . . . Used time: 0s Expected left time: 0s          
 Analyzing entries 16002 - 16031, now 16018 , sum entries = 29580 . . . Used time: 0s Expected left time: 0s          
 Analyzing entries 16002 - 16031, now 16019 , sum entries = 29580 . . . Used time: 0s Expected left time: 0s          
 Analyzing entries 16002 - 16031, now 16020 , sum entries = 29580 . . . Used time: 0s Expected left time: 0s          
 Analyzing entries 16002 - 16031, now 16021 , sum entries = 29580 . . . Used time: 0s Expected left time: 0s          
 Analyzing entries 16002 - 16031, now 16022 , sum entries = 29580 . . . Used time: 0s Expected left time: 0s          
 Analyzing entries 16002 - 16031, now 16023 , sum entries = 29580 . . . Used time: 0s Expected left time: 0s          
 Analyzing entries 16002 - 16031, now 16024 , sum entries = 29580 . . . Used time: 0s Expected left time: 0s          
 Analyzing entries 16002 - 16031, now 16025 , sum entries = 29580 . . . Used time: 0s Expected left time: 0s          
 Analyzing entries 16002 - 16031, now 16026 , sum entries = 29580 . . . Used time: 0s Expected left time: 0s          
 Analyzing entries 16002 - 16031, now 16027 , sum entries = 29580 . . . Used time: 0s Expected left time: 0s          
 Analyzing entries 16002 - 16031, now 16028 , sum entries = 29580 . . . Used time: 0s Expected left time: 0s          
 Analyzing entries 16002 - 16031, now 16029 , sum entries = 29580 . . . Used time: 0s Expected left time: 0s          
 Analyzing entries 16002 - 16031, now 16030 , sum entries = 29580 . . . Used time: 0s Expected left time: 0s          
 Save to RootFile /extdisk/zlin/Machine_learning/RecoPlanesFeatures/CMS_herwig_HT1000to1500-preVFP_jinitpt450_600_j2pt80_120Reco/Chunk54_Part1.root . . . Used time: 0s Expected left time: 0s          
 Save to RootFile /extdisk/zlin/Machine_learning/RecoPlanesFeatures/CMS_herwig_HT1000to1500-preVFP_jinitpt450_600_j2pt80_120Reco/Chunk54_Part1.root . . . Used time: 0s Expected left time: 0s          
 Save to RootFile /extdisk/zlin/Machine_learning/RecoPlanesFeatures/CMS_herwig_HT1000to1500-preVFP_jinitpt450_600_j2pt80_120Reco/Chunk54_Part1.root . . . Used time: 0s Expected left time: 0s          
 Save to RootFile /extdisk/zlin/Machine_learning/RecoPlanesFeatures/CMS_herwig_HT1000to1500-preVFP_jinitpt450_600_j2pt80_120Reco/Chunk54_Part1.root . . . Used time: 0s Expected left time: 0s          
 Save to RootFile /extdisk/zlin/Machine_learning/RecoPlanesFeatures/CMS_herwig_HT1000to1500-preVFP_jinitpt450_600_j2pt80_120Reco/Chunk54_Part1.root . . . Used time: 0s Expected left time: 0s          
 Analyzing entries 16032 - 16061, now 16032 , sum entries = 29580 . . . Used time: 0s Expected left time: 0s          
 Analyzing entries 16032 - 16061, now 16033 , sum entries = 29580 . . . Used time: 0s Expected left time: 0s          
 Analyzing entries 16032 - 16061, now 16034 , sum entries = 29580 . . . Used time: 0s Expected left time: 0s          
 Analyzing entries 16032 - 16061, now 16035 , sum entries = 29580 . . . Used time: 0s Expected left time: 0s          
 Analyzing entries 16032 - 16061, now 16036 , sum entries = 29580 . . . Used time: 0s Expected left time: 0s          
 Analyzing entries 16032 - 16061, now 16037 , sum entries = 29580 . . . Used time: 0s Expected left time: 0s          
 Analyzing entries 16032 - 16061, now 16038 , sum entries = 29580 . . . Used time: 0s Expected left time: 0s          
 Analyzing entries 16032 - 16061, now 16039 , sum entries = 29580 . . . Used time: 0s Expected left time: 0s          
 Analyzing entries 16032 - 16061, now 16040 , sum entries = 29580 . . . Used time: 0s Expected left time: 0s          
 Analyzing entries 16032 - 16061, now 16041 , sum entries = 29580 . . . Used time: 0s Expected left time: 0s          
 Analyzing entries 16032 - 16061, now 16042 , sum entries = 29580 . . . Used time: 0s Expected left time: 0s          
 Analyzing entries 16032 - 16061, now 16043 , sum entries = 29580 . . . Used time: 0s Expected left time: 0s          
 Analyzing entries 16032 - 16061, now 16044 , sum entries = 29580 . . . Used time: 0s Expected left time: 0s          
 Analyzing entries 16032 - 16061, now 16045 , sum entries = 29580 . . . Used time: 0s Expected left time: 0s          
 Analyzing entries 16032 - 16061, now 16046 , sum entries = 29580 . . . Used time: 0s Expected left time: 0s          
 Analyzing entries 16032 - 16061, now 16047 , sum entries = 29580 . . . Used time: 0s Expected left time: 0s          
 Analyzing entries 16032 - 16061, now 16048 , sum entries = 29580 . . . Used time: 0s Expected left time: 0s          
 Analyzing entries 16032 - 16061, now 16049 , sum entries = 29580 . . . Used time: 0s Expected left time: 0s          
 Analyzing entries 16032 - 16061, now 16050 , sum entries = 29580 . . . Used time: 0s Expected left time: 0s          
 Analyzing entries 16032 - 16061, now 16051 , sum entries = 29580 . . . Used time: 0s Expected left time: 0s          
 Analyzing entries 16032 - 16061, now 16052 , sum entries = 29580 . . . Used time: 0s Expected left time: 0s          
 Analyzing entries 16032 - 16061, now 16053 , sum entries = 29580 . . . Used time: 0s Expected left time: 0s          
 Analyzing entries 16032 - 16061, now 16054 , sum entries = 29580 . . . Used time: 0s Expected left time: 0s          
 Analyzing entries 16032 - 16061, now 16055 , sum entries = 29580 . . . Used time: 0s Expected left time: 0s          
 Analyzing entries 16032 - 16061, now 16056 , sum entries = 29580 . . . Used time: 0s Expected left time: 0s          
 Analyzing entries 16032 - 16061, now 16057 , sum entries = 29580 . . . Used time: 0s Expected left time: 0s          
 Analyzing entries 16032 - 16061, now 16058 , sum entries = 29580 . . . Used time: 0s Expected left time: 0s          
 Analyzing entries 16032 - 16061, now 16059 , sum entries = 29580 . . . Used time: 0s Expected left time: 0s          
 Analyzing entries 16032 - 16061, now 16060 , sum entries = 29580 . . . Used time: 0s Expected left time: 0s          
 Save to RootFile /extdisk/zlin/Machine_learning/RecoPlanesFeatures/CMS_herwig_HT1000to1500-preVFP_jinitpt450_600_j2pt80_120Reco/Chunk54_Part2.root . . . Used time: 0s Expected left time: 0s          
 Analyzing entries 16061 - 16090, now 16061 , sum entries = 29580 . . . Used time: 0s Expected left time: 0s          
 Analyzing entries 16061 - 16090, now 16062 , sum entries = 29580 . . . Used time: 0s Expected left time: 0s          
 Analyzing entries 16061 - 16090, now 16063 , sum entries = 29580 . . . Used time: 0s Expected left time: 0s          
 Analyzing entries 16061 - 16090, now 16064 , sum entries = 29580 . . . Used time: 0s Expected left time: 0s          
 Analyzing entries 16061 - 16090, now 16065 , sum entries = 29580 . . . Used time: 0s Expected left time: 0s          
 Analyzing entries 16061 - 16090, now 16066 , sum entries = 29580 . . . Used time: 0s Expected left time: 0s          
 Analyzing entries 16061 - 16090, now 16067 , sum entries = 29580 . . . Used time: 0s Expected left time: 0s          
 Analyzing entries 16061 - 16090, now 16068 , sum entries = 29580 . . . Used time: 0s Expected left time: 0s          
 Analyzing entries 16061 - 16090, now 16069 , sum entries = 29580 . . . Used time: 0s Expected left time: 0s          
 Analyzing entries 16061 - 16090, now 16070 , sum entries = 29580 . . . Used time: 0s Expected left time: 0s          
 Analyzing entries 16061 - 16090, now 16071 , sum entries = 29580 . . . Used time: 0s Expected left time: 0s          
 Analyzing entries 16061 - 16090, now 16072 , sum entries = 29580 . . . Used time: 0s Expected left time: 0s          
 Analyzing entries 16061 - 16090, now 16073 , sum entries = 29580 . . . Used time: 0s Expected left time: 0s          
 Analyzing entries 16061 - 16090, now 16074 , sum entries = 29580 . . . Used time: 0s Expected left time: 0s          
 Analyzing entries 16061 - 16090, now 16075 , sum entries = 29580 . . . Used time: 0s Expected left time: 0s          
 Analyzing entries 16061 - 16090, now 16076 , sum entries = 29580 . . . Used time: 0s Expected left time: 0s          
 Analyzing entries 16061 - 16090, now 16077 , sum entries = 29580 . . . Used time: 0s Expected left time: 0s          
 Analyzing entries 16061 - 16090, now 16078 , sum entries = 29580 . . . Used time: 0s Expected left time: 0s          
 Analyzing entries 16061 - 16090, now 16079 , sum entries = 29580 . . . Used time: 0s Expected left time: 0s          
 Analyzing entries 16061 - 16090, now 16080 , sum entries = 29580 . . . Used time: 0s Expected left time: 0s          
 Analyzing entries 16061 - 16090, now 16081 , sum entries = 29580 . . . Used time: 0s Expected left time: 0s          
 Analyzing entries 16061 - 16090, now 16082 , sum entries = 29580 . . . Used time: 0s Expected left time: 0s          
 Analyzing entries 16061 - 16090, now 16083 , sum entries = 29580 . . . Used time: 0s Expected left time: 0s          
 Analyzing entries 16061 - 16090, now 16084 , sum entries = 29580 . . . Used time: 0s Expected left time: 0s          
 Analyzing entries 16061 - 16090, now 16085 , sum entries = 29580 . . . Used time: 0s Expected left time: 0s          
 Analyzing entries 16061 - 16090, now 16086 , sum entries = 29580 . . . Used time: 0s Expected left time: 0s          
 Analyzing entries 16061 - 16090, now 16087 , sum entries = 29580 . . . Used time: 0s Expected left time: 0s          
 Analyzing entries 16061 - 16090, now 16088 , sum entries = 29580 . . . Used time: 0s Expected left time: 0s          
 Analyzing entries 16061 - 16090, now 16089 , sum entries = 29580 . . . Used time: 0s Expected left time: 0s          
 Save to RootFile /extdisk/zlin/Machine_learning/RecoPlanesFeatures/CMS_herwig_HT1000to1500-preVFP_jinitpt450_600_j2pt80_120Reco/Chunk54_Part3.root . . . Used time: 0s Expected left time: 0s          
 Save to RootFile /extdisk/zlin/Machine_learning/RecoPlanesFeatures/CMS_herwig_HT1000to1500-preVFP_jinitpt450_600_j2pt80_120Reco/Chunk54_Part3.root . . . Used time: 0s Expected left time: 0s          
 Save to RootFile /extdisk/zlin/Machine_learning/RecoPlanesFeatures/CMS_herwig_HT1000to1500-preVFP_jinitpt450_600_j2pt80_120Reco/Chunk54_Part3.root . . . Used time: 0s Expected left time: 0s          
 Analyzing entries 16091 - 16120, now 16091 , sum entries = 29580 . . . Used time: 0s Expected left time: 0s          
 Analyzing entries 16091 - 16120, now 16092 , sum entries = 29580 . . . Used time: 0s Expected left time: 0s          
 Analyzing entries 16091 - 16120, now 16093 , sum entries = 29580 . . . Used time: 0s Expected left time: 0s          
 Analyzing entries 16091 - 16120, now 16094 , sum entries = 29580 . . . Used time: 0s Expected left time: 0s          
 Analyzing entries 16091 - 16120, now 16095 , sum entries = 29580 . . . Used time: 0s Expected left time: 0s          
 Analyzing entries 16091 - 16120, now 16096 , sum entries = 29580 . . . Used time: 0s Expected left time: 0s          
 Analyzing entries 16091 - 16120, now 16097 , sum entries = 29580 . . . Used time: 0s Expected left time: 0s          
 Analyzing entries 16091 - 16120, now 16098 , sum entries = 29580 . . . Used time: 0s Expected left time: 0s          
 Analyzing entries 16091 - 16120, now 16099 , sum entries = 29580 . . . Used time: 0s Expected left time: 0s          
 Analyzing entries 16091 - 16120, now 16100 , sum entries = 29580 . . . Used time: 0s Expected left time: 0s          
 Analyzing entries 16091 - 16120, now 16101 , sum entries = 29580 . . . Used time: 0s Expected left time: 0s          
 Analyzing entries 16091 - 16120, now 16102 , sum entries = 29580 . . . Used time: 0s Expected left time: 0s          
 Analyzing entries 16091 - 16120, now 16103 , sum entries = 29580 . . . Used time: 0s Expected left time: 0s          
 Analyzing entries 16091 - 16120, now 16104 , sum entries = 29580 . . . Used time: 0s Expected left time: 0s          
 Analyzing entries 16091 - 16120, now 16105 , sum entries = 29580 . . . Used time: 0s Expected left time: 0s          
 Analyzing entries 16091 - 16120, now 16106 , sum entries = 29580 . . . Used time: 0s Expected left time: 0s          
 Analyzing entries 16091 - 16120, now 16107 , sum entries = 29580 . . . Used time: 0s Expected left time: 0s          
 Analyzing entries 16091 - 16120, now 16108 , sum entries = 29580 . . . Used time: 0s Expected left time: 0s          
 Analyzing entries 16091 - 16120, now 16109 , sum entries = 29580 . . . Used time: 0s Expected left time: 0s          
 Analyzing entries 16091 - 16120, now 16110 , sum entries = 29580 . . . Used time: 0s Expected left time: 0s          
 Analyzing entries 16091 - 16120, now 16111 , sum entries = 29580 . . . Used time: 0s Expected left time: 0s          
 Analyzing entries 16091 - 16120, now 16112 , sum entries = 29580 . . . Used time: 0s Expected left time: 0s          
 Analyzing entries 16091 - 16120, now 16113 , sum entries = 29580 . . . Used time: 0s Expected left time: 0s          
 Analyzing entries 16091 - 16120, now 16114 , sum entries = 29580 . . . Used time: 0s Expected left time: 0s          
 Analyzing entries 16091 - 16120, now 16115 , sum entries = 29580 . . . Used time: 0s Expected left time: 0s          
 Analyzing entries 16091 - 16120, now 16116 , sum entries = 29580 . . . Used time: 0s Expected left time: 0s          
 Analyzing entries 16091 - 16120, now 16117 , sum entries = 29580 . . . Used time: 0s Expected left time: 0s          
 Analyzing entries 16091 - 16120, now 16118 , sum entries = 29580 . . . Used time: 0s Expected left time: 0s          
 Analyzing entries 16091 - 16120, now 16119 , sum entries = 29580 . . . Used time: 0s Expected left time: 0s          
 Save to RootFile /extdisk/zlin/Machine_learning/RecoPlanesFeatures/CMS_herwig_HT1000to1500-preVFP_jinitpt450_600_j2pt80_120Reco/Chunk54_Part4.root . . . Used time: 0s Expected left time: 0s          
 Save to RootFile /extdisk/zlin/Machine_learning/RecoPlanesFeatures/CMS_herwig_HT1000to1500-preVFP_jinitpt450_600_j2pt80_120Reco/Chunk54_Part4.root . . . Used time: 0s Expected left time: 0s          
 Save to RootFile /extdisk/zlin/Machine_learning/RecoPlanesFeatures/CMS_herwig_HT1000to1500-preVFP_jinitpt450_600_j2pt80_120Reco/Chunk54_Part4.root . . . Used time: 0s Expected left time: 0s          
 Save to RootFile /extdisk/zlin/Machine_learning/RecoPlanesFeatures/CMS_herwig_HT1000to1500-preVFP_jinitpt450_600_j2pt80_120Reco/Chunk54_Part4.root . . . Used time: 0s Expected left time: 0s          
 Save to RootFile /extdisk/zlin/Machine_learning/RecoPlanesFeatures/CMS_herwig_HT1000to1500-preVFP_jinitpt450_600_j2pt80_120Reco/Chunk54_Part4.root . . . Used time: 0s Expected left time: 0s          
 Save to RootFile /extdisk/zlin/Machine_learning/RecoPlanesFeatures/CMS_herwig_HT1000to1500-preVFP_jinitpt450_600_j2pt80_120Reco/Chunk54_Part4.root . . . Used time: 0s Expected left time: 0s          
 Save to RootFile /extdisk/zlin/Machine_learning/RecoPlanesFeatures/CMS_herwig_HT1000to1500-preVFP_jinitpt450_600_j2pt80_120Reco/Chunk54_Part4.root . . . Used time: 0s Expected left time: 0s          
 Save to RootFile /extdisk/zlin/Machine_learning/RecoPlanesFeatures/CMS_herwig_HT1000to1500-preVFP_jinitpt450_600_j2pt80_120Reco/Chunk54_Part4.root . . . Used time: 0s Expected left time: 0s          
 Save to RootFile /extdisk/zlin/Machine_learning/RecoPlanesFeatures/CMS_herwig_HT1000to1500-preVFP_jinitpt450_600_j2pt80_120Reco/Chunk54_Part4.root . . . Used time: 0s Expected left time: 0s          
 Save to RootFile /extdisk/zlin/Machine_learning/RecoPlanesFeatures/CMS_herwig_HT1000to1500-preVFP_jinitpt450_600_j2pt80_120Reco/Chunk54_Part4.root . . . Used time: 0s Expected left time: 0s          
 Analyzing entries 16121 - 16150, now 16121 , sum entries = 29580 . . . Used time: 0s Expected left time: 0s          
 Analyzing entries 16121 - 16150, now 16122 , sum entries = 29580 . . . Used time: 0s Expected left time: 0s          
 Analyzing entries 16121 - 16150, now 16123 , sum entries = 29580 . . . Used time: 0s Expected left time: 0s          
 Analyzing entries 16121 - 16150, now 16124 , sum entries = 29580 . . . Used time: 0s Expected left time: 0s          
 Analyzing entries 16121 - 16150, now 16125 , sum entries = 29580 . . . Used time: 0s Expected left time: 0s          
 Analyzing entries 16121 - 16150, now 16126 , sum entries = 29580 . . . Used time: 0s Expected left time: 0s          
 Analyzing entries 16121 - 16150, now 16127 , sum entries = 29580 . . . Used time: 0s Expected left time: 0s          
 Analyzing entries 16121 - 16150, now 16128 , sum entries = 29580 . . . Used time: 0s Expected left time: 0s          
 Analyzing entries 16121 - 16150, now 16129 , sum entries = 29580 . . . Used time: 0s Expected left time: 0s          
 Analyzing entries 16121 - 16150, now 16130 , sum entries = 29580 . . . Used time: 0s Expected left time: 0s          
 Analyzing entries 16121 - 16150, now 16131 , sum entries = 29580 . . . Used time: 0s Expected left time: 0s          
 Analyzing entries 16121 - 16150, now 16132 , sum entries = 29580 . . . Used time: 0s Expected left time: 0s          
 Analyzing entries 16121 - 16150, now 16133 , sum entries = 29580 . . . Used time: 0s Expected left time: 0s          
 Analyzing entries 16121 - 16150, now 16134 , sum entries = 29580 . . . Used time: 0s Expected left time: 0s          
 Analyzing entries 16121 - 16150, now 16135 , sum entries = 29580 . . . Used time: 0s Expected left time: 0s          
 Analyzing entries 16121 - 16150, now 16136 , sum entries = 29580 . . . Used time: 0s Expected left time: 0s          
 Analyzing entries 16121 - 16150, now 16137 , sum entries = 29580 . . . Used time: 0s Expected left time: 0s          
 Analyzing entries 16121 - 16150, now 16138 , sum entries = 29580 . . . Used time: 0s Expected left time: 0s          
 Analyzing entries 16121 - 16150, now 16139 , sum entries = 29580 . . . Used time: 0s Expected left time: 0s          
 Analyzing entries 16121 - 16150, now 16140 , sum entries = 29580 . . . Used time: 0s Expected left time: 0s          
 Analyzing entries 16121 - 16150, now 16141 , sum entries = 29580 . . . Used time: 0s Expected left time: 0s          
 Analyzing entries 16121 - 16150, now 16142 , sum entries = 29580 . . . Used time: 0s Expected left time: 0s          
 Analyzing entries 16121 - 16150, now 16143 , sum entries = 29580 . . . Used time: 0s Expected left time: 0s          
 Analyzing entries 16121 - 16150, now 16144 , sum entries = 29580 . . . Used time: 0s Expected left time: 0s          
 Analyzing entries 16121 - 16150, now 16145 , sum entries = 29580 . . . Used time: 0s Expected left time: 0s          
 Analyzing entries 16121 - 16150, now 16146 , sum entries = 29580 . . . Used time: 0s Expected left time: 0s          
 Analyzing entries 16121 - 16150, now 16147 , sum entries = 29580 . . . Used time: 0s Expected left time: 0s          
 Analyzing entries 16121 - 16150, now 16148 , sum entries = 29580 . . . Used time: 0s Expected left time: 0s          
 Analyzing entries 16121 - 16150, now 16149 , sum entries = 29580 . . . Used time: 0s Expected left time: 0s          
 Save to RootFile /extdisk/zlin/Machine_learning/RecoPlanesFeatures/CMS_herwig_HT1000to1500-preVFP_jinitpt450_600_j2pt80_120Reco/Chunk54_Part5.root . . . Used time: 0s Expected left time: 0s          
 Analyzing entries 16150 - 16179, now 16150 , sum entries = 29580 . . . Used time: 0s Expected left time: 0s          
 Analyzing entries 16150 - 16179, now 16151 , sum entries = 29580 . . . Used time: 0s Expected left time: 0s          
 Analyzing entries 16150 - 16179, now 16152 , sum entries = 29580 . . . Used time: 0s Expected left time: 0s          
 Analyzing entries 16150 - 16179, now 16153 , sum entries = 29580 . . . Used time: 0s Expected left time: 0s          
 Analyzing entries 16150 - 16179, now 16154 , sum entries = 29580 . . . Used time: 0s Expected left time: 0s          
 Analyzing entries 16150 - 16179, now 16155 , sum entries = 29580 . . . Used time: 0s Expected left time: 0s          
 Analyzing entries 16150 - 16179, now 16156 , sum entries = 29580 . . . Used time: 0s Expected left time: 0s          
 Analyzing entries 16150 - 16179, now 16157 , sum entries = 29580 . . . Used time: 0s Expected left time: 0s          
 Analyzing entries 16150 - 16179, now 16158 , sum entries = 29580 . . . Used time: 0s Expected left time: 0s          
 Analyzing entries 16150 - 16179, now 16159 , sum entries = 29580 . . . Used time: 0s Expected left time: 0s          
 Analyzing entries 16150 - 16179, now 16160 , sum entries = 29580 . . . Used time: 0s Expected left time: 0s          
 Analyzing entries 16150 - 16179, now 16161 , sum entries = 29580 . . . Used time: 0s Expected left time: 0s          
 Analyzing entries 16150 - 16179, now 16162 , sum entries = 29580 . . . Used time: 0s Expected left time: 0s          
 Analyzing entries 16150 - 16179, now 16163 , sum entries = 29580 . . . Used time: 0s Expected left time: 0s          
 Analyzing entries 16150 - 16179, now 16164 , sum entries = 29580 . . . Used time: 0s Expected left time: 0s          
 Analyzing entries 16150 - 16179, now 16165 , sum entries = 29580 . . . Used time: 0s Expected left time: 0s          
 Analyzing entries 16150 - 16179, now 16166 , sum entries = 29580 . . . Used time: 0s Expected left time: 0s          
 Analyzing entries 16150 - 16179, now 16167 , sum entries = 29580 . . . Used time: 0s Expected left time: 0s          
 Analyzing entries 16150 - 16179, now 16168 , sum entries = 29580 . . . Used time: 0s Expected left time: 0s          
 Analyzing entries 16150 - 16179, now 16169 , sum entries = 29580 . . . Used time: 0s Expected left time: 0s          
 Analyzing entries 16150 - 16179, now 16170 , sum entries = 29580 . . . Used time: 0s Expected left time: 0s          
 Analyzing entries 16150 - 16179, now 16171 , sum entries = 29580 . . . Used time: 0s Expected left time: 0s          
 Analyzing entries 16150 - 16179, now 16172 , sum entries = 29580 . . . Used time: 0s Expected left time: 0s          
 Analyzing entries 16150 - 16179, now 16173 , sum entries = 29580 . . . Used time: 0s Expected left time: 0s          
 Analyzing entries 16150 - 16179, now 16174 , sum entries = 29580 . . . Used time: 0s Expected left time: 0s          
 Analyzing entries 16150 - 16179, now 16175 , sum entries = 29580 . . . Used time: 0s Expected left time: 0s          
 Analyzing entries 16150 - 16179, now 16176 , sum entries = 29580 . . . Used time: 0s Expected left time: 0s          
 Analyzing entries 16150 - 16179, now 16177 , sum entries = 29580 . . . Used time: 0s Expected left time: 0s          
 Analyzing entries 16150 - 16179, now 16178 , sum entries = 29580 . . . Used time: 0s Expected left time: 0s          
 Save to RootFile /extdisk/zlin/Machine_learning/RecoPlanesFeatures/CMS_herwig_HT1000to1500-preVFP_jinitpt450_600_j2pt80_120Reco/Chunk54_Part6.root . . . Used time: 0s Expected left time: 0s          
 Save to RootFile /extdisk/zlin/Machine_learning/RecoPlanesFeatures/CMS_herwig_HT1000to1500-preVFP_jinitpt450_600_j2pt80_120Reco/Chunk54_Part6.root . . . Used time: 0s Expected left time: 0s          
 Analyzing entries 16180 - 16209, now 16180 , sum entries = 29580 . . . Used time: 0s Expected left time: 0s          
 Analyzing entries 16180 - 16209, now 16181 , sum entries = 29580 . . . Used time: 0s Expected left time: 0s          
 Analyzing entries 16180 - 16209, now 16182 , sum entries = 29580 . . . Used time: 0s Expected left time: 0s          
 Analyzing entries 16180 - 16209, now 16183 , sum entries = 29580 . . . Used time: 0s Expected left time: 0s          
 Analyzing entries 16180 - 16209, now 16184 , sum entries = 29580 . . . Used time: 0s Expected left time: 0s          
 Analyzing entries 16180 - 16209, now 16185 , sum entries = 29580 . . . Used time: 0s Expected left time: 0s          
 Analyzing entries 16180 - 16209, now 16186 , sum entries = 29580 . . . Used time: 0s Expected left time: 0s          
 Analyzing entries 16180 - 16209, now 16187 , sum entries = 29580 . . . Used time: 0s Expected left time: 0s          
 Analyzing entries 16180 - 16209, now 16188 , sum entries = 29580 . . . Used time: 0s Expected left time: 0s          
 Analyzing entries 16180 - 16209, now 16189 , sum entries = 29580 . . . Used time: 0s Expected left time: 0s          
 Analyzing entries 16180 - 16209, now 16190 , sum entries = 29580 . . . Used time: 0s Expected left time: 0s          
 Analyzing entries 16180 - 16209, now 16191 , sum entries = 29580 . . . Used time: 0s Expected left time: 0s          
 Analyzing entries 16180 - 16209, now 16192 , sum entries = 29580 . . . Used time: 0s Expected left time: 0s          
 Analyzing entries 16180 - 16209, now 16193 , sum entries = 29580 . . . Used time: 0s Expected left time: 0s          
 Analyzing entries 16180 - 16209, now 16194 , sum entries = 29580 . . . Used time: 0s Expected left time: 0s          
 Analyzing entries 16180 - 16209, now 16195 , sum entries = 29580 . . . Used time: 0s Expected left time: 0s          
 Analyzing entries 16180 - 16209, now 16196 , sum entries = 29580 . . . Used time: 0s Expected left time: 0s          
 Analyzing entries 16180 - 16209, now 16197 , sum entries = 29580 . . . Used time: 0s Expected left time: 0s          
 Analyzing entries 16180 - 16209, now 16198 , sum entries = 29580 . . . Used time: 0s Expected left time: 0s          
 Analyzing entries 16180 - 16209, now 16199 , sum entries = 29580 . . . Used time: 0s Expected left time: 0s          
 Analyzing entries 16180 - 16209, now 16200 , sum entries = 29580 . . . Used time: 0s Expected left time: 0s          
 Analyzing entries 16180 - 16209, now 16201 , sum entries = 29580 . . . Used time: 0s Expected left time: 0s          
 Analyzing entries 16180 - 16209, now 16202 , sum entries = 29580 . . . Used time: 0s Expected left time: 0s          
 Analyzing entries 16180 - 16209, now 16203 , sum entries = 29580 . . . Used time: 0s Expected left time: 0s          
 Analyzing entries 16180 - 16209, now 16204 , sum entries = 29580 . . . Used time: 0s Expected left time: 0s          
 Analyzing entries 16180 - 16209, now 16205 , sum entries = 29580 . . . Used time: 0s Expected left time: 0s          
 Analyzing entries 16180 - 16209, now 16206 , sum entries = 29580 . . . Used time: 0s Expected left time: 0s          
 Analyzing entries 16180 - 16209, now 16207 , sum entries = 29580 . . . Used time: 0s Expected left time: 0s          
 Analyzing entries 16180 - 16209, now 16208 , sum entries = 29580 . . . Used time: 0s Expected left time: 0s          
 Save to RootFile /extdisk/zlin/Machine_learning/RecoPlanesFeatures/CMS_herwig_HT1000to1500-preVFP_jinitpt450_600_j2pt80_120Reco/Chunk54_Part7.root . . . Used time: 0s Expected left time: 0s          
 Save to RootFile /extdisk/zlin/Machine_learning/RecoPlanesFeatures/CMS_herwig_HT1000to1500-preVFP_jinitpt450_600_j2pt80_120Reco/Chunk54_Part7.root . . . Used time: 0s Expected left time: 0s          
 Analyzing entries 16209 - 16238, now 16209 , sum entries = 29580 . . . Used time: 0s Expected left time: 0s          
 Analyzing entries 16209 - 16238, now 16210 , sum entries = 29580 . . . Used time: 0s Expected left time: 0s          
 Analyzing entries 16209 - 16238, now 16211 , sum entries = 29580 . . . Used time: 0s Expected left time: 0s          
 Analyzing entries 16209 - 16238, now 16212 , sum entries = 29580 . . . Used time: 0s Expected left time: 0s          
 Analyzing entries 16209 - 16238, now 16213 , sum entries = 29580 . . . Used time: 0s Expected left time: 0s          
 Analyzing entries 16209 - 16238, now 16214 , sum entries = 29580 . . . Used time: 0s Expected left time: 0s          
 Analyzing entries 16209 - 16238, now 16215 , sum entries = 29580 . . . Used time: 0s Expected left time: 0s          
 Analyzing entries 16209 - 16238, now 16216 , sum entries = 29580 . . . Used time: 0s Expected left time: 0s          
 Analyzing entries 16209 - 16238, now 16217 , sum entries = 29580 . . . Used time: 0s Expected left time: 0s          
 Analyzing entries 16209 - 16238, now 16218 , sum entries = 29580 . . . Used time: 0s Expected left time: 0s          
 Analyzing entries 16209 - 16238, now 16219 , sum entries = 29580 . . . Used time: 0s Expected left time: 0s          
 Analyzing entries 16209 - 16238, now 16220 , sum entries = 29580 . . . Used time: 0s Expected left time: 0s          
 Analyzing entries 16209 - 16238, now 16221 , sum entries = 29580 . . . Used time: 0s Expected left time: 0s          
 Analyzing entries 16209 - 16238, now 16222 , sum entries = 29580 . . . Used time: 0s Expected left time: 0s          
 Analyzing entries 16209 - 16238, now 16223 , sum entries = 29580 . . . Used time: 0s Expected left time: 0s          
 Analyzing entries 16209 - 16238, now 16224 , sum entries = 29580 . . . Used time: 0s Expected left time: 0s          
 Analyzing entries 16209 - 16238, now 16225 , sum entries = 29580 . . . Used time: 0s Expected left time: 0s          
 Analyzing entries 16209 - 16238, now 16226 , sum entries = 29580 . . . Used time: 0s Expected left time: 0s          
 Analyzing entries 16209 - 16238, now 16227 , sum entries = 29580 . . . Used time: 0s Expected left time: 0s          
 Analyzing entries 16209 - 16238, now 16228 , sum entries = 29580 . . . Used time: 0s Expected left time: 0s          
 Analyzing entries 16209 - 16238, now 16229 , sum entries = 29580 . . . Used time: 0s Expected left time: 0s          
 Analyzing entries 16209 - 16238, now 16230 , sum entries = 29580 . . . Used time: 0s Expected left time: 0s          
 Analyzing entries 16209 - 16238, now 16231 , sum entries = 29580 . . . Used time: 0s Expected left time: 0s          
 Analyzing entries 16209 - 16238, now 16232 , sum entries = 29580 . . . Used time: 0s Expected left time: 0s          
 Analyzing entries 16209 - 16238, now 16233 , sum entries = 29580 . . . Used time: 0s Expected left time: 0s          
 Analyzing entries 16209 - 16238, now 16234 , sum entries = 29580 . . . Used time: 0s Expected left time: 0s          
 Analyzing entries 16209 - 16238, now 16235 , sum entries = 29580 . . . Used time: 0s Expected left time: 0s          
 Analyzing entries 16209 - 16238, now 16236 , sum entries = 29580 . . . Used time: 0s Expected left time: 0s          
 Analyzing entries 16209 - 16238, now 16237 , sum entries = 29580 . . . Used time: 0s Expected left time: 0s          
 Save to RootFile /extdisk/zlin/Machine_learning/RecoPlanesFeatures/CMS_herwig_HT1000to1500-preVFP_jinitpt450_600_j2pt80_120Reco/Chunk54_Part8.root . . . Used time: 0s Expected left time: 0s          
 Analyzing entries 16239 - 16268, now 16239 , sum entries = 29580 . . . Used time: 0s Expected left time: 0s          
 Analyzing entries 16239 - 16268, now 16240 , sum entries = 29580 . . . Used time: 0s Expected left time: 0s          
 Analyzing entries 16239 - 16268, now 16241 , sum entries = 29580 . . . Used time: 0s Expected left time: 0s          
 Analyzing entries 16239 - 16268, now 16242 , sum entries = 29580 . . . Used time: 0s Expected left time: 0s          
 Analyzing entries 16239 - 16268, now 16243 , sum entries = 29580 . . . Used time: 0s Expected left time: 0s          
 Analyzing entries 16239 - 16268, now 16244 , sum entries = 29580 . . . Used time: 0s Expected left time: 0s          
 Analyzing entries 16239 - 16268, now 16245 , sum entries = 29580 . . . Used time: 0s Expected left time: 0s          
 Analyzing entries 16239 - 16268, now 16246 , sum entries = 29580 . . . Used time: 0s Expected left time: 0s          
 Analyzing entries 16239 - 16268, now 16247 , sum entries = 29580 . . . Used time: 0s Expected left time: 0s          
 Analyzing entries 16239 - 16268, now 16248 , sum entries = 29580 . . . Used time: 0s Expected left time: 0s          
 Analyzing entries 16239 - 16268, now 16249 , sum entries = 29580 . . . Used time: 0s Expected left time: 0s          
 Analyzing entries 16239 - 16268, now 16250 , sum entries = 29580 . . . Used time: 0s Expected left time: 0s          
 Analyzing entries 16239 - 16268, now 16251 , sum entries = 29580 . . . Used time: 0s Expected left time: 0s          
 Analyzing entries 16239 - 16268, now 16252 , sum entries = 29580 . . . Used time: 0s Expected left time: 0s          
 Analyzing entries 16239 - 16268, now 16253 , sum entries = 29580 . . . Used time: 0s Expected left time: 0s          
 Analyzing entries 16239 - 16268, now 16254 , sum entries = 29580 . . . Used time: 0s Expected left time: 0s          
 Analyzing entries 16239 - 16268, now 16255 , sum entries = 29580 . . . Used time: 0s Expected left time: 0s          
 Analyzing entries 16239 - 16268, now 16256 , sum entries = 29580 . . . Used time: 0s Expected left time: 0s          
 Analyzing entries 16239 - 16268, now 16257 , sum entries = 29580 . . . Used time: 0s Expected left time: 0s          
 Analyzing entries 16239 - 16268, now 16258 , sum entries = 29580 . . . Used time: 0s Expected left time: 0s          
 Analyzing entries 16239 - 16268, now 16259 , sum entries = 29580 . . . Used time: 0s Expected left time: 0s          
 Analyzing entries 16239 - 16268, now 16260 , sum entries = 29580 . . . Used time: 0s Expected left time: 0s          
 Analyzing entries 16239 - 16268, now 16261 , sum entries = 29580 . . . Used time: 0s Expected left time: 0s          
 Analyzing entries 16239 - 16268, now 16262 , sum entries = 29580 . . . Used time: 0s Expected left time: 0s          
 Analyzing entries 16239 - 16268, now 16263 , sum entries = 29580 . . . Used time: 0s Expected left time: 0s          
 Analyzing entries 16239 - 16268, now 16264 , sum entries = 29580 . . . Used time: 0s Expected left time: 0s          
 Analyzing entries 16239 - 16268, now 16265 , sum entries = 29580 . . . Used time: 0s Expected left time: 0s          
 Analyzing entries 16239 - 16268, now 16266 , sum entries = 29580 . . . Used time: 0s Expected left time: 0s          
 Analyzing entries 16239 - 16268, now 16267 , sum entries = 29580 . . . Used time: 0s Expected left time: 0s          
 Save to RootFile /extdisk/zlin/Machine_learning/RecoPlanesFeatures/CMS_herwig_HT1000to1500-preVFP_jinitpt450_600_j2pt80_120Reco/Chunk54_Part9.root . . . Used time: 0s Expected left time: 0s          
 Save to RootFile /extdisk/zlin/Machine_learning/RecoPlanesFeatures/CMS_herwig_HT1000to1500-preVFP_jinitpt450_600_j2pt80_120Reco/Chunk54_Part9.root . . . Used time: 0s Expected left time: 0s          
