Warning in <TFile::Init>: file /extdisk/zlin/Machine_learning/RecoPlanes/CMS_herwig_HT1000to1500-preVFP/Chunk25_Part0.root probably not closed, trying to recover
Warning in <TFile::Init>: no keys recovered, file has been made a Zombie
 Analyzing entries 15442 - 15472, now 15442 , sum entries = 30885 . . . Used time: 0s Expected left time: 0s          
 Analyzing entries 15442 - 15472, now 15443 , sum entries = 30885 . . . Used time: 0s Expected left time: 0s          
 Analyzing entries 15442 - 15472, now 15444 , sum entries = 30885 . . . Used time: 0s Expected left time: 0s          
 Analyzing entries 15442 - 15472, now 15445 , sum entries = 30885 . . . Used time: 0s Expected left time: 0s          
 Analyzing entries 15442 - 15472, now 15446 , sum entries = 30885 . . . Used time: 0s Expected left time: 0s          
 Analyzing entries 15442 - 15472, now 15447 , sum entries = 30885 . . . Used time: 0s Expected left time: 0s          
 Analyzing entries 15442 - 15472, now 15448 , sum entries = 30885 . . . Used time: 0s Expected left time: 0s          
 Analyzing entries 15442 - 15472, now 15449 , sum entries = 30885 . . . Used time: 0s Expected left time: 0s          
 Analyzing entries 15442 - 15472, now 15450 , sum entries = 30885 . . . Used time: 0s Expected left time: 0s          
 Analyzing entries 15442 - 15472, now 15451 , sum entries = 30885 . . . Used time: 0s Expected left time: 0s          
 Analyzing entries 15442 - 15472, now 15452 , sum entries = 30885 . . . Used time: 0s Expected left time: 0s          
 Analyzing entries 15442 - 15472, now 15453 , sum entries = 30885 . . . Used time: 0s Expected left time: 0s          
 Analyzing entries 15442 - 15472, now 15454 , sum entries = 30885 . . . Used time: 0s Expected left time: 0s          
 Analyzing entries 15442 - 15472, now 15455 , sum entries = 30885 . . . Used time: 0s Expected left time: 0s          
 Analyzing entries 15442 - 15472, now 15456 , sum entries = 30885 . . . Used time: 0s Expected left time: 0s          
 Analyzing entries 15442 - 15472, now 15457 , sum entries = 30885 . . . Used time: 0s Expected left time: 0s          
 Analyzing entries 15442 - 15472, now 15458 , sum entries = 30885 . . . Used time: 0s Expected left time: 0s          
 Analyzing entries 15442 - 15472, now 15459 , sum entries = 30885 . . . Used time: 0s Expected left time: 0s          
 Analyzing entries 15442 - 15472, now 15460 , sum entries = 30885 . . . Used time: 0s Expected left time: 0s          
 Analyzing entries 15442 - 15472, now 15461 , sum entries = 30885 . . . Used time: 0s Expected left time: 0s          
 Analyzing entries 15442 - 15472, now 15462 , sum entries = 30885 . . . Used time: 0s Expected left time: 0s          
 Analyzing entries 15442 - 15472, now 15463 , sum entries = 30885 . . . Used time: 0s Expected left time: 0s          
 Analyzing entries 15442 - 15472, now 15464 , sum entries = 30885 . . . Used time: 0s Expected left time: 0s          
 Analyzing entries 15442 - 15472, now 15465 , sum entries = 30885 . . . Used time: 0s Expected left time: 0s          
 Analyzing entries 15442 - 15472, now 15466 , sum entries = 30885 . . . Used time: 0s Expected left time: 0s          
 Analyzing entries 15442 - 15472, now 15467 , sum entries = 30885 . . . Used time: 0s Expected left time: 0s          
 Analyzing entries 15442 - 15472, now 15468 , sum entries = 30885 . . . Used time: 0s Expected left time: 0s          
 Analyzing entries 15442 - 15472, now 15469 , sum entries = 30885 . . . Used time: 0s Expected left time: 0s          
 Analyzing entries 15442 - 15472, now 15470 , sum entries = 30885 . . . Used time: 0s Expected left time: 0s          
 Analyzing entries 15442 - 15472, now 15471 , sum entries = 30885 . . . Used time: 0s Expected left time: 0s          
 Save to RootFile /extdisk/zlin/Machine_learning/RecoPlanesFeatures/CMS_herwig_HT1000to1500-preVFP_jinitpt450_600_j2pt80_120Reco/Chunk50_Part0.root . . . Used time: 0s Expected left time: 0s          
 Save to RootFile /extdisk/zlin/Machine_learning/RecoPlanesFeatures/CMS_herwig_HT1000to1500-preVFP_jinitpt450_600_j2pt80_120Reco/Chunk50_Part0.root . . . Used time: 0s Expected left time: 0s          
 Save to RootFile /extdisk/zlin/Machine_learning/RecoPlanesFeatures/CMS_herwig_HT1000to1500-preVFP_jinitpt450_600_j2pt80_120Reco/Chunk50_Part0.root . . . Used time: 0s Expected left time: 0s          
 Save to RootFile /extdisk/zlin/Machine_learning/RecoPlanesFeatures/CMS_herwig_HT1000to1500-preVFP_jinitpt450_600_j2pt80_120Reco/Chunk50_Part0.root . . . Used time: 0s Expected left time: 0s          
 Analyzing entries 15473 - 15503, now 15473 , sum entries = 30885 . . . Used time: 0s Expected left time: 0s          
 Analyzing entries 15473 - 15503, now 15474 , sum entries = 30885 . . . Used time: 0s Expected left time: 0s          
 Analyzing entries 15473 - 15503, now 15475 , sum entries = 30885 . . . Used time: 0s Expected left time: 0s          
 Analyzing entries 15473 - 15503, now 15476 , sum entries = 30885 . . . Used time: 0s Expected left time: 0s          
 Analyzing entries 15473 - 15503, now 15477 , sum entries = 30885 . . . Used time: 0s Expected left time: 0s          
 Analyzing entries 15473 - 15503, now 15478 , sum entries = 30885 . . . Used time: 0s Expected left time: 0s          
 Analyzing entries 15473 - 15503, now 15479 , sum entries = 30885 . . . Used time: 0s Expected left time: 0s          
 Analyzing entries 15473 - 15503, now 15480 , sum entries = 30885 . . . Used time: 0s Expected left time: 0s          
 Analyzing entries 15473 - 15503, now 15481 , sum entries = 30885 . . . Used time: 0s Expected left time: 0s          
 Analyzing entries 15473 - 15503, now 15482 , sum entries = 30885 . . . Used time: 0s Expected left time: 0s          
 Analyzing entries 15473 - 15503, now 15483 , sum entries = 30885 . . . Used time: 0s Expected left time: 0s          
 Analyzing entries 15473 - 15503, now 15484 , sum entries = 30885 . . . Used time: 0s Expected left time: 0s          
 Analyzing entries 15473 - 15503, now 15485 , sum entries = 30885 . . . Used time: 0s Expected left time: 0s          
 Analyzing entries 15473 - 15503, now 15486 , sum entries = 30885 . . . Used time: 0s Expected left time: 0s          
 Analyzing entries 15473 - 15503, now 15487 , sum entries = 30885 . . . Used time: 0s Expected left time: 0s          
 Analyzing entries 15473 - 15503, now 15488 , sum entries = 30885 . . . Used time: 0s Expected left time: 0s          
 Analyzing entries 15473 - 15503, now 15489 , sum entries = 30885 . . . Used time: 0s Expected left time: 0s          
 Analyzing entries 15473 - 15503, now 15490 , sum entries = 30885 . . . Used time: 0s Expected left time: 0s          
 Analyzing entries 15473 - 15503, now 15491 , sum entries = 30885 . . . Used time: 0s Expected left time: 0s          
 Analyzing entries 15473 - 15503, now 15492 , sum entries = 30885 . . . Used time: 0s Expected left time: 0s          
 Analyzing entries 15473 - 15503, now 15493 , sum entries = 30885 . . . Used time: 0s Expected left time: 0s          
 Analyzing entries 15473 - 15503, now 15494 , sum entries = 30885 . . . Used time: 0s Expected left time: 0s          
 Analyzing entries 15473 - 15503, now 15495 , sum entries = 30885 . . . Used time: 0s Expected left time: 0s          
 Analyzing entries 15473 - 15503, now 15496 , sum entries = 30885 . . . Used time: 0s Expected left time: 0s          
 Analyzing entries 15473 - 15503, now 15497 , sum entries = 30885 . . . Used time: 0s Expected left time: 0s          
 Analyzing entries 15473 - 15503, now 15498 , sum entries = 30885 . . . Used time: 0s Expected left time: 0s          
 Analyzing entries 15473 - 15503, now 15499 , sum entries = 30885 . . . Used time: 0s Expected left time: 0s          
 Analyzing entries 15473 - 15503, now 15500 , sum entries = 30885 . . . Used time: 0s Expected left time: 0s          
 Analyzing entries 15473 - 15503, now 15501 , sum entries = 30885 . . . Used time: 0s Expected left time: 0s          
 Analyzing entries 15473 - 15503, now 15502 , sum entries = 30885 . . . Used time: 0s Expected left time: 0s          
 Save to RootFile /extdisk/zlin/Machine_learning/RecoPlanesFeatures/CMS_herwig_HT1000to1500-preVFP_jinitpt450_600_j2pt80_120Reco/Chunk50_Part1.root . . . Used time: 0s Expected left time: 0s          
 Save to RootFile /extdisk/zlin/Machine_learning/RecoPlanesFeatures/CMS_herwig_HT1000to1500-preVFP_jinitpt450_600_j2pt80_120Reco/Chunk50_Part1.root . . . Used time: 0s Expected left time: 0s          
 Save to RootFile /extdisk/zlin/Machine_learning/RecoPlanesFeatures/CMS_herwig_HT1000to1500-preVFP_jinitpt450_600_j2pt80_120Reco/Chunk50_Part1.root . . . Used time: 0s Expected left time: 0s          
 Analyzing entries 15504 - 15534, now 15504 , sum entries = 30885 . . . Used time: 0s Expected left time: 0s          
 Analyzing entries 15504 - 15534, now 15505 , sum entries = 30885 . . . Used time: 0s Expected left time: 0s          
 Analyzing entries 15504 - 15534, now 15506 , sum entries = 30885 . . . Used time: 0s Expected left time: 0s          
 Analyzing entries 15504 - 15534, now 15507 , sum entries = 30885 . . . Used time: 0s Expected left time: 0s          
 Analyzing entries 15504 - 15534, now 15508 , sum entries = 30885 . . . Used time: 0s Expected left time: 0s          
 Analyzing entries 15504 - 15534, now 15509 , sum entries = 30885 . . . Used time: 0s Expected left time: 0s          
 Analyzing entries 15504 - 15534, now 15510 , sum entries = 30885 . . . Used time: 0s Expected left time: 0s          
 Analyzing entries 15504 - 15534, now 15511 , sum entries = 30885 . . . Used time: 0s Expected left time: 0s          
 Analyzing entries 15504 - 15534, now 15512 , sum entries = 30885 . . . Used time: 0s Expected left time: 0s          
 Analyzing entries 15504 - 15534, now 15513 , sum entries = 30885 . . . Used time: 0s Expected left time: 0s          
 Analyzing entries 15504 - 15534, now 15514 , sum entries = 30885 . . . Used time: 0s Expected left time: 0s          
 Analyzing entries 15504 - 15534, now 15515 , sum entries = 30885 . . . Used time: 0s Expected left time: 0s          
 Analyzing entries 15504 - 15534, now 15516 , sum entries = 30885 . . . Used time: 0s Expected left time: 0s          
 Analyzing entries 15504 - 15534, now 15517 , sum entries = 30885 . . . Used time: 0s Expected left time: 0s          
 Analyzing entries 15504 - 15534, now 15518 , sum entries = 30885 . . . Used time: 0s Expected left time: 0s          
 Analyzing entries 15504 - 15534, now 15519 , sum entries = 30885 . . . Used time: 0s Expected left time: 0s          
 Analyzing entries 15504 - 15534, now 15520 , sum entries = 30885 . . . Used time: 0s Expected left time: 0s          
 Analyzing entries 15504 - 15534, now 15521 , sum entries = 30885 . . . Used time: 0s Expected left time: 0s          
 Analyzing entries 15504 - 15534, now 15522 , sum entries = 30885 . . . Used time: 0s Expected left time: 0s          
 Analyzing entries 15504 - 15534, now 15523 , sum entries = 30885 . . . Used time: 0s Expected left time: 0s          
 Analyzing entries 15504 - 15534, now 15524 , sum entries = 30885 . . . Used time: 0s Expected left time: 0s          
 Analyzing entries 15504 - 15534, now 15525 , sum entries = 30885 . . . Used time: 0s Expected left time: 0s          
 Analyzing entries 15504 - 15534, now 15526 , sum entries = 30885 . . . Used time: 0s Expected left time: 0s          
 Analyzing entries 15504 - 15534, now 15527 , sum entries = 30885 . . . Used time: 0s Expected left time: 0s          
 Analyzing entries 15504 - 15534, now 15528 , sum entries = 30885 . . . Used time: 0s Expected left time: 0s          
 Analyzing entries 15504 - 15534, now 15529 , sum entries = 30885 . . . Used time: 0s Expected left time: 0s          
 Analyzing entries 15504 - 15534, now 15530 , sum entries = 30885 . . . Used time: 0s Expected left time: 0s          
 Analyzing entries 15504 - 15534, now 15531 , sum entries = 30885 . . . Used time: 0s Expected left time: 0s          
 Analyzing entries 15504 - 15534, now 15532 , sum entries = 30885 . . . Used time: 0s Expected left time: 0s          
 Analyzing entries 15504 - 15534, now 15533 , sum entries = 30885 . . . Used time: 0s Expected left time: 0s          
 Save to RootFile /extdisk/zlin/Machine_learning/RecoPlanesFeatures/CMS_herwig_HT1000to1500-preVFP_jinitpt450_600_j2pt80_120Reco/Chunk50_Part2.root . . . Used time: 0s Expected left time: 0s          
 Analyzing entries 15535 - 15565, now 15535 , sum entries = 30885 . . . Used time: 0s Expected left time: 0s          
 Analyzing entries 15535 - 15565, now 15536 , sum entries = 30885 . . . Used time: 0s Expected left time: 0s          
 Analyzing entries 15535 - 15565, now 15537 , sum entries = 30885 . . . Used time: 0s Expected left time: 0s          
 Analyzing entries 15535 - 15565, now 15538 , sum entries = 30885 . . . Used time: 0s Expected left time: 0s          
 Analyzing entries 15535 - 15565, now 15539 , sum entries = 30885 . . . Used time: 0s Expected left time: 0s          
 Analyzing entries 15535 - 15565, now 15540 , sum entries = 30885 . . . Used time: 0s Expected left time: 0s          
 Analyzing entries 15535 - 15565, now 15541 , sum entries = 30885 . . . Used time: 0s Expected left time: 0s          
 Analyzing entries 15535 - 15565, now 15542 , sum entries = 30885 . . . Used time: 0s Expected left time: 0s          
 Analyzing entries 15535 - 15565, now 15543 , sum entries = 30885 . . . Used time: 0s Expected left time: 0s          
 Analyzing entries 15535 - 15565, now 15544 , sum entries = 30885 . . . Used time: 0s Expected left time: 0s          
 Analyzing entries 15535 - 15565, now 15545 , sum entries = 30885 . . . Used time: 0s Expected left time: 0s          
 Analyzing entries 15535 - 15565, now 15546 , sum entries = 30885 . . . Used time: 0s Expected left time: 0s          
 Analyzing entries 15535 - 15565, now 15547 , sum entries = 30885 . . . Used time: 0s Expected left time: 0s          
 Analyzing entries 15535 - 15565, now 15548 , sum entries = 30885 . . . Used time: 0s Expected left time: 0s          
 Analyzing entries 15535 - 15565, now 15549 , sum entries = 30885 . . . Used time: 0s Expected left time: 0s          
 Analyzing entries 15535 - 15565, now 15550 , sum entries = 30885 . . . Used time: 0s Expected left time: 0s          
 Analyzing entries 15535 - 15565, now 15551 , sum entries = 30885 . . . Used time: 0s Expected left time: 0s          
 Analyzing entries 15535 - 15565, now 15552 , sum entries = 30885 . . . Used time: 0s Expected left time: 0s          
 Analyzing entries 15535 - 15565, now 15553 , sum entries = 30885 . . . Used time: 0s Expected left time: 0s          
 Analyzing entries 15535 - 15565, now 15554 , sum entries = 30885 . . . Used time: 0s Expected left time: 0s          
 Analyzing entries 15535 - 15565, now 15555 , sum entries = 30885 . . . Used time: 0s Expected left time: 0s          
 Analyzing entries 15535 - 15565, now 15556 , sum entries = 30885 . . . Used time: 0s Expected left time: 0s          
 Analyzing entries 15535 - 15565, now 15557 , sum entries = 30885 . . . Used time: 0s Expected left time: 0s          
 Analyzing entries 15535 - 15565, now 15558 , sum entries = 30885 . . . Used time: 0s Expected left time: 0s          
 Analyzing entries 15535 - 15565, now 15559 , sum entries = 30885 . . . Used time: 0s Expected left time: 0s          
 Analyzing entries 15535 - 15565, now 15560 , sum entries = 30885 . . . Used time: 0s Expected left time: 0s          
 Analyzing entries 15535 - 15565, now 15561 , sum entries = 30885 . . . Used time: 0s Expected left time: 0s          
 Analyzing entries 15535 - 15565, now 15562 , sum entries = 30885 . . . Used time: 0s Expected left time: 0s          
 Analyzing entries 15535 - 15565, now 15563 , sum entries = 30885 . . . Used time: 0s Expected left time: 0s          
 Analyzing entries 15535 - 15565, now 15564 , sum entries = 30885 . . . Used time: 0s Expected left time: 0s          
 Save to RootFile /extdisk/zlin/Machine_learning/RecoPlanesFeatures/CMS_herwig_HT1000to1500-preVFP_jinitpt450_600_j2pt80_120Reco/Chunk50_Part3.root . . . Used time: 0s Expected left time: 0s          
 Save to RootFile /extdisk/zlin/Machine_learning/RecoPlanesFeatures/CMS_herwig_HT1000to1500-preVFP_jinitpt450_600_j2pt80_120Reco/Chunk50_Part3.root . . . Used time: 0s Expected left time: 0s          
 Save to RootFile /extdisk/zlin/Machine_learning/RecoPlanesFeatures/CMS_herwig_HT1000to1500-preVFP_jinitpt450_600_j2pt80_120Reco/Chunk50_Part3.root . . . Used time: 0s Expected left time: 0s          
 Save to RootFile /extdisk/zlin/Machine_learning/RecoPlanesFeatures/CMS_herwig_HT1000to1500-preVFP_jinitpt450_600_j2pt80_120Reco/Chunk50_Part3.root . . . Used time: 0s Expected left time: 0s          
 Analyzing entries 15566 - 15596, now 15566 , sum entries = 30885 . . . Used time: 0s Expected left time: 0s          
 Analyzing entries 15566 - 15596, now 15567 , sum entries = 30885 . . . Used time: 0s Expected left time: 0s          
 Analyzing entries 15566 - 15596, now 15568 , sum entries = 30885 . . . Used time: 0s Expected left time: 0s          
 Analyzing entries 15566 - 15596, now 15569 , sum entries = 30885 . . . Used time: 0s Expected left time: 0s          
 Analyzing entries 15566 - 15596, now 15570 , sum entries = 30885 . . . Used time: 0s Expected left time: 0s          
 Analyzing entries 15566 - 15596, now 15571 , sum entries = 30885 . . . Used time: 0s Expected left time: 0s          
 Analyzing entries 15566 - 15596, now 15572 , sum entries = 30885 . . . Used time: 0s Expected left time: 0s          
 Analyzing entries 15566 - 15596, now 15573 , sum entries = 30885 . . . Used time: 0s Expected left time: 0s          
 Analyzing entries 15566 - 15596, now 15574 , sum entries = 30885 . . . Used time: 0s Expected left time: 0s          
 Analyzing entries 15566 - 15596, now 15575 , sum entries = 30885 . . . Used time: 0s Expected left time: 0s          
 Analyzing entries 15566 - 15596, now 15576 , sum entries = 30885 . . . Used time: 0s Expected left time: 0s          
 Analyzing entries 15566 - 15596, now 15577 , sum entries = 30885 . . . Used time: 0s Expected left time: 0s          
 Analyzing entries 15566 - 15596, now 15578 , sum entries = 30885 . . . Used time: 0s Expected left time: 0s          
 Analyzing entries 15566 - 15596, now 15579 , sum entries = 30885 . . . Used time: 0s Expected left time: 0s          
 Analyzing entries 15566 - 15596, now 15580 , sum entries = 30885 . . . Used time: 0s Expected left time: 0s          
 Analyzing entries 15566 - 15596, now 15581 , sum entries = 30885 . . . Used time: 0s Expected left time: 0s          
 Analyzing entries 15566 - 15596, now 15582 , sum entries = 30885 . . . Used time: 0s Expected left time: 0s          
 Analyzing entries 15566 - 15596, now 15583 , sum entries = 30885 . . . Used time: 0s Expected left time: 0s          
 Analyzing entries 15566 - 15596, now 15584 , sum entries = 30885 . . . Used time: 0s Expected left time: 0s          
 Analyzing entries 15566 - 15596, now 15585 , sum entries = 30885 . . . Used time: 0s Expected left time: 0s          
 Analyzing entries 15566 - 15596, now 15586 , sum entries = 30885 . . . Used time: 0s Expected left time: 0s          
 Analyzing entries 15566 - 15596, now 15587 , sum entries = 30885 . . . Used time: 0s Expected left time: 0s          
 Analyzing entries 15566 - 15596, now 15588 , sum entries = 30885 . . . Used time: 0s Expected left time: 0s          
 Analyzing entries 15566 - 15596, now 15589 , sum entries = 30885 . . . Used time: 0s Expected left time: 0s          
 Analyzing entries 15566 - 15596, now 15590 , sum entries = 30885 . . . Used time: 0s Expected left time: 0s          
 Analyzing entries 15566 - 15596, now 15591 , sum entries = 30885 . . . Used time: 0s Expected left time: 0s          
 Analyzing entries 15566 - 15596, now 15592 , sum entries = 30885 . . . Used time: 0s Expected left time: 0s          
 Analyzing entries 15566 - 15596, now 15593 , sum entries = 30885 . . . Used time: 0s Expected left time: 0s          
 Analyzing entries 15566 - 15596, now 15594 , sum entries = 30885 . . . Used time: 0s Expected left time: 0s          
 Analyzing entries 15566 - 15596, now 15595 , sum entries = 30885 . . . Used time: 0s Expected left time: 0s          
 Save to RootFile /extdisk/zlin/Machine_learning/RecoPlanesFeatures/CMS_herwig_HT1000to1500-preVFP_jinitpt450_600_j2pt80_120Reco/Chunk50_Part4.root . . . Used time: 0s Expected left time: 0s          
 Save to RootFile /extdisk/zlin/Machine_learning/RecoPlanesFeatures/CMS_herwig_HT1000to1500-preVFP_jinitpt450_600_j2pt80_120Reco/Chunk50_Part4.root . . . Used time: 0s Expected left time: 0s          
 Save to RootFile /extdisk/zlin/Machine_learning/RecoPlanesFeatures/CMS_herwig_HT1000to1500-preVFP_jinitpt450_600_j2pt80_120Reco/Chunk50_Part4.root . . . Used time: 0s Expected left time: 0s          
 Save to RootFile /extdisk/zlin/Machine_learning/RecoPlanesFeatures/CMS_herwig_HT1000to1500-preVFP_jinitpt450_600_j2pt80_120Reco/Chunk50_Part4.root . . . Used time: 0s Expected left time: 0s          
 Save to RootFile /extdisk/zlin/Machine_learning/RecoPlanesFeatures/CMS_herwig_HT1000to1500-preVFP_jinitpt450_600_j2pt80_120Reco/Chunk50_Part4.root . . . Used time: 0s Expected left time: 0s          
 Save to RootFile /extdisk/zlin/Machine_learning/RecoPlanesFeatures/CMS_herwig_HT1000to1500-preVFP_jinitpt450_600_j2pt80_120Reco/Chunk50_Part4.root . . . Used time: 0s Expected left time: 0s          
 Analyzing entries 15596 - 15626, now 15596 , sum entries = 30885 . . . Used time: 0s Expected left time: 0s          
 Analyzing entries 15596 - 15626, now 15597 , sum entries = 30885 . . . Used time: 0s Expected left time: 0s          
 Analyzing entries 15596 - 15626, now 15598 , sum entries = 30885 . . . Used time: 0s Expected left time: 0s          
 Analyzing entries 15596 - 15626, now 15599 , sum entries = 30885 . . . Used time: 0s Expected left time: 0s          
 Analyzing entries 15596 - 15626, now 15600 , sum entries = 30885 . . . Used time: 0s Expected left time: 0s          
 Analyzing entries 15596 - 15626, now 15601 , sum entries = 30885 . . . Used time: 0s Expected left time: 0s          
 Analyzing entries 15596 - 15626, now 15602 , sum entries = 30885 . . . Used time: 0s Expected left time: 0s          
 Analyzing entries 15596 - 15626, now 15603 , sum entries = 30885 . . . Used time: 0s Expected left time: 0s          
 Analyzing entries 15596 - 15626, now 15604 , sum entries = 30885 . . . Used time: 0s Expected left time: 0s          
 Analyzing entries 15596 - 15626, now 15605 , sum entries = 30885 . . . Used time: 0s Expected left time: 0s          
 Analyzing entries 15596 - 15626, now 15606 , sum entries = 30885 . . . Used time: 0s Expected left time: 0s          
 Analyzing entries 15596 - 15626, now 15607 , sum entries = 30885 . . . Used time: 0s Expected left time: 0s          
 Analyzing entries 15596 - 15626, now 15608 , sum entries = 30885 . . . Used time: 0s Expected left time: 0s          
 Analyzing entries 15596 - 15626, now 15609 , sum entries = 30885 . . . Used time: 0s Expected left time: 0s          
 Analyzing entries 15596 - 15626, now 15610 , sum entries = 30885 . . . Used time: 0s Expected left time: 0s          
 Analyzing entries 15596 - 15626, now 15611 , sum entries = 30885 . . . Used time: 0s Expected left time: 0s          
 Analyzing entries 15596 - 15626, now 15612 , sum entries = 30885 . . . Used time: 0s Expected left time: 0s          
 Analyzing entries 15596 - 15626, now 15613 , sum entries = 30885 . . . Used time: 0s Expected left time: 0s          
 Analyzing entries 15596 - 15626, now 15614 , sum entries = 30885 . . . Used time: 0s Expected left time: 0s          
 Analyzing entries 15596 - 15626, now 15615 , sum entries = 30885 . . . Used time: 0s Expected left time: 0s          
 Analyzing entries 15596 - 15626, now 15616 , sum entries = 30885 . . . Used time: 0s Expected left time: 0s          
 Analyzing entries 15596 - 15626, now 15617 , sum entries = 30885 . . . Used time: 0s Expected left time: 0s          
 Analyzing entries 15596 - 15626, now 15618 , sum entries = 30885 . . . Used time: 0s Expected left time: 0s          
 Analyzing entries 15596 - 15626, now 15619 , sum entries = 30885 . . . Used time: 0s Expected left time: 0s          
 Analyzing entries 15596 - 15626, now 15620 , sum entries = 30885 . . . Used time: 0s Expected left time: 0s          
 Analyzing entries 15596 - 15626, now 15621 , sum entries = 30885 . . . Used time: 0s Expected left time: 0s          
 Analyzing entries 15596 - 15626, now 15622 , sum entries = 30885 . . . Used time: 0s Expected left time: 0s          
 Analyzing entries 15596 - 15626, now 15623 , sum entries = 30885 . . . Used time: 0s Expected left time: 0s          
 Analyzing entries 15596 - 15626, now 15624 , sum entries = 30885 . . . Used time: 0s Expected left time: 0s          
 Analyzing entries 15596 - 15626, now 15625 , sum entries = 30885 . . . Used time: 0s Expected left time: 0s          
 Save to RootFile /extdisk/zlin/Machine_learning/RecoPlanesFeatures/CMS_herwig_HT1000to1500-preVFP_jinitpt450_600_j2pt80_120Reco/Chunk50_Part5.root . . . Used time: 0s Expected left time: 0s          
 Save to RootFile /extdisk/zlin/Machine_learning/RecoPlanesFeatures/CMS_herwig_HT1000to1500-preVFP_jinitpt450_600_j2pt80_120Reco/Chunk50_Part5.root . . . Used time: 0s Expected left time: 0s          
 Save to RootFile /extdisk/zlin/Machine_learning/RecoPlanesFeatures/CMS_herwig_HT1000to1500-preVFP_jinitpt450_600_j2pt80_120Reco/Chunk50_Part5.root . . . Used time: 0s Expected left time: 0s          
 Save to RootFile /extdisk/zlin/Machine_learning/RecoPlanesFeatures/CMS_herwig_HT1000to1500-preVFP_jinitpt450_600_j2pt80_120Reco/Chunk50_Part5.root . . . Used time: 0s Expected left time: 0s          
 Save to RootFile /extdisk/zlin/Machine_learning/RecoPlanesFeatures/CMS_herwig_HT1000to1500-preVFP_jinitpt450_600_j2pt80_120Reco/Chunk50_Part5.root . . . Used time: 0s Expected left time: 0s          
 Save to RootFile /extdisk/zlin/Machine_learning/RecoPlanesFeatures/CMS_herwig_HT1000to1500-preVFP_jinitpt450_600_j2pt80_120Reco/Chunk50_Part5.root . . . Used time: 0s Expected left time: 0s          
 Analyzing entries 15627 - 15657, now 15627 , sum entries = 30885 . . . Used time: 0s Expected left time: 0s          
 Analyzing entries 15627 - 15657, now 15628 , sum entries = 30885 . . . Used time: 0s Expected left time: 0s          
 Analyzing entries 15627 - 15657, now 15629 , sum entries = 30885 . . . Used time: 0s Expected left time: 0s          
 Analyzing entries 15627 - 15657, now 15630 , sum entries = 30885 . . . Used time: 0s Expected left time: 0s          
 Analyzing entries 15627 - 15657, now 15631 , sum entries = 30885 . . . Used time: 0s Expected left time: 0s          
 Analyzing entries 15627 - 15657, now 15632 , sum entries = 30885 . . . Used time: 0s Expected left time: 0s          
 Analyzing entries 15627 - 15657, now 15633 , sum entries = 30885 . . . Used time: 0s Expected left time: 0s          
 Analyzing entries 15627 - 15657, now 15634 , sum entries = 30885 . . . Used time: 0s Expected left time: 0s          
 Analyzing entries 15627 - 15657, now 15635 , sum entries = 30885 . . . Used time: 0s Expected left time: 0s          
 Analyzing entries 15627 - 15657, now 15636 , sum entries = 30885 . . . Used time: 0s Expected left time: 0s          
 Analyzing entries 15627 - 15657, now 15637 , sum entries = 30885 . . . Used time: 0s Expected left time: 0s          
 Analyzing entries 15627 - 15657, now 15638 , sum entries = 30885 . . . Used time: 0s Expected left time: 0s          
 Analyzing entries 15627 - 15657, now 15639 , sum entries = 30885 . . . Used time: 0s Expected left time: 0s          
 Analyzing entries 15627 - 15657, now 15640 , sum entries = 30885 . . . Used time: 0s Expected left time: 0s          
 Analyzing entries 15627 - 15657, now 15641 , sum entries = 30885 . . . Used time: 0s Expected left time: 0s          
 Analyzing entries 15627 - 15657, now 15642 , sum entries = 30885 . . . Used time: 0s Expected left time: 0s          
 Analyzing entries 15627 - 15657, now 15643 , sum entries = 30885 . . . Used time: 0s Expected left time: 0s          
 Analyzing entries 15627 - 15657, now 15644 , sum entries = 30885 . . . Used time: 0s Expected left time: 0s          
 Analyzing entries 15627 - 15657, now 15645 , sum entries = 30885 . . . Used time: 0s Expected left time: 0s          
 Analyzing entries 15627 - 15657, now 15646 , sum entries = 30885 . . . Used time: 0s Expected left time: 0s          
 Analyzing entries 15627 - 15657, now 15647 , sum entries = 30885 . . . Used time: 0s Expected left time: 0s          
 Analyzing entries 15627 - 15657, now 15648 , sum entries = 30885 . . . Used time: 0s Expected left time: 0s          
 Analyzing entries 15627 - 15657, now 15649 , sum entries = 30885 . . . Used time: 0s Expected left time: 0s          
 Analyzing entries 15627 - 15657, now 15650 , sum entries = 30885 . . . Used time: 0s Expected left time: 0s          
 Analyzing entries 15627 - 15657, now 15651 , sum entries = 30885 . . . Used time: 0s Expected left time: 0s          
 Analyzing entries 15627 - 15657, now 15652 , sum entries = 30885 . . . Used time: 0s Expected left time: 0s          
 Analyzing entries 15627 - 15657, now 15653 , sum entries = 30885 . . . Used time: 0s Expected left time: 0s          
 Analyzing entries 15627 - 15657, now 15654 , sum entries = 30885 . . . Used time: 0s Expected left time: 0s          
 Analyzing entries 15627 - 15657, now 15655 , sum entries = 30885 . . . Used time: 0s Expected left time: 0s          
 Analyzing entries 15627 - 15657, now 15656 , sum entries = 30885 . . . Used time: 0s Expected left time: 0s          
 Save to RootFile /extdisk/zlin/Machine_learning/RecoPlanesFeatures/CMS_herwig_HT1000to1500-preVFP_jinitpt450_600_j2pt80_120Reco/Chunk50_Part6.root . . . Used time: 0s Expected left time: 0s          
 Save to RootFile /extdisk/zlin/Machine_learning/RecoPlanesFeatures/CMS_herwig_HT1000to1500-preVFP_jinitpt450_600_j2pt80_120Reco/Chunk50_Part6.root . . . Used time: 0s Expected left time: 0s          
 Save to RootFile /extdisk/zlin/Machine_learning/RecoPlanesFeatures/CMS_herwig_HT1000to1500-preVFP_jinitpt450_600_j2pt80_120Reco/Chunk50_Part6.root . . . Used time: 0s Expected left time: 0s          
 Save to RootFile /extdisk/zlin/Machine_learning/RecoPlanesFeatures/CMS_herwig_HT1000to1500-preVFP_jinitpt450_600_j2pt80_120Reco/Chunk50_Part6.root . . . Used time: 0s Expected left time: 0s          
 Analyzing entries 15658 - 15688, now 15658 , sum entries = 30885 . . . Used time: 0s Expected left time: 0s          
 Analyzing entries 15658 - 15688, now 15659 , sum entries = 30885 . . . Used time: 0s Expected left time: 0s          
 Analyzing entries 15658 - 15688, now 15660 , sum entries = 30885 . . . Used time: 0s Expected left time: 0s          
 Analyzing entries 15658 - 15688, now 15661 , sum entries = 30885 . . . Used time: 0s Expected left time: 0s          
 Analyzing entries 15658 - 15688, now 15662 , sum entries = 30885 . . . Used time: 0s Expected left time: 0s          
 Analyzing entries 15658 - 15688, now 15663 , sum entries = 30885 . . . Used time: 0s Expected left time: 0s          
 Analyzing entries 15658 - 15688, now 15664 , sum entries = 30885 . . . Used time: 0s Expected left time: 0s          
 Analyzing entries 15658 - 15688, now 15665 , sum entries = 30885 . . . Used time: 0s Expected left time: 0s          
 Analyzing entries 15658 - 15688, now 15666 , sum entries = 30885 . . . Used time: 0s Expected left time: 0s          
 Analyzing entries 15658 - 15688, now 15667 , sum entries = 30885 . . . Used time: 0s Expected left time: 0s          
 Analyzing entries 15658 - 15688, now 15668 , sum entries = 30885 . . . Used time: 0s Expected left time: 0s          
 Analyzing entries 15658 - 15688, now 15669 , sum entries = 30885 . . . Used time: 0s Expected left time: 0s          
 Analyzing entries 15658 - 15688, now 15670 , sum entries = 30885 . . . Used time: 0s Expected left time: 0s          
 Analyzing entries 15658 - 15688, now 15671 , sum entries = 30885 . . . Used time: 0s Expected left time: 0s          
 Analyzing entries 15658 - 15688, now 15672 , sum entries = 30885 . . . Used time: 0s Expected left time: 0s          
 Analyzing entries 15658 - 15688, now 15673 , sum entries = 30885 . . . Used time: 0s Expected left time: 0s          
 Analyzing entries 15658 - 15688, now 15674 , sum entries = 30885 . . . Used time: 0s Expected left time: 0s          
 Analyzing entries 15658 - 15688, now 15675 , sum entries = 30885 . . . Used time: 0s Expected left time: 0s          
 Analyzing entries 15658 - 15688, now 15676 , sum entries = 30885 . . . Used time: 0s Expected left time: 0s          
 Analyzing entries 15658 - 15688, now 15677 , sum entries = 30885 . . . Used time: 0s Expected left time: 0s          
 Analyzing entries 15658 - 15688, now 15678 , sum entries = 30885 . . . Used time: 0s Expected left time: 0s          
 Analyzing entries 15658 - 15688, now 15679 , sum entries = 30885 . . . Used time: 0s Expected left time: 0s          
 Analyzing entries 15658 - 15688, now 15680 , sum entries = 30885 . . . Used time: 0s Expected left time: 0s          
 Analyzing entries 15658 - 15688, now 15681 , sum entries = 30885 . . . Used time: 0s Expected left time: 0s          
 Analyzing entries 15658 - 15688, now 15682 , sum entries = 30885 . . . Used time: 0s Expected left time: 0s          
 Analyzing entries 15658 - 15688, now 15683 , sum entries = 30885 . . . Used time: 0s Expected left time: 0s          
 Analyzing entries 15658 - 15688, now 15684 , sum entries = 30885 . . . Used time: 0s Expected left time: 0s          
 Analyzing entries 15658 - 15688, now 15685 , sum entries = 30885 . . . Used time: 0s Expected left time: 0s          
 Analyzing entries 15658 - 15688, now 15686 , sum entries = 30885 . . . Used time: 0s Expected left time: 0s          
 Analyzing entries 15658 - 15688, now 15687 , sum entries = 30885 . . . Used time: 0s Expected left time: 0s          
 Save to RootFile /extdisk/zlin/Machine_learning/RecoPlanesFeatures/CMS_herwig_HT1000to1500-preVFP_jinitpt450_600_j2pt80_120Reco/Chunk50_Part7.root . . . Used time: 0s Expected left time: 0s          
 Save to RootFile /extdisk/zlin/Machine_learning/RecoPlanesFeatures/CMS_herwig_HT1000to1500-preVFP_jinitpt450_600_j2pt80_120Reco/Chunk50_Part7.root . . . Used time: 0s Expected left time: 0s          
 Save to RootFile /extdisk/zlin/Machine_learning/RecoPlanesFeatures/CMS_herwig_HT1000to1500-preVFP_jinitpt450_600_j2pt80_120Reco/Chunk50_Part7.root . . . Used time: 0s Expected left time: 0s          
 Save to RootFile /extdisk/zlin/Machine_learning/RecoPlanesFeatures/CMS_herwig_HT1000to1500-preVFP_jinitpt450_600_j2pt80_120Reco/Chunk50_Part7.root . . . Used time: 0s Expected left time: 0s          
 Save to RootFile /extdisk/zlin/Machine_learning/RecoPlanesFeatures/CMS_herwig_HT1000to1500-preVFP_jinitpt450_600_j2pt80_120Reco/Chunk50_Part7.root . . . Used time: 0s Expected left time: 0s          
 Save to RootFile /extdisk/zlin/Machine_learning/RecoPlanesFeatures/CMS_herwig_HT1000to1500-preVFP_jinitpt450_600_j2pt80_120Reco/Chunk50_Part7.root . . . Used time: 0s Expected left time: 0s          
 Save to RootFile /extdisk/zlin/Machine_learning/RecoPlanesFeatures/CMS_herwig_HT1000to1500-preVFP_jinitpt450_600_j2pt80_120Reco/Chunk50_Part7.root . . . Used time: 0s Expected left time: 0s          
 Analyzing entries 15689 - 15719, now 15689 , sum entries = 30885 . . . Used time: 0s Expected left time: 0s          
 Analyzing entries 15689 - 15719, now 15690 , sum entries = 30885 . . . Used time: 0s Expected left time: 0s          
 Analyzing entries 15689 - 15719, now 15691 , sum entries = 30885 . . . Used time: 0s Expected left time: 0s          
 Analyzing entries 15689 - 15719, now 15692 , sum entries = 30885 . . . Used time: 0s Expected left time: 0s          
 Analyzing entries 15689 - 15719, now 15693 , sum entries = 30885 . . . Used time: 0s Expected left time: 0s          
 Analyzing entries 15689 - 15719, now 15694 , sum entries = 30885 . . . Used time: 0s Expected left time: 0s          
 Analyzing entries 15689 - 15719, now 15695 , sum entries = 30885 . . . Used time: 0s Expected left time: 0s          
 Analyzing entries 15689 - 15719, now 15696 , sum entries = 30885 . . . Used time: 0s Expected left time: 0s          
 Analyzing entries 15689 - 15719, now 15697 , sum entries = 30885 . . . Used time: 0s Expected left time: 0s          
 Analyzing entries 15689 - 15719, now 15698 , sum entries = 30885 . . . Used time: 0s Expected left time: 0s          
 Analyzing entries 15689 - 15719, now 15699 , sum entries = 30885 . . . Used time: 0s Expected left time: 0s          
 Analyzing entries 15689 - 15719, now 15700 , sum entries = 30885 . . . Used time: 0s Expected left time: 0s          
 Analyzing entries 15689 - 15719, now 15701 , sum entries = 30885 . . . Used time: 0s Expected left time: 0s          
 Analyzing entries 15689 - 15719, now 15702 , sum entries = 30885 . . . Used time: 0s Expected left time: 0s          
 Analyzing entries 15689 - 15719, now 15703 , sum entries = 30885 . . . Used time: 0s Expected left time: 0s          
 Analyzing entries 15689 - 15719, now 15704 , sum entries = 30885 . . . Used time: 0s Expected left time: 0s          
 Analyzing entries 15689 - 15719, now 15705 , sum entries = 30885 . . . Used time: 0s Expected left time: 0s          
 Analyzing entries 15689 - 15719, now 15706 , sum entries = 30885 . . . Used time: 0s Expected left time: 0s          
 Analyzing entries 15689 - 15719, now 15707 , sum entries = 30885 . . . Used time: 0s Expected left time: 0s          
 Analyzing entries 15689 - 15719, now 15708 , sum entries = 30885 . . . Used time: 0s Expected left time: 0s          
 Analyzing entries 15689 - 15719, now 15709 , sum entries = 30885 . . . Used time: 0s Expected left time: 0s          
 Analyzing entries 15689 - 15719, now 15710 , sum entries = 30885 . . . Used time: 0s Expected left time: 0s          
 Analyzing entries 15689 - 15719, now 15711 , sum entries = 30885 . . . Used time: 0s Expected left time: 0s          
 Analyzing entries 15689 - 15719, now 15712 , sum entries = 30885 . . . Used time: 0s Expected left time: 0s          
 Analyzing entries 15689 - 15719, now 15713 , sum entries = 30885 . . . Used time: 0s Expected left time: 0s          
 Analyzing entries 15689 - 15719, now 15714 , sum entries = 30885 . . . Used time: 0s Expected left time: 0s          
 Analyzing entries 15689 - 15719, now 15715 , sum entries = 30885 . . . Used time: 0s Expected left time: 0s          
 Analyzing entries 15689 - 15719, now 15716 , sum entries = 30885 . . . Used time: 0s Expected left time: 0s          
 Analyzing entries 15689 - 15719, now 15717 , sum entries = 30885 . . . Used time: 0s Expected left time: 0s          
 Analyzing entries 15689 - 15719, now 15718 , sum entries = 30885 . . . Used time: 0s Expected left time: 0s          
 Save to RootFile /extdisk/zlin/Machine_learning/RecoPlanesFeatures/CMS_herwig_HT1000to1500-preVFP_jinitpt450_600_j2pt80_120Reco/Chunk50_Part8.root . . . Used time: 0s Expected left time: 0s          
 Save to RootFile /extdisk/zlin/Machine_learning/RecoPlanesFeatures/CMS_herwig_HT1000to1500-preVFP_jinitpt450_600_j2pt80_120Reco/Chunk50_Part8.root . . . Used time: 0s Expected left time: 0s          
 Save to RootFile /extdisk/zlin/Machine_learning/RecoPlanesFeatures/CMS_herwig_HT1000to1500-preVFP_jinitpt450_600_j2pt80_120Reco/Chunk50_Part8.root . . . Used time: 0s Expected left time: 0s          
 Analyzing entries 15720 - 15750, now 15720 , sum entries = 30885 . . . Used time: 0s Expected left time: 0s          
 Analyzing entries 15720 - 15750, now 15721 , sum entries = 30885 . . . Used time: 0s Expected left time: 0s          
 Analyzing entries 15720 - 15750, now 15722 , sum entries = 30885 . . . Used time: 0s Expected left time: 0s          
 Analyzing entries 15720 - 15750, now 15723 , sum entries = 30885 . . . Used time: 0s Expected left time: 0s          
 Analyzing entries 15720 - 15750, now 15724 , sum entries = 30885 . . . Used time: 0s Expected left time: 0s          
 Analyzing entries 15720 - 15750, now 15725 , sum entries = 30885 . . . Used time: 0s Expected left time: 0s          
 Analyzing entries 15720 - 15750, now 15726 , sum entries = 30885 . . . Used time: 0s Expected left time: 0s          
 Analyzing entries 15720 - 15750, now 15727 , sum entries = 30885 . . . Used time: 0s Expected left time: 0s          
 Analyzing entries 15720 - 15750, now 15728 , sum entries = 30885 . . . Used time: 0s Expected left time: 0s          
 Analyzing entries 15720 - 15750, now 15729 , sum entries = 30885 . . . Used time: 0s Expected left time: 0s          
 Analyzing entries 15720 - 15750, now 15730 , sum entries = 30885 . . . Used time: 0s Expected left time: 0s          
 Analyzing entries 15720 - 15750, now 15731 , sum entries = 30885 . . . Used time: 0s Expected left time: 0s          
 Analyzing entries 15720 - 15750, now 15732 , sum entries = 30885 . . . Used time: 0s Expected left time: 0s          
 Analyzing entries 15720 - 15750, now 15733 , sum entries = 30885 . . . Used time: 0s Expected left time: 0s          
 Analyzing entries 15720 - 15750, now 15734 , sum entries = 30885 . . . Used time: 0s Expected left time: 0s          
 Analyzing entries 15720 - 15750, now 15735 , sum entries = 30885 . . . Used time: 0s Expected left time: 0s          
 Analyzing entries 15720 - 15750, now 15736 , sum entries = 30885 . . . Used time: 0s Expected left time: 0s          
 Analyzing entries 15720 - 15750, now 15737 , sum entries = 30885 . . . Used time: 0s Expected left time: 0s          
 Analyzing entries 15720 - 15750, now 15738 , sum entries = 30885 . . . Used time: 0s Expected left time: 0s          
 Analyzing entries 15720 - 15750, now 15739 , sum entries = 30885 . . . Used time: 0s Expected left time: 0s          
 Analyzing entries 15720 - 15750, now 15740 , sum entries = 30885 . . . Used time: 0s Expected left time: 0s          
 Analyzing entries 15720 - 15750, now 15741 , sum entries = 30885 . . . Used time: 0s Expected left time: 0s          
 Analyzing entries 15720 - 15750, now 15742 , sum entries = 30885 . . . Used time: 0s Expected left time: 0s          
 Analyzing entries 15720 - 15750, now 15743 , sum entries = 30885 . . . Used time: 0s Expected left time: 0s          
 Analyzing entries 15720 - 15750, now 15744 , sum entries = 30885 . . . Used time: 0s Expected left time: 0s          
 Analyzing entries 15720 - 15750, now 15745 , sum entries = 30885 . . . Used time: 0s Expected left time: 0s          
 Analyzing entries 15720 - 15750, now 15746 , sum entries = 30885 . . . Used time: 0s Expected left time: 0s          
 Analyzing entries 15720 - 15750, now 15747 , sum entries = 30885 . . . Used time: 0s Expected left time: 0s          
 Analyzing entries 15720 - 15750, now 15748 , sum entries = 30885 . . . Used time: 0s Expected left time: 0s          
 Analyzing entries 15720 - 15750, now 15749 , sum entries = 30885 . . . Used time: 0s Expected left time: 0s          
 Save to RootFile /extdisk/zlin/Machine_learning/RecoPlanesFeatures/CMS_herwig_HT1000to1500-preVFP_jinitpt450_600_j2pt80_120Reco/Chunk50_Part9.root . . . Used time: 0s Expected left time: 0s          
 Save to RootFile /extdisk/zlin/Machine_learning/RecoPlanesFeatures/CMS_herwig_HT1000to1500-preVFP_jinitpt450_600_j2pt80_120Reco/Chunk50_Part9.root . . . Used time: 0s Expected left time: 0s          
 Save to RootFile /extdisk/zlin/Machine_learning/RecoPlanesFeatures/CMS_herwig_HT1000to1500-preVFP_jinitpt450_600_j2pt80_120Reco/Chunk50_Part9.root . . . Used time: 0s Expected left time: 0s          
