Warning in <TFile::Init>: file /extdisk/zlin/Machine_learning/RecoPlanes/CMS_herwig_HT1000to1500-preVFP/Chunk24_Part0.root probably not closed, trying to recover
Warning in <TFile::Init>: no keys recovered, file has been made a Zombie
 Analyzing entries 9187 - 9207, now 9187 , sum entries = 20880 . . . Used time: 0s Expected left time: 0s          
 Analyzing entries 9187 - 9207, now 9188 , sum entries = 20880 . . . Used time: 0s Expected left time: 0s          
 Analyzing entries 9187 - 9207, now 9189 , sum entries = 20880 . . . Used time: 0s Expected left time: 0s          
 Analyzing entries 9187 - 9207, now 9190 , sum entries = 20880 . . . Used time: 0s Expected left time: 0s          
 Analyzing entries 9187 - 9207, now 9191 , sum entries = 20880 . . . Used time: 0s Expected left time: 0s          
 Analyzing entries 9187 - 9207, now 9192 , sum entries = 20880 . . . Used time: 0s Expected left time: 0s          
 Analyzing entries 9187 - 9207, now 9193 , sum entries = 20880 . . . Used time: 0s Expected left time: 0s          
 Analyzing entries 9187 - 9207, now 9194 , sum entries = 20880 . . . Used time: 0s Expected left time: 0s          
 Analyzing entries 9187 - 9207, now 9195 , sum entries = 20880 . . . Used time: 0s Expected left time: 0s          
 Analyzing entries 9187 - 9207, now 9196 , sum entries = 20880 . . . Used time: 0s Expected left time: 0s          
 Analyzing entries 9187 - 9207, now 9197 , sum entries = 20880 . . . Used time: 0s Expected left time: 0s          
 Analyzing entries 9187 - 9207, now 9198 , sum entries = 20880 . . . Used time: 0s Expected left time: 0s          
 Analyzing entries 9187 - 9207, now 9199 , sum entries = 20880 . . . Used time: 0s Expected left time: 0s          
 Analyzing entries 9187 - 9207, now 9200 , sum entries = 20880 . . . Used time: 0s Expected left time: 0s          
 Analyzing entries 9187 - 9207, now 9201 , sum entries = 20880 . . . Used time: 0s Expected left time: 0s          
 Analyzing entries 9187 - 9207, now 9202 , sum entries = 20880 . . . Used time: 0s Expected left time: 0s          
 Analyzing entries 9187 - 9207, now 9203 , sum entries = 20880 . . . Used time: 0s Expected left time: 0s          
 Analyzing entries 9187 - 9207, now 9204 , sum entries = 20880 . . . Used time: 0s Expected left time: 0s          
 Analyzing entries 9187 - 9207, now 9205 , sum entries = 20880 . . . Used time: 0s Expected left time: 0s          
 Analyzing entries 9187 - 9207, now 9206 , sum entries = 20880 . . . Used time: 0s Expected left time: 0s          
 Save to RootFile /extdisk/zlin/Machine_learning/RecoPlanesFeatures/CMS_herwig_HT1000to1500-preVFP_jinitpt450_600_j2pt80_120Reco/Chunk44_Part0.root . . . Used time: 0s Expected left time: 0s          
 Save to RootFile /extdisk/zlin/Machine_learning/RecoPlanesFeatures/CMS_herwig_HT1000to1500-preVFP_jinitpt450_600_j2pt80_120Reco/Chunk44_Part0.root . . . Used time: 0s Expected left time: 0s          
 Save to RootFile /extdisk/zlin/Machine_learning/RecoPlanesFeatures/CMS_herwig_HT1000to1500-preVFP_jinitpt450_600_j2pt80_120Reco/Chunk44_Part0.root . . . Used time: 0s Expected left time: 0s          
 Save to RootFile /extdisk/zlin/Machine_learning/RecoPlanesFeatures/CMS_herwig_HT1000to1500-preVFP_jinitpt450_600_j2pt80_120Reco/Chunk44_Part0.root . . . Used time: 0s Expected left time: 0s          
 Save to RootFile /extdisk/zlin/Machine_learning/RecoPlanesFeatures/CMS_herwig_HT1000to1500-preVFP_jinitpt450_600_j2pt80_120Reco/Chunk44_Part0.root . . . Used time: 0s Expected left time: 0s          
 Save to RootFile /extdisk/zlin/Machine_learning/RecoPlanesFeatures/CMS_herwig_HT1000to1500-preVFP_jinitpt450_600_j2pt80_120Reco/Chunk44_Part0.root . . . Used time: 0s Expected left time: 0s          
 Analyzing entries 9208 - 9228, now 9208 , sum entries = 20880 . . . Used time: 0s Expected left time: 0s          
 Analyzing entries 9208 - 9228, now 9209 , sum entries = 20880 . . . Used time: 0s Expected left time: 0s          
 Analyzing entries 9208 - 9228, now 9210 , sum entries = 20880 . . . Used time: 0s Expected left time: 0s          
 Analyzing entries 9208 - 9228, now 9211 , sum entries = 20880 . . . Used time: 0s Expected left time: 0s          
 Analyzing entries 9208 - 9228, now 9212 , sum entries = 20880 . . . Used time: 0s Expected left time: 0s          
 Analyzing entries 9208 - 9228, now 9213 , sum entries = 20880 . . . Used time: 0s Expected left time: 0s          
 Analyzing entries 9208 - 9228, now 9214 , sum entries = 20880 . . . Used time: 0s Expected left time: 0s          
 Analyzing entries 9208 - 9228, now 9215 , sum entries = 20880 . . . Used time: 0s Expected left time: 0s          
 Analyzing entries 9208 - 9228, now 9216 , sum entries = 20880 . . . Used time: 0s Expected left time: 0s          
 Analyzing entries 9208 - 9228, now 9217 , sum entries = 20880 . . . Used time: 0s Expected left time: 0s          
 Analyzing entries 9208 - 9228, now 9218 , sum entries = 20880 . . . Used time: 0s Expected left time: 0s          
 Analyzing entries 9208 - 9228, now 9219 , sum entries = 20880 . . . Used time: 0s Expected left time: 0s          
 Analyzing entries 9208 - 9228, now 9220 , sum entries = 20880 . . . Used time: 0s Expected left time: 0s          
 Analyzing entries 9208 - 9228, now 9221 , sum entries = 20880 . . . Used time: 0s Expected left time: 0s          
 Analyzing entries 9208 - 9228, now 9222 , sum entries = 20880 . . . Used time: 0s Expected left time: 0s          
 Analyzing entries 9208 - 9228, now 9223 , sum entries = 20880 . . . Used time: 0s Expected left time: 0s          
 Analyzing entries 9208 - 9228, now 9224 , sum entries = 20880 . . . Used time: 0s Expected left time: 0s          
 Analyzing entries 9208 - 9228, now 9225 , sum entries = 20880 . . . Used time: 0s Expected left time: 0s          
 Analyzing entries 9208 - 9228, now 9226 , sum entries = 20880 . . . Used time: 0s Expected left time: 0s          
 Analyzing entries 9208 - 9228, now 9227 , sum entries = 20880 . . . Used time: 0s Expected left time: 0s          
 Save to RootFile /extdisk/zlin/Machine_learning/RecoPlanesFeatures/CMS_herwig_HT1000to1500-preVFP_jinitpt450_600_j2pt80_120Reco/Chunk44_Part1.root . . . Used time: 0s Expected left time: 0s          
 Analyzing entries 9228 - 9248, now 9228 , sum entries = 20880 . . . Used time: 0s Expected left time: 0s          
 Analyzing entries 9228 - 9248, now 9229 , sum entries = 20880 . . . Used time: 0s Expected left time: 0s          
 Analyzing entries 9228 - 9248, now 9230 , sum entries = 20880 . . . Used time: 0s Expected left time: 0s          
 Analyzing entries 9228 - 9248, now 9231 , sum entries = 20880 . . . Used time: 0s Expected left time: 0s          
 Analyzing entries 9228 - 9248, now 9232 , sum entries = 20880 . . . Used time: 0s Expected left time: 0s          
 Analyzing entries 9228 - 9248, now 9233 , sum entries = 20880 . . . Used time: 0s Expected left time: 0s          
 Analyzing entries 9228 - 9248, now 9234 , sum entries = 20880 . . . Used time: 0s Expected left time: 0s          
 Analyzing entries 9228 - 9248, now 9235 , sum entries = 20880 . . . Used time: 0s Expected left time: 0s          
 Analyzing entries 9228 - 9248, now 9236 , sum entries = 20880 . . . Used time: 0s Expected left time: 0s          
 Analyzing entries 9228 - 9248, now 9237 , sum entries = 20880 . . . Used time: 0s Expected left time: 0s          
 Analyzing entries 9228 - 9248, now 9238 , sum entries = 20880 . . . Used time: 0s Expected left time: 0s          
 Analyzing entries 9228 - 9248, now 9239 , sum entries = 20880 . . . Used time: 0s Expected left time: 0s          
 Analyzing entries 9228 - 9248, now 9240 , sum entries = 20880 . . . Used time: 0s Expected left time: 0s          
 Analyzing entries 9228 - 9248, now 9241 , sum entries = 20880 . . . Used time: 0s Expected left time: 0s          
 Analyzing entries 9228 - 9248, now 9242 , sum entries = 20880 . . . Used time: 0s Expected left time: 0s          
 Analyzing entries 9228 - 9248, now 9243 , sum entries = 20880 . . . Used time: 0s Expected left time: 0s          
 Analyzing entries 9228 - 9248, now 9244 , sum entries = 20880 . . . Used time: 0s Expected left time: 0s          
 Analyzing entries 9228 - 9248, now 9245 , sum entries = 20880 . . . Used time: 0s Expected left time: 0s          
 Analyzing entries 9228 - 9248, now 9246 , sum entries = 20880 . . . Used time: 0s Expected left time: 0s          
 Analyzing entries 9228 - 9248, now 9247 , sum entries = 20880 . . . Used time: 0s Expected left time: 0s          
 Save to RootFile /extdisk/zlin/Machine_learning/RecoPlanesFeatures/CMS_herwig_HT1000to1500-preVFP_jinitpt450_600_j2pt80_120Reco/Chunk44_Part2.root . . . Used time: 0s Expected left time: 0s          
 Save to RootFile /extdisk/zlin/Machine_learning/RecoPlanesFeatures/CMS_herwig_HT1000to1500-preVFP_jinitpt450_600_j2pt80_120Reco/Chunk44_Part2.root . . . Used time: 0s Expected left time: 0s          
 Save to RootFile /extdisk/zlin/Machine_learning/RecoPlanesFeatures/CMS_herwig_HT1000to1500-preVFP_jinitpt450_600_j2pt80_120Reco/Chunk44_Part2.root . . . Used time: 0s Expected left time: 0s          
 Save to RootFile /extdisk/zlin/Machine_learning/RecoPlanesFeatures/CMS_herwig_HT1000to1500-preVFP_jinitpt450_600_j2pt80_120Reco/Chunk44_Part2.root . . . Used time: 0s Expected left time: 0s          
 Analyzing entries 9249 - 9269, now 9249 , sum entries = 20880 . . . Used time: 0s Expected left time: 0s          
 Analyzing entries 9249 - 9269, now 9250 , sum entries = 20880 . . . Used time: 0s Expected left time: 0s          
 Analyzing entries 9249 - 9269, now 9251 , sum entries = 20880 . . . Used time: 0s Expected left time: 0s          
 Analyzing entries 9249 - 9269, now 9252 , sum entries = 20880 . . . Used time: 0s Expected left time: 0s          
 Analyzing entries 9249 - 9269, now 9253 , sum entries = 20880 . . . Used time: 0s Expected left time: 0s          
 Analyzing entries 9249 - 9269, now 9254 , sum entries = 20880 . . . Used time: 0s Expected left time: 0s          
 Analyzing entries 9249 - 9269, now 9255 , sum entries = 20880 . . . Used time: 0s Expected left time: 0s          
 Analyzing entries 9249 - 9269, now 9256 , sum entries = 20880 . . . Used time: 0s Expected left time: 0s          
 Analyzing entries 9249 - 9269, now 9257 , sum entries = 20880 . . . Used time: 0s Expected left time: 0s          
 Analyzing entries 9249 - 9269, now 9258 , sum entries = 20880 . . . Used time: 0s Expected left time: 0s          
 Analyzing entries 9249 - 9269, now 9259 , sum entries = 20880 . . . Used time: 0s Expected left time: 0s          
 Analyzing entries 9249 - 9269, now 9260 , sum entries = 20880 . . . Used time: 0s Expected left time: 0s          
 Analyzing entries 9249 - 9269, now 9261 , sum entries = 20880 . . . Used time: 0s Expected left time: 0s          
 Analyzing entries 9249 - 9269, now 9262 , sum entries = 20880 . . . Used time: 0s Expected left time: 0s          
 Analyzing entries 9249 - 9269, now 9263 , sum entries = 20880 . . . Used time: 0s Expected left time: 0s          
 Analyzing entries 9249 - 9269, now 9264 , sum entries = 20880 . . . Used time: 0s Expected left time: 0s          
 Analyzing entries 9249 - 9269, now 9265 , sum entries = 20880 . . . Used time: 0s Expected left time: 0s          
 Analyzing entries 9249 - 9269, now 9266 , sum entries = 20880 . . . Used time: 0s Expected left time: 0s          
 Analyzing entries 9249 - 9269, now 9267 , sum entries = 20880 . . . Used time: 0s Expected left time: 0s          
 Analyzing entries 9249 - 9269, now 9268 , sum entries = 20880 . . . Used time: 0s Expected left time: 0s          
 Save to RootFile /extdisk/zlin/Machine_learning/RecoPlanesFeatures/CMS_herwig_HT1000to1500-preVFP_jinitpt450_600_j2pt80_120Reco/Chunk44_Part3.root . . . Used time: 0s Expected left time: 0s          
 Save to RootFile /extdisk/zlin/Machine_learning/RecoPlanesFeatures/CMS_herwig_HT1000to1500-preVFP_jinitpt450_600_j2pt80_120Reco/Chunk44_Part3.root . . . Used time: 0s Expected left time: 0s          
 Save to RootFile /extdisk/zlin/Machine_learning/RecoPlanesFeatures/CMS_herwig_HT1000to1500-preVFP_jinitpt450_600_j2pt80_120Reco/Chunk44_Part3.root . . . Used time: 0s Expected left time: 0s          
 Save to RootFile /extdisk/zlin/Machine_learning/RecoPlanesFeatures/CMS_herwig_HT1000to1500-preVFP_jinitpt450_600_j2pt80_120Reco/Chunk44_Part3.root . . . Used time: 0s Expected left time: 0s          
 Analyzing entries 9270 - 9290, now 9270 , sum entries = 20880 . . . Used time: 0s Expected left time: 0s          
 Analyzing entries 9270 - 9290, now 9271 , sum entries = 20880 . . . Used time: 0s Expected left time: 0s          
 Analyzing entries 9270 - 9290, now 9272 , sum entries = 20880 . . . Used time: 0s Expected left time: 0s          
 Analyzing entries 9270 - 9290, now 9273 , sum entries = 20880 . . . Used time: 0s Expected left time: 0s          
 Analyzing entries 9270 - 9290, now 9274 , sum entries = 20880 . . . Used time: 0s Expected left time: 0s          
 Analyzing entries 9270 - 9290, now 9275 , sum entries = 20880 . . . Used time: 0s Expected left time: 0s          
 Analyzing entries 9270 - 9290, now 9276 , sum entries = 20880 . . . Used time: 0s Expected left time: 0s          
 Analyzing entries 9270 - 9290, now 9277 , sum entries = 20880 . . . Used time: 0s Expected left time: 0s          
 Analyzing entries 9270 - 9290, now 9278 , sum entries = 20880 . . . Used time: 0s Expected left time: 0s          
 Analyzing entries 9270 - 9290, now 9279 , sum entries = 20880 . . . Used time: 0s Expected left time: 0s          
 Analyzing entries 9270 - 9290, now 9280 , sum entries = 20880 . . . Used time: 0s Expected left time: 0s          
 Analyzing entries 9270 - 9290, now 9281 , sum entries = 20880 . . . Used time: 0s Expected left time: 0s          
 Analyzing entries 9270 - 9290, now 9282 , sum entries = 20880 . . . Used time: 0s Expected left time: 0s          
 Analyzing entries 9270 - 9290, now 9283 , sum entries = 20880 . . . Used time: 0s Expected left time: 0s          
 Analyzing entries 9270 - 9290, now 9284 , sum entries = 20880 . . . Used time: 0s Expected left time: 0s          
 Analyzing entries 9270 - 9290, now 9285 , sum entries = 20880 . . . Used time: 0s Expected left time: 0s          
 Analyzing entries 9270 - 9290, now 9286 , sum entries = 20880 . . . Used time: 0s Expected left time: 0s          
 Analyzing entries 9270 - 9290, now 9287 , sum entries = 20880 . . . Used time: 0s Expected left time: 0s          
 Analyzing entries 9270 - 9290, now 9288 , sum entries = 20880 . . . Used time: 0s Expected left time: 0s          
 Analyzing entries 9270 - 9290, now 9289 , sum entries = 20880 . . . Used time: 0s Expected left time: 0s          
 Save to RootFile /extdisk/zlin/Machine_learning/RecoPlanesFeatures/CMS_herwig_HT1000to1500-preVFP_jinitpt450_600_j2pt80_120Reco/Chunk44_Part4.root . . . Used time: 0s Expected left time: 0s          
 Save to RootFile /extdisk/zlin/Machine_learning/RecoPlanesFeatures/CMS_herwig_HT1000to1500-preVFP_jinitpt450_600_j2pt80_120Reco/Chunk44_Part4.root . . . Used time: 0s Expected left time: 0s          
 Save to RootFile /extdisk/zlin/Machine_learning/RecoPlanesFeatures/CMS_herwig_HT1000to1500-preVFP_jinitpt450_600_j2pt80_120Reco/Chunk44_Part4.root . . . Used time: 0s Expected left time: 0s          
 Save to RootFile /extdisk/zlin/Machine_learning/RecoPlanesFeatures/CMS_herwig_HT1000to1500-preVFP_jinitpt450_600_j2pt80_120Reco/Chunk44_Part4.root . . . Used time: 0s Expected left time: 0s          
 Save to RootFile /extdisk/zlin/Machine_learning/RecoPlanesFeatures/CMS_herwig_HT1000to1500-preVFP_jinitpt450_600_j2pt80_120Reco/Chunk44_Part4.root . . . Used time: 0s Expected left time: 0s          
 Analyzing entries 9291 - 9311, now 9291 , sum entries = 20880 . . . Used time: 0s Expected left time: 0s          
 Analyzing entries 9291 - 9311, now 9292 , sum entries = 20880 . . . Used time: 0s Expected left time: 0s          
 Analyzing entries 9291 - 9311, now 9293 , sum entries = 20880 . . . Used time: 0s Expected left time: 0s          
 Analyzing entries 9291 - 9311, now 9294 , sum entries = 20880 . . . Used time: 0s Expected left time: 0s          
 Analyzing entries 9291 - 9311, now 9295 , sum entries = 20880 . . . Used time: 0s Expected left time: 0s          
 Analyzing entries 9291 - 9311, now 9296 , sum entries = 20880 . . . Used time: 0s Expected left time: 0s          
 Analyzing entries 9291 - 9311, now 9297 , sum entries = 20880 . . . Used time: 0s Expected left time: 0s          
 Analyzing entries 9291 - 9311, now 9298 , sum entries = 20880 . . . Used time: 0s Expected left time: 0s          
 Analyzing entries 9291 - 9311, now 9299 , sum entries = 20880 . . . Used time: 0s Expected left time: 0s          
 Analyzing entries 9291 - 9311, now 9300 , sum entries = 20880 . . . Used time: 0s Expected left time: 0s          
 Analyzing entries 9291 - 9311, now 9301 , sum entries = 20880 . . . Used time: 0s Expected left time: 0s          
 Analyzing entries 9291 - 9311, now 9302 , sum entries = 20880 . . . Used time: 0s Expected left time: 0s          
 Analyzing entries 9291 - 9311, now 9303 , sum entries = 20880 . . . Used time: 0s Expected left time: 0s          
 Analyzing entries 9291 - 9311, now 9304 , sum entries = 20880 . . . Used time: 0s Expected left time: 0s          
 Analyzing entries 9291 - 9311, now 9305 , sum entries = 20880 . . . Used time: 0s Expected left time: 0s          
 Analyzing entries 9291 - 9311, now 9306 , sum entries = 20880 . . . Used time: 0s Expected left time: 0s          
 Analyzing entries 9291 - 9311, now 9307 , sum entries = 20880 . . . Used time: 0s Expected left time: 0s          
 Analyzing entries 9291 - 9311, now 9308 , sum entries = 20880 . . . Used time: 0s Expected left time: 0s          
 Analyzing entries 9291 - 9311, now 9309 , sum entries = 20880 . . . Used time: 0s Expected left time: 0s          
 Analyzing entries 9291 - 9311, now 9310 , sum entries = 20880 . . . Used time: 0s Expected left time: 0s          
 Save to RootFile /extdisk/zlin/Machine_learning/RecoPlanesFeatures/CMS_herwig_HT1000to1500-preVFP_jinitpt450_600_j2pt80_120Reco/Chunk44_Part5.root . . . Used time: 0s Expected left time: 0s          
 Save to RootFile /extdisk/zlin/Machine_learning/RecoPlanesFeatures/CMS_herwig_HT1000to1500-preVFP_jinitpt450_600_j2pt80_120Reco/Chunk44_Part5.root . . . Used time: 0s Expected left time: 0s          
 Analyzing entries 9312 - 9332, now 9312 , sum entries = 20880 . . . Used time: 0s Expected left time: 0s          
 Analyzing entries 9312 - 9332, now 9313 , sum entries = 20880 . . . Used time: 0s Expected left time: 0s          
 Analyzing entries 9312 - 9332, now 9314 , sum entries = 20880 . . . Used time: 0s Expected left time: 0s          
 Analyzing entries 9312 - 9332, now 9315 , sum entries = 20880 . . . Used time: 0s Expected left time: 0s          
 Analyzing entries 9312 - 9332, now 9316 , sum entries = 20880 . . . Used time: 0s Expected left time: 0s          
 Analyzing entries 9312 - 9332, now 9317 , sum entries = 20880 . . . Used time: 0s Expected left time: 0s          
 Analyzing entries 9312 - 9332, now 9318 , sum entries = 20880 . . . Used time: 0s Expected left time: 0s          
 Analyzing entries 9312 - 9332, now 9319 , sum entries = 20880 . . . Used time: 0s Expected left time: 0s          
 Analyzing entries 9312 - 9332, now 9320 , sum entries = 20880 . . . Used time: 0s Expected left time: 0s          
 Analyzing entries 9312 - 9332, now 9321 , sum entries = 20880 . . . Used time: 0s Expected left time: 0s          
 Analyzing entries 9312 - 9332, now 9322 , sum entries = 20880 . . . Used time: 0s Expected left time: 0s          
 Analyzing entries 9312 - 9332, now 9323 , sum entries = 20880 . . . Used time: 0s Expected left time: 0s          
 Analyzing entries 9312 - 9332, now 9324 , sum entries = 20880 . . . Used time: 0s Expected left time: 0s          
 Analyzing entries 9312 - 9332, now 9325 , sum entries = 20880 . . . Used time: 0s Expected left time: 0s          
 Analyzing entries 9312 - 9332, now 9326 , sum entries = 20880 . . . Used time: 0s Expected left time: 0s          
 Analyzing entries 9312 - 9332, now 9327 , sum entries = 20880 . . . Used time: 0s Expected left time: 0s          
 Analyzing entries 9312 - 9332, now 9328 , sum entries = 20880 . . . Used time: 0s Expected left time: 0s          
 Analyzing entries 9312 - 9332, now 9329 , sum entries = 20880 . . . Used time: 0s Expected left time: 0s          
 Analyzing entries 9312 - 9332, now 9330 , sum entries = 20880 . . . Used time: 0s Expected left time: 0s          
 Analyzing entries 9312 - 9332, now 9331 , sum entries = 20880 . . . Used time: 0s Expected left time: 0s          
 Save to RootFile /extdisk/zlin/Machine_learning/RecoPlanesFeatures/CMS_herwig_HT1000to1500-preVFP_jinitpt450_600_j2pt80_120Reco/Chunk44_Part6.root . . . Used time: 0s Expected left time: 0s          
 Save to RootFile /extdisk/zlin/Machine_learning/RecoPlanesFeatures/CMS_herwig_HT1000to1500-preVFP_jinitpt450_600_j2pt80_120Reco/Chunk44_Part6.root . . . Used time: 0s Expected left time: 0s          
 Analyzing entries 9333 - 9353, now 9333 , sum entries = 20880 . . . Used time: 0s Expected left time: 0s          
 Analyzing entries 9333 - 9353, now 9334 , sum entries = 20880 . . . Used time: 0s Expected left time: 0s          
 Analyzing entries 9333 - 9353, now 9335 , sum entries = 20880 . . . Used time: 0s Expected left time: 0s          
 Analyzing entries 9333 - 9353, now 9336 , sum entries = 20880 . . . Used time: 0s Expected left time: 0s          
 Analyzing entries 9333 - 9353, now 9337 , sum entries = 20880 . . . Used time: 0s Expected left time: 0s          
 Analyzing entries 9333 - 9353, now 9338 , sum entries = 20880 . . . Used time: 0s Expected left time: 0s          
 Analyzing entries 9333 - 9353, now 9339 , sum entries = 20880 . . . Used time: 0s Expected left time: 0s          
 Analyzing entries 9333 - 9353, now 9340 , sum entries = 20880 . . . Used time: 0s Expected left time: 0s          
 Analyzing entries 9333 - 9353, now 9341 , sum entries = 20880 . . . Used time: 0s Expected left time: 0s          
 Analyzing entries 9333 - 9353, now 9342 , sum entries = 20880 . . . Used time: 0s Expected left time: 0s          
 Analyzing entries 9333 - 9353, now 9343 , sum entries = 20880 . . . Used time: 0s Expected left time: 0s          
 Analyzing entries 9333 - 9353, now 9344 , sum entries = 20880 . . . Used time: 0s Expected left time: 0s          
 Analyzing entries 9333 - 9353, now 9345 , sum entries = 20880 . . . Used time: 0s Expected left time: 0s          
 Analyzing entries 9333 - 9353, now 9346 , sum entries = 20880 . . . Used time: 0s Expected left time: 0s          
 Analyzing entries 9333 - 9353, now 9347 , sum entries = 20880 . . . Used time: 0s Expected left time: 0s          
 Analyzing entries 9333 - 9353, now 9348 , sum entries = 20880 . . . Used time: 0s Expected left time: 0s          
 Analyzing entries 9333 - 9353, now 9349 , sum entries = 20880 . . . Used time: 0s Expected left time: 0s          
 Analyzing entries 9333 - 9353, now 9350 , sum entries = 20880 . . . Used time: 0s Expected left time: 0s          
 Analyzing entries 9333 - 9353, now 9351 , sum entries = 20880 . . . Used time: 0s Expected left time: 0s          
 Analyzing entries 9333 - 9353, now 9352 , sum entries = 20880 . . . Used time: 0s Expected left time: 0s          
terminate called after throwing an instance of 'std::out_of_range'
  what():  vector::_M_range_check: __n (which is 0) >= this->size() (which is 0)
