Warning in <TFile::Init>: file /extdisk/zlin/Machine_learning/RecoPlanes/CMS_herwig_HT1000to1500-preVFP/Chunk83_Part0.root probably not closed, trying to recover
Warning in <TFile::Init>: no keys recovered, file has been made a Zombie
 Analyzing entries 13833 - 13859, now 13833 , sum entries = 26100 . . . Used time: 0s Expected left time: 0s          
 Analyzing entries 13833 - 13859, now 13834 , sum entries = 26100 . . . Used time: 0s Expected left time: 0s          
 Analyzing entries 13833 - 13859, now 13835 , sum entries = 26100 . . . Used time: 0s Expected left time: 0s          
 Analyzing entries 13833 - 13859, now 13836 , sum entries = 26100 . . . Used time: 0s Expected left time: 0s          
 Analyzing entries 13833 - 13859, now 13837 , sum entries = 26100 . . . Used time: 0s Expected left time: 0s          
 Analyzing entries 13833 - 13859, now 13838 , sum entries = 26100 . . . Used time: 0s Expected left time: 0s          
 Analyzing entries 13833 - 13859, now 13839 , sum entries = 26100 . . . Used time: 0s Expected left time: 0s          
 Analyzing entries 13833 - 13859, now 13840 , sum entries = 26100 . . . Used time: 0s Expected left time: 0s          
 Analyzing entries 13833 - 13859, now 13841 , sum entries = 26100 . . . Used time: 0s Expected left time: 0s          
 Analyzing entries 13833 - 13859, now 13842 , sum entries = 26100 . . . Used time: 0s Expected left time: 0s          
 Analyzing entries 13833 - 13859, now 13843 , sum entries = 26100 . . . Used time: 0s Expected left time: 0s          
 Analyzing entries 13833 - 13859, now 13844 , sum entries = 26100 . . . Used time: 0s Expected left time: 0s          
 Analyzing entries 13833 - 13859, now 13845 , sum entries = 26100 . . . Used time: 0s Expected left time: 0s          
 Analyzing entries 13833 - 13859, now 13846 , sum entries = 26100 . . . Used time: 0s Expected left time: 0s          
 Analyzing entries 13833 - 13859, now 13847 , sum entries = 26100 . . . Used time: 0s Expected left time: 0s          
 Analyzing entries 13833 - 13859, now 13848 , sum entries = 26100 . . . Used time: 0s Expected left time: 0s          
 Analyzing entries 13833 - 13859, now 13849 , sum entries = 26100 . . . Used time: 0s Expected left time: 0s          
 Analyzing entries 13833 - 13859, now 13850 , sum entries = 26100 . . . Used time: 0s Expected left time: 0s          
 Analyzing entries 13833 - 13859, now 13851 , sum entries = 26100 . . . Used time: 0s Expected left time: 0s          
 Analyzing entries 13833 - 13859, now 13852 , sum entries = 26100 . . . Used time: 0s Expected left time: 0s          
 Analyzing entries 13833 - 13859, now 13853 , sum entries = 26100 . . . Used time: 0s Expected left time: 0s          
 Analyzing entries 13833 - 13859, now 13854 , sum entries = 26100 . . . Used time: 0s Expected left time: 0s          
 Analyzing entries 13833 - 13859, now 13855 , sum entries = 26100 . . . Used time: 0s Expected left time: 0s          
 Analyzing entries 13833 - 13859, now 13856 , sum entries = 26100 . . . Used time: 0s Expected left time: 0s          
 Analyzing entries 13833 - 13859, now 13857 , sum entries = 26100 . . . Used time: 0s Expected left time: 0s          
 Analyzing entries 13833 - 13859, now 13858 , sum entries = 26100 . . . Used time: 0s Expected left time: 0s          
 Save to RootFile /extdisk/zlin/Machine_learning/RecoPlanesFeatures/CMS_herwig_HT1000to1500-preVFP_jinitpt450_600_j2pt80_120Reco/Chunk53_Part0.root . . . Used time: 0s Expected left time: 0s          
 Save to RootFile /extdisk/zlin/Machine_learning/RecoPlanesFeatures/CMS_herwig_HT1000to1500-preVFP_jinitpt450_600_j2pt80_120Reco/Chunk53_Part0.root . . . Used time: 0s Expected left time: 0s          
 Save to RootFile /extdisk/zlin/Machine_learning/RecoPlanesFeatures/CMS_herwig_HT1000to1500-preVFP_jinitpt450_600_j2pt80_120Reco/Chunk53_Part0.root . . . Used time: 0s Expected left time: 0s          
 Save to RootFile /extdisk/zlin/Machine_learning/RecoPlanesFeatures/CMS_herwig_HT1000to1500-preVFP_jinitpt450_600_j2pt80_120Reco/Chunk53_Part0.root . . . Used time: 0s Expected left time: 0s          
 Save to RootFile /extdisk/zlin/Machine_learning/RecoPlanesFeatures/CMS_herwig_HT1000to1500-preVFP_jinitpt450_600_j2pt80_120Reco/Chunk53_Part0.root . . . Used time: 0s Expected left time: 0s          
 Analyzing entries 13859 - 13885, now 13859 , sum entries = 26100 . . . Used time: 0s Expected left time: 0s          
 Analyzing entries 13859 - 13885, now 13860 , sum entries = 26100 . . . Used time: 0s Expected left time: 0s          
 Analyzing entries 13859 - 13885, now 13861 , sum entries = 26100 . . . Used time: 0s Expected left time: 0s          
 Analyzing entries 13859 - 13885, now 13862 , sum entries = 26100 . . . Used time: 0s Expected left time: 0s          
 Analyzing entries 13859 - 13885, now 13863 , sum entries = 26100 . . . Used time: 0s Expected left time: 0s          
 Analyzing entries 13859 - 13885, now 13864 , sum entries = 26100 . . . Used time: 0s Expected left time: 0s          
 Analyzing entries 13859 - 13885, now 13865 , sum entries = 26100 . . . Used time: 0s Expected left time: 0s          
 Analyzing entries 13859 - 13885, now 13866 , sum entries = 26100 . . . Used time: 0s Expected left time: 0s          
 Analyzing entries 13859 - 13885, now 13867 , sum entries = 26100 . . . Used time: 0s Expected left time: 0s          
 Analyzing entries 13859 - 13885, now 13868 , sum entries = 26100 . . . Used time: 0s Expected left time: 0s          
 Analyzing entries 13859 - 13885, now 13869 , sum entries = 26100 . . . Used time: 0s Expected left time: 0s          
 Analyzing entries 13859 - 13885, now 13870 , sum entries = 26100 . . . Used time: 0s Expected left time: 0s          
 Analyzing entries 13859 - 13885, now 13871 , sum entries = 26100 . . . Used time: 0s Expected left time: 0s          
 Analyzing entries 13859 - 13885, now 13872 , sum entries = 26100 . . . Used time: 0s Expected left time: 0s          
 Analyzing entries 13859 - 13885, now 13873 , sum entries = 26100 . . . Used time: 0s Expected left time: 0s          
 Analyzing entries 13859 - 13885, now 13874 , sum entries = 26100 . . . Used time: 0s Expected left time: 0s          
 Analyzing entries 13859 - 13885, now 13875 , sum entries = 26100 . . . Used time: 0s Expected left time: 0s          
 Analyzing entries 13859 - 13885, now 13876 , sum entries = 26100 . . . Used time: 0s Expected left time: 0s          
 Analyzing entries 13859 - 13885, now 13877 , sum entries = 26100 . . . Used time: 0s Expected left time: 0s          
 Analyzing entries 13859 - 13885, now 13878 , sum entries = 26100 . . . Used time: 0s Expected left time: 0s          
 Analyzing entries 13859 - 13885, now 13879 , sum entries = 26100 . . . Used time: 0s Expected left time: 0s          
 Analyzing entries 13859 - 13885, now 13880 , sum entries = 26100 . . . Used time: 0s Expected left time: 0s          
 Analyzing entries 13859 - 13885, now 13881 , sum entries = 26100 . . . Used time: 0s Expected left time: 0s          
 Analyzing entries 13859 - 13885, now 13882 , sum entries = 26100 . . . Used time: 0s Expected left time: 0s          
 Analyzing entries 13859 - 13885, now 13883 , sum entries = 26100 . . . Used time: 0s Expected left time: 0s          
 Analyzing entries 13859 - 13885, now 13884 , sum entries = 26100 . . . Used time: 0s Expected left time: 0s          
 Save to RootFile /extdisk/zlin/Machine_learning/RecoPlanesFeatures/CMS_herwig_HT1000to1500-preVFP_jinitpt450_600_j2pt80_120Reco/Chunk53_Part1.root . . . Used time: 0s Expected left time: 0s          
 Save to RootFile /extdisk/zlin/Machine_learning/RecoPlanesFeatures/CMS_herwig_HT1000to1500-preVFP_jinitpt450_600_j2pt80_120Reco/Chunk53_Part1.root . . . Used time: 0s Expected left time: 0s          
 Save to RootFile /extdisk/zlin/Machine_learning/RecoPlanesFeatures/CMS_herwig_HT1000to1500-preVFP_jinitpt450_600_j2pt80_120Reco/Chunk53_Part1.root . . . Used time: 0s Expected left time: 0s          
 Save to RootFile /extdisk/zlin/Machine_learning/RecoPlanesFeatures/CMS_herwig_HT1000to1500-preVFP_jinitpt450_600_j2pt80_120Reco/Chunk53_Part1.root . . . Used time: 0s Expected left time: 0s          
 Save to RootFile /extdisk/zlin/Machine_learning/RecoPlanesFeatures/CMS_herwig_HT1000to1500-preVFP_jinitpt450_600_j2pt80_120Reco/Chunk53_Part1.root . . . Used time: 0s Expected left time: 0s          
 Save to RootFile /extdisk/zlin/Machine_learning/RecoPlanesFeatures/CMS_herwig_HT1000to1500-preVFP_jinitpt450_600_j2pt80_120Reco/Chunk53_Part1.root . . . Used time: 0s Expected left time: 0s          
 Analyzing entries 13885 - 13911, now 13885 , sum entries = 26100 . . . Used time: 0s Expected left time: 0s          
 Analyzing entries 13885 - 13911, now 13886 , sum entries = 26100 . . . Used time: 0s Expected left time: 0s          
 Analyzing entries 13885 - 13911, now 13887 , sum entries = 26100 . . . Used time: 0s Expected left time: 0s          
 Analyzing entries 13885 - 13911, now 13888 , sum entries = 26100 . . . Used time: 0s Expected left time: 0s          
 Analyzing entries 13885 - 13911, now 13889 , sum entries = 26100 . . . Used time: 0s Expected left time: 0s          
 Analyzing entries 13885 - 13911, now 13890 , sum entries = 26100 . . . Used time: 0s Expected left time: 0s          
 Analyzing entries 13885 - 13911, now 13891 , sum entries = 26100 . . . Used time: 0s Expected left time: 0s          
 Analyzing entries 13885 - 13911, now 13892 , sum entries = 26100 . . . Used time: 0s Expected left time: 0s          
 Analyzing entries 13885 - 13911, now 13893 , sum entries = 26100 . . . Used time: 0s Expected left time: 0s          
 Analyzing entries 13885 - 13911, now 13894 , sum entries = 26100 . . . Used time: 0s Expected left time: 0s          
 Analyzing entries 13885 - 13911, now 13895 , sum entries = 26100 . . . Used time: 0s Expected left time: 0s          
 Analyzing entries 13885 - 13911, now 13896 , sum entries = 26100 . . . Used time: 0s Expected left time: 0s          
 Analyzing entries 13885 - 13911, now 13897 , sum entries = 26100 . . . Used time: 0s Expected left time: 0s          
 Analyzing entries 13885 - 13911, now 13898 , sum entries = 26100 . . . Used time: 0s Expected left time: 0s          
 Analyzing entries 13885 - 13911, now 13899 , sum entries = 26100 . . . Used time: 0s Expected left time: 0s          
 Analyzing entries 13885 - 13911, now 13900 , sum entries = 26100 . . . Used time: 0s Expected left time: 0s          
 Analyzing entries 13885 - 13911, now 13901 , sum entries = 26100 . . . Used time: 0s Expected left time: 0s          
 Analyzing entries 13885 - 13911, now 13902 , sum entries = 26100 . . . Used time: 0s Expected left time: 0s          
 Analyzing entries 13885 - 13911, now 13903 , sum entries = 26100 . . . Used time: 0s Expected left time: 0s          
 Analyzing entries 13885 - 13911, now 13904 , sum entries = 26100 . . . Used time: 0s Expected left time: 0s          
 Analyzing entries 13885 - 13911, now 13905 , sum entries = 26100 . . . Used time: 0s Expected left time: 0s          
 Analyzing entries 13885 - 13911, now 13906 , sum entries = 26100 . . . Used time: 0s Expected left time: 0s          
 Analyzing entries 13885 - 13911, now 13907 , sum entries = 26100 . . . Used time: 0s Expected left time: 0s          
 Analyzing entries 13885 - 13911, now 13908 , sum entries = 26100 . . . Used time: 0s Expected left time: 0s          
 Analyzing entries 13885 - 13911, now 13909 , sum entries = 26100 . . . Used time: 0s Expected left time: 0s          
 Analyzing entries 13885 - 13911, now 13910 , sum entries = 26100 . . . Used time: 0s Expected left time: 0s          
 Save to RootFile /extdisk/zlin/Machine_learning/RecoPlanesFeatures/CMS_herwig_HT1000to1500-preVFP_jinitpt450_600_j2pt80_120Reco/Chunk53_Part2.root . . . Used time: 0s Expected left time: 0s          
 Save to RootFile /extdisk/zlin/Machine_learning/RecoPlanesFeatures/CMS_herwig_HT1000to1500-preVFP_jinitpt450_600_j2pt80_120Reco/Chunk53_Part2.root . . . Used time: 0s Expected left time: 0s          
 Save to RootFile /extdisk/zlin/Machine_learning/RecoPlanesFeatures/CMS_herwig_HT1000to1500-preVFP_jinitpt450_600_j2pt80_120Reco/Chunk53_Part2.root . . . Used time: 0s Expected left time: 0s          
 Save to RootFile /extdisk/zlin/Machine_learning/RecoPlanesFeatures/CMS_herwig_HT1000to1500-preVFP_jinitpt450_600_j2pt80_120Reco/Chunk53_Part2.root . . . Used time: 0s Expected left time: 0s          
 Analyzing entries 13911 - 13937, now 13911 , sum entries = 26100 . . . Used time: 0s Expected left time: 0s          
 Analyzing entries 13911 - 13937, now 13912 , sum entries = 26100 . . . Used time: 0s Expected left time: 0s          
 Analyzing entries 13911 - 13937, now 13913 , sum entries = 26100 . . . Used time: 0s Expected left time: 0s          
 Analyzing entries 13911 - 13937, now 13914 , sum entries = 26100 . . . Used time: 0s Expected left time: 0s          
 Analyzing entries 13911 - 13937, now 13915 , sum entries = 26100 . . . Used time: 0s Expected left time: 0s          
 Analyzing entries 13911 - 13937, now 13916 , sum entries = 26100 . . . Used time: 0s Expected left time: 0s          
 Analyzing entries 13911 - 13937, now 13917 , sum entries = 26100 . . . Used time: 0s Expected left time: 0s          
 Analyzing entries 13911 - 13937, now 13918 , sum entries = 26100 . . . Used time: 0s Expected left time: 0s          
 Analyzing entries 13911 - 13937, now 13919 , sum entries = 26100 . . . Used time: 0s Expected left time: 0s          
 Analyzing entries 13911 - 13937, now 13920 , sum entries = 26100 . . . Used time: 0s Expected left time: 0s          
 Analyzing entries 13911 - 13937, now 13921 , sum entries = 26100 . . . Used time: 0s Expected left time: 0s          
 Analyzing entries 13911 - 13937, now 13922 , sum entries = 26100 . . . Used time: 0s Expected left time: 0s          
 Analyzing entries 13911 - 13937, now 13923 , sum entries = 26100 . . . Used time: 0s Expected left time: 0s          
 Analyzing entries 13911 - 13937, now 13924 , sum entries = 26100 . . . Used time: 0s Expected left time: 0s          
 Analyzing entries 13911 - 13937, now 13925 , sum entries = 26100 . . . Used time: 0s Expected left time: 0s          
 Analyzing entries 13911 - 13937, now 13926 , sum entries = 26100 . . . Used time: 0s Expected left time: 0s          
 Analyzing entries 13911 - 13937, now 13927 , sum entries = 26100 . . . Used time: 0s Expected left time: 0s          
 Analyzing entries 13911 - 13937, now 13928 , sum entries = 26100 . . . Used time: 0s Expected left time: 0s          
 Analyzing entries 13911 - 13937, now 13929 , sum entries = 26100 . . . Used time: 0s Expected left time: 0s          
 Analyzing entries 13911 - 13937, now 13930 , sum entries = 26100 . . . Used time: 0s Expected left time: 0s          
 Analyzing entries 13911 - 13937, now 13931 , sum entries = 26100 . . . Used time: 0s Expected left time: 0s          
 Analyzing entries 13911 - 13937, now 13932 , sum entries = 26100 . . . Used time: 0s Expected left time: 0s          
 Analyzing entries 13911 - 13937, now 13933 , sum entries = 26100 . . . Used time: 0s Expected left time: 0s          
 Analyzing entries 13911 - 13937, now 13934 , sum entries = 26100 . . . Used time: 0s Expected left time: 0s          
 Analyzing entries 13911 - 13937, now 13935 , sum entries = 26100 . . . Used time: 0s Expected left time: 0s          
 Analyzing entries 13911 - 13937, now 13936 , sum entries = 26100 . . . Used time: 0s Expected left time: 0s          
 Save to RootFile /extdisk/zlin/Machine_learning/RecoPlanesFeatures/CMS_herwig_HT1000to1500-preVFP_jinitpt450_600_j2pt80_120Reco/Chunk53_Part3.root . . . Used time: 0s Expected left time: 0s          
 Save to RootFile /extdisk/zlin/Machine_learning/RecoPlanesFeatures/CMS_herwig_HT1000to1500-preVFP_jinitpt450_600_j2pt80_120Reco/Chunk53_Part3.root . . . Used time: 0s Expected left time: 0s          
 Save to RootFile /extdisk/zlin/Machine_learning/RecoPlanesFeatures/CMS_herwig_HT1000to1500-preVFP_jinitpt450_600_j2pt80_120Reco/Chunk53_Part3.root . . . Used time: 0s Expected left time: 0s          
 Save to RootFile /extdisk/zlin/Machine_learning/RecoPlanesFeatures/CMS_herwig_HT1000to1500-preVFP_jinitpt450_600_j2pt80_120Reco/Chunk53_Part3.root . . . Used time: 0s Expected left time: 0s          
 Save to RootFile /extdisk/zlin/Machine_learning/RecoPlanesFeatures/CMS_herwig_HT1000to1500-preVFP_jinitpt450_600_j2pt80_120Reco/Chunk53_Part3.root . . . Used time: 0s Expected left time: 0s          
 Analyzing entries 13937 - 13963, now 13937 , sum entries = 26100 . . . Used time: 0s Expected left time: 0s          
 Analyzing entries 13937 - 13963, now 13938 , sum entries = 26100 . . . Used time: 0s Expected left time: 0s          
 Analyzing entries 13937 - 13963, now 13939 , sum entries = 26100 . . . Used time: 0s Expected left time: 0s          
 Analyzing entries 13937 - 13963, now 13940 , sum entries = 26100 . . . Used time: 0s Expected left time: 0s          
 Analyzing entries 13937 - 13963, now 13941 , sum entries = 26100 . . . Used time: 0s Expected left time: 0s          
 Analyzing entries 13937 - 13963, now 13942 , sum entries = 26100 . . . Used time: 0s Expected left time: 0s          
 Analyzing entries 13937 - 13963, now 13943 , sum entries = 26100 . . . Used time: 0s Expected left time: 0s          
 Analyzing entries 13937 - 13963, now 13944 , sum entries = 26100 . . . Used time: 0s Expected left time: 0s          
 Analyzing entries 13937 - 13963, now 13945 , sum entries = 26100 . . . Used time: 0s Expected left time: 0s          
 Analyzing entries 13937 - 13963, now 13946 , sum entries = 26100 . . . Used time: 0s Expected left time: 0s          
 Analyzing entries 13937 - 13963, now 13947 , sum entries = 26100 . . . Used time: 0s Expected left time: 0s          
 Analyzing entries 13937 - 13963, now 13948 , sum entries = 26100 . . . Used time: 0s Expected left time: 0s          
 Analyzing entries 13937 - 13963, now 13949 , sum entries = 26100 . . . Used time: 0s Expected left time: 0s          
 Analyzing entries 13937 - 13963, now 13950 , sum entries = 26100 . . . Used time: 0s Expected left time: 0s          
 Analyzing entries 13937 - 13963, now 13951 , sum entries = 26100 . . . Used time: 0s Expected left time: 0s          
 Analyzing entries 13937 - 13963, now 13952 , sum entries = 26100 . . . Used time: 0s Expected left time: 0s          
 Analyzing entries 13937 - 13963, now 13953 , sum entries = 26100 . . . Used time: 0s Expected left time: 0s          
 Analyzing entries 13937 - 13963, now 13954 , sum entries = 26100 . . . Used time: 0s Expected left time: 0s          
 Analyzing entries 13937 - 13963, now 13955 , sum entries = 26100 . . . Used time: 0s Expected left time: 0s          
 Analyzing entries 13937 - 13963, now 13956 , sum entries = 26100 . . . Used time: 0s Expected left time: 0s          
 Analyzing entries 13937 - 13963, now 13957 , sum entries = 26100 . . . Used time: 0s Expected left time: 0s          
 Analyzing entries 13937 - 13963, now 13958 , sum entries = 26100 . . . Used time: 0s Expected left time: 0s          
 Analyzing entries 13937 - 13963, now 13959 , sum entries = 26100 . . . Used time: 0s Expected left time: 0s          
 Analyzing entries 13937 - 13963, now 13960 , sum entries = 26100 . . . Used time: 0s Expected left time: 0s          
 Analyzing entries 13937 - 13963, now 13961 , sum entries = 26100 . . . Used time: 0s Expected left time: 0s          
 Analyzing entries 13937 - 13963, now 13962 , sum entries = 26100 . . . Used time: 0s Expected left time: 0s          
 Save to RootFile /extdisk/zlin/Machine_learning/RecoPlanesFeatures/CMS_herwig_HT1000to1500-preVFP_jinitpt450_600_j2pt80_120Reco/Chunk53_Part4.root . . . Used time: 0s Expected left time: 0s          
 Analyzing entries 13963 - 13989, now 13963 , sum entries = 26100 . . . Used time: 0s Expected left time: 0s          
 Analyzing entries 13963 - 13989, now 13964 , sum entries = 26100 . . . Used time: 0s Expected left time: 0s          
 Analyzing entries 13963 - 13989, now 13965 , sum entries = 26100 . . . Used time: 0s Expected left time: 0s          
 Analyzing entries 13963 - 13989, now 13966 , sum entries = 26100 . . . Used time: 0s Expected left time: 0s          
 Analyzing entries 13963 - 13989, now 13967 , sum entries = 26100 . . . Used time: 0s Expected left time: 0s          
 Analyzing entries 13963 - 13989, now 13968 , sum entries = 26100 . . . Used time: 0s Expected left time: 0s          
 Analyzing entries 13963 - 13989, now 13969 , sum entries = 26100 . . . Used time: 0s Expected left time: 0s          
 Analyzing entries 13963 - 13989, now 13970 , sum entries = 26100 . . . Used time: 0s Expected left time: 0s          
 Analyzing entries 13963 - 13989, now 13971 , sum entries = 26100 . . . Used time: 0s Expected left time: 0s          
 Analyzing entries 13963 - 13989, now 13972 , sum entries = 26100 . . . Used time: 0s Expected left time: 0s          
 Analyzing entries 13963 - 13989, now 13973 , sum entries = 26100 . . . Used time: 0s Expected left time: 0s          
 Analyzing entries 13963 - 13989, now 13974 , sum entries = 26100 . . . Used time: 0s Expected left time: 0s          
 Analyzing entries 13963 - 13989, now 13975 , sum entries = 26100 . . . Used time: 0s Expected left time: 0s          
 Analyzing entries 13963 - 13989, now 13976 , sum entries = 26100 . . . Used time: 0s Expected left time: 0s          
 Analyzing entries 13963 - 13989, now 13977 , sum entries = 26100 . . . Used time: 0s Expected left time: 0s          
 Analyzing entries 13963 - 13989, now 13978 , sum entries = 26100 . . . Used time: 0s Expected left time: 0s          
 Analyzing entries 13963 - 13989, now 13979 , sum entries = 26100 . . . Used time: 0s Expected left time: 0s          
 Analyzing entries 13963 - 13989, now 13980 , sum entries = 26100 . . . Used time: 0s Expected left time: 0s          
 Analyzing entries 13963 - 13989, now 13981 , sum entries = 26100 . . . Used time: 0s Expected left time: 0s          
 Analyzing entries 13963 - 13989, now 13982 , sum entries = 26100 . . . Used time: 0s Expected left time: 0s          
 Analyzing entries 13963 - 13989, now 13983 , sum entries = 26100 . . . Used time: 0s Expected left time: 0s          
 Analyzing entries 13963 - 13989, now 13984 , sum entries = 26100 . . . Used time: 0s Expected left time: 0s          
 Analyzing entries 13963 - 13989, now 13985 , sum entries = 26100 . . . Used time: 0s Expected left time: 0s          
 Analyzing entries 13963 - 13989, now 13986 , sum entries = 26100 . . . Used time: 0s Expected left time: 0s          
 Analyzing entries 13963 - 13989, now 13987 , sum entries = 26100 . . . Used time: 0s Expected left time: 0s          
 Analyzing entries 13963 - 13989, now 13988 , sum entries = 26100 . . . Used time: 0s Expected left time: 0s          
 Save to RootFile /extdisk/zlin/Machine_learning/RecoPlanesFeatures/CMS_herwig_HT1000to1500-preVFP_jinitpt450_600_j2pt80_120Reco/Chunk53_Part5.root . . . Used time: 0s Expected left time: 0s          
 Save to RootFile /extdisk/zlin/Machine_learning/RecoPlanesFeatures/CMS_herwig_HT1000to1500-preVFP_jinitpt450_600_j2pt80_120Reco/Chunk53_Part5.root . . . Used time: 0s Expected left time: 0s          
 Save to RootFile /extdisk/zlin/Machine_learning/RecoPlanesFeatures/CMS_herwig_HT1000to1500-preVFP_jinitpt450_600_j2pt80_120Reco/Chunk53_Part5.root . . . Used time: 0s Expected left time: 0s          
 Save to RootFile /extdisk/zlin/Machine_learning/RecoPlanesFeatures/CMS_herwig_HT1000to1500-preVFP_jinitpt450_600_j2pt80_120Reco/Chunk53_Part5.root . . . Used time: 0s Expected left time: 0s          
 Save to RootFile /extdisk/zlin/Machine_learning/RecoPlanesFeatures/CMS_herwig_HT1000to1500-preVFP_jinitpt450_600_j2pt80_120Reco/Chunk53_Part5.root . . . Used time: 0s Expected left time: 0s          
 Save to RootFile /extdisk/zlin/Machine_learning/RecoPlanesFeatures/CMS_herwig_HT1000to1500-preVFP_jinitpt450_600_j2pt80_120Reco/Chunk53_Part5.root . . . Used time: 0s Expected left time: 0s          
 Analyzing entries 13989 - 14015, now 13989 , sum entries = 26100 . . . Used time: 0s Expected left time: 0s          
 Analyzing entries 13989 - 14015, now 13990 , sum entries = 26100 . . . Used time: 0s Expected left time: 0s          
 Analyzing entries 13989 - 14015, now 13991 , sum entries = 26100 . . . Used time: 0s Expected left time: 0s          
 Analyzing entries 13989 - 14015, now 13992 , sum entries = 26100 . . . Used time: 0s Expected left time: 0s          
 Analyzing entries 13989 - 14015, now 13993 , sum entries = 26100 . . . Used time: 0s Expected left time: 0s          
 Analyzing entries 13989 - 14015, now 13994 , sum entries = 26100 . . . Used time: 0s Expected left time: 0s          
 Analyzing entries 13989 - 14015, now 13995 , sum entries = 26100 . . . Used time: 0s Expected left time: 0s          
 Analyzing entries 13989 - 14015, now 13996 , sum entries = 26100 . . . Used time: 0s Expected left time: 0s          
 Analyzing entries 13989 - 14015, now 13997 , sum entries = 26100 . . . Used time: 0s Expected left time: 0s          
 Analyzing entries 13989 - 14015, now 13998 , sum entries = 26100 . . . Used time: 0s Expected left time: 0s          
 Analyzing entries 13989 - 14015, now 13999 , sum entries = 26100 . . . Used time: 0s Expected left time: 0s          
 Analyzing entries 13989 - 14015, now 14000 , sum entries = 26100 . . . Used time: 0s Expected left time: 0s          
 Analyzing entries 13989 - 14015, now 14001 , sum entries = 26100 . . . Used time: 0s Expected left time: 0s          
 Analyzing entries 13989 - 14015, now 14002 , sum entries = 26100 . . . Used time: 0s Expected left time: 0s          
 Analyzing entries 13989 - 14015, now 14003 , sum entries = 26100 . . . Used time: 0s Expected left time: 0s          
 Analyzing entries 13989 - 14015, now 14004 , sum entries = 26100 . . . Used time: 0s Expected left time: 0s          
 Analyzing entries 13989 - 14015, now 14005 , sum entries = 26100 . . . Used time: 0s Expected left time: 0s          
 Analyzing entries 13989 - 14015, now 14006 , sum entries = 26100 . . . Used time: 0s Expected left time: 0s          
 Analyzing entries 13989 - 14015, now 14007 , sum entries = 26100 . . . Used time: 0s Expected left time: 0s          
 Analyzing entries 13989 - 14015, now 14008 , sum entries = 26100 . . . Used time: 0s Expected left time: 0s          
 Analyzing entries 13989 - 14015, now 14009 , sum entries = 26100 . . . Used time: 0s Expected left time: 0s          
 Analyzing entries 13989 - 14015, now 14010 , sum entries = 26100 . . . Used time: 0s Expected left time: 0s          
 Analyzing entries 13989 - 14015, now 14011 , sum entries = 26100 . . . Used time: 0s Expected left time: 0s          
 Analyzing entries 13989 - 14015, now 14012 , sum entries = 26100 . . . Used time: 0s Expected left time: 0s          
 Analyzing entries 13989 - 14015, now 14013 , sum entries = 26100 . . . Used time: 0s Expected left time: 0s          
 Analyzing entries 13989 - 14015, now 14014 , sum entries = 26100 . . . Used time: 0s Expected left time: 0s          
 Save to RootFile /extdisk/zlin/Machine_learning/RecoPlanesFeatures/CMS_herwig_HT1000to1500-preVFP_jinitpt450_600_j2pt80_120Reco/Chunk53_Part6.root . . . Used time: 0s Expected left time: 0s          
 Save to RootFile /extdisk/zlin/Machine_learning/RecoPlanesFeatures/CMS_herwig_HT1000to1500-preVFP_jinitpt450_600_j2pt80_120Reco/Chunk53_Part6.root . . . Used time: 0s Expected left time: 0s          
 Save to RootFile /extdisk/zlin/Machine_learning/RecoPlanesFeatures/CMS_herwig_HT1000to1500-preVFP_jinitpt450_600_j2pt80_120Reco/Chunk53_Part6.root . . . Used time: 0s Expected left time: 0s          
 Analyzing entries 14015 - 14041, now 14015 , sum entries = 26100 . . . Used time: 0s Expected left time: 0s          
 Analyzing entries 14015 - 14041, now 14016 , sum entries = 26100 . . . Used time: 0s Expected left time: 0s          
 Analyzing entries 14015 - 14041, now 14017 , sum entries = 26100 . . . Used time: 0s Expected left time: 0s          
 Analyzing entries 14015 - 14041, now 14018 , sum entries = 26100 . . . Used time: 0s Expected left time: 0s          
 Analyzing entries 14015 - 14041, now 14019 , sum entries = 26100 . . . Used time: 0s Expected left time: 0s          
 Analyzing entries 14015 - 14041, now 14020 , sum entries = 26100 . . . Used time: 0s Expected left time: 0s          
 Analyzing entries 14015 - 14041, now 14021 , sum entries = 26100 . . . Used time: 0s Expected left time: 0s          
 Analyzing entries 14015 - 14041, now 14022 , sum entries = 26100 . . . Used time: 0s Expected left time: 0s          
 Analyzing entries 14015 - 14041, now 14023 , sum entries = 26100 . . . Used time: 0s Expected left time: 0s          
 Analyzing entries 14015 - 14041, now 14024 , sum entries = 26100 . . . Used time: 0s Expected left time: 0s          
 Analyzing entries 14015 - 14041, now 14025 , sum entries = 26100 . . . Used time: 0s Expected left time: 0s          
 Analyzing entries 14015 - 14041, now 14026 , sum entries = 26100 . . . Used time: 0s Expected left time: 0s          
 Analyzing entries 14015 - 14041, now 14027 , sum entries = 26100 . . . Used time: 0s Expected left time: 0s          
 Analyzing entries 14015 - 14041, now 14028 , sum entries = 26100 . . . Used time: 0s Expected left time: 0s          
 Analyzing entries 14015 - 14041, now 14029 , sum entries = 26100 . . . Used time: 0s Expected left time: 0s          
 Analyzing entries 14015 - 14041, now 14030 , sum entries = 26100 . . . Used time: 0s Expected left time: 0s          
 Analyzing entries 14015 - 14041, now 14031 , sum entries = 26100 . . . Used time: 0s Expected left time: 0s          
 Analyzing entries 14015 - 14041, now 14032 , sum entries = 26100 . . . Used time: 0s Expected left time: 0s          
 Analyzing entries 14015 - 14041, now 14033 , sum entries = 26100 . . . Used time: 0s Expected left time: 0s          
 Analyzing entries 14015 - 14041, now 14034 , sum entries = 26100 . . . Used time: 0s Expected left time: 0s          
 Analyzing entries 14015 - 14041, now 14035 , sum entries = 26100 . . . Used time: 0s Expected left time: 0s          
 Analyzing entries 14015 - 14041, now 14036 , sum entries = 26100 . . . Used time: 0s Expected left time: 0s          
 Analyzing entries 14015 - 14041, now 14037 , sum entries = 26100 . . . Used time: 0s Expected left time: 0s          
 Analyzing entries 14015 - 14041, now 14038 , sum entries = 26100 . . . Used time: 0s Expected left time: 0s          
 Analyzing entries 14015 - 14041, now 14039 , sum entries = 26100 . . . Used time: 0s Expected left time: 0s          
 Analyzing entries 14015 - 14041, now 14040 , sum entries = 26100 . . . Used time: 0s Expected left time: 0s          
terminate called after throwing an instance of 'std::out_of_range'
  what():  vector::_M_range_check: __n (which is 0) >= this->size() (which is 0)
