Warning in <TFile::Init>: file /extdisk/zlin/Machine_learning/RecoPlanes/CMS_herwig_HT1000to1500-preVFP/Chunk25_Part0.root probably not closed, trying to recover
Warning in <TFile::Init>: no keys recovered, file has been made a Zombie
Warning in <TFile::Init>: file /extdisk/zlin/Machine_learning/RecoPlanes/CMS_herwig_HT1000to1500-preVFP/Chunk26_Part0.root probably not closed, trying to recover
Warning in <TFile::Init>: no keys recovered, file has been made a Zombie
Warning in <TFile::Init>: file /extdisk/zlin/Machine_learning/RecoPlanes/CMS_herwig_HT1000to1500-preVFP/Chunk38_Part0.root probably not closed, trying to recover
Warning in <TFile::Init>: no keys recovered, file has been made a Zombie
Warning in <TFile::Init>: file /extdisk/zlin/Machine_learning/RecoPlanes/CMS_herwig_HT1000to1500-preVFP/Chunk39_Part0.root probably not closed, trying to recover
Warning in <TFile::Init>: no keys recovered, file has been made a Zombie
Warning in <TFile::Init>: file /extdisk/zlin/Machine_learning/RecoPlanes/CMS_herwig_HT1000to1500-preVFP/Chunk89_Part0.root probably not closed, trying to recover
Warning in <TFile::Init>: no keys recovered, file has been made a Zombie
 Analyzing entries 25773 - 25805, now 25773 , sum entries = 32625 . . . Used time: 0s Expected left time: 0s          
 Analyzing entries 25773 - 25805, now 25774 , sum entries = 32625 . . . Used time: 0s Expected left time: 0s          
 Analyzing entries 25773 - 25805, now 25775 , sum entries = 32625 . . . Used time: 0s Expected left time: 0s          
 Analyzing entries 25773 - 25805, now 25776 , sum entries = 32625 . . . Used time: 0s Expected left time: 0s          
 Analyzing entries 25773 - 25805, now 25777 , sum entries = 32625 . . . Used time: 0s Expected left time: 0s          
 Analyzing entries 25773 - 25805, now 25778 , sum entries = 32625 . . . Used time: 0s Expected left time: 0s          
 Analyzing entries 25773 - 25805, now 25779 , sum entries = 32625 . . . Used time: 0s Expected left time: 0s          
 Analyzing entries 25773 - 25805, now 25780 , sum entries = 32625 . . . Used time: 0s Expected left time: 0s          
 Analyzing entries 25773 - 25805, now 25781 , sum entries = 32625 . . . Used time: 0s Expected left time: 0s          
 Analyzing entries 25773 - 25805, now 25782 , sum entries = 32625 . . . Used time: 0s Expected left time: 0s          
 Analyzing entries 25773 - 25805, now 25783 , sum entries = 32625 . . . Used time: 0s Expected left time: 0s          
 Analyzing entries 25773 - 25805, now 25784 , sum entries = 32625 . . . Used time: 0s Expected left time: 0s          
 Analyzing entries 25773 - 25805, now 25785 , sum entries = 32625 . . . Used time: 0s Expected left time: 0s          
 Analyzing entries 25773 - 25805, now 25786 , sum entries = 32625 . . . Used time: 0s Expected left time: 0s          
 Analyzing entries 25773 - 25805, now 25787 , sum entries = 32625 . . . Used time: 0s Expected left time: 0s          
 Analyzing entries 25773 - 25805, now 25788 , sum entries = 32625 . . . Used time: 0s Expected left time: 0s          
 Analyzing entries 25773 - 25805, now 25789 , sum entries = 32625 . . . Used time: 0s Expected left time: 0s          
 Analyzing entries 25773 - 25805, now 25790 , sum entries = 32625 . . . Used time: 0s Expected left time: 0s          
 Analyzing entries 25773 - 25805, now 25791 , sum entries = 32625 . . . Used time: 0s Expected left time: 0s          
 Analyzing entries 25773 - 25805, now 25792 , sum entries = 32625 . . . Used time: 0s Expected left time: 0s          
 Analyzing entries 25773 - 25805, now 25793 , sum entries = 32625 . . . Used time: 0s Expected left time: 0s          
 Analyzing entries 25773 - 25805, now 25794 , sum entries = 32625 . . . Used time: 0s Expected left time: 0s          
 Analyzing entries 25773 - 25805, now 25795 , sum entries = 32625 . . . Used time: 0s Expected left time: 0s          
 Analyzing entries 25773 - 25805, now 25796 , sum entries = 32625 . . . Used time: 0s Expected left time: 0s          
 Analyzing entries 25773 - 25805, now 25797 , sum entries = 32625 . . . Used time: 0s Expected left time: 0s          
 Analyzing entries 25773 - 25805, now 25798 , sum entries = 32625 . . . Used time: 0s Expected left time: 0s          
 Analyzing entries 25773 - 25805, now 25799 , sum entries = 32625 . . . Used time: 0s Expected left time: 0s          
 Analyzing entries 25773 - 25805, now 25800 , sum entries = 32625 . . . Used time: 0s Expected left time: 0s          
 Analyzing entries 25773 - 25805, now 25801 , sum entries = 32625 . . . Used time: 0s Expected left time: 0s          
 Analyzing entries 25773 - 25805, now 25802 , sum entries = 32625 . . . Used time: 0s Expected left time: 0s          
 Analyzing entries 25773 - 25805, now 25803 , sum entries = 32625 . . . Used time: 0s Expected left time: 0s          
 Analyzing entries 25773 - 25805, now 25804 , sum entries = 32625 . . . Used time: 0s Expected left time: 0s          
 Save to RootFile /extdisk/zlin/Machine_learning/RecoPlanesFeatures/CMS_herwig_HT1000to1500-preVFP_jinitpt450_600_j2pt80_120Reco/Chunk79_Part0.root . . . Used time: 0s Expected left time: 0s          
 Save to RootFile /extdisk/zlin/Machine_learning/RecoPlanesFeatures/CMS_herwig_HT1000to1500-preVFP_jinitpt450_600_j2pt80_120Reco/Chunk79_Part0.root . . . Used time: 0s Expected left time: 0s          
 Save to RootFile /extdisk/zlin/Machine_learning/RecoPlanesFeatures/CMS_herwig_HT1000to1500-preVFP_jinitpt450_600_j2pt80_120Reco/Chunk79_Part0.root . . . Used time: 0s Expected left time: 0s          
 Save to RootFile /extdisk/zlin/Machine_learning/RecoPlanesFeatures/CMS_herwig_HT1000to1500-preVFP_jinitpt450_600_j2pt80_120Reco/Chunk79_Part0.root . . . Used time: 0s Expected left time: 0s          
 Save to RootFile /extdisk/zlin/Machine_learning/RecoPlanesFeatures/CMS_herwig_HT1000to1500-preVFP_jinitpt450_600_j2pt80_120Reco/Chunk79_Part0.root . . . Used time: 0s Expected left time: 0s          
 Save to RootFile /extdisk/zlin/Machine_learning/RecoPlanesFeatures/CMS_herwig_HT1000to1500-preVFP_jinitpt450_600_j2pt80_120Reco/Chunk79_Part0.root . . . Used time: 0s Expected left time: 0s          
 Analyzing entries 25806 - 25838, now 25806 , sum entries = 32625 . . . Used time: 0s Expected left time: 0s          
 Analyzing entries 25806 - 25838, now 25807 , sum entries = 32625 . . . Used time: 0s Expected left time: 0s          
 Analyzing entries 25806 - 25838, now 25808 , sum entries = 32625 . . . Used time: 0s Expected left time: 0s          
 Analyzing entries 25806 - 25838, now 25809 , sum entries = 32625 . . . Used time: 0s Expected left time: 0s          
 Analyzing entries 25806 - 25838, now 25810 , sum entries = 32625 . . . Used time: 0s Expected left time: 0s          
 Analyzing entries 25806 - 25838, now 25811 , sum entries = 32625 . . . Used time: 0s Expected left time: 0s          
 Analyzing entries 25806 - 25838, now 25812 , sum entries = 32625 . . . Used time: 0s Expected left time: 0s          
 Analyzing entries 25806 - 25838, now 25813 , sum entries = 32625 . . . Used time: 0s Expected left time: 0s          
 Analyzing entries 25806 - 25838, now 25814 , sum entries = 32625 . . . Used time: 0s Expected left time: 0s          
 Analyzing entries 25806 - 25838, now 25815 , sum entries = 32625 . . . Used time: 0s Expected left time: 0s          
 Analyzing entries 25806 - 25838, now 25816 , sum entries = 32625 . . . Used time: 0s Expected left time: 0s          
 Analyzing entries 25806 - 25838, now 25817 , sum entries = 32625 . . . Used time: 0s Expected left time: 0s          
 Analyzing entries 25806 - 25838, now 25818 , sum entries = 32625 . . . Used time: 0s Expected left time: 0s          
 Analyzing entries 25806 - 25838, now 25819 , sum entries = 32625 . . . Used time: 0s Expected left time: 0s          
 Analyzing entries 25806 - 25838, now 25820 , sum entries = 32625 . . . Used time: 0s Expected left time: 0s          
 Analyzing entries 25806 - 25838, now 25821 , sum entries = 32625 . . . Used time: 0s Expected left time: 0s          
 Analyzing entries 25806 - 25838, now 25822 , sum entries = 32625 . . . Used time: 0s Expected left time: 0s          
 Analyzing entries 25806 - 25838, now 25823 , sum entries = 32625 . . . Used time: 0s Expected left time: 0s          
 Analyzing entries 25806 - 25838, now 25824 , sum entries = 32625 . . . Used time: 0s Expected left time: 0s          
 Analyzing entries 25806 - 25838, now 25825 , sum entries = 32625 . . . Used time: 0s Expected left time: 0s          
 Analyzing entries 25806 - 25838, now 25826 , sum entries = 32625 . . . Used time: 0s Expected left time: 0s          
 Analyzing entries 25806 - 25838, now 25827 , sum entries = 32625 . . . Used time: 0s Expected left time: 0s          
 Analyzing entries 25806 - 25838, now 25828 , sum entries = 32625 . . . Used time: 0s Expected left time: 0s          
 Analyzing entries 25806 - 25838, now 25829 , sum entries = 32625 . . . Used time: 0s Expected left time: 0s          
 Analyzing entries 25806 - 25838, now 25830 , sum entries = 32625 . . . Used time: 0s Expected left time: 0s          
 Analyzing entries 25806 - 25838, now 25831 , sum entries = 32625 . . . Used time: 0s Expected left time: 0s          
 Analyzing entries 25806 - 25838, now 25832 , sum entries = 32625 . . . Used time: 0s Expected left time: 0s          
 Analyzing entries 25806 - 25838, now 25833 , sum entries = 32625 . . . Used time: 0s Expected left time: 0s          
 Analyzing entries 25806 - 25838, now 25834 , sum entries = 32625 . . . Used time: 0s Expected left time: 0s          
 Analyzing entries 25806 - 25838, now 25835 , sum entries = 32625 . . . Used time: 0s Expected left time: 0s          
 Analyzing entries 25806 - 25838, now 25836 , sum entries = 32625 . . . Used time: 0s Expected left time: 0s          
 Analyzing entries 25806 - 25838, now 25837 , sum entries = 32625 . . . Used time: 0s Expected left time: 0s          
 Save to RootFile /extdisk/zlin/Machine_learning/RecoPlanesFeatures/CMS_herwig_HT1000to1500-preVFP_jinitpt450_600_j2pt80_120Reco/Chunk79_Part1.root . . . Used time: 0s Expected left time: 0s          
 Save to RootFile /extdisk/zlin/Machine_learning/RecoPlanesFeatures/CMS_herwig_HT1000to1500-preVFP_jinitpt450_600_j2pt80_120Reco/Chunk79_Part1.root . . . Used time: 0s Expected left time: 0s          
 Analyzing entries 25839 - 25871, now 25839 , sum entries = 32625 . . . Used time: 0s Expected left time: 0s          
 Analyzing entries 25839 - 25871, now 25840 , sum entries = 32625 . . . Used time: 0s Expected left time: 0s          
 Analyzing entries 25839 - 25871, now 25841 , sum entries = 32625 . . . Used time: 0s Expected left time: 0s          
 Analyzing entries 25839 - 25871, now 25842 , sum entries = 32625 . . . Used time: 0s Expected left time: 0s          
 Analyzing entries 25839 - 25871, now 25843 , sum entries = 32625 . . . Used time: 0s Expected left time: 0s          
 Analyzing entries 25839 - 25871, now 25844 , sum entries = 32625 . . . Used time: 0s Expected left time: 0s          
 Analyzing entries 25839 - 25871, now 25845 , sum entries = 32625 . . . Used time: 0s Expected left time: 0s          
 Analyzing entries 25839 - 25871, now 25846 , sum entries = 32625 . . . Used time: 0s Expected left time: 0s          
 Analyzing entries 25839 - 25871, now 25847 , sum entries = 32625 . . . Used time: 0s Expected left time: 0s          
 Analyzing entries 25839 - 25871, now 25848 , sum entries = 32625 . . . Used time: 0s Expected left time: 0s          
 Analyzing entries 25839 - 25871, now 25849 , sum entries = 32625 . . . Used time: 0s Expected left time: 0s          
 Analyzing entries 25839 - 25871, now 25850 , sum entries = 32625 . . . Used time: 0s Expected left time: 0s          
 Analyzing entries 25839 - 25871, now 25851 , sum entries = 32625 . . . Used time: 0s Expected left time: 0s          
 Analyzing entries 25839 - 25871, now 25852 , sum entries = 32625 . . . Used time: 0s Expected left time: 0s          
 Analyzing entries 25839 - 25871, now 25853 , sum entries = 32625 . . . Used time: 0s Expected left time: 0s          
 Analyzing entries 25839 - 25871, now 25854 , sum entries = 32625 . . . Used time: 0s Expected left time: 0s          
 Analyzing entries 25839 - 25871, now 25855 , sum entries = 32625 . . . Used time: 0s Expected left time: 0s          
 Analyzing entries 25839 - 25871, now 25856 , sum entries = 32625 . . . Used time: 0s Expected left time: 0s          
 Analyzing entries 25839 - 25871, now 25857 , sum entries = 32625 . . . Used time: 0s Expected left time: 0s          
 Analyzing entries 25839 - 25871, now 25858 , sum entries = 32625 . . . Used time: 0s Expected left time: 0s          
 Analyzing entries 25839 - 25871, now 25859 , sum entries = 32625 . . . Used time: 0s Expected left time: 0s          
 Analyzing entries 25839 - 25871, now 25860 , sum entries = 32625 . . . Used time: 0s Expected left time: 0s          
 Analyzing entries 25839 - 25871, now 25861 , sum entries = 32625 . . . Used time: 0s Expected left time: 0s          
 Analyzing entries 25839 - 25871, now 25862 , sum entries = 32625 . . . Used time: 0s Expected left time: 0s          
 Analyzing entries 25839 - 25871, now 25863 , sum entries = 32625 . . . Used time: 0s Expected left time: 0s          
 Analyzing entries 25839 - 25871, now 25864 , sum entries = 32625 . . . Used time: 0s Expected left time: 0s          
 Analyzing entries 25839 - 25871, now 25865 , sum entries = 32625 . . . Used time: 0s Expected left time: 0s          
 Analyzing entries 25839 - 25871, now 25866 , sum entries = 32625 . . . Used time: 0s Expected left time: 0s          
 Analyzing entries 25839 - 25871, now 25867 , sum entries = 32625 . . . Used time: 0s Expected left time: 0s          
 Analyzing entries 25839 - 25871, now 25868 , sum entries = 32625 . . . Used time: 0s Expected left time: 0s          
 Analyzing entries 25839 - 25871, now 25869 , sum entries = 32625 . . . Used time: 0s Expected left time: 0s          
 Analyzing entries 25839 - 25871, now 25870 , sum entries = 32625 . . . Used time: 0s Expected left time: 0s          
 Save to RootFile /extdisk/zlin/Machine_learning/RecoPlanesFeatures/CMS_herwig_HT1000to1500-preVFP_jinitpt450_600_j2pt80_120Reco/Chunk79_Part2.root . . . Used time: 0s Expected left time: 0s          
 Save to RootFile /extdisk/zlin/Machine_learning/RecoPlanesFeatures/CMS_herwig_HT1000to1500-preVFP_jinitpt450_600_j2pt80_120Reco/Chunk79_Part2.root . . . Used time: 0s Expected left time: 0s          
 Save to RootFile /extdisk/zlin/Machine_learning/RecoPlanesFeatures/CMS_herwig_HT1000to1500-preVFP_jinitpt450_600_j2pt80_120Reco/Chunk79_Part2.root . . . Used time: 0s Expected left time: 0s          
 Save to RootFile /extdisk/zlin/Machine_learning/RecoPlanesFeatures/CMS_herwig_HT1000to1500-preVFP_jinitpt450_600_j2pt80_120Reco/Chunk79_Part2.root . . . Used time: 0s Expected left time: 0s          
 Save to RootFile /extdisk/zlin/Machine_learning/RecoPlanesFeatures/CMS_herwig_HT1000to1500-preVFP_jinitpt450_600_j2pt80_120Reco/Chunk79_Part2.root . . . Used time: 0s Expected left time: 0s          
 Save to RootFile /extdisk/zlin/Machine_learning/RecoPlanesFeatures/CMS_herwig_HT1000to1500-preVFP_jinitpt450_600_j2pt80_120Reco/Chunk79_Part2.root . . . Used time: 0s Expected left time: 0s          
 Analyzing entries 25871 - 25903, now 25871 , sum entries = 32625 . . . Used time: 0s Expected left time: 0s          
 Analyzing entries 25871 - 25903, now 25872 , sum entries = 32625 . . . Used time: 0s Expected left time: 0s          
 Analyzing entries 25871 - 25903, now 25873 , sum entries = 32625 . . . Used time: 0s Expected left time: 0s          
 Analyzing entries 25871 - 25903, now 25874 , sum entries = 32625 . . . Used time: 0s Expected left time: 0s          
 Analyzing entries 25871 - 25903, now 25875 , sum entries = 32625 . . . Used time: 0s Expected left time: 0s          
 Analyzing entries 25871 - 25903, now 25876 , sum entries = 32625 . . . Used time: 0s Expected left time: 0s          
 Analyzing entries 25871 - 25903, now 25877 , sum entries = 32625 . . . Used time: 0s Expected left time: 0s          
 Analyzing entries 25871 - 25903, now 25878 , sum entries = 32625 . . . Used time: 0s Expected left time: 0s          
 Analyzing entries 25871 - 25903, now 25879 , sum entries = 32625 . . . Used time: 0s Expected left time: 0s          
 Analyzing entries 25871 - 25903, now 25880 , sum entries = 32625 . . . Used time: 0s Expected left time: 0s          
 Analyzing entries 25871 - 25903, now 25881 , sum entries = 32625 . . . Used time: 0s Expected left time: 0s          
 Analyzing entries 25871 - 25903, now 25882 , sum entries = 32625 . . . Used time: 0s Expected left time: 0s          
 Analyzing entries 25871 - 25903, now 25883 , sum entries = 32625 . . . Used time: 0s Expected left time: 0s          
 Analyzing entries 25871 - 25903, now 25884 , sum entries = 32625 . . . Used time: 0s Expected left time: 0s          
 Analyzing entries 25871 - 25903, now 25885 , sum entries = 32625 . . . Used time: 0s Expected left time: 0s          
 Analyzing entries 25871 - 25903, now 25886 , sum entries = 32625 . . . Used time: 0s Expected left time: 0s          
 Analyzing entries 25871 - 25903, now 25887 , sum entries = 32625 . . . Used time: 0s Expected left time: 0s          
 Analyzing entries 25871 - 25903, now 25888 , sum entries = 32625 . . . Used time: 0s Expected left time: 0s          
 Analyzing entries 25871 - 25903, now 25889 , sum entries = 32625 . . . Used time: 0s Expected left time: 0s          
 Analyzing entries 25871 - 25903, now 25890 , sum entries = 32625 . . . Used time: 0s Expected left time: 0s          
 Analyzing entries 25871 - 25903, now 25891 , sum entries = 32625 . . . Used time: 0s Expected left time: 0s          
 Analyzing entries 25871 - 25903, now 25892 , sum entries = 32625 . . . Used time: 0s Expected left time: 0s          
 Analyzing entries 25871 - 25903, now 25893 , sum entries = 32625 . . . Used time: 0s Expected left time: 0s          
 Analyzing entries 25871 - 25903, now 25894 , sum entries = 32625 . . . Used time: 0s Expected left time: 0s          
 Analyzing entries 25871 - 25903, now 25895 , sum entries = 32625 . . . Used time: 0s Expected left time: 0s          
 Analyzing entries 25871 - 25903, now 25896 , sum entries = 32625 . . . Used time: 0s Expected left time: 0s          
 Analyzing entries 25871 - 25903, now 25897 , sum entries = 32625 . . . Used time: 0s Expected left time: 0s          
 Analyzing entries 25871 - 25903, now 25898 , sum entries = 32625 . . . Used time: 0s Expected left time: 0s          
 Analyzing entries 25871 - 25903, now 25899 , sum entries = 32625 . . . Used time: 0s Expected left time: 0s          
 Analyzing entries 25871 - 25903, now 25900 , sum entries = 32625 . . . Used time: 0s Expected left time: 0s          
 Analyzing entries 25871 - 25903, now 25901 , sum entries = 32625 . . . Used time: 0s Expected left time: 0s          
 Analyzing entries 25871 - 25903, now 25902 , sum entries = 32625 . . . Used time: 0s Expected left time: 0s          
 Save to RootFile /extdisk/zlin/Machine_learning/RecoPlanesFeatures/CMS_herwig_HT1000to1500-preVFP_jinitpt450_600_j2pt80_120Reco/Chunk79_Part3.root . . . Used time: 0s Expected left time: 0s          
 Save to RootFile /extdisk/zlin/Machine_learning/RecoPlanesFeatures/CMS_herwig_HT1000to1500-preVFP_jinitpt450_600_j2pt80_120Reco/Chunk79_Part3.root . . . Used time: 0s Expected left time: 0s          
 Save to RootFile /extdisk/zlin/Machine_learning/RecoPlanesFeatures/CMS_herwig_HT1000to1500-preVFP_jinitpt450_600_j2pt80_120Reco/Chunk79_Part3.root . . . Used time: 0s Expected left time: 0s          
 Save to RootFile /extdisk/zlin/Machine_learning/RecoPlanesFeatures/CMS_herwig_HT1000to1500-preVFP_jinitpt450_600_j2pt80_120Reco/Chunk79_Part3.root . . . Used time: 0s Expected left time: 0s          
 Save to RootFile /extdisk/zlin/Machine_learning/RecoPlanesFeatures/CMS_herwig_HT1000to1500-preVFP_jinitpt450_600_j2pt80_120Reco/Chunk79_Part3.root . . . Used time: 0s Expected left time: 0s          
 Analyzing entries 25904 - 25936, now 25904 , sum entries = 32625 . . . Used time: 0s Expected left time: 0s          
 Analyzing entries 25904 - 25936, now 25905 , sum entries = 32625 . . . Used time: 0s Expected left time: 0s          
 Analyzing entries 25904 - 25936, now 25906 , sum entries = 32625 . . . Used time: 0s Expected left time: 0s          
 Analyzing entries 25904 - 25936, now 25907 , sum entries = 32625 . . . Used time: 0s Expected left time: 0s          
 Analyzing entries 25904 - 25936, now 25908 , sum entries = 32625 . . . Used time: 0s Expected left time: 0s          
 Analyzing entries 25904 - 25936, now 25909 , sum entries = 32625 . . . Used time: 0s Expected left time: 0s          
 Analyzing entries 25904 - 25936, now 25910 , sum entries = 32625 . . . Used time: 0s Expected left time: 0s          
 Analyzing entries 25904 - 25936, now 25911 , sum entries = 32625 . . . Used time: 0s Expected left time: 0s          
 Analyzing entries 25904 - 25936, now 25912 , sum entries = 32625 . . . Used time: 0s Expected left time: 0s          
 Analyzing entries 25904 - 25936, now 25913 , sum entries = 32625 . . . Used time: 0s Expected left time: 0s          
 Analyzing entries 25904 - 25936, now 25914 , sum entries = 32625 . . . Used time: 0s Expected left time: 0s          
 Analyzing entries 25904 - 25936, now 25915 , sum entries = 32625 . . . Used time: 0s Expected left time: 0s          
 Analyzing entries 25904 - 25936, now 25916 , sum entries = 32625 . . . Used time: 0s Expected left time: 0s          
 Analyzing entries 25904 - 25936, now 25917 , sum entries = 32625 . . . Used time: 0s Expected left time: 0s          
 Analyzing entries 25904 - 25936, now 25918 , sum entries = 32625 . . . Used time: 0s Expected left time: 0s          
 Analyzing entries 25904 - 25936, now 25919 , sum entries = 32625 . . . Used time: 0s Expected left time: 0s          
 Analyzing entries 25904 - 25936, now 25920 , sum entries = 32625 . . . Used time: 0s Expected left time: 0s          
 Analyzing entries 25904 - 25936, now 25921 , sum entries = 32625 . . . Used time: 0s Expected left time: 0s          
 Analyzing entries 25904 - 25936, now 25922 , sum entries = 32625 . . . Used time: 0s Expected left time: 0s          
 Analyzing entries 25904 - 25936, now 25923 , sum entries = 32625 . . . Used time: 0s Expected left time: 0s          
 Analyzing entries 25904 - 25936, now 25924 , sum entries = 32625 . . . Used time: 0s Expected left time: 0s          
 Analyzing entries 25904 - 25936, now 25925 , sum entries = 32625 . . . Used time: 0s Expected left time: 0s          
 Analyzing entries 25904 - 25936, now 25926 , sum entries = 32625 . . . Used time: 0s Expected left time: 0s          
 Analyzing entries 25904 - 25936, now 25927 , sum entries = 32625 . . . Used time: 0s Expected left time: 0s          
 Analyzing entries 25904 - 25936, now 25928 , sum entries = 32625 . . . Used time: 0s Expected left time: 0s          
 Analyzing entries 25904 - 25936, now 25929 , sum entries = 32625 . . . Used time: 0s Expected left time: 0s          
 Analyzing entries 25904 - 25936, now 25930 , sum entries = 32625 . . . Used time: 0s Expected left time: 0s          
 Analyzing entries 25904 - 25936, now 25931 , sum entries = 32625 . . . Used time: 0s Expected left time: 0s          
 Analyzing entries 25904 - 25936, now 25932 , sum entries = 32625 . . . Used time: 0s Expected left time: 0s          
 Analyzing entries 25904 - 25936, now 25933 , sum entries = 32625 . . . Used time: 0s Expected left time: 0s          
 Analyzing entries 25904 - 25936, now 25934 , sum entries = 32625 . . . Used time: 0s Expected left time: 0s          
 Analyzing entries 25904 - 25936, now 25935 , sum entries = 32625 . . . Used time: 0s Expected left time: 0s          
 Save to RootFile /extdisk/zlin/Machine_learning/RecoPlanesFeatures/CMS_herwig_HT1000to1500-preVFP_jinitpt450_600_j2pt80_120Reco/Chunk79_Part4.root . . . Used time: 0s Expected left time: 0s          
 Save to RootFile /extdisk/zlin/Machine_learning/RecoPlanesFeatures/CMS_herwig_HT1000to1500-preVFP_jinitpt450_600_j2pt80_120Reco/Chunk79_Part4.root . . . Used time: 0s Expected left time: 0s          
 Save to RootFile /extdisk/zlin/Machine_learning/RecoPlanesFeatures/CMS_herwig_HT1000to1500-preVFP_jinitpt450_600_j2pt80_120Reco/Chunk79_Part4.root . . . Used time: 0s Expected left time: 0s          
 Save to RootFile /extdisk/zlin/Machine_learning/RecoPlanesFeatures/CMS_herwig_HT1000to1500-preVFP_jinitpt450_600_j2pt80_120Reco/Chunk79_Part4.root . . . Used time: 0s Expected left time: 0s          
 Analyzing entries 25936 - 25968, now 25936 , sum entries = 32625 . . . Used time: 0s Expected left time: 0s          
 Analyzing entries 25936 - 25968, now 25937 , sum entries = 32625 . . . Used time: 0s Expected left time: 0s          
 Analyzing entries 25936 - 25968, now 25938 , sum entries = 32625 . . . Used time: 0s Expected left time: 0s          
 Analyzing entries 25936 - 25968, now 25939 , sum entries = 32625 . . . Used time: 0s Expected left time: 0s          
 Analyzing entries 25936 - 25968, now 25940 , sum entries = 32625 . . . Used time: 0s Expected left time: 0s          
 Analyzing entries 25936 - 25968, now 25941 , sum entries = 32625 . . . Used time: 0s Expected left time: 0s          
 Analyzing entries 25936 - 25968, now 25942 , sum entries = 32625 . . . Used time: 0s Expected left time: 0s          
 Analyzing entries 25936 - 25968, now 25943 , sum entries = 32625 . . . Used time: 0s Expected left time: 0s          
 Analyzing entries 25936 - 25968, now 25944 , sum entries = 32625 . . . Used time: 0s Expected left time: 0s          
 Analyzing entries 25936 - 25968, now 25945 , sum entries = 32625 . . . Used time: 0s Expected left time: 0s          
 Analyzing entries 25936 - 25968, now 25946 , sum entries = 32625 . . . Used time: 0s Expected left time: 0s          
 Analyzing entries 25936 - 25968, now 25947 , sum entries = 32625 . . . Used time: 0s Expected left time: 0s          
 Analyzing entries 25936 - 25968, now 25948 , sum entries = 32625 . . . Used time: 0s Expected left time: 0s          
 Analyzing entries 25936 - 25968, now 25949 , sum entries = 32625 . . . Used time: 0s Expected left time: 0s          
 Analyzing entries 25936 - 25968, now 25950 , sum entries = 32625 . . . Used time: 0s Expected left time: 0s          
 Analyzing entries 25936 - 25968, now 25951 , sum entries = 32625 . . . Used time: 0s Expected left time: 0s          
 Analyzing entries 25936 - 25968, now 25952 , sum entries = 32625 . . . Used time: 0s Expected left time: 0s          
 Analyzing entries 25936 - 25968, now 25953 , sum entries = 32625 . . . Used time: 0s Expected left time: 0s          
 Analyzing entries 25936 - 25968, now 25954 , sum entries = 32625 . . . Used time: 0s Expected left time: 0s          
 Analyzing entries 25936 - 25968, now 25955 , sum entries = 32625 . . . Used time: 0s Expected left time: 0s          
 Analyzing entries 25936 - 25968, now 25956 , sum entries = 32625 . . . Used time: 0s Expected left time: 0s          
 Analyzing entries 25936 - 25968, now 25957 , sum entries = 32625 . . . Used time: 0s Expected left time: 0s          
 Analyzing entries 25936 - 25968, now 25958 , sum entries = 32625 . . . Used time: 0s Expected left time: 0s          
 Analyzing entries 25936 - 25968, now 25959 , sum entries = 32625 . . . Used time: 0s Expected left time: 0s          
 Analyzing entries 25936 - 25968, now 25960 , sum entries = 32625 . . . Used time: 0s Expected left time: 0s          
 Analyzing entries 25936 - 25968, now 25961 , sum entries = 32625 . . . Used time: 0s Expected left time: 0s          
 Analyzing entries 25936 - 25968, now 25962 , sum entries = 32625 . . . Used time: 0s Expected left time: 0s          
 Analyzing entries 25936 - 25968, now 25963 , sum entries = 32625 . . . Used time: 0s Expected left time: 0s          
 Analyzing entries 25936 - 25968, now 25964 , sum entries = 32625 . . . Used time: 0s Expected left time: 0s          
 Analyzing entries 25936 - 25968, now 25965 , sum entries = 32625 . . . Used time: 0s Expected left time: 0s          
 Analyzing entries 25936 - 25968, now 25966 , sum entries = 32625 . . . Used time: 0s Expected left time: 0s          
 Analyzing entries 25936 - 25968, now 25967 , sum entries = 32625 . . . Used time: 0s Expected left time: 0s          
 Save to RootFile /extdisk/zlin/Machine_learning/RecoPlanesFeatures/CMS_herwig_HT1000to1500-preVFP_jinitpt450_600_j2pt80_120Reco/Chunk79_Part5.root . . . Used time: 0s Expected left time: 0s          
 Save to RootFile /extdisk/zlin/Machine_learning/RecoPlanesFeatures/CMS_herwig_HT1000to1500-preVFP_jinitpt450_600_j2pt80_120Reco/Chunk79_Part5.root . . . Used time: 0s Expected left time: 0s          
 Save to RootFile /extdisk/zlin/Machine_learning/RecoPlanesFeatures/CMS_herwig_HT1000to1500-preVFP_jinitpt450_600_j2pt80_120Reco/Chunk79_Part5.root . . . Used time: 0s Expected left time: 0s          
 Save to RootFile /extdisk/zlin/Machine_learning/RecoPlanesFeatures/CMS_herwig_HT1000to1500-preVFP_jinitpt450_600_j2pt80_120Reco/Chunk79_Part5.root . . . Used time: 0s Expected left time: 0s          
 Save to RootFile /extdisk/zlin/Machine_learning/RecoPlanesFeatures/CMS_herwig_HT1000to1500-preVFP_jinitpt450_600_j2pt80_120Reco/Chunk79_Part5.root . . . Used time: 0s Expected left time: 0s          
 Save to RootFile /extdisk/zlin/Machine_learning/RecoPlanesFeatures/CMS_herwig_HT1000to1500-preVFP_jinitpt450_600_j2pt80_120Reco/Chunk79_Part5.root . . . Used time: 0s Expected left time: 0s          
 Analyzing entries 25969 - 26001, now 25969 , sum entries = 32625 . . . Used time: 0s Expected left time: 0s          
 Analyzing entries 25969 - 26001, now 25970 , sum entries = 32625 . . . Used time: 0s Expected left time: 0s          
 Analyzing entries 25969 - 26001, now 25971 , sum entries = 32625 . . . Used time: 0s Expected left time: 0s          
 Analyzing entries 25969 - 26001, now 25972 , sum entries = 32625 . . . Used time: 0s Expected left time: 0s          
 Analyzing entries 25969 - 26001, now 25973 , sum entries = 32625 . . . Used time: 0s Expected left time: 0s          
 Analyzing entries 25969 - 26001, now 25974 , sum entries = 32625 . . . Used time: 0s Expected left time: 0s          
 Analyzing entries 25969 - 26001, now 25975 , sum entries = 32625 . . . Used time: 0s Expected left time: 0s          
 Analyzing entries 25969 - 26001, now 25976 , sum entries = 32625 . . . Used time: 0s Expected left time: 0s          
 Analyzing entries 25969 - 26001, now 25977 , sum entries = 32625 . . . Used time: 0s Expected left time: 0s          
 Analyzing entries 25969 - 26001, now 25978 , sum entries = 32625 . . . Used time: 0s Expected left time: 0s          
 Analyzing entries 25969 - 26001, now 25979 , sum entries = 32625 . . . Used time: 0s Expected left time: 0s          
 Analyzing entries 25969 - 26001, now 25980 , sum entries = 32625 . . . Used time: 0s Expected left time: 0s          
 Analyzing entries 25969 - 26001, now 25981 , sum entries = 32625 . . . Used time: 0s Expected left time: 0s          
 Analyzing entries 25969 - 26001, now 25982 , sum entries = 32625 . . . Used time: 0s Expected left time: 0s          
 Analyzing entries 25969 - 26001, now 25983 , sum entries = 32625 . . . Used time: 0s Expected left time: 0s          
 Analyzing entries 25969 - 26001, now 25984 , sum entries = 32625 . . . Used time: 0s Expected left time: 0s          
 Analyzing entries 25969 - 26001, now 25985 , sum entries = 32625 . . . Used time: 0s Expected left time: 0s          
 Analyzing entries 25969 - 26001, now 25986 , sum entries = 32625 . . . Used time: 0s Expected left time: 0s          
 Analyzing entries 25969 - 26001, now 25987 , sum entries = 32625 . . . Used time: 0s Expected left time: 0s          
 Analyzing entries 25969 - 26001, now 25988 , sum entries = 32625 . . . Used time: 0s Expected left time: 0s          
 Analyzing entries 25969 - 26001, now 25989 , sum entries = 32625 . . . Used time: 0s Expected left time: 0s          
 Analyzing entries 25969 - 26001, now 25990 , sum entries = 32625 . . . Used time: 0s Expected left time: 0s          
 Analyzing entries 25969 - 26001, now 25991 , sum entries = 32625 . . . Used time: 0s Expected left time: 0s          
 Analyzing entries 25969 - 26001, now 25992 , sum entries = 32625 . . . Used time: 0s Expected left time: 0s          
 Analyzing entries 25969 - 26001, now 25993 , sum entries = 32625 . . . Used time: 0s Expected left time: 0s          
 Analyzing entries 25969 - 26001, now 25994 , sum entries = 32625 . . . Used time: 0s Expected left time: 0s          
 Analyzing entries 25969 - 26001, now 25995 , sum entries = 32625 . . . Used time: 0s Expected left time: 0s          
 Analyzing entries 25969 - 26001, now 25996 , sum entries = 32625 . . . Used time: 0s Expected left time: 0s          
 Analyzing entries 25969 - 26001, now 25997 , sum entries = 32625 . . . Used time: 0s Expected left time: 0s          
 Analyzing entries 25969 - 26001, now 25998 , sum entries = 32625 . . . Used time: 0s Expected left time: 0s          
 Analyzing entries 25969 - 26001, now 25999 , sum entries = 32625 . . . Used time: 0s Expected left time: 0s          
 Analyzing entries 25969 - 26001, now 26000 , sum entries = 32625 . . . Used time: 0s Expected left time: 0s          
 Save to RootFile /extdisk/zlin/Machine_learning/RecoPlanesFeatures/CMS_herwig_HT1000to1500-preVFP_jinitpt450_600_j2pt80_120Reco/Chunk79_Part6.root . . . Used time: 0s Expected left time: 0s          
 Save to RootFile /extdisk/zlin/Machine_learning/RecoPlanesFeatures/CMS_herwig_HT1000to1500-preVFP_jinitpt450_600_j2pt80_120Reco/Chunk79_Part6.root . . . Used time: 0s Expected left time: 0s          
 Analyzing entries 26002 - 26034, now 26002 , sum entries = 32625 . . . Used time: 0s Expected left time: 0s          
 Analyzing entries 26002 - 26034, now 26003 , sum entries = 32625 . . . Used time: 0s Expected left time: 0s          
 Analyzing entries 26002 - 26034, now 26004 , sum entries = 32625 . . . Used time: 0s Expected left time: 0s          
 Analyzing entries 26002 - 26034, now 26005 , sum entries = 32625 . . . Used time: 0s Expected left time: 0s          
 Analyzing entries 26002 - 26034, now 26006 , sum entries = 32625 . . . Used time: 0s Expected left time: 0s          
 Analyzing entries 26002 - 26034, now 26007 , sum entries = 32625 . . . Used time: 0s Expected left time: 0s          
 Analyzing entries 26002 - 26034, now 26008 , sum entries = 32625 . . . Used time: 0s Expected left time: 0s          
 Analyzing entries 26002 - 26034, now 26009 , sum entries = 32625 . . . Used time: 0s Expected left time: 0s          
 Analyzing entries 26002 - 26034, now 26010 , sum entries = 32625 . . . Used time: 0s Expected left time: 0s          
 Analyzing entries 26002 - 26034, now 26011 , sum entries = 32625 . . . Used time: 0s Expected left time: 0s          
 Analyzing entries 26002 - 26034, now 26012 , sum entries = 32625 . . . Used time: 0s Expected left time: 0s          
 Analyzing entries 26002 - 26034, now 26013 , sum entries = 32625 . . . Used time: 0s Expected left time: 0s          
 Analyzing entries 26002 - 26034, now 26014 , sum entries = 32625 . . . Used time: 0s Expected left time: 0s          
 Analyzing entries 26002 - 26034, now 26015 , sum entries = 32625 . . . Used time: 0s Expected left time: 0s          
 Analyzing entries 26002 - 26034, now 26016 , sum entries = 32625 . . . Used time: 0s Expected left time: 0s          
 Analyzing entries 26002 - 26034, now 26017 , sum entries = 32625 . . . Used time: 0s Expected left time: 0s          
 Analyzing entries 26002 - 26034, now 26018 , sum entries = 32625 . . . Used time: 0s Expected left time: 0s          
 Analyzing entries 26002 - 26034, now 26019 , sum entries = 32625 . . . Used time: 0s Expected left time: 0s          
 Analyzing entries 26002 - 26034, now 26020 , sum entries = 32625 . . . Used time: 0s Expected left time: 0s          
 Analyzing entries 26002 - 26034, now 26021 , sum entries = 32625 . . . Used time: 0s Expected left time: 0s          
 Analyzing entries 26002 - 26034, now 26022 , sum entries = 32625 . . . Used time: 0s Expected left time: 0s          
 Analyzing entries 26002 - 26034, now 26023 , sum entries = 32625 . . . Used time: 0s Expected left time: 0s          
 Analyzing entries 26002 - 26034, now 26024 , sum entries = 32625 . . . Used time: 0s Expected left time: 0s          
 Analyzing entries 26002 - 26034, now 26025 , sum entries = 32625 . . . Used time: 0s Expected left time: 0s          
 Analyzing entries 26002 - 26034, now 26026 , sum entries = 32625 . . . Used time: 0s Expected left time: 0s          
 Analyzing entries 26002 - 26034, now 26027 , sum entries = 32625 . . . Used time: 0s Expected left time: 0s          
 Analyzing entries 26002 - 26034, now 26028 , sum entries = 32625 . . . Used time: 0s Expected left time: 0s          
 Analyzing entries 26002 - 26034, now 26029 , sum entries = 32625 . . . Used time: 0s Expected left time: 0s          
 Analyzing entries 26002 - 26034, now 26030 , sum entries = 32625 . . . Used time: 0s Expected left time: 0s          
 Analyzing entries 26002 - 26034, now 26031 , sum entries = 32625 . . . Used time: 0s Expected left time: 0s          
 Analyzing entries 26002 - 26034, now 26032 , sum entries = 32625 . . . Used time: 0s Expected left time: 0s          
 Analyzing entries 26002 - 26034, now 26033 , sum entries = 32625 . . . Used time: 0s Expected left time: 0s          
 Save to RootFile /extdisk/zlin/Machine_learning/RecoPlanesFeatures/CMS_herwig_HT1000to1500-preVFP_jinitpt450_600_j2pt80_120Reco/Chunk79_Part7.root . . . Used time: 0s Expected left time: 0s          
 Save to RootFile /extdisk/zlin/Machine_learning/RecoPlanesFeatures/CMS_herwig_HT1000to1500-preVFP_jinitpt450_600_j2pt80_120Reco/Chunk79_Part7.root . . . Used time: 0s Expected left time: 0s          
 Save to RootFile /extdisk/zlin/Machine_learning/RecoPlanesFeatures/CMS_herwig_HT1000to1500-preVFP_jinitpt450_600_j2pt80_120Reco/Chunk79_Part7.root . . . Used time: 0s Expected left time: 0s          
 Analyzing entries 26034 - 26066, now 26034 , sum entries = 32625 . . . Used time: 0s Expected left time: 0s          
 Analyzing entries 26034 - 26066, now 26035 , sum entries = 32625 . . . Used time: 0s Expected left time: 0s          
 Analyzing entries 26034 - 26066, now 26036 , sum entries = 32625 . . . Used time: 0s Expected left time: 0s          
 Analyzing entries 26034 - 26066, now 26037 , sum entries = 32625 . . . Used time: 0s Expected left time: 0s          
 Analyzing entries 26034 - 26066, now 26038 , sum entries = 32625 . . . Used time: 0s Expected left time: 0s          
 Analyzing entries 26034 - 26066, now 26039 , sum entries = 32625 . . . Used time: 0s Expected left time: 0s          
 Analyzing entries 26034 - 26066, now 26040 , sum entries = 32625 . . . Used time: 0s Expected left time: 0s          
 Analyzing entries 26034 - 26066, now 26041 , sum entries = 32625 . . . Used time: 0s Expected left time: 0s          
 Analyzing entries 26034 - 26066, now 26042 , sum entries = 32625 . . . Used time: 0s Expected left time: 0s          
 Analyzing entries 26034 - 26066, now 26043 , sum entries = 32625 . . . Used time: 0s Expected left time: 0s          
 Analyzing entries 26034 - 26066, now 26044 , sum entries = 32625 . . . Used time: 0s Expected left time: 0s          
 Analyzing entries 26034 - 26066, now 26045 , sum entries = 32625 . . . Used time: 0s Expected left time: 0s          
 Analyzing entries 26034 - 26066, now 26046 , sum entries = 32625 . . . Used time: 0s Expected left time: 0s          
 Analyzing entries 26034 - 26066, now 26047 , sum entries = 32625 . . . Used time: 0s Expected left time: 0s          
 Analyzing entries 26034 - 26066, now 26048 , sum entries = 32625 . . . Used time: 0s Expected left time: 0s          
 Analyzing entries 26034 - 26066, now 26049 , sum entries = 32625 . . . Used time: 0s Expected left time: 0s          
 Analyzing entries 26034 - 26066, now 26050 , sum entries = 32625 . . . Used time: 0s Expected left time: 0s          
 Analyzing entries 26034 - 26066, now 26051 , sum entries = 32625 . . . Used time: 0s Expected left time: 0s          
 Analyzing entries 26034 - 26066, now 26052 , sum entries = 32625 . . . Used time: 0s Expected left time: 0s          
 Analyzing entries 26034 - 26066, now 26053 , sum entries = 32625 . . . Used time: 0s Expected left time: 0s          
 Analyzing entries 26034 - 26066, now 26054 , sum entries = 32625 . . . Used time: 0s Expected left time: 0s          
 Analyzing entries 26034 - 26066, now 26055 , sum entries = 32625 . . . Used time: 0s Expected left time: 0s          
 Analyzing entries 26034 - 26066, now 26056 , sum entries = 32625 . . . Used time: 0s Expected left time: 0s          
 Analyzing entries 26034 - 26066, now 26057 , sum entries = 32625 . . . Used time: 0s Expected left time: 0s          
 Analyzing entries 26034 - 26066, now 26058 , sum entries = 32625 . . . Used time: 0s Expected left time: 0s          
 Analyzing entries 26034 - 26066, now 26059 , sum entries = 32625 . . . Used time: 0s Expected left time: 0s          
 Analyzing entries 26034 - 26066, now 26060 , sum entries = 32625 . . . Used time: 0s Expected left time: 0s          
 Analyzing entries 26034 - 26066, now 26061 , sum entries = 32625 . . . Used time: 0s Expected left time: 0s          
 Analyzing entries 26034 - 26066, now 26062 , sum entries = 32625 . . . Used time: 0s Expected left time: 0s          
 Analyzing entries 26034 - 26066, now 26063 , sum entries = 32625 . . . Used time: 0s Expected left time: 0s          
 Analyzing entries 26034 - 26066, now 26064 , sum entries = 32625 . . . Used time: 0s Expected left time: 0s          
 Analyzing entries 26034 - 26066, now 26065 , sum entries = 32625 . . . Used time: 0s Expected left time: 0s          
 Save to RootFile /extdisk/zlin/Machine_learning/RecoPlanesFeatures/CMS_herwig_HT1000to1500-preVFP_jinitpt450_600_j2pt80_120Reco/Chunk79_Part8.root . . . Used time: 0s Expected left time: 0s          
 Save to RootFile /extdisk/zlin/Machine_learning/RecoPlanesFeatures/CMS_herwig_HT1000to1500-preVFP_jinitpt450_600_j2pt80_120Reco/Chunk79_Part8.root . . . Used time: 0s Expected left time: 0s          
 Save to RootFile /extdisk/zlin/Machine_learning/RecoPlanesFeatures/CMS_herwig_HT1000to1500-preVFP_jinitpt450_600_j2pt80_120Reco/Chunk79_Part8.root . . . Used time: 0s Expected left time: 0s          
 Save to RootFile /extdisk/zlin/Machine_learning/RecoPlanesFeatures/CMS_herwig_HT1000to1500-preVFP_jinitpt450_600_j2pt80_120Reco/Chunk79_Part8.root . . . Used time: 0s Expected left time: 0s          
 Save to RootFile /extdisk/zlin/Machine_learning/RecoPlanesFeatures/CMS_herwig_HT1000to1500-preVFP_jinitpt450_600_j2pt80_120Reco/Chunk79_Part8.root . . . Used time: 0s Expected left time: 0s          
 Save to RootFile /extdisk/zlin/Machine_learning/RecoPlanesFeatures/CMS_herwig_HT1000to1500-preVFP_jinitpt450_600_j2pt80_120Reco/Chunk79_Part8.root . . . Used time: 0s Expected left time: 0s          
 Save to RootFile /extdisk/zlin/Machine_learning/RecoPlanesFeatures/CMS_herwig_HT1000to1500-preVFP_jinitpt450_600_j2pt80_120Reco/Chunk79_Part8.root . . . Used time: 0s Expected left time: 0s          
 Save to RootFile /extdisk/zlin/Machine_learning/RecoPlanesFeatures/CMS_herwig_HT1000to1500-preVFP_jinitpt450_600_j2pt80_120Reco/Chunk79_Part8.root . . . Used time: 0s Expected left time: 0s          
 Save to RootFile /extdisk/zlin/Machine_learning/RecoPlanesFeatures/CMS_herwig_HT1000to1500-preVFP_jinitpt450_600_j2pt80_120Reco/Chunk79_Part8.root . . . Used time: 0s Expected left time: 0s          
 Analyzing entries 26067 - 26099, now 26067 , sum entries = 32625 . . . Used time: 0s Expected left time: 0s          
 Analyzing entries 26067 - 26099, now 26068 , sum entries = 32625 . . . Used time: 0s Expected left time: 0s          
 Analyzing entries 26067 - 26099, now 26069 , sum entries = 32625 . . . Used time: 0s Expected left time: 0s          
 Analyzing entries 26067 - 26099, now 26070 , sum entries = 32625 . . . Used time: 0s Expected left time: 0s          
 Analyzing entries 26067 - 26099, now 26071 , sum entries = 32625 . . . Used time: 0s Expected left time: 0s          
 Analyzing entries 26067 - 26099, now 26072 , sum entries = 32625 . . . Used time: 0s Expected left time: 0s          
 Analyzing entries 26067 - 26099, now 26073 , sum entries = 32625 . . . Used time: 0s Expected left time: 0s          
 Analyzing entries 26067 - 26099, now 26074 , sum entries = 32625 . . . Used time: 0s Expected left time: 0s          
 Analyzing entries 26067 - 26099, now 26075 , sum entries = 32625 . . . Used time: 0s Expected left time: 0s          
 Analyzing entries 26067 - 26099, now 26076 , sum entries = 32625 . . . Used time: 0s Expected left time: 0s          
 Analyzing entries 26067 - 26099, now 26077 , sum entries = 32625 . . . Used time: 0s Expected left time: 0s          
 Analyzing entries 26067 - 26099, now 26078 , sum entries = 32625 . . . Used time: 0s Expected left time: 0s          
 Analyzing entries 26067 - 26099, now 26079 , sum entries = 32625 . . . Used time: 0s Expected left time: 0s          
 Analyzing entries 26067 - 26099, now 26080 , sum entries = 32625 . . . Used time: 0s Expected left time: 0s          
 Analyzing entries 26067 - 26099, now 26081 , sum entries = 32625 . . . Used time: 0s Expected left time: 0s          
 Analyzing entries 26067 - 26099, now 26082 , sum entries = 32625 . . . Used time: 0s Expected left time: 0s          
 Analyzing entries 26067 - 26099, now 26083 , sum entries = 32625 . . . Used time: 0s Expected left time: 0s          
 Analyzing entries 26067 - 26099, now 26084 , sum entries = 32625 . . . Used time: 0s Expected left time: 0s          
 Analyzing entries 26067 - 26099, now 26085 , sum entries = 32625 . . . Used time: 0s Expected left time: 0s          
 Analyzing entries 26067 - 26099, now 26086 , sum entries = 32625 . . . Used time: 0s Expected left time: 0s          
 Analyzing entries 26067 - 26099, now 26087 , sum entries = 32625 . . . Used time: 0s Expected left time: 0s          
 Analyzing entries 26067 - 26099, now 26088 , sum entries = 32625 . . . Used time: 0s Expected left time: 0s          
 Analyzing entries 26067 - 26099, now 26089 , sum entries = 32625 . . . Used time: 0s Expected left time: 0s          
 Analyzing entries 26067 - 26099, now 26090 , sum entries = 32625 . . . Used time: 0s Expected left time: 0s          
 Analyzing entries 26067 - 26099, now 26091 , sum entries = 32625 . . . Used time: 0s Expected left time: 0s          
 Analyzing entries 26067 - 26099, now 26092 , sum entries = 32625 . . . Used time: 0s Expected left time: 0s          
 Analyzing entries 26067 - 26099, now 26093 , sum entries = 32625 . . . Used time: 0s Expected left time: 0s          
 Analyzing entries 26067 - 26099, now 26094 , sum entries = 32625 . . . Used time: 0s Expected left time: 0s          
 Analyzing entries 26067 - 26099, now 26095 , sum entries = 32625 . . . Used time: 0s Expected left time: 0s          
 Analyzing entries 26067 - 26099, now 26096 , sum entries = 32625 . . . Used time: 0s Expected left time: 0s          
 Analyzing entries 26067 - 26099, now 26097 , sum entries = 32625 . . . Used time: 0s Expected left time: 0s          
 Analyzing entries 26067 - 26099, now 26098 , sum entries = 32625 . . . Used time: 0s Expected left time: 0s          
 Save to RootFile /extdisk/zlin/Machine_learning/RecoPlanesFeatures/CMS_herwig_HT1000to1500-preVFP_jinitpt450_600_j2pt80_120Reco/Chunk79_Part9.root . . . Used time: 0s Expected left time: 0s          
 Save to RootFile /extdisk/zlin/Machine_learning/RecoPlanesFeatures/CMS_herwig_HT1000to1500-preVFP_jinitpt450_600_j2pt80_120Reco/Chunk79_Part9.root . . . Used time: 0s Expected left time: 0s          
 Save to RootFile /extdisk/zlin/Machine_learning/RecoPlanesFeatures/CMS_herwig_HT1000to1500-preVFP_jinitpt450_600_j2pt80_120Reco/Chunk79_Part9.root . . . Used time: 0s Expected left time: 0s          
 Save to RootFile /extdisk/zlin/Machine_learning/RecoPlanesFeatures/CMS_herwig_HT1000to1500-preVFP_jinitpt450_600_j2pt80_120Reco/Chunk79_Part9.root . . . Used time: 0s Expected left time: 0s          
 Save to RootFile /extdisk/zlin/Machine_learning/RecoPlanesFeatures/CMS_herwig_HT1000to1500-preVFP_jinitpt450_600_j2pt80_120Reco/Chunk79_Part9.root . . . Used time: 0s Expected left time: 0s          
 Save to RootFile /extdisk/zlin/Machine_learning/RecoPlanesFeatures/CMS_herwig_HT1000to1500-preVFP_jinitpt450_600_j2pt80_120Reco/Chunk79_Part9.root . . . Used time: 0s Expected left time: 0s          
 Save to RootFile /extdisk/zlin/Machine_learning/RecoPlanesFeatures/CMS_herwig_HT1000to1500-preVFP_jinitpt450_600_j2pt80_120Reco/Chunk79_Part9.root . . . Used time: 0s Expected left time: 0s          
 Save to RootFile /extdisk/zlin/Machine_learning/RecoPlanesFeatures/CMS_herwig_HT1000to1500-preVFP_jinitpt450_600_j2pt80_120Reco/Chunk79_Part9.root . . . Used time: 0s Expected left time: 0s          
 Save to RootFile /extdisk/zlin/Machine_learning/RecoPlanesFeatures/CMS_herwig_HT1000to1500-preVFP_jinitpt450_600_j2pt80_120Reco/Chunk79_Part9.root . . . Used time: 0s Expected left time: 0s          
