Warning in <TFile::Init>: file /extdisk/zlin/Machine_learning/RecoPlanes/CMS_herwig_HT1000to1500-preVFP/Chunk19_Part0.root probably not closed, trying to recover
Warning in <TFile::Init>: no keys recovered, file has been made a Zombie
Warning in <TFile::Init>: file /extdisk/zlin/Machine_learning/RecoPlanes/CMS_herwig_HT1000to1500-preVFP/Chunk41_Part0.root probably not closed, trying to recover
Warning in <TFile::Init>: no keys recovered, file has been made a Zombie
Warning in <TFile::Init>: file /extdisk/zlin/Machine_learning/RecoPlanes/CMS_herwig_HT1000to1500-preVFP/Chunk52_Part0.root probably not closed, trying to recover
Warning in <TFile::Init>: no keys recovered, file has been made a Zombie
Warning in <TFile::Init>: file /extdisk/zlin/Machine_learning/RecoPlanes/CMS_herwig_HT1000to1500-preVFP/Chunk58_Part0.root probably not closed, trying to recover
Warning in <TFile::Init>: no keys recovered, file has been made a Zombie
 Analyzing entries 41351 - 41393, now 41351 , sum entries = 42195 . . . Used time: 0s Expected left time: 0s          
 Analyzing entries 41351 - 41393, now 41352 , sum entries = 42195 . . . Used time: 0s Expected left time: 0s          
 Analyzing entries 41351 - 41393, now 41353 , sum entries = 42195 . . . Used time: 0s Expected left time: 0s          
 Analyzing entries 41351 - 41393, now 41354 , sum entries = 42195 . . . Used time: 0s Expected left time: 0s          
 Analyzing entries 41351 - 41393, now 41355 , sum entries = 42195 . . . Used time: 0s Expected left time: 0s          
 Analyzing entries 41351 - 41393, now 41356 , sum entries = 42195 . . . Used time: 0s Expected left time: 0s          
 Analyzing entries 41351 - 41393, now 41357 , sum entries = 42195 . . . Used time: 0s Expected left time: 0s          
 Analyzing entries 41351 - 41393, now 41358 , sum entries = 42195 . . . Used time: 0s Expected left time: 0s          
 Analyzing entries 41351 - 41393, now 41359 , sum entries = 42195 . . . Used time: 0s Expected left time: 0s          
 Analyzing entries 41351 - 41393, now 41360 , sum entries = 42195 . . . Used time: 0s Expected left time: 0s          
 Analyzing entries 41351 - 41393, now 41361 , sum entries = 42195 . . . Used time: 0s Expected left time: 0s          
 Analyzing entries 41351 - 41393, now 41362 , sum entries = 42195 . . . Used time: 0s Expected left time: 0s          
 Analyzing entries 41351 - 41393, now 41363 , sum entries = 42195 . . . Used time: 0s Expected left time: 0s          
 Analyzing entries 41351 - 41393, now 41364 , sum entries = 42195 . . . Used time: 0s Expected left time: 0s          
 Analyzing entries 41351 - 41393, now 41365 , sum entries = 42195 . . . Used time: 0s Expected left time: 0s          
 Analyzing entries 41351 - 41393, now 41366 , sum entries = 42195 . . . Used time: 0s Expected left time: 0s          
 Analyzing entries 41351 - 41393, now 41367 , sum entries = 42195 . . . Used time: 0s Expected left time: 0s          
 Analyzing entries 41351 - 41393, now 41368 , sum entries = 42195 . . . Used time: 0s Expected left time: 0s          
 Analyzing entries 41351 - 41393, now 41369 , sum entries = 42195 . . . Used time: 0s Expected left time: 0s          
 Analyzing entries 41351 - 41393, now 41370 , sum entries = 42195 . . . Used time: 0s Expected left time: 0s          
 Analyzing entries 41351 - 41393, now 41371 , sum entries = 42195 . . . Used time: 0s Expected left time: 0s          
 Analyzing entries 41351 - 41393, now 41372 , sum entries = 42195 . . . Used time: 0s Expected left time: 0s          
 Analyzing entries 41351 - 41393, now 41373 , sum entries = 42195 . . . Used time: 0s Expected left time: 0s          
 Analyzing entries 41351 - 41393, now 41374 , sum entries = 42195 . . . Used time: 0s Expected left time: 0s          
 Analyzing entries 41351 - 41393, now 41375 , sum entries = 42195 . . . Used time: 0s Expected left time: 0s          
 Analyzing entries 41351 - 41393, now 41376 , sum entries = 42195 . . . Used time: 0s Expected left time: 0s          
 Analyzing entries 41351 - 41393, now 41377 , sum entries = 42195 . . . Used time: 0s Expected left time: 0s          
 Analyzing entries 41351 - 41393, now 41378 , sum entries = 42195 . . . Used time: 0s Expected left time: 0s          
 Analyzing entries 41351 - 41393, now 41379 , sum entries = 42195 . . . Used time: 0s Expected left time: 0s          
 Analyzing entries 41351 - 41393, now 41380 , sum entries = 42195 . . . Used time: 0s Expected left time: 0s          
 Analyzing entries 41351 - 41393, now 41381 , sum entries = 42195 . . . Used time: 0s Expected left time: 0s          
 Analyzing entries 41351 - 41393, now 41382 , sum entries = 42195 . . . Used time: 0s Expected left time: 0s          
 Analyzing entries 41351 - 41393, now 41383 , sum entries = 42195 . . . Used time: 0s Expected left time: 0s          
 Analyzing entries 41351 - 41393, now 41384 , sum entries = 42195 . . . Used time: 0s Expected left time: 0s          
 Analyzing entries 41351 - 41393, now 41385 , sum entries = 42195 . . . Used time: 0s Expected left time: 0s          
 Analyzing entries 41351 - 41393, now 41386 , sum entries = 42195 . . . Used time: 0s Expected left time: 0s          
 Analyzing entries 41351 - 41393, now 41387 , sum entries = 42195 . . . Used time: 0s Expected left time: 0s          
 Analyzing entries 41351 - 41393, now 41388 , sum entries = 42195 . . . Used time: 0s Expected left time: 0s          
 Analyzing entries 41351 - 41393, now 41389 , sum entries = 42195 . . . Used time: 0s Expected left time: 0s          
 Analyzing entries 41351 - 41393, now 41390 , sum entries = 42195 . . . Used time: 0s Expected left time: 0s          
 Analyzing entries 41351 - 41393, now 41391 , sum entries = 42195 . . . Used time: 0s Expected left time: 0s          
 Analyzing entries 41351 - 41393, now 41392 , sum entries = 42195 . . . Used time: 0s Expected left time: 0s          
 Save to RootFile /extdisk/zlin/Machine_learning/RecoPlanesFeatures/CMS_herwig_HT1000to1500-preVFP_jinitpt450_600_j2pt80_120Reco/Chunk98_Part0.root . . . Used time: 0s Expected left time: 0s          
 Save to RootFile /extdisk/zlin/Machine_learning/RecoPlanesFeatures/CMS_herwig_HT1000to1500-preVFP_jinitpt450_600_j2pt80_120Reco/Chunk98_Part0.root . . . Used time: 0s Expected left time: 0s          
 Save to RootFile /extdisk/zlin/Machine_learning/RecoPlanesFeatures/CMS_herwig_HT1000to1500-preVFP_jinitpt450_600_j2pt80_120Reco/Chunk98_Part0.root . . . Used time: 0s Expected left time: 0s          
 Save to RootFile /extdisk/zlin/Machine_learning/RecoPlanesFeatures/CMS_herwig_HT1000to1500-preVFP_jinitpt450_600_j2pt80_120Reco/Chunk98_Part0.root . . . Used time: 0s Expected left time: 0s          
 Save to RootFile /extdisk/zlin/Machine_learning/RecoPlanesFeatures/CMS_herwig_HT1000to1500-preVFP_jinitpt450_600_j2pt80_120Reco/Chunk98_Part0.root . . . Used time: 0s Expected left time: 0s          
 Analyzing entries 41393 - 41435, now 41393 , sum entries = 42195 . . . Used time: 0s Expected left time: 0s          
 Analyzing entries 41393 - 41435, now 41394 , sum entries = 42195 . . . Used time: 0s Expected left time: 0s          
 Analyzing entries 41393 - 41435, now 41395 , sum entries = 42195 . . . Used time: 0s Expected left time: 0s          
 Analyzing entries 41393 - 41435, now 41396 , sum entries = 42195 . . . Used time: 0s Expected left time: 0s          
 Analyzing entries 41393 - 41435, now 41397 , sum entries = 42195 . . . Used time: 0s Expected left time: 0s          
 Analyzing entries 41393 - 41435, now 41398 , sum entries = 42195 . . . Used time: 0s Expected left time: 0s          
 Analyzing entries 41393 - 41435, now 41399 , sum entries = 42195 . . . Used time: 0s Expected left time: 0s          
 Analyzing entries 41393 - 41435, now 41400 , sum entries = 42195 . . . Used time: 0s Expected left time: 0s          
 Analyzing entries 41393 - 41435, now 41401 , sum entries = 42195 . . . Used time: 0s Expected left time: 0s          
 Analyzing entries 41393 - 41435, now 41402 , sum entries = 42195 . . . Used time: 0s Expected left time: 0s          
 Analyzing entries 41393 - 41435, now 41403 , sum entries = 42195 . . . Used time: 0s Expected left time: 0s          
 Analyzing entries 41393 - 41435, now 41404 , sum entries = 42195 . . . Used time: 0s Expected left time: 0s          
 Analyzing entries 41393 - 41435, now 41405 , sum entries = 42195 . . . Used time: 0s Expected left time: 0s          
 Analyzing entries 41393 - 41435, now 41406 , sum entries = 42195 . . . Used time: 0s Expected left time: 0s          
 Analyzing entries 41393 - 41435, now 41407 , sum entries = 42195 . . . Used time: 0s Expected left time: 0s          
 Analyzing entries 41393 - 41435, now 41408 , sum entries = 42195 . . . Used time: 0s Expected left time: 0s          
 Analyzing entries 41393 - 41435, now 41409 , sum entries = 42195 . . . Used time: 0s Expected left time: 0s          
 Analyzing entries 41393 - 41435, now 41410 , sum entries = 42195 . . . Used time: 0s Expected left time: 0s          
 Analyzing entries 41393 - 41435, now 41411 , sum entries = 42195 . . . Used time: 0s Expected left time: 0s          
 Analyzing entries 41393 - 41435, now 41412 , sum entries = 42195 . . . Used time: 0s Expected left time: 0s          
 Analyzing entries 41393 - 41435, now 41413 , sum entries = 42195 . . . Used time: 0s Expected left time: 0s          
 Analyzing entries 41393 - 41435, now 41414 , sum entries = 42195 . . . Used time: 0s Expected left time: 0s          
 Analyzing entries 41393 - 41435, now 41415 , sum entries = 42195 . . . Used time: 0s Expected left time: 0s          
 Analyzing entries 41393 - 41435, now 41416 , sum entries = 42195 . . . Used time: 0s Expected left time: 0s          
 Analyzing entries 41393 - 41435, now 41417 , sum entries = 42195 . . . Used time: 0s Expected left time: 0s          
 Analyzing entries 41393 - 41435, now 41418 , sum entries = 42195 . . . Used time: 0s Expected left time: 0s          
 Analyzing entries 41393 - 41435, now 41419 , sum entries = 42195 . . . Used time: 0s Expected left time: 0s          
 Analyzing entries 41393 - 41435, now 41420 , sum entries = 42195 . . . Used time: 0s Expected left time: 0s          
 Analyzing entries 41393 - 41435, now 41421 , sum entries = 42195 . . . Used time: 0s Expected left time: 0s          
 Analyzing entries 41393 - 41435, now 41422 , sum entries = 42195 . . . Used time: 0s Expected left time: 0s          
 Analyzing entries 41393 - 41435, now 41423 , sum entries = 42195 . . . Used time: 0s Expected left time: 0s          
 Analyzing entries 41393 - 41435, now 41424 , sum entries = 42195 . . . Used time: 0s Expected left time: 0s          
 Analyzing entries 41393 - 41435, now 41425 , sum entries = 42195 . . . Used time: 0s Expected left time: 0s          
 Analyzing entries 41393 - 41435, now 41426 , sum entries = 42195 . . . Used time: 0s Expected left time: 0s          
 Analyzing entries 41393 - 41435, now 41427 , sum entries = 42195 . . . Used time: 0s Expected left time: 0s          
 Analyzing entries 41393 - 41435, now 41428 , sum entries = 42195 . . . Used time: 0s Expected left time: 0s          
 Analyzing entries 41393 - 41435, now 41429 , sum entries = 42195 . . . Used time: 0s Expected left time: 0s          
 Analyzing entries 41393 - 41435, now 41430 , sum entries = 42195 . . . Used time: 0s Expected left time: 0s          
 Analyzing entries 41393 - 41435, now 41431 , sum entries = 42195 . . . Used time: 0s Expected left time: 0s          
 Analyzing entries 41393 - 41435, now 41432 , sum entries = 42195 . . . Used time: 0s Expected left time: 0s          
 Analyzing entries 41393 - 41435, now 41433 , sum entries = 42195 . . . Used time: 0s Expected left time: 0s          
 Analyzing entries 41393 - 41435, now 41434 , sum entries = 42195 . . . Used time: 0s Expected left time: 0s          
 Save to RootFile /extdisk/zlin/Machine_learning/RecoPlanesFeatures/CMS_herwig_HT1000to1500-preVFP_jinitpt450_600_j2pt80_120Reco/Chunk98_Part1.root . . . Used time: 0s Expected left time: 0s          
 Save to RootFile /extdisk/zlin/Machine_learning/RecoPlanesFeatures/CMS_herwig_HT1000to1500-preVFP_jinitpt450_600_j2pt80_120Reco/Chunk98_Part1.root . . . Used time: 0s Expected left time: 0s          
 Save to RootFile /extdisk/zlin/Machine_learning/RecoPlanesFeatures/CMS_herwig_HT1000to1500-preVFP_jinitpt450_600_j2pt80_120Reco/Chunk98_Part1.root . . . Used time: 0s Expected left time: 0s          
 Save to RootFile /extdisk/zlin/Machine_learning/RecoPlanesFeatures/CMS_herwig_HT1000to1500-preVFP_jinitpt450_600_j2pt80_120Reco/Chunk98_Part1.root . . . Used time: 0s Expected left time: 0s          
 Save to RootFile /extdisk/zlin/Machine_learning/RecoPlanesFeatures/CMS_herwig_HT1000to1500-preVFP_jinitpt450_600_j2pt80_120Reco/Chunk98_Part1.root . . . Used time: 0s Expected left time: 0s          
 Analyzing entries 41435 - 41477, now 41435 , sum entries = 42195 . . . Used time: 0s Expected left time: 0s          
 Analyzing entries 41435 - 41477, now 41436 , sum entries = 42195 . . . Used time: 0s Expected left time: 0s          
 Analyzing entries 41435 - 41477, now 41437 , sum entries = 42195 . . . Used time: 0s Expected left time: 0s          
 Analyzing entries 41435 - 41477, now 41438 , sum entries = 42195 . . . Used time: 0s Expected left time: 0s          
 Analyzing entries 41435 - 41477, now 41439 , sum entries = 42195 . . . Used time: 0s Expected left time: 0s          
 Analyzing entries 41435 - 41477, now 41440 , sum entries = 42195 . . . Used time: 0s Expected left time: 0s          
 Analyzing entries 41435 - 41477, now 41441 , sum entries = 42195 . . . Used time: 0s Expected left time: 0s          
 Analyzing entries 41435 - 41477, now 41442 , sum entries = 42195 . . . Used time: 0s Expected left time: 0s          
 Analyzing entries 41435 - 41477, now 41443 , sum entries = 42195 . . . Used time: 0s Expected left time: 0s          
 Analyzing entries 41435 - 41477, now 41444 , sum entries = 42195 . . . Used time: 0s Expected left time: 0s          
 Analyzing entries 41435 - 41477, now 41445 , sum entries = 42195 . . . Used time: 0s Expected left time: 0s          
 Analyzing entries 41435 - 41477, now 41446 , sum entries = 42195 . . . Used time: 0s Expected left time: 0s          
 Analyzing entries 41435 - 41477, now 41447 , sum entries = 42195 . . . Used time: 0s Expected left time: 0s          
 Analyzing entries 41435 - 41477, now 41448 , sum entries = 42195 . . . Used time: 0s Expected left time: 0s          
 Analyzing entries 41435 - 41477, now 41449 , sum entries = 42195 . . . Used time: 0s Expected left time: 0s          
 Analyzing entries 41435 - 41477, now 41450 , sum entries = 42195 . . . Used time: 0s Expected left time: 0s          
 Analyzing entries 41435 - 41477, now 41451 , sum entries = 42195 . . . Used time: 0s Expected left time: 0s          
 Analyzing entries 41435 - 41477, now 41452 , sum entries = 42195 . . . Used time: 0s Expected left time: 0s          
 Analyzing entries 41435 - 41477, now 41453 , sum entries = 42195 . . . Used time: 0s Expected left time: 0s          
 Analyzing entries 41435 - 41477, now 41454 , sum entries = 42195 . . . Used time: 0s Expected left time: 0s          
 Analyzing entries 41435 - 41477, now 41455 , sum entries = 42195 . . . Used time: 0s Expected left time: 0s          
 Analyzing entries 41435 - 41477, now 41456 , sum entries = 42195 . . . Used time: 0s Expected left time: 0s          
 Analyzing entries 41435 - 41477, now 41457 , sum entries = 42195 . . . Used time: 0s Expected left time: 0s          
 Analyzing entries 41435 - 41477, now 41458 , sum entries = 42195 . . . Used time: 0s Expected left time: 0s          
 Analyzing entries 41435 - 41477, now 41459 , sum entries = 42195 . . . Used time: 0s Expected left time: 0s          
 Analyzing entries 41435 - 41477, now 41460 , sum entries = 42195 . . . Used time: 0s Expected left time: 0s          
 Analyzing entries 41435 - 41477, now 41461 , sum entries = 42195 . . . Used time: 0s Expected left time: 0s          
 Analyzing entries 41435 - 41477, now 41462 , sum entries = 42195 . . . Used time: 0s Expected left time: 0s          
 Analyzing entries 41435 - 41477, now 41463 , sum entries = 42195 . . . Used time: 0s Expected left time: 0s          
 Analyzing entries 41435 - 41477, now 41464 , sum entries = 42195 . . . Used time: 0s Expected left time: 0s          
 Analyzing entries 41435 - 41477, now 41465 , sum entries = 42195 . . . Used time: 0s Expected left time: 0s          
 Analyzing entries 41435 - 41477, now 41466 , sum entries = 42195 . . . Used time: 0s Expected left time: 0s          
 Analyzing entries 41435 - 41477, now 41467 , sum entries = 42195 . . . Used time: 0s Expected left time: 0s          
 Analyzing entries 41435 - 41477, now 41468 , sum entries = 42195 . . . Used time: 0s Expected left time: 0s          
 Analyzing entries 41435 - 41477, now 41469 , sum entries = 42195 . . . Used time: 0s Expected left time: 0s          
 Analyzing entries 41435 - 41477, now 41470 , sum entries = 42195 . . . Used time: 0s Expected left time: 0s          
 Analyzing entries 41435 - 41477, now 41471 , sum entries = 42195 . . . Used time: 0s Expected left time: 0s          
 Analyzing entries 41435 - 41477, now 41472 , sum entries = 42195 . . . Used time: 0s Expected left time: 0s          
 Analyzing entries 41435 - 41477, now 41473 , sum entries = 42195 . . . Used time: 0s Expected left time: 0s          
 Analyzing entries 41435 - 41477, now 41474 , sum entries = 42195 . . . Used time: 0s Expected left time: 0s          
 Analyzing entries 41435 - 41477, now 41475 , sum entries = 42195 . . . Used time: 0s Expected left time: 0s          
 Analyzing entries 41435 - 41477, now 41476 , sum entries = 42195 . . . Used time: 0s Expected left time: 0s          
 Save to RootFile /extdisk/zlin/Machine_learning/RecoPlanesFeatures/CMS_herwig_HT1000to1500-preVFP_jinitpt450_600_j2pt80_120Reco/Chunk98_Part2.root . . . Used time: 0s Expected left time: 0s          
 Save to RootFile /extdisk/zlin/Machine_learning/RecoPlanesFeatures/CMS_herwig_HT1000to1500-preVFP_jinitpt450_600_j2pt80_120Reco/Chunk98_Part2.root . . . Used time: 0s Expected left time: 0s          
 Save to RootFile /extdisk/zlin/Machine_learning/RecoPlanesFeatures/CMS_herwig_HT1000to1500-preVFP_jinitpt450_600_j2pt80_120Reco/Chunk98_Part2.root . . . Used time: 0s Expected left time: 0s          
 Save to RootFile /extdisk/zlin/Machine_learning/RecoPlanesFeatures/CMS_herwig_HT1000to1500-preVFP_jinitpt450_600_j2pt80_120Reco/Chunk98_Part2.root . . . Used time: 0s Expected left time: 0s          
 Save to RootFile /extdisk/zlin/Machine_learning/RecoPlanesFeatures/CMS_herwig_HT1000to1500-preVFP_jinitpt450_600_j2pt80_120Reco/Chunk98_Part2.root . . . Used time: 0s Expected left time: 0s          
 Save to RootFile /extdisk/zlin/Machine_learning/RecoPlanesFeatures/CMS_herwig_HT1000to1500-preVFP_jinitpt450_600_j2pt80_120Reco/Chunk98_Part2.root . . . Used time: 0s Expected left time: 0s          
 Save to RootFile /extdisk/zlin/Machine_learning/RecoPlanesFeatures/CMS_herwig_HT1000to1500-preVFP_jinitpt450_600_j2pt80_120Reco/Chunk98_Part2.root . . . Used time: 0s Expected left time: 0s          
 Analyzing entries 41477 - 41519, now 41477 , sum entries = 42195 . . . Used time: 0s Expected left time: 0s          
 Analyzing entries 41477 - 41519, now 41478 , sum entries = 42195 . . . Used time: 0s Expected left time: 0s          
 Analyzing entries 41477 - 41519, now 41479 , sum entries = 42195 . . . Used time: 0s Expected left time: 0s          
 Analyzing entries 41477 - 41519, now 41480 , sum entries = 42195 . . . Used time: 0s Expected left time: 0s          
 Analyzing entries 41477 - 41519, now 41481 , sum entries = 42195 . . . Used time: 0s Expected left time: 0s          
 Analyzing entries 41477 - 41519, now 41482 , sum entries = 42195 . . . Used time: 0s Expected left time: 0s          
 Analyzing entries 41477 - 41519, now 41483 , sum entries = 42195 . . . Used time: 0s Expected left time: 0s          
 Analyzing entries 41477 - 41519, now 41484 , sum entries = 42195 . . . Used time: 0s Expected left time: 0s          
 Analyzing entries 41477 - 41519, now 41485 , sum entries = 42195 . . . Used time: 0s Expected left time: 0s          
 Analyzing entries 41477 - 41519, now 41486 , sum entries = 42195 . . . Used time: 0s Expected left time: 0s          
 Analyzing entries 41477 - 41519, now 41487 , sum entries = 42195 . . . Used time: 0s Expected left time: 0s          
 Analyzing entries 41477 - 41519, now 41488 , sum entries = 42195 . . . Used time: 0s Expected left time: 0s          
 Analyzing entries 41477 - 41519, now 41489 , sum entries = 42195 . . . Used time: 0s Expected left time: 0s          
 Analyzing entries 41477 - 41519, now 41490 , sum entries = 42195 . . . Used time: 0s Expected left time: 0s          
 Analyzing entries 41477 - 41519, now 41491 , sum entries = 42195 . . . Used time: 0s Expected left time: 0s          
 Analyzing entries 41477 - 41519, now 41492 , sum entries = 42195 . . . Used time: 0s Expected left time: 0s          
 Analyzing entries 41477 - 41519, now 41493 , sum entries = 42195 . . . Used time: 0s Expected left time: 0s          
 Analyzing entries 41477 - 41519, now 41494 , sum entries = 42195 . . . Used time: 0s Expected left time: 0s          
 Analyzing entries 41477 - 41519, now 41495 , sum entries = 42195 . . . Used time: 0s Expected left time: 0s          
 Analyzing entries 41477 - 41519, now 41496 , sum entries = 42195 . . . Used time: 0s Expected left time: 0s          
 Analyzing entries 41477 - 41519, now 41497 , sum entries = 42195 . . . Used time: 0s Expected left time: 0s          
 Analyzing entries 41477 - 41519, now 41498 , sum entries = 42195 . . . Used time: 0s Expected left time: 0s          
 Analyzing entries 41477 - 41519, now 41499 , sum entries = 42195 . . . Used time: 0s Expected left time: 0s          
 Analyzing entries 41477 - 41519, now 41500 , sum entries = 42195 . . . Used time: 0s Expected left time: 0s          
 Analyzing entries 41477 - 41519, now 41501 , sum entries = 42195 . . . Used time: 0s Expected left time: 0s          
 Analyzing entries 41477 - 41519, now 41502 , sum entries = 42195 . . . Used time: 0s Expected left time: 0s          
 Analyzing entries 41477 - 41519, now 41503 , sum entries = 42195 . . . Used time: 0s Expected left time: 0s          
 Analyzing entries 41477 - 41519, now 41504 , sum entries = 42195 . . . Used time: 0s Expected left time: 0s          
 Analyzing entries 41477 - 41519, now 41505 , sum entries = 42195 . . . Used time: 0s Expected left time: 0s          
 Analyzing entries 41477 - 41519, now 41506 , sum entries = 42195 . . . Used time: 0s Expected left time: 0s          
 Analyzing entries 41477 - 41519, now 41507 , sum entries = 42195 . . . Used time: 0s Expected left time: 0s          
 Analyzing entries 41477 - 41519, now 41508 , sum entries = 42195 . . . Used time: 0s Expected left time: 0s          
 Analyzing entries 41477 - 41519, now 41509 , sum entries = 42195 . . . Used time: 0s Expected left time: 0s          
 Analyzing entries 41477 - 41519, now 41510 , sum entries = 42195 . . . Used time: 0s Expected left time: 0s          
 Analyzing entries 41477 - 41519, now 41511 , sum entries = 42195 . . . Used time: 0s Expected left time: 0s          
 Analyzing entries 41477 - 41519, now 41512 , sum entries = 42195 . . . Used time: 0s Expected left time: 0s          
 Analyzing entries 41477 - 41519, now 41513 , sum entries = 42195 . . . Used time: 0s Expected left time: 0s          
 Analyzing entries 41477 - 41519, now 41514 , sum entries = 42195 . . . Used time: 0s Expected left time: 0s          
 Analyzing entries 41477 - 41519, now 41515 , sum entries = 42195 . . . Used time: 0s Expected left time: 0s          
 Analyzing entries 41477 - 41519, now 41516 , sum entries = 42195 . . . Used time: 0s Expected left time: 0s          
 Analyzing entries 41477 - 41519, now 41517 , sum entries = 42195 . . . Used time: 0s Expected left time: 0s          
 Analyzing entries 41477 - 41519, now 41518 , sum entries = 42195 . . . Used time: 0s Expected left time: 0s          
 Save to RootFile /extdisk/zlin/Machine_learning/RecoPlanesFeatures/CMS_herwig_HT1000to1500-preVFP_jinitpt450_600_j2pt80_120Reco/Chunk98_Part3.root . . . Used time: 0s Expected left time: 0s          
 Save to RootFile /extdisk/zlin/Machine_learning/RecoPlanesFeatures/CMS_herwig_HT1000to1500-preVFP_jinitpt450_600_j2pt80_120Reco/Chunk98_Part3.root . . . Used time: 0s Expected left time: 0s          
 Save to RootFile /extdisk/zlin/Machine_learning/RecoPlanesFeatures/CMS_herwig_HT1000to1500-preVFP_jinitpt450_600_j2pt80_120Reco/Chunk98_Part3.root . . . Used time: 0s Expected left time: 0s          
 Save to RootFile /extdisk/zlin/Machine_learning/RecoPlanesFeatures/CMS_herwig_HT1000to1500-preVFP_jinitpt450_600_j2pt80_120Reco/Chunk98_Part3.root . . . Used time: 0s Expected left time: 0s          
 Save to RootFile /extdisk/zlin/Machine_learning/RecoPlanesFeatures/CMS_herwig_HT1000to1500-preVFP_jinitpt450_600_j2pt80_120Reco/Chunk98_Part3.root . . . Used time: 0s Expected left time: 0s          
 Save to RootFile /extdisk/zlin/Machine_learning/RecoPlanesFeatures/CMS_herwig_HT1000to1500-preVFP_jinitpt450_600_j2pt80_120Reco/Chunk98_Part3.root . . . Used time: 0s Expected left time: 0s          
 Analyzing entries 41519 - 41561, now 41519 , sum entries = 42195 . . . Used time: 0s Expected left time: 0s          
 Analyzing entries 41519 - 41561, now 41520 , sum entries = 42195 . . . Used time: 0s Expected left time: 0s          
 Analyzing entries 41519 - 41561, now 41521 , sum entries = 42195 . . . Used time: 0s Expected left time: 0s          
 Analyzing entries 41519 - 41561, now 41522 , sum entries = 42195 . . . Used time: 0s Expected left time: 0s          
 Analyzing entries 41519 - 41561, now 41523 , sum entries = 42195 . . . Used time: 0s Expected left time: 0s          
 Analyzing entries 41519 - 41561, now 41524 , sum entries = 42195 . . . Used time: 0s Expected left time: 0s          
 Analyzing entries 41519 - 41561, now 41525 , sum entries = 42195 . . . Used time: 0s Expected left time: 0s          
 Analyzing entries 41519 - 41561, now 41526 , sum entries = 42195 . . . Used time: 0s Expected left time: 0s          
 Analyzing entries 41519 - 41561, now 41527 , sum entries = 42195 . . . Used time: 0s Expected left time: 0s          
 Analyzing entries 41519 - 41561, now 41528 , sum entries = 42195 . . . Used time: 0s Expected left time: 0s          
 Analyzing entries 41519 - 41561, now 41529 , sum entries = 42195 . . . Used time: 0s Expected left time: 0s          
 Analyzing entries 41519 - 41561, now 41530 , sum entries = 42195 . . . Used time: 0s Expected left time: 0s          
 Analyzing entries 41519 - 41561, now 41531 , sum entries = 42195 . . . Used time: 0s Expected left time: 0s          
 Analyzing entries 41519 - 41561, now 41532 , sum entries = 42195 . . . Used time: 0s Expected left time: 0s          
 Analyzing entries 41519 - 41561, now 41533 , sum entries = 42195 . . . Used time: 0s Expected left time: 0s          
 Analyzing entries 41519 - 41561, now 41534 , sum entries = 42195 . . . Used time: 0s Expected left time: 0s          
 Analyzing entries 41519 - 41561, now 41535 , sum entries = 42195 . . . Used time: 0s Expected left time: 0s          
 Analyzing entries 41519 - 41561, now 41536 , sum entries = 42195 . . . Used time: 0s Expected left time: 0s          
 Analyzing entries 41519 - 41561, now 41537 , sum entries = 42195 . . . Used time: 0s Expected left time: 0s          
 Analyzing entries 41519 - 41561, now 41538 , sum entries = 42195 . . . Used time: 0s Expected left time: 0s          
 Analyzing entries 41519 - 41561, now 41539 , sum entries = 42195 . . . Used time: 0s Expected left time: 0s          
 Analyzing entries 41519 - 41561, now 41540 , sum entries = 42195 . . . Used time: 0s Expected left time: 0s          
 Analyzing entries 41519 - 41561, now 41541 , sum entries = 42195 . . . Used time: 0s Expected left time: 0s          
 Analyzing entries 41519 - 41561, now 41542 , sum entries = 42195 . . . Used time: 0s Expected left time: 0s          
 Analyzing entries 41519 - 41561, now 41543 , sum entries = 42195 . . . Used time: 0s Expected left time: 0s          
 Analyzing entries 41519 - 41561, now 41544 , sum entries = 42195 . . . Used time: 0s Expected left time: 0s          
 Analyzing entries 41519 - 41561, now 41545 , sum entries = 42195 . . . Used time: 0s Expected left time: 0s          
 Analyzing entries 41519 - 41561, now 41546 , sum entries = 42195 . . . Used time: 0s Expected left time: 0s          
 Analyzing entries 41519 - 41561, now 41547 , sum entries = 42195 . . . Used time: 0s Expected left time: 0s          
 Analyzing entries 41519 - 41561, now 41548 , sum entries = 42195 . . . Used time: 0s Expected left time: 0s          
 Analyzing entries 41519 - 41561, now 41549 , sum entries = 42195 . . . Used time: 0s Expected left time: 0s          
 Analyzing entries 41519 - 41561, now 41550 , sum entries = 42195 . . . Used time: 0s Expected left time: 0s          
 Analyzing entries 41519 - 41561, now 41551 , sum entries = 42195 . . . Used time: 0s Expected left time: 0s          
 Analyzing entries 41519 - 41561, now 41552 , sum entries = 42195 . . . Used time: 0s Expected left time: 0s          
 Analyzing entries 41519 - 41561, now 41553 , sum entries = 42195 . . . Used time: 0s Expected left time: 0s          
 Analyzing entries 41519 - 41561, now 41554 , sum entries = 42195 . . . Used time: 0s Expected left time: 0s          
 Analyzing entries 41519 - 41561, now 41555 , sum entries = 42195 . . . Used time: 0s Expected left time: 0s          
 Analyzing entries 41519 - 41561, now 41556 , sum entries = 42195 . . . Used time: 0s Expected left time: 0s          
 Analyzing entries 41519 - 41561, now 41557 , sum entries = 42195 . . . Used time: 0s Expected left time: 0s          
 Analyzing entries 41519 - 41561, now 41558 , sum entries = 42195 . . . Used time: 0s Expected left time: 0s          
 Analyzing entries 41519 - 41561, now 41559 , sum entries = 42195 . . . Used time: 0s Expected left time: 0s          
 Analyzing entries 41519 - 41561, now 41560 , sum entries = 42195 . . . Used time: 0s Expected left time: 0s          
 Save to RootFile /extdisk/zlin/Machine_learning/RecoPlanesFeatures/CMS_herwig_HT1000to1500-preVFP_jinitpt450_600_j2pt80_120Reco/Chunk98_Part4.root . . . Used time: 0s Expected left time: 0s          
 Save to RootFile /extdisk/zlin/Machine_learning/RecoPlanesFeatures/CMS_herwig_HT1000to1500-preVFP_jinitpt450_600_j2pt80_120Reco/Chunk98_Part4.root . . . Used time: 0s Expected left time: 0s          
 Save to RootFile /extdisk/zlin/Machine_learning/RecoPlanesFeatures/CMS_herwig_HT1000to1500-preVFP_jinitpt450_600_j2pt80_120Reco/Chunk98_Part4.root . . . Used time: 0s Expected left time: 0s          
 Save to RootFile /extdisk/zlin/Machine_learning/RecoPlanesFeatures/CMS_herwig_HT1000to1500-preVFP_jinitpt450_600_j2pt80_120Reco/Chunk98_Part4.root . . . Used time: 0s Expected left time: 0s          
 Save to RootFile /extdisk/zlin/Machine_learning/RecoPlanesFeatures/CMS_herwig_HT1000to1500-preVFP_jinitpt450_600_j2pt80_120Reco/Chunk98_Part4.root . . . Used time: 0s Expected left time: 0s          
 Save to RootFile /extdisk/zlin/Machine_learning/RecoPlanesFeatures/CMS_herwig_HT1000to1500-preVFP_jinitpt450_600_j2pt80_120Reco/Chunk98_Part4.root . . . Used time: 0s Expected left time: 0s          
 Analyzing entries 41562 - 41604, now 41562 , sum entries = 42195 . . . Used time: 0s Expected left time: 0s          
 Analyzing entries 41562 - 41604, now 41563 , sum entries = 42195 . . . Used time: 0s Expected left time: 0s          
 Analyzing entries 41562 - 41604, now 41564 , sum entries = 42195 . . . Used time: 0s Expected left time: 0s          
 Analyzing entries 41562 - 41604, now 41565 , sum entries = 42195 . . . Used time: 0s Expected left time: 0s          
 Analyzing entries 41562 - 41604, now 41566 , sum entries = 42195 . . . Used time: 0s Expected left time: 0s          
 Analyzing entries 41562 - 41604, now 41567 , sum entries = 42195 . . . Used time: 0s Expected left time: 0s          
 Analyzing entries 41562 - 41604, now 41568 , sum entries = 42195 . . . Used time: 0s Expected left time: 0s          
 Analyzing entries 41562 - 41604, now 41569 , sum entries = 42195 . . . Used time: 0s Expected left time: 0s          
 Analyzing entries 41562 - 41604, now 41570 , sum entries = 42195 . . . Used time: 0s Expected left time: 0s          
 Analyzing entries 41562 - 41604, now 41571 , sum entries = 42195 . . . Used time: 0s Expected left time: 0s          
 Analyzing entries 41562 - 41604, now 41572 , sum entries = 42195 . . . Used time: 0s Expected left time: 0s          
 Analyzing entries 41562 - 41604, now 41573 , sum entries = 42195 . . . Used time: 0s Expected left time: 0s          
 Analyzing entries 41562 - 41604, now 41574 , sum entries = 42195 . . . Used time: 0s Expected left time: 0s          
 Analyzing entries 41562 - 41604, now 41575 , sum entries = 42195 . . . Used time: 0s Expected left time: 0s          
 Analyzing entries 41562 - 41604, now 41576 , sum entries = 42195 . . . Used time: 0s Expected left time: 0s          
 Analyzing entries 41562 - 41604, now 41577 , sum entries = 42195 . . . Used time: 0s Expected left time: 0s          
 Analyzing entries 41562 - 41604, now 41578 , sum entries = 42195 . . . Used time: 0s Expected left time: 0s          
 Analyzing entries 41562 - 41604, now 41579 , sum entries = 42195 . . . Used time: 0s Expected left time: 0s          
 Analyzing entries 41562 - 41604, now 41580 , sum entries = 42195 . . . Used time: 0s Expected left time: 0s          
 Analyzing entries 41562 - 41604, now 41581 , sum entries = 42195 . . . Used time: 0s Expected left time: 0s          
 Analyzing entries 41562 - 41604, now 41582 , sum entries = 42195 . . . Used time: 0s Expected left time: 0s          
 Analyzing entries 41562 - 41604, now 41583 , sum entries = 42195 . . . Used time: 0s Expected left time: 0s          
 Analyzing entries 41562 - 41604, now 41584 , sum entries = 42195 . . . Used time: 0s Expected left time: 0s          
 Analyzing entries 41562 - 41604, now 41585 , sum entries = 42195 . . . Used time: 0s Expected left time: 0s          
 Analyzing entries 41562 - 41604, now 41586 , sum entries = 42195 . . . Used time: 0s Expected left time: 0s          
 Analyzing entries 41562 - 41604, now 41587 , sum entries = 42195 . . . Used time: 0s Expected left time: 0s          
 Analyzing entries 41562 - 41604, now 41588 , sum entries = 42195 . . . Used time: 0s Expected left time: 0s          
 Analyzing entries 41562 - 41604, now 41589 , sum entries = 42195 . . . Used time: 0s Expected left time: 0s          
 Analyzing entries 41562 - 41604, now 41590 , sum entries = 42195 . . . Used time: 0s Expected left time: 0s          
 Analyzing entries 41562 - 41604, now 41591 , sum entries = 42195 . . . Used time: 0s Expected left time: 0s          
 Analyzing entries 41562 - 41604, now 41592 , sum entries = 42195 . . . Used time: 0s Expected left time: 0s          
 Analyzing entries 41562 - 41604, now 41593 , sum entries = 42195 . . . Used time: 0s Expected left time: 0s          
 Analyzing entries 41562 - 41604, now 41594 , sum entries = 42195 . . . Used time: 0s Expected left time: 0s          
 Analyzing entries 41562 - 41604, now 41595 , sum entries = 42195 . . . Used time: 0s Expected left time: 0s          
 Analyzing entries 41562 - 41604, now 41596 , sum entries = 42195 . . . Used time: 0s Expected left time: 0s          
 Analyzing entries 41562 - 41604, now 41597 , sum entries = 42195 . . . Used time: 0s Expected left time: 0s          
 Analyzing entries 41562 - 41604, now 41598 , sum entries = 42195 . . . Used time: 0s Expected left time: 0s          
 Analyzing entries 41562 - 41604, now 41599 , sum entries = 42195 . . . Used time: 0s Expected left time: 0s          
 Analyzing entries 41562 - 41604, now 41600 , sum entries = 42195 . . . Used time: 0s Expected left time: 0s          
 Analyzing entries 41562 - 41604, now 41601 , sum entries = 42195 . . . Used time: 0s Expected left time: 0s          
 Analyzing entries 41562 - 41604, now 41602 , sum entries = 42195 . . . Used time: 0s Expected left time: 0s          
 Analyzing entries 41562 - 41604, now 41603 , sum entries = 42195 . . . Used time: 0s Expected left time: 0s          
 Save to RootFile /extdisk/zlin/Machine_learning/RecoPlanesFeatures/CMS_herwig_HT1000to1500-preVFP_jinitpt450_600_j2pt80_120Reco/Chunk98_Part5.root . . . Used time: 0s Expected left time: 0s          
 Save to RootFile /extdisk/zlin/Machine_learning/RecoPlanesFeatures/CMS_herwig_HT1000to1500-preVFP_jinitpt450_600_j2pt80_120Reco/Chunk98_Part5.root . . . Used time: 0s Expected left time: 0s          
 Save to RootFile /extdisk/zlin/Machine_learning/RecoPlanesFeatures/CMS_herwig_HT1000to1500-preVFP_jinitpt450_600_j2pt80_120Reco/Chunk98_Part5.root . . . Used time: 0s Expected left time: 0s          
 Save to RootFile /extdisk/zlin/Machine_learning/RecoPlanesFeatures/CMS_herwig_HT1000to1500-preVFP_jinitpt450_600_j2pt80_120Reco/Chunk98_Part5.root . . . Used time: 0s Expected left time: 0s          
 Save to RootFile /extdisk/zlin/Machine_learning/RecoPlanesFeatures/CMS_herwig_HT1000to1500-preVFP_jinitpt450_600_j2pt80_120Reco/Chunk98_Part5.root . . . Used time: 0s Expected left time: 0s          
 Save to RootFile /extdisk/zlin/Machine_learning/RecoPlanesFeatures/CMS_herwig_HT1000to1500-preVFP_jinitpt450_600_j2pt80_120Reco/Chunk98_Part5.root . . . Used time: 0s Expected left time: 0s          
 Save to RootFile /extdisk/zlin/Machine_learning/RecoPlanesFeatures/CMS_herwig_HT1000to1500-preVFP_jinitpt450_600_j2pt80_120Reco/Chunk98_Part5.root . . . Used time: 0s Expected left time: 0s          
 Save to RootFile /extdisk/zlin/Machine_learning/RecoPlanesFeatures/CMS_herwig_HT1000to1500-preVFP_jinitpt450_600_j2pt80_120Reco/Chunk98_Part5.root . . . Used time: 0s Expected left time: 0s          
 Save to RootFile /extdisk/zlin/Machine_learning/RecoPlanesFeatures/CMS_herwig_HT1000to1500-preVFP_jinitpt450_600_j2pt80_120Reco/Chunk98_Part5.root . . . Used time: 0s Expected left time: 0s          
 Analyzing entries 41604 - 41646, now 41604 , sum entries = 42195 . . . Used time: 0s Expected left time: 0s          
 Analyzing entries 41604 - 41646, now 41605 , sum entries = 42195 . . . Used time: 0s Expected left time: 0s          
 Analyzing entries 41604 - 41646, now 41606 , sum entries = 42195 . . . Used time: 0s Expected left time: 0s          
 Analyzing entries 41604 - 41646, now 41607 , sum entries = 42195 . . . Used time: 0s Expected left time: 0s          
 Analyzing entries 41604 - 41646, now 41608 , sum entries = 42195 . . . Used time: 0s Expected left time: 0s          
 Analyzing entries 41604 - 41646, now 41609 , sum entries = 42195 . . . Used time: 0s Expected left time: 0s          
 Analyzing entries 41604 - 41646, now 41610 , sum entries = 42195 . . . Used time: 0s Expected left time: 0s          
 Analyzing entries 41604 - 41646, now 41611 , sum entries = 42195 . . . Used time: 0s Expected left time: 0s          
 Analyzing entries 41604 - 41646, now 41612 , sum entries = 42195 . . . Used time: 0s Expected left time: 0s          
 Analyzing entries 41604 - 41646, now 41613 , sum entries = 42195 . . . Used time: 0s Expected left time: 0s          
 Analyzing entries 41604 - 41646, now 41614 , sum entries = 42195 . . . Used time: 0s Expected left time: 0s          
 Analyzing entries 41604 - 41646, now 41615 , sum entries = 42195 . . . Used time: 0s Expected left time: 0s          
 Analyzing entries 41604 - 41646, now 41616 , sum entries = 42195 . . . Used time: 0s Expected left time: 0s          
 Analyzing entries 41604 - 41646, now 41617 , sum entries = 42195 . . . Used time: 0s Expected left time: 0s          
 Analyzing entries 41604 - 41646, now 41618 , sum entries = 42195 . . . Used time: 0s Expected left time: 0s          
 Analyzing entries 41604 - 41646, now 41619 , sum entries = 42195 . . . Used time: 0s Expected left time: 0s          
 Analyzing entries 41604 - 41646, now 41620 , sum entries = 42195 . . . Used time: 0s Expected left time: 0s          
 Analyzing entries 41604 - 41646, now 41621 , sum entries = 42195 . . . Used time: 0s Expected left time: 0s          
 Analyzing entries 41604 - 41646, now 41622 , sum entries = 42195 . . . Used time: 0s Expected left time: 0s          
 Analyzing entries 41604 - 41646, now 41623 , sum entries = 42195 . . . Used time: 0s Expected left time: 0s          
 Analyzing entries 41604 - 41646, now 41624 , sum entries = 42195 . . . Used time: 0s Expected left time: 0s          
 Analyzing entries 41604 - 41646, now 41625 , sum entries = 42195 . . . Used time: 0s Expected left time: 0s          
 Analyzing entries 41604 - 41646, now 41626 , sum entries = 42195 . . . Used time: 0s Expected left time: 0s          
 Analyzing entries 41604 - 41646, now 41627 , sum entries = 42195 . . . Used time: 0s Expected left time: 0s          
 Analyzing entries 41604 - 41646, now 41628 , sum entries = 42195 . . . Used time: 0s Expected left time: 0s          
 Analyzing entries 41604 - 41646, now 41629 , sum entries = 42195 . . . Used time: 0s Expected left time: 0s          
 Analyzing entries 41604 - 41646, now 41630 , sum entries = 42195 . . . Used time: 0s Expected left time: 0s          
 Analyzing entries 41604 - 41646, now 41631 , sum entries = 42195 . . . Used time: 0s Expected left time: 0s          
 Analyzing entries 41604 - 41646, now 41632 , sum entries = 42195 . . . Used time: 0s Expected left time: 0s          
 Analyzing entries 41604 - 41646, now 41633 , sum entries = 42195 . . . Used time: 0s Expected left time: 0s          
 Analyzing entries 41604 - 41646, now 41634 , sum entries = 42195 . . . Used time: 0s Expected left time: 0s          
 Analyzing entries 41604 - 41646, now 41635 , sum entries = 42195 . . . Used time: 0s Expected left time: 0s          
 Analyzing entries 41604 - 41646, now 41636 , sum entries = 42195 . . . Used time: 0s Expected left time: 0s          
 Analyzing entries 41604 - 41646, now 41637 , sum entries = 42195 . . . Used time: 0s Expected left time: 0s          
 Analyzing entries 41604 - 41646, now 41638 , sum entries = 42195 . . . Used time: 0s Expected left time: 0s          
 Analyzing entries 41604 - 41646, now 41639 , sum entries = 42195 . . . Used time: 0s Expected left time: 0s          
 Analyzing entries 41604 - 41646, now 41640 , sum entries = 42195 . . . Used time: 0s Expected left time: 0s          
 Analyzing entries 41604 - 41646, now 41641 , sum entries = 42195 . . . Used time: 0s Expected left time: 0s          
 Analyzing entries 41604 - 41646, now 41642 , sum entries = 42195 . . . Used time: 0s Expected left time: 0s          
 Analyzing entries 41604 - 41646, now 41643 , sum entries = 42195 . . . Used time: 0s Expected left time: 0s          
 Analyzing entries 41604 - 41646, now 41644 , sum entries = 42195 . . . Used time: 0s Expected left time: 0s          
 Analyzing entries 41604 - 41646, now 41645 , sum entries = 42195 . . . Used time: 0s Expected left time: 0s          
 Save to RootFile /extdisk/zlin/Machine_learning/RecoPlanesFeatures/CMS_herwig_HT1000to1500-preVFP_jinitpt450_600_j2pt80_120Reco/Chunk98_Part6.root . . . Used time: 0s Expected left time: 0s          
 Save to RootFile /extdisk/zlin/Machine_learning/RecoPlanesFeatures/CMS_herwig_HT1000to1500-preVFP_jinitpt450_600_j2pt80_120Reco/Chunk98_Part6.root . . . Used time: 0s Expected left time: 0s          
 Save to RootFile /extdisk/zlin/Machine_learning/RecoPlanesFeatures/CMS_herwig_HT1000to1500-preVFP_jinitpt450_600_j2pt80_120Reco/Chunk98_Part6.root . . . Used time: 0s Expected left time: 0s          
 Save to RootFile /extdisk/zlin/Machine_learning/RecoPlanesFeatures/CMS_herwig_HT1000to1500-preVFP_jinitpt450_600_j2pt80_120Reco/Chunk98_Part6.root . . . Used time: 0s Expected left time: 0s          
 Save to RootFile /extdisk/zlin/Machine_learning/RecoPlanesFeatures/CMS_herwig_HT1000to1500-preVFP_jinitpt450_600_j2pt80_120Reco/Chunk98_Part6.root . . . Used time: 0s Expected left time: 0s          
 Analyzing entries 41646 - 41688, now 41646 , sum entries = 42195 . . . Used time: 0s Expected left time: 0s          
 Analyzing entries 41646 - 41688, now 41647 , sum entries = 42195 . . . Used time: 0s Expected left time: 0s          
 Analyzing entries 41646 - 41688, now 41648 , sum entries = 42195 . . . Used time: 0s Expected left time: 0s          
 Analyzing entries 41646 - 41688, now 41649 , sum entries = 42195 . . . Used time: 0s Expected left time: 0s          
 Analyzing entries 41646 - 41688, now 41650 , sum entries = 42195 . . . Used time: 0s Expected left time: 0s          
 Analyzing entries 41646 - 41688, now 41651 , sum entries = 42195 . . . Used time: 0s Expected left time: 0s          
 Analyzing entries 41646 - 41688, now 41652 , sum entries = 42195 . . . Used time: 0s Expected left time: 0s          
 Analyzing entries 41646 - 41688, now 41653 , sum entries = 42195 . . . Used time: 0s Expected left time: 0s          
 Analyzing entries 41646 - 41688, now 41654 , sum entries = 42195 . . . Used time: 0s Expected left time: 0s          
 Analyzing entries 41646 - 41688, now 41655 , sum entries = 42195 . . . Used time: 0s Expected left time: 0s          
 Analyzing entries 41646 - 41688, now 41656 , sum entries = 42195 . . . Used time: 0s Expected left time: 0s          
 Analyzing entries 41646 - 41688, now 41657 , sum entries = 42195 . . . Used time: 0s Expected left time: 0s          
 Analyzing entries 41646 - 41688, now 41658 , sum entries = 42195 . . . Used time: 0s Expected left time: 0s          
 Analyzing entries 41646 - 41688, now 41659 , sum entries = 42195 . . . Used time: 0s Expected left time: 0s          
 Analyzing entries 41646 - 41688, now 41660 , sum entries = 42195 . . . Used time: 0s Expected left time: 0s          
 Analyzing entries 41646 - 41688, now 41661 , sum entries = 42195 . . . Used time: 0s Expected left time: 0s          
 Analyzing entries 41646 - 41688, now 41662 , sum entries = 42195 . . . Used time: 0s Expected left time: 0s          
 Analyzing entries 41646 - 41688, now 41663 , sum entries = 42195 . . . Used time: 0s Expected left time: 0s          
 Analyzing entries 41646 - 41688, now 41664 , sum entries = 42195 . . . Used time: 0s Expected left time: 0s          
 Analyzing entries 41646 - 41688, now 41665 , sum entries = 42195 . . . Used time: 0s Expected left time: 0s          
 Analyzing entries 41646 - 41688, now 41666 , sum entries = 42195 . . . Used time: 0s Expected left time: 0s          
 Analyzing entries 41646 - 41688, now 41667 , sum entries = 42195 . . . Used time: 0s Expected left time: 0s          
 Analyzing entries 41646 - 41688, now 41668 , sum entries = 42195 . . . Used time: 0s Expected left time: 0s          
 Analyzing entries 41646 - 41688, now 41669 , sum entries = 42195 . . . Used time: 0s Expected left time: 0s          
 Analyzing entries 41646 - 41688, now 41670 , sum entries = 42195 . . . Used time: 0s Expected left time: 0s          
 Analyzing entries 41646 - 41688, now 41671 , sum entries = 42195 . . . Used time: 0s Expected left time: 0s          
 Analyzing entries 41646 - 41688, now 41672 , sum entries = 42195 . . . Used time: 0s Expected left time: 0s          
 Analyzing entries 41646 - 41688, now 41673 , sum entries = 42195 . . . Used time: 0s Expected left time: 0s          
 Analyzing entries 41646 - 41688, now 41674 , sum entries = 42195 . . . Used time: 0s Expected left time: 0s          
 Analyzing entries 41646 - 41688, now 41675 , sum entries = 42195 . . . Used time: 0s Expected left time: 0s          
 Analyzing entries 41646 - 41688, now 41676 , sum entries = 42195 . . . Used time: 0s Expected left time: 0s          
 Analyzing entries 41646 - 41688, now 41677 , sum entries = 42195 . . . Used time: 0s Expected left time: 0s          
 Analyzing entries 41646 - 41688, now 41678 , sum entries = 42195 . . . Used time: 0s Expected left time: 0s          
 Analyzing entries 41646 - 41688, now 41679 , sum entries = 42195 . . . Used time: 0s Expected left time: 0s          
 Analyzing entries 41646 - 41688, now 41680 , sum entries = 42195 . . . Used time: 0s Expected left time: 0s          
 Analyzing entries 41646 - 41688, now 41681 , sum entries = 42195 . . . Used time: 0s Expected left time: 0s          
 Analyzing entries 41646 - 41688, now 41682 , sum entries = 42195 . . . Used time: 0s Expected left time: 0s          
 Analyzing entries 41646 - 41688, now 41683 , sum entries = 42195 . . . Used time: 0s Expected left time: 0s          
 Analyzing entries 41646 - 41688, now 41684 , sum entries = 42195 . . . Used time: 0s Expected left time: 0s          
 Analyzing entries 41646 - 41688, now 41685 , sum entries = 42195 . . . Used time: 0s Expected left time: 0s          
 Analyzing entries 41646 - 41688, now 41686 , sum entries = 42195 . . . Used time: 0s Expected left time: 0s          
 Analyzing entries 41646 - 41688, now 41687 , sum entries = 42195 . . . Used time: 0s Expected left time: 0s          
 Save to RootFile /extdisk/zlin/Machine_learning/RecoPlanesFeatures/CMS_herwig_HT1000to1500-preVFP_jinitpt450_600_j2pt80_120Reco/Chunk98_Part7.root . . . Used time: 0s Expected left time: 0s          
 Save to RootFile /extdisk/zlin/Machine_learning/RecoPlanesFeatures/CMS_herwig_HT1000to1500-preVFP_jinitpt450_600_j2pt80_120Reco/Chunk98_Part7.root . . . Used time: 0s Expected left time: 0s          
 Analyzing entries 41688 - 41730, now 41688 , sum entries = 42195 . . . Used time: 0s Expected left time: 0s          
 Analyzing entries 41688 - 41730, now 41689 , sum entries = 42195 . . . Used time: 0s Expected left time: 0s          
 Analyzing entries 41688 - 41730, now 41690 , sum entries = 42195 . . . Used time: 0s Expected left time: 0s          
 Analyzing entries 41688 - 41730, now 41691 , sum entries = 42195 . . . Used time: 0s Expected left time: 0s          
 Analyzing entries 41688 - 41730, now 41692 , sum entries = 42195 . . . Used time: 0s Expected left time: 0s          
 Analyzing entries 41688 - 41730, now 41693 , sum entries = 42195 . . . Used time: 0s Expected left time: 0s          
 Analyzing entries 41688 - 41730, now 41694 , sum entries = 42195 . . . Used time: 0s Expected left time: 0s          
 Analyzing entries 41688 - 41730, now 41695 , sum entries = 42195 . . . Used time: 0s Expected left time: 0s          
 Analyzing entries 41688 - 41730, now 41696 , sum entries = 42195 . . . Used time: 0s Expected left time: 0s          
 Analyzing entries 41688 - 41730, now 41697 , sum entries = 42195 . . . Used time: 0s Expected left time: 0s          
 Analyzing entries 41688 - 41730, now 41698 , sum entries = 42195 . . . Used time: 0s Expected left time: 0s          
 Analyzing entries 41688 - 41730, now 41699 , sum entries = 42195 . . . Used time: 0s Expected left time: 0s          
 Analyzing entries 41688 - 41730, now 41700 , sum entries = 42195 . . . Used time: 0s Expected left time: 0s          
 Analyzing entries 41688 - 41730, now 41701 , sum entries = 42195 . . . Used time: 0s Expected left time: 0s          
 Analyzing entries 41688 - 41730, now 41702 , sum entries = 42195 . . . Used time: 0s Expected left time: 0s          
 Analyzing entries 41688 - 41730, now 41703 , sum entries = 42195 . . . Used time: 0s Expected left time: 0s          
 Analyzing entries 41688 - 41730, now 41704 , sum entries = 42195 . . . Used time: 0s Expected left time: 0s          
 Analyzing entries 41688 - 41730, now 41705 , sum entries = 42195 . . . Used time: 0s Expected left time: 0s          
 Analyzing entries 41688 - 41730, now 41706 , sum entries = 42195 . . . Used time: 0s Expected left time: 0s          
 Analyzing entries 41688 - 41730, now 41707 , sum entries = 42195 . . . Used time: 0s Expected left time: 0s          
 Analyzing entries 41688 - 41730, now 41708 , sum entries = 42195 . . . Used time: 0s Expected left time: 0s          
 Analyzing entries 41688 - 41730, now 41709 , sum entries = 42195 . . . Used time: 0s Expected left time: 0s          
 Analyzing entries 41688 - 41730, now 41710 , sum entries = 42195 . . . Used time: 0s Expected left time: 0s          
 Analyzing entries 41688 - 41730, now 41711 , sum entries = 42195 . . . Used time: 0s Expected left time: 0s          
 Analyzing entries 41688 - 41730, now 41712 , sum entries = 42195 . . . Used time: 0s Expected left time: 0s          
 Analyzing entries 41688 - 41730, now 41713 , sum entries = 42195 . . . Used time: 0s Expected left time: 0s          
 Analyzing entries 41688 - 41730, now 41714 , sum entries = 42195 . . . Used time: 0s Expected left time: 0s          
 Analyzing entries 41688 - 41730, now 41715 , sum entries = 42195 . . . Used time: 0s Expected left time: 0s          
 Analyzing entries 41688 - 41730, now 41716 , sum entries = 42195 . . . Used time: 0s Expected left time: 0s          
 Analyzing entries 41688 - 41730, now 41717 , sum entries = 42195 . . . Used time: 0s Expected left time: 0s          
 Analyzing entries 41688 - 41730, now 41718 , sum entries = 42195 . . . Used time: 0s Expected left time: 0s          
 Analyzing entries 41688 - 41730, now 41719 , sum entries = 42195 . . . Used time: 0s Expected left time: 0s          
 Analyzing entries 41688 - 41730, now 41720 , sum entries = 42195 . . . Used time: 0s Expected left time: 0s          
 Analyzing entries 41688 - 41730, now 41721 , sum entries = 42195 . . . Used time: 0s Expected left time: 0s          
 Analyzing entries 41688 - 41730, now 41722 , sum entries = 42195 . . . Used time: 0s Expected left time: 0s          
 Analyzing entries 41688 - 41730, now 41723 , sum entries = 42195 . . . Used time: 0s Expected left time: 0s          
 Analyzing entries 41688 - 41730, now 41724 , sum entries = 42195 . . . Used time: 0s Expected left time: 0s          
 Analyzing entries 41688 - 41730, now 41725 , sum entries = 42195 . . . Used time: 0s Expected left time: 0s          
 Analyzing entries 41688 - 41730, now 41726 , sum entries = 42195 . . . Used time: 0s Expected left time: 0s          
 Analyzing entries 41688 - 41730, now 41727 , sum entries = 42195 . . . Used time: 0s Expected left time: 0s          
 Analyzing entries 41688 - 41730, now 41728 , sum entries = 42195 . . . Used time: 0s Expected left time: 0s          
 Analyzing entries 41688 - 41730, now 41729 , sum entries = 42195 . . . Used time: 0s Expected left time: 0s          
 Save to RootFile /extdisk/zlin/Machine_learning/RecoPlanesFeatures/CMS_herwig_HT1000to1500-preVFP_jinitpt450_600_j2pt80_120Reco/Chunk98_Part8.root . . . Used time: 0s Expected left time: 0s          
 Save to RootFile /extdisk/zlin/Machine_learning/RecoPlanesFeatures/CMS_herwig_HT1000to1500-preVFP_jinitpt450_600_j2pt80_120Reco/Chunk98_Part8.root . . . Used time: 0s Expected left time: 0s          
 Save to RootFile /extdisk/zlin/Machine_learning/RecoPlanesFeatures/CMS_herwig_HT1000to1500-preVFP_jinitpt450_600_j2pt80_120Reco/Chunk98_Part8.root . . . Used time: 0s Expected left time: 0s          
 Save to RootFile /extdisk/zlin/Machine_learning/RecoPlanesFeatures/CMS_herwig_HT1000to1500-preVFP_jinitpt450_600_j2pt80_120Reco/Chunk98_Part8.root . . . Used time: 0s Expected left time: 0s          
 Save to RootFile /extdisk/zlin/Machine_learning/RecoPlanesFeatures/CMS_herwig_HT1000to1500-preVFP_jinitpt450_600_j2pt80_120Reco/Chunk98_Part8.root . . . Used time: 0s Expected left time: 0s          
 Analyzing entries 41730 - 41772, now 41730 , sum entries = 42195 . . . Used time: 0s Expected left time: 0s          
 Analyzing entries 41730 - 41772, now 41731 , sum entries = 42195 . . . Used time: 0s Expected left time: 0s          
 Analyzing entries 41730 - 41772, now 41732 , sum entries = 42195 . . . Used time: 0s Expected left time: 0s          
 Analyzing entries 41730 - 41772, now 41733 , sum entries = 42195 . . . Used time: 0s Expected left time: 0s          
 Analyzing entries 41730 - 41772, now 41734 , sum entries = 42195 . . . Used time: 0s Expected left time: 0s          
 Analyzing entries 41730 - 41772, now 41735 , sum entries = 42195 . . . Used time: 0s Expected left time: 0s          
 Analyzing entries 41730 - 41772, now 41736 , sum entries = 42195 . . . Used time: 0s Expected left time: 0s          
 Analyzing entries 41730 - 41772, now 41737 , sum entries = 42195 . . . Used time: 0s Expected left time: 0s          
 Analyzing entries 41730 - 41772, now 41738 , sum entries = 42195 . . . Used time: 0s Expected left time: 0s          
 Analyzing entries 41730 - 41772, now 41739 , sum entries = 42195 . . . Used time: 0s Expected left time: 0s          
 Analyzing entries 41730 - 41772, now 41740 , sum entries = 42195 . . . Used time: 0s Expected left time: 0s          
 Analyzing entries 41730 - 41772, now 41741 , sum entries = 42195 . . . Used time: 0s Expected left time: 0s          
 Analyzing entries 41730 - 41772, now 41742 , sum entries = 42195 . . . Used time: 0s Expected left time: 0s          
 Analyzing entries 41730 - 41772, now 41743 , sum entries = 42195 . . . Used time: 0s Expected left time: 0s          
 Analyzing entries 41730 - 41772, now 41744 , sum entries = 42195 . . . Used time: 0s Expected left time: 0s          
 Analyzing entries 41730 - 41772, now 41745 , sum entries = 42195 . . . Used time: 0s Expected left time: 0s          
 Analyzing entries 41730 - 41772, now 41746 , sum entries = 42195 . . . Used time: 0s Expected left time: 0s          
 Analyzing entries 41730 - 41772, now 41747 , sum entries = 42195 . . . Used time: 0s Expected left time: 0s          
 Analyzing entries 41730 - 41772, now 41748 , sum entries = 42195 . . . Used time: 0s Expected left time: 0s          
 Analyzing entries 41730 - 41772, now 41749 , sum entries = 42195 . . . Used time: 0s Expected left time: 0s          
 Analyzing entries 41730 - 41772, now 41750 , sum entries = 42195 . . . Used time: 0s Expected left time: 0s          
 Analyzing entries 41730 - 41772, now 41751 , sum entries = 42195 . . . Used time: 0s Expected left time: 0s          
 Analyzing entries 41730 - 41772, now 41752 , sum entries = 42195 . . . Used time: 0s Expected left time: 0s          
 Analyzing entries 41730 - 41772, now 41753 , sum entries = 42195 . . . Used time: 0s Expected left time: 0s          
 Analyzing entries 41730 - 41772, now 41754 , sum entries = 42195 . . . Used time: 0s Expected left time: 0s          
 Analyzing entries 41730 - 41772, now 41755 , sum entries = 42195 . . . Used time: 0s Expected left time: 0s          
 Analyzing entries 41730 - 41772, now 41756 , sum entries = 42195 . . . Used time: 0s Expected left time: 0s          
 Analyzing entries 41730 - 41772, now 41757 , sum entries = 42195 . . . Used time: 0s Expected left time: 0s          
 Analyzing entries 41730 - 41772, now 41758 , sum entries = 42195 . . . Used time: 0s Expected left time: 0s          
 Analyzing entries 41730 - 41772, now 41759 , sum entries = 42195 . . . Used time: 0s Expected left time: 0s          
 Analyzing entries 41730 - 41772, now 41760 , sum entries = 42195 . . . Used time: 0s Expected left time: 0s          
 Analyzing entries 41730 - 41772, now 41761 , sum entries = 42195 . . . Used time: 0s Expected left time: 0s          
 Analyzing entries 41730 - 41772, now 41762 , sum entries = 42195 . . . Used time: 0s Expected left time: 0s          
 Analyzing entries 41730 - 41772, now 41763 , sum entries = 42195 . . . Used time: 0s Expected left time: 0s          
 Analyzing entries 41730 - 41772, now 41764 , sum entries = 42195 . . . Used time: 0s Expected left time: 0s          
 Analyzing entries 41730 - 41772, now 41765 , sum entries = 42195 . . . Used time: 0s Expected left time: 0s          
 Analyzing entries 41730 - 41772, now 41766 , sum entries = 42195 . . . Used time: 0s Expected left time: 0s          
 Analyzing entries 41730 - 41772, now 41767 , sum entries = 42195 . . . Used time: 0s Expected left time: 0s          
 Analyzing entries 41730 - 41772, now 41768 , sum entries = 42195 . . . Used time: 0s Expected left time: 0s          
 Analyzing entries 41730 - 41772, now 41769 , sum entries = 42195 . . . Used time: 0s Expected left time: 0s          
 Analyzing entries 41730 - 41772, now 41770 , sum entries = 42195 . . . Used time: 0s Expected left time: 0s          
 Analyzing entries 41730 - 41772, now 41771 , sum entries = 42195 . . . Used time: 0s Expected left time: 0s          
 Save to RootFile /extdisk/zlin/Machine_learning/RecoPlanesFeatures/CMS_herwig_HT1000to1500-preVFP_jinitpt450_600_j2pt80_120Reco/Chunk98_Part9.root . . . Used time: 0s Expected left time: 0s          
 Save to RootFile /extdisk/zlin/Machine_learning/RecoPlanesFeatures/CMS_herwig_HT1000to1500-preVFP_jinitpt450_600_j2pt80_120Reco/Chunk98_Part9.root . . . Used time: 0s Expected left time: 0s          
 Save to RootFile /extdisk/zlin/Machine_learning/RecoPlanesFeatures/CMS_herwig_HT1000to1500-preVFP_jinitpt450_600_j2pt80_120Reco/Chunk98_Part9.root . . . Used time: 0s Expected left time: 0s          
 Save to RootFile /extdisk/zlin/Machine_learning/RecoPlanesFeatures/CMS_herwig_HT1000to1500-preVFP_jinitpt450_600_j2pt80_120Reco/Chunk98_Part9.root . . . Used time: 0s Expected left time: 0s          
 Save to RootFile /extdisk/zlin/Machine_learning/RecoPlanesFeatures/CMS_herwig_HT1000to1500-preVFP_jinitpt450_600_j2pt80_120Reco/Chunk98_Part9.root . . . Used time: 0s Expected left time: 0s          
 Save to RootFile /extdisk/zlin/Machine_learning/RecoPlanesFeatures/CMS_herwig_HT1000to1500-preVFP_jinitpt450_600_j2pt80_120Reco/Chunk98_Part9.root . . . Used time: 0s Expected left time: 0s          
 Save to RootFile /extdisk/zlin/Machine_learning/RecoPlanesFeatures/CMS_herwig_HT1000to1500-preVFP_jinitpt450_600_j2pt80_120Reco/Chunk98_Part9.root . . . Used time: 0s Expected left time: 0s          
