Warning in <TFile::Init>: file /extdisk/zlin/Machine_learning/RecoPlanes/CMS_herwig_HT1000to1500-preVFP/Chunk19_Part0.root probably not closed, trying to recover
Warning in <TFile::Init>: no keys recovered, file has been made a Zombie
Warning in <TFile::Init>: file /extdisk/zlin/Machine_learning/RecoPlanes/CMS_herwig_HT1000to1500-preVFP/Chunk20_Part0.root probably not closed, trying to recover
Warning in <TFile::Init>: no keys recovered, file has been made a Zombie
Warning in <TFile::Init>: file /extdisk/zlin/Machine_learning/RecoPlanes/CMS_herwig_HT1000to1500-preVFP/Chunk25_Part0.root probably not closed, trying to recover
Info in <TFile::Recover>: /extdisk/zlin/Machine_learning/RecoPlanes/CMS_herwig_HT1000to1500-preVFP/Chunk25_Part0.root, recovered key TTree:DataInfo at address 2166339
Warning in <TFile::Init>: successfully recovered 1 keys
Warning in <TFile::Init>: file /extdisk/zlin/Machine_learning/RecoPlanes/CMS_herwig_HT1000to1500-preVFP/Chunk26_Part0.root probably not closed, trying to recover
Warning in <TFile::Init>: no keys recovered, file has been made a Zombie
Warning in <TFile::Init>: file /extdisk/zlin/Machine_learning/RecoPlanes/CMS_herwig_HT1000to1500-preVFP/Chunk36_Part0.root probably not closed, trying to recover
Warning in <TFile::Init>: no keys recovered, file has been made a Zombie
Warning in <TFile::Init>: file /extdisk/zlin/Machine_learning/RecoPlanes/CMS_herwig_HT1000to1500-preVFP/Chunk37_Part0.root probably not closed, trying to recover
Warning in <TFile::Init>: no keys recovered, file has been made a Zombie
Warning in <TFile::Init>: file /extdisk/zlin/Machine_learning/RecoPlanes/CMS_herwig_HT1000to1500-preVFP/Chunk38_Part0.root probably not closed, trying to recover
Warning in <TFile::Init>: no keys recovered, file has been made a Zombie
Warning in <TFile::Init>: file /extdisk/zlin/Machine_learning/RecoPlanes/CMS_herwig_HT1000to1500-preVFP/Chunk39_Part0.root probably not closed, trying to recover
Warning in <TFile::Init>: no keys recovered, file has been made a Zombie
Warning in <TFile::Init>: file /extdisk/zlin/Machine_learning/RecoPlanes/CMS_herwig_HT1000to1500-preVFP/Chunk40_Part0.root probably not closed, trying to recover
Warning in <TFile::Init>: no keys recovered, file has been made a Zombie
Warning in <TFile::Init>: file /extdisk/zlin/Machine_learning/RecoPlanes/CMS_herwig_HT1000to1500-preVFP/Chunk41_Part0.root probably not closed, trying to recover
Warning in <TFile::Init>: no keys recovered, file has been made a Zombie
Warning in <TFile::Init>: file /extdisk/zlin/Machine_learning/RecoPlanes/CMS_herwig_HT1000to1500-preVFP/Chunk51_Part0.root probably not closed, trying to recover
Warning in <TFile::Init>: no keys recovered, file has been made a Zombie
Warning in <TFile::Init>: file /extdisk/zlin/Machine_learning/RecoPlanes/CMS_herwig_HT1000to1500-preVFP/Chunk57_Part0.root probably not closed, trying to recover
Warning in <TFile::Init>: no keys recovered, file has been made a Zombie
Warning in <TFile::Init>: file /extdisk/zlin/Machine_learning/RecoPlanes/CMS_herwig_HT1000to1500-preVFP/Chunk89_Part0.root probably not closed, trying to recover
Warning in <TFile::Init>: no keys recovered, file has been made a Zombie
Warning in <TFile::Init>: file /extdisk/zlin/Machine_learning/RecoPlanes/CMS_herwig_HT1000to1500-preVFP/Chunk97_Part0.root probably not closed, trying to recover
Warning in <TFile::Init>: no keys recovered, file has been made a Zombie
 Analyzing entries 25943 - 25979, now 25943 , sum entries = 36540 . . . Used time: 0s Expected left time: 0s          
 Analyzing entries 25943 - 25979, now 25944 , sum entries = 36540 . . . Used time: 0s Expected left time: 0s          
 Analyzing entries 25943 - 25979, now 25945 , sum entries = 36540 . . . Used time: 0s Expected left time: 0s          
 Analyzing entries 25943 - 25979, now 25946 , sum entries = 36540 . . . Used time: 0s Expected left time: 0s          
 Analyzing entries 25943 - 25979, now 25947 , sum entries = 36540 . . . Used time: 0s Expected left time: 0s          
 Analyzing entries 25943 - 25979, now 25948 , sum entries = 36540 . . . Used time: 0s Expected left time: 0s          
 Analyzing entries 25943 - 25979, now 25949 , sum entries = 36540 . . . Used time: 0s Expected left time: 0s          
 Analyzing entries 25943 - 25979, now 25950 , sum entries = 36540 . . . Used time: 0s Expected left time: 0s          
 Analyzing entries 25943 - 25979, now 25951 , sum entries = 36540 . . . Used time: 0s Expected left time: 0s          
 Analyzing entries 25943 - 25979, now 25952 , sum entries = 36540 . . . Used time: 0s Expected left time: 0s          
 Analyzing entries 25943 - 25979, now 25953 , sum entries = 36540 . . . Used time: 0s Expected left time: 0s          
 Analyzing entries 25943 - 25979, now 25954 , sum entries = 36540 . . . Used time: 0s Expected left time: 0s          
 Analyzing entries 25943 - 25979, now 25955 , sum entries = 36540 . . . Used time: 0s Expected left time: 0s          
 Analyzing entries 25943 - 25979, now 25956 , sum entries = 36540 . . . Used time: 0s Expected left time: 0s          
 Analyzing entries 25943 - 25979, now 25957 , sum entries = 36540 . . . Used time: 0s Expected left time: 0s          
 Analyzing entries 25943 - 25979, now 25958 , sum entries = 36540 . . . Used time: 0s Expected left time: 0s          
 Analyzing entries 25943 - 25979, now 25959 , sum entries = 36540 . . . Used time: 0s Expected left time: 0s          
 Analyzing entries 25943 - 25979, now 25960 , sum entries = 36540 . . . Used time: 0s Expected left time: 0s          
 Analyzing entries 25943 - 25979, now 25961 , sum entries = 36540 . . . Used time: 0s Expected left time: 0s          
 Analyzing entries 25943 - 25979, now 25962 , sum entries = 36540 . . . Used time: 0s Expected left time: 0s          
 Analyzing entries 25943 - 25979, now 25963 , sum entries = 36540 . . . Used time: 0s Expected left time: 0s          
 Analyzing entries 25943 - 25979, now 25964 , sum entries = 36540 . . . Used time: 0s Expected left time: 0s          
 Analyzing entries 25943 - 25979, now 25965 , sum entries = 36540 . . . Used time: 0s Expected left time: 0s          
 Analyzing entries 25943 - 25979, now 25966 , sum entries = 36540 . . . Used time: 0s Expected left time: 0s          
 Analyzing entries 25943 - 25979, now 25967 , sum entries = 36540 . . . Used time: 0s Expected left time: 0s          
 Analyzing entries 25943 - 25979, now 25968 , sum entries = 36540 . . . Used time: 0s Expected left time: 0s          
 Analyzing entries 25943 - 25979, now 25969 , sum entries = 36540 . . . Used time: 0s Expected left time: 0s          
 Analyzing entries 25943 - 25979, now 25970 , sum entries = 36540 . . . Used time: 0s Expected left time: 0s          
 Analyzing entries 25943 - 25979, now 25971 , sum entries = 36540 . . . Used time: 0s Expected left time: 0s          
 Analyzing entries 25943 - 25979, now 25972 , sum entries = 36540 . . . Used time: 0s Expected left time: 0s          
 Analyzing entries 25943 - 25979, now 25973 , sum entries = 36540 . . . Used time: 0s Expected left time: 0s          
 Analyzing entries 25943 - 25979, now 25974 , sum entries = 36540 . . . Used time: 0s Expected left time: 0s          
 Analyzing entries 25943 - 25979, now 25975 , sum entries = 36540 . . . Used time: 0s Expected left time: 0s          
 Analyzing entries 25943 - 25979, now 25976 , sum entries = 36540 . . . Used time: 0s Expected left time: 0s          
 Analyzing entries 25943 - 25979, now 25977 , sum entries = 36540 . . . Used time: 0s Expected left time: 0s          
 Analyzing entries 25943 - 25979, now 25978 , sum entries = 36540 . . . Used time: 0s Expected left time: 0s          
 Save to RootFile /extdisk/zlin/Machine_learning/RecoPlanesFeatures/CMS_herwig_HT1000to1500-preVFP_jinitpt450_600_j2pt80_120Reco/Chunk71_Part0.root . . . Used time: 0s Expected left time: 0s          
 Save to RootFile /extdisk/zlin/Machine_learning/RecoPlanesFeatures/CMS_herwig_HT1000to1500-preVFP_jinitpt450_600_j2pt80_120Reco/Chunk71_Part0.root . . . Used time: 0s Expected left time: 0s          
 Save to RootFile /extdisk/zlin/Machine_learning/RecoPlanesFeatures/CMS_herwig_HT1000to1500-preVFP_jinitpt450_600_j2pt80_120Reco/Chunk71_Part0.root . . . Used time: 0s Expected left time: 0s          
 Save to RootFile /extdisk/zlin/Machine_learning/RecoPlanesFeatures/CMS_herwig_HT1000to1500-preVFP_jinitpt450_600_j2pt80_120Reco/Chunk71_Part0.root . . . Used time: 0s Expected left time: 0s          
 Save to RootFile /extdisk/zlin/Machine_learning/RecoPlanesFeatures/CMS_herwig_HT1000to1500-preVFP_jinitpt450_600_j2pt80_120Reco/Chunk71_Part0.root . . . Used time: 0s Expected left time: 0s          
 Save to RootFile /extdisk/zlin/Machine_learning/RecoPlanesFeatures/CMS_herwig_HT1000to1500-preVFP_jinitpt450_600_j2pt80_120Reco/Chunk71_Part0.root . . . Used time: 0s Expected left time: 0s          
 Analyzing entries 25979 - 26015, now 25979 , sum entries = 36540 . . . Used time: 0s Expected left time: 0s          
 Analyzing entries 25979 - 26015, now 25980 , sum entries = 36540 . . . Used time: 0s Expected left time: 0s          
 Analyzing entries 25979 - 26015, now 25981 , sum entries = 36540 . . . Used time: 0s Expected left time: 0s          
 Analyzing entries 25979 - 26015, now 25982 , sum entries = 36540 . . . Used time: 0s Expected left time: 0s          
 Analyzing entries 25979 - 26015, now 25983 , sum entries = 36540 . . . Used time: 0s Expected left time: 0s          
 Analyzing entries 25979 - 26015, now 25984 , sum entries = 36540 . . . Used time: 0s Expected left time: 0s          
 Analyzing entries 25979 - 26015, now 25985 , sum entries = 36540 . . . Used time: 0s Expected left time: 0s          
 Analyzing entries 25979 - 26015, now 25986 , sum entries = 36540 . . . Used time: 0s Expected left time: 0s          
 Analyzing entries 25979 - 26015, now 25987 , sum entries = 36540 . . . Used time: 0s Expected left time: 0s          
 Analyzing entries 25979 - 26015, now 25988 , sum entries = 36540 . . . Used time: 0s Expected left time: 0s          
 Analyzing entries 25979 - 26015, now 25989 , sum entries = 36540 . . . Used time: 0s Expected left time: 0s          
 Analyzing entries 25979 - 26015, now 25990 , sum entries = 36540 . . . Used time: 0s Expected left time: 0s          
 Analyzing entries 25979 - 26015, now 25991 , sum entries = 36540 . . . Used time: 0s Expected left time: 0s          
 Analyzing entries 25979 - 26015, now 25992 , sum entries = 36540 . . . Used time: 0s Expected left time: 0s          
 Analyzing entries 25979 - 26015, now 25993 , sum entries = 36540 . . . Used time: 0s Expected left time: 0s          
 Analyzing entries 25979 - 26015, now 25994 , sum entries = 36540 . . . Used time: 0s Expected left time: 0s          
 Analyzing entries 25979 - 26015, now 25995 , sum entries = 36540 . . . Used time: 0s Expected left time: 0s          
 Analyzing entries 25979 - 26015, now 25996 , sum entries = 36540 . . . Used time: 0s Expected left time: 0s          
 Analyzing entries 25979 - 26015, now 25997 , sum entries = 36540 . . . Used time: 0s Expected left time: 0s          
 Analyzing entries 25979 - 26015, now 25998 , sum entries = 36540 . . . Used time: 0s Expected left time: 0s          
 Analyzing entries 25979 - 26015, now 25999 , sum entries = 36540 . . . Used time: 0s Expected left time: 0s          
 Analyzing entries 25979 - 26015, now 26000 , sum entries = 36540 . . . Used time: 0s Expected left time: 0s          
 Analyzing entries 25979 - 26015, now 26001 , sum entries = 36540 . . . Used time: 0s Expected left time: 0s          
 Analyzing entries 25979 - 26015, now 26002 , sum entries = 36540 . . . Used time: 0s Expected left time: 0s          
 Analyzing entries 25979 - 26015, now 26003 , sum entries = 36540 . . . Used time: 0s Expected left time: 0s          
 Analyzing entries 25979 - 26015, now 26004 , sum entries = 36540 . . . Used time: 0s Expected left time: 0s          
 Analyzing entries 25979 - 26015, now 26005 , sum entries = 36540 . . . Used time: 0s Expected left time: 0s          
 Analyzing entries 25979 - 26015, now 26006 , sum entries = 36540 . . . Used time: 0s Expected left time: 0s          
 Analyzing entries 25979 - 26015, now 26007 , sum entries = 36540 . . . Used time: 0s Expected left time: 0s          
 Analyzing entries 25979 - 26015, now 26008 , sum entries = 36540 . . . Used time: 0s Expected left time: 0s          
 Analyzing entries 25979 - 26015, now 26009 , sum entries = 36540 . . . Used time: 0s Expected left time: 0s          
 Analyzing entries 25979 - 26015, now 26010 , sum entries = 36540 . . . Used time: 0s Expected left time: 0s          
 Analyzing entries 25979 - 26015, now 26011 , sum entries = 36540 . . . Used time: 0s Expected left time: 0s          
 Analyzing entries 25979 - 26015, now 26012 , sum entries = 36540 . . . Used time: 0s Expected left time: 0s          
 Analyzing entries 25979 - 26015, now 26013 , sum entries = 36540 . . . Used time: 0s Expected left time: 0s          
 Analyzing entries 25979 - 26015, now 26014 , sum entries = 36540 . . . Used time: 0s Expected left time: 0s          
 Save to RootFile /extdisk/zlin/Machine_learning/RecoPlanesFeatures/CMS_herwig_HT1000to1500-preVFP_jinitpt450_600_j2pt80_120Reco/Chunk71_Part1.root . . . Used time: 0s Expected left time: 0s          
 Save to RootFile /extdisk/zlin/Machine_learning/RecoPlanesFeatures/CMS_herwig_HT1000to1500-preVFP_jinitpt450_600_j2pt80_120Reco/Chunk71_Part1.root . . . Used time: 0s Expected left time: 0s          
 Save to RootFile /extdisk/zlin/Machine_learning/RecoPlanesFeatures/CMS_herwig_HT1000to1500-preVFP_jinitpt450_600_j2pt80_120Reco/Chunk71_Part1.root . . . Used time: 0s Expected left time: 0s          
 Save to RootFile /extdisk/zlin/Machine_learning/RecoPlanesFeatures/CMS_herwig_HT1000to1500-preVFP_jinitpt450_600_j2pt80_120Reco/Chunk71_Part1.root . . . Used time: 0s Expected left time: 0s          
 Save to RootFile /extdisk/zlin/Machine_learning/RecoPlanesFeatures/CMS_herwig_HT1000to1500-preVFP_jinitpt450_600_j2pt80_120Reco/Chunk71_Part1.root . . . Used time: 0s Expected left time: 0s          
 Save to RootFile /extdisk/zlin/Machine_learning/RecoPlanesFeatures/CMS_herwig_HT1000to1500-preVFP_jinitpt450_600_j2pt80_120Reco/Chunk71_Part1.root . . . Used time: 0s Expected left time: 0s          
 Analyzing entries 26016 - 26052, now 26016 , sum entries = 36540 . . . Used time: 0s Expected left time: 0s          
 Analyzing entries 26016 - 26052, now 26017 , sum entries = 36540 . . . Used time: 0s Expected left time: 0s          
 Analyzing entries 26016 - 26052, now 26018 , sum entries = 36540 . . . Used time: 0s Expected left time: 0s          
 Analyzing entries 26016 - 26052, now 26019 , sum entries = 36540 . . . Used time: 0s Expected left time: 0s          
 Analyzing entries 26016 - 26052, now 26020 , sum entries = 36540 . . . Used time: 0s Expected left time: 0s          
 Analyzing entries 26016 - 26052, now 26021 , sum entries = 36540 . . . Used time: 0s Expected left time: 0s          
 Analyzing entries 26016 - 26052, now 26022 , sum entries = 36540 . . . Used time: 0s Expected left time: 0s          
 Analyzing entries 26016 - 26052, now 26023 , sum entries = 36540 . . . Used time: 0s Expected left time: 0s          
 Analyzing entries 26016 - 26052, now 26024 , sum entries = 36540 . . . Used time: 0s Expected left time: 0s          
 Analyzing entries 26016 - 26052, now 26025 , sum entries = 36540 . . . Used time: 0s Expected left time: 0s          
 Analyzing entries 26016 - 26052, now 26026 , sum entries = 36540 . . . Used time: 0s Expected left time: 0s          
 Analyzing entries 26016 - 26052, now 26027 , sum entries = 36540 . . . Used time: 0s Expected left time: 0s          
 Analyzing entries 26016 - 26052, now 26028 , sum entries = 36540 . . . Used time: 0s Expected left time: 0s          
 Analyzing entries 26016 - 26052, now 26029 , sum entries = 36540 . . . Used time: 0s Expected left time: 0s          
 Analyzing entries 26016 - 26052, now 26030 , sum entries = 36540 . . . Used time: 0s Expected left time: 0s          
 Analyzing entries 26016 - 26052, now 26031 , sum entries = 36540 . . . Used time: 0s Expected left time: 0s          
 Analyzing entries 26016 - 26052, now 26032 , sum entries = 36540 . . . Used time: 0s Expected left time: 0s          
 Analyzing entries 26016 - 26052, now 26033 , sum entries = 36540 . . . Used time: 0s Expected left time: 0s          
 Analyzing entries 26016 - 26052, now 26034 , sum entries = 36540 . . . Used time: 0s Expected left time: 0s          
 Analyzing entries 26016 - 26052, now 26035 , sum entries = 36540 . . . Used time: 0s Expected left time: 0s          
 Analyzing entries 26016 - 26052, now 26036 , sum entries = 36540 . . . Used time: 0s Expected left time: 0s          
 Analyzing entries 26016 - 26052, now 26037 , sum entries = 36540 . . . Used time: 0s Expected left time: 0s          
 Analyzing entries 26016 - 26052, now 26038 , sum entries = 36540 . . . Used time: 0s Expected left time: 0s          
 Analyzing entries 26016 - 26052, now 26039 , sum entries = 36540 . . . Used time: 0s Expected left time: 0s          
 Analyzing entries 26016 - 26052, now 26040 , sum entries = 36540 . . . Used time: 0s Expected left time: 0s          
 Analyzing entries 26016 - 26052, now 26041 , sum entries = 36540 . . . Used time: 0s Expected left time: 0s          
 Analyzing entries 26016 - 26052, now 26042 , sum entries = 36540 . . . Used time: 0s Expected left time: 0s          
 Analyzing entries 26016 - 26052, now 26043 , sum entries = 36540 . . . Used time: 0s Expected left time: 0s          
 Analyzing entries 26016 - 26052, now 26044 , sum entries = 36540 . . . Used time: 0s Expected left time: 0s          
 Analyzing entries 26016 - 26052, now 26045 , sum entries = 36540 . . . Used time: 0s Expected left time: 0s          
 Analyzing entries 26016 - 26052, now 26046 , sum entries = 36540 . . . Used time: 0s Expected left time: 0s          
 Analyzing entries 26016 - 26052, now 26047 , sum entries = 36540 . . . Used time: 0s Expected left time: 0s          
 Analyzing entries 26016 - 26052, now 26048 , sum entries = 36540 . . . Used time: 0s Expected left time: 0s          
 Analyzing entries 26016 - 26052, now 26049 , sum entries = 36540 . . . Used time: 0s Expected left time: 0s          
 Analyzing entries 26016 - 26052, now 26050 , sum entries = 36540 . . . Used time: 0s Expected left time: 0s          
 Analyzing entries 26016 - 26052, now 26051 , sum entries = 36540 . . . Used time: 0s Expected left time: 0s          
 Save to RootFile /extdisk/zlin/Machine_learning/RecoPlanesFeatures/CMS_herwig_HT1000to1500-preVFP_jinitpt450_600_j2pt80_120Reco/Chunk71_Part2.root . . . Used time: 0s Expected left time: 0s          
 Save to RootFile /extdisk/zlin/Machine_learning/RecoPlanesFeatures/CMS_herwig_HT1000to1500-preVFP_jinitpt450_600_j2pt80_120Reco/Chunk71_Part2.root . . . Used time: 0s Expected left time: 0s          
 Save to RootFile /extdisk/zlin/Machine_learning/RecoPlanesFeatures/CMS_herwig_HT1000to1500-preVFP_jinitpt450_600_j2pt80_120Reco/Chunk71_Part2.root . . . Used time: 0s Expected left time: 0s          
 Save to RootFile /extdisk/zlin/Machine_learning/RecoPlanesFeatures/CMS_herwig_HT1000to1500-preVFP_jinitpt450_600_j2pt80_120Reco/Chunk71_Part2.root . . . Used time: 0s Expected left time: 0s          
 Analyzing entries 26053 - 26089, now 26053 , sum entries = 36540 . . . Used time: 0s Expected left time: 0s          
 Analyzing entries 26053 - 26089, now 26054 , sum entries = 36540 . . . Used time: 0s Expected left time: 0s          
 Analyzing entries 26053 - 26089, now 26055 , sum entries = 36540 . . . Used time: 0s Expected left time: 0s          
 Analyzing entries 26053 - 26089, now 26056 , sum entries = 36540 . . . Used time: 0s Expected left time: 0s          
 Analyzing entries 26053 - 26089, now 26057 , sum entries = 36540 . . . Used time: 0s Expected left time: 0s          
 Analyzing entries 26053 - 26089, now 26058 , sum entries = 36540 . . . Used time: 0s Expected left time: 0s          
 Analyzing entries 26053 - 26089, now 26059 , sum entries = 36540 . . . Used time: 0s Expected left time: 0s          
 Analyzing entries 26053 - 26089, now 26060 , sum entries = 36540 . . . Used time: 0s Expected left time: 0s          
 Analyzing entries 26053 - 26089, now 26061 , sum entries = 36540 . . . Used time: 0s Expected left time: 0s          
 Analyzing entries 26053 - 26089, now 26062 , sum entries = 36540 . . . Used time: 0s Expected left time: 0s          
 Analyzing entries 26053 - 26089, now 26063 , sum entries = 36540 . . . Used time: 0s Expected left time: 0s          
 Analyzing entries 26053 - 26089, now 26064 , sum entries = 36540 . . . Used time: 0s Expected left time: 0s          
 Analyzing entries 26053 - 26089, now 26065 , sum entries = 36540 . . . Used time: 0s Expected left time: 0s          
 Analyzing entries 26053 - 26089, now 26066 , sum entries = 36540 . . . Used time: 0s Expected left time: 0s          
 Analyzing entries 26053 - 26089, now 26067 , sum entries = 36540 . . . Used time: 0s Expected left time: 0s          
 Analyzing entries 26053 - 26089, now 26068 , sum entries = 36540 . . . Used time: 0s Expected left time: 0s          
 Analyzing entries 26053 - 26089, now 26069 , sum entries = 36540 . . . Used time: 0s Expected left time: 0s          
 Analyzing entries 26053 - 26089, now 26070 , sum entries = 36540 . . . Used time: 0s Expected left time: 0s          
 Analyzing entries 26053 - 26089, now 26071 , sum entries = 36540 . . . Used time: 0s Expected left time: 0s          
 Analyzing entries 26053 - 26089, now 26072 , sum entries = 36540 . . . Used time: 0s Expected left time: 0s          
 Analyzing entries 26053 - 26089, now 26073 , sum entries = 36540 . . . Used time: 0s Expected left time: 0s          
 Analyzing entries 26053 - 26089, now 26074 , sum entries = 36540 . . . Used time: 0s Expected left time: 0s          
 Analyzing entries 26053 - 26089, now 26075 , sum entries = 36540 . . . Used time: 0s Expected left time: 0s          
 Analyzing entries 26053 - 26089, now 26076 , sum entries = 36540 . . . Used time: 0s Expected left time: 0s          
 Analyzing entries 26053 - 26089, now 26077 , sum entries = 36540 . . . Used time: 0s Expected left time: 0s          
 Analyzing entries 26053 - 26089, now 26078 , sum entries = 36540 . . . Used time: 0s Expected left time: 0s          
 Analyzing entries 26053 - 26089, now 26079 , sum entries = 36540 . . . Used time: 0s Expected left time: 0s          
 Analyzing entries 26053 - 26089, now 26080 , sum entries = 36540 . . . Used time: 0s Expected left time: 0s          
 Analyzing entries 26053 - 26089, now 26081 , sum entries = 36540 . . . Used time: 0s Expected left time: 0s          
 Analyzing entries 26053 - 26089, now 26082 , sum entries = 36540 . . . Used time: 0s Expected left time: 0s          
 Analyzing entries 26053 - 26089, now 26083 , sum entries = 36540 . . . Used time: 0s Expected left time: 0s          
 Analyzing entries 26053 - 26089, now 26084 , sum entries = 36540 . . . Used time: 0s Expected left time: 0s          
 Analyzing entries 26053 - 26089, now 26085 , sum entries = 36540 . . . Used time: 0s Expected left time: 0s          
 Analyzing entries 26053 - 26089, now 26086 , sum entries = 36540 . . . Used time: 0s Expected left time: 0s          
 Analyzing entries 26053 - 26089, now 26087 , sum entries = 36540 . . . Used time: 0s Expected left time: 0s          
 Analyzing entries 26053 - 26089, now 26088 , sum entries = 36540 . . . Used time: 0s Expected left time: 0s          
 Save to RootFile /extdisk/zlin/Machine_learning/RecoPlanesFeatures/CMS_herwig_HT1000to1500-preVFP_jinitpt450_600_j2pt80_120Reco/Chunk71_Part3.root . . . Used time: 0s Expected left time: 0s          
 Save to RootFile /extdisk/zlin/Machine_learning/RecoPlanesFeatures/CMS_herwig_HT1000to1500-preVFP_jinitpt450_600_j2pt80_120Reco/Chunk71_Part3.root . . . Used time: 0s Expected left time: 0s          
 Save to RootFile /extdisk/zlin/Machine_learning/RecoPlanesFeatures/CMS_herwig_HT1000to1500-preVFP_jinitpt450_600_j2pt80_120Reco/Chunk71_Part3.root . . . Used time: 0s Expected left time: 0s          
 Save to RootFile /extdisk/zlin/Machine_learning/RecoPlanesFeatures/CMS_herwig_HT1000to1500-preVFP_jinitpt450_600_j2pt80_120Reco/Chunk71_Part3.root . . . Used time: 0s Expected left time: 0s          
 Save to RootFile /extdisk/zlin/Machine_learning/RecoPlanesFeatures/CMS_herwig_HT1000to1500-preVFP_jinitpt450_600_j2pt80_120Reco/Chunk71_Part3.root . . . Used time: 0s Expected left time: 0s          
 Save to RootFile /extdisk/zlin/Machine_learning/RecoPlanesFeatures/CMS_herwig_HT1000to1500-preVFP_jinitpt450_600_j2pt80_120Reco/Chunk71_Part3.root . . . Used time: 0s Expected left time: 0s          
 Analyzing entries 26089 - 26125, now 26089 , sum entries = 36540 . . . Used time: 0s Expected left time: 0s          
 Analyzing entries 26089 - 26125, now 26090 , sum entries = 36540 . . . Used time: 0s Expected left time: 0s          
 Analyzing entries 26089 - 26125, now 26091 , sum entries = 36540 . . . Used time: 0s Expected left time: 0s          
 Analyzing entries 26089 - 26125, now 26092 , sum entries = 36540 . . . Used time: 0s Expected left time: 0s          
 Analyzing entries 26089 - 26125, now 26093 , sum entries = 36540 . . . Used time: 0s Expected left time: 0s          
 Analyzing entries 26089 - 26125, now 26094 , sum entries = 36540 . . . Used time: 0s Expected left time: 0s          
 Analyzing entries 26089 - 26125, now 26095 , sum entries = 36540 . . . Used time: 0s Expected left time: 0s          
 Analyzing entries 26089 - 26125, now 26096 , sum entries = 36540 . . . Used time: 0s Expected left time: 0s          
 Analyzing entries 26089 - 26125, now 26097 , sum entries = 36540 . . . Used time: 0s Expected left time: 0s          
 Analyzing entries 26089 - 26125, now 26098 , sum entries = 36540 . . . Used time: 0s Expected left time: 0s          
 Analyzing entries 26089 - 26125, now 26099 , sum entries = 36540 . . . Used time: 0s Expected left time: 0s          
 Analyzing entries 26089 - 26125, now 26100 , sum entries = 36540 . . . Used time: 0s Expected left time: 0s          
 Analyzing entries 26089 - 26125, now 26101 , sum entries = 36540 . . . Used time: 0s Expected left time: 0s          
 Analyzing entries 26089 - 26125, now 26102 , sum entries = 36540 . . . Used time: 0s Expected left time: 0s          
 Analyzing entries 26089 - 26125, now 26103 , sum entries = 36540 . . . Used time: 0s Expected left time: 0s          
 Analyzing entries 26089 - 26125, now 26104 , sum entries = 36540 . . . Used time: 0s Expected left time: 0s          
 Analyzing entries 26089 - 26125, now 26105 , sum entries = 36540 . . . Used time: 0s Expected left time: 0s          
 Analyzing entries 26089 - 26125, now 26106 , sum entries = 36540 . . . Used time: 0s Expected left time: 0s          
 Analyzing entries 26089 - 26125, now 26107 , sum entries = 36540 . . . Used time: 0s Expected left time: 0s          
 Analyzing entries 26089 - 26125, now 26108 , sum entries = 36540 . . . Used time: 0s Expected left time: 0s          
 Analyzing entries 26089 - 26125, now 26109 , sum entries = 36540 . . . Used time: 0s Expected left time: 0s          
 Analyzing entries 26089 - 26125, now 26110 , sum entries = 36540 . . . Used time: 0s Expected left time: 0s          
 Analyzing entries 26089 - 26125, now 26111 , sum entries = 36540 . . . Used time: 0s Expected left time: 0s          
 Analyzing entries 26089 - 26125, now 26112 , sum entries = 36540 . . . Used time: 0s Expected left time: 0s          
 Analyzing entries 26089 - 26125, now 26113 , sum entries = 36540 . . . Used time: 0s Expected left time: 0s          
 Analyzing entries 26089 - 26125, now 26114 , sum entries = 36540 . . . Used time: 0s Expected left time: 0s          
 Analyzing entries 26089 - 26125, now 26115 , sum entries = 36540 . . . Used time: 0s Expected left time: 0s          
 Analyzing entries 26089 - 26125, now 26116 , sum entries = 36540 . . . Used time: 0s Expected left time: 0s          
 Analyzing entries 26089 - 26125, now 26117 , sum entries = 36540 . . . Used time: 0s Expected left time: 0s          
 Analyzing entries 26089 - 26125, now 26118 , sum entries = 36540 . . . Used time: 0s Expected left time: 0s          
 Analyzing entries 26089 - 26125, now 26119 , sum entries = 36540 . . . Used time: 0s Expected left time: 0s          
 Analyzing entries 26089 - 26125, now 26120 , sum entries = 36540 . . . Used time: 0s Expected left time: 0s          
 Analyzing entries 26089 - 26125, now 26121 , sum entries = 36540 . . . Used time: 0s Expected left time: 0s          
 Analyzing entries 26089 - 26125, now 26122 , sum entries = 36540 . . . Used time: 0s Expected left time: 0s          
 Analyzing entries 26089 - 26125, now 26123 , sum entries = 36540 . . . Used time: 0s Expected left time: 0s          
 Analyzing entries 26089 - 26125, now 26124 , sum entries = 36540 . . . Used time: 0s Expected left time: 0s          
 Save to RootFile /extdisk/zlin/Machine_learning/RecoPlanesFeatures/CMS_herwig_HT1000to1500-preVFP_jinitpt450_600_j2pt80_120Reco/Chunk71_Part4.root . . . Used time: 0s Expected left time: 0s          
 Save to RootFile /extdisk/zlin/Machine_learning/RecoPlanesFeatures/CMS_herwig_HT1000to1500-preVFP_jinitpt450_600_j2pt80_120Reco/Chunk71_Part4.root . . . Used time: 0s Expected left time: 0s          
 Save to RootFile /extdisk/zlin/Machine_learning/RecoPlanesFeatures/CMS_herwig_HT1000to1500-preVFP_jinitpt450_600_j2pt80_120Reco/Chunk71_Part4.root . . . Used time: 0s Expected left time: 0s          
 Save to RootFile /extdisk/zlin/Machine_learning/RecoPlanesFeatures/CMS_herwig_HT1000to1500-preVFP_jinitpt450_600_j2pt80_120Reco/Chunk71_Part4.root . . . Used time: 0s Expected left time: 0s          
 Save to RootFile /extdisk/zlin/Machine_learning/RecoPlanesFeatures/CMS_herwig_HT1000to1500-preVFP_jinitpt450_600_j2pt80_120Reco/Chunk71_Part4.root . . . Used time: 0s Expected left time: 0s          
 Analyzing entries 26126 - 26162, now 26126 , sum entries = 36540 . . . Used time: 0s Expected left time: 0s          
 Analyzing entries 26126 - 26162, now 26127 , sum entries = 36540 . . . Used time: 0s Expected left time: 0s          
 Analyzing entries 26126 - 26162, now 26128 , sum entries = 36540 . . . Used time: 0s Expected left time: 0s          
 Analyzing entries 26126 - 26162, now 26129 , sum entries = 36540 . . . Used time: 0s Expected left time: 0s          
 Analyzing entries 26126 - 26162, now 26130 , sum entries = 36540 . . . Used time: 0s Expected left time: 0s          
 Analyzing entries 26126 - 26162, now 26131 , sum entries = 36540 . . . Used time: 0s Expected left time: 0s          
 Analyzing entries 26126 - 26162, now 26132 , sum entries = 36540 . . . Used time: 0s Expected left time: 0s          
 Analyzing entries 26126 - 26162, now 26133 , sum entries = 36540 . . . Used time: 0s Expected left time: 0s          
 Analyzing entries 26126 - 26162, now 26134 , sum entries = 36540 . . . Used time: 0s Expected left time: 0s          
 Analyzing entries 26126 - 26162, now 26135 , sum entries = 36540 . . . Used time: 0s Expected left time: 0s          
 Analyzing entries 26126 - 26162, now 26136 , sum entries = 36540 . . . Used time: 0s Expected left time: 0s          
 Analyzing entries 26126 - 26162, now 26137 , sum entries = 36540 . . . Used time: 0s Expected left time: 0s          
 Analyzing entries 26126 - 26162, now 26138 , sum entries = 36540 . . . Used time: 0s Expected left time: 0s          
 Analyzing entries 26126 - 26162, now 26139 , sum entries = 36540 . . . Used time: 0s Expected left time: 0s          
 Analyzing entries 26126 - 26162, now 26140 , sum entries = 36540 . . . Used time: 0s Expected left time: 0s          
 Analyzing entries 26126 - 26162, now 26141 , sum entries = 36540 . . . Used time: 0s Expected left time: 0s          
 Analyzing entries 26126 - 26162, now 26142 , sum entries = 36540 . . . Used time: 0s Expected left time: 0s          
 Analyzing entries 26126 - 26162, now 26143 , sum entries = 36540 . . . Used time: 0s Expected left time: 0s          
 Analyzing entries 26126 - 26162, now 26144 , sum entries = 36540 . . . Used time: 0s Expected left time: 0s          
 Analyzing entries 26126 - 26162, now 26145 , sum entries = 36540 . . . Used time: 0s Expected left time: 0s          
 Analyzing entries 26126 - 26162, now 26146 , sum entries = 36540 . . . Used time: 0s Expected left time: 0s          
 Analyzing entries 26126 - 26162, now 26147 , sum entries = 36540 . . . Used time: 0s Expected left time: 0s          
 Analyzing entries 26126 - 26162, now 26148 , sum entries = 36540 . . . Used time: 0s Expected left time: 0s          
 Analyzing entries 26126 - 26162, now 26149 , sum entries = 36540 . . . Used time: 0s Expected left time: 0s          
 Analyzing entries 26126 - 26162, now 26150 , sum entries = 36540 . . . Used time: 0s Expected left time: 0s          
 Analyzing entries 26126 - 26162, now 26151 , sum entries = 36540 . . . Used time: 0s Expected left time: 0s          
 Analyzing entries 26126 - 26162, now 26152 , sum entries = 36540 . . . Used time: 0s Expected left time: 0s          
 Analyzing entries 26126 - 26162, now 26153 , sum entries = 36540 . . . Used time: 0s Expected left time: 0s          
 Analyzing entries 26126 - 26162, now 26154 , sum entries = 36540 . . . Used time: 0s Expected left time: 0s          
 Analyzing entries 26126 - 26162, now 26155 , sum entries = 36540 . . . Used time: 0s Expected left time: 0s          
 Analyzing entries 26126 - 26162, now 26156 , sum entries = 36540 . . . Used time: 0s Expected left time: 0s          
 Analyzing entries 26126 - 26162, now 26157 , sum entries = 36540 . . . Used time: 0s Expected left time: 0s          
 Analyzing entries 26126 - 26162, now 26158 , sum entries = 36540 . . . Used time: 0s Expected left time: 0s          
 Analyzing entries 26126 - 26162, now 26159 , sum entries = 36540 . . . Used time: 0s Expected left time: 0s          
 Analyzing entries 26126 - 26162, now 26160 , sum entries = 36540 . . . Used time: 0s Expected left time: 0s          
 Analyzing entries 26126 - 26162, now 26161 , sum entries = 36540 . . . Used time: 0s Expected left time: 0s          
 Save to RootFile /extdisk/zlin/Machine_learning/RecoPlanesFeatures/CMS_herwig_HT1000to1500-preVFP_jinitpt450_600_j2pt80_120Reco/Chunk71_Part5.root . . . Used time: 0s Expected left time: 0s          
 Save to RootFile /extdisk/zlin/Machine_learning/RecoPlanesFeatures/CMS_herwig_HT1000to1500-preVFP_jinitpt450_600_j2pt80_120Reco/Chunk71_Part5.root . . . Used time: 0s Expected left time: 0s          
 Save to RootFile /extdisk/zlin/Machine_learning/RecoPlanesFeatures/CMS_herwig_HT1000to1500-preVFP_jinitpt450_600_j2pt80_120Reco/Chunk71_Part5.root . . . Used time: 0s Expected left time: 0s          
 Save to RootFile /extdisk/zlin/Machine_learning/RecoPlanesFeatures/CMS_herwig_HT1000to1500-preVFP_jinitpt450_600_j2pt80_120Reco/Chunk71_Part5.root . . . Used time: 0s Expected left time: 0s          
 Save to RootFile /extdisk/zlin/Machine_learning/RecoPlanesFeatures/CMS_herwig_HT1000to1500-preVFP_jinitpt450_600_j2pt80_120Reco/Chunk71_Part5.root . . . Used time: 0s Expected left time: 0s          
 Save to RootFile /extdisk/zlin/Machine_learning/RecoPlanesFeatures/CMS_herwig_HT1000to1500-preVFP_jinitpt450_600_j2pt80_120Reco/Chunk71_Part5.root . . . Used time: 0s Expected left time: 0s          
 Save to RootFile /extdisk/zlin/Machine_learning/RecoPlanesFeatures/CMS_herwig_HT1000to1500-preVFP_jinitpt450_600_j2pt80_120Reco/Chunk71_Part5.root . . . Used time: 0s Expected left time: 0s          
 Save to RootFile /extdisk/zlin/Machine_learning/RecoPlanesFeatures/CMS_herwig_HT1000to1500-preVFP_jinitpt450_600_j2pt80_120Reco/Chunk71_Part5.root . . . Used time: 0s Expected left time: 0s          
 Analyzing entries 26162 - 26198, now 26162 , sum entries = 36540 . . . Used time: 0s Expected left time: 0s          
 Analyzing entries 26162 - 26198, now 26163 , sum entries = 36540 . . . Used time: 0s Expected left time: 0s          
 Analyzing entries 26162 - 26198, now 26164 , sum entries = 36540 . . . Used time: 0s Expected left time: 0s          
 Analyzing entries 26162 - 26198, now 26165 , sum entries = 36540 . . . Used time: 0s Expected left time: 0s          
 Analyzing entries 26162 - 26198, now 26166 , sum entries = 36540 . . . Used time: 0s Expected left time: 0s          
 Analyzing entries 26162 - 26198, now 26167 , sum entries = 36540 . . . Used time: 0s Expected left time: 0s          
 Analyzing entries 26162 - 26198, now 26168 , sum entries = 36540 . . . Used time: 0s Expected left time: 0s          
 Analyzing entries 26162 - 26198, now 26169 , sum entries = 36540 . . . Used time: 0s Expected left time: 0s          
 Analyzing entries 26162 - 26198, now 26170 , sum entries = 36540 . . . Used time: 0s Expected left time: 0s          
 Analyzing entries 26162 - 26198, now 26171 , sum entries = 36540 . . . Used time: 0s Expected left time: 0s          
 Analyzing entries 26162 - 26198, now 26172 , sum entries = 36540 . . . Used time: 0s Expected left time: 0s          
 Analyzing entries 26162 - 26198, now 26173 , sum entries = 36540 . . . Used time: 0s Expected left time: 0s          
 Analyzing entries 26162 - 26198, now 26174 , sum entries = 36540 . . . Used time: 0s Expected left time: 0s          
 Analyzing entries 26162 - 26198, now 26175 , sum entries = 36540 . . . Used time: 0s Expected left time: 0s          
 Analyzing entries 26162 - 26198, now 26176 , sum entries = 36540 . . . Used time: 0s Expected left time: 0s          
 Analyzing entries 26162 - 26198, now 26177 , sum entries = 36540 . . . Used time: 0s Expected left time: 0s          
 Analyzing entries 26162 - 26198, now 26178 , sum entries = 36540 . . . Used time: 0s Expected left time: 0s          
 Analyzing entries 26162 - 26198, now 26179 , sum entries = 36540 . . . Used time: 0s Expected left time: 0s          
 Analyzing entries 26162 - 26198, now 26180 , sum entries = 36540 . . . Used time: 0s Expected left time: 0s          
 Analyzing entries 26162 - 26198, now 26181 , sum entries = 36540 . . . Used time: 0s Expected left time: 0s          
 Analyzing entries 26162 - 26198, now 26182 , sum entries = 36540 . . . Used time: 0s Expected left time: 0s          
 Analyzing entries 26162 - 26198, now 26183 , sum entries = 36540 . . . Used time: 0s Expected left time: 0s          
 Analyzing entries 26162 - 26198, now 26184 , sum entries = 36540 . . . Used time: 0s Expected left time: 0s          
 Analyzing entries 26162 - 26198, now 26185 , sum entries = 36540 . . . Used time: 0s Expected left time: 0s          
 Analyzing entries 26162 - 26198, now 26186 , sum entries = 36540 . . . Used time: 0s Expected left time: 0s          
 Analyzing entries 26162 - 26198, now 26187 , sum entries = 36540 . . . Used time: 0s Expected left time: 0s          
 Analyzing entries 26162 - 26198, now 26188 , sum entries = 36540 . . . Used time: 0s Expected left time: 0s          
 Analyzing entries 26162 - 26198, now 26189 , sum entries = 36540 . . . Used time: 0s Expected left time: 0s          
 Analyzing entries 26162 - 26198, now 26190 , sum entries = 36540 . . . Used time: 0s Expected left time: 0s          
 Analyzing entries 26162 - 26198, now 26191 , sum entries = 36540 . . . Used time: 0s Expected left time: 0s          
 Analyzing entries 26162 - 26198, now 26192 , sum entries = 36540 . . . Used time: 0s Expected left time: 0s          
 Analyzing entries 26162 - 26198, now 26193 , sum entries = 36540 . . . Used time: 0s Expected left time: 0s          
 Analyzing entries 26162 - 26198, now 26194 , sum entries = 36540 . . . Used time: 0s Expected left time: 0s          
 Analyzing entries 26162 - 26198, now 26195 , sum entries = 36540 . . . Used time: 0s Expected left time: 0s          
 Analyzing entries 26162 - 26198, now 26196 , sum entries = 36540 . . . Used time: 0s Expected left time: 0s          
 Analyzing entries 26162 - 26198, now 26197 , sum entries = 36540 . . . Used time: 0s Expected left time: 0s          
 Save to RootFile /extdisk/zlin/Machine_learning/RecoPlanesFeatures/CMS_herwig_HT1000to1500-preVFP_jinitpt450_600_j2pt80_120Reco/Chunk71_Part6.root . . . Used time: 0s Expected left time: 0s          
 Save to RootFile /extdisk/zlin/Machine_learning/RecoPlanesFeatures/CMS_herwig_HT1000to1500-preVFP_jinitpt450_600_j2pt80_120Reco/Chunk71_Part6.root . . . Used time: 0s Expected left time: 0s          
 Save to RootFile /extdisk/zlin/Machine_learning/RecoPlanesFeatures/CMS_herwig_HT1000to1500-preVFP_jinitpt450_600_j2pt80_120Reco/Chunk71_Part6.root . . . Used time: 0s Expected left time: 0s          
 Save to RootFile /extdisk/zlin/Machine_learning/RecoPlanesFeatures/CMS_herwig_HT1000to1500-preVFP_jinitpt450_600_j2pt80_120Reco/Chunk71_Part6.root . . . Used time: 0s Expected left time: 0s          
 Analyzing entries 26199 - 26235, now 26199 , sum entries = 36540 . . . Used time: 0s Expected left time: 0s          
 Analyzing entries 26199 - 26235, now 26200 , sum entries = 36540 . . . Used time: 0s Expected left time: 0s          
 Analyzing entries 26199 - 26235, now 26201 , sum entries = 36540 . . . Used time: 0s Expected left time: 0s          
 Analyzing entries 26199 - 26235, now 26202 , sum entries = 36540 . . . Used time: 0s Expected left time: 0s          
 Analyzing entries 26199 - 26235, now 26203 , sum entries = 36540 . . . Used time: 0s Expected left time: 0s          
 Analyzing entries 26199 - 26235, now 26204 , sum entries = 36540 . . . Used time: 0s Expected left time: 0s          
 Analyzing entries 26199 - 26235, now 26205 , sum entries = 36540 . . . Used time: 0s Expected left time: 0s          
 Analyzing entries 26199 - 26235, now 26206 , sum entries = 36540 . . . Used time: 0s Expected left time: 0s          
 Analyzing entries 26199 - 26235, now 26207 , sum entries = 36540 . . . Used time: 0s Expected left time: 0s          
 Analyzing entries 26199 - 26235, now 26208 , sum entries = 36540 . . . Used time: 0s Expected left time: 0s          
 Analyzing entries 26199 - 26235, now 26209 , sum entries = 36540 . . . Used time: 0s Expected left time: 0s          
 Analyzing entries 26199 - 26235, now 26210 , sum entries = 36540 . . . Used time: 0s Expected left time: 0s          
 Analyzing entries 26199 - 26235, now 26211 , sum entries = 36540 . . . Used time: 0s Expected left time: 0s          
 Analyzing entries 26199 - 26235, now 26212 , sum entries = 36540 . . . Used time: 0s Expected left time: 0s          
 Analyzing entries 26199 - 26235, now 26213 , sum entries = 36540 . . . Used time: 0s Expected left time: 0s          
 Analyzing entries 26199 - 26235, now 26214 , sum entries = 36540 . . . Used time: 0s Expected left time: 0s          
 Analyzing entries 26199 - 26235, now 26215 , sum entries = 36540 . . . Used time: 0s Expected left time: 0s          
 Analyzing entries 26199 - 26235, now 26216 , sum entries = 36540 . . . Used time: 0s Expected left time: 0s          
 Analyzing entries 26199 - 26235, now 26217 , sum entries = 36540 . . . Used time: 0s Expected left time: 0s          
 Analyzing entries 26199 - 26235, now 26218 , sum entries = 36540 . . . Used time: 0s Expected left time: 0s          
 Analyzing entries 26199 - 26235, now 26219 , sum entries = 36540 . . . Used time: 0s Expected left time: 0s          
 Analyzing entries 26199 - 26235, now 26220 , sum entries = 36540 . . . Used time: 0s Expected left time: 0s          
 Analyzing entries 26199 - 26235, now 26221 , sum entries = 36540 . . . Used time: 0s Expected left time: 0s          
 Analyzing entries 26199 - 26235, now 26222 , sum entries = 36540 . . . Used time: 0s Expected left time: 0s          
 Analyzing entries 26199 - 26235, now 26223 , sum entries = 36540 . . . Used time: 0s Expected left time: 0s          
 Analyzing entries 26199 - 26235, now 26224 , sum entries = 36540 . . . Used time: 0s Expected left time: 0s          
 Analyzing entries 26199 - 26235, now 26225 , sum entries = 36540 . . . Used time: 0s Expected left time: 0s          
 Analyzing entries 26199 - 26235, now 26226 , sum entries = 36540 . . . Used time: 0s Expected left time: 0s          
 Analyzing entries 26199 - 26235, now 26227 , sum entries = 36540 . . . Used time: 0s Expected left time: 0s          
 Analyzing entries 26199 - 26235, now 26228 , sum entries = 36540 . . . Used time: 0s Expected left time: 0s          
 Analyzing entries 26199 - 26235, now 26229 , sum entries = 36540 . . . Used time: 0s Expected left time: 0s          
 Analyzing entries 26199 - 26235, now 26230 , sum entries = 36540 . . . Used time: 0s Expected left time: 0s          
 Analyzing entries 26199 - 26235, now 26231 , sum entries = 36540 . . . Used time: 0s Expected left time: 0s          
 Analyzing entries 26199 - 26235, now 26232 , sum entries = 36540 . . . Used time: 0s Expected left time: 0s          
 Analyzing entries 26199 - 26235, now 26233 , sum entries = 36540 . . . Used time: 0s Expected left time: 0s          
 Analyzing entries 26199 - 26235, now 26234 , sum entries = 36540 . . . Used time: 0s Expected left time: 0s          
 Save to RootFile /extdisk/zlin/Machine_learning/RecoPlanesFeatures/CMS_herwig_HT1000to1500-preVFP_jinitpt450_600_j2pt80_120Reco/Chunk71_Part7.root . . . Used time: 0s Expected left time: 0s          
 Save to RootFile /extdisk/zlin/Machine_learning/RecoPlanesFeatures/CMS_herwig_HT1000to1500-preVFP_jinitpt450_600_j2pt80_120Reco/Chunk71_Part7.root . . . Used time: 0s Expected left time: 0s          
 Save to RootFile /extdisk/zlin/Machine_learning/RecoPlanesFeatures/CMS_herwig_HT1000to1500-preVFP_jinitpt450_600_j2pt80_120Reco/Chunk71_Part7.root . . . Used time: 0s Expected left time: 0s          
 Save to RootFile /extdisk/zlin/Machine_learning/RecoPlanesFeatures/CMS_herwig_HT1000to1500-preVFP_jinitpt450_600_j2pt80_120Reco/Chunk71_Part7.root . . . Used time: 0s Expected left time: 0s          
 Analyzing entries 26235 - 26271, now 26235 , sum entries = 36540 . . . Used time: 0s Expected left time: 0s          
 Analyzing entries 26235 - 26271, now 26236 , sum entries = 36540 . . . Used time: 0s Expected left time: 0s          
 Analyzing entries 26235 - 26271, now 26237 , sum entries = 36540 . . . Used time: 0s Expected left time: 0s          
 Analyzing entries 26235 - 26271, now 26238 , sum entries = 36540 . . . Used time: 0s Expected left time: 0s          
 Analyzing entries 26235 - 26271, now 26239 , sum entries = 36540 . . . Used time: 0s Expected left time: 0s          
 Analyzing entries 26235 - 26271, now 26240 , sum entries = 36540 . . . Used time: 0s Expected left time: 0s          
 Analyzing entries 26235 - 26271, now 26241 , sum entries = 36540 . . . Used time: 0s Expected left time: 0s          
 Analyzing entries 26235 - 26271, now 26242 , sum entries = 36540 . . . Used time: 0s Expected left time: 0s          
 Analyzing entries 26235 - 26271, now 26243 , sum entries = 36540 . . . Used time: 0s Expected left time: 0s          
 Analyzing entries 26235 - 26271, now 26244 , sum entries = 36540 . . . Used time: 0s Expected left time: 0s          
 Analyzing entries 26235 - 26271, now 26245 , sum entries = 36540 . . . Used time: 0s Expected left time: 0s          
 Analyzing entries 26235 - 26271, now 26246 , sum entries = 36540 . . . Used time: 0s Expected left time: 0s          
 Analyzing entries 26235 - 26271, now 26247 , sum entries = 36540 . . . Used time: 0s Expected left time: 0s          
 Analyzing entries 26235 - 26271, now 26248 , sum entries = 36540 . . . Used time: 0s Expected left time: 0s          
 Analyzing entries 26235 - 26271, now 26249 , sum entries = 36540 . . . Used time: 0s Expected left time: 0s          
 Analyzing entries 26235 - 26271, now 26250 , sum entries = 36540 . . . Used time: 0s Expected left time: 0s          
 Analyzing entries 26235 - 26271, now 26251 , sum entries = 36540 . . . Used time: 0s Expected left time: 0s          
 Analyzing entries 26235 - 26271, now 26252 , sum entries = 36540 . . . Used time: 0s Expected left time: 0s          
 Analyzing entries 26235 - 26271, now 26253 , sum entries = 36540 . . . Used time: 0s Expected left time: 0s          
 Analyzing entries 26235 - 26271, now 26254 , sum entries = 36540 . . . Used time: 0s Expected left time: 0s          
 Analyzing entries 26235 - 26271, now 26255 , sum entries = 36540 . . . Used time: 0s Expected left time: 0s          
 Analyzing entries 26235 - 26271, now 26256 , sum entries = 36540 . . . Used time: 0s Expected left time: 0s          
 Analyzing entries 26235 - 26271, now 26257 , sum entries = 36540 . . . Used time: 0s Expected left time: 0s          
 Analyzing entries 26235 - 26271, now 26258 , sum entries = 36540 . . . Used time: 0s Expected left time: 0s          
 Analyzing entries 26235 - 26271, now 26259 , sum entries = 36540 . . . Used time: 0s Expected left time: 0s          
 Analyzing entries 26235 - 26271, now 26260 , sum entries = 36540 . . . Used time: 0s Expected left time: 0s          
 Analyzing entries 26235 - 26271, now 26261 , sum entries = 36540 . . . Used time: 0s Expected left time: 0s          
 Analyzing entries 26235 - 26271, now 26262 , sum entries = 36540 . . . Used time: 0s Expected left time: 0s          
 Analyzing entries 26235 - 26271, now 26263 , sum entries = 36540 . . . Used time: 0s Expected left time: 0s          
 Analyzing entries 26235 - 26271, now 26264 , sum entries = 36540 . . . Used time: 0s Expected left time: 0s          
 Analyzing entries 26235 - 26271, now 26265 , sum entries = 36540 . . . Used time: 0s Expected left time: 0s          
 Analyzing entries 26235 - 26271, now 26266 , sum entries = 36540 . . . Used time: 0s Expected left time: 0s          
 Analyzing entries 26235 - 26271, now 26267 , sum entries = 36540 . . . Used time: 0s Expected left time: 0s          
 Analyzing entries 26235 - 26271, now 26268 , sum entries = 36540 . . . Used time: 0s Expected left time: 0s          
 Analyzing entries 26235 - 26271, now 26269 , sum entries = 36540 . . . Used time: 0s Expected left time: 0s          
 Analyzing entries 26235 - 26271, now 26270 , sum entries = 36540 . . . Used time: 0s Expected left time: 0s          
 Save to RootFile /extdisk/zlin/Machine_learning/RecoPlanesFeatures/CMS_herwig_HT1000to1500-preVFP_jinitpt450_600_j2pt80_120Reco/Chunk71_Part8.root . . . Used time: 0s Expected left time: 0s          
 Save to RootFile /extdisk/zlin/Machine_learning/RecoPlanesFeatures/CMS_herwig_HT1000to1500-preVFP_jinitpt450_600_j2pt80_120Reco/Chunk71_Part8.root . . . Used time: 0s Expected left time: 0s          
 Save to RootFile /extdisk/zlin/Machine_learning/RecoPlanesFeatures/CMS_herwig_HT1000to1500-preVFP_jinitpt450_600_j2pt80_120Reco/Chunk71_Part8.root . . . Used time: 0s Expected left time: 0s          
 Save to RootFile /extdisk/zlin/Machine_learning/RecoPlanesFeatures/CMS_herwig_HT1000to1500-preVFP_jinitpt450_600_j2pt80_120Reco/Chunk71_Part8.root . . . Used time: 0s Expected left time: 0s          
 Save to RootFile /extdisk/zlin/Machine_learning/RecoPlanesFeatures/CMS_herwig_HT1000to1500-preVFP_jinitpt450_600_j2pt80_120Reco/Chunk71_Part8.root . . . Used time: 0s Expected left time: 0s          
 Analyzing entries 26272 - 26308, now 26272 , sum entries = 36540 . . . Used time: 0s Expected left time: 0s          
 Analyzing entries 26272 - 26308, now 26273 , sum entries = 36540 . . . Used time: 0s Expected left time: 0s          
 Analyzing entries 26272 - 26308, now 26274 , sum entries = 36540 . . . Used time: 0s Expected left time: 0s          
 Analyzing entries 26272 - 26308, now 26275 , sum entries = 36540 . . . Used time: 0s Expected left time: 0s          
 Analyzing entries 26272 - 26308, now 26276 , sum entries = 36540 . . . Used time: 0s Expected left time: 0s          
 Analyzing entries 26272 - 26308, now 26277 , sum entries = 36540 . . . Used time: 0s Expected left time: 0s          
 Analyzing entries 26272 - 26308, now 26278 , sum entries = 36540 . . . Used time: 0s Expected left time: 0s          
 Analyzing entries 26272 - 26308, now 26279 , sum entries = 36540 . . . Used time: 0s Expected left time: 0s          
 Analyzing entries 26272 - 26308, now 26280 , sum entries = 36540 . . . Used time: 0s Expected left time: 0s          
 Analyzing entries 26272 - 26308, now 26281 , sum entries = 36540 . . . Used time: 0s Expected left time: 0s          
 Analyzing entries 26272 - 26308, now 26282 , sum entries = 36540 . . . Used time: 0s Expected left time: 0s          
 Analyzing entries 26272 - 26308, now 26283 , sum entries = 36540 . . . Used time: 0s Expected left time: 0s          
 Analyzing entries 26272 - 26308, now 26284 , sum entries = 36540 . . . Used time: 0s Expected left time: 0s          
 Analyzing entries 26272 - 26308, now 26285 , sum entries = 36540 . . . Used time: 0s Expected left time: 0s          
 Analyzing entries 26272 - 26308, now 26286 , sum entries = 36540 . . . Used time: 0s Expected left time: 0s          
 Analyzing entries 26272 - 26308, now 26287 , sum entries = 36540 . . . Used time: 0s Expected left time: 0s          
 Analyzing entries 26272 - 26308, now 26288 , sum entries = 36540 . . . Used time: 0s Expected left time: 0s          
 Analyzing entries 26272 - 26308, now 26289 , sum entries = 36540 . . . Used time: 0s Expected left time: 0s          
 Analyzing entries 26272 - 26308, now 26290 , sum entries = 36540 . . . Used time: 0s Expected left time: 0s          
 Analyzing entries 26272 - 26308, now 26291 , sum entries = 36540 . . . Used time: 0s Expected left time: 0s          
 Analyzing entries 26272 - 26308, now 26292 , sum entries = 36540 . . . Used time: 0s Expected left time: 0s          
 Analyzing entries 26272 - 26308, now 26293 , sum entries = 36540 . . . Used time: 0s Expected left time: 0s          
 Analyzing entries 26272 - 26308, now 26294 , sum entries = 36540 . . . Used time: 0s Expected left time: 0s          
 Analyzing entries 26272 - 26308, now 26295 , sum entries = 36540 . . . Used time: 0s Expected left time: 0s          
 Analyzing entries 26272 - 26308, now 26296 , sum entries = 36540 . . . Used time: 0s Expected left time: 0s          
 Analyzing entries 26272 - 26308, now 26297 , sum entries = 36540 . . . Used time: 0s Expected left time: 0s          
 Analyzing entries 26272 - 26308, now 26298 , sum entries = 36540 . . . Used time: 0s Expected left time: 0s          
 Analyzing entries 26272 - 26308, now 26299 , sum entries = 36540 . . . Used time: 0s Expected left time: 0s          
 Analyzing entries 26272 - 26308, now 26300 , sum entries = 36540 . . . Used time: 0s Expected left time: 0s          
 Analyzing entries 26272 - 26308, now 26301 , sum entries = 36540 . . . Used time: 0s Expected left time: 0s          
 Analyzing entries 26272 - 26308, now 26302 , sum entries = 36540 . . . Used time: 0s Expected left time: 0s          
 Analyzing entries 26272 - 26308, now 26303 , sum entries = 36540 . . . Used time: 0s Expected left time: 0s          
 Analyzing entries 26272 - 26308, now 26304 , sum entries = 36540 . . . Used time: 0s Expected left time: 0s          
 Analyzing entries 26272 - 26308, now 26305 , sum entries = 36540 . . . Used time: 0s Expected left time: 0s          
 Analyzing entries 26272 - 26308, now 26306 , sum entries = 36540 . . . Used time: 0s Expected left time: 0s          
 Analyzing entries 26272 - 26308, now 26307 , sum entries = 36540 . . . Used time: 0s Expected left time: 0s          
 Save to RootFile /extdisk/zlin/Machine_learning/RecoPlanesFeatures/CMS_herwig_HT1000to1500-preVFP_jinitpt450_600_j2pt80_120Reco/Chunk71_Part9.root . . . Used time: 0s Expected left time: 0s          
 Save to RootFile /extdisk/zlin/Machine_learning/RecoPlanesFeatures/CMS_herwig_HT1000to1500-preVFP_jinitpt450_600_j2pt80_120Reco/Chunk71_Part9.root . . . Used time: 0s Expected left time: 0s          
 Save to RootFile /extdisk/zlin/Machine_learning/RecoPlanesFeatures/CMS_herwig_HT1000to1500-preVFP_jinitpt450_600_j2pt80_120Reco/Chunk71_Part9.root . . . Used time: 0s Expected left time: 0s          
 Save to RootFile /extdisk/zlin/Machine_learning/RecoPlanesFeatures/CMS_herwig_HT1000to1500-preVFP_jinitpt450_600_j2pt80_120Reco/Chunk71_Part9.root . . . Used time: 0s Expected left time: 0s          
 Save to RootFile /extdisk/zlin/Machine_learning/RecoPlanesFeatures/CMS_herwig_HT1000to1500-preVFP_jinitpt450_600_j2pt80_120Reco/Chunk71_Part9.root . . . Used time: 0s Expected left time: 0s          
 Save to RootFile /extdisk/zlin/Machine_learning/RecoPlanesFeatures/CMS_herwig_HT1000to1500-preVFP_jinitpt450_600_j2pt80_120Reco/Chunk71_Part9.root . . . Used time: 0s Expected left time: 0s          
 Save to RootFile /extdisk/zlin/Machine_learning/RecoPlanesFeatures/CMS_herwig_HT1000to1500-preVFP_jinitpt450_600_j2pt80_120Reco/Chunk71_Part9.root . . . Used time: 0s Expected left time: 0s          
 Save to RootFile /extdisk/zlin/Machine_learning/RecoPlanesFeatures/CMS_herwig_HT1000to1500-preVFP_jinitpt450_600_j2pt80_120Reco/Chunk71_Part9.root . . . Used time: 0s Expected left time: 0s          
