Warning in <TFile::Init>: file /extdisk/zlin/Machine_learning/RecoPlanes/CMS_herwig_HT1000to1500-preVFP/Chunk19_Part0.root probably not closed, trying to recover
Warning in <TFile::Init>: no keys recovered, file has been made a Zombie
Warning in <TFile::Init>: file /extdisk/zlin/Machine_learning/RecoPlanes/CMS_herwig_HT1000to1500-preVFP/Chunk39_Part0.root probably not closed, trying to recover
Warning in <TFile::Init>: no keys recovered, file has been made a Zombie
Warning in <TFile::Init>: file /extdisk/zlin/Machine_learning/RecoPlanes/CMS_herwig_HT1000to1500-preVFP/Chunk41_Part0.root probably not closed, trying to recover
Warning in <TFile::Init>: no keys recovered, file has been made a Zombie
Warning in <TFile::Init>: file /extdisk/zlin/Machine_learning/RecoPlanes/CMS_herwig_HT1000to1500-preVFP/Chunk52_Part0.root probably not closed, trying to recover
Warning in <TFile::Init>: no keys recovered, file has been made a Zombie
Warning in <TFile::Init>: file /extdisk/zlin/Machine_learning/RecoPlanes/CMS_herwig_HT1000to1500-preVFP/Chunk89_Part0.root probably not closed, trying to recover
Info in <TFile::Recover>: /extdisk/zlin/Machine_learning/RecoPlanes/CMS_herwig_HT1000to1500-preVFP/Chunk89_Part0.root, recovered key TTree:DataInfo at address 2211461
Warning in <TFile::Init>: successfully recovered 1 keys
 Analyzing entries 34347 - 34387, now 34347 , sum entries = 40890 . . . Used time: 0s Expected left time: 0s          
 Analyzing entries 34347 - 34387, now 34348 , sum entries = 40890 . . . Used time: 0s Expected left time: 0s          
 Analyzing entries 34347 - 34387, now 34349 , sum entries = 40890 . . . Used time: 0s Expected left time: 0s          
 Analyzing entries 34347 - 34387, now 34350 , sum entries = 40890 . . . Used time: 0s Expected left time: 0s          
 Analyzing entries 34347 - 34387, now 34351 , sum entries = 40890 . . . Used time: 0s Expected left time: 0s          
 Analyzing entries 34347 - 34387, now 34352 , sum entries = 40890 . . . Used time: 0s Expected left time: 0s          
 Analyzing entries 34347 - 34387, now 34353 , sum entries = 40890 . . . Used time: 0s Expected left time: 0s          
 Analyzing entries 34347 - 34387, now 34354 , sum entries = 40890 . . . Used time: 0s Expected left time: 0s          
 Analyzing entries 34347 - 34387, now 34355 , sum entries = 40890 . . . Used time: 0s Expected left time: 0s          
 Analyzing entries 34347 - 34387, now 34356 , sum entries = 40890 . . . Used time: 0s Expected left time: 0s          
 Analyzing entries 34347 - 34387, now 34357 , sum entries = 40890 . . . Used time: 0s Expected left time: 0s          
 Analyzing entries 34347 - 34387, now 34358 , sum entries = 40890 . . . Used time: 0s Expected left time: 0s          
 Analyzing entries 34347 - 34387, now 34359 , sum entries = 40890 . . . Used time: 0s Expected left time: 0s          
 Analyzing entries 34347 - 34387, now 34360 , sum entries = 40890 . . . Used time: 0s Expected left time: 0s          
 Analyzing entries 34347 - 34387, now 34361 , sum entries = 40890 . . . Used time: 0s Expected left time: 0s          
 Analyzing entries 34347 - 34387, now 34362 , sum entries = 40890 . . . Used time: 0s Expected left time: 0s          
 Analyzing entries 34347 - 34387, now 34363 , sum entries = 40890 . . . Used time: 0s Expected left time: 0s          
 Analyzing entries 34347 - 34387, now 34364 , sum entries = 40890 . . . Used time: 0s Expected left time: 0s          
 Analyzing entries 34347 - 34387, now 34365 , sum entries = 40890 . . . Used time: 0s Expected left time: 0s          
 Analyzing entries 34347 - 34387, now 34366 , sum entries = 40890 . . . Used time: 0s Expected left time: 0s          
 Analyzing entries 34347 - 34387, now 34367 , sum entries = 40890 . . . Used time: 0s Expected left time: 0s          
 Analyzing entries 34347 - 34387, now 34368 , sum entries = 40890 . . . Used time: 0s Expected left time: 0s          
 Analyzing entries 34347 - 34387, now 34369 , sum entries = 40890 . . . Used time: 0s Expected left time: 0s          
 Analyzing entries 34347 - 34387, now 34370 , sum entries = 40890 . . . Used time: 0s Expected left time: 0s          
 Analyzing entries 34347 - 34387, now 34371 , sum entries = 40890 . . . Used time: 0s Expected left time: 0s          
 Analyzing entries 34347 - 34387, now 34372 , sum entries = 40890 . . . Used time: 0s Expected left time: 0s          
 Analyzing entries 34347 - 34387, now 34373 , sum entries = 40890 . . . Used time: 0s Expected left time: 0s          
 Analyzing entries 34347 - 34387, now 34374 , sum entries = 40890 . . . Used time: 0s Expected left time: 0s          
 Analyzing entries 34347 - 34387, now 34375 , sum entries = 40890 . . . Used time: 0s Expected left time: 0s          
 Analyzing entries 34347 - 34387, now 34376 , sum entries = 40890 . . . Used time: 0s Expected left time: 0s          
 Analyzing entries 34347 - 34387, now 34377 , sum entries = 40890 . . . Used time: 0s Expected left time: 0s          
 Analyzing entries 34347 - 34387, now 34378 , sum entries = 40890 . . . Used time: 0s Expected left time: 0s          
 Analyzing entries 34347 - 34387, now 34379 , sum entries = 40890 . . . Used time: 0s Expected left time: 0s          
 Analyzing entries 34347 - 34387, now 34380 , sum entries = 40890 . . . Used time: 0s Expected left time: 0s          
 Analyzing entries 34347 - 34387, now 34381 , sum entries = 40890 . . . Used time: 0s Expected left time: 0s          
 Analyzing entries 34347 - 34387, now 34382 , sum entries = 40890 . . . Used time: 0s Expected left time: 0s          
 Analyzing entries 34347 - 34387, now 34383 , sum entries = 40890 . . . Used time: 0s Expected left time: 0s          
 Analyzing entries 34347 - 34387, now 34384 , sum entries = 40890 . . . Used time: 0s Expected left time: 0s          
 Analyzing entries 34347 - 34387, now 34385 , sum entries = 40890 . . . Used time: 0s Expected left time: 0s          
 Analyzing entries 34347 - 34387, now 34386 , sum entries = 40890 . . . Used time: 0s Expected left time: 0s          
 Save to RootFile /extdisk/zlin/Machine_learning/RecoPlanesFeatures/CMS_herwig_HT1000to1500-preVFP_jinitpt450_600_j2pt80_120Reco/Chunk84_Part0.root . . . Used time: 0s Expected left time: 0s          
 Save to RootFile /extdisk/zlin/Machine_learning/RecoPlanesFeatures/CMS_herwig_HT1000to1500-preVFP_jinitpt450_600_j2pt80_120Reco/Chunk84_Part0.root . . . Used time: 0s Expected left time: 0s          
 Save to RootFile /extdisk/zlin/Machine_learning/RecoPlanesFeatures/CMS_herwig_HT1000to1500-preVFP_jinitpt450_600_j2pt80_120Reco/Chunk84_Part0.root . . . Used time: 0s Expected left time: 0s          
 Save to RootFile /extdisk/zlin/Machine_learning/RecoPlanesFeatures/CMS_herwig_HT1000to1500-preVFP_jinitpt450_600_j2pt80_120Reco/Chunk84_Part0.root . . . Used time: 0s Expected left time: 0s          
 Analyzing entries 34388 - 34428, now 34388 , sum entries = 40890 . . . Used time: 0s Expected left time: 0s          
 Analyzing entries 34388 - 34428, now 34389 , sum entries = 40890 . . . Used time: 0s Expected left time: 0s          
 Analyzing entries 34388 - 34428, now 34390 , sum entries = 40890 . . . Used time: 0s Expected left time: 0s          
 Analyzing entries 34388 - 34428, now 34391 , sum entries = 40890 . . . Used time: 0s Expected left time: 0s          
 Analyzing entries 34388 - 34428, now 34392 , sum entries = 40890 . . . Used time: 0s Expected left time: 0s          
 Analyzing entries 34388 - 34428, now 34393 , sum entries = 40890 . . . Used time: 0s Expected left time: 0s          
 Analyzing entries 34388 - 34428, now 34394 , sum entries = 40890 . . . Used time: 0s Expected left time: 0s          
 Analyzing entries 34388 - 34428, now 34395 , sum entries = 40890 . . . Used time: 0s Expected left time: 0s          
 Analyzing entries 34388 - 34428, now 34396 , sum entries = 40890 . . . Used time: 0s Expected left time: 0s          
 Analyzing entries 34388 - 34428, now 34397 , sum entries = 40890 . . . Used time: 0s Expected left time: 0s          
 Analyzing entries 34388 - 34428, now 34398 , sum entries = 40890 . . . Used time: 0s Expected left time: 0s          
 Analyzing entries 34388 - 34428, now 34399 , sum entries = 40890 . . . Used time: 0s Expected left time: 0s          
 Analyzing entries 34388 - 34428, now 34400 , sum entries = 40890 . . . Used time: 0s Expected left time: 0s          
 Analyzing entries 34388 - 34428, now 34401 , sum entries = 40890 . . . Used time: 0s Expected left time: 0s          
 Analyzing entries 34388 - 34428, now 34402 , sum entries = 40890 . . . Used time: 0s Expected left time: 0s          
 Analyzing entries 34388 - 34428, now 34403 , sum entries = 40890 . . . Used time: 0s Expected left time: 0s          
 Analyzing entries 34388 - 34428, now 34404 , sum entries = 40890 . . . Used time: 0s Expected left time: 0s          
 Analyzing entries 34388 - 34428, now 34405 , sum entries = 40890 . . . Used time: 0s Expected left time: 0s          
 Analyzing entries 34388 - 34428, now 34406 , sum entries = 40890 . . . Used time: 0s Expected left time: 0s          
 Analyzing entries 34388 - 34428, now 34407 , sum entries = 40890 . . . Used time: 0s Expected left time: 0s          
 Analyzing entries 34388 - 34428, now 34408 , sum entries = 40890 . . . Used time: 0s Expected left time: 0s          
 Analyzing entries 34388 - 34428, now 34409 , sum entries = 40890 . . . Used time: 0s Expected left time: 0s          
 Analyzing entries 34388 - 34428, now 34410 , sum entries = 40890 . . . Used time: 0s Expected left time: 0s          
 Analyzing entries 34388 - 34428, now 34411 , sum entries = 40890 . . . Used time: 0s Expected left time: 0s          
 Analyzing entries 34388 - 34428, now 34412 , sum entries = 40890 . . . Used time: 0s Expected left time: 0s          
 Analyzing entries 34388 - 34428, now 34413 , sum entries = 40890 . . . Used time: 0s Expected left time: 0s          
 Analyzing entries 34388 - 34428, now 34414 , sum entries = 40890 . . . Used time: 0s Expected left time: 0s          
 Analyzing entries 34388 - 34428, now 34415 , sum entries = 40890 . . . Used time: 0s Expected left time: 0s          
 Analyzing entries 34388 - 34428, now 34416 , sum entries = 40890 . . . Used time: 0s Expected left time: 0s          
 Analyzing entries 34388 - 34428, now 34417 , sum entries = 40890 . . . Used time: 0s Expected left time: 0s          
 Analyzing entries 34388 - 34428, now 34418 , sum entries = 40890 . . . Used time: 0s Expected left time: 0s          
 Analyzing entries 34388 - 34428, now 34419 , sum entries = 40890 . . . Used time: 0s Expected left time: 0s          
 Analyzing entries 34388 - 34428, now 34420 , sum entries = 40890 . . . Used time: 0s Expected left time: 0s          
 Analyzing entries 34388 - 34428, now 34421 , sum entries = 40890 . . . Used time: 0s Expected left time: 0s          
 Analyzing entries 34388 - 34428, now 34422 , sum entries = 40890 . . . Used time: 0s Expected left time: 0s          
 Analyzing entries 34388 - 34428, now 34423 , sum entries = 40890 . . . Used time: 0s Expected left time: 0s          
 Analyzing entries 34388 - 34428, now 34424 , sum entries = 40890 . . . Used time: 0s Expected left time: 0s          
 Analyzing entries 34388 - 34428, now 34425 , sum entries = 40890 . . . Used time: 0s Expected left time: 0s          
 Analyzing entries 34388 - 34428, now 34426 , sum entries = 40890 . . . Used time: 0s Expected left time: 0s          
 Analyzing entries 34388 - 34428, now 34427 , sum entries = 40890 . . . Used time: 0s Expected left time: 0s          
 Save to RootFile /extdisk/zlin/Machine_learning/RecoPlanesFeatures/CMS_herwig_HT1000to1500-preVFP_jinitpt450_600_j2pt80_120Reco/Chunk84_Part1.root . . . Used time: 0s Expected left time: 0s          
 Save to RootFile /extdisk/zlin/Machine_learning/RecoPlanesFeatures/CMS_herwig_HT1000to1500-preVFP_jinitpt450_600_j2pt80_120Reco/Chunk84_Part1.root . . . Used time: 0s Expected left time: 0s          
 Save to RootFile /extdisk/zlin/Machine_learning/RecoPlanesFeatures/CMS_herwig_HT1000to1500-preVFP_jinitpt450_600_j2pt80_120Reco/Chunk84_Part1.root . . . Used time: 0s Expected left time: 0s          
 Save to RootFile /extdisk/zlin/Machine_learning/RecoPlanesFeatures/CMS_herwig_HT1000to1500-preVFP_jinitpt450_600_j2pt80_120Reco/Chunk84_Part1.root . . . Used time: 0s Expected left time: 0s          
 Save to RootFile /extdisk/zlin/Machine_learning/RecoPlanesFeatures/CMS_herwig_HT1000to1500-preVFP_jinitpt450_600_j2pt80_120Reco/Chunk84_Part1.root . . . Used time: 0s Expected left time: 0s          
 Save to RootFile /extdisk/zlin/Machine_learning/RecoPlanesFeatures/CMS_herwig_HT1000to1500-preVFP_jinitpt450_600_j2pt80_120Reco/Chunk84_Part1.root . . . Used time: 0s Expected left time: 0s          
 Save to RootFile /extdisk/zlin/Machine_learning/RecoPlanesFeatures/CMS_herwig_HT1000to1500-preVFP_jinitpt450_600_j2pt80_120Reco/Chunk84_Part1.root . . . Used time: 0s Expected left time: 0s          
 Analyzing entries 34429 - 34469, now 34429 , sum entries = 40890 . . . Used time: 0s Expected left time: 0s          
 Analyzing entries 34429 - 34469, now 34430 , sum entries = 40890 . . . Used time: 0s Expected left time: 0s          
 Analyzing entries 34429 - 34469, now 34431 , sum entries = 40890 . . . Used time: 0s Expected left time: 0s          
 Analyzing entries 34429 - 34469, now 34432 , sum entries = 40890 . . . Used time: 0s Expected left time: 0s          
 Analyzing entries 34429 - 34469, now 34433 , sum entries = 40890 . . . Used time: 0s Expected left time: 0s          
 Analyzing entries 34429 - 34469, now 34434 , sum entries = 40890 . . . Used time: 0s Expected left time: 0s          
 Analyzing entries 34429 - 34469, now 34435 , sum entries = 40890 . . . Used time: 0s Expected left time: 0s          
 Analyzing entries 34429 - 34469, now 34436 , sum entries = 40890 . . . Used time: 0s Expected left time: 0s          
 Analyzing entries 34429 - 34469, now 34437 , sum entries = 40890 . . . Used time: 0s Expected left time: 0s          
 Analyzing entries 34429 - 34469, now 34438 , sum entries = 40890 . . . Used time: 0s Expected left time: 0s          
 Analyzing entries 34429 - 34469, now 34439 , sum entries = 40890 . . . Used time: 0s Expected left time: 0s          
 Analyzing entries 34429 - 34469, now 34440 , sum entries = 40890 . . . Used time: 0s Expected left time: 0s          
 Analyzing entries 34429 - 34469, now 34441 , sum entries = 40890 . . . Used time: 0s Expected left time: 0s          
 Analyzing entries 34429 - 34469, now 34442 , sum entries = 40890 . . . Used time: 0s Expected left time: 0s          
 Analyzing entries 34429 - 34469, now 34443 , sum entries = 40890 . . . Used time: 0s Expected left time: 0s          
 Analyzing entries 34429 - 34469, now 34444 , sum entries = 40890 . . . Used time: 0s Expected left time: 0s          
 Analyzing entries 34429 - 34469, now 34445 , sum entries = 40890 . . . Used time: 0s Expected left time: 0s          
 Analyzing entries 34429 - 34469, now 34446 , sum entries = 40890 . . . Used time: 0s Expected left time: 0s          
 Analyzing entries 34429 - 34469, now 34447 , sum entries = 40890 . . . Used time: 0s Expected left time: 0s          
 Analyzing entries 34429 - 34469, now 34448 , sum entries = 40890 . . . Used time: 0s Expected left time: 0s          
 Analyzing entries 34429 - 34469, now 34449 , sum entries = 40890 . . . Used time: 0s Expected left time: 0s          
 Analyzing entries 34429 - 34469, now 34450 , sum entries = 40890 . . . Used time: 0s Expected left time: 0s          
 Analyzing entries 34429 - 34469, now 34451 , sum entries = 40890 . . . Used time: 0s Expected left time: 0s          
 Analyzing entries 34429 - 34469, now 34452 , sum entries = 40890 . . . Used time: 0s Expected left time: 0s          
 Analyzing entries 34429 - 34469, now 34453 , sum entries = 40890 . . . Used time: 0s Expected left time: 0s          
 Analyzing entries 34429 - 34469, now 34454 , sum entries = 40890 . . . Used time: 0s Expected left time: 0s          
 Analyzing entries 34429 - 34469, now 34455 , sum entries = 40890 . . . Used time: 0s Expected left time: 0s          
 Analyzing entries 34429 - 34469, now 34456 , sum entries = 40890 . . . Used time: 0s Expected left time: 0s          
 Analyzing entries 34429 - 34469, now 34457 , sum entries = 40890 . . . Used time: 0s Expected left time: 0s          
 Analyzing entries 34429 - 34469, now 34458 , sum entries = 40890 . . . Used time: 0s Expected left time: 0s          
 Analyzing entries 34429 - 34469, now 34459 , sum entries = 40890 . . . Used time: 0s Expected left time: 0s          
 Analyzing entries 34429 - 34469, now 34460 , sum entries = 40890 . . . Used time: 0s Expected left time: 0s          
 Analyzing entries 34429 - 34469, now 34461 , sum entries = 40890 . . . Used time: 0s Expected left time: 0s          
 Analyzing entries 34429 - 34469, now 34462 , sum entries = 40890 . . . Used time: 0s Expected left time: 0s          
 Analyzing entries 34429 - 34469, now 34463 , sum entries = 40890 . . . Used time: 0s Expected left time: 0s          
 Analyzing entries 34429 - 34469, now 34464 , sum entries = 40890 . . . Used time: 0s Expected left time: 0s          
 Analyzing entries 34429 - 34469, now 34465 , sum entries = 40890 . . . Used time: 0s Expected left time: 0s          
 Analyzing entries 34429 - 34469, now 34466 , sum entries = 40890 . . . Used time: 0s Expected left time: 0s          
 Analyzing entries 34429 - 34469, now 34467 , sum entries = 40890 . . . Used time: 0s Expected left time: 0s          
 Analyzing entries 34429 - 34469, now 34468 , sum entries = 40890 . . . Used time: 0s Expected left time: 0s          
 Save to RootFile /extdisk/zlin/Machine_learning/RecoPlanesFeatures/CMS_herwig_HT1000to1500-preVFP_jinitpt450_600_j2pt80_120Reco/Chunk84_Part2.root . . . Used time: 0s Expected left time: 0s          
 Save to RootFile /extdisk/zlin/Machine_learning/RecoPlanesFeatures/CMS_herwig_HT1000to1500-preVFP_jinitpt450_600_j2pt80_120Reco/Chunk84_Part2.root . . . Used time: 0s Expected left time: 0s          
 Save to RootFile /extdisk/zlin/Machine_learning/RecoPlanesFeatures/CMS_herwig_HT1000to1500-preVFP_jinitpt450_600_j2pt80_120Reco/Chunk84_Part2.root . . . Used time: 0s Expected left time: 0s          
 Analyzing entries 34470 - 34510, now 34470 , sum entries = 40890 . . . Used time: 0s Expected left time: 0s          
 Analyzing entries 34470 - 34510, now 34471 , sum entries = 40890 . . . Used time: 0s Expected left time: 0s          
 Analyzing entries 34470 - 34510, now 34472 , sum entries = 40890 . . . Used time: 0s Expected left time: 0s          
 Analyzing entries 34470 - 34510, now 34473 , sum entries = 40890 . . . Used time: 0s Expected left time: 0s          
 Analyzing entries 34470 - 34510, now 34474 , sum entries = 40890 . . . Used time: 0s Expected left time: 0s          
 Analyzing entries 34470 - 34510, now 34475 , sum entries = 40890 . . . Used time: 0s Expected left time: 0s          
 Analyzing entries 34470 - 34510, now 34476 , sum entries = 40890 . . . Used time: 0s Expected left time: 0s          
 Analyzing entries 34470 - 34510, now 34477 , sum entries = 40890 . . . Used time: 0s Expected left time: 0s          
 Analyzing entries 34470 - 34510, now 34478 , sum entries = 40890 . . . Used time: 0s Expected left time: 0s          
 Analyzing entries 34470 - 34510, now 34479 , sum entries = 40890 . . . Used time: 0s Expected left time: 0s          
 Analyzing entries 34470 - 34510, now 34480 , sum entries = 40890 . . . Used time: 0s Expected left time: 0s          
 Analyzing entries 34470 - 34510, now 34481 , sum entries = 40890 . . . Used time: 0s Expected left time: 0s          
 Analyzing entries 34470 - 34510, now 34482 , sum entries = 40890 . . . Used time: 0s Expected left time: 0s          
 Analyzing entries 34470 - 34510, now 34483 , sum entries = 40890 . . . Used time: 0s Expected left time: 0s          
 Analyzing entries 34470 - 34510, now 34484 , sum entries = 40890 . . . Used time: 0s Expected left time: 0s          
 Analyzing entries 34470 - 34510, now 34485 , sum entries = 40890 . . . Used time: 0s Expected left time: 0s          
 Analyzing entries 34470 - 34510, now 34486 , sum entries = 40890 . . . Used time: 0s Expected left time: 0s          
 Analyzing entries 34470 - 34510, now 34487 , sum entries = 40890 . . . Used time: 0s Expected left time: 0s          
 Analyzing entries 34470 - 34510, now 34488 , sum entries = 40890 . . . Used time: 0s Expected left time: 0s          
 Analyzing entries 34470 - 34510, now 34489 , sum entries = 40890 . . . Used time: 0s Expected left time: 0s          
 Analyzing entries 34470 - 34510, now 34490 , sum entries = 40890 . . . Used time: 0s Expected left time: 0s          
 Analyzing entries 34470 - 34510, now 34491 , sum entries = 40890 . . . Used time: 0s Expected left time: 0s          
 Analyzing entries 34470 - 34510, now 34492 , sum entries = 40890 . . . Used time: 0s Expected left time: 0s          
 Analyzing entries 34470 - 34510, now 34493 , sum entries = 40890 . . . Used time: 0s Expected left time: 0s          
 Analyzing entries 34470 - 34510, now 34494 , sum entries = 40890 . . . Used time: 0s Expected left time: 0s          
 Analyzing entries 34470 - 34510, now 34495 , sum entries = 40890 . . . Used time: 0s Expected left time: 0s          
 Analyzing entries 34470 - 34510, now 34496 , sum entries = 40890 . . . Used time: 0s Expected left time: 0s          
 Analyzing entries 34470 - 34510, now 34497 , sum entries = 40890 . . . Used time: 0s Expected left time: 0s          
 Analyzing entries 34470 - 34510, now 34498 , sum entries = 40890 . . . Used time: 0s Expected left time: 0s          
 Analyzing entries 34470 - 34510, now 34499 , sum entries = 40890 . . . Used time: 0s Expected left time: 0s          
 Analyzing entries 34470 - 34510, now 34500 , sum entries = 40890 . . . Used time: 0s Expected left time: 0s          
 Analyzing entries 34470 - 34510, now 34501 , sum entries = 40890 . . . Used time: 0s Expected left time: 0s          
 Analyzing entries 34470 - 34510, now 34502 , sum entries = 40890 . . . Used time: 0s Expected left time: 0s          
 Analyzing entries 34470 - 34510, now 34503 , sum entries = 40890 . . . Used time: 0s Expected left time: 0s          
 Analyzing entries 34470 - 34510, now 34504 , sum entries = 40890 . . . Used time: 0s Expected left time: 0s          
 Analyzing entries 34470 - 34510, now 34505 , sum entries = 40890 . . . Used time: 0s Expected left time: 0s          
 Analyzing entries 34470 - 34510, now 34506 , sum entries = 40890 . . . Used time: 0s Expected left time: 0s          
 Analyzing entries 34470 - 34510, now 34507 , sum entries = 40890 . . . Used time: 0s Expected left time: 0s          
 Analyzing entries 34470 - 34510, now 34508 , sum entries = 40890 . . . Used time: 0s Expected left time: 0s          
 Analyzing entries 34470 - 34510, now 34509 , sum entries = 40890 . . . Used time: 0s Expected left time: 0s          
 Save to RootFile /extdisk/zlin/Machine_learning/RecoPlanesFeatures/CMS_herwig_HT1000to1500-preVFP_jinitpt450_600_j2pt80_120Reco/Chunk84_Part3.root . . . Used time: 0s Expected left time: 0s          
 Save to RootFile /extdisk/zlin/Machine_learning/RecoPlanesFeatures/CMS_herwig_HT1000to1500-preVFP_jinitpt450_600_j2pt80_120Reco/Chunk84_Part3.root . . . Used time: 0s Expected left time: 0s          
 Analyzing entries 34511 - 34551, now 34511 , sum entries = 40890 . . . Used time: 0s Expected left time: 0s          
 Analyzing entries 34511 - 34551, now 34512 , sum entries = 40890 . . . Used time: 0s Expected left time: 0s          
 Analyzing entries 34511 - 34551, now 34513 , sum entries = 40890 . . . Used time: 0s Expected left time: 0s          
 Analyzing entries 34511 - 34551, now 34514 , sum entries = 40890 . . . Used time: 0s Expected left time: 0s          
 Analyzing entries 34511 - 34551, now 34515 , sum entries = 40890 . . . Used time: 0s Expected left time: 0s          
 Analyzing entries 34511 - 34551, now 34516 , sum entries = 40890 . . . Used time: 0s Expected left time: 0s          
 Analyzing entries 34511 - 34551, now 34517 , sum entries = 40890 . . . Used time: 0s Expected left time: 0s          
 Analyzing entries 34511 - 34551, now 34518 , sum entries = 40890 . . . Used time: 0s Expected left time: 0s          
 Analyzing entries 34511 - 34551, now 34519 , sum entries = 40890 . . . Used time: 0s Expected left time: 0s          
 Analyzing entries 34511 - 34551, now 34520 , sum entries = 40890 . . . Used time: 0s Expected left time: 0s          
 Analyzing entries 34511 - 34551, now 34521 , sum entries = 40890 . . . Used time: 0s Expected left time: 0s          
 Analyzing entries 34511 - 34551, now 34522 , sum entries = 40890 . . . Used time: 0s Expected left time: 0s          
 Analyzing entries 34511 - 34551, now 34523 , sum entries = 40890 . . . Used time: 0s Expected left time: 0s          
 Analyzing entries 34511 - 34551, now 34524 , sum entries = 40890 . . . Used time: 0s Expected left time: 0s          
 Analyzing entries 34511 - 34551, now 34525 , sum entries = 40890 . . . Used time: 0s Expected left time: 0s          
 Analyzing entries 34511 - 34551, now 34526 , sum entries = 40890 . . . Used time: 0s Expected left time: 0s          
 Analyzing entries 34511 - 34551, now 34527 , sum entries = 40890 . . . Used time: 0s Expected left time: 0s          
 Analyzing entries 34511 - 34551, now 34528 , sum entries = 40890 . . . Used time: 0s Expected left time: 0s          
 Analyzing entries 34511 - 34551, now 34529 , sum entries = 40890 . . . Used time: 0s Expected left time: 0s          
 Analyzing entries 34511 - 34551, now 34530 , sum entries = 40890 . . . Used time: 0s Expected left time: 0s          
 Analyzing entries 34511 - 34551, now 34531 , sum entries = 40890 . . . Used time: 0s Expected left time: 0s          
 Analyzing entries 34511 - 34551, now 34532 , sum entries = 40890 . . . Used time: 0s Expected left time: 0s          
 Analyzing entries 34511 - 34551, now 34533 , sum entries = 40890 . . . Used time: 0s Expected left time: 0s          
 Analyzing entries 34511 - 34551, now 34534 , sum entries = 40890 . . . Used time: 0s Expected left time: 0s          
 Analyzing entries 34511 - 34551, now 34535 , sum entries = 40890 . . . Used time: 0s Expected left time: 0s          
 Analyzing entries 34511 - 34551, now 34536 , sum entries = 40890 . . . Used time: 0s Expected left time: 0s          
 Analyzing entries 34511 - 34551, now 34537 , sum entries = 40890 . . . Used time: 0s Expected left time: 0s          
 Analyzing entries 34511 - 34551, now 34538 , sum entries = 40890 . . . Used time: 0s Expected left time: 0s          
 Analyzing entries 34511 - 34551, now 34539 , sum entries = 40890 . . . Used time: 0s Expected left time: 0s          
 Analyzing entries 34511 - 34551, now 34540 , sum entries = 40890 . . . Used time: 0s Expected left time: 0s          
 Analyzing entries 34511 - 34551, now 34541 , sum entries = 40890 . . . Used time: 0s Expected left time: 0s          
 Analyzing entries 34511 - 34551, now 34542 , sum entries = 40890 . . . Used time: 0s Expected left time: 0s          
 Analyzing entries 34511 - 34551, now 34543 , sum entries = 40890 . . . Used time: 0s Expected left time: 0s          
 Analyzing entries 34511 - 34551, now 34544 , sum entries = 40890 . . . Used time: 0s Expected left time: 0s          
 Analyzing entries 34511 - 34551, now 34545 , sum entries = 40890 . . . Used time: 0s Expected left time: 0s          
 Analyzing entries 34511 - 34551, now 34546 , sum entries = 40890 . . . Used time: 0s Expected left time: 0s          
 Analyzing entries 34511 - 34551, now 34547 , sum entries = 40890 . . . Used time: 0s Expected left time: 0s          
 Analyzing entries 34511 - 34551, now 34548 , sum entries = 40890 . . . Used time: 0s Expected left time: 0s          
 Analyzing entries 34511 - 34551, now 34549 , sum entries = 40890 . . . Used time: 0s Expected left time: 0s          
 Analyzing entries 34511 - 34551, now 34550 , sum entries = 40890 . . . Used time: 0s Expected left time: 0s          
terminate called after throwing an instance of 'std::out_of_range'
  what():  vector::_M_range_check: __n (which is 0) >= this->size() (which is 0)
