Warning in <TFile::Init>: file /extdisk/zlin/Machine_learning/RecoPlanes/CMS_herwig_HT1000to1500-preVFP/Chunk25_Part0.root probably not closed, trying to recover
Warning in <TFile::Init>: no keys recovered, file has been made a Zombie
Warning in <TFile::Init>: file /extdisk/zlin/Machine_learning/RecoPlanes/CMS_herwig_HT1000to1500-preVFP/Chunk35_Part0.root probably not closed, trying to recover
Info in <TFile::Recover>: /extdisk/zlin/Machine_learning/RecoPlanes/CMS_herwig_HT1000to1500-preVFP/Chunk35_Part0.root, recovered key TTree:DataInfo at address 2214506
Warning in <TFile::Init>: successfully recovered 1 keys
Warning in <TFile::Init>: file /extdisk/zlin/Machine_learning/RecoPlanes/CMS_herwig_HT1000to1500-preVFP/Chunk38_Part0.root probably not closed, trying to recover
Warning in <TFile::Init>: no keys recovered, file has been made a Zombie
Warning in <TFile::Init>: file /extdisk/zlin/Machine_learning/RecoPlanes/CMS_herwig_HT1000to1500-preVFP/Chunk39_Part0.root probably not closed, trying to recover
Warning in <TFile::Init>: no keys recovered, file has been made a Zombie
Warning in <TFile::Init>: file /extdisk/zlin/Machine_learning/RecoPlanes/CMS_herwig_HT1000to1500-preVFP/Chunk75_Part0.root probably not closed, trying to recover
Warning in <TFile::Init>: no keys recovered, file has been made a Zombie
Warning in <TFile::Init>: file /extdisk/zlin/Machine_learning/RecoPlanes/CMS_herwig_HT1000to1500-preVFP/Chunk89_Part0.root probably not closed, trying to recover
Warning in <TFile::Init>: no keys recovered, file has been made a Zombie
Warning in <TFile::Init>: file /extdisk/zlin/Machine_learning/RecoPlanes/CMS_herwig_HT1000to1500-preVFP/Chunk92_Part0.root probably not closed, trying to recover
Warning in <TFile::Init>: no keys recovered, file has been made a Zombie
Warning in <TFile::Init>: file /extdisk/zlin/Machine_learning/RecoPlanes/CMS_herwig_HT1000to1500-preVFP/Chunk96_Part0.root probably not closed, trying to recover
Warning in <TFile::Init>: no keys recovered, file has been made a Zombie
 Analyzing entries 25634 - 25664, now 25634 , sum entries = 30885 . . . Used time: 0s Expected left time: 0s          
 Analyzing entries 25634 - 25664, now 25635 , sum entries = 30885 . . . Used time: 0s Expected left time: 0s          
 Analyzing entries 25634 - 25664, now 25636 , sum entries = 30885 . . . Used time: 0s Expected left time: 0s          
 Analyzing entries 25634 - 25664, now 25637 , sum entries = 30885 . . . Used time: 0s Expected left time: 0s          
 Analyzing entries 25634 - 25664, now 25638 , sum entries = 30885 . . . Used time: 0s Expected left time: 0s          
 Analyzing entries 25634 - 25664, now 25639 , sum entries = 30885 . . . Used time: 0s Expected left time: 0s          
 Analyzing entries 25634 - 25664, now 25640 , sum entries = 30885 . . . Used time: 0s Expected left time: 0s          
 Analyzing entries 25634 - 25664, now 25641 , sum entries = 30885 . . . Used time: 0s Expected left time: 0s          
 Analyzing entries 25634 - 25664, now 25642 , sum entries = 30885 . . . Used time: 0s Expected left time: 0s          
 Analyzing entries 25634 - 25664, now 25643 , sum entries = 30885 . . . Used time: 0s Expected left time: 0s          
 Analyzing entries 25634 - 25664, now 25644 , sum entries = 30885 . . . Used time: 0s Expected left time: 0s          
 Analyzing entries 25634 - 25664, now 25645 , sum entries = 30885 . . . Used time: 0s Expected left time: 0s          
 Analyzing entries 25634 - 25664, now 25646 , sum entries = 30885 . . . Used time: 0s Expected left time: 0s          
 Analyzing entries 25634 - 25664, now 25647 , sum entries = 30885 . . . Used time: 0s Expected left time: 0s          
 Analyzing entries 25634 - 25664, now 25648 , sum entries = 30885 . . . Used time: 0s Expected left time: 0s          
 Analyzing entries 25634 - 25664, now 25649 , sum entries = 30885 . . . Used time: 0s Expected left time: 0s          
 Analyzing entries 25634 - 25664, now 25650 , sum entries = 30885 . . . Used time: 0s Expected left time: 0s          
 Analyzing entries 25634 - 25664, now 25651 , sum entries = 30885 . . . Used time: 0s Expected left time: 0s          
 Analyzing entries 25634 - 25664, now 25652 , sum entries = 30885 . . . Used time: 0s Expected left time: 0s          
 Analyzing entries 25634 - 25664, now 25653 , sum entries = 30885 . . . Used time: 0s Expected left time: 0s          
 Analyzing entries 25634 - 25664, now 25654 , sum entries = 30885 . . . Used time: 0s Expected left time: 0s          
 Analyzing entries 25634 - 25664, now 25655 , sum entries = 30885 . . . Used time: 0s Expected left time: 0s          
 Analyzing entries 25634 - 25664, now 25656 , sum entries = 30885 . . . Used time: 0s Expected left time: 0s          
 Analyzing entries 25634 - 25664, now 25657 , sum entries = 30885 . . . Used time: 0s Expected left time: 0s          
 Analyzing entries 25634 - 25664, now 25658 , sum entries = 30885 . . . Used time: 0s Expected left time: 0s          
 Analyzing entries 25634 - 25664, now 25659 , sum entries = 30885 . . . Used time: 0s Expected left time: 0s          
 Analyzing entries 25634 - 25664, now 25660 , sum entries = 30885 . . . Used time: 0s Expected left time: 0s          
 Analyzing entries 25634 - 25664, now 25661 , sum entries = 30885 . . . Used time: 0s Expected left time: 0s          
 Analyzing entries 25634 - 25664, now 25662 , sum entries = 30885 . . . Used time: 0s Expected left time: 0s          
 Analyzing entries 25634 - 25664, now 25663 , sum entries = 30885 . . . Used time: 0s Expected left time: 0s          
 Save to RootFile /extdisk/zlin/Machine_learning/RecoPlanesFeatures/CMS_herwig_HT1000to1500-preVFP_jinitpt450_600_j2pt80_120Reco/Chunk83_Part0.root . . . Used time: 0s Expected left time: 0s          
 Save to RootFile /extdisk/zlin/Machine_learning/RecoPlanesFeatures/CMS_herwig_HT1000to1500-preVFP_jinitpt450_600_j2pt80_120Reco/Chunk83_Part0.root . . . Used time: 0s Expected left time: 0s          
 Save to RootFile /extdisk/zlin/Machine_learning/RecoPlanesFeatures/CMS_herwig_HT1000to1500-preVFP_jinitpt450_600_j2pt80_120Reco/Chunk83_Part0.root . . . Used time: 0s Expected left time: 0s          
 Save to RootFile /extdisk/zlin/Machine_learning/RecoPlanesFeatures/CMS_herwig_HT1000to1500-preVFP_jinitpt450_600_j2pt80_120Reco/Chunk83_Part0.root . . . Used time: 0s Expected left time: 0s          
 Analyzing entries 25665 - 25695, now 25665 , sum entries = 30885 . . . Used time: 0s Expected left time: 0s          
 Analyzing entries 25665 - 25695, now 25666 , sum entries = 30885 . . . Used time: 0s Expected left time: 0s          
 Analyzing entries 25665 - 25695, now 25667 , sum entries = 30885 . . . Used time: 0s Expected left time: 0s          
 Analyzing entries 25665 - 25695, now 25668 , sum entries = 30885 . . . Used time: 0s Expected left time: 0s          
 Analyzing entries 25665 - 25695, now 25669 , sum entries = 30885 . . . Used time: 0s Expected left time: 0s          
 Analyzing entries 25665 - 25695, now 25670 , sum entries = 30885 . . . Used time: 0s Expected left time: 0s          
 Analyzing entries 25665 - 25695, now 25671 , sum entries = 30885 . . . Used time: 0s Expected left time: 0s          
 Analyzing entries 25665 - 25695, now 25672 , sum entries = 30885 . . . Used time: 0s Expected left time: 0s          
 Analyzing entries 25665 - 25695, now 25673 , sum entries = 30885 . . . Used time: 0s Expected left time: 0s          
 Analyzing entries 25665 - 25695, now 25674 , sum entries = 30885 . . . Used time: 0s Expected left time: 0s          
 Analyzing entries 25665 - 25695, now 25675 , sum entries = 30885 . . . Used time: 0s Expected left time: 0s          
 Analyzing entries 25665 - 25695, now 25676 , sum entries = 30885 . . . Used time: 0s Expected left time: 0s          
 Analyzing entries 25665 - 25695, now 25677 , sum entries = 30885 . . . Used time: 0s Expected left time: 0s          
 Analyzing entries 25665 - 25695, now 25678 , sum entries = 30885 . . . Used time: 0s Expected left time: 0s          
 Analyzing entries 25665 - 25695, now 25679 , sum entries = 30885 . . . Used time: 0s Expected left time: 0s          
 Analyzing entries 25665 - 25695, now 25680 , sum entries = 30885 . . . Used time: 0s Expected left time: 0s          
 Analyzing entries 25665 - 25695, now 25681 , sum entries = 30885 . . . Used time: 0s Expected left time: 0s          
 Analyzing entries 25665 - 25695, now 25682 , sum entries = 30885 . . . Used time: 0s Expected left time: 0s          
 Analyzing entries 25665 - 25695, now 25683 , sum entries = 30885 . . . Used time: 0s Expected left time: 0s          
 Analyzing entries 25665 - 25695, now 25684 , sum entries = 30885 . . . Used time: 0s Expected left time: 0s          
 Analyzing entries 25665 - 25695, now 25685 , sum entries = 30885 . . . Used time: 0s Expected left time: 0s          
 Analyzing entries 25665 - 25695, now 25686 , sum entries = 30885 . . . Used time: 0s Expected left time: 0s          
 Analyzing entries 25665 - 25695, now 25687 , sum entries = 30885 . . . Used time: 0s Expected left time: 0s          
 Analyzing entries 25665 - 25695, now 25688 , sum entries = 30885 . . . Used time: 0s Expected left time: 0s          
 Analyzing entries 25665 - 25695, now 25689 , sum entries = 30885 . . . Used time: 0s Expected left time: 0s          
 Analyzing entries 25665 - 25695, now 25690 , sum entries = 30885 . . . Used time: 0s Expected left time: 0s          
 Analyzing entries 25665 - 25695, now 25691 , sum entries = 30885 . . . Used time: 0s Expected left time: 0s          
 Analyzing entries 25665 - 25695, now 25692 , sum entries = 30885 . . . Used time: 0s Expected left time: 0s          
 Analyzing entries 25665 - 25695, now 25693 , sum entries = 30885 . . . Used time: 0s Expected left time: 0s          
 Analyzing entries 25665 - 25695, now 25694 , sum entries = 30885 . . . Used time: 0s Expected left time: 0s          
 Save to RootFile /extdisk/zlin/Machine_learning/RecoPlanesFeatures/CMS_herwig_HT1000to1500-preVFP_jinitpt450_600_j2pt80_120Reco/Chunk83_Part1.root . . . Used time: 0s Expected left time: 0s          
 Analyzing entries 25696 - 25726, now 25696 , sum entries = 30885 . . . Used time: 0s Expected left time: 0s          
 Analyzing entries 25696 - 25726, now 25697 , sum entries = 30885 . . . Used time: 0s Expected left time: 0s          
 Analyzing entries 25696 - 25726, now 25698 , sum entries = 30885 . . . Used time: 0s Expected left time: 0s          
 Analyzing entries 25696 - 25726, now 25699 , sum entries = 30885 . . . Used time: 0s Expected left time: 0s          
 Analyzing entries 25696 - 25726, now 25700 , sum entries = 30885 . . . Used time: 0s Expected left time: 0s          
 Analyzing entries 25696 - 25726, now 25701 , sum entries = 30885 . . . Used time: 0s Expected left time: 0s          
 Analyzing entries 25696 - 25726, now 25702 , sum entries = 30885 . . . Used time: 0s Expected left time: 0s          
 Analyzing entries 25696 - 25726, now 25703 , sum entries = 30885 . . . Used time: 0s Expected left time: 0s          
 Analyzing entries 25696 - 25726, now 25704 , sum entries = 30885 . . . Used time: 0s Expected left time: 0s          
 Analyzing entries 25696 - 25726, now 25705 , sum entries = 30885 . . . Used time: 0s Expected left time: 0s          
 Analyzing entries 25696 - 25726, now 25706 , sum entries = 30885 . . . Used time: 0s Expected left time: 0s          
 Analyzing entries 25696 - 25726, now 25707 , sum entries = 30885 . . . Used time: 0s Expected left time: 0s          
 Analyzing entries 25696 - 25726, now 25708 , sum entries = 30885 . . . Used time: 0s Expected left time: 0s          
 Analyzing entries 25696 - 25726, now 25709 , sum entries = 30885 . . . Used time: 0s Expected left time: 0s          
 Analyzing entries 25696 - 25726, now 25710 , sum entries = 30885 . . . Used time: 0s Expected left time: 0s          
 Analyzing entries 25696 - 25726, now 25711 , sum entries = 30885 . . . Used time: 0s Expected left time: 0s          
 Analyzing entries 25696 - 25726, now 25712 , sum entries = 30885 . . . Used time: 0s Expected left time: 0s          
 Analyzing entries 25696 - 25726, now 25713 , sum entries = 30885 . . . Used time: 0s Expected left time: 0s          
 Analyzing entries 25696 - 25726, now 25714 , sum entries = 30885 . . . Used time: 0s Expected left time: 0s          
 Analyzing entries 25696 - 25726, now 25715 , sum entries = 30885 . . . Used time: 0s Expected left time: 0s          
 Analyzing entries 25696 - 25726, now 25716 , sum entries = 30885 . . . Used time: 0s Expected left time: 0s          
 Analyzing entries 25696 - 25726, now 25717 , sum entries = 30885 . . . Used time: 0s Expected left time: 0s          
 Analyzing entries 25696 - 25726, now 25718 , sum entries = 30885 . . . Used time: 0s Expected left time: 0s          
 Analyzing entries 25696 - 25726, now 25719 , sum entries = 30885 . . . Used time: 0s Expected left time: 0s          
 Analyzing entries 25696 - 25726, now 25720 , sum entries = 30885 . . . Used time: 0s Expected left time: 0s          
 Analyzing entries 25696 - 25726, now 25721 , sum entries = 30885 . . . Used time: 0s Expected left time: 0s          
 Analyzing entries 25696 - 25726, now 25722 , sum entries = 30885 . . . Used time: 0s Expected left time: 0s          
 Analyzing entries 25696 - 25726, now 25723 , sum entries = 30885 . . . Used time: 0s Expected left time: 0s          
 Analyzing entries 25696 - 25726, now 25724 , sum entries = 30885 . . . Used time: 0s Expected left time: 0s          
 Analyzing entries 25696 - 25726, now 25725 , sum entries = 30885 . . . Used time: 0s Expected left time: 0s          
 Save to RootFile /extdisk/zlin/Machine_learning/RecoPlanesFeatures/CMS_herwig_HT1000to1500-preVFP_jinitpt450_600_j2pt80_120Reco/Chunk83_Part2.root . . . Used time: 0s Expected left time: 0s          
 Save to RootFile /extdisk/zlin/Machine_learning/RecoPlanesFeatures/CMS_herwig_HT1000to1500-preVFP_jinitpt450_600_j2pt80_120Reco/Chunk83_Part2.root . . . Used time: 0s Expected left time: 0s          
 Save to RootFile /extdisk/zlin/Machine_learning/RecoPlanesFeatures/CMS_herwig_HT1000to1500-preVFP_jinitpt450_600_j2pt80_120Reco/Chunk83_Part2.root . . . Used time: 0s Expected left time: 0s          
 Save to RootFile /extdisk/zlin/Machine_learning/RecoPlanesFeatures/CMS_herwig_HT1000to1500-preVFP_jinitpt450_600_j2pt80_120Reco/Chunk83_Part2.root . . . Used time: 0s Expected left time: 0s          
 Analyzing entries 25727 - 25757, now 25727 , sum entries = 30885 . . . Used time: 0s Expected left time: 0s          
 Analyzing entries 25727 - 25757, now 25728 , sum entries = 30885 . . . Used time: 0s Expected left time: 0s          
 Analyzing entries 25727 - 25757, now 25729 , sum entries = 30885 . . . Used time: 0s Expected left time: 0s          
 Analyzing entries 25727 - 25757, now 25730 , sum entries = 30885 . . . Used time: 0s Expected left time: 0s          
 Analyzing entries 25727 - 25757, now 25731 , sum entries = 30885 . . . Used time: 0s Expected left time: 0s          
 Analyzing entries 25727 - 25757, now 25732 , sum entries = 30885 . . . Used time: 0s Expected left time: 0s          
 Analyzing entries 25727 - 25757, now 25733 , sum entries = 30885 . . . Used time: 0s Expected left time: 0s          
 Analyzing entries 25727 - 25757, now 25734 , sum entries = 30885 . . . Used time: 0s Expected left time: 0s          
 Analyzing entries 25727 - 25757, now 25735 , sum entries = 30885 . . . Used time: 0s Expected left time: 0s          
 Analyzing entries 25727 - 25757, now 25736 , sum entries = 30885 . . . Used time: 0s Expected left time: 0s          
 Analyzing entries 25727 - 25757, now 25737 , sum entries = 30885 . . . Used time: 0s Expected left time: 0s          
 Analyzing entries 25727 - 25757, now 25738 , sum entries = 30885 . . . Used time: 0s Expected left time: 0s          
 Analyzing entries 25727 - 25757, now 25739 , sum entries = 30885 . . . Used time: 0s Expected left time: 0s          
 Analyzing entries 25727 - 25757, now 25740 , sum entries = 30885 . . . Used time: 0s Expected left time: 0s          
 Analyzing entries 25727 - 25757, now 25741 , sum entries = 30885 . . . Used time: 0s Expected left time: 0s          
 Analyzing entries 25727 - 25757, now 25742 , sum entries = 30885 . . . Used time: 0s Expected left time: 0s          
 Analyzing entries 25727 - 25757, now 25743 , sum entries = 30885 . . . Used time: 0s Expected left time: 0s          
 Analyzing entries 25727 - 25757, now 25744 , sum entries = 30885 . . . Used time: 0s Expected left time: 0s          
 Analyzing entries 25727 - 25757, now 25745 , sum entries = 30885 . . . Used time: 0s Expected left time: 0s          
 Analyzing entries 25727 - 25757, now 25746 , sum entries = 30885 . . . Used time: 0s Expected left time: 0s          
 Analyzing entries 25727 - 25757, now 25747 , sum entries = 30885 . . . Used time: 0s Expected left time: 0s          
 Analyzing entries 25727 - 25757, now 25748 , sum entries = 30885 . . . Used time: 0s Expected left time: 0s          
 Analyzing entries 25727 - 25757, now 25749 , sum entries = 30885 . . . Used time: 0s Expected left time: 0s          
 Analyzing entries 25727 - 25757, now 25750 , sum entries = 30885 . . . Used time: 0s Expected left time: 0s          
 Analyzing entries 25727 - 25757, now 25751 , sum entries = 30885 . . . Used time: 0s Expected left time: 0s          
 Analyzing entries 25727 - 25757, now 25752 , sum entries = 30885 . . . Used time: 0s Expected left time: 0s          
 Analyzing entries 25727 - 25757, now 25753 , sum entries = 30885 . . . Used time: 0s Expected left time: 0s          
 Analyzing entries 25727 - 25757, now 25754 , sum entries = 30885 . . . Used time: 0s Expected left time: 0s          
 Analyzing entries 25727 - 25757, now 25755 , sum entries = 30885 . . . Used time: 0s Expected left time: 0s          
 Analyzing entries 25727 - 25757, now 25756 , sum entries = 30885 . . . Used time: 0s Expected left time: 0s          
 Save to RootFile /extdisk/zlin/Machine_learning/RecoPlanesFeatures/CMS_herwig_HT1000to1500-preVFP_jinitpt450_600_j2pt80_120Reco/Chunk83_Part3.root . . . Used time: 0s Expected left time: 0s          
 Save to RootFile /extdisk/zlin/Machine_learning/RecoPlanesFeatures/CMS_herwig_HT1000to1500-preVFP_jinitpt450_600_j2pt80_120Reco/Chunk83_Part3.root . . . Used time: 0s Expected left time: 0s          
 Analyzing entries 25758 - 25788, now 25758 , sum entries = 30885 . . . Used time: 0s Expected left time: 0s          
 Analyzing entries 25758 - 25788, now 25759 , sum entries = 30885 . . . Used time: 0s Expected left time: 0s          
 Analyzing entries 25758 - 25788, now 25760 , sum entries = 30885 . . . Used time: 0s Expected left time: 0s          
 Analyzing entries 25758 - 25788, now 25761 , sum entries = 30885 . . . Used time: 0s Expected left time: 0s          
 Analyzing entries 25758 - 25788, now 25762 , sum entries = 30885 . . . Used time: 0s Expected left time: 0s          
 Analyzing entries 25758 - 25788, now 25763 , sum entries = 30885 . . . Used time: 0s Expected left time: 0s          
 Analyzing entries 25758 - 25788, now 25764 , sum entries = 30885 . . . Used time: 0s Expected left time: 0s          
 Analyzing entries 25758 - 25788, now 25765 , sum entries = 30885 . . . Used time: 0s Expected left time: 0s          
 Analyzing entries 25758 - 25788, now 25766 , sum entries = 30885 . . . Used time: 0s Expected left time: 0s          
 Analyzing entries 25758 - 25788, now 25767 , sum entries = 30885 . . . Used time: 0s Expected left time: 0s          
 Analyzing entries 25758 - 25788, now 25768 , sum entries = 30885 . . . Used time: 0s Expected left time: 0s          
 Analyzing entries 25758 - 25788, now 25769 , sum entries = 30885 . . . Used time: 0s Expected left time: 0s          
 Analyzing entries 25758 - 25788, now 25770 , sum entries = 30885 . . . Used time: 0s Expected left time: 0s          
 Analyzing entries 25758 - 25788, now 25771 , sum entries = 30885 . . . Used time: 0s Expected left time: 0s          
 Analyzing entries 25758 - 25788, now 25772 , sum entries = 30885 . . . Used time: 0s Expected left time: 0s          
 Analyzing entries 25758 - 25788, now 25773 , sum entries = 30885 . . . Used time: 0s Expected left time: 0s          
 Analyzing entries 25758 - 25788, now 25774 , sum entries = 30885 . . . Used time: 0s Expected left time: 0s          
 Analyzing entries 25758 - 25788, now 25775 , sum entries = 30885 . . . Used time: 0s Expected left time: 0s          
 Analyzing entries 25758 - 25788, now 25776 , sum entries = 30885 . . . Used time: 0s Expected left time: 0s          
 Analyzing entries 25758 - 25788, now 25777 , sum entries = 30885 . . . Used time: 0s Expected left time: 0s          
 Analyzing entries 25758 - 25788, now 25778 , sum entries = 30885 . . . Used time: 0s Expected left time: 0s          
 Analyzing entries 25758 - 25788, now 25779 , sum entries = 30885 . . . Used time: 0s Expected left time: 0s          
 Analyzing entries 25758 - 25788, now 25780 , sum entries = 30885 . . . Used time: 0s Expected left time: 0s          
 Analyzing entries 25758 - 25788, now 25781 , sum entries = 30885 . . . Used time: 0s Expected left time: 0s          
 Analyzing entries 25758 - 25788, now 25782 , sum entries = 30885 . . . Used time: 0s Expected left time: 0s          
 Analyzing entries 25758 - 25788, now 25783 , sum entries = 30885 . . . Used time: 0s Expected left time: 0s          
 Analyzing entries 25758 - 25788, now 25784 , sum entries = 30885 . . . Used time: 0s Expected left time: 0s          
 Analyzing entries 25758 - 25788, now 25785 , sum entries = 30885 . . . Used time: 0s Expected left time: 0s          
 Analyzing entries 25758 - 25788, now 25786 , sum entries = 30885 . . . Used time: 0s Expected left time: 0s          
 Analyzing entries 25758 - 25788, now 25787 , sum entries = 30885 . . . Used time: 0s Expected left time: 0s          
 Save to RootFile /extdisk/zlin/Machine_learning/RecoPlanesFeatures/CMS_herwig_HT1000to1500-preVFP_jinitpt450_600_j2pt80_120Reco/Chunk83_Part4.root . . . Used time: 0s Expected left time: 0s          
 Save to RootFile /extdisk/zlin/Machine_learning/RecoPlanesFeatures/CMS_herwig_HT1000to1500-preVFP_jinitpt450_600_j2pt80_120Reco/Chunk83_Part4.root . . . Used time: 0s Expected left time: 0s          
 Save to RootFile /extdisk/zlin/Machine_learning/RecoPlanesFeatures/CMS_herwig_HT1000to1500-preVFP_jinitpt450_600_j2pt80_120Reco/Chunk83_Part4.root . . . Used time: 0s Expected left time: 0s          
 Save to RootFile /extdisk/zlin/Machine_learning/RecoPlanesFeatures/CMS_herwig_HT1000to1500-preVFP_jinitpt450_600_j2pt80_120Reco/Chunk83_Part4.root . . . Used time: 0s Expected left time: 0s          
 Save to RootFile /extdisk/zlin/Machine_learning/RecoPlanesFeatures/CMS_herwig_HT1000to1500-preVFP_jinitpt450_600_j2pt80_120Reco/Chunk83_Part4.root . . . Used time: 0s Expected left time: 0s          
 Analyzing entries 25788 - 25818, now 25788 , sum entries = 30885 . . . Used time: 0s Expected left time: 0s          
 Analyzing entries 25788 - 25818, now 25789 , sum entries = 30885 . . . Used time: 0s Expected left time: 0s          
 Analyzing entries 25788 - 25818, now 25790 , sum entries = 30885 . . . Used time: 0s Expected left time: 0s          
 Analyzing entries 25788 - 25818, now 25791 , sum entries = 30885 . . . Used time: 0s Expected left time: 0s          
 Analyzing entries 25788 - 25818, now 25792 , sum entries = 30885 . . . Used time: 0s Expected left time: 0s          
 Analyzing entries 25788 - 25818, now 25793 , sum entries = 30885 . . . Used time: 0s Expected left time: 0s          
 Analyzing entries 25788 - 25818, now 25794 , sum entries = 30885 . . . Used time: 0s Expected left time: 0s          
 Analyzing entries 25788 - 25818, now 25795 , sum entries = 30885 . . . Used time: 0s Expected left time: 0s          
 Analyzing entries 25788 - 25818, now 25796 , sum entries = 30885 . . . Used time: 0s Expected left time: 0s          
 Analyzing entries 25788 - 25818, now 25797 , sum entries = 30885 . . . Used time: 0s Expected left time: 0s          
 Analyzing entries 25788 - 25818, now 25798 , sum entries = 30885 . . . Used time: 0s Expected left time: 0s          
 Analyzing entries 25788 - 25818, now 25799 , sum entries = 30885 . . . Used time: 0s Expected left time: 0s          
 Analyzing entries 25788 - 25818, now 25800 , sum entries = 30885 . . . Used time: 0s Expected left time: 0s          
 Analyzing entries 25788 - 25818, now 25801 , sum entries = 30885 . . . Used time: 0s Expected left time: 0s          
 Analyzing entries 25788 - 25818, now 25802 , sum entries = 30885 . . . Used time: 0s Expected left time: 0s          
 Analyzing entries 25788 - 25818, now 25803 , sum entries = 30885 . . . Used time: 0s Expected left time: 0s          
 Analyzing entries 25788 - 25818, now 25804 , sum entries = 30885 . . . Used time: 0s Expected left time: 0s          
 Analyzing entries 25788 - 25818, now 25805 , sum entries = 30885 . . . Used time: 0s Expected left time: 0s          
 Analyzing entries 25788 - 25818, now 25806 , sum entries = 30885 . . . Used time: 0s Expected left time: 0s          
 Analyzing entries 25788 - 25818, now 25807 , sum entries = 30885 . . . Used time: 0s Expected left time: 0s          
 Analyzing entries 25788 - 25818, now 25808 , sum entries = 30885 . . . Used time: 0s Expected left time: 0s          
 Analyzing entries 25788 - 25818, now 25809 , sum entries = 30885 . . . Used time: 0s Expected left time: 0s          
 Analyzing entries 25788 - 25818, now 25810 , sum entries = 30885 . . . Used time: 0s Expected left time: 0s          
 Analyzing entries 25788 - 25818, now 25811 , sum entries = 30885 . . . Used time: 0s Expected left time: 0s          
 Analyzing entries 25788 - 25818, now 25812 , sum entries = 30885 . . . Used time: 0s Expected left time: 0s          
 Analyzing entries 25788 - 25818, now 25813 , sum entries = 30885 . . . Used time: 0s Expected left time: 0s          
 Analyzing entries 25788 - 25818, now 25814 , sum entries = 30885 . . . Used time: 0s Expected left time: 0s          
 Analyzing entries 25788 - 25818, now 25815 , sum entries = 30885 . . . Used time: 0s Expected left time: 0s          
 Analyzing entries 25788 - 25818, now 25816 , sum entries = 30885 . . . Used time: 0s Expected left time: 0s          
 Analyzing entries 25788 - 25818, now 25817 , sum entries = 30885 . . . Used time: 0s Expected left time: 0s          
 Save to RootFile /extdisk/zlin/Machine_learning/RecoPlanesFeatures/CMS_herwig_HT1000to1500-preVFP_jinitpt450_600_j2pt80_120Reco/Chunk83_Part5.root . . . Used time: 0s Expected left time: 0s          
 Save to RootFile /extdisk/zlin/Machine_learning/RecoPlanesFeatures/CMS_herwig_HT1000to1500-preVFP_jinitpt450_600_j2pt80_120Reco/Chunk83_Part5.root . . . Used time: 0s Expected left time: 0s          
 Save to RootFile /extdisk/zlin/Machine_learning/RecoPlanesFeatures/CMS_herwig_HT1000to1500-preVFP_jinitpt450_600_j2pt80_120Reco/Chunk83_Part5.root . . . Used time: 0s Expected left time: 0s          
 Save to RootFile /extdisk/zlin/Machine_learning/RecoPlanesFeatures/CMS_herwig_HT1000to1500-preVFP_jinitpt450_600_j2pt80_120Reco/Chunk83_Part5.root . . . Used time: 0s Expected left time: 0s          
 Save to RootFile /extdisk/zlin/Machine_learning/RecoPlanesFeatures/CMS_herwig_HT1000to1500-preVFP_jinitpt450_600_j2pt80_120Reco/Chunk83_Part5.root . . . Used time: 0s Expected left time: 0s          
 Save to RootFile /extdisk/zlin/Machine_learning/RecoPlanesFeatures/CMS_herwig_HT1000to1500-preVFP_jinitpt450_600_j2pt80_120Reco/Chunk83_Part5.root . . . Used time: 0s Expected left time: 0s          
 Save to RootFile /extdisk/zlin/Machine_learning/RecoPlanesFeatures/CMS_herwig_HT1000to1500-preVFP_jinitpt450_600_j2pt80_120Reco/Chunk83_Part5.root . . . Used time: 0s Expected left time: 0s          
 Analyzing entries 25819 - 25849, now 25819 , sum entries = 30885 . . . Used time: 0s Expected left time: 0s          
 Analyzing entries 25819 - 25849, now 25820 , sum entries = 30885 . . . Used time: 0s Expected left time: 0s          
 Analyzing entries 25819 - 25849, now 25821 , sum entries = 30885 . . . Used time: 0s Expected left time: 0s          
 Analyzing entries 25819 - 25849, now 25822 , sum entries = 30885 . . . Used time: 0s Expected left time: 0s          
 Analyzing entries 25819 - 25849, now 25823 , sum entries = 30885 . . . Used time: 0s Expected left time: 0s          
 Analyzing entries 25819 - 25849, now 25824 , sum entries = 30885 . . . Used time: 0s Expected left time: 0s          
 Analyzing entries 25819 - 25849, now 25825 , sum entries = 30885 . . . Used time: 0s Expected left time: 0s          
 Analyzing entries 25819 - 25849, now 25826 , sum entries = 30885 . . . Used time: 0s Expected left time: 0s          
 Analyzing entries 25819 - 25849, now 25827 , sum entries = 30885 . . . Used time: 0s Expected left time: 0s          
 Analyzing entries 25819 - 25849, now 25828 , sum entries = 30885 . . . Used time: 0s Expected left time: 0s          
 Analyzing entries 25819 - 25849, now 25829 , sum entries = 30885 . . . Used time: 0s Expected left time: 0s          
 Analyzing entries 25819 - 25849, now 25830 , sum entries = 30885 . . . Used time: 0s Expected left time: 0s          
 Analyzing entries 25819 - 25849, now 25831 , sum entries = 30885 . . . Used time: 0s Expected left time: 0s          
 Analyzing entries 25819 - 25849, now 25832 , sum entries = 30885 . . . Used time: 0s Expected left time: 0s          
 Analyzing entries 25819 - 25849, now 25833 , sum entries = 30885 . . . Used time: 0s Expected left time: 0s          
 Analyzing entries 25819 - 25849, now 25834 , sum entries = 30885 . . . Used time: 0s Expected left time: 0s          
 Analyzing entries 25819 - 25849, now 25835 , sum entries = 30885 . . . Used time: 0s Expected left time: 0s          
 Analyzing entries 25819 - 25849, now 25836 , sum entries = 30885 . . . Used time: 0s Expected left time: 0s          
 Analyzing entries 25819 - 25849, now 25837 , sum entries = 30885 . . . Used time: 0s Expected left time: 0s          
 Analyzing entries 25819 - 25849, now 25838 , sum entries = 30885 . . . Used time: 0s Expected left time: 0s          
 Analyzing entries 25819 - 25849, now 25839 , sum entries = 30885 . . . Used time: 0s Expected left time: 0s          
 Analyzing entries 25819 - 25849, now 25840 , sum entries = 30885 . . . Used time: 0s Expected left time: 0s          
 Analyzing entries 25819 - 25849, now 25841 , sum entries = 30885 . . . Used time: 0s Expected left time: 0s          
 Analyzing entries 25819 - 25849, now 25842 , sum entries = 30885 . . . Used time: 0s Expected left time: 0s          
 Analyzing entries 25819 - 25849, now 25843 , sum entries = 30885 . . . Used time: 0s Expected left time: 0s          
 Analyzing entries 25819 - 25849, now 25844 , sum entries = 30885 . . . Used time: 0s Expected left time: 0s          
 Analyzing entries 25819 - 25849, now 25845 , sum entries = 30885 . . . Used time: 0s Expected left time: 0s          
 Analyzing entries 25819 - 25849, now 25846 , sum entries = 30885 . . . Used time: 0s Expected left time: 0s          
 Analyzing entries 25819 - 25849, now 25847 , sum entries = 30885 . . . Used time: 0s Expected left time: 0s          
 Analyzing entries 25819 - 25849, now 25848 , sum entries = 30885 . . . Used time: 0s Expected left time: 0s          
 Save to RootFile /extdisk/zlin/Machine_learning/RecoPlanesFeatures/CMS_herwig_HT1000to1500-preVFP_jinitpt450_600_j2pt80_120Reco/Chunk83_Part6.root . . . Used time: 0s Expected left time: 0s          
 Save to RootFile /extdisk/zlin/Machine_learning/RecoPlanesFeatures/CMS_herwig_HT1000to1500-preVFP_jinitpt450_600_j2pt80_120Reco/Chunk83_Part6.root . . . Used time: 0s Expected left time: 0s          
 Save to RootFile /extdisk/zlin/Machine_learning/RecoPlanesFeatures/CMS_herwig_HT1000to1500-preVFP_jinitpt450_600_j2pt80_120Reco/Chunk83_Part6.root . . . Used time: 0s Expected left time: 0s          
 Save to RootFile /extdisk/zlin/Machine_learning/RecoPlanesFeatures/CMS_herwig_HT1000to1500-preVFP_jinitpt450_600_j2pt80_120Reco/Chunk83_Part6.root . . . Used time: 0s Expected left time: 0s          
 Save to RootFile /extdisk/zlin/Machine_learning/RecoPlanesFeatures/CMS_herwig_HT1000to1500-preVFP_jinitpt450_600_j2pt80_120Reco/Chunk83_Part6.root . . . Used time: 0s Expected left time: 0s          
 Analyzing entries 25850 - 25880, now 25850 , sum entries = 30885 . . . Used time: 0s Expected left time: 0s          
 Analyzing entries 25850 - 25880, now 25851 , sum entries = 30885 . . . Used time: 0s Expected left time: 0s          
 Analyzing entries 25850 - 25880, now 25852 , sum entries = 30885 . . . Used time: 0s Expected left time: 0s          
 Analyzing entries 25850 - 25880, now 25853 , sum entries = 30885 . . . Used time: 0s Expected left time: 0s          
 Analyzing entries 25850 - 25880, now 25854 , sum entries = 30885 . . . Used time: 0s Expected left time: 0s          
 Analyzing entries 25850 - 25880, now 25855 , sum entries = 30885 . . . Used time: 0s Expected left time: 0s          
 Analyzing entries 25850 - 25880, now 25856 , sum entries = 30885 . . . Used time: 0s Expected left time: 0s          
 Analyzing entries 25850 - 25880, now 25857 , sum entries = 30885 . . . Used time: 0s Expected left time: 0s          
 Analyzing entries 25850 - 25880, now 25858 , sum entries = 30885 . . . Used time: 0s Expected left time: 0s          
 Analyzing entries 25850 - 25880, now 25859 , sum entries = 30885 . . . Used time: 0s Expected left time: 0s          
 Analyzing entries 25850 - 25880, now 25860 , sum entries = 30885 . . . Used time: 0s Expected left time: 0s          
 Analyzing entries 25850 - 25880, now 25861 , sum entries = 30885 . . . Used time: 0s Expected left time: 0s          
 Analyzing entries 25850 - 25880, now 25862 , sum entries = 30885 . . . Used time: 0s Expected left time: 0s          
 Analyzing entries 25850 - 25880, now 25863 , sum entries = 30885 . . . Used time: 0s Expected left time: 0s          
 Analyzing entries 25850 - 25880, now 25864 , sum entries = 30885 . . . Used time: 0s Expected left time: 0s          
 Analyzing entries 25850 - 25880, now 25865 , sum entries = 30885 . . . Used time: 0s Expected left time: 0s          
 Analyzing entries 25850 - 25880, now 25866 , sum entries = 30885 . . . Used time: 0s Expected left time: 0s          
 Analyzing entries 25850 - 25880, now 25867 , sum entries = 30885 . . . Used time: 0s Expected left time: 0s          
 Analyzing entries 25850 - 25880, now 25868 , sum entries = 30885 . . . Used time: 0s Expected left time: 0s          
 Analyzing entries 25850 - 25880, now 25869 , sum entries = 30885 . . . Used time: 0s Expected left time: 0s          
 Analyzing entries 25850 - 25880, now 25870 , sum entries = 30885 . . . Used time: 0s Expected left time: 0s          
 Analyzing entries 25850 - 25880, now 25871 , sum entries = 30885 . . . Used time: 0s Expected left time: 0s          
 Analyzing entries 25850 - 25880, now 25872 , sum entries = 30885 . . . Used time: 0s Expected left time: 0s          
 Analyzing entries 25850 - 25880, now 25873 , sum entries = 30885 . . . Used time: 0s Expected left time: 0s          
 Analyzing entries 25850 - 25880, now 25874 , sum entries = 30885 . . . Used time: 0s Expected left time: 0s          
 Analyzing entries 25850 - 25880, now 25875 , sum entries = 30885 . . . Used time: 0s Expected left time: 0s          
 Analyzing entries 25850 - 25880, now 25876 , sum entries = 30885 . . . Used time: 0s Expected left time: 0s          
 Analyzing entries 25850 - 25880, now 25877 , sum entries = 30885 . . . Used time: 0s Expected left time: 0s          
 Analyzing entries 25850 - 25880, now 25878 , sum entries = 30885 . . . Used time: 0s Expected left time: 0s          
 Analyzing entries 25850 - 25880, now 25879 , sum entries = 30885 . . . Used time: 0s Expected left time: 0s          
 Save to RootFile /extdisk/zlin/Machine_learning/RecoPlanesFeatures/CMS_herwig_HT1000to1500-preVFP_jinitpt450_600_j2pt80_120Reco/Chunk83_Part7.root . . . Used time: 0s Expected left time: 0s          
 Save to RootFile /extdisk/zlin/Machine_learning/RecoPlanesFeatures/CMS_herwig_HT1000to1500-preVFP_jinitpt450_600_j2pt80_120Reco/Chunk83_Part7.root . . . Used time: 0s Expected left time: 0s          
 Analyzing entries 25881 - 25911, now 25881 , sum entries = 30885 . . . Used time: 0s Expected left time: 0s          
 Analyzing entries 25881 - 25911, now 25882 , sum entries = 30885 . . . Used time: 0s Expected left time: 0s          
 Analyzing entries 25881 - 25911, now 25883 , sum entries = 30885 . . . Used time: 0s Expected left time: 0s          
 Analyzing entries 25881 - 25911, now 25884 , sum entries = 30885 . . . Used time: 0s Expected left time: 0s          
 Analyzing entries 25881 - 25911, now 25885 , sum entries = 30885 . . . Used time: 0s Expected left time: 0s          
 Analyzing entries 25881 - 25911, now 25886 , sum entries = 30885 . . . Used time: 0s Expected left time: 0s          
 Analyzing entries 25881 - 25911, now 25887 , sum entries = 30885 . . . Used time: 0s Expected left time: 0s          
 Analyzing entries 25881 - 25911, now 25888 , sum entries = 30885 . . . Used time: 0s Expected left time: 0s          
 Analyzing entries 25881 - 25911, now 25889 , sum entries = 30885 . . . Used time: 0s Expected left time: 0s          
 Analyzing entries 25881 - 25911, now 25890 , sum entries = 30885 . . . Used time: 0s Expected left time: 0s          
 Analyzing entries 25881 - 25911, now 25891 , sum entries = 30885 . . . Used time: 0s Expected left time: 0s          
 Analyzing entries 25881 - 25911, now 25892 , sum entries = 30885 . . . Used time: 0s Expected left time: 0s          
 Analyzing entries 25881 - 25911, now 25893 , sum entries = 30885 . . . Used time: 0s Expected left time: 0s          
 Analyzing entries 25881 - 25911, now 25894 , sum entries = 30885 . . . Used time: 0s Expected left time: 0s          
 Analyzing entries 25881 - 25911, now 25895 , sum entries = 30885 . . . Used time: 0s Expected left time: 0s          
 Analyzing entries 25881 - 25911, now 25896 , sum entries = 30885 . . . Used time: 0s Expected left time: 0s          
 Analyzing entries 25881 - 25911, now 25897 , sum entries = 30885 . . . Used time: 0s Expected left time: 0s          
 Analyzing entries 25881 - 25911, now 25898 , sum entries = 30885 . . . Used time: 0s Expected left time: 0s          
 Analyzing entries 25881 - 25911, now 25899 , sum entries = 30885 . . . Used time: 0s Expected left time: 0s          
 Analyzing entries 25881 - 25911, now 25900 , sum entries = 30885 . . . Used time: 0s Expected left time: 0s          
 Analyzing entries 25881 - 25911, now 25901 , sum entries = 30885 . . . Used time: 0s Expected left time: 0s          
 Analyzing entries 25881 - 25911, now 25902 , sum entries = 30885 . . . Used time: 0s Expected left time: 0s          
 Analyzing entries 25881 - 25911, now 25903 , sum entries = 30885 . . . Used time: 0s Expected left time: 0s          
 Analyzing entries 25881 - 25911, now 25904 , sum entries = 30885 . . . Used time: 0s Expected left time: 0s          
 Analyzing entries 25881 - 25911, now 25905 , sum entries = 30885 . . . Used time: 0s Expected left time: 0s          
 Analyzing entries 25881 - 25911, now 25906 , sum entries = 30885 . . . Used time: 0s Expected left time: 0s          
 Analyzing entries 25881 - 25911, now 25907 , sum entries = 30885 . . . Used time: 0s Expected left time: 0s          
 Analyzing entries 25881 - 25911, now 25908 , sum entries = 30885 . . . Used time: 0s Expected left time: 0s          
 Analyzing entries 25881 - 25911, now 25909 , sum entries = 30885 . . . Used time: 0s Expected left time: 0s          
 Analyzing entries 25881 - 25911, now 25910 , sum entries = 30885 . . . Used time: 0s Expected left time: 0s          
 Save to RootFile /extdisk/zlin/Machine_learning/RecoPlanesFeatures/CMS_herwig_HT1000to1500-preVFP_jinitpt450_600_j2pt80_120Reco/Chunk83_Part8.root . . . Used time: 0s Expected left time: 0s          
 Save to RootFile /extdisk/zlin/Machine_learning/RecoPlanesFeatures/CMS_herwig_HT1000to1500-preVFP_jinitpt450_600_j2pt80_120Reco/Chunk83_Part8.root . . . Used time: 0s Expected left time: 0s          
 Save to RootFile /extdisk/zlin/Machine_learning/RecoPlanesFeatures/CMS_herwig_HT1000to1500-preVFP_jinitpt450_600_j2pt80_120Reco/Chunk83_Part8.root . . . Used time: 0s Expected left time: 0s          
 Analyzing entries 25912 - 25942, now 25912 , sum entries = 30885 . . . Used time: 0s Expected left time: 0s          
 Analyzing entries 25912 - 25942, now 25913 , sum entries = 30885 . . . Used time: 0s Expected left time: 0s          
 Analyzing entries 25912 - 25942, now 25914 , sum entries = 30885 . . . Used time: 0s Expected left time: 0s          
 Analyzing entries 25912 - 25942, now 25915 , sum entries = 30885 . . . Used time: 0s Expected left time: 0s          
 Analyzing entries 25912 - 25942, now 25916 , sum entries = 30885 . . . Used time: 0s Expected left time: 0s          
 Analyzing entries 25912 - 25942, now 25917 , sum entries = 30885 . . . Used time: 0s Expected left time: 0s          
 Analyzing entries 25912 - 25942, now 25918 , sum entries = 30885 . . . Used time: 0s Expected left time: 0s          
 Analyzing entries 25912 - 25942, now 25919 , sum entries = 30885 . . . Used time: 0s Expected left time: 0s          
 Analyzing entries 25912 - 25942, now 25920 , sum entries = 30885 . . . Used time: 0s Expected left time: 0s          
 Analyzing entries 25912 - 25942, now 25921 , sum entries = 30885 . . . Used time: 0s Expected left time: 0s          
 Analyzing entries 25912 - 25942, now 25922 , sum entries = 30885 . . . Used time: 0s Expected left time: 0s          
 Analyzing entries 25912 - 25942, now 25923 , sum entries = 30885 . . . Used time: 0s Expected left time: 0s          
 Analyzing entries 25912 - 25942, now 25924 , sum entries = 30885 . . . Used time: 0s Expected left time: 0s          
 Analyzing entries 25912 - 25942, now 25925 , sum entries = 30885 . . . Used time: 0s Expected left time: 0s          
 Analyzing entries 25912 - 25942, now 25926 , sum entries = 30885 . . . Used time: 0s Expected left time: 0s          
 Analyzing entries 25912 - 25942, now 25927 , sum entries = 30885 . . . Used time: 0s Expected left time: 0s          
 Analyzing entries 25912 - 25942, now 25928 , sum entries = 30885 . . . Used time: 0s Expected left time: 0s          
 Analyzing entries 25912 - 25942, now 25929 , sum entries = 30885 . . . Used time: 0s Expected left time: 0s          
 Analyzing entries 25912 - 25942, now 25930 , sum entries = 30885 . . . Used time: 0s Expected left time: 0s          
 Analyzing entries 25912 - 25942, now 25931 , sum entries = 30885 . . . Used time: 0s Expected left time: 0s          
 Analyzing entries 25912 - 25942, now 25932 , sum entries = 30885 . . . Used time: 0s Expected left time: 0s          
 Analyzing entries 25912 - 25942, now 25933 , sum entries = 30885 . . . Used time: 0s Expected left time: 0s          
 Analyzing entries 25912 - 25942, now 25934 , sum entries = 30885 . . . Used time: 0s Expected left time: 0s          
 Analyzing entries 25912 - 25942, now 25935 , sum entries = 30885 . . . Used time: 0s Expected left time: 0s          
 Analyzing entries 25912 - 25942, now 25936 , sum entries = 30885 . . . Used time: 0s Expected left time: 0s          
 Analyzing entries 25912 - 25942, now 25937 , sum entries = 30885 . . . Used time: 0s Expected left time: 0s          
 Analyzing entries 25912 - 25942, now 25938 , sum entries = 30885 . . . Used time: 0s Expected left time: 0s          
 Analyzing entries 25912 - 25942, now 25939 , sum entries = 30885 . . . Used time: 0s Expected left time: 0s          
 Analyzing entries 25912 - 25942, now 25940 , sum entries = 30885 . . . Used time: 0s Expected left time: 0s          
 Analyzing entries 25912 - 25942, now 25941 , sum entries = 30885 . . . Used time: 0s Expected left time: 0s          
 Save to RootFile /extdisk/zlin/Machine_learning/RecoPlanesFeatures/CMS_herwig_HT1000to1500-preVFP_jinitpt450_600_j2pt80_120Reco/Chunk83_Part9.root . . . Used time: 0s Expected left time: 0s          
 Save to RootFile /extdisk/zlin/Machine_learning/RecoPlanesFeatures/CMS_herwig_HT1000to1500-preVFP_jinitpt450_600_j2pt80_120Reco/Chunk83_Part9.root . . . Used time: 0s Expected left time: 0s          
 Save to RootFile /extdisk/zlin/Machine_learning/RecoPlanesFeatures/CMS_herwig_HT1000to1500-preVFP_jinitpt450_600_j2pt80_120Reco/Chunk83_Part9.root . . . Used time: 0s Expected left time: 0s          
 Save to RootFile /extdisk/zlin/Machine_learning/RecoPlanesFeatures/CMS_herwig_HT1000to1500-preVFP_jinitpt450_600_j2pt80_120Reco/Chunk83_Part9.root . . . Used time: 0s Expected left time: 0s          
