Warning in <TFile::Init>: file /extdisk/zlin/Machine_learning/RecoPlanes/CMS_herwig_HT1000to1500-preVFP/Chunk20_Part0.root probably not closed, trying to recover
Warning in <TFile::Init>: no keys recovered, file has been made a Zombie
Warning in <TFile::Init>: file /extdisk/zlin/Machine_learning/RecoPlanes/CMS_herwig_HT1000to1500-preVFP/Chunk39_Part0.root probably not closed, trying to recover
Warning in <TFile::Init>: no keys recovered, file has been made a Zombie
Warning in <TFile::Init>: file /extdisk/zlin/Machine_learning/RecoPlanes/CMS_herwig_HT1000to1500-preVFP/Chunk51_Part0.root probably not closed, trying to recover
Warning in <TFile::Init>: no keys recovered, file has been made a Zombie
Warning in <TFile::Init>: file /extdisk/zlin/Machine_learning/RecoPlanes/CMS_herwig_HT1000to1500-preVFP/Chunk89_Part0.root probably not closed, trying to recover
Info in <TFile::Recover>: /extdisk/zlin/Machine_learning/RecoPlanes/CMS_herwig_HT1000to1500-preVFP/Chunk89_Part0.root, recovered key TTree:DataInfo at address 2211461
Warning in <TFile::Init>: successfully recovered 1 keys
 Analyzing entries 28579 - 28618, now 28579 , sum entries = 39150 . . . Used time: 0s Expected left time: 0s          
 Analyzing entries 28579 - 28618, now 28580 , sum entries = 39150 . . . Used time: 0s Expected left time: 0s          
 Analyzing entries 28579 - 28618, now 28581 , sum entries = 39150 . . . Used time: 0s Expected left time: 0s          
 Analyzing entries 28579 - 28618, now 28582 , sum entries = 39150 . . . Used time: 0s Expected left time: 0s          
 Analyzing entries 28579 - 28618, now 28583 , sum entries = 39150 . . . Used time: 0s Expected left time: 0s          
 Analyzing entries 28579 - 28618, now 28584 , sum entries = 39150 . . . Used time: 0s Expected left time: 0s          
 Analyzing entries 28579 - 28618, now 28585 , sum entries = 39150 . . . Used time: 0s Expected left time: 0s          
 Analyzing entries 28579 - 28618, now 28586 , sum entries = 39150 . . . Used time: 0s Expected left time: 0s          
 Analyzing entries 28579 - 28618, now 28587 , sum entries = 39150 . . . Used time: 0s Expected left time: 0s          
 Analyzing entries 28579 - 28618, now 28588 , sum entries = 39150 . . . Used time: 0s Expected left time: 0s          
 Analyzing entries 28579 - 28618, now 28589 , sum entries = 39150 . . . Used time: 0s Expected left time: 0s          
 Analyzing entries 28579 - 28618, now 28590 , sum entries = 39150 . . . Used time: 0s Expected left time: 0s          
 Analyzing entries 28579 - 28618, now 28591 , sum entries = 39150 . . . Used time: 0s Expected left time: 0s          
 Analyzing entries 28579 - 28618, now 28592 , sum entries = 39150 . . . Used time: 0s Expected left time: 0s          
 Analyzing entries 28579 - 28618, now 28593 , sum entries = 39150 . . . Used time: 0s Expected left time: 0s          
 Analyzing entries 28579 - 28618, now 28594 , sum entries = 39150 . . . Used time: 0s Expected left time: 0s          
 Analyzing entries 28579 - 28618, now 28595 , sum entries = 39150 . . . Used time: 0s Expected left time: 0s          
 Analyzing entries 28579 - 28618, now 28596 , sum entries = 39150 . . . Used time: 0s Expected left time: 0s          
 Analyzing entries 28579 - 28618, now 28597 , sum entries = 39150 . . . Used time: 0s Expected left time: 0s          
 Analyzing entries 28579 - 28618, now 28598 , sum entries = 39150 . . . Used time: 0s Expected left time: 0s          
 Analyzing entries 28579 - 28618, now 28599 , sum entries = 39150 . . . Used time: 0s Expected left time: 0s          
 Analyzing entries 28579 - 28618, now 28600 , sum entries = 39150 . . . Used time: 0s Expected left time: 0s          
 Analyzing entries 28579 - 28618, now 28601 , sum entries = 39150 . . . Used time: 0s Expected left time: 0s          
 Analyzing entries 28579 - 28618, now 28602 , sum entries = 39150 . . . Used time: 0s Expected left time: 0s          
 Analyzing entries 28579 - 28618, now 28603 , sum entries = 39150 . . . Used time: 0s Expected left time: 0s          
 Analyzing entries 28579 - 28618, now 28604 , sum entries = 39150 . . . Used time: 0s Expected left time: 0s          
 Analyzing entries 28579 - 28618, now 28605 , sum entries = 39150 . . . Used time: 0s Expected left time: 0s          
 Analyzing entries 28579 - 28618, now 28606 , sum entries = 39150 . . . Used time: 0s Expected left time: 0s          
 Analyzing entries 28579 - 28618, now 28607 , sum entries = 39150 . . . Used time: 0s Expected left time: 0s          
 Analyzing entries 28579 - 28618, now 28608 , sum entries = 39150 . . . Used time: 0s Expected left time: 0s          
 Analyzing entries 28579 - 28618, now 28609 , sum entries = 39150 . . . Used time: 0s Expected left time: 0s          
 Analyzing entries 28579 - 28618, now 28610 , sum entries = 39150 . . . Used time: 0s Expected left time: 0s          
 Analyzing entries 28579 - 28618, now 28611 , sum entries = 39150 . . . Used time: 0s Expected left time: 0s          
 Analyzing entries 28579 - 28618, now 28612 , sum entries = 39150 . . . Used time: 0s Expected left time: 0s          
 Analyzing entries 28579 - 28618, now 28613 , sum entries = 39150 . . . Used time: 0s Expected left time: 0s          
 Analyzing entries 28579 - 28618, now 28614 , sum entries = 39150 . . . Used time: 0s Expected left time: 0s          
 Analyzing entries 28579 - 28618, now 28615 , sum entries = 39150 . . . Used time: 0s Expected left time: 0s          
 Analyzing entries 28579 - 28618, now 28616 , sum entries = 39150 . . . Used time: 0s Expected left time: 0s          
 Analyzing entries 28579 - 28618, now 28617 , sum entries = 39150 . . . Used time: 0s Expected left time: 0s          
 Save to RootFile /extdisk/zlin/Machine_learning/RecoPlanesFeatures/CMS_herwig_HT1000to1500-preVFP_jinitpt450_600_j2pt80_120Reco/Chunk73_Part0.root . . . Used time: 0s Expected left time: 0s          
 Save to RootFile /extdisk/zlin/Machine_learning/RecoPlanesFeatures/CMS_herwig_HT1000to1500-preVFP_jinitpt450_600_j2pt80_120Reco/Chunk73_Part0.root . . . Used time: 0s Expected left time: 0s          
 Save to RootFile /extdisk/zlin/Machine_learning/RecoPlanesFeatures/CMS_herwig_HT1000to1500-preVFP_jinitpt450_600_j2pt80_120Reco/Chunk73_Part0.root . . . Used time: 0s Expected left time: 0s          
 Save to RootFile /extdisk/zlin/Machine_learning/RecoPlanesFeatures/CMS_herwig_HT1000to1500-preVFP_jinitpt450_600_j2pt80_120Reco/Chunk73_Part0.root . . . Used time: 0s Expected left time: 0s          
 Save to RootFile /extdisk/zlin/Machine_learning/RecoPlanesFeatures/CMS_herwig_HT1000to1500-preVFP_jinitpt450_600_j2pt80_120Reco/Chunk73_Part0.root . . . Used time: 0s Expected left time: 0s          
 Save to RootFile /extdisk/zlin/Machine_learning/RecoPlanesFeatures/CMS_herwig_HT1000to1500-preVFP_jinitpt450_600_j2pt80_120Reco/Chunk73_Part0.root . . . Used time: 0s Expected left time: 0s          
 Save to RootFile /extdisk/zlin/Machine_learning/RecoPlanesFeatures/CMS_herwig_HT1000to1500-preVFP_jinitpt450_600_j2pt80_120Reco/Chunk73_Part0.root . . . Used time: 0s Expected left time: 0s          
 Analyzing entries 28618 - 28657, now 28618 , sum entries = 39150 . . . Used time: 0s Expected left time: 0s          
 Analyzing entries 28618 - 28657, now 28619 , sum entries = 39150 . . . Used time: 0s Expected left time: 0s          
 Analyzing entries 28618 - 28657, now 28620 , sum entries = 39150 . . . Used time: 0s Expected left time: 0s          
 Analyzing entries 28618 - 28657, now 28621 , sum entries = 39150 . . . Used time: 0s Expected left time: 0s          
 Analyzing entries 28618 - 28657, now 28622 , sum entries = 39150 . . . Used time: 0s Expected left time: 0s          
 Analyzing entries 28618 - 28657, now 28623 , sum entries = 39150 . . . Used time: 0s Expected left time: 0s          
 Analyzing entries 28618 - 28657, now 28624 , sum entries = 39150 . . . Used time: 0s Expected left time: 0s          
 Analyzing entries 28618 - 28657, now 28625 , sum entries = 39150 . . . Used time: 0s Expected left time: 0s          
 Analyzing entries 28618 - 28657, now 28626 , sum entries = 39150 . . . Used time: 0s Expected left time: 0s          
 Analyzing entries 28618 - 28657, now 28627 , sum entries = 39150 . . . Used time: 0s Expected left time: 0s          
 Analyzing entries 28618 - 28657, now 28628 , sum entries = 39150 . . . Used time: 0s Expected left time: 0s          
 Analyzing entries 28618 - 28657, now 28629 , sum entries = 39150 . . . Used time: 0s Expected left time: 0s          
 Analyzing entries 28618 - 28657, now 28630 , sum entries = 39150 . . . Used time: 0s Expected left time: 0s          
 Analyzing entries 28618 - 28657, now 28631 , sum entries = 39150 . . . Used time: 0s Expected left time: 0s          
 Analyzing entries 28618 - 28657, now 28632 , sum entries = 39150 . . . Used time: 0s Expected left time: 0s          
 Analyzing entries 28618 - 28657, now 28633 , sum entries = 39150 . . . Used time: 0s Expected left time: 0s          
 Analyzing entries 28618 - 28657, now 28634 , sum entries = 39150 . . . Used time: 0s Expected left time: 0s          
 Analyzing entries 28618 - 28657, now 28635 , sum entries = 39150 . . . Used time: 0s Expected left time: 0s          
 Analyzing entries 28618 - 28657, now 28636 , sum entries = 39150 . . . Used time: 0s Expected left time: 0s          
 Analyzing entries 28618 - 28657, now 28637 , sum entries = 39150 . . . Used time: 0s Expected left time: 0s          
 Analyzing entries 28618 - 28657, now 28638 , sum entries = 39150 . . . Used time: 0s Expected left time: 0s          
 Analyzing entries 28618 - 28657, now 28639 , sum entries = 39150 . . . Used time: 0s Expected left time: 0s          
 Analyzing entries 28618 - 28657, now 28640 , sum entries = 39150 . . . Used time: 0s Expected left time: 0s          
 Analyzing entries 28618 - 28657, now 28641 , sum entries = 39150 . . . Used time: 0s Expected left time: 0s          
 Analyzing entries 28618 - 28657, now 28642 , sum entries = 39150 . . . Used time: 0s Expected left time: 0s          
 Analyzing entries 28618 - 28657, now 28643 , sum entries = 39150 . . . Used time: 0s Expected left time: 0s          
 Analyzing entries 28618 - 28657, now 28644 , sum entries = 39150 . . . Used time: 0s Expected left time: 0s          
 Analyzing entries 28618 - 28657, now 28645 , sum entries = 39150 . . . Used time: 0s Expected left time: 0s          
 Analyzing entries 28618 - 28657, now 28646 , sum entries = 39150 . . . Used time: 0s Expected left time: 0s          
 Analyzing entries 28618 - 28657, now 28647 , sum entries = 39150 . . . Used time: 0s Expected left time: 0s          
 Analyzing entries 28618 - 28657, now 28648 , sum entries = 39150 . . . Used time: 0s Expected left time: 0s          
 Analyzing entries 28618 - 28657, now 28649 , sum entries = 39150 . . . Used time: 0s Expected left time: 0s          
 Analyzing entries 28618 - 28657, now 28650 , sum entries = 39150 . . . Used time: 0s Expected left time: 0s          
 Analyzing entries 28618 - 28657, now 28651 , sum entries = 39150 . . . Used time: 0s Expected left time: 0s          
 Analyzing entries 28618 - 28657, now 28652 , sum entries = 39150 . . . Used time: 0s Expected left time: 0s          
 Analyzing entries 28618 - 28657, now 28653 , sum entries = 39150 . . . Used time: 0s Expected left time: 0s          
 Analyzing entries 28618 - 28657, now 28654 , sum entries = 39150 . . . Used time: 0s Expected left time: 0s          
 Analyzing entries 28618 - 28657, now 28655 , sum entries = 39150 . . . Used time: 0s Expected left time: 0s          
 Analyzing entries 28618 - 28657, now 28656 , sum entries = 39150 . . . Used time: 0s Expected left time: 0s          
 Save to RootFile /extdisk/zlin/Machine_learning/RecoPlanesFeatures/CMS_herwig_HT1000to1500-preVFP_jinitpt450_600_j2pt80_120Reco/Chunk73_Part1.root . . . Used time: 0s Expected left time: 0s          
 Save to RootFile /extdisk/zlin/Machine_learning/RecoPlanesFeatures/CMS_herwig_HT1000to1500-preVFP_jinitpt450_600_j2pt80_120Reco/Chunk73_Part1.root . . . Used time: 0s Expected left time: 0s          
 Save to RootFile /extdisk/zlin/Machine_learning/RecoPlanesFeatures/CMS_herwig_HT1000to1500-preVFP_jinitpt450_600_j2pt80_120Reco/Chunk73_Part1.root . . . Used time: 0s Expected left time: 0s          
 Save to RootFile /extdisk/zlin/Machine_learning/RecoPlanesFeatures/CMS_herwig_HT1000to1500-preVFP_jinitpt450_600_j2pt80_120Reco/Chunk73_Part1.root . . . Used time: 0s Expected left time: 0s          
 Analyzing entries 28657 - 28696, now 28657 , sum entries = 39150 . . . Used time: 0s Expected left time: 0s          
 Analyzing entries 28657 - 28696, now 28658 , sum entries = 39150 . . . Used time: 0s Expected left time: 0s          
 Analyzing entries 28657 - 28696, now 28659 , sum entries = 39150 . . . Used time: 0s Expected left time: 0s          
 Analyzing entries 28657 - 28696, now 28660 , sum entries = 39150 . . . Used time: 0s Expected left time: 0s          
 Analyzing entries 28657 - 28696, now 28661 , sum entries = 39150 . . . Used time: 0s Expected left time: 0s          
 Analyzing entries 28657 - 28696, now 28662 , sum entries = 39150 . . . Used time: 0s Expected left time: 0s          
 Analyzing entries 28657 - 28696, now 28663 , sum entries = 39150 . . . Used time: 0s Expected left time: 0s          
 Analyzing entries 28657 - 28696, now 28664 , sum entries = 39150 . . . Used time: 0s Expected left time: 0s          
 Analyzing entries 28657 - 28696, now 28665 , sum entries = 39150 . . . Used time: 0s Expected left time: 0s          
 Analyzing entries 28657 - 28696, now 28666 , sum entries = 39150 . . . Used time: 0s Expected left time: 0s          
 Analyzing entries 28657 - 28696, now 28667 , sum entries = 39150 . . . Used time: 0s Expected left time: 0s          
 Analyzing entries 28657 - 28696, now 28668 , sum entries = 39150 . . . Used time: 0s Expected left time: 0s          
 Analyzing entries 28657 - 28696, now 28669 , sum entries = 39150 . . . Used time: 0s Expected left time: 0s          
 Analyzing entries 28657 - 28696, now 28670 , sum entries = 39150 . . . Used time: 0s Expected left time: 0s          
 Analyzing entries 28657 - 28696, now 28671 , sum entries = 39150 . . . Used time: 0s Expected left time: 0s          
 Analyzing entries 28657 - 28696, now 28672 , sum entries = 39150 . . . Used time: 0s Expected left time: 0s          
 Analyzing entries 28657 - 28696, now 28673 , sum entries = 39150 . . . Used time: 0s Expected left time: 0s          
 Analyzing entries 28657 - 28696, now 28674 , sum entries = 39150 . . . Used time: 0s Expected left time: 0s          
 Analyzing entries 28657 - 28696, now 28675 , sum entries = 39150 . . . Used time: 0s Expected left time: 0s          
 Analyzing entries 28657 - 28696, now 28676 , sum entries = 39150 . . . Used time: 0s Expected left time: 0s          
 Analyzing entries 28657 - 28696, now 28677 , sum entries = 39150 . . . Used time: 0s Expected left time: 0s          
 Analyzing entries 28657 - 28696, now 28678 , sum entries = 39150 . . . Used time: 0s Expected left time: 0s          
 Analyzing entries 28657 - 28696, now 28679 , sum entries = 39150 . . . Used time: 0s Expected left time: 0s          
 Analyzing entries 28657 - 28696, now 28680 , sum entries = 39150 . . . Used time: 0s Expected left time: 0s          
 Analyzing entries 28657 - 28696, now 28681 , sum entries = 39150 . . . Used time: 0s Expected left time: 0s          
 Analyzing entries 28657 - 28696, now 28682 , sum entries = 39150 . . . Used time: 0s Expected left time: 0s          
 Analyzing entries 28657 - 28696, now 28683 , sum entries = 39150 . . . Used time: 0s Expected left time: 0s          
 Analyzing entries 28657 - 28696, now 28684 , sum entries = 39150 . . . Used time: 0s Expected left time: 0s          
 Analyzing entries 28657 - 28696, now 28685 , sum entries = 39150 . . . Used time: 0s Expected left time: 0s          
 Analyzing entries 28657 - 28696, now 28686 , sum entries = 39150 . . . Used time: 0s Expected left time: 0s          
 Analyzing entries 28657 - 28696, now 28687 , sum entries = 39150 . . . Used time: 0s Expected left time: 0s          
 Analyzing entries 28657 - 28696, now 28688 , sum entries = 39150 . . . Used time: 0s Expected left time: 0s          
 Analyzing entries 28657 - 28696, now 28689 , sum entries = 39150 . . . Used time: 0s Expected left time: 0s          
 Analyzing entries 28657 - 28696, now 28690 , sum entries = 39150 . . . Used time: 0s Expected left time: 0s          
 Analyzing entries 28657 - 28696, now 28691 , sum entries = 39150 . . . Used time: 0s Expected left time: 0s          
 Analyzing entries 28657 - 28696, now 28692 , sum entries = 39150 . . . Used time: 0s Expected left time: 0s          
 Analyzing entries 28657 - 28696, now 28693 , sum entries = 39150 . . . Used time: 0s Expected left time: 0s          
 Analyzing entries 28657 - 28696, now 28694 , sum entries = 39150 . . . Used time: 0s Expected left time: 0s          
 Analyzing entries 28657 - 28696, now 28695 , sum entries = 39150 . . . Used time: 0s Expected left time: 0s          
 Save to RootFile /extdisk/zlin/Machine_learning/RecoPlanesFeatures/CMS_herwig_HT1000to1500-preVFP_jinitpt450_600_j2pt80_120Reco/Chunk73_Part2.root . . . Used time: 0s Expected left time: 0s          
 Save to RootFile /extdisk/zlin/Machine_learning/RecoPlanesFeatures/CMS_herwig_HT1000to1500-preVFP_jinitpt450_600_j2pt80_120Reco/Chunk73_Part2.root . . . Used time: 0s Expected left time: 0s          
 Save to RootFile /extdisk/zlin/Machine_learning/RecoPlanesFeatures/CMS_herwig_HT1000to1500-preVFP_jinitpt450_600_j2pt80_120Reco/Chunk73_Part2.root . . . Used time: 0s Expected left time: 0s          
 Save to RootFile /extdisk/zlin/Machine_learning/RecoPlanesFeatures/CMS_herwig_HT1000to1500-preVFP_jinitpt450_600_j2pt80_120Reco/Chunk73_Part2.root . . . Used time: 0s Expected left time: 0s          
 Save to RootFile /extdisk/zlin/Machine_learning/RecoPlanesFeatures/CMS_herwig_HT1000to1500-preVFP_jinitpt450_600_j2pt80_120Reco/Chunk73_Part2.root . . . Used time: 0s Expected left time: 0s          
 Save to RootFile /extdisk/zlin/Machine_learning/RecoPlanesFeatures/CMS_herwig_HT1000to1500-preVFP_jinitpt450_600_j2pt80_120Reco/Chunk73_Part2.root . . . Used time: 0s Expected left time: 0s          
 Save to RootFile /extdisk/zlin/Machine_learning/RecoPlanesFeatures/CMS_herwig_HT1000to1500-preVFP_jinitpt450_600_j2pt80_120Reco/Chunk73_Part2.root . . . Used time: 0s Expected left time: 0s          
 Analyzing entries 28696 - 28735, now 28696 , sum entries = 39150 . . . Used time: 0s Expected left time: 0s          
 Analyzing entries 28696 - 28735, now 28697 , sum entries = 39150 . . . Used time: 0s Expected left time: 0s          
 Analyzing entries 28696 - 28735, now 28698 , sum entries = 39150 . . . Used time: 0s Expected left time: 0s          
 Analyzing entries 28696 - 28735, now 28699 , sum entries = 39150 . . . Used time: 0s Expected left time: 0s          
 Analyzing entries 28696 - 28735, now 28700 , sum entries = 39150 . . . Used time: 0s Expected left time: 0s          
 Analyzing entries 28696 - 28735, now 28701 , sum entries = 39150 . . . Used time: 0s Expected left time: 0s          
 Analyzing entries 28696 - 28735, now 28702 , sum entries = 39150 . . . Used time: 0s Expected left time: 0s          
 Analyzing entries 28696 - 28735, now 28703 , sum entries = 39150 . . . Used time: 0s Expected left time: 0s          
 Analyzing entries 28696 - 28735, now 28704 , sum entries = 39150 . . . Used time: 0s Expected left time: 0s          
 Analyzing entries 28696 - 28735, now 28705 , sum entries = 39150 . . . Used time: 0s Expected left time: 0s          
 Analyzing entries 28696 - 28735, now 28706 , sum entries = 39150 . . . Used time: 0s Expected left time: 0s          
 Analyzing entries 28696 - 28735, now 28707 , sum entries = 39150 . . . Used time: 0s Expected left time: 0s          
 Analyzing entries 28696 - 28735, now 28708 , sum entries = 39150 . . . Used time: 0s Expected left time: 0s          
 Analyzing entries 28696 - 28735, now 28709 , sum entries = 39150 . . . Used time: 0s Expected left time: 0s          
 Analyzing entries 28696 - 28735, now 28710 , sum entries = 39150 . . . Used time: 0s Expected left time: 0s          
 Analyzing entries 28696 - 28735, now 28711 , sum entries = 39150 . . . Used time: 0s Expected left time: 0s          
 Analyzing entries 28696 - 28735, now 28712 , sum entries = 39150 . . . Used time: 0s Expected left time: 0s          
 Analyzing entries 28696 - 28735, now 28713 , sum entries = 39150 . . . Used time: 0s Expected left time: 0s          
 Analyzing entries 28696 - 28735, now 28714 , sum entries = 39150 . . . Used time: 0s Expected left time: 0s          
 Analyzing entries 28696 - 28735, now 28715 , sum entries = 39150 . . . Used time: 0s Expected left time: 0s          
 Analyzing entries 28696 - 28735, now 28716 , sum entries = 39150 . . . Used time: 0s Expected left time: 0s          
 Analyzing entries 28696 - 28735, now 28717 , sum entries = 39150 . . . Used time: 0s Expected left time: 0s          
 Analyzing entries 28696 - 28735, now 28718 , sum entries = 39150 . . . Used time: 0s Expected left time: 0s          
 Analyzing entries 28696 - 28735, now 28719 , sum entries = 39150 . . . Used time: 0s Expected left time: 0s          
 Analyzing entries 28696 - 28735, now 28720 , sum entries = 39150 . . . Used time: 0s Expected left time: 0s          
 Analyzing entries 28696 - 28735, now 28721 , sum entries = 39150 . . . Used time: 0s Expected left time: 0s          
 Analyzing entries 28696 - 28735, now 28722 , sum entries = 39150 . . . Used time: 0s Expected left time: 0s          
 Analyzing entries 28696 - 28735, now 28723 , sum entries = 39150 . . . Used time: 0s Expected left time: 0s          
 Analyzing entries 28696 - 28735, now 28724 , sum entries = 39150 . . . Used time: 0s Expected left time: 0s          
 Analyzing entries 28696 - 28735, now 28725 , sum entries = 39150 . . . Used time: 0s Expected left time: 0s          
 Analyzing entries 28696 - 28735, now 28726 , sum entries = 39150 . . . Used time: 0s Expected left time: 0s          
 Analyzing entries 28696 - 28735, now 28727 , sum entries = 39150 . . . Used time: 0s Expected left time: 0s          
 Analyzing entries 28696 - 28735, now 28728 , sum entries = 39150 . . . Used time: 0s Expected left time: 0s          
 Analyzing entries 28696 - 28735, now 28729 , sum entries = 39150 . . . Used time: 0s Expected left time: 0s          
 Analyzing entries 28696 - 28735, now 28730 , sum entries = 39150 . . . Used time: 0s Expected left time: 0s          
 Analyzing entries 28696 - 28735, now 28731 , sum entries = 39150 . . . Used time: 0s Expected left time: 0s          
 Analyzing entries 28696 - 28735, now 28732 , sum entries = 39150 . . . Used time: 0s Expected left time: 0s          
 Analyzing entries 28696 - 28735, now 28733 , sum entries = 39150 . . . Used time: 0s Expected left time: 0s          
 Analyzing entries 28696 - 28735, now 28734 , sum entries = 39150 . . . Used time: 0s Expected left time: 0s          
 Save to RootFile /extdisk/zlin/Machine_learning/RecoPlanesFeatures/CMS_herwig_HT1000to1500-preVFP_jinitpt450_600_j2pt80_120Reco/Chunk73_Part3.root . . . Used time: 0s Expected left time: 0s          
 Save to RootFile /extdisk/zlin/Machine_learning/RecoPlanesFeatures/CMS_herwig_HT1000to1500-preVFP_jinitpt450_600_j2pt80_120Reco/Chunk73_Part3.root . . . Used time: 0s Expected left time: 0s          
 Save to RootFile /extdisk/zlin/Machine_learning/RecoPlanesFeatures/CMS_herwig_HT1000to1500-preVFP_jinitpt450_600_j2pt80_120Reco/Chunk73_Part3.root . . . Used time: 0s Expected left time: 0s          
 Save to RootFile /extdisk/zlin/Machine_learning/RecoPlanesFeatures/CMS_herwig_HT1000to1500-preVFP_jinitpt450_600_j2pt80_120Reco/Chunk73_Part3.root . . . Used time: 0s Expected left time: 0s          
 Save to RootFile /extdisk/zlin/Machine_learning/RecoPlanesFeatures/CMS_herwig_HT1000to1500-preVFP_jinitpt450_600_j2pt80_120Reco/Chunk73_Part3.root . . . Used time: 0s Expected left time: 0s          
 Analyzing entries 28736 - 28775, now 28736 , sum entries = 39150 . . . Used time: 0s Expected left time: 0s          
 Analyzing entries 28736 - 28775, now 28737 , sum entries = 39150 . . . Used time: 0s Expected left time: 0s          
 Analyzing entries 28736 - 28775, now 28738 , sum entries = 39150 . . . Used time: 0s Expected left time: 0s          
 Analyzing entries 28736 - 28775, now 28739 , sum entries = 39150 . . . Used time: 0s Expected left time: 0s          
 Analyzing entries 28736 - 28775, now 28740 , sum entries = 39150 . . . Used time: 0s Expected left time: 0s          
 Analyzing entries 28736 - 28775, now 28741 , sum entries = 39150 . . . Used time: 0s Expected left time: 0s          
 Analyzing entries 28736 - 28775, now 28742 , sum entries = 39150 . . . Used time: 0s Expected left time: 0s          
 Analyzing entries 28736 - 28775, now 28743 , sum entries = 39150 . . . Used time: 0s Expected left time: 0s          
 Analyzing entries 28736 - 28775, now 28744 , sum entries = 39150 . . . Used time: 0s Expected left time: 0s          
 Analyzing entries 28736 - 28775, now 28745 , sum entries = 39150 . . . Used time: 0s Expected left time: 0s          
 Analyzing entries 28736 - 28775, now 28746 , sum entries = 39150 . . . Used time: 0s Expected left time: 0s          
 Analyzing entries 28736 - 28775, now 28747 , sum entries = 39150 . . . Used time: 0s Expected left time: 0s          
 Analyzing entries 28736 - 28775, now 28748 , sum entries = 39150 . . . Used time: 0s Expected left time: 0s          
 Analyzing entries 28736 - 28775, now 28749 , sum entries = 39150 . . . Used time: 0s Expected left time: 0s          
 Analyzing entries 28736 - 28775, now 28750 , sum entries = 39150 . . . Used time: 0s Expected left time: 0s          
 Analyzing entries 28736 - 28775, now 28751 , sum entries = 39150 . . . Used time: 0s Expected left time: 0s          
 Analyzing entries 28736 - 28775, now 28752 , sum entries = 39150 . . . Used time: 0s Expected left time: 0s          
 Analyzing entries 28736 - 28775, now 28753 , sum entries = 39150 . . . Used time: 0s Expected left time: 0s          
 Analyzing entries 28736 - 28775, now 28754 , sum entries = 39150 . . . Used time: 0s Expected left time: 0s          
 Analyzing entries 28736 - 28775, now 28755 , sum entries = 39150 . . . Used time: 0s Expected left time: 0s          
 Analyzing entries 28736 - 28775, now 28756 , sum entries = 39150 . . . Used time: 0s Expected left time: 0s          
 Analyzing entries 28736 - 28775, now 28757 , sum entries = 39150 . . . Used time: 0s Expected left time: 0s          
 Analyzing entries 28736 - 28775, now 28758 , sum entries = 39150 . . . Used time: 0s Expected left time: 0s          
 Analyzing entries 28736 - 28775, now 28759 , sum entries = 39150 . . . Used time: 0s Expected left time: 0s          
 Analyzing entries 28736 - 28775, now 28760 , sum entries = 39150 . . . Used time: 0s Expected left time: 0s          
 Analyzing entries 28736 - 28775, now 28761 , sum entries = 39150 . . . Used time: 0s Expected left time: 0s          
 Analyzing entries 28736 - 28775, now 28762 , sum entries = 39150 . . . Used time: 0s Expected left time: 0s          
 Analyzing entries 28736 - 28775, now 28763 , sum entries = 39150 . . . Used time: 0s Expected left time: 0s          
 Analyzing entries 28736 - 28775, now 28764 , sum entries = 39150 . . . Used time: 0s Expected left time: 0s          
 Analyzing entries 28736 - 28775, now 28765 , sum entries = 39150 . . . Used time: 0s Expected left time: 0s          
 Analyzing entries 28736 - 28775, now 28766 , sum entries = 39150 . . . Used time: 0s Expected left time: 0s          
 Analyzing entries 28736 - 28775, now 28767 , sum entries = 39150 . . . Used time: 0s Expected left time: 0s          
 Analyzing entries 28736 - 28775, now 28768 , sum entries = 39150 . . . Used time: 0s Expected left time: 0s          
 Analyzing entries 28736 - 28775, now 28769 , sum entries = 39150 . . . Used time: 0s Expected left time: 0s          
 Analyzing entries 28736 - 28775, now 28770 , sum entries = 39150 . . . Used time: 0s Expected left time: 0s          
 Analyzing entries 28736 - 28775, now 28771 , sum entries = 39150 . . . Used time: 0s Expected left time: 0s          
 Analyzing entries 28736 - 28775, now 28772 , sum entries = 39150 . . . Used time: 0s Expected left time: 0s          
 Analyzing entries 28736 - 28775, now 28773 , sum entries = 39150 . . . Used time: 0s Expected left time: 0s          
 Analyzing entries 28736 - 28775, now 28774 , sum entries = 39150 . . . Used time: 0s Expected left time: 0s          
 Save to RootFile /extdisk/zlin/Machine_learning/RecoPlanesFeatures/CMS_herwig_HT1000to1500-preVFP_jinitpt450_600_j2pt80_120Reco/Chunk73_Part4.root . . . Used time: 0s Expected left time: 0s          
 Save to RootFile /extdisk/zlin/Machine_learning/RecoPlanesFeatures/CMS_herwig_HT1000to1500-preVFP_jinitpt450_600_j2pt80_120Reco/Chunk73_Part4.root . . . Used time: 0s Expected left time: 0s          
 Save to RootFile /extdisk/zlin/Machine_learning/RecoPlanesFeatures/CMS_herwig_HT1000to1500-preVFP_jinitpt450_600_j2pt80_120Reco/Chunk73_Part4.root . . . Used time: 0s Expected left time: 0s          
 Save to RootFile /extdisk/zlin/Machine_learning/RecoPlanesFeatures/CMS_herwig_HT1000to1500-preVFP_jinitpt450_600_j2pt80_120Reco/Chunk73_Part4.root . . . Used time: 0s Expected left time: 0s          
 Save to RootFile /extdisk/zlin/Machine_learning/RecoPlanesFeatures/CMS_herwig_HT1000to1500-preVFP_jinitpt450_600_j2pt80_120Reco/Chunk73_Part4.root . . . Used time: 0s Expected left time: 0s          
 Save to RootFile /extdisk/zlin/Machine_learning/RecoPlanesFeatures/CMS_herwig_HT1000to1500-preVFP_jinitpt450_600_j2pt80_120Reco/Chunk73_Part4.root . . . Used time: 0s Expected left time: 0s          
 Save to RootFile /extdisk/zlin/Machine_learning/RecoPlanesFeatures/CMS_herwig_HT1000to1500-preVFP_jinitpt450_600_j2pt80_120Reco/Chunk73_Part4.root . . . Used time: 0s Expected left time: 0s          
 Save to RootFile /extdisk/zlin/Machine_learning/RecoPlanesFeatures/CMS_herwig_HT1000to1500-preVFP_jinitpt450_600_j2pt80_120Reco/Chunk73_Part4.root . . . Used time: 0s Expected left time: 0s          
 Save to RootFile /extdisk/zlin/Machine_learning/RecoPlanesFeatures/CMS_herwig_HT1000to1500-preVFP_jinitpt450_600_j2pt80_120Reco/Chunk73_Part4.root . . . Used time: 0s Expected left time: 0s          
 Save to RootFile /extdisk/zlin/Machine_learning/RecoPlanesFeatures/CMS_herwig_HT1000to1500-preVFP_jinitpt450_600_j2pt80_120Reco/Chunk73_Part4.root . . . Used time: 0s Expected left time: 0s          
 Analyzing entries 28775 - 28814, now 28775 , sum entries = 39150 . . . Used time: 0s Expected left time: 0s          
 Analyzing entries 28775 - 28814, now 28776 , sum entries = 39150 . . . Used time: 0s Expected left time: 0s          
 Analyzing entries 28775 - 28814, now 28777 , sum entries = 39150 . . . Used time: 0s Expected left time: 0s          
 Analyzing entries 28775 - 28814, now 28778 , sum entries = 39150 . . . Used time: 0s Expected left time: 0s          
 Analyzing entries 28775 - 28814, now 28779 , sum entries = 39150 . . . Used time: 0s Expected left time: 0s          
 Analyzing entries 28775 - 28814, now 28780 , sum entries = 39150 . . . Used time: 0s Expected left time: 0s          
 Analyzing entries 28775 - 28814, now 28781 , sum entries = 39150 . . . Used time: 0s Expected left time: 0s          
 Analyzing entries 28775 - 28814, now 28782 , sum entries = 39150 . . . Used time: 0s Expected left time: 0s          
 Analyzing entries 28775 - 28814, now 28783 , sum entries = 39150 . . . Used time: 0s Expected left time: 0s          
 Analyzing entries 28775 - 28814, now 28784 , sum entries = 39150 . . . Used time: 0s Expected left time: 0s          
 Analyzing entries 28775 - 28814, now 28785 , sum entries = 39150 . . . Used time: 0s Expected left time: 0s          
 Analyzing entries 28775 - 28814, now 28786 , sum entries = 39150 . . . Used time: 0s Expected left time: 0s          
 Analyzing entries 28775 - 28814, now 28787 , sum entries = 39150 . . . Used time: 0s Expected left time: 0s          
 Analyzing entries 28775 - 28814, now 28788 , sum entries = 39150 . . . Used time: 0s Expected left time: 0s          
 Analyzing entries 28775 - 28814, now 28789 , sum entries = 39150 . . . Used time: 0s Expected left time: 0s          
 Analyzing entries 28775 - 28814, now 28790 , sum entries = 39150 . . . Used time: 0s Expected left time: 0s          
 Analyzing entries 28775 - 28814, now 28791 , sum entries = 39150 . . . Used time: 0s Expected left time: 0s          
 Analyzing entries 28775 - 28814, now 28792 , sum entries = 39150 . . . Used time: 0s Expected left time: 0s          
 Analyzing entries 28775 - 28814, now 28793 , sum entries = 39150 . . . Used time: 0s Expected left time: 0s          
 Analyzing entries 28775 - 28814, now 28794 , sum entries = 39150 . . . Used time: 0s Expected left time: 0s          
 Analyzing entries 28775 - 28814, now 28795 , sum entries = 39150 . . . Used time: 0s Expected left time: 0s          
 Analyzing entries 28775 - 28814, now 28796 , sum entries = 39150 . . . Used time: 0s Expected left time: 0s          
 Analyzing entries 28775 - 28814, now 28797 , sum entries = 39150 . . . Used time: 0s Expected left time: 0s          
 Analyzing entries 28775 - 28814, now 28798 , sum entries = 39150 . . . Used time: 0s Expected left time: 0s          
 Analyzing entries 28775 - 28814, now 28799 , sum entries = 39150 . . . Used time: 0s Expected left time: 0s          
 Analyzing entries 28775 - 28814, now 28800 , sum entries = 39150 . . . Used time: 0s Expected left time: 0s          
 Analyzing entries 28775 - 28814, now 28801 , sum entries = 39150 . . . Used time: 0s Expected left time: 0s          
 Analyzing entries 28775 - 28814, now 28802 , sum entries = 39150 . . . Used time: 0s Expected left time: 0s          
 Analyzing entries 28775 - 28814, now 28803 , sum entries = 39150 . . . Used time: 0s Expected left time: 0s          
 Analyzing entries 28775 - 28814, now 28804 , sum entries = 39150 . . . Used time: 0s Expected left time: 0s          
 Analyzing entries 28775 - 28814, now 28805 , sum entries = 39150 . . . Used time: 0s Expected left time: 0s          
 Analyzing entries 28775 - 28814, now 28806 , sum entries = 39150 . . . Used time: 0s Expected left time: 0s          
 Analyzing entries 28775 - 28814, now 28807 , sum entries = 39150 . . . Used time: 0s Expected left time: 0s          
 Analyzing entries 28775 - 28814, now 28808 , sum entries = 39150 . . . Used time: 0s Expected left time: 0s          
 Analyzing entries 28775 - 28814, now 28809 , sum entries = 39150 . . . Used time: 0s Expected left time: 0s          
 Analyzing entries 28775 - 28814, now 28810 , sum entries = 39150 . . . Used time: 0s Expected left time: 0s          
 Analyzing entries 28775 - 28814, now 28811 , sum entries = 39150 . . . Used time: 0s Expected left time: 0s          
 Analyzing entries 28775 - 28814, now 28812 , sum entries = 39150 . . . Used time: 0s Expected left time: 0s          
 Analyzing entries 28775 - 28814, now 28813 , sum entries = 39150 . . . Used time: 0s Expected left time: 0s          
 Save to RootFile /extdisk/zlin/Machine_learning/RecoPlanesFeatures/CMS_herwig_HT1000to1500-preVFP_jinitpt450_600_j2pt80_120Reco/Chunk73_Part5.root . . . Used time: 0s Expected left time: 0s          
 Save to RootFile /extdisk/zlin/Machine_learning/RecoPlanesFeatures/CMS_herwig_HT1000to1500-preVFP_jinitpt450_600_j2pt80_120Reco/Chunk73_Part5.root . . . Used time: 0s Expected left time: 0s          
 Save to RootFile /extdisk/zlin/Machine_learning/RecoPlanesFeatures/CMS_herwig_HT1000to1500-preVFP_jinitpt450_600_j2pt80_120Reco/Chunk73_Part5.root . . . Used time: 0s Expected left time: 0s          
 Analyzing entries 28814 - 28853, now 28814 , sum entries = 39150 . . . Used time: 0s Expected left time: 0s          
 Analyzing entries 28814 - 28853, now 28815 , sum entries = 39150 . . . Used time: 0s Expected left time: 0s          
 Analyzing entries 28814 - 28853, now 28816 , sum entries = 39150 . . . Used time: 0s Expected left time: 0s          
 Analyzing entries 28814 - 28853, now 28817 , sum entries = 39150 . . . Used time: 0s Expected left time: 0s          
 Analyzing entries 28814 - 28853, now 28818 , sum entries = 39150 . . . Used time: 0s Expected left time: 0s          
 Analyzing entries 28814 - 28853, now 28819 , sum entries = 39150 . . . Used time: 0s Expected left time: 0s          
 Analyzing entries 28814 - 28853, now 28820 , sum entries = 39150 . . . Used time: 0s Expected left time: 0s          
 Analyzing entries 28814 - 28853, now 28821 , sum entries = 39150 . . . Used time: 0s Expected left time: 0s          
 Analyzing entries 28814 - 28853, now 28822 , sum entries = 39150 . . . Used time: 0s Expected left time: 0s          
 Analyzing entries 28814 - 28853, now 28823 , sum entries = 39150 . . . Used time: 0s Expected left time: 0s          
 Analyzing entries 28814 - 28853, now 28824 , sum entries = 39150 . . . Used time: 0s Expected left time: 0s          
 Analyzing entries 28814 - 28853, now 28825 , sum entries = 39150 . . . Used time: 0s Expected left time: 0s          
 Analyzing entries 28814 - 28853, now 28826 , sum entries = 39150 . . . Used time: 0s Expected left time: 0s          
 Analyzing entries 28814 - 28853, now 28827 , sum entries = 39150 . . . Used time: 0s Expected left time: 0s          
 Analyzing entries 28814 - 28853, now 28828 , sum entries = 39150 . . . Used time: 0s Expected left time: 0s          
 Analyzing entries 28814 - 28853, now 28829 , sum entries = 39150 . . . Used time: 0s Expected left time: 0s          
 Analyzing entries 28814 - 28853, now 28830 , sum entries = 39150 . . . Used time: 0s Expected left time: 0s          
 Analyzing entries 28814 - 28853, now 28831 , sum entries = 39150 . . . Used time: 0s Expected left time: 0s          
 Analyzing entries 28814 - 28853, now 28832 , sum entries = 39150 . . . Used time: 0s Expected left time: 0s          
 Analyzing entries 28814 - 28853, now 28833 , sum entries = 39150 . . . Used time: 0s Expected left time: 0s          
 Analyzing entries 28814 - 28853, now 28834 , sum entries = 39150 . . . Used time: 0s Expected left time: 0s          
 Analyzing entries 28814 - 28853, now 28835 , sum entries = 39150 . . . Used time: 0s Expected left time: 0s          
 Analyzing entries 28814 - 28853, now 28836 , sum entries = 39150 . . . Used time: 0s Expected left time: 0s          
 Analyzing entries 28814 - 28853, now 28837 , sum entries = 39150 . . . Used time: 0s Expected left time: 0s          
 Analyzing entries 28814 - 28853, now 28838 , sum entries = 39150 . . . Used time: 0s Expected left time: 0s          
 Analyzing entries 28814 - 28853, now 28839 , sum entries = 39150 . . . Used time: 0s Expected left time: 0s          
 Analyzing entries 28814 - 28853, now 28840 , sum entries = 39150 . . . Used time: 0s Expected left time: 0s          
 Analyzing entries 28814 - 28853, now 28841 , sum entries = 39150 . . . Used time: 0s Expected left time: 0s          
 Analyzing entries 28814 - 28853, now 28842 , sum entries = 39150 . . . Used time: 0s Expected left time: 0s          
 Analyzing entries 28814 - 28853, now 28843 , sum entries = 39150 . . . Used time: 0s Expected left time: 0s          
 Analyzing entries 28814 - 28853, now 28844 , sum entries = 39150 . . . Used time: 0s Expected left time: 0s          
 Analyzing entries 28814 - 28853, now 28845 , sum entries = 39150 . . . Used time: 0s Expected left time: 0s          
 Analyzing entries 28814 - 28853, now 28846 , sum entries = 39150 . . . Used time: 0s Expected left time: 0s          
 Analyzing entries 28814 - 28853, now 28847 , sum entries = 39150 . . . Used time: 0s Expected left time: 0s          
 Analyzing entries 28814 - 28853, now 28848 , sum entries = 39150 . . . Used time: 0s Expected left time: 0s          
 Analyzing entries 28814 - 28853, now 28849 , sum entries = 39150 . . . Used time: 0s Expected left time: 0s          
 Analyzing entries 28814 - 28853, now 28850 , sum entries = 39150 . . . Used time: 0s Expected left time: 0s          
 Analyzing entries 28814 - 28853, now 28851 , sum entries = 39150 . . . Used time: 0s Expected left time: 0s          
 Analyzing entries 28814 - 28853, now 28852 , sum entries = 39150 . . . Used time: 0s Expected left time: 0s          
 Save to RootFile /extdisk/zlin/Machine_learning/RecoPlanesFeatures/CMS_herwig_HT1000to1500-preVFP_jinitpt450_600_j2pt80_120Reco/Chunk73_Part6.root . . . Used time: 0s Expected left time: 0s          
 Save to RootFile /extdisk/zlin/Machine_learning/RecoPlanesFeatures/CMS_herwig_HT1000to1500-preVFP_jinitpt450_600_j2pt80_120Reco/Chunk73_Part6.root . . . Used time: 0s Expected left time: 0s          
 Save to RootFile /extdisk/zlin/Machine_learning/RecoPlanesFeatures/CMS_herwig_HT1000to1500-preVFP_jinitpt450_600_j2pt80_120Reco/Chunk73_Part6.root . . . Used time: 0s Expected left time: 0s          
 Save to RootFile /extdisk/zlin/Machine_learning/RecoPlanesFeatures/CMS_herwig_HT1000to1500-preVFP_jinitpt450_600_j2pt80_120Reco/Chunk73_Part6.root . . . Used time: 0s Expected left time: 0s          
 Save to RootFile /extdisk/zlin/Machine_learning/RecoPlanesFeatures/CMS_herwig_HT1000to1500-preVFP_jinitpt450_600_j2pt80_120Reco/Chunk73_Part6.root . . . Used time: 0s Expected left time: 0s          
 Save to RootFile /extdisk/zlin/Machine_learning/RecoPlanesFeatures/CMS_herwig_HT1000to1500-preVFP_jinitpt450_600_j2pt80_120Reco/Chunk73_Part6.root . . . Used time: 0s Expected left time: 0s          
 Analyzing entries 28853 - 28892, now 28853 , sum entries = 39150 . . . Used time: 0s Expected left time: 0s          
 Analyzing entries 28853 - 28892, now 28854 , sum entries = 39150 . . . Used time: 0s Expected left time: 0s          
 Analyzing entries 28853 - 28892, now 28855 , sum entries = 39150 . . . Used time: 0s Expected left time: 0s          
 Analyzing entries 28853 - 28892, now 28856 , sum entries = 39150 . . . Used time: 0s Expected left time: 0s          
 Analyzing entries 28853 - 28892, now 28857 , sum entries = 39150 . . . Used time: 0s Expected left time: 0s          
 Analyzing entries 28853 - 28892, now 28858 , sum entries = 39150 . . . Used time: 0s Expected left time: 0s          
 Analyzing entries 28853 - 28892, now 28859 , sum entries = 39150 . . . Used time: 0s Expected left time: 0s          
 Analyzing entries 28853 - 28892, now 28860 , sum entries = 39150 . . . Used time: 0s Expected left time: 0s          
 Analyzing entries 28853 - 28892, now 28861 , sum entries = 39150 . . . Used time: 0s Expected left time: 0s          
 Analyzing entries 28853 - 28892, now 28862 , sum entries = 39150 . . . Used time: 0s Expected left time: 0s          
 Analyzing entries 28853 - 28892, now 28863 , sum entries = 39150 . . . Used time: 0s Expected left time: 0s          
 Analyzing entries 28853 - 28892, now 28864 , sum entries = 39150 . . . Used time: 0s Expected left time: 0s          
 Analyzing entries 28853 - 28892, now 28865 , sum entries = 39150 . . . Used time: 0s Expected left time: 0s          
 Analyzing entries 28853 - 28892, now 28866 , sum entries = 39150 . . . Used time: 0s Expected left time: 0s          
 Analyzing entries 28853 - 28892, now 28867 , sum entries = 39150 . . . Used time: 0s Expected left time: 0s          
 Analyzing entries 28853 - 28892, now 28868 , sum entries = 39150 . . . Used time: 0s Expected left time: 0s          
 Analyzing entries 28853 - 28892, now 28869 , sum entries = 39150 . . . Used time: 0s Expected left time: 0s          
 Analyzing entries 28853 - 28892, now 28870 , sum entries = 39150 . . . Used time: 0s Expected left time: 0s          
 Analyzing entries 28853 - 28892, now 28871 , sum entries = 39150 . . . Used time: 0s Expected left time: 0s          
 Analyzing entries 28853 - 28892, now 28872 , sum entries = 39150 . . . Used time: 0s Expected left time: 0s          
 Analyzing entries 28853 - 28892, now 28873 , sum entries = 39150 . . . Used time: 0s Expected left time: 0s          
 Analyzing entries 28853 - 28892, now 28874 , sum entries = 39150 . . . Used time: 0s Expected left time: 0s          
 Analyzing entries 28853 - 28892, now 28875 , sum entries = 39150 . . . Used time: 0s Expected left time: 0s          
 Analyzing entries 28853 - 28892, now 28876 , sum entries = 39150 . . . Used time: 0s Expected left time: 0s          
 Analyzing entries 28853 - 28892, now 28877 , sum entries = 39150 . . . Used time: 0s Expected left time: 0s          
 Analyzing entries 28853 - 28892, now 28878 , sum entries = 39150 . . . Used time: 0s Expected left time: 0s          
 Analyzing entries 28853 - 28892, now 28879 , sum entries = 39150 . . . Used time: 0s Expected left time: 0s          
 Analyzing entries 28853 - 28892, now 28880 , sum entries = 39150 . . . Used time: 0s Expected left time: 0s          
 Analyzing entries 28853 - 28892, now 28881 , sum entries = 39150 . . . Used time: 0s Expected left time: 0s          
 Analyzing entries 28853 - 28892, now 28882 , sum entries = 39150 . . . Used time: 0s Expected left time: 0s          
 Analyzing entries 28853 - 28892, now 28883 , sum entries = 39150 . . . Used time: 0s Expected left time: 0s          
 Analyzing entries 28853 - 28892, now 28884 , sum entries = 39150 . . . Used time: 0s Expected left time: 0s          
 Analyzing entries 28853 - 28892, now 28885 , sum entries = 39150 . . . Used time: 0s Expected left time: 0s          
 Analyzing entries 28853 - 28892, now 28886 , sum entries = 39150 . . . Used time: 0s Expected left time: 0s          
 Analyzing entries 28853 - 28892, now 28887 , sum entries = 39150 . . . Used time: 0s Expected left time: 0s          
 Analyzing entries 28853 - 28892, now 28888 , sum entries = 39150 . . . Used time: 0s Expected left time: 0s          
 Analyzing entries 28853 - 28892, now 28889 , sum entries = 39150 . . . Used time: 0s Expected left time: 0s          
 Analyzing entries 28853 - 28892, now 28890 , sum entries = 39150 . . . Used time: 0s Expected left time: 0s          
 Analyzing entries 28853 - 28892, now 28891 , sum entries = 39150 . . . Used time: 0s Expected left time: 0s          
 Save to RootFile /extdisk/zlin/Machine_learning/RecoPlanesFeatures/CMS_herwig_HT1000to1500-preVFP_jinitpt450_600_j2pt80_120Reco/Chunk73_Part7.root . . . Used time: 0s Expected left time: 0s          
 Save to RootFile /extdisk/zlin/Machine_learning/RecoPlanesFeatures/CMS_herwig_HT1000to1500-preVFP_jinitpt450_600_j2pt80_120Reco/Chunk73_Part7.root . . . Used time: 0s Expected left time: 0s          
 Save to RootFile /extdisk/zlin/Machine_learning/RecoPlanesFeatures/CMS_herwig_HT1000to1500-preVFP_jinitpt450_600_j2pt80_120Reco/Chunk73_Part7.root . . . Used time: 0s Expected left time: 0s          
 Analyzing entries 28892 - 28931, now 28892 , sum entries = 39150 . . . Used time: 0s Expected left time: 0s          
 Analyzing entries 28892 - 28931, now 28893 , sum entries = 39150 . . . Used time: 0s Expected left time: 0s          
 Analyzing entries 28892 - 28931, now 28894 , sum entries = 39150 . . . Used time: 0s Expected left time: 0s          
 Analyzing entries 28892 - 28931, now 28895 , sum entries = 39150 . . . Used time: 0s Expected left time: 0s          
 Analyzing entries 28892 - 28931, now 28896 , sum entries = 39150 . . . Used time: 0s Expected left time: 0s          
 Analyzing entries 28892 - 28931, now 28897 , sum entries = 39150 . . . Used time: 0s Expected left time: 0s          
 Analyzing entries 28892 - 28931, now 28898 , sum entries = 39150 . . . Used time: 0s Expected left time: 0s          
 Analyzing entries 28892 - 28931, now 28899 , sum entries = 39150 . . . Used time: 0s Expected left time: 0s          
 Analyzing entries 28892 - 28931, now 28900 , sum entries = 39150 . . . Used time: 0s Expected left time: 0s          
 Analyzing entries 28892 - 28931, now 28901 , sum entries = 39150 . . . Used time: 0s Expected left time: 0s          
 Analyzing entries 28892 - 28931, now 28902 , sum entries = 39150 . . . Used time: 0s Expected left time: 0s          
 Analyzing entries 28892 - 28931, now 28903 , sum entries = 39150 . . . Used time: 0s Expected left time: 0s          
 Analyzing entries 28892 - 28931, now 28904 , sum entries = 39150 . . . Used time: 0s Expected left time: 0s          
 Analyzing entries 28892 - 28931, now 28905 , sum entries = 39150 . . . Used time: 0s Expected left time: 0s          
 Analyzing entries 28892 - 28931, now 28906 , sum entries = 39150 . . . Used time: 0s Expected left time: 0s          
 Analyzing entries 28892 - 28931, now 28907 , sum entries = 39150 . . . Used time: 0s Expected left time: 0s          
 Analyzing entries 28892 - 28931, now 28908 , sum entries = 39150 . . . Used time: 0s Expected left time: 0s          
 Analyzing entries 28892 - 28931, now 28909 , sum entries = 39150 . . . Used time: 0s Expected left time: 0s          
 Analyzing entries 28892 - 28931, now 28910 , sum entries = 39150 . . . Used time: 0s Expected left time: 0s          
 Analyzing entries 28892 - 28931, now 28911 , sum entries = 39150 . . . Used time: 0s Expected left time: 0s          
 Analyzing entries 28892 - 28931, now 28912 , sum entries = 39150 . . . Used time: 0s Expected left time: 0s          
 Analyzing entries 28892 - 28931, now 28913 , sum entries = 39150 . . . Used time: 0s Expected left time: 0s          
 Analyzing entries 28892 - 28931, now 28914 , sum entries = 39150 . . . Used time: 0s Expected left time: 0s          
 Analyzing entries 28892 - 28931, now 28915 , sum entries = 39150 . . . Used time: 0s Expected left time: 0s          
 Analyzing entries 28892 - 28931, now 28916 , sum entries = 39150 . . . Used time: 0s Expected left time: 0s          
 Analyzing entries 28892 - 28931, now 28917 , sum entries = 39150 . . . Used time: 0s Expected left time: 0s          
 Analyzing entries 28892 - 28931, now 28918 , sum entries = 39150 . . . Used time: 0s Expected left time: 0s          
 Analyzing entries 28892 - 28931, now 28919 , sum entries = 39150 . . . Used time: 0s Expected left time: 0s          
 Analyzing entries 28892 - 28931, now 28920 , sum entries = 39150 . . . Used time: 0s Expected left time: 0s          
 Analyzing entries 28892 - 28931, now 28921 , sum entries = 39150 . . . Used time: 0s Expected left time: 0s          
 Analyzing entries 28892 - 28931, now 28922 , sum entries = 39150 . . . Used time: 0s Expected left time: 0s          
 Analyzing entries 28892 - 28931, now 28923 , sum entries = 39150 . . . Used time: 0s Expected left time: 0s          
 Analyzing entries 28892 - 28931, now 28924 , sum entries = 39150 . . . Used time: 0s Expected left time: 0s          
 Analyzing entries 28892 - 28931, now 28925 , sum entries = 39150 . . . Used time: 0s Expected left time: 0s          
 Analyzing entries 28892 - 28931, now 28926 , sum entries = 39150 . . . Used time: 0s Expected left time: 0s          
 Analyzing entries 28892 - 28931, now 28927 , sum entries = 39150 . . . Used time: 0s Expected left time: 0s          
 Analyzing entries 28892 - 28931, now 28928 , sum entries = 39150 . . . Used time: 0s Expected left time: 0s          
 Analyzing entries 28892 - 28931, now 28929 , sum entries = 39150 . . . Used time: 0s Expected left time: 0s          
 Analyzing entries 28892 - 28931, now 28930 , sum entries = 39150 . . . Used time: 0s Expected left time: 0s          
 Save to RootFile /extdisk/zlin/Machine_learning/RecoPlanesFeatures/CMS_herwig_HT1000to1500-preVFP_jinitpt450_600_j2pt80_120Reco/Chunk73_Part8.root . . . Used time: 0s Expected left time: 0s          
 Save to RootFile /extdisk/zlin/Machine_learning/RecoPlanesFeatures/CMS_herwig_HT1000to1500-preVFP_jinitpt450_600_j2pt80_120Reco/Chunk73_Part8.root . . . Used time: 0s Expected left time: 0s          
 Save to RootFile /extdisk/zlin/Machine_learning/RecoPlanesFeatures/CMS_herwig_HT1000to1500-preVFP_jinitpt450_600_j2pt80_120Reco/Chunk73_Part8.root . . . Used time: 0s Expected left time: 0s          
 Save to RootFile /extdisk/zlin/Machine_learning/RecoPlanesFeatures/CMS_herwig_HT1000to1500-preVFP_jinitpt450_600_j2pt80_120Reco/Chunk73_Part8.root . . . Used time: 0s Expected left time: 0s          
 Save to RootFile /extdisk/zlin/Machine_learning/RecoPlanesFeatures/CMS_herwig_HT1000to1500-preVFP_jinitpt450_600_j2pt80_120Reco/Chunk73_Part8.root . . . Used time: 0s Expected left time: 0s          
 Save to RootFile /extdisk/zlin/Machine_learning/RecoPlanesFeatures/CMS_herwig_HT1000to1500-preVFP_jinitpt450_600_j2pt80_120Reco/Chunk73_Part8.root . . . Used time: 0s Expected left time: 0s          
 Save to RootFile /extdisk/zlin/Machine_learning/RecoPlanesFeatures/CMS_herwig_HT1000to1500-preVFP_jinitpt450_600_j2pt80_120Reco/Chunk73_Part8.root . . . Used time: 0s Expected left time: 0s          
 Save to RootFile /extdisk/zlin/Machine_learning/RecoPlanesFeatures/CMS_herwig_HT1000to1500-preVFP_jinitpt450_600_j2pt80_120Reco/Chunk73_Part8.root . . . Used time: 0s Expected left time: 0s          
 Analyzing entries 28931 - 28970, now 28931 , sum entries = 39150 . . . Used time: 0s Expected left time: 0s          
 Analyzing entries 28931 - 28970, now 28932 , sum entries = 39150 . . . Used time: 0s Expected left time: 0s          
 Analyzing entries 28931 - 28970, now 28933 , sum entries = 39150 . . . Used time: 0s Expected left time: 0s          
 Analyzing entries 28931 - 28970, now 28934 , sum entries = 39150 . . . Used time: 0s Expected left time: 0s          
 Analyzing entries 28931 - 28970, now 28935 , sum entries = 39150 . . . Used time: 0s Expected left time: 0s          
 Analyzing entries 28931 - 28970, now 28936 , sum entries = 39150 . . . Used time: 0s Expected left time: 0s          
 Analyzing entries 28931 - 28970, now 28937 , sum entries = 39150 . . . Used time: 0s Expected left time: 0s          
 Analyzing entries 28931 - 28970, now 28938 , sum entries = 39150 . . . Used time: 0s Expected left time: 0s          
 Analyzing entries 28931 - 28970, now 28939 , sum entries = 39150 . . . Used time: 0s Expected left time: 0s          
 Analyzing entries 28931 - 28970, now 28940 , sum entries = 39150 . . . Used time: 0s Expected left time: 0s          
 Analyzing entries 28931 - 28970, now 28941 , sum entries = 39150 . . . Used time: 0s Expected left time: 0s          
 Analyzing entries 28931 - 28970, now 28942 , sum entries = 39150 . . . Used time: 0s Expected left time: 0s          
 Analyzing entries 28931 - 28970, now 28943 , sum entries = 39150 . . . Used time: 0s Expected left time: 0s          
 Analyzing entries 28931 - 28970, now 28944 , sum entries = 39150 . . . Used time: 0s Expected left time: 0s          
 Analyzing entries 28931 - 28970, now 28945 , sum entries = 39150 . . . Used time: 0s Expected left time: 0s          
 Analyzing entries 28931 - 28970, now 28946 , sum entries = 39150 . . . Used time: 0s Expected left time: 0s          
 Analyzing entries 28931 - 28970, now 28947 , sum entries = 39150 . . . Used time: 0s Expected left time: 0s          
 Analyzing entries 28931 - 28970, now 28948 , sum entries = 39150 . . . Used time: 0s Expected left time: 0s          
 Analyzing entries 28931 - 28970, now 28949 , sum entries = 39150 . . . Used time: 0s Expected left time: 0s          
 Analyzing entries 28931 - 28970, now 28950 , sum entries = 39150 . . . Used time: 0s Expected left time: 0s          
 Analyzing entries 28931 - 28970, now 28951 , sum entries = 39150 . . . Used time: 0s Expected left time: 0s          
 Analyzing entries 28931 - 28970, now 28952 , sum entries = 39150 . . . Used time: 0s Expected left time: 0s          
 Analyzing entries 28931 - 28970, now 28953 , sum entries = 39150 . . . Used time: 0s Expected left time: 0s          
 Analyzing entries 28931 - 28970, now 28954 , sum entries = 39150 . . . Used time: 0s Expected left time: 0s          
 Analyzing entries 28931 - 28970, now 28955 , sum entries = 39150 . . . Used time: 0s Expected left time: 0s          
 Analyzing entries 28931 - 28970, now 28956 , sum entries = 39150 . . . Used time: 0s Expected left time: 0s          
 Analyzing entries 28931 - 28970, now 28957 , sum entries = 39150 . . . Used time: 0s Expected left time: 0s          
 Analyzing entries 28931 - 28970, now 28958 , sum entries = 39150 . . . Used time: 0s Expected left time: 0s          
 Analyzing entries 28931 - 28970, now 28959 , sum entries = 39150 . . . Used time: 0s Expected left time: 0s          
 Analyzing entries 28931 - 28970, now 28960 , sum entries = 39150 . . . Used time: 0s Expected left time: 0s          
 Analyzing entries 28931 - 28970, now 28961 , sum entries = 39150 . . . Used time: 0s Expected left time: 0s          
 Analyzing entries 28931 - 28970, now 28962 , sum entries = 39150 . . . Used time: 0s Expected left time: 0s          
 Analyzing entries 28931 - 28970, now 28963 , sum entries = 39150 . . . Used time: 0s Expected left time: 0s          
 Analyzing entries 28931 - 28970, now 28964 , sum entries = 39150 . . . Used time: 0s Expected left time: 0s          
 Analyzing entries 28931 - 28970, now 28965 , sum entries = 39150 . . . Used time: 0s Expected left time: 0s          
 Analyzing entries 28931 - 28970, now 28966 , sum entries = 39150 . . . Used time: 0s Expected left time: 0s          
 Analyzing entries 28931 - 28970, now 28967 , sum entries = 39150 . . . Used time: 0s Expected left time: 0s          
 Analyzing entries 28931 - 28970, now 28968 , sum entries = 39150 . . . Used time: 0s Expected left time: 0s          
 Analyzing entries 28931 - 28970, now 28969 , sum entries = 39150 . . . Used time: 0s Expected left time: 0s          
 Save to RootFile /extdisk/zlin/Machine_learning/RecoPlanesFeatures/CMS_herwig_HT1000to1500-preVFP_jinitpt450_600_j2pt80_120Reco/Chunk73_Part9.root . . . Used time: 0s Expected left time: 0s          
 Save to RootFile /extdisk/zlin/Machine_learning/RecoPlanesFeatures/CMS_herwig_HT1000to1500-preVFP_jinitpt450_600_j2pt80_120Reco/Chunk73_Part9.root . . . Used time: 0s Expected left time: 0s          
 Save to RootFile /extdisk/zlin/Machine_learning/RecoPlanesFeatures/CMS_herwig_HT1000to1500-preVFP_jinitpt450_600_j2pt80_120Reco/Chunk73_Part9.root . . . Used time: 0s Expected left time: 0s          
 Save to RootFile /extdisk/zlin/Machine_learning/RecoPlanesFeatures/CMS_herwig_HT1000to1500-preVFP_jinitpt450_600_j2pt80_120Reco/Chunk73_Part9.root . . . Used time: 0s Expected left time: 0s          
 Save to RootFile /extdisk/zlin/Machine_learning/RecoPlanesFeatures/CMS_herwig_HT1000to1500-preVFP_jinitpt450_600_j2pt80_120Reco/Chunk73_Part9.root . . . Used time: 0s Expected left time: 0s          
 Save to RootFile /extdisk/zlin/Machine_learning/RecoPlanesFeatures/CMS_herwig_HT1000to1500-preVFP_jinitpt450_600_j2pt80_120Reco/Chunk73_Part9.root . . . Used time: 0s Expected left time: 0s          
