Warning in <TFile::Init>: file /extdisk/zlin/Machine_learning/RecoPlanes/CMS_herwig_HT1000to1500-preVFP/Chunk25_Part0.root probably not closed, trying to recover
Warning in <TFile::Init>: no keys recovered, file has been made a Zombie
 Analyzing entries 16747 - 16777, now 16747 , sum entries = 30450 . . . Used time: 0s Expected left time: 0s          
 Analyzing entries 16747 - 16777, now 16748 , sum entries = 30450 . . . Used time: 0s Expected left time: 0s          
 Analyzing entries 16747 - 16777, now 16749 , sum entries = 30450 . . . Used time: 0s Expected left time: 0s          
 Analyzing entries 16747 - 16777, now 16750 , sum entries = 30450 . . . Used time: 0s Expected left time: 0s          
 Analyzing entries 16747 - 16777, now 16751 , sum entries = 30450 . . . Used time: 0s Expected left time: 0s          
 Analyzing entries 16747 - 16777, now 16752 , sum entries = 30450 . . . Used time: 0s Expected left time: 0s          
 Analyzing entries 16747 - 16777, now 16753 , sum entries = 30450 . . . Used time: 0s Expected left time: 0s          
 Analyzing entries 16747 - 16777, now 16754 , sum entries = 30450 . . . Used time: 0s Expected left time: 0s          
 Analyzing entries 16747 - 16777, now 16755 , sum entries = 30450 . . . Used time: 0s Expected left time: 0s          
 Analyzing entries 16747 - 16777, now 16756 , sum entries = 30450 . . . Used time: 0s Expected left time: 0s          
 Analyzing entries 16747 - 16777, now 16757 , sum entries = 30450 . . . Used time: 0s Expected left time: 0s          
 Analyzing entries 16747 - 16777, now 16758 , sum entries = 30450 . . . Used time: 0s Expected left time: 0s          
 Analyzing entries 16747 - 16777, now 16759 , sum entries = 30450 . . . Used time: 0s Expected left time: 0s          
 Analyzing entries 16747 - 16777, now 16760 , sum entries = 30450 . . . Used time: 0s Expected left time: 0s          
 Analyzing entries 16747 - 16777, now 16761 , sum entries = 30450 . . . Used time: 0s Expected left time: 0s          
 Analyzing entries 16747 - 16777, now 16762 , sum entries = 30450 . . . Used time: 0s Expected left time: 0s          
 Analyzing entries 16747 - 16777, now 16763 , sum entries = 30450 . . . Used time: 0s Expected left time: 0s          
 Analyzing entries 16747 - 16777, now 16764 , sum entries = 30450 . . . Used time: 0s Expected left time: 0s          
 Analyzing entries 16747 - 16777, now 16765 , sum entries = 30450 . . . Used time: 0s Expected left time: 0s          
 Analyzing entries 16747 - 16777, now 16766 , sum entries = 30450 . . . Used time: 0s Expected left time: 0s          
 Analyzing entries 16747 - 16777, now 16767 , sum entries = 30450 . . . Used time: 0s Expected left time: 0s          
 Analyzing entries 16747 - 16777, now 16768 , sum entries = 30450 . . . Used time: 0s Expected left time: 0s          
 Analyzing entries 16747 - 16777, now 16769 , sum entries = 30450 . . . Used time: 0s Expected left time: 0s          
 Analyzing entries 16747 - 16777, now 16770 , sum entries = 30450 . . . Used time: 0s Expected left time: 0s          
 Analyzing entries 16747 - 16777, now 16771 , sum entries = 30450 . . . Used time: 0s Expected left time: 0s          
 Analyzing entries 16747 - 16777, now 16772 , sum entries = 30450 . . . Used time: 0s Expected left time: 0s          
 Analyzing entries 16747 - 16777, now 16773 , sum entries = 30450 . . . Used time: 0s Expected left time: 0s          
 Analyzing entries 16747 - 16777, now 16774 , sum entries = 30450 . . . Used time: 0s Expected left time: 0s          
 Analyzing entries 16747 - 16777, now 16775 , sum entries = 30450 . . . Used time: 0s Expected left time: 0s          
 Analyzing entries 16747 - 16777, now 16776 , sum entries = 30450 . . . Used time: 0s Expected left time: 0s          
 Save to RootFile /extdisk/zlin/Machine_learning/RecoPlanesFeatures/CMS_herwig_HT1000to1500-preVFP_jinitpt450_600_j2pt80_120Reco/Chunk55_Part0.root . . . Used time: 0s Expected left time: 0s          
 Save to RootFile /extdisk/zlin/Machine_learning/RecoPlanesFeatures/CMS_herwig_HT1000to1500-preVFP_jinitpt450_600_j2pt80_120Reco/Chunk55_Part0.root . . . Used time: 0s Expected left time: 0s          
 Save to RootFile /extdisk/zlin/Machine_learning/RecoPlanesFeatures/CMS_herwig_HT1000to1500-preVFP_jinitpt450_600_j2pt80_120Reco/Chunk55_Part0.root . . . Used time: 0s Expected left time: 0s          
 Save to RootFile /extdisk/zlin/Machine_learning/RecoPlanesFeatures/CMS_herwig_HT1000to1500-preVFP_jinitpt450_600_j2pt80_120Reco/Chunk55_Part0.root . . . Used time: 0s Expected left time: 0s          
 Save to RootFile /extdisk/zlin/Machine_learning/RecoPlanesFeatures/CMS_herwig_HT1000to1500-preVFP_jinitpt450_600_j2pt80_120Reco/Chunk55_Part0.root . . . Used time: 0s Expected left time: 0s          
 Analyzing entries 16777 - 16807, now 16777 , sum entries = 30450 . . . Used time: 0s Expected left time: 0s          
 Analyzing entries 16777 - 16807, now 16778 , sum entries = 30450 . . . Used time: 0s Expected left time: 0s          
 Analyzing entries 16777 - 16807, now 16779 , sum entries = 30450 . . . Used time: 0s Expected left time: 0s          
 Analyzing entries 16777 - 16807, now 16780 , sum entries = 30450 . . . Used time: 0s Expected left time: 0s          
 Analyzing entries 16777 - 16807, now 16781 , sum entries = 30450 . . . Used time: 0s Expected left time: 0s          
 Analyzing entries 16777 - 16807, now 16782 , sum entries = 30450 . . . Used time: 0s Expected left time: 0s          
 Analyzing entries 16777 - 16807, now 16783 , sum entries = 30450 . . . Used time: 0s Expected left time: 0s          
 Analyzing entries 16777 - 16807, now 16784 , sum entries = 30450 . . . Used time: 0s Expected left time: 0s          
 Analyzing entries 16777 - 16807, now 16785 , sum entries = 30450 . . . Used time: 0s Expected left time: 0s          
 Analyzing entries 16777 - 16807, now 16786 , sum entries = 30450 . . . Used time: 0s Expected left time: 0s          
 Analyzing entries 16777 - 16807, now 16787 , sum entries = 30450 . . . Used time: 0s Expected left time: 0s          
 Analyzing entries 16777 - 16807, now 16788 , sum entries = 30450 . . . Used time: 0s Expected left time: 0s          
 Analyzing entries 16777 - 16807, now 16789 , sum entries = 30450 . . . Used time: 0s Expected left time: 0s          
 Analyzing entries 16777 - 16807, now 16790 , sum entries = 30450 . . . Used time: 0s Expected left time: 0s          
 Analyzing entries 16777 - 16807, now 16791 , sum entries = 30450 . . . Used time: 0s Expected left time: 0s          
 Analyzing entries 16777 - 16807, now 16792 , sum entries = 30450 . . . Used time: 0s Expected left time: 0s          
 Analyzing entries 16777 - 16807, now 16793 , sum entries = 30450 . . . Used time: 0s Expected left time: 0s          
 Analyzing entries 16777 - 16807, now 16794 , sum entries = 30450 . . . Used time: 0s Expected left time: 0s          
 Analyzing entries 16777 - 16807, now 16795 , sum entries = 30450 . . . Used time: 0s Expected left time: 0s          
 Analyzing entries 16777 - 16807, now 16796 , sum entries = 30450 . . . Used time: 0s Expected left time: 0s          
 Analyzing entries 16777 - 16807, now 16797 , sum entries = 30450 . . . Used time: 0s Expected left time: 0s          
 Analyzing entries 16777 - 16807, now 16798 , sum entries = 30450 . . . Used time: 0s Expected left time: 0s          
 Analyzing entries 16777 - 16807, now 16799 , sum entries = 30450 . . . Used time: 0s Expected left time: 0s          
 Analyzing entries 16777 - 16807, now 16800 , sum entries = 30450 . . . Used time: 0s Expected left time: 0s          
 Analyzing entries 16777 - 16807, now 16801 , sum entries = 30450 . . . Used time: 0s Expected left time: 0s          
 Analyzing entries 16777 - 16807, now 16802 , sum entries = 30450 . . . Used time: 0s Expected left time: 0s          
 Analyzing entries 16777 - 16807, now 16803 , sum entries = 30450 . . . Used time: 0s Expected left time: 0s          
 Analyzing entries 16777 - 16807, now 16804 , sum entries = 30450 . . . Used time: 0s Expected left time: 0s          
 Analyzing entries 16777 - 16807, now 16805 , sum entries = 30450 . . . Used time: 0s Expected left time: 0s          
 Analyzing entries 16777 - 16807, now 16806 , sum entries = 30450 . . . Used time: 0s Expected left time: 0s          
 Save to RootFile /extdisk/zlin/Machine_learning/RecoPlanesFeatures/CMS_herwig_HT1000to1500-preVFP_jinitpt450_600_j2pt80_120Reco/Chunk55_Part1.root . . . Used time: 0s Expected left time: 0s          
 Save to RootFile /extdisk/zlin/Machine_learning/RecoPlanesFeatures/CMS_herwig_HT1000to1500-preVFP_jinitpt450_600_j2pt80_120Reco/Chunk55_Part1.root . . . Used time: 0s Expected left time: 0s          
 Save to RootFile /extdisk/zlin/Machine_learning/RecoPlanesFeatures/CMS_herwig_HT1000to1500-preVFP_jinitpt450_600_j2pt80_120Reco/Chunk55_Part1.root . . . Used time: 0s Expected left time: 0s          
 Save to RootFile /extdisk/zlin/Machine_learning/RecoPlanesFeatures/CMS_herwig_HT1000to1500-preVFP_jinitpt450_600_j2pt80_120Reco/Chunk55_Part1.root . . . Used time: 0s Expected left time: 0s          
 Save to RootFile /extdisk/zlin/Machine_learning/RecoPlanesFeatures/CMS_herwig_HT1000to1500-preVFP_jinitpt450_600_j2pt80_120Reco/Chunk55_Part1.root . . . Used time: 0s Expected left time: 0s          
 Analyzing entries 16808 - 16838, now 16808 , sum entries = 30450 . . . Used time: 0s Expected left time: 0s          
 Analyzing entries 16808 - 16838, now 16809 , sum entries = 30450 . . . Used time: 0s Expected left time: 0s          
 Analyzing entries 16808 - 16838, now 16810 , sum entries = 30450 . . . Used time: 0s Expected left time: 0s          
 Analyzing entries 16808 - 16838, now 16811 , sum entries = 30450 . . . Used time: 0s Expected left time: 0s          
 Analyzing entries 16808 - 16838, now 16812 , sum entries = 30450 . . . Used time: 0s Expected left time: 0s          
 Analyzing entries 16808 - 16838, now 16813 , sum entries = 30450 . . . Used time: 0s Expected left time: 0s          
 Analyzing entries 16808 - 16838, now 16814 , sum entries = 30450 . . . Used time: 0s Expected left time: 0s          
 Analyzing entries 16808 - 16838, now 16815 , sum entries = 30450 . . . Used time: 0s Expected left time: 0s          
 Analyzing entries 16808 - 16838, now 16816 , sum entries = 30450 . . . Used time: 0s Expected left time: 0s          
 Analyzing entries 16808 - 16838, now 16817 , sum entries = 30450 . . . Used time: 0s Expected left time: 0s          
 Analyzing entries 16808 - 16838, now 16818 , sum entries = 30450 . . . Used time: 0s Expected left time: 0s          
 Analyzing entries 16808 - 16838, now 16819 , sum entries = 30450 . . . Used time: 0s Expected left time: 0s          
 Analyzing entries 16808 - 16838, now 16820 , sum entries = 30450 . . . Used time: 0s Expected left time: 0s          
 Analyzing entries 16808 - 16838, now 16821 , sum entries = 30450 . . . Used time: 0s Expected left time: 0s          
 Analyzing entries 16808 - 16838, now 16822 , sum entries = 30450 . . . Used time: 0s Expected left time: 0s          
 Analyzing entries 16808 - 16838, now 16823 , sum entries = 30450 . . . Used time: 0s Expected left time: 0s          
 Analyzing entries 16808 - 16838, now 16824 , sum entries = 30450 . . . Used time: 0s Expected left time: 0s          
 Analyzing entries 16808 - 16838, now 16825 , sum entries = 30450 . . . Used time: 0s Expected left time: 0s          
 Analyzing entries 16808 - 16838, now 16826 , sum entries = 30450 . . . Used time: 0s Expected left time: 0s          
 Analyzing entries 16808 - 16838, now 16827 , sum entries = 30450 . . . Used time: 0s Expected left time: 0s          
 Analyzing entries 16808 - 16838, now 16828 , sum entries = 30450 . . . Used time: 0s Expected left time: 0s          
 Analyzing entries 16808 - 16838, now 16829 , sum entries = 30450 . . . Used time: 0s Expected left time: 0s          
 Analyzing entries 16808 - 16838, now 16830 , sum entries = 30450 . . . Used time: 0s Expected left time: 0s          
 Analyzing entries 16808 - 16838, now 16831 , sum entries = 30450 . . . Used time: 0s Expected left time: 0s          
 Analyzing entries 16808 - 16838, now 16832 , sum entries = 30450 . . . Used time: 0s Expected left time: 0s          
 Analyzing entries 16808 - 16838, now 16833 , sum entries = 30450 . . . Used time: 0s Expected left time: 0s          
 Analyzing entries 16808 - 16838, now 16834 , sum entries = 30450 . . . Used time: 0s Expected left time: 0s          
 Analyzing entries 16808 - 16838, now 16835 , sum entries = 30450 . . . Used time: 0s Expected left time: 0s          
 Analyzing entries 16808 - 16838, now 16836 , sum entries = 30450 . . . Used time: 0s Expected left time: 0s          
 Analyzing entries 16808 - 16838, now 16837 , sum entries = 30450 . . . Used time: 0s Expected left time: 0s          
 Save to RootFile /extdisk/zlin/Machine_learning/RecoPlanesFeatures/CMS_herwig_HT1000to1500-preVFP_jinitpt450_600_j2pt80_120Reco/Chunk55_Part2.root . . . Used time: 0s Expected left time: 0s          
 Save to RootFile /extdisk/zlin/Machine_learning/RecoPlanesFeatures/CMS_herwig_HT1000to1500-preVFP_jinitpt450_600_j2pt80_120Reco/Chunk55_Part2.root . . . Used time: 0s Expected left time: 0s          
 Save to RootFile /extdisk/zlin/Machine_learning/RecoPlanesFeatures/CMS_herwig_HT1000to1500-preVFP_jinitpt450_600_j2pt80_120Reco/Chunk55_Part2.root . . . Used time: 0s Expected left time: 0s          
 Save to RootFile /extdisk/zlin/Machine_learning/RecoPlanesFeatures/CMS_herwig_HT1000to1500-preVFP_jinitpt450_600_j2pt80_120Reco/Chunk55_Part2.root . . . Used time: 0s Expected left time: 0s          
 Save to RootFile /extdisk/zlin/Machine_learning/RecoPlanesFeatures/CMS_herwig_HT1000to1500-preVFP_jinitpt450_600_j2pt80_120Reco/Chunk55_Part2.root . . . Used time: 0s Expected left time: 0s          
 Analyzing entries 16838 - 16868, now 16838 , sum entries = 30450 . . . Used time: 0s Expected left time: 0s          
 Analyzing entries 16838 - 16868, now 16839 , sum entries = 30450 . . . Used time: 0s Expected left time: 0s          
 Analyzing entries 16838 - 16868, now 16840 , sum entries = 30450 . . . Used time: 0s Expected left time: 0s          
 Analyzing entries 16838 - 16868, now 16841 , sum entries = 30450 . . . Used time: 0s Expected left time: 0s          
 Analyzing entries 16838 - 16868, now 16842 , sum entries = 30450 . . . Used time: 0s Expected left time: 0s          
 Analyzing entries 16838 - 16868, now 16843 , sum entries = 30450 . . . Used time: 0s Expected left time: 0s          
 Analyzing entries 16838 - 16868, now 16844 , sum entries = 30450 . . . Used time: 0s Expected left time: 0s          
 Analyzing entries 16838 - 16868, now 16845 , sum entries = 30450 . . . Used time: 0s Expected left time: 0s          
 Analyzing entries 16838 - 16868, now 16846 , sum entries = 30450 . . . Used time: 0s Expected left time: 0s          
 Analyzing entries 16838 - 16868, now 16847 , sum entries = 30450 . . . Used time: 0s Expected left time: 0s          
 Analyzing entries 16838 - 16868, now 16848 , sum entries = 30450 . . . Used time: 0s Expected left time: 0s          
 Analyzing entries 16838 - 16868, now 16849 , sum entries = 30450 . . . Used time: 0s Expected left time: 0s          
 Analyzing entries 16838 - 16868, now 16850 , sum entries = 30450 . . . Used time: 0s Expected left time: 0s          
 Analyzing entries 16838 - 16868, now 16851 , sum entries = 30450 . . . Used time: 0s Expected left time: 0s          
 Analyzing entries 16838 - 16868, now 16852 , sum entries = 30450 . . . Used time: 0s Expected left time: 0s          
 Analyzing entries 16838 - 16868, now 16853 , sum entries = 30450 . . . Used time: 0s Expected left time: 0s          
 Analyzing entries 16838 - 16868, now 16854 , sum entries = 30450 . . . Used time: 0s Expected left time: 0s          
 Analyzing entries 16838 - 16868, now 16855 , sum entries = 30450 . . . Used time: 0s Expected left time: 0s          
 Analyzing entries 16838 - 16868, now 16856 , sum entries = 30450 . . . Used time: 0s Expected left time: 0s          
 Analyzing entries 16838 - 16868, now 16857 , sum entries = 30450 . . . Used time: 0s Expected left time: 0s          
 Analyzing entries 16838 - 16868, now 16858 , sum entries = 30450 . . . Used time: 0s Expected left time: 0s          
 Analyzing entries 16838 - 16868, now 16859 , sum entries = 30450 . . . Used time: 0s Expected left time: 0s          
 Analyzing entries 16838 - 16868, now 16860 , sum entries = 30450 . . . Used time: 0s Expected left time: 0s          
 Analyzing entries 16838 - 16868, now 16861 , sum entries = 30450 . . . Used time: 0s Expected left time: 0s          
 Analyzing entries 16838 - 16868, now 16862 , sum entries = 30450 . . . Used time: 0s Expected left time: 0s          
 Analyzing entries 16838 - 16868, now 16863 , sum entries = 30450 . . . Used time: 0s Expected left time: 0s          
 Analyzing entries 16838 - 16868, now 16864 , sum entries = 30450 . . . Used time: 0s Expected left time: 0s          
 Analyzing entries 16838 - 16868, now 16865 , sum entries = 30450 . . . Used time: 0s Expected left time: 0s          
 Analyzing entries 16838 - 16868, now 16866 , sum entries = 30450 . . . Used time: 0s Expected left time: 0s          
 Analyzing entries 16838 - 16868, now 16867 , sum entries = 30450 . . . Used time: 0s Expected left time: 0s          
 Save to RootFile /extdisk/zlin/Machine_learning/RecoPlanesFeatures/CMS_herwig_HT1000to1500-preVFP_jinitpt450_600_j2pt80_120Reco/Chunk55_Part3.root . . . Used time: 0s Expected left time: 0s          
 Save to RootFile /extdisk/zlin/Machine_learning/RecoPlanesFeatures/CMS_herwig_HT1000to1500-preVFP_jinitpt450_600_j2pt80_120Reco/Chunk55_Part3.root . . . Used time: 0s Expected left time: 0s          
 Save to RootFile /extdisk/zlin/Machine_learning/RecoPlanesFeatures/CMS_herwig_HT1000to1500-preVFP_jinitpt450_600_j2pt80_120Reco/Chunk55_Part3.root . . . Used time: 0s Expected left time: 0s          
 Save to RootFile /extdisk/zlin/Machine_learning/RecoPlanesFeatures/CMS_herwig_HT1000to1500-preVFP_jinitpt450_600_j2pt80_120Reco/Chunk55_Part3.root . . . Used time: 0s Expected left time: 0s          
 Save to RootFile /extdisk/zlin/Machine_learning/RecoPlanesFeatures/CMS_herwig_HT1000to1500-preVFP_jinitpt450_600_j2pt80_120Reco/Chunk55_Part3.root . . . Used time: 0s Expected left time: 0s          
 Save to RootFile /extdisk/zlin/Machine_learning/RecoPlanesFeatures/CMS_herwig_HT1000to1500-preVFP_jinitpt450_600_j2pt80_120Reco/Chunk55_Part3.root . . . Used time: 0s Expected left time: 0s          
 Analyzing entries 16869 - 16899, now 16869 , sum entries = 30450 . . . Used time: 0s Expected left time: 0s          
 Analyzing entries 16869 - 16899, now 16870 , sum entries = 30450 . . . Used time: 0s Expected left time: 0s          
 Analyzing entries 16869 - 16899, now 16871 , sum entries = 30450 . . . Used time: 0s Expected left time: 0s          
 Analyzing entries 16869 - 16899, now 16872 , sum entries = 30450 . . . Used time: 0s Expected left time: 0s          
 Analyzing entries 16869 - 16899, now 16873 , sum entries = 30450 . . . Used time: 0s Expected left time: 0s          
 Analyzing entries 16869 - 16899, now 16874 , sum entries = 30450 . . . Used time: 0s Expected left time: 0s          
 Analyzing entries 16869 - 16899, now 16875 , sum entries = 30450 . . . Used time: 0s Expected left time: 0s          
 Analyzing entries 16869 - 16899, now 16876 , sum entries = 30450 . . . Used time: 0s Expected left time: 0s          
 Analyzing entries 16869 - 16899, now 16877 , sum entries = 30450 . . . Used time: 0s Expected left time: 0s          
 Analyzing entries 16869 - 16899, now 16878 , sum entries = 30450 . . . Used time: 0s Expected left time: 0s          
 Analyzing entries 16869 - 16899, now 16879 , sum entries = 30450 . . . Used time: 0s Expected left time: 0s          
 Analyzing entries 16869 - 16899, now 16880 , sum entries = 30450 . . . Used time: 0s Expected left time: 0s          
 Analyzing entries 16869 - 16899, now 16881 , sum entries = 30450 . . . Used time: 0s Expected left time: 0s          
 Analyzing entries 16869 - 16899, now 16882 , sum entries = 30450 . . . Used time: 0s Expected left time: 0s          
 Analyzing entries 16869 - 16899, now 16883 , sum entries = 30450 . . . Used time: 0s Expected left time: 0s          
 Analyzing entries 16869 - 16899, now 16884 , sum entries = 30450 . . . Used time: 0s Expected left time: 0s          
 Analyzing entries 16869 - 16899, now 16885 , sum entries = 30450 . . . Used time: 0s Expected left time: 0s          
 Analyzing entries 16869 - 16899, now 16886 , sum entries = 30450 . . . Used time: 0s Expected left time: 0s          
 Analyzing entries 16869 - 16899, now 16887 , sum entries = 30450 . . . Used time: 0s Expected left time: 0s          
 Analyzing entries 16869 - 16899, now 16888 , sum entries = 30450 . . . Used time: 0s Expected left time: 0s          
 Analyzing entries 16869 - 16899, now 16889 , sum entries = 30450 . . . Used time: 0s Expected left time: 0s          
 Analyzing entries 16869 - 16899, now 16890 , sum entries = 30450 . . . Used time: 0s Expected left time: 0s          
 Analyzing entries 16869 - 16899, now 16891 , sum entries = 30450 . . . Used time: 0s Expected left time: 0s          
 Analyzing entries 16869 - 16899, now 16892 , sum entries = 30450 . . . Used time: 0s Expected left time: 0s          
 Analyzing entries 16869 - 16899, now 16893 , sum entries = 30450 . . . Used time: 0s Expected left time: 0s          
 Analyzing entries 16869 - 16899, now 16894 , sum entries = 30450 . . . Used time: 0s Expected left time: 0s          
 Analyzing entries 16869 - 16899, now 16895 , sum entries = 30450 . . . Used time: 0s Expected left time: 0s          
 Analyzing entries 16869 - 16899, now 16896 , sum entries = 30450 . . . Used time: 0s Expected left time: 0s          
 Analyzing entries 16869 - 16899, now 16897 , sum entries = 30450 . . . Used time: 0s Expected left time: 0s          
 Analyzing entries 16869 - 16899, now 16898 , sum entries = 30450 . . . Used time: 0s Expected left time: 0s          
 Save to RootFile /extdisk/zlin/Machine_learning/RecoPlanesFeatures/CMS_herwig_HT1000to1500-preVFP_jinitpt450_600_j2pt80_120Reco/Chunk55_Part4.root . . . Used time: 0s Expected left time: 0s          
 Save to RootFile /extdisk/zlin/Machine_learning/RecoPlanesFeatures/CMS_herwig_HT1000to1500-preVFP_jinitpt450_600_j2pt80_120Reco/Chunk55_Part4.root . . . Used time: 0s Expected left time: 0s          
 Save to RootFile /extdisk/zlin/Machine_learning/RecoPlanesFeatures/CMS_herwig_HT1000to1500-preVFP_jinitpt450_600_j2pt80_120Reco/Chunk55_Part4.root . . . Used time: 0s Expected left time: 0s          
 Save to RootFile /extdisk/zlin/Machine_learning/RecoPlanesFeatures/CMS_herwig_HT1000to1500-preVFP_jinitpt450_600_j2pt80_120Reco/Chunk55_Part4.root . . . Used time: 0s Expected left time: 0s          
 Save to RootFile /extdisk/zlin/Machine_learning/RecoPlanesFeatures/CMS_herwig_HT1000to1500-preVFP_jinitpt450_600_j2pt80_120Reco/Chunk55_Part4.root . . . Used time: 0s Expected left time: 0s          
 Save to RootFile /extdisk/zlin/Machine_learning/RecoPlanesFeatures/CMS_herwig_HT1000to1500-preVFP_jinitpt450_600_j2pt80_120Reco/Chunk55_Part4.root . . . Used time: 0s Expected left time: 0s          
 Analyzing entries 16899 - 16929, now 16899 , sum entries = 30450 . . . Used time: 0s Expected left time: 0s          
 Analyzing entries 16899 - 16929, now 16900 , sum entries = 30450 . . . Used time: 0s Expected left time: 0s          
 Analyzing entries 16899 - 16929, now 16901 , sum entries = 30450 . . . Used time: 0s Expected left time: 0s          
 Analyzing entries 16899 - 16929, now 16902 , sum entries = 30450 . . . Used time: 0s Expected left time: 0s          
 Analyzing entries 16899 - 16929, now 16903 , sum entries = 30450 . . . Used time: 0s Expected left time: 0s          
 Analyzing entries 16899 - 16929, now 16904 , sum entries = 30450 . . . Used time: 0s Expected left time: 0s          
 Analyzing entries 16899 - 16929, now 16905 , sum entries = 30450 . . . Used time: 0s Expected left time: 0s          
 Analyzing entries 16899 - 16929, now 16906 , sum entries = 30450 . . . Used time: 0s Expected left time: 0s          
 Analyzing entries 16899 - 16929, now 16907 , sum entries = 30450 . . . Used time: 0s Expected left time: 0s          
 Analyzing entries 16899 - 16929, now 16908 , sum entries = 30450 . . . Used time: 0s Expected left time: 0s          
 Analyzing entries 16899 - 16929, now 16909 , sum entries = 30450 . . . Used time: 0s Expected left time: 0s          
 Analyzing entries 16899 - 16929, now 16910 , sum entries = 30450 . . . Used time: 0s Expected left time: 0s          
 Analyzing entries 16899 - 16929, now 16911 , sum entries = 30450 . . . Used time: 0s Expected left time: 0s          
 Analyzing entries 16899 - 16929, now 16912 , sum entries = 30450 . . . Used time: 0s Expected left time: 0s          
 Analyzing entries 16899 - 16929, now 16913 , sum entries = 30450 . . . Used time: 0s Expected left time: 0s          
 Analyzing entries 16899 - 16929, now 16914 , sum entries = 30450 . . . Used time: 0s Expected left time: 0s          
 Analyzing entries 16899 - 16929, now 16915 , sum entries = 30450 . . . Used time: 0s Expected left time: 0s          
 Analyzing entries 16899 - 16929, now 16916 , sum entries = 30450 . . . Used time: 0s Expected left time: 0s          
 Analyzing entries 16899 - 16929, now 16917 , sum entries = 30450 . . . Used time: 0s Expected left time: 0s          
 Analyzing entries 16899 - 16929, now 16918 , sum entries = 30450 . . . Used time: 0s Expected left time: 0s          
 Analyzing entries 16899 - 16929, now 16919 , sum entries = 30450 . . . Used time: 0s Expected left time: 0s          
 Analyzing entries 16899 - 16929, now 16920 , sum entries = 30450 . . . Used time: 0s Expected left time: 0s          
 Analyzing entries 16899 - 16929, now 16921 , sum entries = 30450 . . . Used time: 0s Expected left time: 0s          
 Analyzing entries 16899 - 16929, now 16922 , sum entries = 30450 . . . Used time: 0s Expected left time: 0s          
 Analyzing entries 16899 - 16929, now 16923 , sum entries = 30450 . . . Used time: 0s Expected left time: 0s          
 Analyzing entries 16899 - 16929, now 16924 , sum entries = 30450 . . . Used time: 0s Expected left time: 0s          
 Analyzing entries 16899 - 16929, now 16925 , sum entries = 30450 . . . Used time: 0s Expected left time: 0s          
 Analyzing entries 16899 - 16929, now 16926 , sum entries = 30450 . . . Used time: 0s Expected left time: 0s          
 Analyzing entries 16899 - 16929, now 16927 , sum entries = 30450 . . . Used time: 0s Expected left time: 0s          
 Analyzing entries 16899 - 16929, now 16928 , sum entries = 30450 . . . Used time: 0s Expected left time: 0s          
 Save to RootFile /extdisk/zlin/Machine_learning/RecoPlanesFeatures/CMS_herwig_HT1000to1500-preVFP_jinitpt450_600_j2pt80_120Reco/Chunk55_Part5.root . . . Used time: 0s Expected left time: 0s          
 Analyzing entries 16930 - 16960, now 16930 , sum entries = 30450 . . . Used time: 0s Expected left time: 0s          
 Analyzing entries 16930 - 16960, now 16931 , sum entries = 30450 . . . Used time: 0s Expected left time: 0s          
 Analyzing entries 16930 - 16960, now 16932 , sum entries = 30450 . . . Used time: 0s Expected left time: 0s          
 Analyzing entries 16930 - 16960, now 16933 , sum entries = 30450 . . . Used time: 0s Expected left time: 0s          
 Analyzing entries 16930 - 16960, now 16934 , sum entries = 30450 . . . Used time: 0s Expected left time: 0s          
 Analyzing entries 16930 - 16960, now 16935 , sum entries = 30450 . . . Used time: 0s Expected left time: 0s          
 Analyzing entries 16930 - 16960, now 16936 , sum entries = 30450 . . . Used time: 0s Expected left time: 0s          
 Analyzing entries 16930 - 16960, now 16937 , sum entries = 30450 . . . Used time: 0s Expected left time: 0s          
 Analyzing entries 16930 - 16960, now 16938 , sum entries = 30450 . . . Used time: 0s Expected left time: 0s          
 Analyzing entries 16930 - 16960, now 16939 , sum entries = 30450 . . . Used time: 0s Expected left time: 0s          
 Analyzing entries 16930 - 16960, now 16940 , sum entries = 30450 . . . Used time: 0s Expected left time: 0s          
 Analyzing entries 16930 - 16960, now 16941 , sum entries = 30450 . . . Used time: 0s Expected left time: 0s          
 Analyzing entries 16930 - 16960, now 16942 , sum entries = 30450 . . . Used time: 0s Expected left time: 0s          
 Analyzing entries 16930 - 16960, now 16943 , sum entries = 30450 . . . Used time: 0s Expected left time: 0s          
 Analyzing entries 16930 - 16960, now 16944 , sum entries = 30450 . . . Used time: 0s Expected left time: 0s          
 Analyzing entries 16930 - 16960, now 16945 , sum entries = 30450 . . . Used time: 0s Expected left time: 0s          
 Analyzing entries 16930 - 16960, now 16946 , sum entries = 30450 . . . Used time: 0s Expected left time: 0s          
 Analyzing entries 16930 - 16960, now 16947 , sum entries = 30450 . . . Used time: 0s Expected left time: 0s          
 Analyzing entries 16930 - 16960, now 16948 , sum entries = 30450 . . . Used time: 0s Expected left time: 0s          
 Analyzing entries 16930 - 16960, now 16949 , sum entries = 30450 . . . Used time: 0s Expected left time: 0s          
 Analyzing entries 16930 - 16960, now 16950 , sum entries = 30450 . . . Used time: 0s Expected left time: 0s          
 Analyzing entries 16930 - 16960, now 16951 , sum entries = 30450 . . . Used time: 0s Expected left time: 0s          
 Analyzing entries 16930 - 16960, now 16952 , sum entries = 30450 . . . Used time: 0s Expected left time: 0s          
 Analyzing entries 16930 - 16960, now 16953 , sum entries = 30450 . . . Used time: 0s Expected left time: 0s          
 Analyzing entries 16930 - 16960, now 16954 , sum entries = 30450 . . . Used time: 0s Expected left time: 0s          
 Analyzing entries 16930 - 16960, now 16955 , sum entries = 30450 . . . Used time: 0s Expected left time: 0s          
 Analyzing entries 16930 - 16960, now 16956 , sum entries = 30450 . . . Used time: 0s Expected left time: 0s          
 Analyzing entries 16930 - 16960, now 16957 , sum entries = 30450 . . . Used time: 0s Expected left time: 0s          
 Analyzing entries 16930 - 16960, now 16958 , sum entries = 30450 . . . Used time: 0s Expected left time: 0s          
 Analyzing entries 16930 - 16960, now 16959 , sum entries = 30450 . . . Used time: 0s Expected left time: 0s          
 Save to RootFile /extdisk/zlin/Machine_learning/RecoPlanesFeatures/CMS_herwig_HT1000to1500-preVFP_jinitpt450_600_j2pt80_120Reco/Chunk55_Part6.root . . . Used time: 0s Expected left time: 0s          
 Save to RootFile /extdisk/zlin/Machine_learning/RecoPlanesFeatures/CMS_herwig_HT1000to1500-preVFP_jinitpt450_600_j2pt80_120Reco/Chunk55_Part6.root . . . Used time: 0s Expected left time: 0s          
 Save to RootFile /extdisk/zlin/Machine_learning/RecoPlanesFeatures/CMS_herwig_HT1000to1500-preVFP_jinitpt450_600_j2pt80_120Reco/Chunk55_Part6.root . . . Used time: 0s Expected left time: 0s          
 Analyzing entries 16960 - 16990, now 16960 , sum entries = 30450 . . . Used time: 0s Expected left time: 0s          
 Analyzing entries 16960 - 16990, now 16961 , sum entries = 30450 . . . Used time: 0s Expected left time: 0s          
 Analyzing entries 16960 - 16990, now 16962 , sum entries = 30450 . . . Used time: 0s Expected left time: 0s          
 Analyzing entries 16960 - 16990, now 16963 , sum entries = 30450 . . . Used time: 0s Expected left time: 0s          
 Analyzing entries 16960 - 16990, now 16964 , sum entries = 30450 . . . Used time: 0s Expected left time: 0s          
 Analyzing entries 16960 - 16990, now 16965 , sum entries = 30450 . . . Used time: 0s Expected left time: 0s          
 Analyzing entries 16960 - 16990, now 16966 , sum entries = 30450 . . . Used time: 0s Expected left time: 0s          
 Analyzing entries 16960 - 16990, now 16967 , sum entries = 30450 . . . Used time: 0s Expected left time: 0s          
 Analyzing entries 16960 - 16990, now 16968 , sum entries = 30450 . . . Used time: 0s Expected left time: 0s          
 Analyzing entries 16960 - 16990, now 16969 , sum entries = 30450 . . . Used time: 0s Expected left time: 0s          
 Analyzing entries 16960 - 16990, now 16970 , sum entries = 30450 . . . Used time: 0s Expected left time: 0s          
 Analyzing entries 16960 - 16990, now 16971 , sum entries = 30450 . . . Used time: 0s Expected left time: 0s          
 Analyzing entries 16960 - 16990, now 16972 , sum entries = 30450 . . . Used time: 0s Expected left time: 0s          
 Analyzing entries 16960 - 16990, now 16973 , sum entries = 30450 . . . Used time: 0s Expected left time: 0s          
 Analyzing entries 16960 - 16990, now 16974 , sum entries = 30450 . . . Used time: 0s Expected left time: 0s          
 Analyzing entries 16960 - 16990, now 16975 , sum entries = 30450 . . . Used time: 0s Expected left time: 0s          
 Analyzing entries 16960 - 16990, now 16976 , sum entries = 30450 . . . Used time: 0s Expected left time: 0s          
 Analyzing entries 16960 - 16990, now 16977 , sum entries = 30450 . . . Used time: 0s Expected left time: 0s          
 Analyzing entries 16960 - 16990, now 16978 , sum entries = 30450 . . . Used time: 0s Expected left time: 0s          
 Analyzing entries 16960 - 16990, now 16979 , sum entries = 30450 . . . Used time: 0s Expected left time: 0s          
 Analyzing entries 16960 - 16990, now 16980 , sum entries = 30450 . . . Used time: 0s Expected left time: 0s          
 Analyzing entries 16960 - 16990, now 16981 , sum entries = 30450 . . . Used time: 0s Expected left time: 0s          
 Analyzing entries 16960 - 16990, now 16982 , sum entries = 30450 . . . Used time: 0s Expected left time: 0s          
 Analyzing entries 16960 - 16990, now 16983 , sum entries = 30450 . . . Used time: 0s Expected left time: 0s          
 Analyzing entries 16960 - 16990, now 16984 , sum entries = 30450 . . . Used time: 0s Expected left time: 0s          
 Analyzing entries 16960 - 16990, now 16985 , sum entries = 30450 . . . Used time: 0s Expected left time: 0s          
 Analyzing entries 16960 - 16990, now 16986 , sum entries = 30450 . . . Used time: 0s Expected left time: 0s          
 Analyzing entries 16960 - 16990, now 16987 , sum entries = 30450 . . . Used time: 0s Expected left time: 0s          
 Analyzing entries 16960 - 16990, now 16988 , sum entries = 30450 . . . Used time: 0s Expected left time: 0s          
 Analyzing entries 16960 - 16990, now 16989 , sum entries = 30450 . . . Used time: 0s Expected left time: 0s          
 Save to RootFile /extdisk/zlin/Machine_learning/RecoPlanesFeatures/CMS_herwig_HT1000to1500-preVFP_jinitpt450_600_j2pt80_120Reco/Chunk55_Part7.root . . . Used time: 0s Expected left time: 0s          
 Save to RootFile /extdisk/zlin/Machine_learning/RecoPlanesFeatures/CMS_herwig_HT1000to1500-preVFP_jinitpt450_600_j2pt80_120Reco/Chunk55_Part7.root . . . Used time: 0s Expected left time: 0s          
 Save to RootFile /extdisk/zlin/Machine_learning/RecoPlanesFeatures/CMS_herwig_HT1000to1500-preVFP_jinitpt450_600_j2pt80_120Reco/Chunk55_Part7.root . . . Used time: 0s Expected left time: 0s          
 Save to RootFile /extdisk/zlin/Machine_learning/RecoPlanesFeatures/CMS_herwig_HT1000to1500-preVFP_jinitpt450_600_j2pt80_120Reco/Chunk55_Part7.root . . . Used time: 0s Expected left time: 0s          
 Save to RootFile /extdisk/zlin/Machine_learning/RecoPlanesFeatures/CMS_herwig_HT1000to1500-preVFP_jinitpt450_600_j2pt80_120Reco/Chunk55_Part7.root . . . Used time: 0s Expected left time: 0s          
 Save to RootFile /extdisk/zlin/Machine_learning/RecoPlanesFeatures/CMS_herwig_HT1000to1500-preVFP_jinitpt450_600_j2pt80_120Reco/Chunk55_Part7.root . . . Used time: 0s Expected left time: 0s          
 Save to RootFile /extdisk/zlin/Machine_learning/RecoPlanesFeatures/CMS_herwig_HT1000to1500-preVFP_jinitpt450_600_j2pt80_120Reco/Chunk55_Part7.root . . . Used time: 0s Expected left time: 0s          
 Save to RootFile /extdisk/zlin/Machine_learning/RecoPlanesFeatures/CMS_herwig_HT1000to1500-preVFP_jinitpt450_600_j2pt80_120Reco/Chunk55_Part7.root . . . Used time: 0s Expected left time: 0s          
 Save to RootFile /extdisk/zlin/Machine_learning/RecoPlanesFeatures/CMS_herwig_HT1000to1500-preVFP_jinitpt450_600_j2pt80_120Reco/Chunk55_Part7.root . . . Used time: 0s Expected left time: 0s          
 Save to RootFile /extdisk/zlin/Machine_learning/RecoPlanesFeatures/CMS_herwig_HT1000to1500-preVFP_jinitpt450_600_j2pt80_120Reco/Chunk55_Part7.root . . . Used time: 0s Expected left time: 0s          
 Analyzing entries 16991 - 17021, now 16991 , sum entries = 30450 . . . Used time: 0s Expected left time: 0s          
 Analyzing entries 16991 - 17021, now 16992 , sum entries = 30450 . . . Used time: 0s Expected left time: 0s          
 Analyzing entries 16991 - 17021, now 16993 , sum entries = 30450 . . . Used time: 0s Expected left time: 0s          
 Analyzing entries 16991 - 17021, now 16994 , sum entries = 30450 . . . Used time: 0s Expected left time: 0s          
 Analyzing entries 16991 - 17021, now 16995 , sum entries = 30450 . . . Used time: 0s Expected left time: 0s          
 Analyzing entries 16991 - 17021, now 16996 , sum entries = 30450 . . . Used time: 0s Expected left time: 0s          
 Analyzing entries 16991 - 17021, now 16997 , sum entries = 30450 . . . Used time: 0s Expected left time: 0s          
 Analyzing entries 16991 - 17021, now 16998 , sum entries = 30450 . . . Used time: 0s Expected left time: 0s          
 Analyzing entries 16991 - 17021, now 16999 , sum entries = 30450 . . . Used time: 0s Expected left time: 0s          
 Analyzing entries 16991 - 17021, now 17000 , sum entries = 30450 . . . Used time: 0s Expected left time: 0s          
 Analyzing entries 16991 - 17021, now 17001 , sum entries = 30450 . . . Used time: 0s Expected left time: 0s          
 Analyzing entries 16991 - 17021, now 17002 , sum entries = 30450 . . . Used time: 0s Expected left time: 0s          
 Analyzing entries 16991 - 17021, now 17003 , sum entries = 30450 . . . Used time: 0s Expected left time: 0s          
 Analyzing entries 16991 - 17021, now 17004 , sum entries = 30450 . . . Used time: 0s Expected left time: 0s          
 Analyzing entries 16991 - 17021, now 17005 , sum entries = 30450 . . . Used time: 0s Expected left time: 0s          
 Analyzing entries 16991 - 17021, now 17006 , sum entries = 30450 . . . Used time: 0s Expected left time: 0s          
 Analyzing entries 16991 - 17021, now 17007 , sum entries = 30450 . . . Used time: 0s Expected left time: 0s          
 Analyzing entries 16991 - 17021, now 17008 , sum entries = 30450 . . . Used time: 0s Expected left time: 0s          
 Analyzing entries 16991 - 17021, now 17009 , sum entries = 30450 . . . Used time: 0s Expected left time: 0s          
 Analyzing entries 16991 - 17021, now 17010 , sum entries = 30450 . . . Used time: 0s Expected left time: 0s          
 Analyzing entries 16991 - 17021, now 17011 , sum entries = 30450 . . . Used time: 0s Expected left time: 0s          
 Analyzing entries 16991 - 17021, now 17012 , sum entries = 30450 . . . Used time: 0s Expected left time: 0s          
 Analyzing entries 16991 - 17021, now 17013 , sum entries = 30450 . . . Used time: 0s Expected left time: 0s          
 Analyzing entries 16991 - 17021, now 17014 , sum entries = 30450 . . . Used time: 0s Expected left time: 0s          
 Analyzing entries 16991 - 17021, now 17015 , sum entries = 30450 . . . Used time: 0s Expected left time: 0s          
 Analyzing entries 16991 - 17021, now 17016 , sum entries = 30450 . . . Used time: 0s Expected left time: 0s          
 Analyzing entries 16991 - 17021, now 17017 , sum entries = 30450 . . . Used time: 0s Expected left time: 0s          
 Analyzing entries 16991 - 17021, now 17018 , sum entries = 30450 . . . Used time: 0s Expected left time: 0s          
 Analyzing entries 16991 - 17021, now 17019 , sum entries = 30450 . . . Used time: 0s Expected left time: 0s          
 Analyzing entries 16991 - 17021, now 17020 , sum entries = 30450 . . . Used time: 0s Expected left time: 0s          
 Save to RootFile /extdisk/zlin/Machine_learning/RecoPlanesFeatures/CMS_herwig_HT1000to1500-preVFP_jinitpt450_600_j2pt80_120Reco/Chunk55_Part8.root . . . Used time: 0s Expected left time: 0s          
 Analyzing entries 17021 - 17051, now 17021 , sum entries = 30450 . . . Used time: 0s Expected left time: 0s          
 Analyzing entries 17021 - 17051, now 17022 , sum entries = 30450 . . . Used time: 0s Expected left time: 0s          
 Analyzing entries 17021 - 17051, now 17023 , sum entries = 30450 . . . Used time: 0s Expected left time: 0s          
 Analyzing entries 17021 - 17051, now 17024 , sum entries = 30450 . . . Used time: 0s Expected left time: 0s          
 Analyzing entries 17021 - 17051, now 17025 , sum entries = 30450 . . . Used time: 0s Expected left time: 0s          
 Analyzing entries 17021 - 17051, now 17026 , sum entries = 30450 . . . Used time: 0s Expected left time: 0s          
 Analyzing entries 17021 - 17051, now 17027 , sum entries = 30450 . . . Used time: 0s Expected left time: 0s          
 Analyzing entries 17021 - 17051, now 17028 , sum entries = 30450 . . . Used time: 0s Expected left time: 0s          
 Analyzing entries 17021 - 17051, now 17029 , sum entries = 30450 . . . Used time: 0s Expected left time: 0s          
 Analyzing entries 17021 - 17051, now 17030 , sum entries = 30450 . . . Used time: 0s Expected left time: 0s          
 Analyzing entries 17021 - 17051, now 17031 , sum entries = 30450 . . . Used time: 0s Expected left time: 0s          
 Analyzing entries 17021 - 17051, now 17032 , sum entries = 30450 . . . Used time: 0s Expected left time: 0s          
 Analyzing entries 17021 - 17051, now 17033 , sum entries = 30450 . . . Used time: 0s Expected left time: 0s          
 Analyzing entries 17021 - 17051, now 17034 , sum entries = 30450 . . . Used time: 0s Expected left time: 0s          
 Analyzing entries 17021 - 17051, now 17035 , sum entries = 30450 . . . Used time: 0s Expected left time: 0s          
 Analyzing entries 17021 - 17051, now 17036 , sum entries = 30450 . . . Used time: 0s Expected left time: 0s          
 Analyzing entries 17021 - 17051, now 17037 , sum entries = 30450 . . . Used time: 0s Expected left time: 0s          
 Analyzing entries 17021 - 17051, now 17038 , sum entries = 30450 . . . Used time: 0s Expected left time: 0s          
 Analyzing entries 17021 - 17051, now 17039 , sum entries = 30450 . . . Used time: 0s Expected left time: 0s          
 Analyzing entries 17021 - 17051, now 17040 , sum entries = 30450 . . . Used time: 0s Expected left time: 0s          
 Analyzing entries 17021 - 17051, now 17041 , sum entries = 30450 . . . Used time: 0s Expected left time: 0s          
 Analyzing entries 17021 - 17051, now 17042 , sum entries = 30450 . . . Used time: 0s Expected left time: 0s          
 Analyzing entries 17021 - 17051, now 17043 , sum entries = 30450 . . . Used time: 0s Expected left time: 0s          
 Analyzing entries 17021 - 17051, now 17044 , sum entries = 30450 . . . Used time: 0s Expected left time: 0s          
 Analyzing entries 17021 - 17051, now 17045 , sum entries = 30450 . . . Used time: 0s Expected left time: 0s          
 Analyzing entries 17021 - 17051, now 17046 , sum entries = 30450 . . . Used time: 0s Expected left time: 0s          
 Analyzing entries 17021 - 17051, now 17047 , sum entries = 30450 . . . Used time: 0s Expected left time: 0s          
 Analyzing entries 17021 - 17051, now 17048 , sum entries = 30450 . . . Used time: 0s Expected left time: 0s          
 Analyzing entries 17021 - 17051, now 17049 , sum entries = 30450 . . . Used time: 0s Expected left time: 0s          
 Analyzing entries 17021 - 17051, now 17050 , sum entries = 30450 . . . Used time: 0s Expected left time: 0s          
 Save to RootFile /extdisk/zlin/Machine_learning/RecoPlanesFeatures/CMS_herwig_HT1000to1500-preVFP_jinitpt450_600_j2pt80_120Reco/Chunk55_Part9.root . . . Used time: 0s Expected left time: 0s          
 Save to RootFile /extdisk/zlin/Machine_learning/RecoPlanesFeatures/CMS_herwig_HT1000to1500-preVFP_jinitpt450_600_j2pt80_120Reco/Chunk55_Part9.root . . . Used time: 0s Expected left time: 0s          
