Warning in <TFile::Init>: file /extdisk/zlin/Machine_learning/RecoPlanes/CMS_herwig_HT1000to1500-preVFP/Chunk24_Part0.root probably not closed, trying to recover
Warning in <TFile::Init>: no keys recovered, file has been made a Zombie
 Analyzing entries 7934 - 7954, now 7934 , sum entries = 20880 . . . Used time: 0s Expected left time: 0s          
 Analyzing entries 7934 - 7954, now 7935 , sum entries = 20880 . . . Used time: 0s Expected left time: 0s          
 Analyzing entries 7934 - 7954, now 7936 , sum entries = 20880 . . . Used time: 0s Expected left time: 0s          
 Analyzing entries 7934 - 7954, now 7937 , sum entries = 20880 . . . Used time: 0s Expected left time: 0s          
 Analyzing entries 7934 - 7954, now 7938 , sum entries = 20880 . . . Used time: 0s Expected left time: 0s          
 Analyzing entries 7934 - 7954, now 7939 , sum entries = 20880 . . . Used time: 0s Expected left time: 0s          
 Analyzing entries 7934 - 7954, now 7940 , sum entries = 20880 . . . Used time: 0s Expected left time: 0s          
 Analyzing entries 7934 - 7954, now 7941 , sum entries = 20880 . . . Used time: 0s Expected left time: 0s          
 Analyzing entries 7934 - 7954, now 7942 , sum entries = 20880 . . . Used time: 0s Expected left time: 0s          
 Analyzing entries 7934 - 7954, now 7943 , sum entries = 20880 . . . Used time: 0s Expected left time: 0s          
 Analyzing entries 7934 - 7954, now 7944 , sum entries = 20880 . . . Used time: 0s Expected left time: 0s          
 Analyzing entries 7934 - 7954, now 7945 , sum entries = 20880 . . . Used time: 0s Expected left time: 0s          
 Analyzing entries 7934 - 7954, now 7946 , sum entries = 20880 . . . Used time: 0s Expected left time: 0s          
 Analyzing entries 7934 - 7954, now 7947 , sum entries = 20880 . . . Used time: 0s Expected left time: 0s          
 Analyzing entries 7934 - 7954, now 7948 , sum entries = 20880 . . . Used time: 0s Expected left time: 0s          
 Analyzing entries 7934 - 7954, now 7949 , sum entries = 20880 . . . Used time: 0s Expected left time: 0s          
 Analyzing entries 7934 - 7954, now 7950 , sum entries = 20880 . . . Used time: 0s Expected left time: 0s          
 Analyzing entries 7934 - 7954, now 7951 , sum entries = 20880 . . . Used time: 0s Expected left time: 0s          
 Analyzing entries 7934 - 7954, now 7952 , sum entries = 20880 . . . Used time: 0s Expected left time: 0s          
 Analyzing entries 7934 - 7954, now 7953 , sum entries = 20880 . . . Used time: 0s Expected left time: 0s          
 Save to RootFile /extdisk/zlin/Machine_learning/RecoPlanesFeatures/CMS_herwig_HT1000to1500-preVFP_jinitpt450_600_j2pt80_120Reco/Chunk38_Part0.root . . . Used time: 0s Expected left time: 0s          
 Save to RootFile /extdisk/zlin/Machine_learning/RecoPlanesFeatures/CMS_herwig_HT1000to1500-preVFP_jinitpt450_600_j2pt80_120Reco/Chunk38_Part0.root . . . Used time: 0s Expected left time: 0s          
 Save to RootFile /extdisk/zlin/Machine_learning/RecoPlanesFeatures/CMS_herwig_HT1000to1500-preVFP_jinitpt450_600_j2pt80_120Reco/Chunk38_Part0.root . . . Used time: 0s Expected left time: 0s          
 Analyzing entries 7955 - 7975, now 7955 , sum entries = 20880 . . . Used time: 0s Expected left time: 0s          
 Analyzing entries 7955 - 7975, now 7956 , sum entries = 20880 . . . Used time: 0s Expected left time: 0s          
 Analyzing entries 7955 - 7975, now 7957 , sum entries = 20880 . . . Used time: 0s Expected left time: 0s          
 Analyzing entries 7955 - 7975, now 7958 , sum entries = 20880 . . . Used time: 0s Expected left time: 0s          
 Analyzing entries 7955 - 7975, now 7959 , sum entries = 20880 . . . Used time: 0s Expected left time: 0s          
 Analyzing entries 7955 - 7975, now 7960 , sum entries = 20880 . . . Used time: 0s Expected left time: 0s          
 Analyzing entries 7955 - 7975, now 7961 , sum entries = 20880 . . . Used time: 0s Expected left time: 0s          
 Analyzing entries 7955 - 7975, now 7962 , sum entries = 20880 . . . Used time: 0s Expected left time: 0s          
 Analyzing entries 7955 - 7975, now 7963 , sum entries = 20880 . . . Used time: 0s Expected left time: 0s          
 Analyzing entries 7955 - 7975, now 7964 , sum entries = 20880 . . . Used time: 0s Expected left time: 0s          
 Analyzing entries 7955 - 7975, now 7965 , sum entries = 20880 . . . Used time: 0s Expected left time: 0s          
 Analyzing entries 7955 - 7975, now 7966 , sum entries = 20880 . . . Used time: 0s Expected left time: 0s          
 Analyzing entries 7955 - 7975, now 7967 , sum entries = 20880 . . . Used time: 0s Expected left time: 0s          
 Analyzing entries 7955 - 7975, now 7968 , sum entries = 20880 . . . Used time: 0s Expected left time: 0s          
 Analyzing entries 7955 - 7975, now 7969 , sum entries = 20880 . . . Used time: 0s Expected left time: 0s          
 Analyzing entries 7955 - 7975, now 7970 , sum entries = 20880 . . . Used time: 0s Expected left time: 0s          
 Analyzing entries 7955 - 7975, now 7971 , sum entries = 20880 . . . Used time: 0s Expected left time: 0s          
 Analyzing entries 7955 - 7975, now 7972 , sum entries = 20880 . . . Used time: 0s Expected left time: 0s          
 Analyzing entries 7955 - 7975, now 7973 , sum entries = 20880 . . . Used time: 0s Expected left time: 0s          
 Analyzing entries 7955 - 7975, now 7974 , sum entries = 20880 . . . Used time: 0s Expected left time: 0s          
terminate called after throwing an instance of 'std::out_of_range'
  what():  vector::_M_range_check: __n (which is 0) >= this->size() (which is 0)
