Warning in <TFile::Init>: file /extdisk/zlin/Machine_learning/RecoPlanes/CMS_herwig_HT1000to1500-preVFP/Chunk25_Part0.root probably not closed, trying to recover
Warning in <TFile::Init>: no keys recovered, file has been made a Zombie
Warning in <TFile::Init>: file /extdisk/zlin/Machine_learning/RecoPlanes/CMS_herwig_HT1000to1500-preVFP/Chunk26_Part0.root probably not closed, trying to recover
Warning in <TFile::Init>: no keys recovered, file has been made a Zombie
Warning in <TFile::Init>: file /extdisk/zlin/Machine_learning/RecoPlanes/CMS_herwig_HT1000to1500-preVFP/Chunk36_Part0.root probably not closed, trying to recover
Warning in <TFile::Init>: no keys recovered, file has been made a Zombie
Warning in <TFile::Init>: file /extdisk/zlin/Machine_learning/RecoPlanes/CMS_herwig_HT1000to1500-preVFP/Chunk38_Part0.root probably not closed, trying to recover
Warning in <TFile::Init>: no keys recovered, file has been made a Zombie
Warning in <TFile::Init>: file /extdisk/zlin/Machine_learning/RecoPlanes/CMS_herwig_HT1000to1500-preVFP/Chunk39_Part0.root probably not closed, trying to recover
Warning in <TFile::Init>: no keys recovered, file has been made a Zombie
Warning in <TFile::Init>: file /extdisk/zlin/Machine_learning/RecoPlanes/CMS_herwig_HT1000to1500-preVFP/Chunk76_Part0.root probably not closed, trying to recover
Warning in <TFile::Init>: no keys recovered, file has been made a Zombie
Warning in <TFile::Init>: file /extdisk/zlin/Machine_learning/RecoPlanes/CMS_herwig_HT1000to1500-preVFP/Chunk89_Part0.root probably not closed, trying to recover
Warning in <TFile::Init>: no keys recovered, file has been made a Zombie
 Analyzing entries 22776 - 22809, now 22776 , sum entries = 33495 . . . Used time: 0s Expected left time: 0s          
 Analyzing entries 22776 - 22809, now 22777 , sum entries = 33495 . . . Used time: 0s Expected left time: 0s          
 Analyzing entries 22776 - 22809, now 22778 , sum entries = 33495 . . . Used time: 0s Expected left time: 0s          
 Analyzing entries 22776 - 22809, now 22779 , sum entries = 33495 . . . Used time: 0s Expected left time: 0s          
 Analyzing entries 22776 - 22809, now 22780 , sum entries = 33495 . . . Used time: 0s Expected left time: 0s          
 Analyzing entries 22776 - 22809, now 22781 , sum entries = 33495 . . . Used time: 0s Expected left time: 0s          
 Analyzing entries 22776 - 22809, now 22782 , sum entries = 33495 . . . Used time: 0s Expected left time: 0s          
 Analyzing entries 22776 - 22809, now 22783 , sum entries = 33495 . . . Used time: 0s Expected left time: 0s          
 Analyzing entries 22776 - 22809, now 22784 , sum entries = 33495 . . . Used time: 0s Expected left time: 0s          
 Analyzing entries 22776 - 22809, now 22785 , sum entries = 33495 . . . Used time: 0s Expected left time: 0s          
 Analyzing entries 22776 - 22809, now 22786 , sum entries = 33495 . . . Used time: 0s Expected left time: 0s          
 Analyzing entries 22776 - 22809, now 22787 , sum entries = 33495 . . . Used time: 0s Expected left time: 0s          
 Analyzing entries 22776 - 22809, now 22788 , sum entries = 33495 . . . Used time: 0s Expected left time: 0s          
 Analyzing entries 22776 - 22809, now 22789 , sum entries = 33495 . . . Used time: 0s Expected left time: 0s          
 Analyzing entries 22776 - 22809, now 22790 , sum entries = 33495 . . . Used time: 0s Expected left time: 0s          
 Analyzing entries 22776 - 22809, now 22791 , sum entries = 33495 . . . Used time: 0s Expected left time: 0s          
 Analyzing entries 22776 - 22809, now 22792 , sum entries = 33495 . . . Used time: 0s Expected left time: 0s          
 Analyzing entries 22776 - 22809, now 22793 , sum entries = 33495 . . . Used time: 0s Expected left time: 0s          
 Analyzing entries 22776 - 22809, now 22794 , sum entries = 33495 . . . Used time: 0s Expected left time: 0s          
 Analyzing entries 22776 - 22809, now 22795 , sum entries = 33495 . . . Used time: 0s Expected left time: 0s          
 Analyzing entries 22776 - 22809, now 22796 , sum entries = 33495 . . . Used time: 0s Expected left time: 0s          
 Analyzing entries 22776 - 22809, now 22797 , sum entries = 33495 . . . Used time: 0s Expected left time: 0s          
 Analyzing entries 22776 - 22809, now 22798 , sum entries = 33495 . . . Used time: 0s Expected left time: 0s          
 Analyzing entries 22776 - 22809, now 22799 , sum entries = 33495 . . . Used time: 0s Expected left time: 0s          
 Analyzing entries 22776 - 22809, now 22800 , sum entries = 33495 . . . Used time: 0s Expected left time: 0s          
 Analyzing entries 22776 - 22809, now 22801 , sum entries = 33495 . . . Used time: 0s Expected left time: 0s          
 Analyzing entries 22776 - 22809, now 22802 , sum entries = 33495 . . . Used time: 0s Expected left time: 0s          
 Analyzing entries 22776 - 22809, now 22803 , sum entries = 33495 . . . Used time: 0s Expected left time: 0s          
 Analyzing entries 22776 - 22809, now 22804 , sum entries = 33495 . . . Used time: 0s Expected left time: 0s          
 Analyzing entries 22776 - 22809, now 22805 , sum entries = 33495 . . . Used time: 0s Expected left time: 0s          
 Analyzing entries 22776 - 22809, now 22806 , sum entries = 33495 . . . Used time: 0s Expected left time: 0s          
 Analyzing entries 22776 - 22809, now 22807 , sum entries = 33495 . . . Used time: 0s Expected left time: 0s          
 Analyzing entries 22776 - 22809, now 22808 , sum entries = 33495 . . . Used time: 0s Expected left time: 0s          
 Save to RootFile /extdisk/zlin/Machine_learning/RecoPlanesFeatures/CMS_herwig_HT1000to1500-preVFP_jinitpt450_600_j2pt80_120Reco/Chunk68_Part0.root . . . Used time: 0s Expected left time: 0s          
 Save to RootFile /extdisk/zlin/Machine_learning/RecoPlanesFeatures/CMS_herwig_HT1000to1500-preVFP_jinitpt450_600_j2pt80_120Reco/Chunk68_Part0.root . . . Used time: 0s Expected left time: 0s          
 Save to RootFile /extdisk/zlin/Machine_learning/RecoPlanesFeatures/CMS_herwig_HT1000to1500-preVFP_jinitpt450_600_j2pt80_120Reco/Chunk68_Part0.root . . . Used time: 0s Expected left time: 0s          
 Save to RootFile /extdisk/zlin/Machine_learning/RecoPlanesFeatures/CMS_herwig_HT1000to1500-preVFP_jinitpt450_600_j2pt80_120Reco/Chunk68_Part0.root . . . Used time: 0s Expected left time: 0s          
 Save to RootFile /extdisk/zlin/Machine_learning/RecoPlanesFeatures/CMS_herwig_HT1000to1500-preVFP_jinitpt450_600_j2pt80_120Reco/Chunk68_Part0.root . . . Used time: 0s Expected left time: 0s          
 Analyzing entries 22810 - 22843, now 22810 , sum entries = 33495 . . . Used time: 0s Expected left time: 0s          
 Analyzing entries 22810 - 22843, now 22811 , sum entries = 33495 . . . Used time: 0s Expected left time: 0s          
 Analyzing entries 22810 - 22843, now 22812 , sum entries = 33495 . . . Used time: 0s Expected left time: 0s          
 Analyzing entries 22810 - 22843, now 22813 , sum entries = 33495 . . . Used time: 0s Expected left time: 0s          
 Analyzing entries 22810 - 22843, now 22814 , sum entries = 33495 . . . Used time: 0s Expected left time: 0s          
 Analyzing entries 22810 - 22843, now 22815 , sum entries = 33495 . . . Used time: 0s Expected left time: 0s          
 Analyzing entries 22810 - 22843, now 22816 , sum entries = 33495 . . . Used time: 0s Expected left time: 0s          
 Analyzing entries 22810 - 22843, now 22817 , sum entries = 33495 . . . Used time: 0s Expected left time: 0s          
 Analyzing entries 22810 - 22843, now 22818 , sum entries = 33495 . . . Used time: 0s Expected left time: 0s          
 Analyzing entries 22810 - 22843, now 22819 , sum entries = 33495 . . . Used time: 0s Expected left time: 0s          
 Analyzing entries 22810 - 22843, now 22820 , sum entries = 33495 . . . Used time: 0s Expected left time: 0s          
 Analyzing entries 22810 - 22843, now 22821 , sum entries = 33495 . . . Used time: 0s Expected left time: 0s          
 Analyzing entries 22810 - 22843, now 22822 , sum entries = 33495 . . . Used time: 0s Expected left time: 0s          
 Analyzing entries 22810 - 22843, now 22823 , sum entries = 33495 . . . Used time: 0s Expected left time: 0s          
 Analyzing entries 22810 - 22843, now 22824 , sum entries = 33495 . . . Used time: 0s Expected left time: 0s          
 Analyzing entries 22810 - 22843, now 22825 , sum entries = 33495 . . . Used time: 0s Expected left time: 0s          
 Analyzing entries 22810 - 22843, now 22826 , sum entries = 33495 . . . Used time: 0s Expected left time: 0s          
 Analyzing entries 22810 - 22843, now 22827 , sum entries = 33495 . . . Used time: 0s Expected left time: 0s          
 Analyzing entries 22810 - 22843, now 22828 , sum entries = 33495 . . . Used time: 0s Expected left time: 0s          
 Analyzing entries 22810 - 22843, now 22829 , sum entries = 33495 . . . Used time: 0s Expected left time: 0s          
 Analyzing entries 22810 - 22843, now 22830 , sum entries = 33495 . . . Used time: 0s Expected left time: 0s          
 Analyzing entries 22810 - 22843, now 22831 , sum entries = 33495 . . . Used time: 0s Expected left time: 0s          
 Analyzing entries 22810 - 22843, now 22832 , sum entries = 33495 . . . Used time: 0s Expected left time: 0s          
 Analyzing entries 22810 - 22843, now 22833 , sum entries = 33495 . . . Used time: 0s Expected left time: 0s          
 Analyzing entries 22810 - 22843, now 22834 , sum entries = 33495 . . . Used time: 0s Expected left time: 0s          
 Analyzing entries 22810 - 22843, now 22835 , sum entries = 33495 . . . Used time: 0s Expected left time: 0s          
 Analyzing entries 22810 - 22843, now 22836 , sum entries = 33495 . . . Used time: 0s Expected left time: 0s          
 Analyzing entries 22810 - 22843, now 22837 , sum entries = 33495 . . . Used time: 0s Expected left time: 0s          
 Analyzing entries 22810 - 22843, now 22838 , sum entries = 33495 . . . Used time: 0s Expected left time: 0s          
 Analyzing entries 22810 - 22843, now 22839 , sum entries = 33495 . . . Used time: 0s Expected left time: 0s          
 Analyzing entries 22810 - 22843, now 22840 , sum entries = 33495 . . . Used time: 0s Expected left time: 0s          
 Analyzing entries 22810 - 22843, now 22841 , sum entries = 33495 . . . Used time: 0s Expected left time: 0s          
 Analyzing entries 22810 - 22843, now 22842 , sum entries = 33495 . . . Used time: 0s Expected left time: 0s          
 Save to RootFile /extdisk/zlin/Machine_learning/RecoPlanesFeatures/CMS_herwig_HT1000to1500-preVFP_jinitpt450_600_j2pt80_120Reco/Chunk68_Part1.root . . . Used time: 0s Expected left time: 0s          
 Analyzing entries 22843 - 22876, now 22843 , sum entries = 33495 . . . Used time: 0s Expected left time: 0s          
 Analyzing entries 22843 - 22876, now 22844 , sum entries = 33495 . . . Used time: 0s Expected left time: 0s          
 Analyzing entries 22843 - 22876, now 22845 , sum entries = 33495 . . . Used time: 0s Expected left time: 0s          
 Analyzing entries 22843 - 22876, now 22846 , sum entries = 33495 . . . Used time: 0s Expected left time: 0s          
 Analyzing entries 22843 - 22876, now 22847 , sum entries = 33495 . . . Used time: 0s Expected left time: 0s          
 Analyzing entries 22843 - 22876, now 22848 , sum entries = 33495 . . . Used time: 0s Expected left time: 0s          
 Analyzing entries 22843 - 22876, now 22849 , sum entries = 33495 . . . Used time: 0s Expected left time: 0s          
 Analyzing entries 22843 - 22876, now 22850 , sum entries = 33495 . . . Used time: 0s Expected left time: 0s          
 Analyzing entries 22843 - 22876, now 22851 , sum entries = 33495 . . . Used time: 0s Expected left time: 0s          
 Analyzing entries 22843 - 22876, now 22852 , sum entries = 33495 . . . Used time: 0s Expected left time: 0s          
 Analyzing entries 22843 - 22876, now 22853 , sum entries = 33495 . . . Used time: 0s Expected left time: 0s          
 Analyzing entries 22843 - 22876, now 22854 , sum entries = 33495 . . . Used time: 0s Expected left time: 0s          
 Analyzing entries 22843 - 22876, now 22855 , sum entries = 33495 . . . Used time: 0s Expected left time: 0s          
 Analyzing entries 22843 - 22876, now 22856 , sum entries = 33495 . . . Used time: 0s Expected left time: 0s          
 Analyzing entries 22843 - 22876, now 22857 , sum entries = 33495 . . . Used time: 0s Expected left time: 0s          
 Analyzing entries 22843 - 22876, now 22858 , sum entries = 33495 . . . Used time: 0s Expected left time: 0s          
 Analyzing entries 22843 - 22876, now 22859 , sum entries = 33495 . . . Used time: 0s Expected left time: 0s          
 Analyzing entries 22843 - 22876, now 22860 , sum entries = 33495 . . . Used time: 0s Expected left time: 0s          
 Analyzing entries 22843 - 22876, now 22861 , sum entries = 33495 . . . Used time: 0s Expected left time: 0s          
 Analyzing entries 22843 - 22876, now 22862 , sum entries = 33495 . . . Used time: 0s Expected left time: 0s          
 Analyzing entries 22843 - 22876, now 22863 , sum entries = 33495 . . . Used time: 0s Expected left time: 0s          
 Analyzing entries 22843 - 22876, now 22864 , sum entries = 33495 . . . Used time: 0s Expected left time: 0s          
 Analyzing entries 22843 - 22876, now 22865 , sum entries = 33495 . . . Used time: 0s Expected left time: 0s          
 Analyzing entries 22843 - 22876, now 22866 , sum entries = 33495 . . . Used time: 0s Expected left time: 0s          
 Analyzing entries 22843 - 22876, now 22867 , sum entries = 33495 . . . Used time: 0s Expected left time: 0s          
 Analyzing entries 22843 - 22876, now 22868 , sum entries = 33495 . . . Used time: 0s Expected left time: 0s          
 Analyzing entries 22843 - 22876, now 22869 , sum entries = 33495 . . . Used time: 0s Expected left time: 0s          
 Analyzing entries 22843 - 22876, now 22870 , sum entries = 33495 . . . Used time: 0s Expected left time: 0s          
 Analyzing entries 22843 - 22876, now 22871 , sum entries = 33495 . . . Used time: 0s Expected left time: 0s          
 Analyzing entries 22843 - 22876, now 22872 , sum entries = 33495 . . . Used time: 0s Expected left time: 0s          
 Analyzing entries 22843 - 22876, now 22873 , sum entries = 33495 . . . Used time: 0s Expected left time: 0s          
 Analyzing entries 22843 - 22876, now 22874 , sum entries = 33495 . . . Used time: 0s Expected left time: 0s          
 Analyzing entries 22843 - 22876, now 22875 , sum entries = 33495 . . . Used time: 0s Expected left time: 0s          
 Save to RootFile /extdisk/zlin/Machine_learning/RecoPlanesFeatures/CMS_herwig_HT1000to1500-preVFP_jinitpt450_600_j2pt80_120Reco/Chunk68_Part2.root . . . Used time: 0s Expected left time: 0s          
 Save to RootFile /extdisk/zlin/Machine_learning/RecoPlanesFeatures/CMS_herwig_HT1000to1500-preVFP_jinitpt450_600_j2pt80_120Reco/Chunk68_Part2.root . . . Used time: 0s Expected left time: 0s          
 Save to RootFile /extdisk/zlin/Machine_learning/RecoPlanesFeatures/CMS_herwig_HT1000to1500-preVFP_jinitpt450_600_j2pt80_120Reco/Chunk68_Part2.root . . . Used time: 0s Expected left time: 0s          
 Analyzing entries 22877 - 22910, now 22877 , sum entries = 33495 . . . Used time: 0s Expected left time: 0s          
 Analyzing entries 22877 - 22910, now 22878 , sum entries = 33495 . . . Used time: 0s Expected left time: 0s          
 Analyzing entries 22877 - 22910, now 22879 , sum entries = 33495 . . . Used time: 0s Expected left time: 0s          
 Analyzing entries 22877 - 22910, now 22880 , sum entries = 33495 . . . Used time: 0s Expected left time: 0s          
 Analyzing entries 22877 - 22910, now 22881 , sum entries = 33495 . . . Used time: 0s Expected left time: 0s          
 Analyzing entries 22877 - 22910, now 22882 , sum entries = 33495 . . . Used time: 0s Expected left time: 0s          
 Analyzing entries 22877 - 22910, now 22883 , sum entries = 33495 . . . Used time: 0s Expected left time: 0s          
 Analyzing entries 22877 - 22910, now 22884 , sum entries = 33495 . . . Used time: 0s Expected left time: 0s          
 Analyzing entries 22877 - 22910, now 22885 , sum entries = 33495 . . . Used time: 0s Expected left time: 0s          
 Analyzing entries 22877 - 22910, now 22886 , sum entries = 33495 . . . Used time: 0s Expected left time: 0s          
 Analyzing entries 22877 - 22910, now 22887 , sum entries = 33495 . . . Used time: 0s Expected left time: 0s          
 Analyzing entries 22877 - 22910, now 22888 , sum entries = 33495 . . . Used time: 0s Expected left time: 0s          
 Analyzing entries 22877 - 22910, now 22889 , sum entries = 33495 . . . Used time: 0s Expected left time: 0s          
 Analyzing entries 22877 - 22910, now 22890 , sum entries = 33495 . . . Used time: 0s Expected left time: 0s          
 Analyzing entries 22877 - 22910, now 22891 , sum entries = 33495 . . . Used time: 0s Expected left time: 0s          
 Analyzing entries 22877 - 22910, now 22892 , sum entries = 33495 . . . Used time: 0s Expected left time: 0s          
 Analyzing entries 22877 - 22910, now 22893 , sum entries = 33495 . . . Used time: 0s Expected left time: 0s          
 Analyzing entries 22877 - 22910, now 22894 , sum entries = 33495 . . . Used time: 0s Expected left time: 0s          
 Analyzing entries 22877 - 22910, now 22895 , sum entries = 33495 . . . Used time: 0s Expected left time: 0s          
 Analyzing entries 22877 - 22910, now 22896 , sum entries = 33495 . . . Used time: 0s Expected left time: 0s          
 Analyzing entries 22877 - 22910, now 22897 , sum entries = 33495 . . . Used time: 0s Expected left time: 0s          
 Analyzing entries 22877 - 22910, now 22898 , sum entries = 33495 . . . Used time: 0s Expected left time: 0s          
 Analyzing entries 22877 - 22910, now 22899 , sum entries = 33495 . . . Used time: 0s Expected left time: 0s          
 Analyzing entries 22877 - 22910, now 22900 , sum entries = 33495 . . . Used time: 0s Expected left time: 0s          
 Analyzing entries 22877 - 22910, now 22901 , sum entries = 33495 . . . Used time: 0s Expected left time: 0s          
 Analyzing entries 22877 - 22910, now 22902 , sum entries = 33495 . . . Used time: 0s Expected left time: 0s          
 Analyzing entries 22877 - 22910, now 22903 , sum entries = 33495 . . . Used time: 0s Expected left time: 0s          
 Analyzing entries 22877 - 22910, now 22904 , sum entries = 33495 . . . Used time: 0s Expected left time: 0s          
 Analyzing entries 22877 - 22910, now 22905 , sum entries = 33495 . . . Used time: 0s Expected left time: 0s          
 Analyzing entries 22877 - 22910, now 22906 , sum entries = 33495 . . . Used time: 0s Expected left time: 0s          
 Analyzing entries 22877 - 22910, now 22907 , sum entries = 33495 . . . Used time: 0s Expected left time: 0s          
 Analyzing entries 22877 - 22910, now 22908 , sum entries = 33495 . . . Used time: 0s Expected left time: 0s          
 Analyzing entries 22877 - 22910, now 22909 , sum entries = 33495 . . . Used time: 0s Expected left time: 0s          
 Save to RootFile /extdisk/zlin/Machine_learning/RecoPlanesFeatures/CMS_herwig_HT1000to1500-preVFP_jinitpt450_600_j2pt80_120Reco/Chunk68_Part3.root . . . Used time: 0s Expected left time: 0s          
 Save to RootFile /extdisk/zlin/Machine_learning/RecoPlanesFeatures/CMS_herwig_HT1000to1500-preVFP_jinitpt450_600_j2pt80_120Reco/Chunk68_Part3.root . . . Used time: 0s Expected left time: 0s          
 Save to RootFile /extdisk/zlin/Machine_learning/RecoPlanesFeatures/CMS_herwig_HT1000to1500-preVFP_jinitpt450_600_j2pt80_120Reco/Chunk68_Part3.root . . . Used time: 0s Expected left time: 0s          
 Save to RootFile /extdisk/zlin/Machine_learning/RecoPlanesFeatures/CMS_herwig_HT1000to1500-preVFP_jinitpt450_600_j2pt80_120Reco/Chunk68_Part3.root . . . Used time: 0s Expected left time: 0s          
 Save to RootFile /extdisk/zlin/Machine_learning/RecoPlanesFeatures/CMS_herwig_HT1000to1500-preVFP_jinitpt450_600_j2pt80_120Reco/Chunk68_Part3.root . . . Used time: 0s Expected left time: 0s          
 Save to RootFile /extdisk/zlin/Machine_learning/RecoPlanesFeatures/CMS_herwig_HT1000to1500-preVFP_jinitpt450_600_j2pt80_120Reco/Chunk68_Part3.root . . . Used time: 0s Expected left time: 0s          
 Analyzing entries 22910 - 22943, now 22910 , sum entries = 33495 . . . Used time: 0s Expected left time: 0s          
 Analyzing entries 22910 - 22943, now 22911 , sum entries = 33495 . . . Used time: 0s Expected left time: 0s          
 Analyzing entries 22910 - 22943, now 22912 , sum entries = 33495 . . . Used time: 0s Expected left time: 0s          
 Analyzing entries 22910 - 22943, now 22913 , sum entries = 33495 . . . Used time: 0s Expected left time: 0s          
 Analyzing entries 22910 - 22943, now 22914 , sum entries = 33495 . . . Used time: 0s Expected left time: 0s          
 Analyzing entries 22910 - 22943, now 22915 , sum entries = 33495 . . . Used time: 0s Expected left time: 0s          
 Analyzing entries 22910 - 22943, now 22916 , sum entries = 33495 . . . Used time: 0s Expected left time: 0s          
 Analyzing entries 22910 - 22943, now 22917 , sum entries = 33495 . . . Used time: 0s Expected left time: 0s          
 Analyzing entries 22910 - 22943, now 22918 , sum entries = 33495 . . . Used time: 0s Expected left time: 0s          
 Analyzing entries 22910 - 22943, now 22919 , sum entries = 33495 . . . Used time: 0s Expected left time: 0s          
 Analyzing entries 22910 - 22943, now 22920 , sum entries = 33495 . . . Used time: 0s Expected left time: 0s          
 Analyzing entries 22910 - 22943, now 22921 , sum entries = 33495 . . . Used time: 0s Expected left time: 0s          
 Analyzing entries 22910 - 22943, now 22922 , sum entries = 33495 . . . Used time: 0s Expected left time: 0s          
 Analyzing entries 22910 - 22943, now 22923 , sum entries = 33495 . . . Used time: 0s Expected left time: 0s          
 Analyzing entries 22910 - 22943, now 22924 , sum entries = 33495 . . . Used time: 0s Expected left time: 0s          
 Analyzing entries 22910 - 22943, now 22925 , sum entries = 33495 . . . Used time: 0s Expected left time: 0s          
 Analyzing entries 22910 - 22943, now 22926 , sum entries = 33495 . . . Used time: 0s Expected left time: 0s          
 Analyzing entries 22910 - 22943, now 22927 , sum entries = 33495 . . . Used time: 0s Expected left time: 0s          
 Analyzing entries 22910 - 22943, now 22928 , sum entries = 33495 . . . Used time: 0s Expected left time: 0s          
 Analyzing entries 22910 - 22943, now 22929 , sum entries = 33495 . . . Used time: 0s Expected left time: 0s          
 Analyzing entries 22910 - 22943, now 22930 , sum entries = 33495 . . . Used time: 0s Expected left time: 0s          
 Analyzing entries 22910 - 22943, now 22931 , sum entries = 33495 . . . Used time: 0s Expected left time: 0s          
 Analyzing entries 22910 - 22943, now 22932 , sum entries = 33495 . . . Used time: 0s Expected left time: 0s          
 Analyzing entries 22910 - 22943, now 22933 , sum entries = 33495 . . . Used time: 0s Expected left time: 0s          
 Analyzing entries 22910 - 22943, now 22934 , sum entries = 33495 . . . Used time: 0s Expected left time: 0s          
 Analyzing entries 22910 - 22943, now 22935 , sum entries = 33495 . . . Used time: 0s Expected left time: 0s          
 Analyzing entries 22910 - 22943, now 22936 , sum entries = 33495 . . . Used time: 0s Expected left time: 0s          
 Analyzing entries 22910 - 22943, now 22937 , sum entries = 33495 . . . Used time: 0s Expected left time: 0s          
 Analyzing entries 22910 - 22943, now 22938 , sum entries = 33495 . . . Used time: 0s Expected left time: 0s          
 Analyzing entries 22910 - 22943, now 22939 , sum entries = 33495 . . . Used time: 0s Expected left time: 0s          
 Analyzing entries 22910 - 22943, now 22940 , sum entries = 33495 . . . Used time: 0s Expected left time: 0s          
 Analyzing entries 22910 - 22943, now 22941 , sum entries = 33495 . . . Used time: 0s Expected left time: 0s          
 Analyzing entries 22910 - 22943, now 22942 , sum entries = 33495 . . . Used time: 0s Expected left time: 0s          
 Save to RootFile /extdisk/zlin/Machine_learning/RecoPlanesFeatures/CMS_herwig_HT1000to1500-preVFP_jinitpt450_600_j2pt80_120Reco/Chunk68_Part4.root . . . Used time: 0s Expected left time: 0s          
 Save to RootFile /extdisk/zlin/Machine_learning/RecoPlanesFeatures/CMS_herwig_HT1000to1500-preVFP_jinitpt450_600_j2pt80_120Reco/Chunk68_Part4.root . . . Used time: 0s Expected left time: 0s          
 Save to RootFile /extdisk/zlin/Machine_learning/RecoPlanesFeatures/CMS_herwig_HT1000to1500-preVFP_jinitpt450_600_j2pt80_120Reco/Chunk68_Part4.root . . . Used time: 0s Expected left time: 0s          
 Save to RootFile /extdisk/zlin/Machine_learning/RecoPlanesFeatures/CMS_herwig_HT1000to1500-preVFP_jinitpt450_600_j2pt80_120Reco/Chunk68_Part4.root . . . Used time: 0s Expected left time: 0s          
 Save to RootFile /extdisk/zlin/Machine_learning/RecoPlanesFeatures/CMS_herwig_HT1000to1500-preVFP_jinitpt450_600_j2pt80_120Reco/Chunk68_Part4.root . . . Used time: 0s Expected left time: 0s          
 Save to RootFile /extdisk/zlin/Machine_learning/RecoPlanesFeatures/CMS_herwig_HT1000to1500-preVFP_jinitpt450_600_j2pt80_120Reco/Chunk68_Part4.root . . . Used time: 0s Expected left time: 0s          
 Analyzing entries 22944 - 22977, now 22944 , sum entries = 33495 . . . Used time: 0s Expected left time: 0s          
 Analyzing entries 22944 - 22977, now 22945 , sum entries = 33495 . . . Used time: 0s Expected left time: 0s          
 Analyzing entries 22944 - 22977, now 22946 , sum entries = 33495 . . . Used time: 0s Expected left time: 0s          
 Analyzing entries 22944 - 22977, now 22947 , sum entries = 33495 . . . Used time: 0s Expected left time: 0s          
 Analyzing entries 22944 - 22977, now 22948 , sum entries = 33495 . . . Used time: 0s Expected left time: 0s          
 Analyzing entries 22944 - 22977, now 22949 , sum entries = 33495 . . . Used time: 0s Expected left time: 0s          
 Analyzing entries 22944 - 22977, now 22950 , sum entries = 33495 . . . Used time: 0s Expected left time: 0s          
 Analyzing entries 22944 - 22977, now 22951 , sum entries = 33495 . . . Used time: 0s Expected left time: 0s          
 Analyzing entries 22944 - 22977, now 22952 , sum entries = 33495 . . . Used time: 0s Expected left time: 0s          
 Analyzing entries 22944 - 22977, now 22953 , sum entries = 33495 . . . Used time: 0s Expected left time: 0s          
 Analyzing entries 22944 - 22977, now 22954 , sum entries = 33495 . . . Used time: 0s Expected left time: 0s          
 Analyzing entries 22944 - 22977, now 22955 , sum entries = 33495 . . . Used time: 0s Expected left time: 0s          
 Analyzing entries 22944 - 22977, now 22956 , sum entries = 33495 . . . Used time: 0s Expected left time: 0s          
 Analyzing entries 22944 - 22977, now 22957 , sum entries = 33495 . . . Used time: 0s Expected left time: 0s          
 Analyzing entries 22944 - 22977, now 22958 , sum entries = 33495 . . . Used time: 0s Expected left time: 0s          
 Analyzing entries 22944 - 22977, now 22959 , sum entries = 33495 . . . Used time: 0s Expected left time: 0s          
 Analyzing entries 22944 - 22977, now 22960 , sum entries = 33495 . . . Used time: 0s Expected left time: 0s          
 Analyzing entries 22944 - 22977, now 22961 , sum entries = 33495 . . . Used time: 0s Expected left time: 0s          
 Analyzing entries 22944 - 22977, now 22962 , sum entries = 33495 . . . Used time: 0s Expected left time: 0s          
 Analyzing entries 22944 - 22977, now 22963 , sum entries = 33495 . . . Used time: 0s Expected left time: 0s          
 Analyzing entries 22944 - 22977, now 22964 , sum entries = 33495 . . . Used time: 0s Expected left time: 0s          
 Analyzing entries 22944 - 22977, now 22965 , sum entries = 33495 . . . Used time: 0s Expected left time: 0s          
 Analyzing entries 22944 - 22977, now 22966 , sum entries = 33495 . . . Used time: 0s Expected left time: 0s          
 Analyzing entries 22944 - 22977, now 22967 , sum entries = 33495 . . . Used time: 0s Expected left time: 0s          
 Analyzing entries 22944 - 22977, now 22968 , sum entries = 33495 . . . Used time: 0s Expected left time: 0s          
 Analyzing entries 22944 - 22977, now 22969 , sum entries = 33495 . . . Used time: 0s Expected left time: 0s          
 Analyzing entries 22944 - 22977, now 22970 , sum entries = 33495 . . . Used time: 0s Expected left time: 0s          
 Analyzing entries 22944 - 22977, now 22971 , sum entries = 33495 . . . Used time: 0s Expected left time: 0s          
 Analyzing entries 22944 - 22977, now 22972 , sum entries = 33495 . . . Used time: 0s Expected left time: 0s          
 Analyzing entries 22944 - 22977, now 22973 , sum entries = 33495 . . . Used time: 0s Expected left time: 0s          
 Analyzing entries 22944 - 22977, now 22974 , sum entries = 33495 . . . Used time: 0s Expected left time: 0s          
 Analyzing entries 22944 - 22977, now 22975 , sum entries = 33495 . . . Used time: 0s Expected left time: 0s          
 Analyzing entries 22944 - 22977, now 22976 , sum entries = 33495 . . . Used time: 0s Expected left time: 0s          
 Save to RootFile /extdisk/zlin/Machine_learning/RecoPlanesFeatures/CMS_herwig_HT1000to1500-preVFP_jinitpt450_600_j2pt80_120Reco/Chunk68_Part5.root . . . Used time: 0s Expected left time: 0s          
 Save to RootFile /extdisk/zlin/Machine_learning/RecoPlanesFeatures/CMS_herwig_HT1000to1500-preVFP_jinitpt450_600_j2pt80_120Reco/Chunk68_Part5.root . . . Used time: 0s Expected left time: 0s          
 Save to RootFile /extdisk/zlin/Machine_learning/RecoPlanesFeatures/CMS_herwig_HT1000to1500-preVFP_jinitpt450_600_j2pt80_120Reco/Chunk68_Part5.root . . . Used time: 0s Expected left time: 0s          
 Analyzing entries 22977 - 23010, now 22977 , sum entries = 33495 . . . Used time: 0s Expected left time: 0s          
 Analyzing entries 22977 - 23010, now 22978 , sum entries = 33495 . . . Used time: 0s Expected left time: 0s          
 Analyzing entries 22977 - 23010, now 22979 , sum entries = 33495 . . . Used time: 0s Expected left time: 0s          
 Analyzing entries 22977 - 23010, now 22980 , sum entries = 33495 . . . Used time: 0s Expected left time: 0s          
 Analyzing entries 22977 - 23010, now 22981 , sum entries = 33495 . . . Used time: 0s Expected left time: 0s          
 Analyzing entries 22977 - 23010, now 22982 , sum entries = 33495 . . . Used time: 0s Expected left time: 0s          
 Analyzing entries 22977 - 23010, now 22983 , sum entries = 33495 . . . Used time: 0s Expected left time: 0s          
 Analyzing entries 22977 - 23010, now 22984 , sum entries = 33495 . . . Used time: 0s Expected left time: 0s          
 Analyzing entries 22977 - 23010, now 22985 , sum entries = 33495 . . . Used time: 0s Expected left time: 0s          
 Analyzing entries 22977 - 23010, now 22986 , sum entries = 33495 . . . Used time: 0s Expected left time: 0s          
 Analyzing entries 22977 - 23010, now 22987 , sum entries = 33495 . . . Used time: 0s Expected left time: 0s          
 Analyzing entries 22977 - 23010, now 22988 , sum entries = 33495 . . . Used time: 0s Expected left time: 0s          
 Analyzing entries 22977 - 23010, now 22989 , sum entries = 33495 . . . Used time: 0s Expected left time: 0s          
 Analyzing entries 22977 - 23010, now 22990 , sum entries = 33495 . . . Used time: 0s Expected left time: 0s          
 Analyzing entries 22977 - 23010, now 22991 , sum entries = 33495 . . . Used time: 0s Expected left time: 0s          
 Analyzing entries 22977 - 23010, now 22992 , sum entries = 33495 . . . Used time: 0s Expected left time: 0s          
 Analyzing entries 22977 - 23010, now 22993 , sum entries = 33495 . . . Used time: 0s Expected left time: 0s          
 Analyzing entries 22977 - 23010, now 22994 , sum entries = 33495 . . . Used time: 0s Expected left time: 0s          
 Analyzing entries 22977 - 23010, now 22995 , sum entries = 33495 . . . Used time: 0s Expected left time: 0s          
 Analyzing entries 22977 - 23010, now 22996 , sum entries = 33495 . . . Used time: 0s Expected left time: 0s          
 Analyzing entries 22977 - 23010, now 22997 , sum entries = 33495 . . . Used time: 0s Expected left time: 0s          
 Analyzing entries 22977 - 23010, now 22998 , sum entries = 33495 . . . Used time: 0s Expected left time: 0s          
 Analyzing entries 22977 - 23010, now 22999 , sum entries = 33495 . . . Used time: 0s Expected left time: 0s          
 Analyzing entries 22977 - 23010, now 23000 , sum entries = 33495 . . . Used time: 0s Expected left time: 0s          
 Analyzing entries 22977 - 23010, now 23001 , sum entries = 33495 . . . Used time: 0s Expected left time: 0s          
 Analyzing entries 22977 - 23010, now 23002 , sum entries = 33495 . . . Used time: 0s Expected left time: 0s          
 Analyzing entries 22977 - 23010, now 23003 , sum entries = 33495 . . . Used time: 0s Expected left time: 0s          
 Analyzing entries 22977 - 23010, now 23004 , sum entries = 33495 . . . Used time: 0s Expected left time: 0s          
 Analyzing entries 22977 - 23010, now 23005 , sum entries = 33495 . . . Used time: 0s Expected left time: 0s          
 Analyzing entries 22977 - 23010, now 23006 , sum entries = 33495 . . . Used time: 0s Expected left time: 0s          
 Analyzing entries 22977 - 23010, now 23007 , sum entries = 33495 . . . Used time: 0s Expected left time: 0s          
 Analyzing entries 22977 - 23010, now 23008 , sum entries = 33495 . . . Used time: 0s Expected left time: 0s          
 Analyzing entries 22977 - 23010, now 23009 , sum entries = 33495 . . . Used time: 0s Expected left time: 0s          
 Save to RootFile /extdisk/zlin/Machine_learning/RecoPlanesFeatures/CMS_herwig_HT1000to1500-preVFP_jinitpt450_600_j2pt80_120Reco/Chunk68_Part6.root . . . Used time: 0s Expected left time: 0s          
 Save to RootFile /extdisk/zlin/Machine_learning/RecoPlanesFeatures/CMS_herwig_HT1000to1500-preVFP_jinitpt450_600_j2pt80_120Reco/Chunk68_Part6.root . . . Used time: 0s Expected left time: 0s          
 Save to RootFile /extdisk/zlin/Machine_learning/RecoPlanesFeatures/CMS_herwig_HT1000to1500-preVFP_jinitpt450_600_j2pt80_120Reco/Chunk68_Part6.root . . . Used time: 0s Expected left time: 0s          
 Analyzing entries 23011 - 23044, now 23011 , sum entries = 33495 . . . Used time: 0s Expected left time: 0s          
 Analyzing entries 23011 - 23044, now 23012 , sum entries = 33495 . . . Used time: 0s Expected left time: 0s          
 Analyzing entries 23011 - 23044, now 23013 , sum entries = 33495 . . . Used time: 0s Expected left time: 0s          
 Analyzing entries 23011 - 23044, now 23014 , sum entries = 33495 . . . Used time: 0s Expected left time: 0s          
 Analyzing entries 23011 - 23044, now 23015 , sum entries = 33495 . . . Used time: 0s Expected left time: 0s          
 Analyzing entries 23011 - 23044, now 23016 , sum entries = 33495 . . . Used time: 0s Expected left time: 0s          
 Analyzing entries 23011 - 23044, now 23017 , sum entries = 33495 . . . Used time: 0s Expected left time: 0s          
 Analyzing entries 23011 - 23044, now 23018 , sum entries = 33495 . . . Used time: 0s Expected left time: 0s          
 Analyzing entries 23011 - 23044, now 23019 , sum entries = 33495 . . . Used time: 0s Expected left time: 0s          
 Analyzing entries 23011 - 23044, now 23020 , sum entries = 33495 . . . Used time: 0s Expected left time: 0s          
 Analyzing entries 23011 - 23044, now 23021 , sum entries = 33495 . . . Used time: 0s Expected left time: 0s          
 Analyzing entries 23011 - 23044, now 23022 , sum entries = 33495 . . . Used time: 0s Expected left time: 0s          
 Analyzing entries 23011 - 23044, now 23023 , sum entries = 33495 . . . Used time: 0s Expected left time: 0s          
 Analyzing entries 23011 - 23044, now 23024 , sum entries = 33495 . . . Used time: 0s Expected left time: 0s          
 Analyzing entries 23011 - 23044, now 23025 , sum entries = 33495 . . . Used time: 0s Expected left time: 0s          
 Analyzing entries 23011 - 23044, now 23026 , sum entries = 33495 . . . Used time: 0s Expected left time: 0s          
 Analyzing entries 23011 - 23044, now 23027 , sum entries = 33495 . . . Used time: 0s Expected left time: 0s          
 Analyzing entries 23011 - 23044, now 23028 , sum entries = 33495 . . . Used time: 0s Expected left time: 0s          
 Analyzing entries 23011 - 23044, now 23029 , sum entries = 33495 . . . Used time: 0s Expected left time: 0s          
 Analyzing entries 23011 - 23044, now 23030 , sum entries = 33495 . . . Used time: 0s Expected left time: 0s          
 Analyzing entries 23011 - 23044, now 23031 , sum entries = 33495 . . . Used time: 0s Expected left time: 0s          
 Analyzing entries 23011 - 23044, now 23032 , sum entries = 33495 . . . Used time: 0s Expected left time: 0s          
 Analyzing entries 23011 - 23044, now 23033 , sum entries = 33495 . . . Used time: 0s Expected left time: 0s          
 Analyzing entries 23011 - 23044, now 23034 , sum entries = 33495 . . . Used time: 0s Expected left time: 0s          
 Analyzing entries 23011 - 23044, now 23035 , sum entries = 33495 . . . Used time: 0s Expected left time: 0s          
 Analyzing entries 23011 - 23044, now 23036 , sum entries = 33495 . . . Used time: 0s Expected left time: 0s          
 Analyzing entries 23011 - 23044, now 23037 , sum entries = 33495 . . . Used time: 0s Expected left time: 0s          
 Analyzing entries 23011 - 23044, now 23038 , sum entries = 33495 . . . Used time: 0s Expected left time: 0s          
 Analyzing entries 23011 - 23044, now 23039 , sum entries = 33495 . . . Used time: 0s Expected left time: 0s          
 Analyzing entries 23011 - 23044, now 23040 , sum entries = 33495 . . . Used time: 0s Expected left time: 0s          
 Analyzing entries 23011 - 23044, now 23041 , sum entries = 33495 . . . Used time: 0s Expected left time: 0s          
 Analyzing entries 23011 - 23044, now 23042 , sum entries = 33495 . . . Used time: 0s Expected left time: 0s          
 Analyzing entries 23011 - 23044, now 23043 , sum entries = 33495 . . . Used time: 0s Expected left time: 0s          
 Save to RootFile /extdisk/zlin/Machine_learning/RecoPlanesFeatures/CMS_herwig_HT1000to1500-preVFP_jinitpt450_600_j2pt80_120Reco/Chunk68_Part7.root . . . Used time: 0s Expected left time: 0s          
 Analyzing entries 23044 - 23077, now 23044 , sum entries = 33495 . . . Used time: 0s Expected left time: 0s          
 Analyzing entries 23044 - 23077, now 23045 , sum entries = 33495 . . . Used time: 0s Expected left time: 0s          
 Analyzing entries 23044 - 23077, now 23046 , sum entries = 33495 . . . Used time: 0s Expected left time: 0s          
 Analyzing entries 23044 - 23077, now 23047 , sum entries = 33495 . . . Used time: 0s Expected left time: 0s          
 Analyzing entries 23044 - 23077, now 23048 , sum entries = 33495 . . . Used time: 0s Expected left time: 0s          
 Analyzing entries 23044 - 23077, now 23049 , sum entries = 33495 . . . Used time: 0s Expected left time: 0s          
 Analyzing entries 23044 - 23077, now 23050 , sum entries = 33495 . . . Used time: 0s Expected left time: 0s          
 Analyzing entries 23044 - 23077, now 23051 , sum entries = 33495 . . . Used time: 0s Expected left time: 0s          
 Analyzing entries 23044 - 23077, now 23052 , sum entries = 33495 . . . Used time: 0s Expected left time: 0s          
 Analyzing entries 23044 - 23077, now 23053 , sum entries = 33495 . . . Used time: 0s Expected left time: 0s          
 Analyzing entries 23044 - 23077, now 23054 , sum entries = 33495 . . . Used time: 0s Expected left time: 0s          
 Analyzing entries 23044 - 23077, now 23055 , sum entries = 33495 . . . Used time: 0s Expected left time: 0s          
 Analyzing entries 23044 - 23077, now 23056 , sum entries = 33495 . . . Used time: 0s Expected left time: 0s          
 Analyzing entries 23044 - 23077, now 23057 , sum entries = 33495 . . . Used time: 0s Expected left time: 0s          
 Analyzing entries 23044 - 23077, now 23058 , sum entries = 33495 . . . Used time: 0s Expected left time: 0s          
 Analyzing entries 23044 - 23077, now 23059 , sum entries = 33495 . . . Used time: 0s Expected left time: 0s          
 Analyzing entries 23044 - 23077, now 23060 , sum entries = 33495 . . . Used time: 0s Expected left time: 0s          
 Analyzing entries 23044 - 23077, now 23061 , sum entries = 33495 . . . Used time: 0s Expected left time: 0s          
 Analyzing entries 23044 - 23077, now 23062 , sum entries = 33495 . . . Used time: 0s Expected left time: 0s          
 Analyzing entries 23044 - 23077, now 23063 , sum entries = 33495 . . . Used time: 0s Expected left time: 0s          
 Analyzing entries 23044 - 23077, now 23064 , sum entries = 33495 . . . Used time: 0s Expected left time: 0s          
 Analyzing entries 23044 - 23077, now 23065 , sum entries = 33495 . . . Used time: 0s Expected left time: 0s          
 Analyzing entries 23044 - 23077, now 23066 , sum entries = 33495 . . . Used time: 0s Expected left time: 0s          
 Analyzing entries 23044 - 23077, now 23067 , sum entries = 33495 . . . Used time: 0s Expected left time: 0s          
 Analyzing entries 23044 - 23077, now 23068 , sum entries = 33495 . . . Used time: 0s Expected left time: 0s          
 Analyzing entries 23044 - 23077, now 23069 , sum entries = 33495 . . . Used time: 0s Expected left time: 0s          
 Analyzing entries 23044 - 23077, now 23070 , sum entries = 33495 . . . Used time: 0s Expected left time: 0s          
 Analyzing entries 23044 - 23077, now 23071 , sum entries = 33495 . . . Used time: 0s Expected left time: 0s          
 Analyzing entries 23044 - 23077, now 23072 , sum entries = 33495 . . . Used time: 0s Expected left time: 0s          
 Analyzing entries 23044 - 23077, now 23073 , sum entries = 33495 . . . Used time: 0s Expected left time: 0s          
 Analyzing entries 23044 - 23077, now 23074 , sum entries = 33495 . . . Used time: 0s Expected left time: 0s          
 Analyzing entries 23044 - 23077, now 23075 , sum entries = 33495 . . . Used time: 0s Expected left time: 0s          
 Analyzing entries 23044 - 23077, now 23076 , sum entries = 33495 . . . Used time: 0s Expected left time: 0s          
 Save to RootFile /extdisk/zlin/Machine_learning/RecoPlanesFeatures/CMS_herwig_HT1000to1500-preVFP_jinitpt450_600_j2pt80_120Reco/Chunk68_Part8.root . . . Used time: 0s Expected left time: 0s          
 Save to RootFile /extdisk/zlin/Machine_learning/RecoPlanesFeatures/CMS_herwig_HT1000to1500-preVFP_jinitpt450_600_j2pt80_120Reco/Chunk68_Part8.root . . . Used time: 0s Expected left time: 0s          
 Save to RootFile /extdisk/zlin/Machine_learning/RecoPlanesFeatures/CMS_herwig_HT1000to1500-preVFP_jinitpt450_600_j2pt80_120Reco/Chunk68_Part8.root . . . Used time: 0s Expected left time: 0s          
 Save to RootFile /extdisk/zlin/Machine_learning/RecoPlanesFeatures/CMS_herwig_HT1000to1500-preVFP_jinitpt450_600_j2pt80_120Reco/Chunk68_Part8.root . . . Used time: 0s Expected left time: 0s          
 Analyzing entries 23078 - 23111, now 23078 , sum entries = 33495 . . . Used time: 0s Expected left time: 0s          
 Analyzing entries 23078 - 23111, now 23079 , sum entries = 33495 . . . Used time: 0s Expected left time: 0s          
 Analyzing entries 23078 - 23111, now 23080 , sum entries = 33495 . . . Used time: 0s Expected left time: 0s          
 Analyzing entries 23078 - 23111, now 23081 , sum entries = 33495 . . . Used time: 0s Expected left time: 0s          
 Analyzing entries 23078 - 23111, now 23082 , sum entries = 33495 . . . Used time: 0s Expected left time: 0s          
 Analyzing entries 23078 - 23111, now 23083 , sum entries = 33495 . . . Used time: 0s Expected left time: 0s          
 Analyzing entries 23078 - 23111, now 23084 , sum entries = 33495 . . . Used time: 0s Expected left time: 0s          
 Analyzing entries 23078 - 23111, now 23085 , sum entries = 33495 . . . Used time: 0s Expected left time: 0s          
 Analyzing entries 23078 - 23111, now 23086 , sum entries = 33495 . . . Used time: 0s Expected left time: 0s          
 Analyzing entries 23078 - 23111, now 23087 , sum entries = 33495 . . . Used time: 0s Expected left time: 0s          
 Analyzing entries 23078 - 23111, now 23088 , sum entries = 33495 . . . Used time: 0s Expected left time: 0s          
 Analyzing entries 23078 - 23111, now 23089 , sum entries = 33495 . . . Used time: 0s Expected left time: 0s          
 Analyzing entries 23078 - 23111, now 23090 , sum entries = 33495 . . . Used time: 0s Expected left time: 0s          
 Analyzing entries 23078 - 23111, now 23091 , sum entries = 33495 . . . Used time: 0s Expected left time: 0s          
 Analyzing entries 23078 - 23111, now 23092 , sum entries = 33495 . . . Used time: 0s Expected left time: 0s          
 Analyzing entries 23078 - 23111, now 23093 , sum entries = 33495 . . . Used time: 0s Expected left time: 0s          
 Analyzing entries 23078 - 23111, now 23094 , sum entries = 33495 . . . Used time: 0s Expected left time: 0s          
 Analyzing entries 23078 - 23111, now 23095 , sum entries = 33495 . . . Used time: 0s Expected left time: 0s          
 Analyzing entries 23078 - 23111, now 23096 , sum entries = 33495 . . . Used time: 0s Expected left time: 0s          
 Analyzing entries 23078 - 23111, now 23097 , sum entries = 33495 . . . Used time: 0s Expected left time: 0s          
 Analyzing entries 23078 - 23111, now 23098 , sum entries = 33495 . . . Used time: 0s Expected left time: 0s          
 Analyzing entries 23078 - 23111, now 23099 , sum entries = 33495 . . . Used time: 0s Expected left time: 0s          
 Analyzing entries 23078 - 23111, now 23100 , sum entries = 33495 . . . Used time: 0s Expected left time: 0s          
 Analyzing entries 23078 - 23111, now 23101 , sum entries = 33495 . . . Used time: 0s Expected left time: 0s          
 Analyzing entries 23078 - 23111, now 23102 , sum entries = 33495 . . . Used time: 0s Expected left time: 0s          
 Analyzing entries 23078 - 23111, now 23103 , sum entries = 33495 . . . Used time: 0s Expected left time: 0s          
 Analyzing entries 23078 - 23111, now 23104 , sum entries = 33495 . . . Used time: 0s Expected left time: 0s          
 Analyzing entries 23078 - 23111, now 23105 , sum entries = 33495 . . . Used time: 0s Expected left time: 0s          
 Analyzing entries 23078 - 23111, now 23106 , sum entries = 33495 . . . Used time: 0s Expected left time: 0s          
 Analyzing entries 23078 - 23111, now 23107 , sum entries = 33495 . . . Used time: 0s Expected left time: 0s          
 Analyzing entries 23078 - 23111, now 23108 , sum entries = 33495 . . . Used time: 0s Expected left time: 0s          
 Analyzing entries 23078 - 23111, now 23109 , sum entries = 33495 . . . Used time: 0s Expected left time: 0s          
 Analyzing entries 23078 - 23111, now 23110 , sum entries = 33495 . . . Used time: 0s Expected left time: 0s          
 Save to RootFile /extdisk/zlin/Machine_learning/RecoPlanesFeatures/CMS_herwig_HT1000to1500-preVFP_jinitpt450_600_j2pt80_120Reco/Chunk68_Part9.root . . . Used time: 0s Expected left time: 0s          
 Save to RootFile /extdisk/zlin/Machine_learning/RecoPlanesFeatures/CMS_herwig_HT1000to1500-preVFP_jinitpt450_600_j2pt80_120Reco/Chunk68_Part9.root . . . Used time: 0s Expected left time: 0s          
 Save to RootFile /extdisk/zlin/Machine_learning/RecoPlanesFeatures/CMS_herwig_HT1000to1500-preVFP_jinitpt450_600_j2pt80_120Reco/Chunk68_Part9.root . . . Used time: 0s Expected left time: 0s          
 Save to RootFile /extdisk/zlin/Machine_learning/RecoPlanesFeatures/CMS_herwig_HT1000to1500-preVFP_jinitpt450_600_j2pt80_120Reco/Chunk68_Part9.root . . . Used time: 0s Expected left time: 0s          
